[2025-08-31T18:29:56.302+0000] {processor.py:186} INFO - Started process (PID=5064) to work on /home/krishnaformeera/Sumitomo/datapipeline/venv/lib/python3.11/site-packages/airflow/example_dags/plugins/event_listener.py
[2025-08-31T18:29:56.303+0000] {processor.py:914} INFO - Processing file /home/krishnaformeera/Sumitomo/datapipeline/venv/lib/python3.11/site-packages/airflow/example_dags/plugins/event_listener.py for tasks to queue
[2025-08-31T18:29:56.304+0000] {logging_mixin.py:190} INFO - [2025-08-31T18:29:56.304+0000] {dagbag.py:588} INFO - Filling up the DagBag from /home/krishnaformeera/Sumitomo/datapipeline/venv/lib/python3.11/site-packages/airflow/example_dags/plugins/event_listener.py
[2025-08-31T18:29:56.307+0000] {processor.py:927} WARNING - No viable dags retrieved from /home/krishnaformeera/Sumitomo/datapipeline/venv/lib/python3.11/site-packages/airflow/example_dags/plugins/event_listener.py
[2025-08-31T18:29:56.320+0000] {processor.py:208} INFO - Processing /home/krishnaformeera/Sumitomo/datapipeline/venv/lib/python3.11/site-packages/airflow/example_dags/plugins/event_listener.py took 0.024 seconds
[2025-08-31T18:30:39.422+0000] {processor.py:186} INFO - Started process (PID=5192) to work on /home/krishnaformeera/Sumitomo/datapipeline/venv/lib/python3.11/site-packages/airflow/example_dags/plugins/event_listener.py
[2025-08-31T18:30:39.422+0000] {processor.py:914} INFO - Processing file /home/krishnaformeera/Sumitomo/datapipeline/venv/lib/python3.11/site-packages/airflow/example_dags/plugins/event_listener.py for tasks to queue
[2025-08-31T18:30:39.425+0000] {logging_mixin.py:190} INFO - [2025-08-31T18:30:39.425+0000] {dagbag.py:588} INFO - Filling up the DagBag from /home/krishnaformeera/Sumitomo/datapipeline/venv/lib/python3.11/site-packages/airflow/example_dags/plugins/event_listener.py
[2025-08-31T18:30:39.428+0000] {processor.py:927} WARNING - No viable dags retrieved from /home/krishnaformeera/Sumitomo/datapipeline/venv/lib/python3.11/site-packages/airflow/example_dags/plugins/event_listener.py
[2025-08-31T18:30:39.441+0000] {processor.py:208} INFO - Processing /home/krishnaformeera/Sumitomo/datapipeline/venv/lib/python3.11/site-packages/airflow/example_dags/plugins/event_listener.py took 0.026 seconds
[2025-08-31T18:31:41.204+0000] {processor.py:186} INFO - Started process (PID=5276) to work on /home/krishnaformeera/Sumitomo/datapipeline/venv/lib/python3.11/site-packages/airflow/example_dags/plugins/event_listener.py
[2025-08-31T18:31:41.207+0000] {processor.py:914} INFO - Processing file /home/krishnaformeera/Sumitomo/datapipeline/venv/lib/python3.11/site-packages/airflow/example_dags/plugins/event_listener.py for tasks to queue
[2025-08-31T18:31:41.210+0000] {logging_mixin.py:190} INFO - [2025-08-31T18:31:41.209+0000] {dagbag.py:588} INFO - Filling up the DagBag from /home/krishnaformeera/Sumitomo/datapipeline/venv/lib/python3.11/site-packages/airflow/example_dags/plugins/event_listener.py
[2025-08-31T18:31:41.213+0000] {processor.py:927} WARNING - No viable dags retrieved from /home/krishnaformeera/Sumitomo/datapipeline/venv/lib/python3.11/site-packages/airflow/example_dags/plugins/event_listener.py
[2025-08-31T18:31:41.226+0000] {processor.py:208} INFO - Processing /home/krishnaformeera/Sumitomo/datapipeline/venv/lib/python3.11/site-packages/airflow/example_dags/plugins/event_listener.py took 0.029 seconds
[2025-08-31T18:32:14.380+0000] {processor.py:186} INFO - Started process (PID=5310) to work on /home/krishnaformeera/Sumitomo/datapipeline/venv/lib/python3.11/site-packages/airflow/example_dags/plugins/event_listener.py
[2025-08-31T18:32:14.382+0000] {processor.py:914} INFO - Processing file /home/krishnaformeera/Sumitomo/datapipeline/venv/lib/python3.11/site-packages/airflow/example_dags/plugins/event_listener.py for tasks to queue
[2025-08-31T18:32:14.384+0000] {logging_mixin.py:190} INFO - [2025-08-31T18:32:14.384+0000] {dagbag.py:588} INFO - Filling up the DagBag from /home/krishnaformeera/Sumitomo/datapipeline/venv/lib/python3.11/site-packages/airflow/example_dags/plugins/event_listener.py
[2025-08-31T18:32:14.387+0000] {processor.py:927} WARNING - No viable dags retrieved from /home/krishnaformeera/Sumitomo/datapipeline/venv/lib/python3.11/site-packages/airflow/example_dags/plugins/event_listener.py
[2025-08-31T18:32:14.401+0000] {processor.py:208} INFO - Processing /home/krishnaformeera/Sumitomo/datapipeline/venv/lib/python3.11/site-packages/airflow/example_dags/plugins/event_listener.py took 0.027 seconds
[2025-08-31T18:33:05.033+0000] {processor.py:186} INFO - Started process (PID=5362) to work on /home/krishnaformeera/Sumitomo/datapipeline/venv/lib/python3.11/site-packages/airflow/example_dags/plugins/event_listener.py
[2025-08-31T18:33:05.034+0000] {processor.py:914} INFO - Processing file /home/krishnaformeera/Sumitomo/datapipeline/venv/lib/python3.11/site-packages/airflow/example_dags/plugins/event_listener.py for tasks to queue
[2025-08-31T18:33:05.037+0000] {logging_mixin.py:190} INFO - [2025-08-31T18:33:05.036+0000] {dagbag.py:588} INFO - Filling up the DagBag from /home/krishnaformeera/Sumitomo/datapipeline/venv/lib/python3.11/site-packages/airflow/example_dags/plugins/event_listener.py
[2025-08-31T18:33:05.039+0000] {processor.py:927} WARNING - No viable dags retrieved from /home/krishnaformeera/Sumitomo/datapipeline/venv/lib/python3.11/site-packages/airflow/example_dags/plugins/event_listener.py
[2025-08-31T18:33:05.053+0000] {processor.py:208} INFO - Processing /home/krishnaformeera/Sumitomo/datapipeline/venv/lib/python3.11/site-packages/airflow/example_dags/plugins/event_listener.py took 0.027 seconds
[2025-08-31T18:33:56.303+0000] {processor.py:186} INFO - Started process (PID=5412) to work on /home/krishnaformeera/Sumitomo/datapipeline/venv/lib/python3.11/site-packages/airflow/example_dags/plugins/event_listener.py
[2025-08-31T18:33:56.304+0000] {processor.py:914} INFO - Processing file /home/krishnaformeera/Sumitomo/datapipeline/venv/lib/python3.11/site-packages/airflow/example_dags/plugins/event_listener.py for tasks to queue
[2025-08-31T18:33:56.306+0000] {logging_mixin.py:190} INFO - [2025-08-31T18:33:56.306+0000] {dagbag.py:588} INFO - Filling up the DagBag from /home/krishnaformeera/Sumitomo/datapipeline/venv/lib/python3.11/site-packages/airflow/example_dags/plugins/event_listener.py
[2025-08-31T18:33:56.308+0000] {processor.py:927} WARNING - No viable dags retrieved from /home/krishnaformeera/Sumitomo/datapipeline/venv/lib/python3.11/site-packages/airflow/example_dags/plugins/event_listener.py
[2025-08-31T18:33:56.320+0000] {processor.py:208} INFO - Processing /home/krishnaformeera/Sumitomo/datapipeline/venv/lib/python3.11/site-packages/airflow/example_dags/plugins/event_listener.py took 0.022 seconds
[2025-08-31T18:34:51.230+0000] {processor.py:186} INFO - Started process (PID=5468) to work on /home/krishnaformeera/Sumitomo/datapipeline/venv/lib/python3.11/site-packages/airflow/example_dags/plugins/event_listener.py
[2025-08-31T18:34:51.231+0000] {processor.py:914} INFO - Processing file /home/krishnaformeera/Sumitomo/datapipeline/venv/lib/python3.11/site-packages/airflow/example_dags/plugins/event_listener.py for tasks to queue
[2025-08-31T18:34:51.234+0000] {logging_mixin.py:190} INFO - [2025-08-31T18:34:51.233+0000] {dagbag.py:588} INFO - Filling up the DagBag from /home/krishnaformeera/Sumitomo/datapipeline/venv/lib/python3.11/site-packages/airflow/example_dags/plugins/event_listener.py
[2025-08-31T18:34:51.236+0000] {processor.py:927} WARNING - No viable dags retrieved from /home/krishnaformeera/Sumitomo/datapipeline/venv/lib/python3.11/site-packages/airflow/example_dags/plugins/event_listener.py
[2025-08-31T18:34:51.250+0000] {processor.py:208} INFO - Processing /home/krishnaformeera/Sumitomo/datapipeline/venv/lib/python3.11/site-packages/airflow/example_dags/plugins/event_listener.py took 0.028 seconds
[2025-08-31T18:35:40.873+0000] {processor.py:186} INFO - Started process (PID=5532) to work on /home/krishnaformeera/Sumitomo/datapipeline/venv/lib/python3.11/site-packages/airflow/example_dags/plugins/event_listener.py
[2025-08-31T18:35:40.881+0000] {processor.py:914} INFO - Processing file /home/krishnaformeera/Sumitomo/datapipeline/venv/lib/python3.11/site-packages/airflow/example_dags/plugins/event_listener.py for tasks to queue
[2025-08-31T18:35:40.885+0000] {logging_mixin.py:190} INFO - [2025-08-31T18:35:40.884+0000] {dagbag.py:588} INFO - Filling up the DagBag from /home/krishnaformeera/Sumitomo/datapipeline/venv/lib/python3.11/site-packages/airflow/example_dags/plugins/event_listener.py
[2025-08-31T18:35:40.887+0000] {processor.py:927} WARNING - No viable dags retrieved from /home/krishnaformeera/Sumitomo/datapipeline/venv/lib/python3.11/site-packages/airflow/example_dags/plugins/event_listener.py
[2025-08-31T18:35:40.898+0000] {processor.py:208} INFO - Processing /home/krishnaformeera/Sumitomo/datapipeline/venv/lib/python3.11/site-packages/airflow/example_dags/plugins/event_listener.py took 0.031 seconds
[2025-08-31T18:36:32.054+0000] {processor.py:186} INFO - Started process (PID=5597) to work on /home/krishnaformeera/Sumitomo/datapipeline/venv/lib/python3.11/site-packages/airflow/example_dags/plugins/event_listener.py
[2025-08-31T18:36:32.055+0000] {processor.py:914} INFO - Processing file /home/krishnaformeera/Sumitomo/datapipeline/venv/lib/python3.11/site-packages/airflow/example_dags/plugins/event_listener.py for tasks to queue
[2025-08-31T18:36:32.057+0000] {logging_mixin.py:190} INFO - [2025-08-31T18:36:32.057+0000] {dagbag.py:588} INFO - Filling up the DagBag from /home/krishnaformeera/Sumitomo/datapipeline/venv/lib/python3.11/site-packages/airflow/example_dags/plugins/event_listener.py
[2025-08-31T18:36:32.060+0000] {processor.py:927} WARNING - No viable dags retrieved from /home/krishnaformeera/Sumitomo/datapipeline/venv/lib/python3.11/site-packages/airflow/example_dags/plugins/event_listener.py
[2025-08-31T18:36:32.074+0000] {processor.py:208} INFO - Processing /home/krishnaformeera/Sumitomo/datapipeline/venv/lib/python3.11/site-packages/airflow/example_dags/plugins/event_listener.py took 0.027 seconds
[2025-08-31T18:37:22.636+0000] {processor.py:186} INFO - Started process (PID=5649) to work on /home/krishnaformeera/Sumitomo/datapipeline/venv/lib/python3.11/site-packages/airflow/example_dags/plugins/event_listener.py
[2025-08-31T18:37:22.638+0000] {processor.py:914} INFO - Processing file /home/krishnaformeera/Sumitomo/datapipeline/venv/lib/python3.11/site-packages/airflow/example_dags/plugins/event_listener.py for tasks to queue
[2025-08-31T18:37:22.640+0000] {logging_mixin.py:190} INFO - [2025-08-31T18:37:22.639+0000] {dagbag.py:588} INFO - Filling up the DagBag from /home/krishnaformeera/Sumitomo/datapipeline/venv/lib/python3.11/site-packages/airflow/example_dags/plugins/event_listener.py
[2025-08-31T18:37:22.642+0000] {processor.py:927} WARNING - No viable dags retrieved from /home/krishnaformeera/Sumitomo/datapipeline/venv/lib/python3.11/site-packages/airflow/example_dags/plugins/event_listener.py
[2025-08-31T18:37:22.656+0000] {processor.py:208} INFO - Processing /home/krishnaformeera/Sumitomo/datapipeline/venv/lib/python3.11/site-packages/airflow/example_dags/plugins/event_listener.py took 0.027 seconds
[2025-08-31T18:39:53.370+0000] {processor.py:186} INFO - Started process (PID=5976) to work on /home/krishnaformeera/Sumitomo/datapipeline/venv/lib/python3.11/site-packages/airflow/example_dags/plugins/event_listener.py
[2025-08-31T18:39:53.372+0000] {processor.py:914} INFO - Processing file /home/krishnaformeera/Sumitomo/datapipeline/venv/lib/python3.11/site-packages/airflow/example_dags/plugins/event_listener.py for tasks to queue
[2025-08-31T18:39:53.375+0000] {logging_mixin.py:190} INFO - [2025-08-31T18:39:53.374+0000] {dagbag.py:588} INFO - Filling up the DagBag from /home/krishnaformeera/Sumitomo/datapipeline/venv/lib/python3.11/site-packages/airflow/example_dags/plugins/event_listener.py
[2025-08-31T18:39:53.378+0000] {processor.py:927} WARNING - No viable dags retrieved from /home/krishnaformeera/Sumitomo/datapipeline/venv/lib/python3.11/site-packages/airflow/example_dags/plugins/event_listener.py
[2025-08-31T18:39:53.393+0000] {processor.py:208} INFO - Processing /home/krishnaformeera/Sumitomo/datapipeline/venv/lib/python3.11/site-packages/airflow/example_dags/plugins/event_listener.py took 0.030 seconds
[2025-08-31T18:40:47.752+0000] {processor.py:186} INFO - Started process (PID=6290) to work on /home/krishnaformeera/Sumitomo/datapipeline/venv/lib/python3.11/site-packages/airflow/example_dags/plugins/event_listener.py
[2025-08-31T18:40:47.755+0000] {processor.py:914} INFO - Processing file /home/krishnaformeera/Sumitomo/datapipeline/venv/lib/python3.11/site-packages/airflow/example_dags/plugins/event_listener.py for tasks to queue
[2025-08-31T18:40:47.758+0000] {logging_mixin.py:190} INFO - [2025-08-31T18:40:47.757+0000] {dagbag.py:588} INFO - Filling up the DagBag from /home/krishnaformeera/Sumitomo/datapipeline/venv/lib/python3.11/site-packages/airflow/example_dags/plugins/event_listener.py
[2025-08-31T18:40:47.760+0000] {processor.py:927} WARNING - No viable dags retrieved from /home/krishnaformeera/Sumitomo/datapipeline/venv/lib/python3.11/site-packages/airflow/example_dags/plugins/event_listener.py
[2025-08-31T18:40:47.773+0000] {processor.py:208} INFO - Processing /home/krishnaformeera/Sumitomo/datapipeline/venv/lib/python3.11/site-packages/airflow/example_dags/plugins/event_listener.py took 0.028 seconds
[2025-08-31T18:41:38.258+0000] {processor.py:186} INFO - Started process (PID=6439) to work on /home/krishnaformeera/Sumitomo/datapipeline/venv/lib/python3.11/site-packages/airflow/example_dags/plugins/event_listener.py
[2025-08-31T18:41:38.259+0000] {processor.py:914} INFO - Processing file /home/krishnaformeera/Sumitomo/datapipeline/venv/lib/python3.11/site-packages/airflow/example_dags/plugins/event_listener.py for tasks to queue
[2025-08-31T18:41:38.261+0000] {logging_mixin.py:190} INFO - [2025-08-31T18:41:38.261+0000] {dagbag.py:588} INFO - Filling up the DagBag from /home/krishnaformeera/Sumitomo/datapipeline/venv/lib/python3.11/site-packages/airflow/example_dags/plugins/event_listener.py
[2025-08-31T18:41:38.264+0000] {processor.py:927} WARNING - No viable dags retrieved from /home/krishnaformeera/Sumitomo/datapipeline/venv/lib/python3.11/site-packages/airflow/example_dags/plugins/event_listener.py
[2025-08-31T18:41:38.277+0000] {processor.py:208} INFO - Processing /home/krishnaformeera/Sumitomo/datapipeline/venv/lib/python3.11/site-packages/airflow/example_dags/plugins/event_listener.py took 0.026 seconds
[2025-08-31T18:42:33.573+0000] {processor.py:186} INFO - Started process (PID=6627) to work on /home/krishnaformeera/Sumitomo/datapipeline/venv/lib/python3.11/site-packages/airflow/example_dags/plugins/event_listener.py
[2025-08-31T18:42:33.574+0000] {processor.py:914} INFO - Processing file /home/krishnaformeera/Sumitomo/datapipeline/venv/lib/python3.11/site-packages/airflow/example_dags/plugins/event_listener.py for tasks to queue
[2025-08-31T18:42:33.577+0000] {logging_mixin.py:190} INFO - [2025-08-31T18:42:33.577+0000] {dagbag.py:588} INFO - Filling up the DagBag from /home/krishnaformeera/Sumitomo/datapipeline/venv/lib/python3.11/site-packages/airflow/example_dags/plugins/event_listener.py
[2025-08-31T18:42:33.580+0000] {processor.py:927} WARNING - No viable dags retrieved from /home/krishnaformeera/Sumitomo/datapipeline/venv/lib/python3.11/site-packages/airflow/example_dags/plugins/event_listener.py
[2025-08-31T18:42:33.594+0000] {processor.py:208} INFO - Processing /home/krishnaformeera/Sumitomo/datapipeline/venv/lib/python3.11/site-packages/airflow/example_dags/plugins/event_listener.py took 0.028 seconds
[2025-08-31T18:43:32.144+0000] {processor.py:186} INFO - Started process (PID=6867) to work on /home/krishnaformeera/Sumitomo/datapipeline/venv/lib/python3.11/site-packages/airflow/example_dags/plugins/event_listener.py
[2025-08-31T18:43:32.145+0000] {processor.py:914} INFO - Processing file /home/krishnaformeera/Sumitomo/datapipeline/venv/lib/python3.11/site-packages/airflow/example_dags/plugins/event_listener.py for tasks to queue
[2025-08-31T18:43:32.147+0000] {logging_mixin.py:190} INFO - [2025-08-31T18:43:32.147+0000] {dagbag.py:588} INFO - Filling up the DagBag from /home/krishnaformeera/Sumitomo/datapipeline/venv/lib/python3.11/site-packages/airflow/example_dags/plugins/event_listener.py
[2025-08-31T18:43:32.150+0000] {processor.py:927} WARNING - No viable dags retrieved from /home/krishnaformeera/Sumitomo/datapipeline/venv/lib/python3.11/site-packages/airflow/example_dags/plugins/event_listener.py
[2025-08-31T18:43:32.164+0000] {processor.py:208} INFO - Processing /home/krishnaformeera/Sumitomo/datapipeline/venv/lib/python3.11/site-packages/airflow/example_dags/plugins/event_listener.py took 0.028 seconds
[2025-08-31T18:44:24.135+0000] {processor.py:186} INFO - Started process (PID=7085) to work on /home/krishnaformeera/Sumitomo/datapipeline/venv/lib/python3.11/site-packages/airflow/example_dags/plugins/event_listener.py
[2025-08-31T18:44:24.138+0000] {processor.py:914} INFO - Processing file /home/krishnaformeera/Sumitomo/datapipeline/venv/lib/python3.11/site-packages/airflow/example_dags/plugins/event_listener.py for tasks to queue
[2025-08-31T18:44:24.141+0000] {logging_mixin.py:190} INFO - [2025-08-31T18:44:24.141+0000] {dagbag.py:588} INFO - Filling up the DagBag from /home/krishnaformeera/Sumitomo/datapipeline/venv/lib/python3.11/site-packages/airflow/example_dags/plugins/event_listener.py
[2025-08-31T18:44:24.145+0000] {processor.py:927} WARNING - No viable dags retrieved from /home/krishnaformeera/Sumitomo/datapipeline/venv/lib/python3.11/site-packages/airflow/example_dags/plugins/event_listener.py
[2025-08-31T18:44:24.158+0000] {processor.py:208} INFO - Processing /home/krishnaformeera/Sumitomo/datapipeline/venv/lib/python3.11/site-packages/airflow/example_dags/plugins/event_listener.py took 0.030 seconds
[2025-08-31T18:45:13.425+0000] {processor.py:186} INFO - Started process (PID=7323) to work on /home/krishnaformeera/Sumitomo/datapipeline/venv/lib/python3.11/site-packages/airflow/example_dags/plugins/event_listener.py
[2025-08-31T18:45:13.427+0000] {processor.py:914} INFO - Processing file /home/krishnaformeera/Sumitomo/datapipeline/venv/lib/python3.11/site-packages/airflow/example_dags/plugins/event_listener.py for tasks to queue
[2025-08-31T18:45:13.429+0000] {logging_mixin.py:190} INFO - [2025-08-31T18:45:13.429+0000] {dagbag.py:588} INFO - Filling up the DagBag from /home/krishnaformeera/Sumitomo/datapipeline/venv/lib/python3.11/site-packages/airflow/example_dags/plugins/event_listener.py
[2025-08-31T18:45:13.432+0000] {processor.py:927} WARNING - No viable dags retrieved from /home/krishnaformeera/Sumitomo/datapipeline/venv/lib/python3.11/site-packages/airflow/example_dags/plugins/event_listener.py
[2025-08-31T18:45:13.444+0000] {processor.py:208} INFO - Processing /home/krishnaformeera/Sumitomo/datapipeline/venv/lib/python3.11/site-packages/airflow/example_dags/plugins/event_listener.py took 0.026 seconds
[2025-08-31T18:46:06.069+0000] {processor.py:186} INFO - Started process (PID=7610) to work on /home/krishnaformeera/Sumitomo/datapipeline/venv/lib/python3.11/site-packages/airflow/example_dags/plugins/event_listener.py
[2025-08-31T18:46:06.072+0000] {processor.py:914} INFO - Processing file /home/krishnaformeera/Sumitomo/datapipeline/venv/lib/python3.11/site-packages/airflow/example_dags/plugins/event_listener.py for tasks to queue
[2025-08-31T18:46:06.074+0000] {logging_mixin.py:190} INFO - [2025-08-31T18:46:06.074+0000] {dagbag.py:588} INFO - Filling up the DagBag from /home/krishnaformeera/Sumitomo/datapipeline/venv/lib/python3.11/site-packages/airflow/example_dags/plugins/event_listener.py
[2025-08-31T18:46:06.076+0000] {processor.py:927} WARNING - No viable dags retrieved from /home/krishnaformeera/Sumitomo/datapipeline/venv/lib/python3.11/site-packages/airflow/example_dags/plugins/event_listener.py
[2025-08-31T18:46:06.087+0000] {processor.py:208} INFO - Processing /home/krishnaformeera/Sumitomo/datapipeline/venv/lib/python3.11/site-packages/airflow/example_dags/plugins/event_listener.py took 0.025 seconds
[2025-08-31T18:46:59.218+0000] {processor.py:186} INFO - Started process (PID=7765) to work on /home/krishnaformeera/Sumitomo/datapipeline/venv/lib/python3.11/site-packages/airflow/example_dags/plugins/event_listener.py
[2025-08-31T18:46:59.221+0000] {processor.py:914} INFO - Processing file /home/krishnaformeera/Sumitomo/datapipeline/venv/lib/python3.11/site-packages/airflow/example_dags/plugins/event_listener.py for tasks to queue
[2025-08-31T18:46:59.223+0000] {logging_mixin.py:190} INFO - [2025-08-31T18:46:59.223+0000] {dagbag.py:588} INFO - Filling up the DagBag from /home/krishnaformeera/Sumitomo/datapipeline/venv/lib/python3.11/site-packages/airflow/example_dags/plugins/event_listener.py
[2025-08-31T18:46:59.226+0000] {processor.py:927} WARNING - No viable dags retrieved from /home/krishnaformeera/Sumitomo/datapipeline/venv/lib/python3.11/site-packages/airflow/example_dags/plugins/event_listener.py
[2025-08-31T18:46:59.236+0000] {processor.py:208} INFO - Processing /home/krishnaformeera/Sumitomo/datapipeline/venv/lib/python3.11/site-packages/airflow/example_dags/plugins/event_listener.py took 0.023 seconds
[2025-08-31T18:47:50.000+0000] {processor.py:186} INFO - Started process (PID=7821) to work on /home/krishnaformeera/Sumitomo/datapipeline/venv/lib/python3.11/site-packages/airflow/example_dags/plugins/event_listener.py
[2025-08-31T18:47:50.001+0000] {processor.py:914} INFO - Processing file /home/krishnaformeera/Sumitomo/datapipeline/venv/lib/python3.11/site-packages/airflow/example_dags/plugins/event_listener.py for tasks to queue
[2025-08-31T18:47:50.003+0000] {logging_mixin.py:190} INFO - [2025-08-31T18:47:50.003+0000] {dagbag.py:588} INFO - Filling up the DagBag from /home/krishnaformeera/Sumitomo/datapipeline/venv/lib/python3.11/site-packages/airflow/example_dags/plugins/event_listener.py
[2025-08-31T18:47:50.005+0000] {processor.py:927} WARNING - No viable dags retrieved from /home/krishnaformeera/Sumitomo/datapipeline/venv/lib/python3.11/site-packages/airflow/example_dags/plugins/event_listener.py
[2025-08-31T18:47:50.017+0000] {processor.py:208} INFO - Processing /home/krishnaformeera/Sumitomo/datapipeline/venv/lib/python3.11/site-packages/airflow/example_dags/plugins/event_listener.py took 0.026 seconds
[2025-08-31T18:48:39.545+0000] {processor.py:186} INFO - Started process (PID=7876) to work on /home/krishnaformeera/Sumitomo/datapipeline/venv/lib/python3.11/site-packages/airflow/example_dags/plugins/event_listener.py
[2025-08-31T18:48:39.547+0000] {processor.py:914} INFO - Processing file /home/krishnaformeera/Sumitomo/datapipeline/venv/lib/python3.11/site-packages/airflow/example_dags/plugins/event_listener.py for tasks to queue
[2025-08-31T18:48:39.551+0000] {logging_mixin.py:190} INFO - [2025-08-31T18:48:39.551+0000] {dagbag.py:588} INFO - Filling up the DagBag from /home/krishnaformeera/Sumitomo/datapipeline/venv/lib/python3.11/site-packages/airflow/example_dags/plugins/event_listener.py
[2025-08-31T18:48:39.556+0000] {processor.py:927} WARNING - No viable dags retrieved from /home/krishnaformeera/Sumitomo/datapipeline/venv/lib/python3.11/site-packages/airflow/example_dags/plugins/event_listener.py
[2025-08-31T18:48:39.576+0000] {processor.py:208} INFO - Processing /home/krishnaformeera/Sumitomo/datapipeline/venv/lib/python3.11/site-packages/airflow/example_dags/plugins/event_listener.py took 0.039 seconds
[2025-08-31T18:49:30.325+0000] {processor.py:186} INFO - Started process (PID=7935) to work on /home/krishnaformeera/Sumitomo/datapipeline/venv/lib/python3.11/site-packages/airflow/example_dags/plugins/event_listener.py
[2025-08-31T18:49:30.326+0000] {processor.py:914} INFO - Processing file /home/krishnaformeera/Sumitomo/datapipeline/venv/lib/python3.11/site-packages/airflow/example_dags/plugins/event_listener.py for tasks to queue
[2025-08-31T18:49:30.329+0000] {logging_mixin.py:190} INFO - [2025-08-31T18:49:30.329+0000] {dagbag.py:588} INFO - Filling up the DagBag from /home/krishnaformeera/Sumitomo/datapipeline/venv/lib/python3.11/site-packages/airflow/example_dags/plugins/event_listener.py
[2025-08-31T18:49:30.333+0000] {processor.py:927} WARNING - No viable dags retrieved from /home/krishnaformeera/Sumitomo/datapipeline/venv/lib/python3.11/site-packages/airflow/example_dags/plugins/event_listener.py
[2025-08-31T18:49:30.347+0000] {processor.py:208} INFO - Processing /home/krishnaformeera/Sumitomo/datapipeline/venv/lib/python3.11/site-packages/airflow/example_dags/plugins/event_listener.py took 0.030 seconds
[2025-08-31T18:50:23.963+0000] {processor.py:186} INFO - Started process (PID=8051) to work on /home/krishnaformeera/Sumitomo/datapipeline/venv/lib/python3.11/site-packages/airflow/example_dags/plugins/event_listener.py
[2025-08-31T18:50:23.965+0000] {processor.py:914} INFO - Processing file /home/krishnaformeera/Sumitomo/datapipeline/venv/lib/python3.11/site-packages/airflow/example_dags/plugins/event_listener.py for tasks to queue
[2025-08-31T18:50:23.967+0000] {logging_mixin.py:190} INFO - [2025-08-31T18:50:23.967+0000] {dagbag.py:588} INFO - Filling up the DagBag from /home/krishnaformeera/Sumitomo/datapipeline/venv/lib/python3.11/site-packages/airflow/example_dags/plugins/event_listener.py
[2025-08-31T18:50:23.970+0000] {processor.py:927} WARNING - No viable dags retrieved from /home/krishnaformeera/Sumitomo/datapipeline/venv/lib/python3.11/site-packages/airflow/example_dags/plugins/event_listener.py
[2025-08-31T18:50:23.982+0000] {processor.py:208} INFO - Processing /home/krishnaformeera/Sumitomo/datapipeline/venv/lib/python3.11/site-packages/airflow/example_dags/plugins/event_listener.py took 0.025 seconds
[2025-08-31T18:51:15.659+0000] {processor.py:186} INFO - Started process (PID=8130) to work on /home/krishnaformeera/Sumitomo/datapipeline/venv/lib/python3.11/site-packages/airflow/example_dags/plugins/event_listener.py
[2025-08-31T18:51:15.660+0000] {processor.py:914} INFO - Processing file /home/krishnaformeera/Sumitomo/datapipeline/venv/lib/python3.11/site-packages/airflow/example_dags/plugins/event_listener.py for tasks to queue
[2025-08-31T18:51:15.662+0000] {logging_mixin.py:190} INFO - [2025-08-31T18:51:15.661+0000] {dagbag.py:588} INFO - Filling up the DagBag from /home/krishnaformeera/Sumitomo/datapipeline/venv/lib/python3.11/site-packages/airflow/example_dags/plugins/event_listener.py
[2025-08-31T18:51:15.664+0000] {processor.py:927} WARNING - No viable dags retrieved from /home/krishnaformeera/Sumitomo/datapipeline/venv/lib/python3.11/site-packages/airflow/example_dags/plugins/event_listener.py
[2025-08-31T18:51:15.674+0000] {processor.py:208} INFO - Processing /home/krishnaformeera/Sumitomo/datapipeline/venv/lib/python3.11/site-packages/airflow/example_dags/plugins/event_listener.py took 0.021 seconds
[2025-08-31T18:52:05.133+0000] {processor.py:186} INFO - Started process (PID=8200) to work on /home/krishnaformeera/Sumitomo/datapipeline/venv/lib/python3.11/site-packages/airflow/example_dags/plugins/event_listener.py
[2025-08-31T18:52:05.135+0000] {processor.py:914} INFO - Processing file /home/krishnaformeera/Sumitomo/datapipeline/venv/lib/python3.11/site-packages/airflow/example_dags/plugins/event_listener.py for tasks to queue
[2025-08-31T18:52:05.137+0000] {logging_mixin.py:190} INFO - [2025-08-31T18:52:05.137+0000] {dagbag.py:588} INFO - Filling up the DagBag from /home/krishnaformeera/Sumitomo/datapipeline/venv/lib/python3.11/site-packages/airflow/example_dags/plugins/event_listener.py
[2025-08-31T18:52:05.140+0000] {processor.py:927} WARNING - No viable dags retrieved from /home/krishnaformeera/Sumitomo/datapipeline/venv/lib/python3.11/site-packages/airflow/example_dags/plugins/event_listener.py
[2025-08-31T18:52:05.153+0000] {processor.py:208} INFO - Processing /home/krishnaformeera/Sumitomo/datapipeline/venv/lib/python3.11/site-packages/airflow/example_dags/plugins/event_listener.py took 0.027 seconds
[2025-08-31T18:52:53.063+0000] {processor.py:186} INFO - Started process (PID=8264) to work on /home/krishnaformeera/Sumitomo/datapipeline/venv/lib/python3.11/site-packages/airflow/example_dags/plugins/event_listener.py
[2025-08-31T18:52:53.064+0000] {processor.py:914} INFO - Processing file /home/krishnaformeera/Sumitomo/datapipeline/venv/lib/python3.11/site-packages/airflow/example_dags/plugins/event_listener.py for tasks to queue
[2025-08-31T18:52:53.067+0000] {logging_mixin.py:190} INFO - [2025-08-31T18:52:53.066+0000] {dagbag.py:588} INFO - Filling up the DagBag from /home/krishnaformeera/Sumitomo/datapipeline/venv/lib/python3.11/site-packages/airflow/example_dags/plugins/event_listener.py
[2025-08-31T18:52:53.070+0000] {processor.py:927} WARNING - No viable dags retrieved from /home/krishnaformeera/Sumitomo/datapipeline/venv/lib/python3.11/site-packages/airflow/example_dags/plugins/event_listener.py
[2025-08-31T18:52:53.082+0000] {processor.py:208} INFO - Processing /home/krishnaformeera/Sumitomo/datapipeline/venv/lib/python3.11/site-packages/airflow/example_dags/plugins/event_listener.py took 0.028 seconds
[2025-08-31T18:53:44.160+0000] {processor.py:186} INFO - Started process (PID=8458) to work on /home/krishnaformeera/Sumitomo/datapipeline/venv/lib/python3.11/site-packages/airflow/example_dags/plugins/event_listener.py
[2025-08-31T18:53:44.161+0000] {processor.py:914} INFO - Processing file /home/krishnaformeera/Sumitomo/datapipeline/venv/lib/python3.11/site-packages/airflow/example_dags/plugins/event_listener.py for tasks to queue
[2025-08-31T18:53:44.163+0000] {logging_mixin.py:190} INFO - [2025-08-31T18:53:44.163+0000] {dagbag.py:588} INFO - Filling up the DagBag from /home/krishnaformeera/Sumitomo/datapipeline/venv/lib/python3.11/site-packages/airflow/example_dags/plugins/event_listener.py
[2025-08-31T18:53:44.166+0000] {processor.py:927} WARNING - No viable dags retrieved from /home/krishnaformeera/Sumitomo/datapipeline/venv/lib/python3.11/site-packages/airflow/example_dags/plugins/event_listener.py
[2025-08-31T18:53:44.181+0000] {processor.py:208} INFO - Processing /home/krishnaformeera/Sumitomo/datapipeline/venv/lib/python3.11/site-packages/airflow/example_dags/plugins/event_listener.py took 0.028 seconds
[2025-08-31T18:54:31.405+0000] {processor.py:186} INFO - Started process (PID=8508) to work on /home/krishnaformeera/Sumitomo/datapipeline/venv/lib/python3.11/site-packages/airflow/example_dags/plugins/event_listener.py
[2025-08-31T18:54:31.406+0000] {processor.py:914} INFO - Processing file /home/krishnaformeera/Sumitomo/datapipeline/venv/lib/python3.11/site-packages/airflow/example_dags/plugins/event_listener.py for tasks to queue
[2025-08-31T18:54:31.408+0000] {logging_mixin.py:190} INFO - [2025-08-31T18:54:31.408+0000] {dagbag.py:588} INFO - Filling up the DagBag from /home/krishnaformeera/Sumitomo/datapipeline/venv/lib/python3.11/site-packages/airflow/example_dags/plugins/event_listener.py
[2025-08-31T18:54:31.410+0000] {processor.py:927} WARNING - No viable dags retrieved from /home/krishnaformeera/Sumitomo/datapipeline/venv/lib/python3.11/site-packages/airflow/example_dags/plugins/event_listener.py
[2025-08-31T18:54:31.422+0000] {processor.py:208} INFO - Processing /home/krishnaformeera/Sumitomo/datapipeline/venv/lib/python3.11/site-packages/airflow/example_dags/plugins/event_listener.py took 0.025 seconds
[2025-08-31T18:55:24.006+0000] {processor.py:186} INFO - Started process (PID=8588) to work on /home/krishnaformeera/Sumitomo/datapipeline/venv/lib/python3.11/site-packages/airflow/example_dags/plugins/event_listener.py
[2025-08-31T18:55:24.007+0000] {processor.py:914} INFO - Processing file /home/krishnaformeera/Sumitomo/datapipeline/venv/lib/python3.11/site-packages/airflow/example_dags/plugins/event_listener.py for tasks to queue
[2025-08-31T18:55:24.009+0000] {logging_mixin.py:190} INFO - [2025-08-31T18:55:24.009+0000] {dagbag.py:588} INFO - Filling up the DagBag from /home/krishnaformeera/Sumitomo/datapipeline/venv/lib/python3.11/site-packages/airflow/example_dags/plugins/event_listener.py
[2025-08-31T18:55:24.011+0000] {processor.py:927} WARNING - No viable dags retrieved from /home/krishnaformeera/Sumitomo/datapipeline/venv/lib/python3.11/site-packages/airflow/example_dags/plugins/event_listener.py
[2025-08-31T18:55:24.023+0000] {processor.py:208} INFO - Processing /home/krishnaformeera/Sumitomo/datapipeline/venv/lib/python3.11/site-packages/airflow/example_dags/plugins/event_listener.py took 0.023 seconds
[2025-08-31T18:56:17.985+0000] {processor.py:186} INFO - Started process (PID=8657) to work on /home/krishnaformeera/Sumitomo/datapipeline/venv/lib/python3.11/site-packages/airflow/example_dags/plugins/event_listener.py
[2025-08-31T18:56:17.986+0000] {processor.py:914} INFO - Processing file /home/krishnaformeera/Sumitomo/datapipeline/venv/lib/python3.11/site-packages/airflow/example_dags/plugins/event_listener.py for tasks to queue
[2025-08-31T18:56:17.988+0000] {logging_mixin.py:190} INFO - [2025-08-31T18:56:17.988+0000] {dagbag.py:588} INFO - Filling up the DagBag from /home/krishnaformeera/Sumitomo/datapipeline/venv/lib/python3.11/site-packages/airflow/example_dags/plugins/event_listener.py
[2025-08-31T18:56:17.991+0000] {processor.py:927} WARNING - No viable dags retrieved from /home/krishnaformeera/Sumitomo/datapipeline/venv/lib/python3.11/site-packages/airflow/example_dags/plugins/event_listener.py
[2025-08-31T18:56:18.003+0000] {processor.py:208} INFO - Processing /home/krishnaformeera/Sumitomo/datapipeline/venv/lib/python3.11/site-packages/airflow/example_dags/plugins/event_listener.py took 0.024 seconds
[2025-08-31T18:57:11.680+0000] {processor.py:186} INFO - Started process (PID=8710) to work on /home/krishnaformeera/Sumitomo/datapipeline/venv/lib/python3.11/site-packages/airflow/example_dags/plugins/event_listener.py
[2025-08-31T18:57:11.682+0000] {processor.py:914} INFO - Processing file /home/krishnaformeera/Sumitomo/datapipeline/venv/lib/python3.11/site-packages/airflow/example_dags/plugins/event_listener.py for tasks to queue
[2025-08-31T18:57:11.684+0000] {logging_mixin.py:190} INFO - [2025-08-31T18:57:11.684+0000] {dagbag.py:588} INFO - Filling up the DagBag from /home/krishnaformeera/Sumitomo/datapipeline/venv/lib/python3.11/site-packages/airflow/example_dags/plugins/event_listener.py
[2025-08-31T18:57:11.687+0000] {processor.py:927} WARNING - No viable dags retrieved from /home/krishnaformeera/Sumitomo/datapipeline/venv/lib/python3.11/site-packages/airflow/example_dags/plugins/event_listener.py
[2025-08-31T18:57:11.701+0000] {processor.py:208} INFO - Processing /home/krishnaformeera/Sumitomo/datapipeline/venv/lib/python3.11/site-packages/airflow/example_dags/plugins/event_listener.py took 0.028 seconds
[2025-08-31T18:58:03.597+0000] {processor.py:186} INFO - Started process (PID=8763) to work on /home/krishnaformeera/Sumitomo/datapipeline/venv/lib/python3.11/site-packages/airflow/example_dags/plugins/event_listener.py
[2025-08-31T18:58:03.598+0000] {processor.py:914} INFO - Processing file /home/krishnaformeera/Sumitomo/datapipeline/venv/lib/python3.11/site-packages/airflow/example_dags/plugins/event_listener.py for tasks to queue
[2025-08-31T18:58:03.600+0000] {logging_mixin.py:190} INFO - [2025-08-31T18:58:03.600+0000] {dagbag.py:588} INFO - Filling up the DagBag from /home/krishnaformeera/Sumitomo/datapipeline/venv/lib/python3.11/site-packages/airflow/example_dags/plugins/event_listener.py
[2025-08-31T18:58:03.603+0000] {processor.py:927} WARNING - No viable dags retrieved from /home/krishnaformeera/Sumitomo/datapipeline/venv/lib/python3.11/site-packages/airflow/example_dags/plugins/event_listener.py
[2025-08-31T18:58:03.614+0000] {processor.py:208} INFO - Processing /home/krishnaformeera/Sumitomo/datapipeline/venv/lib/python3.11/site-packages/airflow/example_dags/plugins/event_listener.py took 0.023 seconds
[2025-08-31T18:58:57.024+0000] {processor.py:186} INFO - Started process (PID=8817) to work on /home/krishnaformeera/Sumitomo/datapipeline/venv/lib/python3.11/site-packages/airflow/example_dags/plugins/event_listener.py
[2025-08-31T18:58:57.025+0000] {processor.py:914} INFO - Processing file /home/krishnaformeera/Sumitomo/datapipeline/venv/lib/python3.11/site-packages/airflow/example_dags/plugins/event_listener.py for tasks to queue
[2025-08-31T18:58:57.029+0000] {logging_mixin.py:190} INFO - [2025-08-31T18:58:57.028+0000] {dagbag.py:588} INFO - Filling up the DagBag from /home/krishnaformeera/Sumitomo/datapipeline/venv/lib/python3.11/site-packages/airflow/example_dags/plugins/event_listener.py
[2025-08-31T18:58:57.031+0000] {processor.py:927} WARNING - No viable dags retrieved from /home/krishnaformeera/Sumitomo/datapipeline/venv/lib/python3.11/site-packages/airflow/example_dags/plugins/event_listener.py
[2025-08-31T18:58:57.046+0000] {processor.py:208} INFO - Processing /home/krishnaformeera/Sumitomo/datapipeline/venv/lib/python3.11/site-packages/airflow/example_dags/plugins/event_listener.py took 0.030 seconds
