[2025-08-31T18:29:57.449+0000] {processor.py:186} INFO - Started process (PID=5065) to work on /home/krishnaformeera/Sumitomo/datapipeline/venv/lib/python3.11/site-packages/airflow/example_dags/plugins/listener_plugin.py
[2025-08-31T18:29:57.450+0000] {processor.py:914} INFO - Processing file /home/krishnaformeera/Sumitomo/datapipeline/venv/lib/python3.11/site-packages/airflow/example_dags/plugins/listener_plugin.py for tasks to queue
[2025-08-31T18:29:57.451+0000] {logging_mixin.py:190} INFO - [2025-08-31T18:29:57.450+0000] {dagbag.py:588} INFO - Filling up the DagBag from /home/krishnaformeera/Sumitomo/datapipeline/venv/lib/python3.11/site-packages/airflow/example_dags/plugins/listener_plugin.py
[2025-08-31T18:29:57.453+0000] {processor.py:927} WARNING - No viable dags retrieved from /home/krishnaformeera/Sumitomo/datapipeline/venv/lib/python3.11/site-packages/airflow/example_dags/plugins/listener_plugin.py
[2025-08-31T18:29:57.466+0000] {processor.py:208} INFO - Processing /home/krishnaformeera/Sumitomo/datapipeline/venv/lib/python3.11/site-packages/airflow/example_dags/plugins/listener_plugin.py took 0.023 seconds
[2025-08-31T18:30:40.567+0000] {processor.py:186} INFO - Started process (PID=5193) to work on /home/krishnaformeera/Sumitomo/datapipeline/venv/lib/python3.11/site-packages/airflow/example_dags/plugins/listener_plugin.py
[2025-08-31T18:30:40.568+0000] {processor.py:914} INFO - Processing file /home/krishnaformeera/Sumitomo/datapipeline/venv/lib/python3.11/site-packages/airflow/example_dags/plugins/listener_plugin.py for tasks to queue
[2025-08-31T18:30:40.570+0000] {logging_mixin.py:190} INFO - [2025-08-31T18:30:40.570+0000] {dagbag.py:588} INFO - Filling up the DagBag from /home/krishnaformeera/Sumitomo/datapipeline/venv/lib/python3.11/site-packages/airflow/example_dags/plugins/listener_plugin.py
[2025-08-31T18:30:40.573+0000] {processor.py:927} WARNING - No viable dags retrieved from /home/krishnaformeera/Sumitomo/datapipeline/venv/lib/python3.11/site-packages/airflow/example_dags/plugins/listener_plugin.py
[2025-08-31T18:30:40.584+0000] {processor.py:208} INFO - Processing /home/krishnaformeera/Sumitomo/datapipeline/venv/lib/python3.11/site-packages/airflow/example_dags/plugins/listener_plugin.py took 0.023 seconds
[2025-08-31T18:31:42.354+0000] {processor.py:186} INFO - Started process (PID=5277) to work on /home/krishnaformeera/Sumitomo/datapipeline/venv/lib/python3.11/site-packages/airflow/example_dags/plugins/listener_plugin.py
[2025-08-31T18:31:42.357+0000] {processor.py:914} INFO - Processing file /home/krishnaformeera/Sumitomo/datapipeline/venv/lib/python3.11/site-packages/airflow/example_dags/plugins/listener_plugin.py for tasks to queue
[2025-08-31T18:31:42.360+0000] {logging_mixin.py:190} INFO - [2025-08-31T18:31:42.360+0000] {dagbag.py:588} INFO - Filling up the DagBag from /home/krishnaformeera/Sumitomo/datapipeline/venv/lib/python3.11/site-packages/airflow/example_dags/plugins/listener_plugin.py
[2025-08-31T18:31:42.362+0000] {processor.py:927} WARNING - No viable dags retrieved from /home/krishnaformeera/Sumitomo/datapipeline/venv/lib/python3.11/site-packages/airflow/example_dags/plugins/listener_plugin.py
[2025-08-31T18:31:42.376+0000] {processor.py:208} INFO - Processing /home/krishnaformeera/Sumitomo/datapipeline/venv/lib/python3.11/site-packages/airflow/example_dags/plugins/listener_plugin.py took 0.029 seconds
[2025-08-31T18:32:38.288+0000] {processor.py:186} INFO - Started process (PID=5334) to work on /home/krishnaformeera/Sumitomo/datapipeline/venv/lib/python3.11/site-packages/airflow/example_dags/plugins/listener_plugin.py
[2025-08-31T18:32:38.289+0000] {processor.py:914} INFO - Processing file /home/krishnaformeera/Sumitomo/datapipeline/venv/lib/python3.11/site-packages/airflow/example_dags/plugins/listener_plugin.py for tasks to queue
[2025-08-31T18:32:38.291+0000] {logging_mixin.py:190} INFO - [2025-08-31T18:32:38.290+0000] {dagbag.py:588} INFO - Filling up the DagBag from /home/krishnaformeera/Sumitomo/datapipeline/venv/lib/python3.11/site-packages/airflow/example_dags/plugins/listener_plugin.py
[2025-08-31T18:32:38.293+0000] {processor.py:927} WARNING - No viable dags retrieved from /home/krishnaformeera/Sumitomo/datapipeline/venv/lib/python3.11/site-packages/airflow/example_dags/plugins/listener_plugin.py
[2025-08-31T18:32:38.304+0000] {processor.py:208} INFO - Processing /home/krishnaformeera/Sumitomo/datapipeline/venv/lib/python3.11/site-packages/airflow/example_dags/plugins/listener_plugin.py took 0.022 seconds
[2025-08-31T18:33:26.727+0000] {processor.py:186} INFO - Started process (PID=5384) to work on /home/krishnaformeera/Sumitomo/datapipeline/venv/lib/python3.11/site-packages/airflow/example_dags/plugins/listener_plugin.py
[2025-08-31T18:33:26.728+0000] {processor.py:914} INFO - Processing file /home/krishnaformeera/Sumitomo/datapipeline/venv/lib/python3.11/site-packages/airflow/example_dags/plugins/listener_plugin.py for tasks to queue
[2025-08-31T18:33:26.730+0000] {logging_mixin.py:190} INFO - [2025-08-31T18:33:26.729+0000] {dagbag.py:588} INFO - Filling up the DagBag from /home/krishnaformeera/Sumitomo/datapipeline/venv/lib/python3.11/site-packages/airflow/example_dags/plugins/listener_plugin.py
[2025-08-31T18:33:26.732+0000] {processor.py:927} WARNING - No viable dags retrieved from /home/krishnaformeera/Sumitomo/datapipeline/venv/lib/python3.11/site-packages/airflow/example_dags/plugins/listener_plugin.py
[2025-08-31T18:33:26.742+0000] {processor.py:208} INFO - Processing /home/krishnaformeera/Sumitomo/datapipeline/venv/lib/python3.11/site-packages/airflow/example_dags/plugins/listener_plugin.py took 0.022 seconds
[2025-08-31T18:34:23.094+0000] {processor.py:186} INFO - Started process (PID=5440) to work on /home/krishnaformeera/Sumitomo/datapipeline/venv/lib/python3.11/site-packages/airflow/example_dags/plugins/listener_plugin.py
[2025-08-31T18:34:23.095+0000] {processor.py:914} INFO - Processing file /home/krishnaformeera/Sumitomo/datapipeline/venv/lib/python3.11/site-packages/airflow/example_dags/plugins/listener_plugin.py for tasks to queue
[2025-08-31T18:34:23.097+0000] {logging_mixin.py:190} INFO - [2025-08-31T18:34:23.097+0000] {dagbag.py:588} INFO - Filling up the DagBag from /home/krishnaformeera/Sumitomo/datapipeline/venv/lib/python3.11/site-packages/airflow/example_dags/plugins/listener_plugin.py
[2025-08-31T18:34:23.099+0000] {processor.py:927} WARNING - No viable dags retrieved from /home/krishnaformeera/Sumitomo/datapipeline/venv/lib/python3.11/site-packages/airflow/example_dags/plugins/listener_plugin.py
[2025-08-31T18:34:23.110+0000] {processor.py:208} INFO - Processing /home/krishnaformeera/Sumitomo/datapipeline/venv/lib/python3.11/site-packages/airflow/example_dags/plugins/listener_plugin.py took 0.023 seconds
[2025-08-31T18:35:13.834+0000] {processor.py:186} INFO - Started process (PID=5492) to work on /home/krishnaformeera/Sumitomo/datapipeline/venv/lib/python3.11/site-packages/airflow/example_dags/plugins/listener_plugin.py
[2025-08-31T18:35:13.835+0000] {processor.py:914} INFO - Processing file /home/krishnaformeera/Sumitomo/datapipeline/venv/lib/python3.11/site-packages/airflow/example_dags/plugins/listener_plugin.py for tasks to queue
[2025-08-31T18:35:13.837+0000] {logging_mixin.py:190} INFO - [2025-08-31T18:35:13.837+0000] {dagbag.py:588} INFO - Filling up the DagBag from /home/krishnaformeera/Sumitomo/datapipeline/venv/lib/python3.11/site-packages/airflow/example_dags/plugins/listener_plugin.py
[2025-08-31T18:35:13.839+0000] {processor.py:927} WARNING - No viable dags retrieved from /home/krishnaformeera/Sumitomo/datapipeline/venv/lib/python3.11/site-packages/airflow/example_dags/plugins/listener_plugin.py
[2025-08-31T18:35:13.851+0000] {processor.py:208} INFO - Processing /home/krishnaformeera/Sumitomo/datapipeline/venv/lib/python3.11/site-packages/airflow/example_dags/plugins/listener_plugin.py took 0.023 seconds
[2025-08-31T18:36:03.927+0000] {processor.py:186} INFO - Started process (PID=5555) to work on /home/krishnaformeera/Sumitomo/datapipeline/venv/lib/python3.11/site-packages/airflow/example_dags/plugins/listener_plugin.py
[2025-08-31T18:36:03.928+0000] {processor.py:914} INFO - Processing file /home/krishnaformeera/Sumitomo/datapipeline/venv/lib/python3.11/site-packages/airflow/example_dags/plugins/listener_plugin.py for tasks to queue
[2025-08-31T18:36:03.931+0000] {logging_mixin.py:190} INFO - [2025-08-31T18:36:03.930+0000] {dagbag.py:588} INFO - Filling up the DagBag from /home/krishnaformeera/Sumitomo/datapipeline/venv/lib/python3.11/site-packages/airflow/example_dags/plugins/listener_plugin.py
[2025-08-31T18:36:03.933+0000] {processor.py:927} WARNING - No viable dags retrieved from /home/krishnaformeera/Sumitomo/datapipeline/venv/lib/python3.11/site-packages/airflow/example_dags/plugins/listener_plugin.py
[2025-08-31T18:36:03.947+0000] {processor.py:208} INFO - Processing /home/krishnaformeera/Sumitomo/datapipeline/venv/lib/python3.11/site-packages/airflow/example_dags/plugins/listener_plugin.py took 0.028 seconds
[2025-08-31T18:36:55.659+0000] {processor.py:186} INFO - Started process (PID=5622) to work on /home/krishnaformeera/Sumitomo/datapipeline/venv/lib/python3.11/site-packages/airflow/example_dags/plugins/listener_plugin.py
[2025-08-31T18:36:55.660+0000] {processor.py:914} INFO - Processing file /home/krishnaformeera/Sumitomo/datapipeline/venv/lib/python3.11/site-packages/airflow/example_dags/plugins/listener_plugin.py for tasks to queue
[2025-08-31T18:36:55.662+0000] {logging_mixin.py:190} INFO - [2025-08-31T18:36:55.662+0000] {dagbag.py:588} INFO - Filling up the DagBag from /home/krishnaformeera/Sumitomo/datapipeline/venv/lib/python3.11/site-packages/airflow/example_dags/plugins/listener_plugin.py
[2025-08-31T18:36:55.664+0000] {processor.py:927} WARNING - No viable dags retrieved from /home/krishnaformeera/Sumitomo/datapipeline/venv/lib/python3.11/site-packages/airflow/example_dags/plugins/listener_plugin.py
[2025-08-31T18:36:55.675+0000] {processor.py:208} INFO - Processing /home/krishnaformeera/Sumitomo/datapipeline/venv/lib/python3.11/site-packages/airflow/example_dags/plugins/listener_plugin.py took 0.022 seconds
[2025-08-31T18:37:47.123+0000] {processor.py:186} INFO - Started process (PID=5686) to work on /home/krishnaformeera/Sumitomo/datapipeline/venv/lib/python3.11/site-packages/airflow/example_dags/plugins/listener_plugin.py
[2025-08-31T18:37:47.124+0000] {processor.py:914} INFO - Processing file /home/krishnaformeera/Sumitomo/datapipeline/venv/lib/python3.11/site-packages/airflow/example_dags/plugins/listener_plugin.py for tasks to queue
[2025-08-31T18:37:47.126+0000] {logging_mixin.py:190} INFO - [2025-08-31T18:37:47.126+0000] {dagbag.py:588} INFO - Filling up the DagBag from /home/krishnaformeera/Sumitomo/datapipeline/venv/lib/python3.11/site-packages/airflow/example_dags/plugins/listener_plugin.py
[2025-08-31T18:37:47.128+0000] {processor.py:927} WARNING - No viable dags retrieved from /home/krishnaformeera/Sumitomo/datapipeline/venv/lib/python3.11/site-packages/airflow/example_dags/plugins/listener_plugin.py
[2025-08-31T18:37:47.139+0000] {processor.py:208} INFO - Processing /home/krishnaformeera/Sumitomo/datapipeline/venv/lib/python3.11/site-packages/airflow/example_dags/plugins/listener_plugin.py took 0.022 seconds
[2025-08-31T18:39:54.533+0000] {processor.py:186} INFO - Started process (PID=5991) to work on /home/krishnaformeera/Sumitomo/datapipeline/venv/lib/python3.11/site-packages/airflow/example_dags/plugins/listener_plugin.py
[2025-08-31T18:39:54.535+0000] {processor.py:914} INFO - Processing file /home/krishnaformeera/Sumitomo/datapipeline/venv/lib/python3.11/site-packages/airflow/example_dags/plugins/listener_plugin.py for tasks to queue
[2025-08-31T18:39:54.537+0000] {logging_mixin.py:190} INFO - [2025-08-31T18:39:54.537+0000] {dagbag.py:588} INFO - Filling up the DagBag from /home/krishnaformeera/Sumitomo/datapipeline/venv/lib/python3.11/site-packages/airflow/example_dags/plugins/listener_plugin.py
[2025-08-31T18:39:54.540+0000] {processor.py:927} WARNING - No viable dags retrieved from /home/krishnaformeera/Sumitomo/datapipeline/venv/lib/python3.11/site-packages/airflow/example_dags/plugins/listener_plugin.py
[2025-08-31T18:39:54.558+0000] {processor.py:208} INFO - Processing /home/krishnaformeera/Sumitomo/datapipeline/venv/lib/python3.11/site-packages/airflow/example_dags/plugins/listener_plugin.py took 0.032 seconds
[2025-08-31T18:40:48.932+0000] {processor.py:186} INFO - Started process (PID=6306) to work on /home/krishnaformeera/Sumitomo/datapipeline/venv/lib/python3.11/site-packages/airflow/example_dags/plugins/listener_plugin.py
[2025-08-31T18:40:48.934+0000] {processor.py:914} INFO - Processing file /home/krishnaformeera/Sumitomo/datapipeline/venv/lib/python3.11/site-packages/airflow/example_dags/plugins/listener_plugin.py for tasks to queue
[2025-08-31T18:40:48.937+0000] {logging_mixin.py:190} INFO - [2025-08-31T18:40:48.937+0000] {dagbag.py:588} INFO - Filling up the DagBag from /home/krishnaformeera/Sumitomo/datapipeline/venv/lib/python3.11/site-packages/airflow/example_dags/plugins/listener_plugin.py
[2025-08-31T18:40:48.940+0000] {processor.py:927} WARNING - No viable dags retrieved from /home/krishnaformeera/Sumitomo/datapipeline/venv/lib/python3.11/site-packages/airflow/example_dags/plugins/listener_plugin.py
[2025-08-31T18:40:48.954+0000] {processor.py:208} INFO - Processing /home/krishnaformeera/Sumitomo/datapipeline/venv/lib/python3.11/site-packages/airflow/example_dags/plugins/listener_plugin.py took 0.030 seconds
[2025-08-31T18:41:39.362+0000] {processor.py:186} INFO - Started process (PID=6443) to work on /home/krishnaformeera/Sumitomo/datapipeline/venv/lib/python3.11/site-packages/airflow/example_dags/plugins/listener_plugin.py
[2025-08-31T18:41:39.363+0000] {processor.py:914} INFO - Processing file /home/krishnaformeera/Sumitomo/datapipeline/venv/lib/python3.11/site-packages/airflow/example_dags/plugins/listener_plugin.py for tasks to queue
[2025-08-31T18:41:39.365+0000] {logging_mixin.py:190} INFO - [2025-08-31T18:41:39.365+0000] {dagbag.py:588} INFO - Filling up the DagBag from /home/krishnaformeera/Sumitomo/datapipeline/venv/lib/python3.11/site-packages/airflow/example_dags/plugins/listener_plugin.py
[2025-08-31T18:41:39.368+0000] {processor.py:927} WARNING - No viable dags retrieved from /home/krishnaformeera/Sumitomo/datapipeline/venv/lib/python3.11/site-packages/airflow/example_dags/plugins/listener_plugin.py
[2025-08-31T18:41:39.383+0000] {processor.py:208} INFO - Processing /home/krishnaformeera/Sumitomo/datapipeline/venv/lib/python3.11/site-packages/airflow/example_dags/plugins/listener_plugin.py took 0.028 seconds
[2025-08-31T18:42:33.777+0000] {processor.py:186} INFO - Started process (PID=6628) to work on /home/krishnaformeera/Sumitomo/datapipeline/venv/lib/python3.11/site-packages/airflow/example_dags/plugins/listener_plugin.py
[2025-08-31T18:42:33.778+0000] {processor.py:914} INFO - Processing file /home/krishnaformeera/Sumitomo/datapipeline/venv/lib/python3.11/site-packages/airflow/example_dags/plugins/listener_plugin.py for tasks to queue
[2025-08-31T18:42:33.781+0000] {logging_mixin.py:190} INFO - [2025-08-31T18:42:33.780+0000] {dagbag.py:588} INFO - Filling up the DagBag from /home/krishnaformeera/Sumitomo/datapipeline/venv/lib/python3.11/site-packages/airflow/example_dags/plugins/listener_plugin.py
[2025-08-31T18:42:33.783+0000] {processor.py:927} WARNING - No viable dags retrieved from /home/krishnaformeera/Sumitomo/datapipeline/venv/lib/python3.11/site-packages/airflow/example_dags/plugins/listener_plugin.py
[2025-08-31T18:42:33.795+0000] {processor.py:208} INFO - Processing /home/krishnaformeera/Sumitomo/datapipeline/venv/lib/python3.11/site-packages/airflow/example_dags/plugins/listener_plugin.py took 0.024 seconds
[2025-08-31T18:43:33.300+0000] {processor.py:186} INFO - Started process (PID=6877) to work on /home/krishnaformeera/Sumitomo/datapipeline/venv/lib/python3.11/site-packages/airflow/example_dags/plugins/listener_plugin.py
[2025-08-31T18:43:33.301+0000] {processor.py:914} INFO - Processing file /home/krishnaformeera/Sumitomo/datapipeline/venv/lib/python3.11/site-packages/airflow/example_dags/plugins/listener_plugin.py for tasks to queue
[2025-08-31T18:43:33.304+0000] {logging_mixin.py:190} INFO - [2025-08-31T18:43:33.304+0000] {dagbag.py:588} INFO - Filling up the DagBag from /home/krishnaformeera/Sumitomo/datapipeline/venv/lib/python3.11/site-packages/airflow/example_dags/plugins/listener_plugin.py
[2025-08-31T18:43:33.311+0000] {processor.py:927} WARNING - No viable dags retrieved from /home/krishnaformeera/Sumitomo/datapipeline/venv/lib/python3.11/site-packages/airflow/example_dags/plugins/listener_plugin.py
[2025-08-31T18:43:33.330+0000] {processor.py:208} INFO - Processing /home/krishnaformeera/Sumitomo/datapipeline/venv/lib/python3.11/site-packages/airflow/example_dags/plugins/listener_plugin.py took 0.037 seconds
[2025-08-31T18:44:24.374+0000] {processor.py:186} INFO - Started process (PID=7086) to work on /home/krishnaformeera/Sumitomo/datapipeline/venv/lib/python3.11/site-packages/airflow/example_dags/plugins/listener_plugin.py
[2025-08-31T18:44:24.375+0000] {processor.py:914} INFO - Processing file /home/krishnaformeera/Sumitomo/datapipeline/venv/lib/python3.11/site-packages/airflow/example_dags/plugins/listener_plugin.py for tasks to queue
[2025-08-31T18:44:24.377+0000] {logging_mixin.py:190} INFO - [2025-08-31T18:44:24.377+0000] {dagbag.py:588} INFO - Filling up the DagBag from /home/krishnaformeera/Sumitomo/datapipeline/venv/lib/python3.11/site-packages/airflow/example_dags/plugins/listener_plugin.py
[2025-08-31T18:44:24.379+0000] {processor.py:927} WARNING - No viable dags retrieved from /home/krishnaformeera/Sumitomo/datapipeline/venv/lib/python3.11/site-packages/airflow/example_dags/plugins/listener_plugin.py
[2025-08-31T18:44:24.392+0000] {processor.py:208} INFO - Processing /home/krishnaformeera/Sumitomo/datapipeline/venv/lib/python3.11/site-packages/airflow/example_dags/plugins/listener_plugin.py took 0.026 seconds
[2025-08-31T18:45:14.580+0000] {processor.py:186} INFO - Started process (PID=7328) to work on /home/krishnaformeera/Sumitomo/datapipeline/venv/lib/python3.11/site-packages/airflow/example_dags/plugins/listener_plugin.py
[2025-08-31T18:45:14.581+0000] {processor.py:914} INFO - Processing file /home/krishnaformeera/Sumitomo/datapipeline/venv/lib/python3.11/site-packages/airflow/example_dags/plugins/listener_plugin.py for tasks to queue
[2025-08-31T18:45:14.584+0000] {logging_mixin.py:190} INFO - [2025-08-31T18:45:14.583+0000] {dagbag.py:588} INFO - Filling up the DagBag from /home/krishnaformeera/Sumitomo/datapipeline/venv/lib/python3.11/site-packages/airflow/example_dags/plugins/listener_plugin.py
[2025-08-31T18:45:14.587+0000] {processor.py:927} WARNING - No viable dags retrieved from /home/krishnaformeera/Sumitomo/datapipeline/venv/lib/python3.11/site-packages/airflow/example_dags/plugins/listener_plugin.py
[2025-08-31T18:45:14.601+0000] {processor.py:208} INFO - Processing /home/krishnaformeera/Sumitomo/datapipeline/venv/lib/python3.11/site-packages/airflow/example_dags/plugins/listener_plugin.py took 0.029 seconds
[2025-08-31T18:46:07.214+0000] {processor.py:186} INFO - Started process (PID=7611) to work on /home/krishnaformeera/Sumitomo/datapipeline/venv/lib/python3.11/site-packages/airflow/example_dags/plugins/listener_plugin.py
[2025-08-31T18:46:07.217+0000] {processor.py:914} INFO - Processing file /home/krishnaformeera/Sumitomo/datapipeline/venv/lib/python3.11/site-packages/airflow/example_dags/plugins/listener_plugin.py for tasks to queue
[2025-08-31T18:46:07.220+0000] {logging_mixin.py:190} INFO - [2025-08-31T18:46:07.219+0000] {dagbag.py:588} INFO - Filling up the DagBag from /home/krishnaformeera/Sumitomo/datapipeline/venv/lib/python3.11/site-packages/airflow/example_dags/plugins/listener_plugin.py
[2025-08-31T18:46:07.223+0000] {processor.py:927} WARNING - No viable dags retrieved from /home/krishnaformeera/Sumitomo/datapipeline/venv/lib/python3.11/site-packages/airflow/example_dags/plugins/listener_plugin.py
[2025-08-31T18:46:07.236+0000] {processor.py:208} INFO - Processing /home/krishnaformeera/Sumitomo/datapipeline/venv/lib/python3.11/site-packages/airflow/example_dags/plugins/listener_plugin.py took 0.031 seconds
[2025-08-31T18:47:00.362+0000] {processor.py:186} INFO - Started process (PID=7766) to work on /home/krishnaformeera/Sumitomo/datapipeline/venv/lib/python3.11/site-packages/airflow/example_dags/plugins/listener_plugin.py
[2025-08-31T18:47:00.364+0000] {processor.py:914} INFO - Processing file /home/krishnaformeera/Sumitomo/datapipeline/venv/lib/python3.11/site-packages/airflow/example_dags/plugins/listener_plugin.py for tasks to queue
[2025-08-31T18:47:00.366+0000] {logging_mixin.py:190} INFO - [2025-08-31T18:47:00.366+0000] {dagbag.py:588} INFO - Filling up the DagBag from /home/krishnaformeera/Sumitomo/datapipeline/venv/lib/python3.11/site-packages/airflow/example_dags/plugins/listener_plugin.py
[2025-08-31T18:47:00.369+0000] {processor.py:927} WARNING - No viable dags retrieved from /home/krishnaformeera/Sumitomo/datapipeline/venv/lib/python3.11/site-packages/airflow/example_dags/plugins/listener_plugin.py
[2025-08-31T18:47:00.381+0000] {processor.py:208} INFO - Processing /home/krishnaformeera/Sumitomo/datapipeline/venv/lib/python3.11/site-packages/airflow/example_dags/plugins/listener_plugin.py took 0.025 seconds
[2025-08-31T18:47:51.161+0000] {processor.py:186} INFO - Started process (PID=7822) to work on /home/krishnaformeera/Sumitomo/datapipeline/venv/lib/python3.11/site-packages/airflow/example_dags/plugins/listener_plugin.py
[2025-08-31T18:47:51.162+0000] {processor.py:914} INFO - Processing file /home/krishnaformeera/Sumitomo/datapipeline/venv/lib/python3.11/site-packages/airflow/example_dags/plugins/listener_plugin.py for tasks to queue
[2025-08-31T18:47:51.165+0000] {logging_mixin.py:190} INFO - [2025-08-31T18:47:51.165+0000] {dagbag.py:588} INFO - Filling up the DagBag from /home/krishnaformeera/Sumitomo/datapipeline/venv/lib/python3.11/site-packages/airflow/example_dags/plugins/listener_plugin.py
[2025-08-31T18:47:51.168+0000] {processor.py:927} WARNING - No viable dags retrieved from /home/krishnaformeera/Sumitomo/datapipeline/venv/lib/python3.11/site-packages/airflow/example_dags/plugins/listener_plugin.py
[2025-08-31T18:47:51.182+0000] {processor.py:208} INFO - Processing /home/krishnaformeera/Sumitomo/datapipeline/venv/lib/python3.11/site-packages/airflow/example_dags/plugins/listener_plugin.py took 0.028 seconds
[2025-08-31T18:48:40.719+0000] {processor.py:186} INFO - Started process (PID=7877) to work on /home/krishnaformeera/Sumitomo/datapipeline/venv/lib/python3.11/site-packages/airflow/example_dags/plugins/listener_plugin.py
[2025-08-31T18:48:40.720+0000] {processor.py:914} INFO - Processing file /home/krishnaformeera/Sumitomo/datapipeline/venv/lib/python3.11/site-packages/airflow/example_dags/plugins/listener_plugin.py for tasks to queue
[2025-08-31T18:48:40.723+0000] {logging_mixin.py:190} INFO - [2025-08-31T18:48:40.722+0000] {dagbag.py:588} INFO - Filling up the DagBag from /home/krishnaformeera/Sumitomo/datapipeline/venv/lib/python3.11/site-packages/airflow/example_dags/plugins/listener_plugin.py
[2025-08-31T18:48:40.725+0000] {processor.py:927} WARNING - No viable dags retrieved from /home/krishnaformeera/Sumitomo/datapipeline/venv/lib/python3.11/site-packages/airflow/example_dags/plugins/listener_plugin.py
[2025-08-31T18:48:40.740+0000] {processor.py:208} INFO - Processing /home/krishnaformeera/Sumitomo/datapipeline/venv/lib/python3.11/site-packages/airflow/example_dags/plugins/listener_plugin.py took 0.029 seconds
[2025-08-31T18:49:30.596+0000] {processor.py:186} INFO - Started process (PID=7936) to work on /home/krishnaformeera/Sumitomo/datapipeline/venv/lib/python3.11/site-packages/airflow/example_dags/plugins/listener_plugin.py
[2025-08-31T18:49:30.597+0000] {processor.py:914} INFO - Processing file /home/krishnaformeera/Sumitomo/datapipeline/venv/lib/python3.11/site-packages/airflow/example_dags/plugins/listener_plugin.py for tasks to queue
[2025-08-31T18:49:30.600+0000] {logging_mixin.py:190} INFO - [2025-08-31T18:49:30.600+0000] {dagbag.py:588} INFO - Filling up the DagBag from /home/krishnaformeera/Sumitomo/datapipeline/venv/lib/python3.11/site-packages/airflow/example_dags/plugins/listener_plugin.py
[2025-08-31T18:49:30.603+0000] {processor.py:927} WARNING - No viable dags retrieved from /home/krishnaformeera/Sumitomo/datapipeline/venv/lib/python3.11/site-packages/airflow/example_dags/plugins/listener_plugin.py
[2025-08-31T18:49:30.614+0000] {processor.py:208} INFO - Processing /home/krishnaformeera/Sumitomo/datapipeline/venv/lib/python3.11/site-packages/airflow/example_dags/plugins/listener_plugin.py took 0.026 seconds
[2025-08-31T18:50:25.122+0000] {processor.py:186} INFO - Started process (PID=8052) to work on /home/krishnaformeera/Sumitomo/datapipeline/venv/lib/python3.11/site-packages/airflow/example_dags/plugins/listener_plugin.py
[2025-08-31T18:50:25.123+0000] {processor.py:914} INFO - Processing file /home/krishnaformeera/Sumitomo/datapipeline/venv/lib/python3.11/site-packages/airflow/example_dags/plugins/listener_plugin.py for tasks to queue
[2025-08-31T18:50:25.126+0000] {logging_mixin.py:190} INFO - [2025-08-31T18:50:25.125+0000] {dagbag.py:588} INFO - Filling up the DagBag from /home/krishnaformeera/Sumitomo/datapipeline/venv/lib/python3.11/site-packages/airflow/example_dags/plugins/listener_plugin.py
[2025-08-31T18:50:25.128+0000] {processor.py:927} WARNING - No viable dags retrieved from /home/krishnaformeera/Sumitomo/datapipeline/venv/lib/python3.11/site-packages/airflow/example_dags/plugins/listener_plugin.py
[2025-08-31T18:50:25.141+0000] {processor.py:208} INFO - Processing /home/krishnaformeera/Sumitomo/datapipeline/venv/lib/python3.11/site-packages/airflow/example_dags/plugins/listener_plugin.py took 0.025 seconds
[2025-08-31T18:51:16.809+0000] {processor.py:186} INFO - Started process (PID=8131) to work on /home/krishnaformeera/Sumitomo/datapipeline/venv/lib/python3.11/site-packages/airflow/example_dags/plugins/listener_plugin.py
[2025-08-31T18:51:16.810+0000] {processor.py:914} INFO - Processing file /home/krishnaformeera/Sumitomo/datapipeline/venv/lib/python3.11/site-packages/airflow/example_dags/plugins/listener_plugin.py for tasks to queue
[2025-08-31T18:51:16.812+0000] {logging_mixin.py:190} INFO - [2025-08-31T18:51:16.811+0000] {dagbag.py:588} INFO - Filling up the DagBag from /home/krishnaformeera/Sumitomo/datapipeline/venv/lib/python3.11/site-packages/airflow/example_dags/plugins/listener_plugin.py
[2025-08-31T18:51:16.814+0000] {processor.py:927} WARNING - No viable dags retrieved from /home/krishnaformeera/Sumitomo/datapipeline/venv/lib/python3.11/site-packages/airflow/example_dags/plugins/listener_plugin.py
[2025-08-31T18:51:16.825+0000] {processor.py:208} INFO - Processing /home/krishnaformeera/Sumitomo/datapipeline/venv/lib/python3.11/site-packages/airflow/example_dags/plugins/listener_plugin.py took 0.023 seconds
[2025-08-31T18:52:06.284+0000] {processor.py:186} INFO - Started process (PID=8201) to work on /home/krishnaformeera/Sumitomo/datapipeline/venv/lib/python3.11/site-packages/airflow/example_dags/plugins/listener_plugin.py
[2025-08-31T18:52:06.285+0000] {processor.py:914} INFO - Processing file /home/krishnaformeera/Sumitomo/datapipeline/venv/lib/python3.11/site-packages/airflow/example_dags/plugins/listener_plugin.py for tasks to queue
[2025-08-31T18:52:06.287+0000] {logging_mixin.py:190} INFO - [2025-08-31T18:52:06.287+0000] {dagbag.py:588} INFO - Filling up the DagBag from /home/krishnaformeera/Sumitomo/datapipeline/venv/lib/python3.11/site-packages/airflow/example_dags/plugins/listener_plugin.py
[2025-08-31T18:52:06.289+0000] {processor.py:927} WARNING - No viable dags retrieved from /home/krishnaformeera/Sumitomo/datapipeline/venv/lib/python3.11/site-packages/airflow/example_dags/plugins/listener_plugin.py
[2025-08-31T18:52:06.302+0000] {processor.py:208} INFO - Processing /home/krishnaformeera/Sumitomo/datapipeline/venv/lib/python3.11/site-packages/airflow/example_dags/plugins/listener_plugin.py took 0.026 seconds
[2025-08-31T18:52:53.555+0000] {processor.py:186} INFO - Started process (PID=8265) to work on /home/krishnaformeera/Sumitomo/datapipeline/venv/lib/python3.11/site-packages/airflow/example_dags/plugins/listener_plugin.py
[2025-08-31T18:52:53.556+0000] {processor.py:914} INFO - Processing file /home/krishnaformeera/Sumitomo/datapipeline/venv/lib/python3.11/site-packages/airflow/example_dags/plugins/listener_plugin.py for tasks to queue
[2025-08-31T18:52:53.558+0000] {logging_mixin.py:190} INFO - [2025-08-31T18:52:53.557+0000] {dagbag.py:588} INFO - Filling up the DagBag from /home/krishnaformeera/Sumitomo/datapipeline/venv/lib/python3.11/site-packages/airflow/example_dags/plugins/listener_plugin.py
[2025-08-31T18:52:53.560+0000] {processor.py:927} WARNING - No viable dags retrieved from /home/krishnaformeera/Sumitomo/datapipeline/venv/lib/python3.11/site-packages/airflow/example_dags/plugins/listener_plugin.py
[2025-08-31T18:52:53.571+0000] {processor.py:208} INFO - Processing /home/krishnaformeera/Sumitomo/datapipeline/venv/lib/python3.11/site-packages/airflow/example_dags/plugins/listener_plugin.py took 0.023 seconds
[2025-08-31T18:53:44.346+0000] {processor.py:186} INFO - Started process (PID=8459) to work on /home/krishnaformeera/Sumitomo/datapipeline/venv/lib/python3.11/site-packages/airflow/example_dags/plugins/listener_plugin.py
[2025-08-31T18:53:44.347+0000] {processor.py:914} INFO - Processing file /home/krishnaformeera/Sumitomo/datapipeline/venv/lib/python3.11/site-packages/airflow/example_dags/plugins/listener_plugin.py for tasks to queue
[2025-08-31T18:53:44.349+0000] {logging_mixin.py:190} INFO - [2025-08-31T18:53:44.349+0000] {dagbag.py:588} INFO - Filling up the DagBag from /home/krishnaformeera/Sumitomo/datapipeline/venv/lib/python3.11/site-packages/airflow/example_dags/plugins/listener_plugin.py
[2025-08-31T18:53:44.351+0000] {processor.py:927} WARNING - No viable dags retrieved from /home/krishnaformeera/Sumitomo/datapipeline/venv/lib/python3.11/site-packages/airflow/example_dags/plugins/listener_plugin.py
[2025-08-31T18:53:44.363+0000] {processor.py:208} INFO - Processing /home/krishnaformeera/Sumitomo/datapipeline/venv/lib/python3.11/site-packages/airflow/example_dags/plugins/listener_plugin.py took 0.023 seconds
[2025-08-31T18:54:32.571+0000] {processor.py:186} INFO - Started process (PID=8509) to work on /home/krishnaformeera/Sumitomo/datapipeline/venv/lib/python3.11/site-packages/airflow/example_dags/plugins/listener_plugin.py
[2025-08-31T18:54:32.572+0000] {processor.py:914} INFO - Processing file /home/krishnaformeera/Sumitomo/datapipeline/venv/lib/python3.11/site-packages/airflow/example_dags/plugins/listener_plugin.py for tasks to queue
[2025-08-31T18:54:32.574+0000] {logging_mixin.py:190} INFO - [2025-08-31T18:54:32.574+0000] {dagbag.py:588} INFO - Filling up the DagBag from /home/krishnaformeera/Sumitomo/datapipeline/venv/lib/python3.11/site-packages/airflow/example_dags/plugins/listener_plugin.py
[2025-08-31T18:54:32.577+0000] {processor.py:927} WARNING - No viable dags retrieved from /home/krishnaformeera/Sumitomo/datapipeline/venv/lib/python3.11/site-packages/airflow/example_dags/plugins/listener_plugin.py
[2025-08-31T18:54:32.588+0000] {processor.py:208} INFO - Processing /home/krishnaformeera/Sumitomo/datapipeline/venv/lib/python3.11/site-packages/airflow/example_dags/plugins/listener_plugin.py took 0.024 seconds
[2025-08-31T18:55:25.176+0000] {processor.py:186} INFO - Started process (PID=8589) to work on /home/krishnaformeera/Sumitomo/datapipeline/venv/lib/python3.11/site-packages/airflow/example_dags/plugins/listener_plugin.py
[2025-08-31T18:55:25.177+0000] {processor.py:914} INFO - Processing file /home/krishnaformeera/Sumitomo/datapipeline/venv/lib/python3.11/site-packages/airflow/example_dags/plugins/listener_plugin.py for tasks to queue
[2025-08-31T18:55:25.181+0000] {logging_mixin.py:190} INFO - [2025-08-31T18:55:25.180+0000] {dagbag.py:588} INFO - Filling up the DagBag from /home/krishnaformeera/Sumitomo/datapipeline/venv/lib/python3.11/site-packages/airflow/example_dags/plugins/listener_plugin.py
[2025-08-31T18:55:25.186+0000] {processor.py:927} WARNING - No viable dags retrieved from /home/krishnaformeera/Sumitomo/datapipeline/venv/lib/python3.11/site-packages/airflow/example_dags/plugins/listener_plugin.py
[2025-08-31T18:55:25.205+0000] {processor.py:208} INFO - Processing /home/krishnaformeera/Sumitomo/datapipeline/venv/lib/python3.11/site-packages/airflow/example_dags/plugins/listener_plugin.py took 0.039 seconds
[2025-08-31T18:56:19.138+0000] {processor.py:186} INFO - Started process (PID=8658) to work on /home/krishnaformeera/Sumitomo/datapipeline/venv/lib/python3.11/site-packages/airflow/example_dags/plugins/listener_plugin.py
[2025-08-31T18:56:19.139+0000] {processor.py:914} INFO - Processing file /home/krishnaformeera/Sumitomo/datapipeline/venv/lib/python3.11/site-packages/airflow/example_dags/plugins/listener_plugin.py for tasks to queue
[2025-08-31T18:56:19.141+0000] {logging_mixin.py:190} INFO - [2025-08-31T18:56:19.141+0000] {dagbag.py:588} INFO - Filling up the DagBag from /home/krishnaformeera/Sumitomo/datapipeline/venv/lib/python3.11/site-packages/airflow/example_dags/plugins/listener_plugin.py
[2025-08-31T18:56:19.143+0000] {processor.py:927} WARNING - No viable dags retrieved from /home/krishnaformeera/Sumitomo/datapipeline/venv/lib/python3.11/site-packages/airflow/example_dags/plugins/listener_plugin.py
[2025-08-31T18:56:19.153+0000] {processor.py:208} INFO - Processing /home/krishnaformeera/Sumitomo/datapipeline/venv/lib/python3.11/site-packages/airflow/example_dags/plugins/listener_plugin.py took 0.021 seconds
[2025-08-31T18:57:12.861+0000] {processor.py:186} INFO - Started process (PID=8711) to work on /home/krishnaformeera/Sumitomo/datapipeline/venv/lib/python3.11/site-packages/airflow/example_dags/plugins/listener_plugin.py
[2025-08-31T18:57:12.862+0000] {processor.py:914} INFO - Processing file /home/krishnaformeera/Sumitomo/datapipeline/venv/lib/python3.11/site-packages/airflow/example_dags/plugins/listener_plugin.py for tasks to queue
[2025-08-31T18:57:12.864+0000] {logging_mixin.py:190} INFO - [2025-08-31T18:57:12.864+0000] {dagbag.py:588} INFO - Filling up the DagBag from /home/krishnaformeera/Sumitomo/datapipeline/venv/lib/python3.11/site-packages/airflow/example_dags/plugins/listener_plugin.py
[2025-08-31T18:57:12.866+0000] {processor.py:927} WARNING - No viable dags retrieved from /home/krishnaformeera/Sumitomo/datapipeline/venv/lib/python3.11/site-packages/airflow/example_dags/plugins/listener_plugin.py
[2025-08-31T18:57:12.877+0000] {processor.py:208} INFO - Processing /home/krishnaformeera/Sumitomo/datapipeline/venv/lib/python3.11/site-packages/airflow/example_dags/plugins/listener_plugin.py took 0.023 seconds
[2025-08-31T18:58:04.765+0000] {processor.py:186} INFO - Started process (PID=8764) to work on /home/krishnaformeera/Sumitomo/datapipeline/venv/lib/python3.11/site-packages/airflow/example_dags/plugins/listener_plugin.py
[2025-08-31T18:58:04.766+0000] {processor.py:914} INFO - Processing file /home/krishnaformeera/Sumitomo/datapipeline/venv/lib/python3.11/site-packages/airflow/example_dags/plugins/listener_plugin.py for tasks to queue
[2025-08-31T18:58:04.769+0000] {logging_mixin.py:190} INFO - [2025-08-31T18:58:04.768+0000] {dagbag.py:588} INFO - Filling up the DagBag from /home/krishnaformeera/Sumitomo/datapipeline/venv/lib/python3.11/site-packages/airflow/example_dags/plugins/listener_plugin.py
[2025-08-31T18:58:04.772+0000] {processor.py:927} WARNING - No viable dags retrieved from /home/krishnaformeera/Sumitomo/datapipeline/venv/lib/python3.11/site-packages/airflow/example_dags/plugins/listener_plugin.py
[2025-08-31T18:58:04.788+0000] {processor.py:208} INFO - Processing /home/krishnaformeera/Sumitomo/datapipeline/venv/lib/python3.11/site-packages/airflow/example_dags/plugins/listener_plugin.py took 0.030 seconds
[2025-08-31T18:58:58.170+0000] {processor.py:186} INFO - Started process (PID=8818) to work on /home/krishnaformeera/Sumitomo/datapipeline/venv/lib/python3.11/site-packages/airflow/example_dags/plugins/listener_plugin.py
[2025-08-31T18:58:58.171+0000] {processor.py:914} INFO - Processing file /home/krishnaformeera/Sumitomo/datapipeline/venv/lib/python3.11/site-packages/airflow/example_dags/plugins/listener_plugin.py for tasks to queue
[2025-08-31T18:58:58.173+0000] {logging_mixin.py:190} INFO - [2025-08-31T18:58:58.173+0000] {dagbag.py:588} INFO - Filling up the DagBag from /home/krishnaformeera/Sumitomo/datapipeline/venv/lib/python3.11/site-packages/airflow/example_dags/plugins/listener_plugin.py
[2025-08-31T18:58:58.175+0000] {processor.py:927} WARNING - No viable dags retrieved from /home/krishnaformeera/Sumitomo/datapipeline/venv/lib/python3.11/site-packages/airflow/example_dags/plugins/listener_plugin.py
[2025-08-31T18:58:58.187+0000] {processor.py:208} INFO - Processing /home/krishnaformeera/Sumitomo/datapipeline/venv/lib/python3.11/site-packages/airflow/example_dags/plugins/listener_plugin.py took 0.023 seconds
