[2025-08-31T18:29:58.616+0000] {processor.py:186} INFO - Started process (PID=5066) to work on /home/krishnaformeera/Sumitomo/datapipeline/venv/lib/python3.11/site-packages/airflow/example_dags/plugins/workday.py
[2025-08-31T18:29:58.617+0000] {processor.py:914} INFO - Processing file /home/krishnaformeera/Sumitomo/datapipeline/venv/lib/python3.11/site-packages/airflow/example_dags/plugins/workday.py for tasks to queue
[2025-08-31T18:29:58.619+0000] {logging_mixin.py:190} INFO - [2025-08-31T18:29:58.618+0000] {dagbag.py:588} INFO - Filling up the DagBag from /home/krishnaformeera/Sumitomo/datapipeline/venv/lib/python3.11/site-packages/airflow/example_dags/plugins/workday.py
[2025-08-31T18:29:58.621+0000] {logging_mixin.py:190} INFO - [2025-08-31T18:29:58.621+0000] {workday.py:41} WARNING - Could not import pandas. Holidays will not be considered.
[2025-08-31T18:29:58.622+0000] {processor.py:927} WARNING - No viable dags retrieved from /home/krishnaformeera/Sumitomo/datapipeline/venv/lib/python3.11/site-packages/airflow/example_dags/plugins/workday.py
[2025-08-31T18:29:58.635+0000] {processor.py:208} INFO - Processing /home/krishnaformeera/Sumitomo/datapipeline/venv/lib/python3.11/site-packages/airflow/example_dags/plugins/workday.py took 0.026 seconds
[2025-08-31T18:30:41.714+0000] {processor.py:186} INFO - Started process (PID=5194) to work on /home/krishnaformeera/Sumitomo/datapipeline/venv/lib/python3.11/site-packages/airflow/example_dags/plugins/workday.py
[2025-08-31T18:30:41.714+0000] {processor.py:914} INFO - Processing file /home/krishnaformeera/Sumitomo/datapipeline/venv/lib/python3.11/site-packages/airflow/example_dags/plugins/workday.py for tasks to queue
[2025-08-31T18:30:41.716+0000] {logging_mixin.py:190} INFO - [2025-08-31T18:30:41.716+0000] {dagbag.py:588} INFO - Filling up the DagBag from /home/krishnaformeera/Sumitomo/datapipeline/venv/lib/python3.11/site-packages/airflow/example_dags/plugins/workday.py
[2025-08-31T18:30:41.719+0000] {logging_mixin.py:190} INFO - [2025-08-31T18:30:41.719+0000] {workday.py:41} WARNING - Could not import pandas. Holidays will not be considered.
[2025-08-31T18:30:41.720+0000] {processor.py:927} WARNING - No viable dags retrieved from /home/krishnaformeera/Sumitomo/datapipeline/venv/lib/python3.11/site-packages/airflow/example_dags/plugins/workday.py
[2025-08-31T18:30:41.731+0000] {processor.py:208} INFO - Processing /home/krishnaformeera/Sumitomo/datapipeline/venv/lib/python3.11/site-packages/airflow/example_dags/plugins/workday.py took 0.023 seconds
[2025-08-31T18:31:43.505+0000] {processor.py:186} INFO - Started process (PID=5278) to work on /home/krishnaformeera/Sumitomo/datapipeline/venv/lib/python3.11/site-packages/airflow/example_dags/plugins/workday.py
[2025-08-31T18:31:43.508+0000] {processor.py:914} INFO - Processing file /home/krishnaformeera/Sumitomo/datapipeline/venv/lib/python3.11/site-packages/airflow/example_dags/plugins/workday.py for tasks to queue
[2025-08-31T18:31:43.511+0000] {logging_mixin.py:190} INFO - [2025-08-31T18:31:43.510+0000] {dagbag.py:588} INFO - Filling up the DagBag from /home/krishnaformeera/Sumitomo/datapipeline/venv/lib/python3.11/site-packages/airflow/example_dags/plugins/workday.py
[2025-08-31T18:31:43.514+0000] {logging_mixin.py:190} INFO - [2025-08-31T18:31:43.514+0000] {workday.py:41} WARNING - Could not import pandas. Holidays will not be considered.
[2025-08-31T18:31:43.514+0000] {processor.py:927} WARNING - No viable dags retrieved from /home/krishnaformeera/Sumitomo/datapipeline/venv/lib/python3.11/site-packages/airflow/example_dags/plugins/workday.py
[2025-08-31T18:31:43.527+0000] {processor.py:208} INFO - Processing /home/krishnaformeera/Sumitomo/datapipeline/venv/lib/python3.11/site-packages/airflow/example_dags/plugins/workday.py took 0.029 seconds
[2025-08-31T18:32:38.655+0000] {processor.py:186} INFO - Started process (PID=5335) to work on /home/krishnaformeera/Sumitomo/datapipeline/venv/lib/python3.11/site-packages/airflow/example_dags/plugins/workday.py
[2025-08-31T18:32:38.656+0000] {processor.py:914} INFO - Processing file /home/krishnaformeera/Sumitomo/datapipeline/venv/lib/python3.11/site-packages/airflow/example_dags/plugins/workday.py for tasks to queue
[2025-08-31T18:32:38.659+0000] {logging_mixin.py:190} INFO - [2025-08-31T18:32:38.658+0000] {dagbag.py:588} INFO - Filling up the DagBag from /home/krishnaformeera/Sumitomo/datapipeline/venv/lib/python3.11/site-packages/airflow/example_dags/plugins/workday.py
[2025-08-31T18:32:38.662+0000] {logging_mixin.py:190} INFO - [2025-08-31T18:32:38.662+0000] {workday.py:41} WARNING - Could not import pandas. Holidays will not be considered.
[2025-08-31T18:32:38.662+0000] {processor.py:927} WARNING - No viable dags retrieved from /home/krishnaformeera/Sumitomo/datapipeline/venv/lib/python3.11/site-packages/airflow/example_dags/plugins/workday.py
[2025-08-31T18:32:38.676+0000] {processor.py:208} INFO - Processing /home/krishnaformeera/Sumitomo/datapipeline/venv/lib/python3.11/site-packages/airflow/example_dags/plugins/workday.py took 0.028 seconds
[2025-08-31T18:33:27.883+0000] {processor.py:186} INFO - Started process (PID=5385) to work on /home/krishnaformeera/Sumitomo/datapipeline/venv/lib/python3.11/site-packages/airflow/example_dags/plugins/workday.py
[2025-08-31T18:33:27.884+0000] {processor.py:914} INFO - Processing file /home/krishnaformeera/Sumitomo/datapipeline/venv/lib/python3.11/site-packages/airflow/example_dags/plugins/workday.py for tasks to queue
[2025-08-31T18:33:27.886+0000] {logging_mixin.py:190} INFO - [2025-08-31T18:33:27.886+0000] {dagbag.py:588} INFO - Filling up the DagBag from /home/krishnaformeera/Sumitomo/datapipeline/venv/lib/python3.11/site-packages/airflow/example_dags/plugins/workday.py
[2025-08-31T18:33:27.889+0000] {logging_mixin.py:190} INFO - [2025-08-31T18:33:27.889+0000] {workday.py:41} WARNING - Could not import pandas. Holidays will not be considered.
[2025-08-31T18:33:27.890+0000] {processor.py:927} WARNING - No viable dags retrieved from /home/krishnaformeera/Sumitomo/datapipeline/venv/lib/python3.11/site-packages/airflow/example_dags/plugins/workday.py
[2025-08-31T18:33:27.903+0000] {processor.py:208} INFO - Processing /home/krishnaformeera/Sumitomo/datapipeline/venv/lib/python3.11/site-packages/airflow/example_dags/plugins/workday.py took 0.027 seconds
[2025-08-31T18:34:24.251+0000] {processor.py:186} INFO - Started process (PID=5441) to work on /home/krishnaformeera/Sumitomo/datapipeline/venv/lib/python3.11/site-packages/airflow/example_dags/plugins/workday.py
[2025-08-31T18:34:24.253+0000] {processor.py:914} INFO - Processing file /home/krishnaformeera/Sumitomo/datapipeline/venv/lib/python3.11/site-packages/airflow/example_dags/plugins/workday.py for tasks to queue
[2025-08-31T18:34:24.255+0000] {logging_mixin.py:190} INFO - [2025-08-31T18:34:24.255+0000] {dagbag.py:588} INFO - Filling up the DagBag from /home/krishnaformeera/Sumitomo/datapipeline/venv/lib/python3.11/site-packages/airflow/example_dags/plugins/workday.py
[2025-08-31T18:34:24.258+0000] {logging_mixin.py:190} INFO - [2025-08-31T18:34:24.258+0000] {workday.py:41} WARNING - Could not import pandas. Holidays will not be considered.
[2025-08-31T18:34:24.259+0000] {processor.py:927} WARNING - No viable dags retrieved from /home/krishnaformeera/Sumitomo/datapipeline/venv/lib/python3.11/site-packages/airflow/example_dags/plugins/workday.py
[2025-08-31T18:34:24.273+0000] {processor.py:208} INFO - Processing /home/krishnaformeera/Sumitomo/datapipeline/venv/lib/python3.11/site-packages/airflow/example_dags/plugins/workday.py took 0.029 seconds
[2025-08-31T18:35:14.991+0000] {processor.py:186} INFO - Started process (PID=5493) to work on /home/krishnaformeera/Sumitomo/datapipeline/venv/lib/python3.11/site-packages/airflow/example_dags/plugins/workday.py
[2025-08-31T18:35:14.992+0000] {processor.py:914} INFO - Processing file /home/krishnaformeera/Sumitomo/datapipeline/venv/lib/python3.11/site-packages/airflow/example_dags/plugins/workday.py for tasks to queue
[2025-08-31T18:35:14.994+0000] {logging_mixin.py:190} INFO - [2025-08-31T18:35:14.994+0000] {dagbag.py:588} INFO - Filling up the DagBag from /home/krishnaformeera/Sumitomo/datapipeline/venv/lib/python3.11/site-packages/airflow/example_dags/plugins/workday.py
[2025-08-31T18:35:14.997+0000] {logging_mixin.py:190} INFO - [2025-08-31T18:35:14.997+0000] {workday.py:41} WARNING - Could not import pandas. Holidays will not be considered.
[2025-08-31T18:35:14.998+0000] {processor.py:927} WARNING - No viable dags retrieved from /home/krishnaformeera/Sumitomo/datapipeline/venv/lib/python3.11/site-packages/airflow/example_dags/plugins/workday.py
[2025-08-31T18:35:15.012+0000] {processor.py:208} INFO - Processing /home/krishnaformeera/Sumitomo/datapipeline/venv/lib/python3.11/site-packages/airflow/example_dags/plugins/workday.py took 0.028 seconds
[2025-08-31T18:36:05.102+0000] {processor.py:186} INFO - Started process (PID=5556) to work on /home/krishnaformeera/Sumitomo/datapipeline/venv/lib/python3.11/site-packages/airflow/example_dags/plugins/workday.py
[2025-08-31T18:36:05.104+0000] {processor.py:914} INFO - Processing file /home/krishnaformeera/Sumitomo/datapipeline/venv/lib/python3.11/site-packages/airflow/example_dags/plugins/workday.py for tasks to queue
[2025-08-31T18:36:05.107+0000] {logging_mixin.py:190} INFO - [2025-08-31T18:36:05.106+0000] {dagbag.py:588} INFO - Filling up the DagBag from /home/krishnaformeera/Sumitomo/datapipeline/venv/lib/python3.11/site-packages/airflow/example_dags/plugins/workday.py
[2025-08-31T18:36:05.110+0000] {logging_mixin.py:190} INFO - [2025-08-31T18:36:05.110+0000] {workday.py:41} WARNING - Could not import pandas. Holidays will not be considered.
[2025-08-31T18:36:05.110+0000] {processor.py:927} WARNING - No viable dags retrieved from /home/krishnaformeera/Sumitomo/datapipeline/venv/lib/python3.11/site-packages/airflow/example_dags/plugins/workday.py
[2025-08-31T18:36:05.125+0000] {processor.py:208} INFO - Processing /home/krishnaformeera/Sumitomo/datapipeline/venv/lib/python3.11/site-packages/airflow/example_dags/plugins/workday.py took 0.030 seconds
[2025-08-31T18:36:56.505+0000] {processor.py:186} INFO - Started process (PID=5623) to work on /home/krishnaformeera/Sumitomo/datapipeline/venv/lib/python3.11/site-packages/airflow/example_dags/plugins/workday.py
[2025-08-31T18:36:56.506+0000] {processor.py:914} INFO - Processing file /home/krishnaformeera/Sumitomo/datapipeline/venv/lib/python3.11/site-packages/airflow/example_dags/plugins/workday.py for tasks to queue
[2025-08-31T18:36:56.508+0000] {logging_mixin.py:190} INFO - [2025-08-31T18:36:56.508+0000] {dagbag.py:588} INFO - Filling up the DagBag from /home/krishnaformeera/Sumitomo/datapipeline/venv/lib/python3.11/site-packages/airflow/example_dags/plugins/workday.py
[2025-08-31T18:36:56.512+0000] {logging_mixin.py:190} INFO - [2025-08-31T18:36:56.511+0000] {workday.py:41} WARNING - Could not import pandas. Holidays will not be considered.
[2025-08-31T18:36:56.512+0000] {processor.py:927} WARNING - No viable dags retrieved from /home/krishnaformeera/Sumitomo/datapipeline/venv/lib/python3.11/site-packages/airflow/example_dags/plugins/workday.py
[2025-08-31T18:36:56.526+0000] {processor.py:208} INFO - Processing /home/krishnaformeera/Sumitomo/datapipeline/venv/lib/python3.11/site-packages/airflow/example_dags/plugins/workday.py took 0.029 seconds
[2025-08-31T18:37:48.290+0000] {processor.py:186} INFO - Started process (PID=5687) to work on /home/krishnaformeera/Sumitomo/datapipeline/venv/lib/python3.11/site-packages/airflow/example_dags/plugins/workday.py
[2025-08-31T18:37:48.292+0000] {processor.py:914} INFO - Processing file /home/krishnaformeera/Sumitomo/datapipeline/venv/lib/python3.11/site-packages/airflow/example_dags/plugins/workday.py for tasks to queue
[2025-08-31T18:37:48.294+0000] {logging_mixin.py:190} INFO - [2025-08-31T18:37:48.293+0000] {dagbag.py:588} INFO - Filling up the DagBag from /home/krishnaformeera/Sumitomo/datapipeline/venv/lib/python3.11/site-packages/airflow/example_dags/plugins/workday.py
[2025-08-31T18:37:48.297+0000] {logging_mixin.py:190} INFO - [2025-08-31T18:37:48.296+0000] {workday.py:41} WARNING - Could not import pandas. Holidays will not be considered.
[2025-08-31T18:37:48.297+0000] {processor.py:927} WARNING - No viable dags retrieved from /home/krishnaformeera/Sumitomo/datapipeline/venv/lib/python3.11/site-packages/airflow/example_dags/plugins/workday.py
[2025-08-31T18:37:48.310+0000] {processor.py:208} INFO - Processing /home/krishnaformeera/Sumitomo/datapipeline/venv/lib/python3.11/site-packages/airflow/example_dags/plugins/workday.py took 0.026 seconds
[2025-08-31T18:39:55.695+0000] {processor.py:186} INFO - Started process (PID=6005) to work on /home/krishnaformeera/Sumitomo/datapipeline/venv/lib/python3.11/site-packages/airflow/example_dags/plugins/workday.py
[2025-08-31T18:39:55.696+0000] {processor.py:914} INFO - Processing file /home/krishnaformeera/Sumitomo/datapipeline/venv/lib/python3.11/site-packages/airflow/example_dags/plugins/workday.py for tasks to queue
[2025-08-31T18:39:55.698+0000] {logging_mixin.py:190} INFO - [2025-08-31T18:39:55.698+0000] {dagbag.py:588} INFO - Filling up the DagBag from /home/krishnaformeera/Sumitomo/datapipeline/venv/lib/python3.11/site-packages/airflow/example_dags/plugins/workday.py
[2025-08-31T18:39:55.701+0000] {logging_mixin.py:190} INFO - [2025-08-31T18:39:55.700+0000] {workday.py:41} WARNING - Could not import pandas. Holidays will not be considered.
[2025-08-31T18:39:55.701+0000] {processor.py:927} WARNING - No viable dags retrieved from /home/krishnaformeera/Sumitomo/datapipeline/venv/lib/python3.11/site-packages/airflow/example_dags/plugins/workday.py
[2025-08-31T18:39:55.715+0000] {processor.py:208} INFO - Processing /home/krishnaformeera/Sumitomo/datapipeline/venv/lib/python3.11/site-packages/airflow/example_dags/plugins/workday.py took 0.026 seconds
[2025-08-31T18:40:50.086+0000] {processor.py:186} INFO - Started process (PID=6307) to work on /home/krishnaformeera/Sumitomo/datapipeline/venv/lib/python3.11/site-packages/airflow/example_dags/plugins/workday.py
[2025-08-31T18:40:50.087+0000] {processor.py:914} INFO - Processing file /home/krishnaformeera/Sumitomo/datapipeline/venv/lib/python3.11/site-packages/airflow/example_dags/plugins/workday.py for tasks to queue
[2025-08-31T18:40:50.089+0000] {logging_mixin.py:190} INFO - [2025-08-31T18:40:50.089+0000] {dagbag.py:588} INFO - Filling up the DagBag from /home/krishnaformeera/Sumitomo/datapipeline/venv/lib/python3.11/site-packages/airflow/example_dags/plugins/workday.py
[2025-08-31T18:40:50.092+0000] {logging_mixin.py:190} INFO - [2025-08-31T18:40:50.092+0000] {workday.py:41} WARNING - Could not import pandas. Holidays will not be considered.
[2025-08-31T18:40:50.092+0000] {processor.py:927} WARNING - No viable dags retrieved from /home/krishnaformeera/Sumitomo/datapipeline/venv/lib/python3.11/site-packages/airflow/example_dags/plugins/workday.py
[2025-08-31T18:40:50.103+0000] {processor.py:208} INFO - Processing /home/krishnaformeera/Sumitomo/datapipeline/venv/lib/python3.11/site-packages/airflow/example_dags/plugins/workday.py took 0.025 seconds
[2025-08-31T18:41:40.545+0000] {processor.py:186} INFO - Started process (PID=6444) to work on /home/krishnaformeera/Sumitomo/datapipeline/venv/lib/python3.11/site-packages/airflow/example_dags/plugins/workday.py
[2025-08-31T18:41:40.547+0000] {processor.py:914} INFO - Processing file /home/krishnaformeera/Sumitomo/datapipeline/venv/lib/python3.11/site-packages/airflow/example_dags/plugins/workday.py for tasks to queue
[2025-08-31T18:41:40.549+0000] {logging_mixin.py:190} INFO - [2025-08-31T18:41:40.548+0000] {dagbag.py:588} INFO - Filling up the DagBag from /home/krishnaformeera/Sumitomo/datapipeline/venv/lib/python3.11/site-packages/airflow/example_dags/plugins/workday.py
[2025-08-31T18:41:40.551+0000] {logging_mixin.py:190} INFO - [2025-08-31T18:41:40.551+0000] {workday.py:41} WARNING - Could not import pandas. Holidays will not be considered.
[2025-08-31T18:41:40.552+0000] {processor.py:927} WARNING - No viable dags retrieved from /home/krishnaformeera/Sumitomo/datapipeline/venv/lib/python3.11/site-packages/airflow/example_dags/plugins/workday.py
[2025-08-31T18:41:40.563+0000] {processor.py:208} INFO - Processing /home/krishnaformeera/Sumitomo/datapipeline/venv/lib/python3.11/site-packages/airflow/example_dags/plugins/workday.py took 0.025 seconds
[2025-08-31T18:42:34.933+0000] {processor.py:186} INFO - Started process (PID=6629) to work on /home/krishnaformeera/Sumitomo/datapipeline/venv/lib/python3.11/site-packages/airflow/example_dags/plugins/workday.py
[2025-08-31T18:42:34.934+0000] {processor.py:914} INFO - Processing file /home/krishnaformeera/Sumitomo/datapipeline/venv/lib/python3.11/site-packages/airflow/example_dags/plugins/workday.py for tasks to queue
[2025-08-31T18:42:34.937+0000] {logging_mixin.py:190} INFO - [2025-08-31T18:42:34.936+0000] {dagbag.py:588} INFO - Filling up the DagBag from /home/krishnaformeera/Sumitomo/datapipeline/venv/lib/python3.11/site-packages/airflow/example_dags/plugins/workday.py
[2025-08-31T18:42:34.939+0000] {logging_mixin.py:190} INFO - [2025-08-31T18:42:34.939+0000] {workday.py:41} WARNING - Could not import pandas. Holidays will not be considered.
[2025-08-31T18:42:34.940+0000] {processor.py:927} WARNING - No viable dags retrieved from /home/krishnaformeera/Sumitomo/datapipeline/venv/lib/python3.11/site-packages/airflow/example_dags/plugins/workday.py
[2025-08-31T18:42:34.954+0000] {processor.py:208} INFO - Processing /home/krishnaformeera/Sumitomo/datapipeline/venv/lib/python3.11/site-packages/airflow/example_dags/plugins/workday.py took 0.028 seconds
[2025-08-31T18:43:33.733+0000] {processor.py:186} INFO - Started process (PID=6881) to work on /home/krishnaformeera/Sumitomo/datapipeline/venv/lib/python3.11/site-packages/airflow/example_dags/plugins/workday.py
[2025-08-31T18:43:33.734+0000] {processor.py:914} INFO - Processing file /home/krishnaformeera/Sumitomo/datapipeline/venv/lib/python3.11/site-packages/airflow/example_dags/plugins/workday.py for tasks to queue
[2025-08-31T18:43:33.736+0000] {logging_mixin.py:190} INFO - [2025-08-31T18:43:33.736+0000] {dagbag.py:588} INFO - Filling up the DagBag from /home/krishnaformeera/Sumitomo/datapipeline/venv/lib/python3.11/site-packages/airflow/example_dags/plugins/workday.py
[2025-08-31T18:43:33.739+0000] {logging_mixin.py:190} INFO - [2025-08-31T18:43:33.739+0000] {workday.py:41} WARNING - Could not import pandas. Holidays will not be considered.
[2025-08-31T18:43:33.739+0000] {processor.py:927} WARNING - No viable dags retrieved from /home/krishnaformeera/Sumitomo/datapipeline/venv/lib/python3.11/site-packages/airflow/example_dags/plugins/workday.py
[2025-08-31T18:43:33.750+0000] {processor.py:208} INFO - Processing /home/krishnaformeera/Sumitomo/datapipeline/venv/lib/python3.11/site-packages/airflow/example_dags/plugins/workday.py took 0.024 seconds
[2025-08-31T18:44:25.541+0000] {processor.py:186} INFO - Started process (PID=7099) to work on /home/krishnaformeera/Sumitomo/datapipeline/venv/lib/python3.11/site-packages/airflow/example_dags/plugins/workday.py
[2025-08-31T18:44:25.544+0000] {processor.py:914} INFO - Processing file /home/krishnaformeera/Sumitomo/datapipeline/venv/lib/python3.11/site-packages/airflow/example_dags/plugins/workday.py for tasks to queue
[2025-08-31T18:44:25.546+0000] {logging_mixin.py:190} INFO - [2025-08-31T18:44:25.546+0000] {dagbag.py:588} INFO - Filling up the DagBag from /home/krishnaformeera/Sumitomo/datapipeline/venv/lib/python3.11/site-packages/airflow/example_dags/plugins/workday.py
[2025-08-31T18:44:25.550+0000] {logging_mixin.py:190} INFO - [2025-08-31T18:44:25.549+0000] {workday.py:41} WARNING - Could not import pandas. Holidays will not be considered.
[2025-08-31T18:44:25.550+0000] {processor.py:927} WARNING - No viable dags retrieved from /home/krishnaformeera/Sumitomo/datapipeline/venv/lib/python3.11/site-packages/airflow/example_dags/plugins/workday.py
[2025-08-31T18:44:25.562+0000] {processor.py:208} INFO - Processing /home/krishnaformeera/Sumitomo/datapipeline/venv/lib/python3.11/site-packages/airflow/example_dags/plugins/workday.py took 0.028 seconds
[2025-08-31T18:45:15.744+0000] {processor.py:186} INFO - Started process (PID=7344) to work on /home/krishnaformeera/Sumitomo/datapipeline/venv/lib/python3.11/site-packages/airflow/example_dags/plugins/workday.py
[2025-08-31T18:45:15.745+0000] {processor.py:914} INFO - Processing file /home/krishnaformeera/Sumitomo/datapipeline/venv/lib/python3.11/site-packages/airflow/example_dags/plugins/workday.py for tasks to queue
[2025-08-31T18:45:15.747+0000] {logging_mixin.py:190} INFO - [2025-08-31T18:45:15.747+0000] {dagbag.py:588} INFO - Filling up the DagBag from /home/krishnaformeera/Sumitomo/datapipeline/venv/lib/python3.11/site-packages/airflow/example_dags/plugins/workday.py
[2025-08-31T18:45:15.750+0000] {logging_mixin.py:190} INFO - [2025-08-31T18:45:15.750+0000] {workday.py:41} WARNING - Could not import pandas. Holidays will not be considered.
[2025-08-31T18:45:15.750+0000] {processor.py:927} WARNING - No viable dags retrieved from /home/krishnaformeera/Sumitomo/datapipeline/venv/lib/python3.11/site-packages/airflow/example_dags/plugins/workday.py
[2025-08-31T18:45:15.761+0000] {processor.py:208} INFO - Processing /home/krishnaformeera/Sumitomo/datapipeline/venv/lib/python3.11/site-packages/airflow/example_dags/plugins/workday.py took 0.024 seconds
[2025-08-31T18:46:08.377+0000] {processor.py:186} INFO - Started process (PID=7612) to work on /home/krishnaformeera/Sumitomo/datapipeline/venv/lib/python3.11/site-packages/airflow/example_dags/plugins/workday.py
[2025-08-31T18:46:08.379+0000] {processor.py:914} INFO - Processing file /home/krishnaformeera/Sumitomo/datapipeline/venv/lib/python3.11/site-packages/airflow/example_dags/plugins/workday.py for tasks to queue
[2025-08-31T18:46:08.382+0000] {logging_mixin.py:190} INFO - [2025-08-31T18:46:08.381+0000] {dagbag.py:588} INFO - Filling up the DagBag from /home/krishnaformeera/Sumitomo/datapipeline/venv/lib/python3.11/site-packages/airflow/example_dags/plugins/workday.py
[2025-08-31T18:46:08.384+0000] {logging_mixin.py:190} INFO - [2025-08-31T18:46:08.384+0000] {workday.py:41} WARNING - Could not import pandas. Holidays will not be considered.
[2025-08-31T18:46:08.385+0000] {processor.py:927} WARNING - No viable dags retrieved from /home/krishnaformeera/Sumitomo/datapipeline/venv/lib/python3.11/site-packages/airflow/example_dags/plugins/workday.py
[2025-08-31T18:46:08.396+0000] {processor.py:208} INFO - Processing /home/krishnaformeera/Sumitomo/datapipeline/venv/lib/python3.11/site-packages/airflow/example_dags/plugins/workday.py took 0.026 seconds
[2025-08-31T18:47:00.769+0000] {processor.py:186} INFO - Started process (PID=7767) to work on /home/krishnaformeera/Sumitomo/datapipeline/venv/lib/python3.11/site-packages/airflow/example_dags/plugins/workday.py
[2025-08-31T18:47:00.772+0000] {processor.py:914} INFO - Processing file /home/krishnaformeera/Sumitomo/datapipeline/venv/lib/python3.11/site-packages/airflow/example_dags/plugins/workday.py for tasks to queue
[2025-08-31T18:47:00.774+0000] {logging_mixin.py:190} INFO - [2025-08-31T18:47:00.774+0000] {dagbag.py:588} INFO - Filling up the DagBag from /home/krishnaformeera/Sumitomo/datapipeline/venv/lib/python3.11/site-packages/airflow/example_dags/plugins/workday.py
[2025-08-31T18:47:00.777+0000] {logging_mixin.py:190} INFO - [2025-08-31T18:47:00.777+0000] {workday.py:41} WARNING - Could not import pandas. Holidays will not be considered.
[2025-08-31T18:47:00.778+0000] {processor.py:927} WARNING - No viable dags retrieved from /home/krishnaformeera/Sumitomo/datapipeline/venv/lib/python3.11/site-packages/airflow/example_dags/plugins/workday.py
[2025-08-31T18:47:00.790+0000] {processor.py:208} INFO - Processing /home/krishnaformeera/Sumitomo/datapipeline/venv/lib/python3.11/site-packages/airflow/example_dags/plugins/workday.py took 0.029 seconds
[2025-08-31T18:47:51.449+0000] {processor.py:186} INFO - Started process (PID=7823) to work on /home/krishnaformeera/Sumitomo/datapipeline/venv/lib/python3.11/site-packages/airflow/example_dags/plugins/workday.py
[2025-08-31T18:47:51.451+0000] {processor.py:914} INFO - Processing file /home/krishnaformeera/Sumitomo/datapipeline/venv/lib/python3.11/site-packages/airflow/example_dags/plugins/workday.py for tasks to queue
[2025-08-31T18:47:51.453+0000] {logging_mixin.py:190} INFO - [2025-08-31T18:47:51.453+0000] {dagbag.py:588} INFO - Filling up the DagBag from /home/krishnaformeera/Sumitomo/datapipeline/venv/lib/python3.11/site-packages/airflow/example_dags/plugins/workday.py
[2025-08-31T18:47:51.457+0000] {logging_mixin.py:190} INFO - [2025-08-31T18:47:51.457+0000] {workday.py:41} WARNING - Could not import pandas. Holidays will not be considered.
[2025-08-31T18:47:51.458+0000] {processor.py:927} WARNING - No viable dags retrieved from /home/krishnaformeera/Sumitomo/datapipeline/venv/lib/python3.11/site-packages/airflow/example_dags/plugins/workday.py
[2025-08-31T18:47:51.476+0000] {processor.py:208} INFO - Processing /home/krishnaformeera/Sumitomo/datapipeline/venv/lib/python3.11/site-packages/airflow/example_dags/plugins/workday.py took 0.035 seconds
[2025-08-31T18:48:41.869+0000] {processor.py:186} INFO - Started process (PID=7878) to work on /home/krishnaformeera/Sumitomo/datapipeline/venv/lib/python3.11/site-packages/airflow/example_dags/plugins/workday.py
[2025-08-31T18:48:41.870+0000] {processor.py:914} INFO - Processing file /home/krishnaformeera/Sumitomo/datapipeline/venv/lib/python3.11/site-packages/airflow/example_dags/plugins/workday.py for tasks to queue
[2025-08-31T18:48:41.873+0000] {logging_mixin.py:190} INFO - [2025-08-31T18:48:41.873+0000] {dagbag.py:588} INFO - Filling up the DagBag from /home/krishnaformeera/Sumitomo/datapipeline/venv/lib/python3.11/site-packages/airflow/example_dags/plugins/workday.py
[2025-08-31T18:48:41.876+0000] {logging_mixin.py:190} INFO - [2025-08-31T18:48:41.876+0000] {workday.py:41} WARNING - Could not import pandas. Holidays will not be considered.
[2025-08-31T18:48:41.876+0000] {processor.py:927} WARNING - No viable dags retrieved from /home/krishnaformeera/Sumitomo/datapipeline/venv/lib/python3.11/site-packages/airflow/example_dags/plugins/workday.py
[2025-08-31T18:48:41.889+0000] {processor.py:208} INFO - Processing /home/krishnaformeera/Sumitomo/datapipeline/venv/lib/python3.11/site-packages/airflow/example_dags/plugins/workday.py took 0.028 seconds
[2025-08-31T18:49:31.762+0000] {processor.py:186} INFO - Started process (PID=7937) to work on /home/krishnaformeera/Sumitomo/datapipeline/venv/lib/python3.11/site-packages/airflow/example_dags/plugins/workday.py
[2025-08-31T18:49:31.763+0000] {processor.py:914} INFO - Processing file /home/krishnaformeera/Sumitomo/datapipeline/venv/lib/python3.11/site-packages/airflow/example_dags/plugins/workday.py for tasks to queue
[2025-08-31T18:49:31.765+0000] {logging_mixin.py:190} INFO - [2025-08-31T18:49:31.764+0000] {dagbag.py:588} INFO - Filling up the DagBag from /home/krishnaformeera/Sumitomo/datapipeline/venv/lib/python3.11/site-packages/airflow/example_dags/plugins/workday.py
[2025-08-31T18:49:31.767+0000] {logging_mixin.py:190} INFO - [2025-08-31T18:49:31.767+0000] {workday.py:41} WARNING - Could not import pandas. Holidays will not be considered.
[2025-08-31T18:49:31.768+0000] {processor.py:927} WARNING - No viable dags retrieved from /home/krishnaformeera/Sumitomo/datapipeline/venv/lib/python3.11/site-packages/airflow/example_dags/plugins/workday.py
[2025-08-31T18:49:31.783+0000] {processor.py:208} INFO - Processing /home/krishnaformeera/Sumitomo/datapipeline/venv/lib/python3.11/site-packages/airflow/example_dags/plugins/workday.py took 0.028 seconds
[2025-08-31T18:50:26.269+0000] {processor.py:186} INFO - Started process (PID=8053) to work on /home/krishnaformeera/Sumitomo/datapipeline/venv/lib/python3.11/site-packages/airflow/example_dags/plugins/workday.py
[2025-08-31T18:50:26.270+0000] {processor.py:914} INFO - Processing file /home/krishnaformeera/Sumitomo/datapipeline/venv/lib/python3.11/site-packages/airflow/example_dags/plugins/workday.py for tasks to queue
[2025-08-31T18:50:26.272+0000] {logging_mixin.py:190} INFO - [2025-08-31T18:50:26.272+0000] {dagbag.py:588} INFO - Filling up the DagBag from /home/krishnaformeera/Sumitomo/datapipeline/venv/lib/python3.11/site-packages/airflow/example_dags/plugins/workday.py
[2025-08-31T18:50:26.274+0000] {logging_mixin.py:190} INFO - [2025-08-31T18:50:26.274+0000] {workday.py:41} WARNING - Could not import pandas. Holidays will not be considered.
[2025-08-31T18:50:26.275+0000] {processor.py:927} WARNING - No viable dags retrieved from /home/krishnaformeera/Sumitomo/datapipeline/venv/lib/python3.11/site-packages/airflow/example_dags/plugins/workday.py
[2025-08-31T18:50:26.285+0000] {processor.py:208} INFO - Processing /home/krishnaformeera/Sumitomo/datapipeline/venv/lib/python3.11/site-packages/airflow/example_dags/plugins/workday.py took 0.022 seconds
[2025-08-31T18:51:17.969+0000] {processor.py:186} INFO - Started process (PID=8134) to work on /home/krishnaformeera/Sumitomo/datapipeline/venv/lib/python3.11/site-packages/airflow/example_dags/plugins/workday.py
[2025-08-31T18:51:17.970+0000] {processor.py:914} INFO - Processing file /home/krishnaformeera/Sumitomo/datapipeline/venv/lib/python3.11/site-packages/airflow/example_dags/plugins/workday.py for tasks to queue
[2025-08-31T18:51:17.972+0000] {logging_mixin.py:190} INFO - [2025-08-31T18:51:17.972+0000] {dagbag.py:588} INFO - Filling up the DagBag from /home/krishnaformeera/Sumitomo/datapipeline/venv/lib/python3.11/site-packages/airflow/example_dags/plugins/workday.py
[2025-08-31T18:51:17.975+0000] {logging_mixin.py:190} INFO - [2025-08-31T18:51:17.975+0000] {workday.py:41} WARNING - Could not import pandas. Holidays will not be considered.
[2025-08-31T18:51:17.976+0000] {processor.py:927} WARNING - No viable dags retrieved from /home/krishnaformeera/Sumitomo/datapipeline/venv/lib/python3.11/site-packages/airflow/example_dags/plugins/workday.py
[2025-08-31T18:51:17.989+0000] {processor.py:208} INFO - Processing /home/krishnaformeera/Sumitomo/datapipeline/venv/lib/python3.11/site-packages/airflow/example_dags/plugins/workday.py took 0.027 seconds
[2025-08-31T18:52:07.449+0000] {processor.py:186} INFO - Started process (PID=8202) to work on /home/krishnaformeera/Sumitomo/datapipeline/venv/lib/python3.11/site-packages/airflow/example_dags/plugins/workday.py
[2025-08-31T18:52:07.450+0000] {processor.py:914} INFO - Processing file /home/krishnaformeera/Sumitomo/datapipeline/venv/lib/python3.11/site-packages/airflow/example_dags/plugins/workday.py for tasks to queue
[2025-08-31T18:52:07.452+0000] {logging_mixin.py:190} INFO - [2025-08-31T18:52:07.452+0000] {dagbag.py:588} INFO - Filling up the DagBag from /home/krishnaformeera/Sumitomo/datapipeline/venv/lib/python3.11/site-packages/airflow/example_dags/plugins/workday.py
[2025-08-31T18:52:07.455+0000] {logging_mixin.py:190} INFO - [2025-08-31T18:52:07.455+0000] {workday.py:41} WARNING - Could not import pandas. Holidays will not be considered.
[2025-08-31T18:52:07.455+0000] {processor.py:927} WARNING - No viable dags retrieved from /home/krishnaformeera/Sumitomo/datapipeline/venv/lib/python3.11/site-packages/airflow/example_dags/plugins/workday.py
[2025-08-31T18:52:07.467+0000] {processor.py:208} INFO - Processing /home/krishnaformeera/Sumitomo/datapipeline/venv/lib/python3.11/site-packages/airflow/example_dags/plugins/workday.py took 0.024 seconds
[2025-08-31T18:52:54.716+0000] {processor.py:186} INFO - Started process (PID=8266) to work on /home/krishnaformeera/Sumitomo/datapipeline/venv/lib/python3.11/site-packages/airflow/example_dags/plugins/workday.py
[2025-08-31T18:52:54.717+0000] {processor.py:914} INFO - Processing file /home/krishnaformeera/Sumitomo/datapipeline/venv/lib/python3.11/site-packages/airflow/example_dags/plugins/workday.py for tasks to queue
[2025-08-31T18:52:54.720+0000] {logging_mixin.py:190} INFO - [2025-08-31T18:52:54.719+0000] {dagbag.py:588} INFO - Filling up the DagBag from /home/krishnaformeera/Sumitomo/datapipeline/venv/lib/python3.11/site-packages/airflow/example_dags/plugins/workday.py
[2025-08-31T18:52:54.722+0000] {logging_mixin.py:190} INFO - [2025-08-31T18:52:54.722+0000] {workday.py:41} WARNING - Could not import pandas. Holidays will not be considered.
[2025-08-31T18:52:54.722+0000] {processor.py:927} WARNING - No viable dags retrieved from /home/krishnaformeera/Sumitomo/datapipeline/venv/lib/python3.11/site-packages/airflow/example_dags/plugins/workday.py
[2025-08-31T18:52:54.734+0000] {processor.py:208} INFO - Processing /home/krishnaformeera/Sumitomo/datapipeline/venv/lib/python3.11/site-packages/airflow/example_dags/plugins/workday.py took 0.027 seconds
[2025-08-31T18:53:44.618+0000] {processor.py:186} INFO - Started process (PID=8460) to work on /home/krishnaformeera/Sumitomo/datapipeline/venv/lib/python3.11/site-packages/airflow/example_dags/plugins/workday.py
[2025-08-31T18:53:44.619+0000] {processor.py:914} INFO - Processing file /home/krishnaformeera/Sumitomo/datapipeline/venv/lib/python3.11/site-packages/airflow/example_dags/plugins/workday.py for tasks to queue
[2025-08-31T18:53:44.622+0000] {logging_mixin.py:190} INFO - [2025-08-31T18:53:44.621+0000] {dagbag.py:588} INFO - Filling up the DagBag from /home/krishnaformeera/Sumitomo/datapipeline/venv/lib/python3.11/site-packages/airflow/example_dags/plugins/workday.py
[2025-08-31T18:53:44.624+0000] {logging_mixin.py:190} INFO - [2025-08-31T18:53:44.624+0000] {workday.py:41} WARNING - Could not import pandas. Holidays will not be considered.
[2025-08-31T18:53:44.624+0000] {processor.py:927} WARNING - No viable dags retrieved from /home/krishnaformeera/Sumitomo/datapipeline/venv/lib/python3.11/site-packages/airflow/example_dags/plugins/workday.py
[2025-08-31T18:53:44.636+0000] {processor.py:208} INFO - Processing /home/krishnaformeera/Sumitomo/datapipeline/venv/lib/python3.11/site-packages/airflow/example_dags/plugins/workday.py took 0.024 seconds
[2025-08-31T18:54:33.727+0000] {processor.py:186} INFO - Started process (PID=8510) to work on /home/krishnaformeera/Sumitomo/datapipeline/venv/lib/python3.11/site-packages/airflow/example_dags/plugins/workday.py
[2025-08-31T18:54:33.728+0000] {processor.py:914} INFO - Processing file /home/krishnaformeera/Sumitomo/datapipeline/venv/lib/python3.11/site-packages/airflow/example_dags/plugins/workday.py for tasks to queue
[2025-08-31T18:54:33.731+0000] {logging_mixin.py:190} INFO - [2025-08-31T18:54:33.730+0000] {dagbag.py:588} INFO - Filling up the DagBag from /home/krishnaformeera/Sumitomo/datapipeline/venv/lib/python3.11/site-packages/airflow/example_dags/plugins/workday.py
[2025-08-31T18:54:33.734+0000] {logging_mixin.py:190} INFO - [2025-08-31T18:54:33.734+0000] {workday.py:41} WARNING - Could not import pandas. Holidays will not be considered.
[2025-08-31T18:54:33.735+0000] {processor.py:927} WARNING - No viable dags retrieved from /home/krishnaformeera/Sumitomo/datapipeline/venv/lib/python3.11/site-packages/airflow/example_dags/plugins/workday.py
[2025-08-31T18:54:33.747+0000] {processor.py:208} INFO - Processing /home/krishnaformeera/Sumitomo/datapipeline/venv/lib/python3.11/site-packages/airflow/example_dags/plugins/workday.py took 0.028 seconds
[2025-08-31T18:55:26.105+0000] {processor.py:186} INFO - Started process (PID=8590) to work on /home/krishnaformeera/Sumitomo/datapipeline/venv/lib/python3.11/site-packages/airflow/example_dags/plugins/workday.py
[2025-08-31T18:55:26.106+0000] {processor.py:914} INFO - Processing file /home/krishnaformeera/Sumitomo/datapipeline/venv/lib/python3.11/site-packages/airflow/example_dags/plugins/workday.py for tasks to queue
[2025-08-31T18:55:26.109+0000] {logging_mixin.py:190} INFO - [2025-08-31T18:55:26.108+0000] {dagbag.py:588} INFO - Filling up the DagBag from /home/krishnaformeera/Sumitomo/datapipeline/venv/lib/python3.11/site-packages/airflow/example_dags/plugins/workday.py
[2025-08-31T18:55:26.112+0000] {logging_mixin.py:190} INFO - [2025-08-31T18:55:26.112+0000] {workday.py:41} WARNING - Could not import pandas. Holidays will not be considered.
[2025-08-31T18:55:26.113+0000] {processor.py:927} WARNING - No viable dags retrieved from /home/krishnaformeera/Sumitomo/datapipeline/venv/lib/python3.11/site-packages/airflow/example_dags/plugins/workday.py
[2025-08-31T18:55:26.128+0000] {processor.py:208} INFO - Processing /home/krishnaformeera/Sumitomo/datapipeline/venv/lib/python3.11/site-packages/airflow/example_dags/plugins/workday.py took 0.031 seconds
[2025-08-31T18:56:20.081+0000] {processor.py:186} INFO - Started process (PID=8659) to work on /home/krishnaformeera/Sumitomo/datapipeline/venv/lib/python3.11/site-packages/airflow/example_dags/plugins/workday.py
[2025-08-31T18:56:20.082+0000] {processor.py:914} INFO - Processing file /home/krishnaformeera/Sumitomo/datapipeline/venv/lib/python3.11/site-packages/airflow/example_dags/plugins/workday.py for tasks to queue
[2025-08-31T18:56:20.085+0000] {logging_mixin.py:190} INFO - [2025-08-31T18:56:20.084+0000] {dagbag.py:588} INFO - Filling up the DagBag from /home/krishnaformeera/Sumitomo/datapipeline/venv/lib/python3.11/site-packages/airflow/example_dags/plugins/workday.py
[2025-08-31T18:56:20.088+0000] {logging_mixin.py:190} INFO - [2025-08-31T18:56:20.088+0000] {workday.py:41} WARNING - Could not import pandas. Holidays will not be considered.
[2025-08-31T18:56:20.089+0000] {processor.py:927} WARNING - No viable dags retrieved from /home/krishnaformeera/Sumitomo/datapipeline/venv/lib/python3.11/site-packages/airflow/example_dags/plugins/workday.py
[2025-08-31T18:56:20.103+0000] {processor.py:208} INFO - Processing /home/krishnaformeera/Sumitomo/datapipeline/venv/lib/python3.11/site-packages/airflow/example_dags/plugins/workday.py took 0.030 seconds
[2025-08-31T18:57:14.015+0000] {processor.py:186} INFO - Started process (PID=8712) to work on /home/krishnaformeera/Sumitomo/datapipeline/venv/lib/python3.11/site-packages/airflow/example_dags/plugins/workday.py
[2025-08-31T18:57:14.016+0000] {processor.py:914} INFO - Processing file /home/krishnaformeera/Sumitomo/datapipeline/venv/lib/python3.11/site-packages/airflow/example_dags/plugins/workday.py for tasks to queue
[2025-08-31T18:57:14.019+0000] {logging_mixin.py:190} INFO - [2025-08-31T18:57:14.018+0000] {dagbag.py:588} INFO - Filling up the DagBag from /home/krishnaformeera/Sumitomo/datapipeline/venv/lib/python3.11/site-packages/airflow/example_dags/plugins/workday.py
[2025-08-31T18:57:14.022+0000] {logging_mixin.py:190} INFO - [2025-08-31T18:57:14.022+0000] {workday.py:41} WARNING - Could not import pandas. Holidays will not be considered.
[2025-08-31T18:57:14.022+0000] {processor.py:927} WARNING - No viable dags retrieved from /home/krishnaformeera/Sumitomo/datapipeline/venv/lib/python3.11/site-packages/airflow/example_dags/plugins/workday.py
[2025-08-31T18:57:14.036+0000] {processor.py:208} INFO - Processing /home/krishnaformeera/Sumitomo/datapipeline/venv/lib/python3.11/site-packages/airflow/example_dags/plugins/workday.py took 0.030 seconds
[2025-08-31T18:58:05.907+0000] {processor.py:186} INFO - Started process (PID=8765) to work on /home/krishnaformeera/Sumitomo/datapipeline/venv/lib/python3.11/site-packages/airflow/example_dags/plugins/workday.py
[2025-08-31T18:58:05.908+0000] {processor.py:914} INFO - Processing file /home/krishnaformeera/Sumitomo/datapipeline/venv/lib/python3.11/site-packages/airflow/example_dags/plugins/workday.py for tasks to queue
[2025-08-31T18:58:05.910+0000] {logging_mixin.py:190} INFO - [2025-08-31T18:58:05.910+0000] {dagbag.py:588} INFO - Filling up the DagBag from /home/krishnaformeera/Sumitomo/datapipeline/venv/lib/python3.11/site-packages/airflow/example_dags/plugins/workday.py
[2025-08-31T18:58:05.913+0000] {logging_mixin.py:190} INFO - [2025-08-31T18:58:05.913+0000] {workday.py:41} WARNING - Could not import pandas. Holidays will not be considered.
[2025-08-31T18:58:05.913+0000] {processor.py:927} WARNING - No viable dags retrieved from /home/krishnaformeera/Sumitomo/datapipeline/venv/lib/python3.11/site-packages/airflow/example_dags/plugins/workday.py
[2025-08-31T18:58:05.927+0000] {processor.py:208} INFO - Processing /home/krishnaformeera/Sumitomo/datapipeline/venv/lib/python3.11/site-packages/airflow/example_dags/plugins/workday.py took 0.027 seconds
[2025-08-31T18:58:59.323+0000] {processor.py:186} INFO - Started process (PID=8819) to work on /home/krishnaformeera/Sumitomo/datapipeline/venv/lib/python3.11/site-packages/airflow/example_dags/plugins/workday.py
[2025-08-31T18:58:59.324+0000] {processor.py:914} INFO - Processing file /home/krishnaformeera/Sumitomo/datapipeline/venv/lib/python3.11/site-packages/airflow/example_dags/plugins/workday.py for tasks to queue
[2025-08-31T18:58:59.326+0000] {logging_mixin.py:190} INFO - [2025-08-31T18:58:59.326+0000] {dagbag.py:588} INFO - Filling up the DagBag from /home/krishnaformeera/Sumitomo/datapipeline/venv/lib/python3.11/site-packages/airflow/example_dags/plugins/workday.py
[2025-08-31T18:58:59.329+0000] {logging_mixin.py:190} INFO - [2025-08-31T18:58:59.329+0000] {workday.py:41} WARNING - Could not import pandas. Holidays will not be considered.
[2025-08-31T18:58:59.329+0000] {processor.py:927} WARNING - No viable dags retrieved from /home/krishnaformeera/Sumitomo/datapipeline/venv/lib/python3.11/site-packages/airflow/example_dags/plugins/workday.py
[2025-08-31T18:58:59.341+0000] {processor.py:208} INFO - Processing /home/krishnaformeera/Sumitomo/datapipeline/venv/lib/python3.11/site-packages/airflow/example_dags/plugins/workday.py took 0.024 seconds
