[2025-08-31T18:31:25.201+0000] {processor.py:186} INFO - Started process (PID=5263) to work on /home/krishnaformeera/Sumitomo/datapipeline/venv/lib/python3.11/site-packages/airflow/example_dags/example_dataset_alias.py
[2025-08-31T18:31:25.202+0000] {processor.py:914} INFO - Processing file /home/krishnaformeera/Sumitomo/datapipeline/venv/lib/python3.11/site-packages/airflow/example_dags/example_dataset_alias.py for tasks to queue
[2025-08-31T18:31:25.204+0000] {logging_mixin.py:190} INFO - [2025-08-31T18:31:25.203+0000] {dagbag.py:588} INFO - Filling up the DagBag from /home/krishnaformeera/Sumitomo/datapipeline/venv/lib/python3.11/site-packages/airflow/example_dags/example_dataset_alias.py
[2025-08-31T18:31:25.222+0000] {processor.py:925} INFO - DAG(s) 'dataset_s3_bucket_consumer', 'dataset_alias_example_alias_consumer', 'dataset_s3_bucket_producer', 'dataset_alias_example_alias_producer' retrieved from /home/krishnaformeera/Sumitomo/datapipeline/venv/lib/python3.11/site-packages/airflow/example_dags/example_dataset_alias.py
[2025-08-31T18:31:25.306+0000] {logging_mixin.py:190} INFO - [2025-08-31T18:31:25.306+0000] {override.py:1900} INFO - Created Permission View: can edit on DAG:dataset_s3_bucket_consumer
[2025-08-31T18:31:25.319+0000] {logging_mixin.py:190} INFO - [2025-08-31T18:31:25.318+0000] {override.py:1900} INFO - Created Permission View: can read on DAG:dataset_s3_bucket_consumer
[2025-08-31T18:31:25.328+0000] {logging_mixin.py:190} INFO - [2025-08-31T18:31:25.327+0000] {override.py:1900} INFO - Created Permission View: can delete on DAG:dataset_s3_bucket_consumer
[2025-08-31T18:31:25.342+0000] {logging_mixin.py:190} INFO - [2025-08-31T18:31:25.342+0000] {override.py:1900} INFO - Created Permission View: menu access on DAG Run:dataset_s3_bucket_consumer
[2025-08-31T18:31:25.352+0000] {logging_mixin.py:190} INFO - [2025-08-31T18:31:25.352+0000] {override.py:1900} INFO - Created Permission View: can read on DAG Run:dataset_s3_bucket_consumer
[2025-08-31T18:31:25.362+0000] {logging_mixin.py:190} INFO - [2025-08-31T18:31:25.361+0000] {override.py:1900} INFO - Created Permission View: can create on DAG Run:dataset_s3_bucket_consumer
[2025-08-31T18:31:25.373+0000] {logging_mixin.py:190} INFO - [2025-08-31T18:31:25.373+0000] {override.py:1900} INFO - Created Permission View: can delete on DAG Run:dataset_s3_bucket_consumer
[2025-08-31T18:31:25.396+0000] {logging_mixin.py:190} INFO - [2025-08-31T18:31:25.395+0000] {override.py:1900} INFO - Created Permission View: can edit on DAG:dataset_alias_example_alias_consumer
[2025-08-31T18:31:25.406+0000] {logging_mixin.py:190} INFO - [2025-08-31T18:31:25.406+0000] {override.py:1900} INFO - Created Permission View: can read on DAG:dataset_alias_example_alias_consumer
[2025-08-31T18:31:25.442+0000] {logging_mixin.py:190} INFO - [2025-08-31T18:31:25.442+0000] {override.py:1900} INFO - Created Permission View: can delete on DAG:dataset_alias_example_alias_consumer
[2025-08-31T18:31:25.467+0000] {logging_mixin.py:190} INFO - [2025-08-31T18:31:25.466+0000] {override.py:1900} INFO - Created Permission View: menu access on DAG Run:dataset_alias_example_alias_consumer
[2025-08-31T18:31:25.476+0000] {logging_mixin.py:190} INFO - [2025-08-31T18:31:25.476+0000] {override.py:1900} INFO - Created Permission View: can read on DAG Run:dataset_alias_example_alias_consumer
[2025-08-31T18:31:25.485+0000] {logging_mixin.py:190} INFO - [2025-08-31T18:31:25.484+0000] {override.py:1900} INFO - Created Permission View: can create on DAG Run:dataset_alias_example_alias_consumer
[2025-08-31T18:31:25.493+0000] {logging_mixin.py:190} INFO - [2025-08-31T18:31:25.493+0000] {override.py:1900} INFO - Created Permission View: can delete on DAG Run:dataset_alias_example_alias_consumer
[2025-08-31T18:31:25.510+0000] {logging_mixin.py:190} INFO - [2025-08-31T18:31:25.510+0000] {override.py:1900} INFO - Created Permission View: can edit on DAG:dataset_s3_bucket_producer
[2025-08-31T18:31:25.518+0000] {logging_mixin.py:190} INFO - [2025-08-31T18:31:25.518+0000] {override.py:1900} INFO - Created Permission View: can read on DAG:dataset_s3_bucket_producer
[2025-08-31T18:31:25.526+0000] {logging_mixin.py:190} INFO - [2025-08-31T18:31:25.526+0000] {override.py:1900} INFO - Created Permission View: can delete on DAG:dataset_s3_bucket_producer
[2025-08-31T18:31:25.540+0000] {logging_mixin.py:190} INFO - [2025-08-31T18:31:25.540+0000] {override.py:1900} INFO - Created Permission View: menu access on DAG Run:dataset_s3_bucket_producer
[2025-08-31T18:31:25.549+0000] {logging_mixin.py:190} INFO - [2025-08-31T18:31:25.549+0000] {override.py:1900} INFO - Created Permission View: can read on DAG Run:dataset_s3_bucket_producer
[2025-08-31T18:31:25.557+0000] {logging_mixin.py:190} INFO - [2025-08-31T18:31:25.557+0000] {override.py:1900} INFO - Created Permission View: can create on DAG Run:dataset_s3_bucket_producer
[2025-08-31T18:31:25.565+0000] {logging_mixin.py:190} INFO - [2025-08-31T18:31:25.565+0000] {override.py:1900} INFO - Created Permission View: can delete on DAG Run:dataset_s3_bucket_producer
[2025-08-31T18:31:25.584+0000] {logging_mixin.py:190} INFO - [2025-08-31T18:31:25.584+0000] {override.py:1900} INFO - Created Permission View: can edit on DAG:dataset_alias_example_alias_producer
[2025-08-31T18:31:25.592+0000] {logging_mixin.py:190} INFO - [2025-08-31T18:31:25.592+0000] {override.py:1900} INFO - Created Permission View: can read on DAG:dataset_alias_example_alias_producer
[2025-08-31T18:31:25.601+0000] {logging_mixin.py:190} INFO - [2025-08-31T18:31:25.600+0000] {override.py:1900} INFO - Created Permission View: can delete on DAG:dataset_alias_example_alias_producer
[2025-08-31T18:31:25.614+0000] {logging_mixin.py:190} INFO - [2025-08-31T18:31:25.614+0000] {override.py:1900} INFO - Created Permission View: menu access on DAG Run:dataset_alias_example_alias_producer
[2025-08-31T18:31:25.623+0000] {logging_mixin.py:190} INFO - [2025-08-31T18:31:25.622+0000] {override.py:1900} INFO - Created Permission View: can read on DAG Run:dataset_alias_example_alias_producer
[2025-08-31T18:31:25.631+0000] {logging_mixin.py:190} INFO - [2025-08-31T18:31:25.631+0000] {override.py:1900} INFO - Created Permission View: can create on DAG Run:dataset_alias_example_alias_producer
[2025-08-31T18:31:25.639+0000] {logging_mixin.py:190} INFO - [2025-08-31T18:31:25.639+0000] {override.py:1900} INFO - Created Permission View: can delete on DAG Run:dataset_alias_example_alias_producer
[2025-08-31T18:31:25.639+0000] {logging_mixin.py:190} INFO - [2025-08-31T18:31:25.639+0000] {dag.py:3239} INFO - Sync 4 DAGs
[2025-08-31T18:31:25.650+0000] {logging_mixin.py:190} INFO - [2025-08-31T18:31:25.650+0000] {dag.py:3262} INFO - Creating ORM DAG for dataset_alias_example_alias_consumer
[2025-08-31T18:31:25.651+0000] {logging_mixin.py:190} INFO - [2025-08-31T18:31:25.651+0000] {dag.py:3262} INFO - Creating ORM DAG for dataset_s3_bucket_producer
[2025-08-31T18:31:25.651+0000] {logging_mixin.py:190} INFO - [2025-08-31T18:31:25.651+0000] {dag.py:3262} INFO - Creating ORM DAG for dataset_alias_example_alias_producer
[2025-08-31T18:31:25.652+0000] {logging_mixin.py:190} INFO - [2025-08-31T18:31:25.651+0000] {dag.py:3262} INFO - Creating ORM DAG for dataset_s3_bucket_consumer
[2025-08-31T18:31:25.753+0000] {logging_mixin.py:190} INFO - [2025-08-31T18:31:25.752+0000] {dag.py:4180} INFO - Setting next_dagrun for dataset_alias_example_alias_consumer to None, run_after=None
[2025-08-31T18:31:25.753+0000] {logging_mixin.py:190} INFO - [2025-08-31T18:31:25.753+0000] {dag.py:4180} INFO - Setting next_dagrun for dataset_alias_example_alias_producer to None, run_after=None
[2025-08-31T18:31:25.754+0000] {logging_mixin.py:190} INFO - [2025-08-31T18:31:25.753+0000] {dag.py:4180} INFO - Setting next_dagrun for dataset_s3_bucket_consumer to None, run_after=None
[2025-08-31T18:31:25.754+0000] {logging_mixin.py:190} INFO - [2025-08-31T18:31:25.754+0000] {dag.py:4180} INFO - Setting next_dagrun for dataset_s3_bucket_producer to None, run_after=None
[2025-08-31T18:31:25.782+0000] {processor.py:208} INFO - Processing /home/krishnaformeera/Sumitomo/datapipeline/venv/lib/python3.11/site-packages/airflow/example_dags/example_dataset_alias.py took 0.586 seconds
[2025-08-31T18:32:27.770+0000] {processor.py:186} INFO - Started process (PID=5323) to work on /home/krishnaformeera/Sumitomo/datapipeline/venv/lib/python3.11/site-packages/airflow/example_dags/example_dataset_alias.py
[2025-08-31T18:32:27.771+0000] {processor.py:914} INFO - Processing file /home/krishnaformeera/Sumitomo/datapipeline/venv/lib/python3.11/site-packages/airflow/example_dags/example_dataset_alias.py for tasks to queue
[2025-08-31T18:32:27.773+0000] {logging_mixin.py:190} INFO - [2025-08-31T18:32:27.772+0000] {dagbag.py:588} INFO - Filling up the DagBag from /home/krishnaformeera/Sumitomo/datapipeline/venv/lib/python3.11/site-packages/airflow/example_dags/example_dataset_alias.py
[2025-08-31T18:32:27.796+0000] {processor.py:925} INFO - DAG(s) 'dataset_alias_example_alias_producer', 'dataset_alias_example_alias_consumer', 'dataset_s3_bucket_producer', 'dataset_s3_bucket_consumer' retrieved from /home/krishnaformeera/Sumitomo/datapipeline/venv/lib/python3.11/site-packages/airflow/example_dags/example_dataset_alias.py
[2025-08-31T18:32:27.814+0000] {logging_mixin.py:190} INFO - [2025-08-31T18:32:27.814+0000] {dag.py:3239} INFO - Sync 4 DAGs
[2025-08-31T18:32:27.832+0000] {logging_mixin.py:190} INFO - [2025-08-31T18:32:27.832+0000] {dag.py:4180} INFO - Setting next_dagrun for dataset_alias_example_alias_consumer to None, run_after=None
[2025-08-31T18:32:27.834+0000] {logging_mixin.py:190} INFO - [2025-08-31T18:32:27.834+0000] {dag.py:4180} INFO - Setting next_dagrun for dataset_alias_example_alias_producer to None, run_after=None
[2025-08-31T18:32:27.834+0000] {logging_mixin.py:190} INFO - [2025-08-31T18:32:27.834+0000] {dag.py:4180} INFO - Setting next_dagrun for dataset_s3_bucket_consumer to None, run_after=None
[2025-08-31T18:32:27.835+0000] {logging_mixin.py:190} INFO - [2025-08-31T18:32:27.835+0000] {dag.py:4180} INFO - Setting next_dagrun for dataset_s3_bucket_producer to None, run_after=None
[2025-08-31T18:32:27.858+0000] {processor.py:208} INFO - Processing /home/krishnaformeera/Sumitomo/datapipeline/venv/lib/python3.11/site-packages/airflow/example_dags/example_dataset_alias.py took 0.095 seconds
[2025-08-31T18:33:21.996+0000] {processor.py:186} INFO - Started process (PID=5379) to work on /home/krishnaformeera/Sumitomo/datapipeline/venv/lib/python3.11/site-packages/airflow/example_dags/example_dataset_alias.py
[2025-08-31T18:33:21.997+0000] {processor.py:914} INFO - Processing file /home/krishnaformeera/Sumitomo/datapipeline/venv/lib/python3.11/site-packages/airflow/example_dags/example_dataset_alias.py for tasks to queue
[2025-08-31T18:33:21.999+0000] {logging_mixin.py:190} INFO - [2025-08-31T18:33:21.999+0000] {dagbag.py:588} INFO - Filling up the DagBag from /home/krishnaformeera/Sumitomo/datapipeline/venv/lib/python3.11/site-packages/airflow/example_dags/example_dataset_alias.py
[2025-08-31T18:33:22.022+0000] {processor.py:925} INFO - DAG(s) 'dataset_s3_bucket_producer', 'dataset_alias_example_alias_consumer', 'dataset_alias_example_alias_producer', 'dataset_s3_bucket_consumer' retrieved from /home/krishnaformeera/Sumitomo/datapipeline/venv/lib/python3.11/site-packages/airflow/example_dags/example_dataset_alias.py
[2025-08-31T18:33:22.129+0000] {logging_mixin.py:190} INFO - [2025-08-31T18:33:22.128+0000] {dag.py:3239} INFO - Sync 4 DAGs
[2025-08-31T18:33:22.143+0000] {logging_mixin.py:190} INFO - [2025-08-31T18:33:22.143+0000] {dag.py:4180} INFO - Setting next_dagrun for dataset_alias_example_alias_consumer to None, run_after=None
[2025-08-31T18:33:22.145+0000] {logging_mixin.py:190} INFO - [2025-08-31T18:33:22.144+0000] {dag.py:4180} INFO - Setting next_dagrun for dataset_alias_example_alias_producer to None, run_after=None
[2025-08-31T18:33:22.145+0000] {logging_mixin.py:190} INFO - [2025-08-31T18:33:22.145+0000] {dag.py:4180} INFO - Setting next_dagrun for dataset_s3_bucket_consumer to None, run_after=None
[2025-08-31T18:33:22.146+0000] {logging_mixin.py:190} INFO - [2025-08-31T18:33:22.146+0000] {dag.py:4180} INFO - Setting next_dagrun for dataset_s3_bucket_producer to None, run_after=None
[2025-08-31T18:33:22.168+0000] {processor.py:208} INFO - Processing /home/krishnaformeera/Sumitomo/datapipeline/venv/lib/python3.11/site-packages/airflow/example_dags/example_dataset_alias.py took 0.177 seconds
[2025-08-31T18:34:19.161+0000] {processor.py:186} INFO - Started process (PID=5436) to work on /home/krishnaformeera/Sumitomo/datapipeline/venv/lib/python3.11/site-packages/airflow/example_dags/example_dataset_alias.py
[2025-08-31T18:34:19.162+0000] {processor.py:914} INFO - Processing file /home/krishnaformeera/Sumitomo/datapipeline/venv/lib/python3.11/site-packages/airflow/example_dags/example_dataset_alias.py for tasks to queue
[2025-08-31T18:34:19.164+0000] {logging_mixin.py:190} INFO - [2025-08-31T18:34:19.163+0000] {dagbag.py:588} INFO - Filling up the DagBag from /home/krishnaformeera/Sumitomo/datapipeline/venv/lib/python3.11/site-packages/airflow/example_dags/example_dataset_alias.py
[2025-08-31T18:34:19.187+0000] {processor.py:925} INFO - DAG(s) 'dataset_alias_example_alias_consumer', 'dataset_s3_bucket_producer', 'dataset_s3_bucket_consumer', 'dataset_alias_example_alias_producer' retrieved from /home/krishnaformeera/Sumitomo/datapipeline/venv/lib/python3.11/site-packages/airflow/example_dags/example_dataset_alias.py
[2025-08-31T18:34:19.207+0000] {logging_mixin.py:190} INFO - [2025-08-31T18:34:19.207+0000] {dag.py:3239} INFO - Sync 4 DAGs
[2025-08-31T18:34:19.226+0000] {logging_mixin.py:190} INFO - [2025-08-31T18:34:19.225+0000] {dag.py:4180} INFO - Setting next_dagrun for dataset_alias_example_alias_consumer to None, run_after=None
[2025-08-31T18:34:19.227+0000] {logging_mixin.py:190} INFO - [2025-08-31T18:34:19.227+0000] {dag.py:4180} INFO - Setting next_dagrun for dataset_alias_example_alias_producer to None, run_after=None
[2025-08-31T18:34:19.228+0000] {logging_mixin.py:190} INFO - [2025-08-31T18:34:19.228+0000] {dag.py:4180} INFO - Setting next_dagrun for dataset_s3_bucket_consumer to None, run_after=None
[2025-08-31T18:34:19.229+0000] {logging_mixin.py:190} INFO - [2025-08-31T18:34:19.229+0000] {dag.py:4180} INFO - Setting next_dagrun for dataset_s3_bucket_producer to None, run_after=None
[2025-08-31T18:34:19.250+0000] {processor.py:208} INFO - Processing /home/krishnaformeera/Sumitomo/datapipeline/venv/lib/python3.11/site-packages/airflow/example_dags/example_dataset_alias.py took 0.096 seconds
[2025-08-31T18:35:34.032+0000] {processor.py:186} INFO - Started process (PID=5512) to work on /home/krishnaformeera/Sumitomo/datapipeline/venv/lib/python3.11/site-packages/airflow/example_dags/example_dataset_alias.py
[2025-08-31T18:35:34.034+0000] {processor.py:914} INFO - Processing file /home/krishnaformeera/Sumitomo/datapipeline/venv/lib/python3.11/site-packages/airflow/example_dags/example_dataset_alias.py for tasks to queue
[2025-08-31T18:35:34.037+0000] {logging_mixin.py:190} INFO - [2025-08-31T18:35:34.036+0000] {dagbag.py:588} INFO - Filling up the DagBag from /home/krishnaformeera/Sumitomo/datapipeline/venv/lib/python3.11/site-packages/airflow/example_dags/example_dataset_alias.py
[2025-08-31T18:35:34.059+0000] {processor.py:925} INFO - DAG(s) 'dataset_s3_bucket_consumer', 'dataset_s3_bucket_producer', 'dataset_alias_example_alias_consumer', 'dataset_alias_example_alias_producer' retrieved from /home/krishnaformeera/Sumitomo/datapipeline/venv/lib/python3.11/site-packages/airflow/example_dags/example_dataset_alias.py
[2025-08-31T18:35:34.076+0000] {logging_mixin.py:190} INFO - [2025-08-31T18:35:34.076+0000] {dag.py:3239} INFO - Sync 4 DAGs
[2025-08-31T18:35:34.093+0000] {logging_mixin.py:190} INFO - [2025-08-31T18:35:34.093+0000] {dag.py:4180} INFO - Setting next_dagrun for dataset_alias_example_alias_consumer to None, run_after=None
[2025-08-31T18:35:34.096+0000] {logging_mixin.py:190} INFO - [2025-08-31T18:35:34.095+0000] {dag.py:4180} INFO - Setting next_dagrun for dataset_alias_example_alias_producer to None, run_after=None
[2025-08-31T18:35:34.096+0000] {logging_mixin.py:190} INFO - [2025-08-31T18:35:34.096+0000] {dag.py:4180} INFO - Setting next_dagrun for dataset_s3_bucket_consumer to None, run_after=None
[2025-08-31T18:35:34.097+0000] {logging_mixin.py:190} INFO - [2025-08-31T18:35:34.097+0000] {dag.py:4180} INFO - Setting next_dagrun for dataset_s3_bucket_producer to None, run_after=None
[2025-08-31T18:35:34.118+0000] {processor.py:208} INFO - Processing /home/krishnaformeera/Sumitomo/datapipeline/venv/lib/python3.11/site-packages/airflow/example_dags/example_dataset_alias.py took 0.093 seconds
[2025-08-31T18:36:49.846+0000] {processor.py:186} INFO - Started process (PID=5616) to work on /home/krishnaformeera/Sumitomo/datapipeline/venv/lib/python3.11/site-packages/airflow/example_dags/example_dataset_alias.py
[2025-08-31T18:36:49.847+0000] {processor.py:914} INFO - Processing file /home/krishnaformeera/Sumitomo/datapipeline/venv/lib/python3.11/site-packages/airflow/example_dags/example_dataset_alias.py for tasks to queue
[2025-08-31T18:36:49.849+0000] {logging_mixin.py:190} INFO - [2025-08-31T18:36:49.849+0000] {dagbag.py:588} INFO - Filling up the DagBag from /home/krishnaformeera/Sumitomo/datapipeline/venv/lib/python3.11/site-packages/airflow/example_dags/example_dataset_alias.py
[2025-08-31T18:36:49.878+0000] {processor.py:925} INFO - DAG(s) 'dataset_alias_example_alias_producer', 'dataset_s3_bucket_consumer', 'dataset_s3_bucket_producer', 'dataset_alias_example_alias_consumer' retrieved from /home/krishnaformeera/Sumitomo/datapipeline/venv/lib/python3.11/site-packages/airflow/example_dags/example_dataset_alias.py
[2025-08-31T18:36:49.899+0000] {logging_mixin.py:190} INFO - [2025-08-31T18:36:49.899+0000] {dag.py:3239} INFO - Sync 4 DAGs
[2025-08-31T18:36:49.920+0000] {logging_mixin.py:190} INFO - [2025-08-31T18:36:49.920+0000] {dag.py:4180} INFO - Setting next_dagrun for dataset_alias_example_alias_consumer to None, run_after=None
[2025-08-31T18:36:49.922+0000] {logging_mixin.py:190} INFO - [2025-08-31T18:36:49.922+0000] {dag.py:4180} INFO - Setting next_dagrun for dataset_alias_example_alias_producer to None, run_after=None
[2025-08-31T18:36:49.923+0000] {logging_mixin.py:190} INFO - [2025-08-31T18:36:49.923+0000] {dag.py:4180} INFO - Setting next_dagrun for dataset_s3_bucket_consumer to None, run_after=None
[2025-08-31T18:36:49.924+0000] {logging_mixin.py:190} INFO - [2025-08-31T18:36:49.923+0000] {dag.py:4180} INFO - Setting next_dagrun for dataset_s3_bucket_producer to None, run_after=None
[2025-08-31T18:36:49.953+0000] {processor.py:208} INFO - Processing /home/krishnaformeera/Sumitomo/datapipeline/venv/lib/python3.11/site-packages/airflow/example_dags/example_dataset_alias.py took 0.114 seconds
[2025-08-31T18:37:44.378+0000] {processor.py:186} INFO - Started process (PID=5680) to work on /home/krishnaformeera/Sumitomo/datapipeline/venv/lib/python3.11/site-packages/airflow/example_dags/example_dataset_alias.py
[2025-08-31T18:37:44.379+0000] {processor.py:914} INFO - Processing file /home/krishnaformeera/Sumitomo/datapipeline/venv/lib/python3.11/site-packages/airflow/example_dags/example_dataset_alias.py for tasks to queue
[2025-08-31T18:37:44.381+0000] {logging_mixin.py:190} INFO - [2025-08-31T18:37:44.381+0000] {dagbag.py:588} INFO - Filling up the DagBag from /home/krishnaformeera/Sumitomo/datapipeline/venv/lib/python3.11/site-packages/airflow/example_dags/example_dataset_alias.py
[2025-08-31T18:37:44.411+0000] {processor.py:925} INFO - DAG(s) 'dataset_alias_example_alias_consumer', 'dataset_alias_example_alias_producer', 'dataset_s3_bucket_consumer', 'dataset_s3_bucket_producer' retrieved from /home/krishnaformeera/Sumitomo/datapipeline/venv/lib/python3.11/site-packages/airflow/example_dags/example_dataset_alias.py
[2025-08-31T18:37:44.433+0000] {logging_mixin.py:190} INFO - [2025-08-31T18:37:44.433+0000] {dag.py:3239} INFO - Sync 4 DAGs
[2025-08-31T18:37:44.452+0000] {logging_mixin.py:190} INFO - [2025-08-31T18:37:44.452+0000] {dag.py:4180} INFO - Setting next_dagrun for dataset_alias_example_alias_consumer to None, run_after=None
[2025-08-31T18:37:44.454+0000] {logging_mixin.py:190} INFO - [2025-08-31T18:37:44.454+0000] {dag.py:4180} INFO - Setting next_dagrun for dataset_alias_example_alias_producer to None, run_after=None
[2025-08-31T18:37:44.456+0000] {logging_mixin.py:190} INFO - [2025-08-31T18:37:44.455+0000] {dag.py:4180} INFO - Setting next_dagrun for dataset_s3_bucket_consumer to None, run_after=None
[2025-08-31T18:37:44.456+0000] {logging_mixin.py:190} INFO - [2025-08-31T18:37:44.456+0000] {dag.py:4180} INFO - Setting next_dagrun for dataset_s3_bucket_producer to None, run_after=None
[2025-08-31T18:37:44.480+0000] {processor.py:208} INFO - Processing /home/krishnaformeera/Sumitomo/datapipeline/venv/lib/python3.11/site-packages/airflow/example_dags/example_dataset_alias.py took 0.110 seconds
[2025-08-31T18:40:34.728+0000] {processor.py:186} INFO - Started process (PID=6218) to work on /home/krishnaformeera/Sumitomo/datapipeline/venv/lib/python3.11/site-packages/airflow/example_dags/example_dataset_alias.py
[2025-08-31T18:40:34.729+0000] {processor.py:914} INFO - Processing file /home/krishnaformeera/Sumitomo/datapipeline/venv/lib/python3.11/site-packages/airflow/example_dags/example_dataset_alias.py for tasks to queue
[2025-08-31T18:40:34.734+0000] {logging_mixin.py:190} INFO - [2025-08-31T18:40:34.734+0000] {dagbag.py:588} INFO - Filling up the DagBag from /home/krishnaformeera/Sumitomo/datapipeline/venv/lib/python3.11/site-packages/airflow/example_dags/example_dataset_alias.py
[2025-08-31T18:40:34.773+0000] {processor.py:925} INFO - DAG(s) 'dataset_s3_bucket_producer', 'dataset_s3_bucket_consumer', 'dataset_alias_example_alias_consumer', 'dataset_alias_example_alias_producer' retrieved from /home/krishnaformeera/Sumitomo/datapipeline/venv/lib/python3.11/site-packages/airflow/example_dags/example_dataset_alias.py
[2025-08-31T18:40:34.794+0000] {logging_mixin.py:190} INFO - [2025-08-31T18:40:34.794+0000] {dag.py:3239} INFO - Sync 4 DAGs
[2025-08-31T18:40:34.814+0000] {logging_mixin.py:190} INFO - [2025-08-31T18:40:34.814+0000] {dag.py:4180} INFO - Setting next_dagrun for dataset_alias_example_alias_consumer to None, run_after=None
[2025-08-31T18:40:34.816+0000] {logging_mixin.py:190} INFO - [2025-08-31T18:40:34.816+0000] {dag.py:4180} INFO - Setting next_dagrun for dataset_alias_example_alias_producer to None, run_after=None
[2025-08-31T18:40:34.817+0000] {logging_mixin.py:190} INFO - [2025-08-31T18:40:34.817+0000] {dag.py:4180} INFO - Setting next_dagrun for dataset_s3_bucket_consumer to None, run_after=None
[2025-08-31T18:40:34.818+0000] {logging_mixin.py:190} INFO - [2025-08-31T18:40:34.818+0000] {dag.py:4180} INFO - Setting next_dagrun for dataset_s3_bucket_producer to None, run_after=None
[2025-08-31T18:40:34.853+0000] {processor.py:208} INFO - Processing /home/krishnaformeera/Sumitomo/datapipeline/venv/lib/python3.11/site-packages/airflow/example_dags/example_dataset_alias.py took 0.133 seconds
[2025-08-31T18:41:28.676+0000] {processor.py:186} INFO - Started process (PID=6420) to work on /home/krishnaformeera/Sumitomo/datapipeline/venv/lib/python3.11/site-packages/airflow/example_dags/example_dataset_alias.py
[2025-08-31T18:41:28.677+0000] {processor.py:914} INFO - Processing file /home/krishnaformeera/Sumitomo/datapipeline/venv/lib/python3.11/site-packages/airflow/example_dags/example_dataset_alias.py for tasks to queue
[2025-08-31T18:41:28.680+0000] {logging_mixin.py:190} INFO - [2025-08-31T18:41:28.680+0000] {dagbag.py:588} INFO - Filling up the DagBag from /home/krishnaformeera/Sumitomo/datapipeline/venv/lib/python3.11/site-packages/airflow/example_dags/example_dataset_alias.py
[2025-08-31T18:41:28.716+0000] {processor.py:925} INFO - DAG(s) 'dataset_s3_bucket_producer', 'dataset_alias_example_alias_consumer', 'dataset_alias_example_alias_producer', 'dataset_s3_bucket_consumer' retrieved from /home/krishnaformeera/Sumitomo/datapipeline/venv/lib/python3.11/site-packages/airflow/example_dags/example_dataset_alias.py
[2025-08-31T18:41:28.737+0000] {logging_mixin.py:190} INFO - [2025-08-31T18:41:28.736+0000] {dag.py:3239} INFO - Sync 4 DAGs
[2025-08-31T18:41:28.757+0000] {logging_mixin.py:190} INFO - [2025-08-31T18:41:28.757+0000] {dag.py:4180} INFO - Setting next_dagrun for dataset_alias_example_alias_consumer to None, run_after=None
[2025-08-31T18:41:28.759+0000] {logging_mixin.py:190} INFO - [2025-08-31T18:41:28.759+0000] {dag.py:4180} INFO - Setting next_dagrun for dataset_alias_example_alias_producer to None, run_after=None
[2025-08-31T18:41:28.759+0000] {logging_mixin.py:190} INFO - [2025-08-31T18:41:28.759+0000] {dag.py:4180} INFO - Setting next_dagrun for dataset_s3_bucket_consumer to None, run_after=None
[2025-08-31T18:41:28.760+0000] {logging_mixin.py:190} INFO - [2025-08-31T18:41:28.760+0000] {dag.py:4180} INFO - Setting next_dagrun for dataset_s3_bucket_producer to None, run_after=None
[2025-08-31T18:41:28.785+0000] {processor.py:208} INFO - Processing /home/krishnaformeera/Sumitomo/datapipeline/venv/lib/python3.11/site-packages/airflow/example_dags/example_dataset_alias.py took 0.115 seconds
[2025-08-31T18:42:27.286+0000] {processor.py:186} INFO - Started process (PID=6595) to work on /home/krishnaformeera/Sumitomo/datapipeline/venv/lib/python3.11/site-packages/airflow/example_dags/example_dataset_alias.py
[2025-08-31T18:42:27.287+0000] {processor.py:914} INFO - Processing file /home/krishnaformeera/Sumitomo/datapipeline/venv/lib/python3.11/site-packages/airflow/example_dags/example_dataset_alias.py for tasks to queue
[2025-08-31T18:42:27.289+0000] {logging_mixin.py:190} INFO - [2025-08-31T18:42:27.289+0000] {dagbag.py:588} INFO - Filling up the DagBag from /home/krishnaformeera/Sumitomo/datapipeline/venv/lib/python3.11/site-packages/airflow/example_dags/example_dataset_alias.py
[2025-08-31T18:42:27.316+0000] {processor.py:925} INFO - DAG(s) 'dataset_s3_bucket_consumer', 'dataset_alias_example_alias_producer', 'dataset_s3_bucket_producer', 'dataset_alias_example_alias_consumer' retrieved from /home/krishnaformeera/Sumitomo/datapipeline/venv/lib/python3.11/site-packages/airflow/example_dags/example_dataset_alias.py
[2025-08-31T18:42:27.339+0000] {logging_mixin.py:190} INFO - [2025-08-31T18:42:27.339+0000] {dag.py:3239} INFO - Sync 4 DAGs
[2025-08-31T18:42:27.446+0000] {logging_mixin.py:190} INFO - [2025-08-31T18:42:27.446+0000] {dag.py:4180} INFO - Setting next_dagrun for dataset_alias_example_alias_consumer to None, run_after=None
[2025-08-31T18:42:27.448+0000] {logging_mixin.py:190} INFO - [2025-08-31T18:42:27.447+0000] {dag.py:4180} INFO - Setting next_dagrun for dataset_alias_example_alias_producer to None, run_after=None
[2025-08-31T18:42:27.448+0000] {logging_mixin.py:190} INFO - [2025-08-31T18:42:27.448+0000] {dag.py:4180} INFO - Setting next_dagrun for dataset_s3_bucket_consumer to None, run_after=None
[2025-08-31T18:42:27.449+0000] {logging_mixin.py:190} INFO - [2025-08-31T18:42:27.449+0000] {dag.py:4180} INFO - Setting next_dagrun for dataset_s3_bucket_producer to None, run_after=None
[2025-08-31T18:42:27.470+0000] {processor.py:208} INFO - Processing /home/krishnaformeera/Sumitomo/datapipeline/venv/lib/python3.11/site-packages/airflow/example_dags/example_dataset_alias.py took 0.190 seconds
[2025-08-31T18:43:27.220+0000] {processor.py:186} INFO - Started process (PID=6846) to work on /home/krishnaformeera/Sumitomo/datapipeline/venv/lib/python3.11/site-packages/airflow/example_dags/example_dataset_alias.py
[2025-08-31T18:43:27.221+0000] {processor.py:914} INFO - Processing file /home/krishnaformeera/Sumitomo/datapipeline/venv/lib/python3.11/site-packages/airflow/example_dags/example_dataset_alias.py for tasks to queue
[2025-08-31T18:43:27.223+0000] {logging_mixin.py:190} INFO - [2025-08-31T18:43:27.223+0000] {dagbag.py:588} INFO - Filling up the DagBag from /home/krishnaformeera/Sumitomo/datapipeline/venv/lib/python3.11/site-packages/airflow/example_dags/example_dataset_alias.py
[2025-08-31T18:43:27.246+0000] {processor.py:925} INFO - DAG(s) 'dataset_s3_bucket_producer', 'dataset_alias_example_alias_producer', 'dataset_s3_bucket_consumer', 'dataset_alias_example_alias_consumer' retrieved from /home/krishnaformeera/Sumitomo/datapipeline/venv/lib/python3.11/site-packages/airflow/example_dags/example_dataset_alias.py
[2025-08-31T18:43:27.264+0000] {logging_mixin.py:190} INFO - [2025-08-31T18:43:27.263+0000] {dag.py:3239} INFO - Sync 4 DAGs
[2025-08-31T18:43:27.283+0000] {logging_mixin.py:190} INFO - [2025-08-31T18:43:27.282+0000] {dag.py:4180} INFO - Setting next_dagrun for dataset_alias_example_alias_consumer to None, run_after=None
[2025-08-31T18:43:27.284+0000] {logging_mixin.py:190} INFO - [2025-08-31T18:43:27.284+0000] {dag.py:4180} INFO - Setting next_dagrun for dataset_alias_example_alias_producer to None, run_after=None
[2025-08-31T18:43:27.285+0000] {logging_mixin.py:190} INFO - [2025-08-31T18:43:27.285+0000] {dag.py:4180} INFO - Setting next_dagrun for dataset_s3_bucket_consumer to None, run_after=None
[2025-08-31T18:43:27.286+0000] {logging_mixin.py:190} INFO - [2025-08-31T18:43:27.286+0000] {dag.py:4180} INFO - Setting next_dagrun for dataset_s3_bucket_producer to None, run_after=None
[2025-08-31T18:43:27.308+0000] {processor.py:208} INFO - Processing /home/krishnaformeera/Sumitomo/datapipeline/venv/lib/python3.11/site-packages/airflow/example_dags/example_dataset_alias.py took 0.098 seconds
[2025-08-31T18:44:20.466+0000] {processor.py:186} INFO - Started process (PID=7079) to work on /home/krishnaformeera/Sumitomo/datapipeline/venv/lib/python3.11/site-packages/airflow/example_dags/example_dataset_alias.py
[2025-08-31T18:44:20.467+0000] {processor.py:914} INFO - Processing file /home/krishnaformeera/Sumitomo/datapipeline/venv/lib/python3.11/site-packages/airflow/example_dags/example_dataset_alias.py for tasks to queue
[2025-08-31T18:44:20.469+0000] {logging_mixin.py:190} INFO - [2025-08-31T18:44:20.469+0000] {dagbag.py:588} INFO - Filling up the DagBag from /home/krishnaformeera/Sumitomo/datapipeline/venv/lib/python3.11/site-packages/airflow/example_dags/example_dataset_alias.py
[2025-08-31T18:44:20.498+0000] {processor.py:925} INFO - DAG(s) 'dataset_alias_example_alias_producer', 'dataset_s3_bucket_producer', 'dataset_s3_bucket_consumer', 'dataset_alias_example_alias_consumer' retrieved from /home/krishnaformeera/Sumitomo/datapipeline/venv/lib/python3.11/site-packages/airflow/example_dags/example_dataset_alias.py
[2025-08-31T18:44:20.520+0000] {logging_mixin.py:190} INFO - [2025-08-31T18:44:20.520+0000] {dag.py:3239} INFO - Sync 4 DAGs
[2025-08-31T18:44:20.541+0000] {logging_mixin.py:190} INFO - [2025-08-31T18:44:20.540+0000] {dag.py:4180} INFO - Setting next_dagrun for dataset_alias_example_alias_consumer to None, run_after=None
[2025-08-31T18:44:20.543+0000] {logging_mixin.py:190} INFO - [2025-08-31T18:44:20.542+0000] {dag.py:4180} INFO - Setting next_dagrun for dataset_alias_example_alias_producer to None, run_after=None
[2025-08-31T18:44:20.543+0000] {logging_mixin.py:190} INFO - [2025-08-31T18:44:20.543+0000] {dag.py:4180} INFO - Setting next_dagrun for dataset_s3_bucket_consumer to None, run_after=None
[2025-08-31T18:44:20.544+0000] {logging_mixin.py:190} INFO - [2025-08-31T18:44:20.544+0000] {dag.py:4180} INFO - Setting next_dagrun for dataset_s3_bucket_producer to None, run_after=None
[2025-08-31T18:44:20.575+0000] {processor.py:208} INFO - Processing /home/krishnaformeera/Sumitomo/datapipeline/venv/lib/python3.11/site-packages/airflow/example_dags/example_dataset_alias.py took 0.117 seconds
[2025-08-31T18:45:36.728+0000] {processor.py:186} INFO - Started process (PID=7417) to work on /home/krishnaformeera/Sumitomo/datapipeline/venv/lib/python3.11/site-packages/airflow/example_dags/example_dataset_alias.py
[2025-08-31T18:45:36.730+0000] {processor.py:914} INFO - Processing file /home/krishnaformeera/Sumitomo/datapipeline/venv/lib/python3.11/site-packages/airflow/example_dags/example_dataset_alias.py for tasks to queue
[2025-08-31T18:45:36.732+0000] {logging_mixin.py:190} INFO - [2025-08-31T18:45:36.732+0000] {dagbag.py:588} INFO - Filling up the DagBag from /home/krishnaformeera/Sumitomo/datapipeline/venv/lib/python3.11/site-packages/airflow/example_dags/example_dataset_alias.py
[2025-08-31T18:45:36.757+0000] {processor.py:925} INFO - DAG(s) 'dataset_s3_bucket_producer', 'dataset_s3_bucket_consumer', 'dataset_alias_example_alias_producer', 'dataset_alias_example_alias_consumer' retrieved from /home/krishnaformeera/Sumitomo/datapipeline/venv/lib/python3.11/site-packages/airflow/example_dags/example_dataset_alias.py
[2025-08-31T18:45:36.775+0000] {logging_mixin.py:190} INFO - [2025-08-31T18:45:36.775+0000] {dag.py:3239} INFO - Sync 4 DAGs
[2025-08-31T18:45:36.796+0000] {logging_mixin.py:190} INFO - [2025-08-31T18:45:36.796+0000] {dag.py:4180} INFO - Setting next_dagrun for dataset_alias_example_alias_consumer to None, run_after=None
[2025-08-31T18:45:36.799+0000] {logging_mixin.py:190} INFO - [2025-08-31T18:45:36.799+0000] {dag.py:4180} INFO - Setting next_dagrun for dataset_alias_example_alias_producer to None, run_after=None
[2025-08-31T18:45:36.801+0000] {logging_mixin.py:190} INFO - [2025-08-31T18:45:36.800+0000] {dag.py:4180} INFO - Setting next_dagrun for dataset_s3_bucket_consumer to None, run_after=None
[2025-08-31T18:45:36.802+0000] {logging_mixin.py:190} INFO - [2025-08-31T18:45:36.801+0000] {dag.py:4180} INFO - Setting next_dagrun for dataset_s3_bucket_producer to None, run_after=None
[2025-08-31T18:45:36.828+0000] {processor.py:208} INFO - Processing /home/krishnaformeera/Sumitomo/datapipeline/venv/lib/python3.11/site-packages/airflow/example_dags/example_dataset_alias.py took 0.109 seconds
[2025-08-31T18:46:53.162+0000] {processor.py:186} INFO - Started process (PID=7759) to work on /home/krishnaformeera/Sumitomo/datapipeline/venv/lib/python3.11/site-packages/airflow/example_dags/example_dataset_alias.py
[2025-08-31T18:46:53.163+0000] {processor.py:914} INFO - Processing file /home/krishnaformeera/Sumitomo/datapipeline/venv/lib/python3.11/site-packages/airflow/example_dags/example_dataset_alias.py for tasks to queue
[2025-08-31T18:46:53.166+0000] {logging_mixin.py:190} INFO - [2025-08-31T18:46:53.165+0000] {dagbag.py:588} INFO - Filling up the DagBag from /home/krishnaformeera/Sumitomo/datapipeline/venv/lib/python3.11/site-packages/airflow/example_dags/example_dataset_alias.py
[2025-08-31T18:46:53.188+0000] {processor.py:925} INFO - DAG(s) 'dataset_s3_bucket_producer', 'dataset_alias_example_alias_consumer', 'dataset_s3_bucket_consumer', 'dataset_alias_example_alias_producer' retrieved from /home/krishnaformeera/Sumitomo/datapipeline/venv/lib/python3.11/site-packages/airflow/example_dags/example_dataset_alias.py
[2025-08-31T18:46:53.205+0000] {logging_mixin.py:190} INFO - [2025-08-31T18:46:53.204+0000] {dag.py:3239} INFO - Sync 4 DAGs
[2025-08-31T18:46:53.221+0000] {logging_mixin.py:190} INFO - [2025-08-31T18:46:53.221+0000] {dag.py:4180} INFO - Setting next_dagrun for dataset_alias_example_alias_consumer to None, run_after=None
[2025-08-31T18:46:53.223+0000] {logging_mixin.py:190} INFO - [2025-08-31T18:46:53.223+0000] {dag.py:4180} INFO - Setting next_dagrun for dataset_alias_example_alias_producer to None, run_after=None
[2025-08-31T18:46:53.224+0000] {logging_mixin.py:190} INFO - [2025-08-31T18:46:53.224+0000] {dag.py:4180} INFO - Setting next_dagrun for dataset_s3_bucket_consumer to None, run_after=None
[2025-08-31T18:46:53.224+0000] {logging_mixin.py:190} INFO - [2025-08-31T18:46:53.224+0000] {dag.py:4180} INFO - Setting next_dagrun for dataset_s3_bucket_producer to None, run_after=None
[2025-08-31T18:46:53.245+0000] {processor.py:208} INFO - Processing /home/krishnaformeera/Sumitomo/datapipeline/venv/lib/python3.11/site-packages/airflow/example_dags/example_dataset_alias.py took 0.090 seconds
[2025-08-31T18:47:45.839+0000] {processor.py:186} INFO - Started process (PID=7816) to work on /home/krishnaformeera/Sumitomo/datapipeline/venv/lib/python3.11/site-packages/airflow/example_dags/example_dataset_alias.py
[2025-08-31T18:47:45.840+0000] {processor.py:914} INFO - Processing file /home/krishnaformeera/Sumitomo/datapipeline/venv/lib/python3.11/site-packages/airflow/example_dags/example_dataset_alias.py for tasks to queue
[2025-08-31T18:47:45.843+0000] {logging_mixin.py:190} INFO - [2025-08-31T18:47:45.843+0000] {dagbag.py:588} INFO - Filling up the DagBag from /home/krishnaformeera/Sumitomo/datapipeline/venv/lib/python3.11/site-packages/airflow/example_dags/example_dataset_alias.py
[2025-08-31T18:47:45.874+0000] {processor.py:925} INFO - DAG(s) 'dataset_s3_bucket_consumer', 'dataset_alias_example_alias_producer', 'dataset_alias_example_alias_consumer', 'dataset_s3_bucket_producer' retrieved from /home/krishnaformeera/Sumitomo/datapipeline/venv/lib/python3.11/site-packages/airflow/example_dags/example_dataset_alias.py
[2025-08-31T18:47:45.895+0000] {logging_mixin.py:190} INFO - [2025-08-31T18:47:45.895+0000] {dag.py:3239} INFO - Sync 4 DAGs
[2025-08-31T18:47:45.917+0000] {logging_mixin.py:190} INFO - [2025-08-31T18:47:45.917+0000] {dag.py:4180} INFO - Setting next_dagrun for dataset_alias_example_alias_consumer to None, run_after=None
[2025-08-31T18:47:45.919+0000] {logging_mixin.py:190} INFO - [2025-08-31T18:47:45.919+0000] {dag.py:4180} INFO - Setting next_dagrun for dataset_alias_example_alias_producer to None, run_after=None
[2025-08-31T18:47:45.920+0000] {logging_mixin.py:190} INFO - [2025-08-31T18:47:45.920+0000] {dag.py:4180} INFO - Setting next_dagrun for dataset_s3_bucket_consumer to None, run_after=None
[2025-08-31T18:47:45.921+0000] {logging_mixin.py:190} INFO - [2025-08-31T18:47:45.921+0000] {dag.py:4180} INFO - Setting next_dagrun for dataset_s3_bucket_producer to None, run_after=None
[2025-08-31T18:47:45.947+0000] {processor.py:208} INFO - Processing /home/krishnaformeera/Sumitomo/datapipeline/venv/lib/python3.11/site-packages/airflow/example_dags/example_dataset_alias.py took 0.116 seconds
[2025-08-31T18:48:59.872+0000] {processor.py:186} INFO - Started process (PID=7898) to work on /home/krishnaformeera/Sumitomo/datapipeline/venv/lib/python3.11/site-packages/airflow/example_dags/example_dataset_alias.py
[2025-08-31T18:48:59.873+0000] {processor.py:914} INFO - Processing file /home/krishnaformeera/Sumitomo/datapipeline/venv/lib/python3.11/site-packages/airflow/example_dags/example_dataset_alias.py for tasks to queue
[2025-08-31T18:48:59.876+0000] {logging_mixin.py:190} INFO - [2025-08-31T18:48:59.875+0000] {dagbag.py:588} INFO - Filling up the DagBag from /home/krishnaformeera/Sumitomo/datapipeline/venv/lib/python3.11/site-packages/airflow/example_dags/example_dataset_alias.py
[2025-08-31T18:48:59.899+0000] {processor.py:925} INFO - DAG(s) 'dataset_alias_example_alias_producer', 'dataset_s3_bucket_consumer', 'dataset_s3_bucket_producer', 'dataset_alias_example_alias_consumer' retrieved from /home/krishnaformeera/Sumitomo/datapipeline/venv/lib/python3.11/site-packages/airflow/example_dags/example_dataset_alias.py
[2025-08-31T18:48:59.917+0000] {logging_mixin.py:190} INFO - [2025-08-31T18:48:59.916+0000] {dag.py:3239} INFO - Sync 4 DAGs
[2025-08-31T18:48:59.933+0000] {logging_mixin.py:190} INFO - [2025-08-31T18:48:59.933+0000] {dag.py:4180} INFO - Setting next_dagrun for dataset_alias_example_alias_consumer to None, run_after=None
[2025-08-31T18:48:59.935+0000] {logging_mixin.py:190} INFO - [2025-08-31T18:48:59.934+0000] {dag.py:4180} INFO - Setting next_dagrun for dataset_alias_example_alias_producer to None, run_after=None
[2025-08-31T18:48:59.935+0000] {logging_mixin.py:190} INFO - [2025-08-31T18:48:59.935+0000] {dag.py:4180} INFO - Setting next_dagrun for dataset_s3_bucket_consumer to None, run_after=None
[2025-08-31T18:48:59.936+0000] {logging_mixin.py:190} INFO - [2025-08-31T18:48:59.936+0000] {dag.py:4180} INFO - Setting next_dagrun for dataset_s3_bucket_producer to None, run_after=None
[2025-08-31T18:48:59.958+0000] {processor.py:208} INFO - Processing /home/krishnaformeera/Sumitomo/datapipeline/venv/lib/python3.11/site-packages/airflow/example_dags/example_dataset_alias.py took 0.091 seconds
[2025-08-31T18:49:51.494+0000] {processor.py:186} INFO - Started process (PID=7966) to work on /home/krishnaformeera/Sumitomo/datapipeline/venv/lib/python3.11/site-packages/airflow/example_dags/example_dataset_alias.py
[2025-08-31T18:49:51.496+0000] {processor.py:914} INFO - Processing file /home/krishnaformeera/Sumitomo/datapipeline/venv/lib/python3.11/site-packages/airflow/example_dags/example_dataset_alias.py for tasks to queue
[2025-08-31T18:49:51.501+0000] {logging_mixin.py:190} INFO - [2025-08-31T18:49:51.500+0000] {dagbag.py:588} INFO - Filling up the DagBag from /home/krishnaformeera/Sumitomo/datapipeline/venv/lib/python3.11/site-packages/airflow/example_dags/example_dataset_alias.py
[2025-08-31T18:49:51.549+0000] {processor.py:925} INFO - DAG(s) 'dataset_alias_example_alias_consumer', 'dataset_s3_bucket_consumer', 'dataset_alias_example_alias_producer', 'dataset_s3_bucket_producer' retrieved from /home/krishnaformeera/Sumitomo/datapipeline/venv/lib/python3.11/site-packages/airflow/example_dags/example_dataset_alias.py
[2025-08-31T18:49:51.581+0000] {logging_mixin.py:190} INFO - [2025-08-31T18:49:51.581+0000] {dag.py:3239} INFO - Sync 4 DAGs
[2025-08-31T18:49:51.611+0000] {logging_mixin.py:190} INFO - [2025-08-31T18:49:51.610+0000] {dag.py:4180} INFO - Setting next_dagrun for dataset_alias_example_alias_consumer to None, run_after=None
[2025-08-31T18:49:51.613+0000] {logging_mixin.py:190} INFO - [2025-08-31T18:49:51.613+0000] {dag.py:4180} INFO - Setting next_dagrun for dataset_alias_example_alias_producer to None, run_after=None
[2025-08-31T18:49:51.614+0000] {logging_mixin.py:190} INFO - [2025-08-31T18:49:51.614+0000] {dag.py:4180} INFO - Setting next_dagrun for dataset_s3_bucket_consumer to None, run_after=None
[2025-08-31T18:49:51.615+0000] {logging_mixin.py:190} INFO - [2025-08-31T18:49:51.615+0000] {dag.py:4180} INFO - Setting next_dagrun for dataset_s3_bucket_producer to None, run_after=None
[2025-08-31T18:49:51.699+0000] {processor.py:208} INFO - Processing /home/krishnaformeera/Sumitomo/datapipeline/venv/lib/python3.11/site-packages/airflow/example_dags/example_dataset_alias.py took 0.221 seconds
[2025-08-31T18:50:45.923+0000] {processor.py:186} INFO - Started process (PID=8081) to work on /home/krishnaformeera/Sumitomo/datapipeline/venv/lib/python3.11/site-packages/airflow/example_dags/example_dataset_alias.py
[2025-08-31T18:50:45.925+0000] {processor.py:914} INFO - Processing file /home/krishnaformeera/Sumitomo/datapipeline/venv/lib/python3.11/site-packages/airflow/example_dags/example_dataset_alias.py for tasks to queue
[2025-08-31T18:50:45.927+0000] {logging_mixin.py:190} INFO - [2025-08-31T18:50:45.927+0000] {dagbag.py:588} INFO - Filling up the DagBag from /home/krishnaformeera/Sumitomo/datapipeline/venv/lib/python3.11/site-packages/airflow/example_dags/example_dataset_alias.py
[2025-08-31T18:50:45.951+0000] {processor.py:925} INFO - DAG(s) 'dataset_s3_bucket_consumer', 'dataset_s3_bucket_producer', 'dataset_alias_example_alias_consumer', 'dataset_alias_example_alias_producer' retrieved from /home/krishnaformeera/Sumitomo/datapipeline/venv/lib/python3.11/site-packages/airflow/example_dags/example_dataset_alias.py
[2025-08-31T18:50:45.968+0000] {logging_mixin.py:190} INFO - [2025-08-31T18:50:45.968+0000] {dag.py:3239} INFO - Sync 4 DAGs
[2025-08-31T18:50:45.986+0000] {logging_mixin.py:190} INFO - [2025-08-31T18:50:45.986+0000] {dag.py:4180} INFO - Setting next_dagrun for dataset_alias_example_alias_consumer to None, run_after=None
[2025-08-31T18:50:45.988+0000] {logging_mixin.py:190} INFO - [2025-08-31T18:50:45.988+0000] {dag.py:4180} INFO - Setting next_dagrun for dataset_alias_example_alias_producer to None, run_after=None
[2025-08-31T18:50:45.989+0000] {logging_mixin.py:190} INFO - [2025-08-31T18:50:45.988+0000] {dag.py:4180} INFO - Setting next_dagrun for dataset_s3_bucket_consumer to None, run_after=None
[2025-08-31T18:50:45.990+0000] {logging_mixin.py:190} INFO - [2025-08-31T18:50:45.990+0000] {dag.py:4180} INFO - Setting next_dagrun for dataset_s3_bucket_producer to None, run_after=None
[2025-08-31T18:50:46.012+0000] {processor.py:208} INFO - Processing /home/krishnaformeera/Sumitomo/datapipeline/venv/lib/python3.11/site-packages/airflow/example_dags/example_dataset_alias.py took 0.097 seconds
[2025-08-31T18:52:00.636+0000] {processor.py:186} INFO - Started process (PID=8192) to work on /home/krishnaformeera/Sumitomo/datapipeline/venv/lib/python3.11/site-packages/airflow/example_dags/example_dataset_alias.py
[2025-08-31T18:52:00.637+0000] {processor.py:914} INFO - Processing file /home/krishnaformeera/Sumitomo/datapipeline/venv/lib/python3.11/site-packages/airflow/example_dags/example_dataset_alias.py for tasks to queue
[2025-08-31T18:52:00.640+0000] {logging_mixin.py:190} INFO - [2025-08-31T18:52:00.639+0000] {dagbag.py:588} INFO - Filling up the DagBag from /home/krishnaformeera/Sumitomo/datapipeline/venv/lib/python3.11/site-packages/airflow/example_dags/example_dataset_alias.py
[2025-08-31T18:52:00.663+0000] {processor.py:925} INFO - DAG(s) 'dataset_alias_example_alias_consumer', 'dataset_s3_bucket_consumer', 'dataset_alias_example_alias_producer', 'dataset_s3_bucket_producer' retrieved from /home/krishnaformeera/Sumitomo/datapipeline/venv/lib/python3.11/site-packages/airflow/example_dags/example_dataset_alias.py
[2025-08-31T18:52:00.680+0000] {logging_mixin.py:190} INFO - [2025-08-31T18:52:00.679+0000] {dag.py:3239} INFO - Sync 4 DAGs
[2025-08-31T18:52:00.700+0000] {logging_mixin.py:190} INFO - [2025-08-31T18:52:00.700+0000] {dag.py:4180} INFO - Setting next_dagrun for dataset_alias_example_alias_consumer to None, run_after=None
[2025-08-31T18:52:00.702+0000] {logging_mixin.py:190} INFO - [2025-08-31T18:52:00.702+0000] {dag.py:4180} INFO - Setting next_dagrun for dataset_alias_example_alias_producer to None, run_after=None
[2025-08-31T18:52:00.703+0000] {logging_mixin.py:190} INFO - [2025-08-31T18:52:00.703+0000] {dag.py:4180} INFO - Setting next_dagrun for dataset_s3_bucket_consumer to None, run_after=None
[2025-08-31T18:52:00.704+0000] {logging_mixin.py:190} INFO - [2025-08-31T18:52:00.703+0000] {dag.py:4180} INFO - Setting next_dagrun for dataset_s3_bucket_producer to None, run_after=None
[2025-08-31T18:52:00.727+0000] {processor.py:208} INFO - Processing /home/krishnaformeera/Sumitomo/datapipeline/venv/lib/python3.11/site-packages/airflow/example_dags/example_dataset_alias.py took 0.097 seconds
[2025-08-31T18:53:13.574+0000] {processor.py:186} INFO - Started process (PID=8285) to work on /home/krishnaformeera/Sumitomo/datapipeline/venv/lib/python3.11/site-packages/airflow/example_dags/example_dataset_alias.py
[2025-08-31T18:53:13.575+0000] {processor.py:914} INFO - Processing file /home/krishnaformeera/Sumitomo/datapipeline/venv/lib/python3.11/site-packages/airflow/example_dags/example_dataset_alias.py for tasks to queue
[2025-08-31T18:53:13.578+0000] {logging_mixin.py:190} INFO - [2025-08-31T18:53:13.577+0000] {dagbag.py:588} INFO - Filling up the DagBag from /home/krishnaformeera/Sumitomo/datapipeline/venv/lib/python3.11/site-packages/airflow/example_dags/example_dataset_alias.py
[2025-08-31T18:53:13.610+0000] {processor.py:925} INFO - DAG(s) 'dataset_alias_example_alias_consumer', 'dataset_s3_bucket_consumer', 'dataset_s3_bucket_producer', 'dataset_alias_example_alias_producer' retrieved from /home/krishnaformeera/Sumitomo/datapipeline/venv/lib/python3.11/site-packages/airflow/example_dags/example_dataset_alias.py
[2025-08-31T18:53:13.632+0000] {logging_mixin.py:190} INFO - [2025-08-31T18:53:13.631+0000] {dag.py:3239} INFO - Sync 4 DAGs
[2025-08-31T18:53:13.656+0000] {logging_mixin.py:190} INFO - [2025-08-31T18:53:13.656+0000] {dag.py:4180} INFO - Setting next_dagrun for dataset_alias_example_alias_consumer to None, run_after=None
[2025-08-31T18:53:13.658+0000] {logging_mixin.py:190} INFO - [2025-08-31T18:53:13.658+0000] {dag.py:4180} INFO - Setting next_dagrun for dataset_alias_example_alias_producer to None, run_after=None
[2025-08-31T18:53:13.659+0000] {logging_mixin.py:190} INFO - [2025-08-31T18:53:13.659+0000] {dag.py:4180} INFO - Setting next_dagrun for dataset_s3_bucket_consumer to None, run_after=None
[2025-08-31T18:53:13.660+0000] {logging_mixin.py:190} INFO - [2025-08-31T18:53:13.660+0000] {dag.py:4180} INFO - Setting next_dagrun for dataset_s3_bucket_producer to None, run_after=None
[2025-08-31T18:53:13.691+0000] {processor.py:208} INFO - Processing /home/krishnaformeera/Sumitomo/datapipeline/venv/lib/python3.11/site-packages/airflow/example_dags/example_dataset_alias.py took 0.126 seconds
[2025-08-31T18:54:26.123+0000] {processor.py:186} INFO - Started process (PID=8503) to work on /home/krishnaformeera/Sumitomo/datapipeline/venv/lib/python3.11/site-packages/airflow/example_dags/example_dataset_alias.py
[2025-08-31T18:54:26.124+0000] {processor.py:914} INFO - Processing file /home/krishnaformeera/Sumitomo/datapipeline/venv/lib/python3.11/site-packages/airflow/example_dags/example_dataset_alias.py for tasks to queue
[2025-08-31T18:54:26.126+0000] {logging_mixin.py:190} INFO - [2025-08-31T18:54:26.126+0000] {dagbag.py:588} INFO - Filling up the DagBag from /home/krishnaformeera/Sumitomo/datapipeline/venv/lib/python3.11/site-packages/airflow/example_dags/example_dataset_alias.py
[2025-08-31T18:54:26.151+0000] {processor.py:925} INFO - DAG(s) 'dataset_s3_bucket_consumer', 'dataset_alias_example_alias_producer', 'dataset_alias_example_alias_consumer', 'dataset_s3_bucket_producer' retrieved from /home/krishnaformeera/Sumitomo/datapipeline/venv/lib/python3.11/site-packages/airflow/example_dags/example_dataset_alias.py
[2025-08-31T18:54:26.168+0000] {logging_mixin.py:190} INFO - [2025-08-31T18:54:26.168+0000] {dag.py:3239} INFO - Sync 4 DAGs
[2025-08-31T18:54:26.188+0000] {logging_mixin.py:190} INFO - [2025-08-31T18:54:26.188+0000] {dag.py:4180} INFO - Setting next_dagrun for dataset_alias_example_alias_consumer to None, run_after=None
[2025-08-31T18:54:26.190+0000] {logging_mixin.py:190} INFO - [2025-08-31T18:54:26.190+0000] {dag.py:4180} INFO - Setting next_dagrun for dataset_alias_example_alias_producer to None, run_after=None
[2025-08-31T18:54:26.191+0000] {logging_mixin.py:190} INFO - [2025-08-31T18:54:26.191+0000] {dag.py:4180} INFO - Setting next_dagrun for dataset_s3_bucket_consumer to None, run_after=None
[2025-08-31T18:54:26.192+0000] {logging_mixin.py:190} INFO - [2025-08-31T18:54:26.192+0000] {dag.py:4180} INFO - Setting next_dagrun for dataset_s3_bucket_producer to None, run_after=None
[2025-08-31T18:54:26.215+0000] {processor.py:208} INFO - Processing /home/krishnaformeera/Sumitomo/datapipeline/venv/lib/python3.11/site-packages/airflow/example_dags/example_dataset_alias.py took 0.100 seconds
[2025-08-31T18:55:18.843+0000] {processor.py:186} INFO - Started process (PID=8583) to work on /home/krishnaformeera/Sumitomo/datapipeline/venv/lib/python3.11/site-packages/airflow/example_dags/example_dataset_alias.py
[2025-08-31T18:55:18.844+0000] {processor.py:914} INFO - Processing file /home/krishnaformeera/Sumitomo/datapipeline/venv/lib/python3.11/site-packages/airflow/example_dags/example_dataset_alias.py for tasks to queue
[2025-08-31T18:55:18.847+0000] {logging_mixin.py:190} INFO - [2025-08-31T18:55:18.846+0000] {dagbag.py:588} INFO - Filling up the DagBag from /home/krishnaformeera/Sumitomo/datapipeline/venv/lib/python3.11/site-packages/airflow/example_dags/example_dataset_alias.py
[2025-08-31T18:55:18.870+0000] {processor.py:925} INFO - DAG(s) 'dataset_s3_bucket_consumer', 'dataset_s3_bucket_producer', 'dataset_alias_example_alias_consumer', 'dataset_alias_example_alias_producer' retrieved from /home/krishnaformeera/Sumitomo/datapipeline/venv/lib/python3.11/site-packages/airflow/example_dags/example_dataset_alias.py
[2025-08-31T18:55:18.887+0000] {logging_mixin.py:190} INFO - [2025-08-31T18:55:18.887+0000] {dag.py:3239} INFO - Sync 4 DAGs
[2025-08-31T18:55:18.904+0000] {logging_mixin.py:190} INFO - [2025-08-31T18:55:18.904+0000] {dag.py:4180} INFO - Setting next_dagrun for dataset_alias_example_alias_consumer to None, run_after=None
[2025-08-31T18:55:18.906+0000] {logging_mixin.py:190} INFO - [2025-08-31T18:55:18.906+0000] {dag.py:4180} INFO - Setting next_dagrun for dataset_alias_example_alias_producer to None, run_after=None
[2025-08-31T18:55:18.907+0000] {logging_mixin.py:190} INFO - [2025-08-31T18:55:18.906+0000] {dag.py:4180} INFO - Setting next_dagrun for dataset_s3_bucket_consumer to None, run_after=None
[2025-08-31T18:55:18.907+0000] {logging_mixin.py:190} INFO - [2025-08-31T18:55:18.907+0000] {dag.py:4180} INFO - Setting next_dagrun for dataset_s3_bucket_producer to None, run_after=None
[2025-08-31T18:55:18.931+0000] {processor.py:208} INFO - Processing /home/krishnaformeera/Sumitomo/datapipeline/venv/lib/python3.11/site-packages/airflow/example_dags/example_dataset_alias.py took 0.094 seconds
[2025-08-31T18:56:10.918+0000] {processor.py:186} INFO - Started process (PID=8650) to work on /home/krishnaformeera/Sumitomo/datapipeline/venv/lib/python3.11/site-packages/airflow/example_dags/example_dataset_alias.py
[2025-08-31T18:56:10.919+0000] {processor.py:914} INFO - Processing file /home/krishnaformeera/Sumitomo/datapipeline/venv/lib/python3.11/site-packages/airflow/example_dags/example_dataset_alias.py for tasks to queue
[2025-08-31T18:56:10.921+0000] {logging_mixin.py:190} INFO - [2025-08-31T18:56:10.921+0000] {dagbag.py:588} INFO - Filling up the DagBag from /home/krishnaformeera/Sumitomo/datapipeline/venv/lib/python3.11/site-packages/airflow/example_dags/example_dataset_alias.py
[2025-08-31T18:56:10.948+0000] {processor.py:925} INFO - DAG(s) 'dataset_alias_example_alias_producer', 'dataset_s3_bucket_producer', 'dataset_s3_bucket_consumer', 'dataset_alias_example_alias_consumer' retrieved from /home/krishnaformeera/Sumitomo/datapipeline/venv/lib/python3.11/site-packages/airflow/example_dags/example_dataset_alias.py
[2025-08-31T18:56:10.968+0000] {logging_mixin.py:190} INFO - [2025-08-31T18:56:10.967+0000] {dag.py:3239} INFO - Sync 4 DAGs
[2025-08-31T18:56:10.985+0000] {logging_mixin.py:190} INFO - [2025-08-31T18:56:10.985+0000] {dag.py:4180} INFO - Setting next_dagrun for dataset_alias_example_alias_consumer to None, run_after=None
[2025-08-31T18:56:10.987+0000] {logging_mixin.py:190} INFO - [2025-08-31T18:56:10.987+0000] {dag.py:4180} INFO - Setting next_dagrun for dataset_alias_example_alias_producer to None, run_after=None
[2025-08-31T18:56:10.988+0000] {logging_mixin.py:190} INFO - [2025-08-31T18:56:10.988+0000] {dag.py:4180} INFO - Setting next_dagrun for dataset_s3_bucket_consumer to None, run_after=None
[2025-08-31T18:56:10.988+0000] {logging_mixin.py:190} INFO - [2025-08-31T18:56:10.988+0000] {dag.py:4180} INFO - Setting next_dagrun for dataset_s3_bucket_producer to None, run_after=None
[2025-08-31T18:56:11.013+0000] {processor.py:208} INFO - Processing /home/krishnaformeera/Sumitomo/datapipeline/venv/lib/python3.11/site-packages/airflow/example_dags/example_dataset_alias.py took 0.102 seconds
[2025-08-31T18:57:04.488+0000] {processor.py:186} INFO - Started process (PID=8703) to work on /home/krishnaformeera/Sumitomo/datapipeline/venv/lib/python3.11/site-packages/airflow/example_dags/example_dataset_alias.py
[2025-08-31T18:57:04.489+0000] {processor.py:914} INFO - Processing file /home/krishnaformeera/Sumitomo/datapipeline/venv/lib/python3.11/site-packages/airflow/example_dags/example_dataset_alias.py for tasks to queue
[2025-08-31T18:57:04.491+0000] {logging_mixin.py:190} INFO - [2025-08-31T18:57:04.491+0000] {dagbag.py:588} INFO - Filling up the DagBag from /home/krishnaformeera/Sumitomo/datapipeline/venv/lib/python3.11/site-packages/airflow/example_dags/example_dataset_alias.py
[2025-08-31T18:57:04.521+0000] {processor.py:925} INFO - DAG(s) 'dataset_s3_bucket_producer', 'dataset_alias_example_alias_consumer', 'dataset_s3_bucket_consumer', 'dataset_alias_example_alias_producer' retrieved from /home/krishnaformeera/Sumitomo/datapipeline/venv/lib/python3.11/site-packages/airflow/example_dags/example_dataset_alias.py
[2025-08-31T18:57:04.539+0000] {logging_mixin.py:190} INFO - [2025-08-31T18:57:04.539+0000] {dag.py:3239} INFO - Sync 4 DAGs
[2025-08-31T18:57:04.558+0000] {logging_mixin.py:190} INFO - [2025-08-31T18:57:04.557+0000] {dag.py:4180} INFO - Setting next_dagrun for dataset_alias_example_alias_consumer to None, run_after=None
[2025-08-31T18:57:04.560+0000] {logging_mixin.py:190} INFO - [2025-08-31T18:57:04.560+0000] {dag.py:4180} INFO - Setting next_dagrun for dataset_alias_example_alias_producer to None, run_after=None
[2025-08-31T18:57:04.561+0000] {logging_mixin.py:190} INFO - [2025-08-31T18:57:04.561+0000] {dag.py:4180} INFO - Setting next_dagrun for dataset_s3_bucket_consumer to None, run_after=None
[2025-08-31T18:57:04.562+0000] {logging_mixin.py:190} INFO - [2025-08-31T18:57:04.561+0000] {dag.py:4180} INFO - Setting next_dagrun for dataset_s3_bucket_producer to None, run_after=None
[2025-08-31T18:57:04.589+0000] {processor.py:208} INFO - Processing /home/krishnaformeera/Sumitomo/datapipeline/venv/lib/python3.11/site-packages/airflow/example_dags/example_dataset_alias.py took 0.109 seconds
[2025-08-31T18:57:57.368+0000] {processor.py:186} INFO - Started process (PID=8757) to work on /home/krishnaformeera/Sumitomo/datapipeline/venv/lib/python3.11/site-packages/airflow/example_dags/example_dataset_alias.py
[2025-08-31T18:57:57.369+0000] {processor.py:914} INFO - Processing file /home/krishnaformeera/Sumitomo/datapipeline/venv/lib/python3.11/site-packages/airflow/example_dags/example_dataset_alias.py for tasks to queue
[2025-08-31T18:57:57.371+0000] {logging_mixin.py:190} INFO - [2025-08-31T18:57:57.371+0000] {dagbag.py:588} INFO - Filling up the DagBag from /home/krishnaformeera/Sumitomo/datapipeline/venv/lib/python3.11/site-packages/airflow/example_dags/example_dataset_alias.py
[2025-08-31T18:57:57.395+0000] {processor.py:925} INFO - DAG(s) 'dataset_alias_example_alias_consumer', 'dataset_s3_bucket_producer', 'dataset_alias_example_alias_producer', 'dataset_s3_bucket_consumer' retrieved from /home/krishnaformeera/Sumitomo/datapipeline/venv/lib/python3.11/site-packages/airflow/example_dags/example_dataset_alias.py
[2025-08-31T18:57:57.417+0000] {logging_mixin.py:190} INFO - [2025-08-31T18:57:57.417+0000] {dag.py:3239} INFO - Sync 4 DAGs
[2025-08-31T18:57:57.438+0000] {logging_mixin.py:190} INFO - [2025-08-31T18:57:57.437+0000] {dag.py:4180} INFO - Setting next_dagrun for dataset_alias_example_alias_consumer to None, run_after=None
[2025-08-31T18:57:57.439+0000] {logging_mixin.py:190} INFO - [2025-08-31T18:57:57.439+0000] {dag.py:4180} INFO - Setting next_dagrun for dataset_alias_example_alias_producer to None, run_after=None
[2025-08-31T18:57:57.440+0000] {logging_mixin.py:190} INFO - [2025-08-31T18:57:57.440+0000] {dag.py:4180} INFO - Setting next_dagrun for dataset_s3_bucket_consumer to None, run_after=None
[2025-08-31T18:57:57.441+0000] {logging_mixin.py:190} INFO - [2025-08-31T18:57:57.441+0000] {dag.py:4180} INFO - Setting next_dagrun for dataset_s3_bucket_producer to None, run_after=None
[2025-08-31T18:57:57.463+0000] {processor.py:208} INFO - Processing /home/krishnaformeera/Sumitomo/datapipeline/venv/lib/python3.11/site-packages/airflow/example_dags/example_dataset_alias.py took 0.101 seconds
[2025-08-31T18:58:50.718+0000] {processor.py:186} INFO - Started process (PID=8811) to work on /home/krishnaformeera/Sumitomo/datapipeline/venv/lib/python3.11/site-packages/airflow/example_dags/example_dataset_alias.py
[2025-08-31T18:58:50.719+0000] {processor.py:914} INFO - Processing file /home/krishnaformeera/Sumitomo/datapipeline/venv/lib/python3.11/site-packages/airflow/example_dags/example_dataset_alias.py for tasks to queue
[2025-08-31T18:58:50.722+0000] {logging_mixin.py:190} INFO - [2025-08-31T18:58:50.722+0000] {dagbag.py:588} INFO - Filling up the DagBag from /home/krishnaformeera/Sumitomo/datapipeline/venv/lib/python3.11/site-packages/airflow/example_dags/example_dataset_alias.py
[2025-08-31T18:58:50.754+0000] {processor.py:925} INFO - DAG(s) 'dataset_s3_bucket_producer', 'dataset_alias_example_alias_producer', 'dataset_alias_example_alias_consumer', 'dataset_s3_bucket_consumer' retrieved from /home/krishnaformeera/Sumitomo/datapipeline/venv/lib/python3.11/site-packages/airflow/example_dags/example_dataset_alias.py
[2025-08-31T18:58:50.777+0000] {logging_mixin.py:190} INFO - [2025-08-31T18:58:50.777+0000] {dag.py:3239} INFO - Sync 4 DAGs
[2025-08-31T18:58:50.799+0000] {logging_mixin.py:190} INFO - [2025-08-31T18:58:50.799+0000] {dag.py:4180} INFO - Setting next_dagrun for dataset_alias_example_alias_consumer to None, run_after=None
[2025-08-31T18:58:50.803+0000] {logging_mixin.py:190} INFO - [2025-08-31T18:58:50.803+0000] {dag.py:4180} INFO - Setting next_dagrun for dataset_alias_example_alias_producer to None, run_after=None
[2025-08-31T18:58:50.805+0000] {logging_mixin.py:190} INFO - [2025-08-31T18:58:50.804+0000] {dag.py:4180} INFO - Setting next_dagrun for dataset_s3_bucket_consumer to None, run_after=None
[2025-08-31T18:58:50.806+0000] {logging_mixin.py:190} INFO - [2025-08-31T18:58:50.806+0000] {dag.py:4180} INFO - Setting next_dagrun for dataset_s3_bucket_producer to None, run_after=None
[2025-08-31T18:58:50.837+0000] {processor.py:208} INFO - Processing /home/krishnaformeera/Sumitomo/datapipeline/venv/lib/python3.11/site-packages/airflow/example_dags/example_dataset_alias.py took 0.127 seconds
