[2025-08-31T18:31:29.202+0000] {processor.py:186} INFO - Started process (PID=5266) to work on /home/krishnaformeera/Sumitomo/datapipeline/venv/lib/python3.11/site-packages/airflow/example_dags/example_display_name.py
[2025-08-31T18:31:29.202+0000] {processor.py:914} INFO - Processing file /home/krishnaformeera/Sumitomo/datapipeline/venv/lib/python3.11/site-packages/airflow/example_dags/example_display_name.py for tasks to queue
[2025-08-31T18:31:29.204+0000] {logging_mixin.py:190} INFO - [2025-08-31T18:31:29.204+0000] {dagbag.py:588} INFO - Filling up the DagBag from /home/krishnaformeera/Sumitomo/datapipeline/venv/lib/python3.11/site-packages/airflow/example_dags/example_display_name.py
[2025-08-31T18:31:29.212+0000] {processor.py:925} INFO - DAG(s) 'example_display_name' retrieved from /home/krishnaformeera/Sumitomo/datapipeline/venv/lib/python3.11/site-packages/airflow/example_dags/example_display_name.py
[2025-08-31T18:31:29.301+0000] {logging_mixin.py:190} INFO - [2025-08-31T18:31:29.301+0000] {override.py:1900} INFO - Created Permission View: can edit on DAG:example_display_name
[2025-08-31T18:31:29.313+0000] {logging_mixin.py:190} INFO - [2025-08-31T18:31:29.313+0000] {override.py:1900} INFO - Created Permission View: can read on DAG:example_display_name
[2025-08-31T18:31:29.322+0000] {logging_mixin.py:190} INFO - [2025-08-31T18:31:29.322+0000] {override.py:1900} INFO - Created Permission View: can delete on DAG:example_display_name
[2025-08-31T18:31:29.336+0000] {logging_mixin.py:190} INFO - [2025-08-31T18:31:29.335+0000] {override.py:1900} INFO - Created Permission View: menu access on DAG Run:example_display_name
[2025-08-31T18:31:29.344+0000] {logging_mixin.py:190} INFO - [2025-08-31T18:31:29.344+0000] {override.py:1900} INFO - Created Permission View: can read on DAG Run:example_display_name
[2025-08-31T18:31:29.353+0000] {logging_mixin.py:190} INFO - [2025-08-31T18:31:29.352+0000] {override.py:1900} INFO - Created Permission View: can create on DAG Run:example_display_name
[2025-08-31T18:31:29.361+0000] {logging_mixin.py:190} INFO - [2025-08-31T18:31:29.360+0000] {override.py:1900} INFO - Created Permission View: can delete on DAG Run:example_display_name
[2025-08-31T18:31:29.361+0000] {logging_mixin.py:190} INFO - [2025-08-31T18:31:29.361+0000] {dag.py:3239} INFO - Sync 1 DAGs
[2025-08-31T18:31:29.372+0000] {logging_mixin.py:190} INFO - [2025-08-31T18:31:29.372+0000] {dag.py:3262} INFO - Creating ORM DAG for example_display_name
[2025-08-31T18:31:29.373+0000] {logging_mixin.py:190} INFO - [2025-08-31T18:31:29.373+0000] {dag.py:4180} INFO - Setting next_dagrun for example_display_name to None, run_after=None
[2025-08-31T18:31:29.395+0000] {processor.py:208} INFO - Processing /home/krishnaformeera/Sumitomo/datapipeline/venv/lib/python3.11/site-packages/airflow/example_dags/example_display_name.py took 0.199 seconds
[2025-08-31T18:32:31.053+0000] {processor.py:186} INFO - Started process (PID=5326) to work on /home/krishnaformeera/Sumitomo/datapipeline/venv/lib/python3.11/site-packages/airflow/example_dags/example_display_name.py
[2025-08-31T18:32:31.055+0000] {processor.py:914} INFO - Processing file /home/krishnaformeera/Sumitomo/datapipeline/venv/lib/python3.11/site-packages/airflow/example_dags/example_display_name.py for tasks to queue
[2025-08-31T18:32:31.058+0000] {logging_mixin.py:190} INFO - [2025-08-31T18:32:31.058+0000] {dagbag.py:588} INFO - Filling up the DagBag from /home/krishnaformeera/Sumitomo/datapipeline/venv/lib/python3.11/site-packages/airflow/example_dags/example_display_name.py
[2025-08-31T18:32:31.072+0000] {processor.py:925} INFO - DAG(s) 'example_display_name' retrieved from /home/krishnaformeera/Sumitomo/datapipeline/venv/lib/python3.11/site-packages/airflow/example_dags/example_display_name.py
[2025-08-31T18:32:31.087+0000] {logging_mixin.py:190} INFO - [2025-08-31T18:32:31.087+0000] {dag.py:3239} INFO - Sync 1 DAGs
[2025-08-31T18:32:31.099+0000] {logging_mixin.py:190} INFO - [2025-08-31T18:32:31.099+0000] {dag.py:4180} INFO - Setting next_dagrun for example_display_name to None, run_after=None
[2025-08-31T18:32:31.120+0000] {processor.py:208} INFO - Processing /home/krishnaformeera/Sumitomo/datapipeline/venv/lib/python3.11/site-packages/airflow/example_dags/example_display_name.py took 0.077 seconds
[2025-08-31T18:33:24.206+0000] {processor.py:186} INFO - Started process (PID=5382) to work on /home/krishnaformeera/Sumitomo/datapipeline/venv/lib/python3.11/site-packages/airflow/example_dags/example_display_name.py
[2025-08-31T18:33:24.207+0000] {processor.py:914} INFO - Processing file /home/krishnaformeera/Sumitomo/datapipeline/venv/lib/python3.11/site-packages/airflow/example_dags/example_display_name.py for tasks to queue
[2025-08-31T18:33:24.209+0000] {logging_mixin.py:190} INFO - [2025-08-31T18:33:24.209+0000] {dagbag.py:588} INFO - Filling up the DagBag from /home/krishnaformeera/Sumitomo/datapipeline/venv/lib/python3.11/site-packages/airflow/example_dags/example_display_name.py
[2025-08-31T18:33:24.218+0000] {processor.py:925} INFO - DAG(s) 'example_display_name' retrieved from /home/krishnaformeera/Sumitomo/datapipeline/venv/lib/python3.11/site-packages/airflow/example_dags/example_display_name.py
[2025-08-31T18:33:24.233+0000] {logging_mixin.py:190} INFO - [2025-08-31T18:33:24.233+0000] {dag.py:3239} INFO - Sync 1 DAGs
[2025-08-31T18:33:24.332+0000] {logging_mixin.py:190} INFO - [2025-08-31T18:33:24.331+0000] {dag.py:4180} INFO - Setting next_dagrun for example_display_name to None, run_after=None
[2025-08-31T18:33:24.350+0000] {processor.py:208} INFO - Processing /home/krishnaformeera/Sumitomo/datapipeline/venv/lib/python3.11/site-packages/airflow/example_dags/example_display_name.py took 0.149 seconds
[2025-08-31T18:34:21.940+0000] {processor.py:186} INFO - Started process (PID=5439) to work on /home/krishnaformeera/Sumitomo/datapipeline/venv/lib/python3.11/site-packages/airflow/example_dags/example_display_name.py
[2025-08-31T18:34:21.941+0000] {processor.py:914} INFO - Processing file /home/krishnaformeera/Sumitomo/datapipeline/venv/lib/python3.11/site-packages/airflow/example_dags/example_display_name.py for tasks to queue
[2025-08-31T18:34:21.944+0000] {logging_mixin.py:190} INFO - [2025-08-31T18:34:21.943+0000] {dagbag.py:588} INFO - Filling up the DagBag from /home/krishnaformeera/Sumitomo/datapipeline/venv/lib/python3.11/site-packages/airflow/example_dags/example_display_name.py
[2025-08-31T18:34:21.952+0000] {processor.py:925} INFO - DAG(s) 'example_display_name' retrieved from /home/krishnaformeera/Sumitomo/datapipeline/venv/lib/python3.11/site-packages/airflow/example_dags/example_display_name.py
[2025-08-31T18:34:21.967+0000] {logging_mixin.py:190} INFO - [2025-08-31T18:34:21.967+0000] {dag.py:3239} INFO - Sync 1 DAGs
[2025-08-31T18:34:21.979+0000] {logging_mixin.py:190} INFO - [2025-08-31T18:34:21.979+0000] {dag.py:4180} INFO - Setting next_dagrun for example_display_name to None, run_after=None
[2025-08-31T18:34:22.002+0000] {processor.py:208} INFO - Processing /home/krishnaformeera/Sumitomo/datapipeline/venv/lib/python3.11/site-packages/airflow/example_dags/example_display_name.py took 0.068 seconds
[2025-08-31T18:35:36.985+0000] {processor.py:186} INFO - Started process (PID=5515) to work on /home/krishnaformeera/Sumitomo/datapipeline/venv/lib/python3.11/site-packages/airflow/example_dags/example_display_name.py
[2025-08-31T18:35:36.985+0000] {processor.py:914} INFO - Processing file /home/krishnaformeera/Sumitomo/datapipeline/venv/lib/python3.11/site-packages/airflow/example_dags/example_display_name.py for tasks to queue
[2025-08-31T18:35:36.988+0000] {logging_mixin.py:190} INFO - [2025-08-31T18:35:36.987+0000] {dagbag.py:588} INFO - Filling up the DagBag from /home/krishnaformeera/Sumitomo/datapipeline/venv/lib/python3.11/site-packages/airflow/example_dags/example_display_name.py
[2025-08-31T18:35:36.996+0000] {processor.py:925} INFO - DAG(s) 'example_display_name' retrieved from /home/krishnaformeera/Sumitomo/datapipeline/venv/lib/python3.11/site-packages/airflow/example_dags/example_display_name.py
[2025-08-31T18:35:37.012+0000] {logging_mixin.py:190} INFO - [2025-08-31T18:35:37.012+0000] {dag.py:3239} INFO - Sync 1 DAGs
[2025-08-31T18:35:37.025+0000] {logging_mixin.py:190} INFO - [2025-08-31T18:35:37.025+0000] {dag.py:4180} INFO - Setting next_dagrun for example_display_name to None, run_after=None
[2025-08-31T18:35:37.048+0000] {processor.py:208} INFO - Processing /home/krishnaformeera/Sumitomo/datapipeline/venv/lib/python3.11/site-packages/airflow/example_dags/example_display_name.py took 0.070 seconds
[2025-08-31T18:36:52.914+0000] {processor.py:186} INFO - Started process (PID=5619) to work on /home/krishnaformeera/Sumitomo/datapipeline/venv/lib/python3.11/site-packages/airflow/example_dags/example_display_name.py
[2025-08-31T18:36:52.915+0000] {processor.py:914} INFO - Processing file /home/krishnaformeera/Sumitomo/datapipeline/venv/lib/python3.11/site-packages/airflow/example_dags/example_display_name.py for tasks to queue
[2025-08-31T18:36:52.917+0000] {logging_mixin.py:190} INFO - [2025-08-31T18:36:52.917+0000] {dagbag.py:588} INFO - Filling up the DagBag from /home/krishnaformeera/Sumitomo/datapipeline/venv/lib/python3.11/site-packages/airflow/example_dags/example_display_name.py
[2025-08-31T18:36:52.925+0000] {processor.py:925} INFO - DAG(s) 'example_display_name' retrieved from /home/krishnaformeera/Sumitomo/datapipeline/venv/lib/python3.11/site-packages/airflow/example_dags/example_display_name.py
[2025-08-31T18:36:52.942+0000] {logging_mixin.py:190} INFO - [2025-08-31T18:36:52.941+0000] {dag.py:3239} INFO - Sync 1 DAGs
[2025-08-31T18:36:52.955+0000] {logging_mixin.py:190} INFO - [2025-08-31T18:36:52.955+0000] {dag.py:4180} INFO - Setting next_dagrun for example_display_name to None, run_after=None
[2025-08-31T18:36:52.995+0000] {processor.py:208} INFO - Processing /home/krishnaformeera/Sumitomo/datapipeline/venv/lib/python3.11/site-packages/airflow/example_dags/example_display_name.py took 0.087 seconds
[2025-08-31T18:40:37.412+0000] {processor.py:186} INFO - Started process (PID=6221) to work on /home/krishnaformeera/Sumitomo/datapipeline/venv/lib/python3.11/site-packages/airflow/example_dags/example_display_name.py
[2025-08-31T18:40:37.415+0000] {processor.py:914} INFO - Processing file /home/krishnaformeera/Sumitomo/datapipeline/venv/lib/python3.11/site-packages/airflow/example_dags/example_display_name.py for tasks to queue
[2025-08-31T18:40:37.417+0000] {logging_mixin.py:190} INFO - [2025-08-31T18:40:37.417+0000] {dagbag.py:588} INFO - Filling up the DagBag from /home/krishnaformeera/Sumitomo/datapipeline/venv/lib/python3.11/site-packages/airflow/example_dags/example_display_name.py
[2025-08-31T18:40:37.426+0000] {processor.py:925} INFO - DAG(s) 'example_display_name' retrieved from /home/krishnaformeera/Sumitomo/datapipeline/venv/lib/python3.11/site-packages/airflow/example_dags/example_display_name.py
[2025-08-31T18:40:37.440+0000] {logging_mixin.py:190} INFO - [2025-08-31T18:40:37.440+0000] {dag.py:3239} INFO - Sync 1 DAGs
[2025-08-31T18:40:37.452+0000] {logging_mixin.py:190} INFO - [2025-08-31T18:40:37.452+0000] {dag.py:4180} INFO - Setting next_dagrun for example_display_name to None, run_after=None
[2025-08-31T18:40:37.473+0000] {processor.py:208} INFO - Processing /home/krishnaformeera/Sumitomo/datapipeline/venv/lib/python3.11/site-packages/airflow/example_dags/example_display_name.py took 0.067 seconds
[2025-08-31T18:41:31.453+0000] {processor.py:186} INFO - Started process (PID=6423) to work on /home/krishnaformeera/Sumitomo/datapipeline/venv/lib/python3.11/site-packages/airflow/example_dags/example_display_name.py
[2025-08-31T18:41:31.455+0000] {processor.py:914} INFO - Processing file /home/krishnaformeera/Sumitomo/datapipeline/venv/lib/python3.11/site-packages/airflow/example_dags/example_display_name.py for tasks to queue
[2025-08-31T18:41:31.457+0000] {logging_mixin.py:190} INFO - [2025-08-31T18:41:31.457+0000] {dagbag.py:588} INFO - Filling up the DagBag from /home/krishnaformeera/Sumitomo/datapipeline/venv/lib/python3.11/site-packages/airflow/example_dags/example_display_name.py
[2025-08-31T18:41:31.467+0000] {processor.py:925} INFO - DAG(s) 'example_display_name' retrieved from /home/krishnaformeera/Sumitomo/datapipeline/venv/lib/python3.11/site-packages/airflow/example_dags/example_display_name.py
[2025-08-31T18:41:31.485+0000] {logging_mixin.py:190} INFO - [2025-08-31T18:41:31.485+0000] {dag.py:3239} INFO - Sync 1 DAGs
[2025-08-31T18:41:31.498+0000] {logging_mixin.py:190} INFO - [2025-08-31T18:41:31.498+0000] {dag.py:4180} INFO - Setting next_dagrun for example_display_name to None, run_after=None
[2025-08-31T18:41:31.523+0000] {processor.py:208} INFO - Processing /home/krishnaformeera/Sumitomo/datapipeline/venv/lib/python3.11/site-packages/airflow/example_dags/example_display_name.py took 0.076 seconds
[2025-08-31T18:42:53.345+0000] {processor.py:186} INFO - Started process (PID=6724) to work on /home/krishnaformeera/Sumitomo/datapipeline/venv/lib/python3.11/site-packages/airflow/example_dags/example_display_name.py
[2025-08-31T18:42:53.346+0000] {processor.py:914} INFO - Processing file /home/krishnaformeera/Sumitomo/datapipeline/venv/lib/python3.11/site-packages/airflow/example_dags/example_display_name.py for tasks to queue
[2025-08-31T18:42:53.348+0000] {logging_mixin.py:190} INFO - [2025-08-31T18:42:53.347+0000] {dagbag.py:588} INFO - Filling up the DagBag from /home/krishnaformeera/Sumitomo/datapipeline/venv/lib/python3.11/site-packages/airflow/example_dags/example_display_name.py
[2025-08-31T18:42:53.356+0000] {processor.py:925} INFO - DAG(s) 'example_display_name' retrieved from /home/krishnaformeera/Sumitomo/datapipeline/venv/lib/python3.11/site-packages/airflow/example_dags/example_display_name.py
[2025-08-31T18:42:53.463+0000] {logging_mixin.py:190} INFO - [2025-08-31T18:42:53.463+0000] {dag.py:3239} INFO - Sync 1 DAGs
[2025-08-31T18:42:53.472+0000] {logging_mixin.py:190} INFO - [2025-08-31T18:42:53.472+0000] {dag.py:4180} INFO - Setting next_dagrun for example_display_name to None, run_after=None
[2025-08-31T18:42:53.492+0000] {processor.py:208} INFO - Processing /home/krishnaformeera/Sumitomo/datapipeline/venv/lib/python3.11/site-packages/airflow/example_dags/example_display_name.py took 0.153 seconds
[2025-08-31T18:43:51.493+0000] {processor.py:186} INFO - Started process (PID=6958) to work on /home/krishnaformeera/Sumitomo/datapipeline/venv/lib/python3.11/site-packages/airflow/example_dags/example_display_name.py
[2025-08-31T18:43:51.494+0000] {processor.py:914} INFO - Processing file /home/krishnaformeera/Sumitomo/datapipeline/venv/lib/python3.11/site-packages/airflow/example_dags/example_display_name.py for tasks to queue
[2025-08-31T18:43:51.497+0000] {logging_mixin.py:190} INFO - [2025-08-31T18:43:51.497+0000] {dagbag.py:588} INFO - Filling up the DagBag from /home/krishnaformeera/Sumitomo/datapipeline/venv/lib/python3.11/site-packages/airflow/example_dags/example_display_name.py
[2025-08-31T18:43:51.509+0000] {processor.py:925} INFO - DAG(s) 'example_display_name' retrieved from /home/krishnaformeera/Sumitomo/datapipeline/venv/lib/python3.11/site-packages/airflow/example_dags/example_display_name.py
[2025-08-31T18:43:51.529+0000] {logging_mixin.py:190} INFO - [2025-08-31T18:43:51.529+0000] {dag.py:3239} INFO - Sync 1 DAGs
[2025-08-31T18:43:51.546+0000] {logging_mixin.py:190} INFO - [2025-08-31T18:43:51.545+0000] {dag.py:4180} INFO - Setting next_dagrun for example_display_name to None, run_after=None
[2025-08-31T18:43:51.573+0000] {processor.py:208} INFO - Processing /home/krishnaformeera/Sumitomo/datapipeline/venv/lib/python3.11/site-packages/airflow/example_dags/example_display_name.py took 0.088 seconds
[2025-08-31T18:44:44.869+0000] {processor.py:186} INFO - Started process (PID=7166) to work on /home/krishnaformeera/Sumitomo/datapipeline/venv/lib/python3.11/site-packages/airflow/example_dags/example_display_name.py
[2025-08-31T18:44:44.870+0000] {processor.py:914} INFO - Processing file /home/krishnaformeera/Sumitomo/datapipeline/venv/lib/python3.11/site-packages/airflow/example_dags/example_display_name.py for tasks to queue
[2025-08-31T18:44:44.872+0000] {logging_mixin.py:190} INFO - [2025-08-31T18:44:44.872+0000] {dagbag.py:588} INFO - Filling up the DagBag from /home/krishnaformeera/Sumitomo/datapipeline/venv/lib/python3.11/site-packages/airflow/example_dags/example_display_name.py
[2025-08-31T18:44:44.880+0000] {processor.py:925} INFO - DAG(s) 'example_display_name' retrieved from /home/krishnaformeera/Sumitomo/datapipeline/venv/lib/python3.11/site-packages/airflow/example_dags/example_display_name.py
[2025-08-31T18:44:44.895+0000] {logging_mixin.py:190} INFO - [2025-08-31T18:44:44.894+0000] {dag.py:3239} INFO - Sync 1 DAGs
[2025-08-31T18:44:44.906+0000] {logging_mixin.py:190} INFO - [2025-08-31T18:44:44.906+0000] {dag.py:4180} INFO - Setting next_dagrun for example_display_name to None, run_after=None
[2025-08-31T18:44:44.927+0000] {processor.py:208} INFO - Processing /home/krishnaformeera/Sumitomo/datapipeline/venv/lib/python3.11/site-packages/airflow/example_dags/example_display_name.py took 0.064 seconds
[2025-08-31T18:45:59.858+0000] {processor.py:186} INFO - Started process (PID=7605) to work on /home/krishnaformeera/Sumitomo/datapipeline/venv/lib/python3.11/site-packages/airflow/example_dags/example_display_name.py
[2025-08-31T18:45:59.859+0000] {processor.py:914} INFO - Processing file /home/krishnaformeera/Sumitomo/datapipeline/venv/lib/python3.11/site-packages/airflow/example_dags/example_display_name.py for tasks to queue
[2025-08-31T18:45:59.862+0000] {logging_mixin.py:190} INFO - [2025-08-31T18:45:59.862+0000] {dagbag.py:588} INFO - Filling up the DagBag from /home/krishnaformeera/Sumitomo/datapipeline/venv/lib/python3.11/site-packages/airflow/example_dags/example_display_name.py
[2025-08-31T18:45:59.874+0000] {processor.py:925} INFO - DAG(s) 'example_display_name' retrieved from /home/krishnaformeera/Sumitomo/datapipeline/venv/lib/python3.11/site-packages/airflow/example_dags/example_display_name.py
[2025-08-31T18:45:59.896+0000] {logging_mixin.py:190} INFO - [2025-08-31T18:45:59.895+0000] {dag.py:3239} INFO - Sync 1 DAGs
[2025-08-31T18:45:59.929+0000] {logging_mixin.py:190} INFO - [2025-08-31T18:45:59.929+0000] {dag.py:4180} INFO - Setting next_dagrun for example_display_name to None, run_after=None
[2025-08-31T18:45:59.961+0000] {processor.py:208} INFO - Processing /home/krishnaformeera/Sumitomo/datapipeline/venv/lib/python3.11/site-packages/airflow/example_dags/example_display_name.py took 0.112 seconds
[2025-08-31T18:46:56.176+0000] {processor.py:186} INFO - Started process (PID=7762) to work on /home/krishnaformeera/Sumitomo/datapipeline/venv/lib/python3.11/site-packages/airflow/example_dags/example_display_name.py
[2025-08-31T18:46:56.177+0000] {processor.py:914} INFO - Processing file /home/krishnaformeera/Sumitomo/datapipeline/venv/lib/python3.11/site-packages/airflow/example_dags/example_display_name.py for tasks to queue
[2025-08-31T18:46:56.180+0000] {logging_mixin.py:190} INFO - [2025-08-31T18:46:56.180+0000] {dagbag.py:588} INFO - Filling up the DagBag from /home/krishnaformeera/Sumitomo/datapipeline/venv/lib/python3.11/site-packages/airflow/example_dags/example_display_name.py
[2025-08-31T18:46:56.193+0000] {processor.py:925} INFO - DAG(s) 'example_display_name' retrieved from /home/krishnaformeera/Sumitomo/datapipeline/venv/lib/python3.11/site-packages/airflow/example_dags/example_display_name.py
[2025-08-31T18:46:56.211+0000] {logging_mixin.py:190} INFO - [2025-08-31T18:46:56.210+0000] {dag.py:3239} INFO - Sync 1 DAGs
[2025-08-31T18:46:56.224+0000] {logging_mixin.py:190} INFO - [2025-08-31T18:46:56.224+0000] {dag.py:4180} INFO - Setting next_dagrun for example_display_name to None, run_after=None
[2025-08-31T18:46:56.245+0000] {processor.py:208} INFO - Processing /home/krishnaformeera/Sumitomo/datapipeline/venv/lib/python3.11/site-packages/airflow/example_dags/example_display_name.py took 0.077 seconds
[2025-08-31T18:48:11.466+0000] {processor.py:186} INFO - Started process (PID=7844) to work on /home/krishnaformeera/Sumitomo/datapipeline/venv/lib/python3.11/site-packages/airflow/example_dags/example_display_name.py
[2025-08-31T18:48:11.467+0000] {processor.py:914} INFO - Processing file /home/krishnaformeera/Sumitomo/datapipeline/venv/lib/python3.11/site-packages/airflow/example_dags/example_display_name.py for tasks to queue
[2025-08-31T18:48:11.470+0000] {logging_mixin.py:190} INFO - [2025-08-31T18:48:11.469+0000] {dagbag.py:588} INFO - Filling up the DagBag from /home/krishnaformeera/Sumitomo/datapipeline/venv/lib/python3.11/site-packages/airflow/example_dags/example_display_name.py
[2025-08-31T18:48:11.477+0000] {processor.py:925} INFO - DAG(s) 'example_display_name' retrieved from /home/krishnaformeera/Sumitomo/datapipeline/venv/lib/python3.11/site-packages/airflow/example_dags/example_display_name.py
[2025-08-31T18:48:11.492+0000] {logging_mixin.py:190} INFO - [2025-08-31T18:48:11.491+0000] {dag.py:3239} INFO - Sync 1 DAGs
[2025-08-31T18:48:11.503+0000] {logging_mixin.py:190} INFO - [2025-08-31T18:48:11.503+0000] {dag.py:4180} INFO - Setting next_dagrun for example_display_name to None, run_after=None
[2025-08-31T18:48:11.523+0000] {processor.py:208} INFO - Processing /home/krishnaformeera/Sumitomo/datapipeline/venv/lib/python3.11/site-packages/airflow/example_dags/example_display_name.py took 0.063 seconds
[2025-08-31T18:49:27.738+0000] {processor.py:186} INFO - Started process (PID=7931) to work on /home/krishnaformeera/Sumitomo/datapipeline/venv/lib/python3.11/site-packages/airflow/example_dags/example_display_name.py
[2025-08-31T18:49:27.739+0000] {processor.py:914} INFO - Processing file /home/krishnaformeera/Sumitomo/datapipeline/venv/lib/python3.11/site-packages/airflow/example_dags/example_display_name.py for tasks to queue
[2025-08-31T18:49:27.742+0000] {logging_mixin.py:190} INFO - [2025-08-31T18:49:27.742+0000] {dagbag.py:588} INFO - Filling up the DagBag from /home/krishnaformeera/Sumitomo/datapipeline/venv/lib/python3.11/site-packages/airflow/example_dags/example_display_name.py
[2025-08-31T18:49:27.752+0000] {processor.py:925} INFO - DAG(s) 'example_display_name' retrieved from /home/krishnaformeera/Sumitomo/datapipeline/venv/lib/python3.11/site-packages/airflow/example_dags/example_display_name.py
[2025-08-31T18:49:27.769+0000] {logging_mixin.py:190} INFO - [2025-08-31T18:49:27.768+0000] {dag.py:3239} INFO - Sync 1 DAGs
[2025-08-31T18:49:27.784+0000] {logging_mixin.py:190} INFO - [2025-08-31T18:49:27.784+0000] {dag.py:4180} INFO - Setting next_dagrun for example_display_name to None, run_after=None
[2025-08-31T18:49:27.811+0000] {processor.py:208} INFO - Processing /home/krishnaformeera/Sumitomo/datapipeline/venv/lib/python3.11/site-packages/airflow/example_dags/example_display_name.py took 0.081 seconds
[2025-08-31T18:50:47.068+0000] {processor.py:186} INFO - Started process (PID=8082) to work on /home/krishnaformeera/Sumitomo/datapipeline/venv/lib/python3.11/site-packages/airflow/example_dags/example_display_name.py
[2025-08-31T18:50:47.069+0000] {processor.py:914} INFO - Processing file /home/krishnaformeera/Sumitomo/datapipeline/venv/lib/python3.11/site-packages/airflow/example_dags/example_display_name.py for tasks to queue
[2025-08-31T18:50:47.072+0000] {logging_mixin.py:190} INFO - [2025-08-31T18:50:47.071+0000] {dagbag.py:588} INFO - Filling up the DagBag from /home/krishnaformeera/Sumitomo/datapipeline/venv/lib/python3.11/site-packages/airflow/example_dags/example_display_name.py
[2025-08-31T18:50:47.082+0000] {processor.py:925} INFO - DAG(s) 'example_display_name' retrieved from /home/krishnaformeera/Sumitomo/datapipeline/venv/lib/python3.11/site-packages/airflow/example_dags/example_display_name.py
[2025-08-31T18:50:47.101+0000] {logging_mixin.py:190} INFO - [2025-08-31T18:50:47.101+0000] {dag.py:3239} INFO - Sync 1 DAGs
[2025-08-31T18:50:47.115+0000] {logging_mixin.py:190} INFO - [2025-08-31T18:50:47.114+0000] {dag.py:4180} INFO - Setting next_dagrun for example_display_name to None, run_after=None
[2025-08-31T18:50:47.138+0000] {processor.py:208} INFO - Processing /home/krishnaformeera/Sumitomo/datapipeline/venv/lib/python3.11/site-packages/airflow/example_dags/example_display_name.py took 0.076 seconds
[2025-08-31T18:52:01.152+0000] {processor.py:186} INFO - Started process (PID=8193) to work on /home/krishnaformeera/Sumitomo/datapipeline/venv/lib/python3.11/site-packages/airflow/example_dags/example_display_name.py
[2025-08-31T18:52:01.153+0000] {processor.py:914} INFO - Processing file /home/krishnaformeera/Sumitomo/datapipeline/venv/lib/python3.11/site-packages/airflow/example_dags/example_display_name.py for tasks to queue
[2025-08-31T18:52:01.155+0000] {logging_mixin.py:190} INFO - [2025-08-31T18:52:01.154+0000] {dagbag.py:588} INFO - Filling up the DagBag from /home/krishnaformeera/Sumitomo/datapipeline/venv/lib/python3.11/site-packages/airflow/example_dags/example_display_name.py
[2025-08-31T18:52:01.163+0000] {processor.py:925} INFO - DAG(s) 'example_display_name' retrieved from /home/krishnaformeera/Sumitomo/datapipeline/venv/lib/python3.11/site-packages/airflow/example_dags/example_display_name.py
[2025-08-31T18:52:01.177+0000] {logging_mixin.py:190} INFO - [2025-08-31T18:52:01.177+0000] {dag.py:3239} INFO - Sync 1 DAGs
[2025-08-31T18:52:01.188+0000] {logging_mixin.py:190} INFO - [2025-08-31T18:52:01.188+0000] {dag.py:4180} INFO - Setting next_dagrun for example_display_name to None, run_after=None
[2025-08-31T18:52:01.207+0000] {processor.py:208} INFO - Processing /home/krishnaformeera/Sumitomo/datapipeline/venv/lib/python3.11/site-packages/airflow/example_dags/example_display_name.py took 0.061 seconds
[2025-08-31T18:53:13.866+0000] {processor.py:186} INFO - Started process (PID=8286) to work on /home/krishnaformeera/Sumitomo/datapipeline/venv/lib/python3.11/site-packages/airflow/example_dags/example_display_name.py
[2025-08-31T18:53:13.867+0000] {processor.py:914} INFO - Processing file /home/krishnaformeera/Sumitomo/datapipeline/venv/lib/python3.11/site-packages/airflow/example_dags/example_display_name.py for tasks to queue
[2025-08-31T18:53:13.870+0000] {logging_mixin.py:190} INFO - [2025-08-31T18:53:13.870+0000] {dagbag.py:588} INFO - Filling up the DagBag from /home/krishnaformeera/Sumitomo/datapipeline/venv/lib/python3.11/site-packages/airflow/example_dags/example_display_name.py
[2025-08-31T18:53:13.885+0000] {processor.py:925} INFO - DAG(s) 'example_display_name' retrieved from /home/krishnaformeera/Sumitomo/datapipeline/venv/lib/python3.11/site-packages/airflow/example_dags/example_display_name.py
[2025-08-31T18:53:13.910+0000] {logging_mixin.py:190} INFO - [2025-08-31T18:53:13.910+0000] {dag.py:3239} INFO - Sync 1 DAGs
[2025-08-31T18:53:13.932+0000] {logging_mixin.py:190} INFO - [2025-08-31T18:53:13.931+0000] {dag.py:4180} INFO - Setting next_dagrun for example_display_name to None, run_after=None
[2025-08-31T18:53:13.967+0000] {processor.py:208} INFO - Processing /home/krishnaformeera/Sumitomo/datapipeline/venv/lib/python3.11/site-packages/airflow/example_dags/example_display_name.py took 0.108 seconds
[2025-08-31T18:54:27.402+0000] {processor.py:186} INFO - Started process (PID=8504) to work on /home/krishnaformeera/Sumitomo/datapipeline/venv/lib/python3.11/site-packages/airflow/example_dags/example_display_name.py
[2025-08-31T18:54:27.403+0000] {processor.py:914} INFO - Processing file /home/krishnaformeera/Sumitomo/datapipeline/venv/lib/python3.11/site-packages/airflow/example_dags/example_display_name.py for tasks to queue
[2025-08-31T18:54:27.405+0000] {logging_mixin.py:190} INFO - [2025-08-31T18:54:27.405+0000] {dagbag.py:588} INFO - Filling up the DagBag from /home/krishnaformeera/Sumitomo/datapipeline/venv/lib/python3.11/site-packages/airflow/example_dags/example_display_name.py
[2025-08-31T18:54:27.414+0000] {processor.py:925} INFO - DAG(s) 'example_display_name' retrieved from /home/krishnaformeera/Sumitomo/datapipeline/venv/lib/python3.11/site-packages/airflow/example_dags/example_display_name.py
[2025-08-31T18:54:27.429+0000] {logging_mixin.py:190} INFO - [2025-08-31T18:54:27.429+0000] {dag.py:3239} INFO - Sync 1 DAGs
[2025-08-31T18:54:27.441+0000] {logging_mixin.py:190} INFO - [2025-08-31T18:54:27.441+0000] {dag.py:4180} INFO - Setting next_dagrun for example_display_name to None, run_after=None
[2025-08-31T18:54:27.464+0000] {processor.py:208} INFO - Processing /home/krishnaformeera/Sumitomo/datapipeline/venv/lib/python3.11/site-packages/airflow/example_dags/example_display_name.py took 0.069 seconds
[2025-08-31T18:55:47.685+0000] {processor.py:186} INFO - Started process (PID=8611) to work on /home/krishnaformeera/Sumitomo/datapipeline/venv/lib/python3.11/site-packages/airflow/example_dags/example_display_name.py
[2025-08-31T18:55:47.687+0000] {processor.py:914} INFO - Processing file /home/krishnaformeera/Sumitomo/datapipeline/venv/lib/python3.11/site-packages/airflow/example_dags/example_display_name.py for tasks to queue
[2025-08-31T18:55:47.691+0000] {logging_mixin.py:190} INFO - [2025-08-31T18:55:47.690+0000] {dagbag.py:588} INFO - Filling up the DagBag from /home/krishnaformeera/Sumitomo/datapipeline/venv/lib/python3.11/site-packages/airflow/example_dags/example_display_name.py
[2025-08-31T18:55:47.704+0000] {processor.py:925} INFO - DAG(s) 'example_display_name' retrieved from /home/krishnaformeera/Sumitomo/datapipeline/venv/lib/python3.11/site-packages/airflow/example_dags/example_display_name.py
[2025-08-31T18:55:47.728+0000] {logging_mixin.py:190} INFO - [2025-08-31T18:55:47.727+0000] {dag.py:3239} INFO - Sync 1 DAGs
[2025-08-31T18:55:47.744+0000] {logging_mixin.py:190} INFO - [2025-08-31T18:55:47.743+0000] {dag.py:4180} INFO - Setting next_dagrun for example_display_name to None, run_after=None
[2025-08-31T18:55:47.780+0000] {processor.py:208} INFO - Processing /home/krishnaformeera/Sumitomo/datapipeline/venv/lib/python3.11/site-packages/airflow/example_dags/example_display_name.py took 0.105 seconds
[2025-08-31T18:57:07.678+0000] {processor.py:186} INFO - Started process (PID=8706) to work on /home/krishnaformeera/Sumitomo/datapipeline/venv/lib/python3.11/site-packages/airflow/example_dags/example_display_name.py
[2025-08-31T18:57:07.680+0000] {processor.py:914} INFO - Processing file /home/krishnaformeera/Sumitomo/datapipeline/venv/lib/python3.11/site-packages/airflow/example_dags/example_display_name.py for tasks to queue
[2025-08-31T18:57:07.683+0000] {logging_mixin.py:190} INFO - [2025-08-31T18:57:07.682+0000] {dagbag.py:588} INFO - Filling up the DagBag from /home/krishnaformeera/Sumitomo/datapipeline/venv/lib/python3.11/site-packages/airflow/example_dags/example_display_name.py
[2025-08-31T18:57:07.694+0000] {processor.py:925} INFO - DAG(s) 'example_display_name' retrieved from /home/krishnaformeera/Sumitomo/datapipeline/venv/lib/python3.11/site-packages/airflow/example_dags/example_display_name.py
[2025-08-31T18:57:07.715+0000] {logging_mixin.py:190} INFO - [2025-08-31T18:57:07.715+0000] {dag.py:3239} INFO - Sync 1 DAGs
[2025-08-31T18:57:07.731+0000] {logging_mixin.py:190} INFO - [2025-08-31T18:57:07.731+0000] {dag.py:4180} INFO - Setting next_dagrun for example_display_name to None, run_after=None
[2025-08-31T18:57:07.763+0000] {processor.py:208} INFO - Processing /home/krishnaformeera/Sumitomo/datapipeline/venv/lib/python3.11/site-packages/airflow/example_dags/example_display_name.py took 0.093 seconds
[2025-08-31T18:58:26.365+0000] {processor.py:186} INFO - Started process (PID=8786) to work on /home/krishnaformeera/Sumitomo/datapipeline/venv/lib/python3.11/site-packages/airflow/example_dags/example_display_name.py
[2025-08-31T18:58:26.366+0000] {processor.py:914} INFO - Processing file /home/krishnaformeera/Sumitomo/datapipeline/venv/lib/python3.11/site-packages/airflow/example_dags/example_display_name.py for tasks to queue
[2025-08-31T18:58:26.370+0000] {logging_mixin.py:190} INFO - [2025-08-31T18:58:26.369+0000] {dagbag.py:588} INFO - Filling up the DagBag from /home/krishnaformeera/Sumitomo/datapipeline/venv/lib/python3.11/site-packages/airflow/example_dags/example_display_name.py
[2025-08-31T18:58:26.379+0000] {processor.py:925} INFO - DAG(s) 'example_display_name' retrieved from /home/krishnaformeera/Sumitomo/datapipeline/venv/lib/python3.11/site-packages/airflow/example_dags/example_display_name.py
[2025-08-31T18:58:26.397+0000] {logging_mixin.py:190} INFO - [2025-08-31T18:58:26.396+0000] {dag.py:3239} INFO - Sync 1 DAGs
[2025-08-31T18:58:26.411+0000] {logging_mixin.py:190} INFO - [2025-08-31T18:58:26.411+0000] {dag.py:4180} INFO - Setting next_dagrun for example_display_name to None, run_after=None
[2025-08-31T18:58:26.437+0000] {processor.py:208} INFO - Processing /home/krishnaformeera/Sumitomo/datapipeline/venv/lib/python3.11/site-packages/airflow/example_dags/example_display_name.py took 0.080 seconds
