[2025-08-31T18:30:16.517+0000] {processor.py:186} INFO - Started process (PID=5106) to work on /home/krishnaformeera/Sumitomo/datapipeline/venv/lib/python3.11/site-packages/airflow/example_dags/example_short_circuit_decorator.py
[2025-08-31T18:30:16.518+0000] {processor.py:914} INFO - Processing file /home/krishnaformeera/Sumitomo/datapipeline/venv/lib/python3.11/site-packages/airflow/example_dags/example_short_circuit_decorator.py for tasks to queue
[2025-08-31T18:30:16.519+0000] {logging_mixin.py:190} INFO - [2025-08-31T18:30:16.519+0000] {dagbag.py:588} INFO - Filling up the DagBag from /home/krishnaformeera/Sumitomo/datapipeline/venv/lib/python3.11/site-packages/airflow/example_dags/example_short_circuit_decorator.py
[2025-08-31T18:30:16.530+0000] {processor.py:925} INFO - DAG(s) 'example_short_circuit_decorator' retrieved from /home/krishnaformeera/Sumitomo/datapipeline/venv/lib/python3.11/site-packages/airflow/example_dags/example_short_circuit_decorator.py
[2025-08-31T18:30:16.756+0000] {logging_mixin.py:190} INFO - [2025-08-31T18:30:16.755+0000] {override.py:1900} INFO - Created Permission View: can delete on DAG:example_short_circuit_decorator
[2025-08-31T18:30:16.769+0000] {logging_mixin.py:190} INFO - [2025-08-31T18:30:16.768+0000] {override.py:1900} INFO - Created Permission View: can read on DAG:example_short_circuit_decorator
[2025-08-31T18:30:16.778+0000] {logging_mixin.py:190} INFO - [2025-08-31T18:30:16.778+0000] {override.py:1900} INFO - Created Permission View: can edit on DAG:example_short_circuit_decorator
[2025-08-31T18:30:16.796+0000] {logging_mixin.py:190} INFO - [2025-08-31T18:30:16.796+0000] {override.py:1900} INFO - Created Permission View: can delete on DAG Run:example_short_circuit_decorator
[2025-08-31T18:30:16.807+0000] {logging_mixin.py:190} INFO - [2025-08-31T18:30:16.806+0000] {override.py:1900} INFO - Created Permission View: can read on DAG Run:example_short_circuit_decorator
[2025-08-31T18:30:16.818+0000] {logging_mixin.py:190} INFO - [2025-08-31T18:30:16.817+0000] {override.py:1900} INFO - Created Permission View: can create on DAG Run:example_short_circuit_decorator
[2025-08-31T18:30:16.829+0000] {logging_mixin.py:190} INFO - [2025-08-31T18:30:16.829+0000] {override.py:1900} INFO - Created Permission View: menu access on DAG Run:example_short_circuit_decorator
[2025-08-31T18:30:16.830+0000] {logging_mixin.py:190} INFO - [2025-08-31T18:30:16.830+0000] {dag.py:3239} INFO - Sync 1 DAGs
[2025-08-31T18:30:16.843+0000] {logging_mixin.py:190} INFO - [2025-08-31T18:30:16.843+0000] {dag.py:3262} INFO - Creating ORM DAG for example_short_circuit_decorator
[2025-08-31T18:30:16.843+0000] {logging_mixin.py:190} INFO - [2025-08-31T18:30:16.843+0000] {dag.py:4180} INFO - Setting next_dagrun for example_short_circuit_decorator to None, run_after=None
[2025-08-31T18:30:16.865+0000] {processor.py:208} INFO - Processing /home/krishnaformeera/Sumitomo/datapipeline/venv/lib/python3.11/site-packages/airflow/example_dags/example_short_circuit_decorator.py took 0.355 seconds
[2025-08-31T18:30:54.596+0000] {processor.py:186} INFO - Started process (PID=5221) to work on /home/krishnaformeera/Sumitomo/datapipeline/venv/lib/python3.11/site-packages/airflow/example_dags/example_short_circuit_decorator.py
[2025-08-31T18:30:54.598+0000] {processor.py:914} INFO - Processing file /home/krishnaformeera/Sumitomo/datapipeline/venv/lib/python3.11/site-packages/airflow/example_dags/example_short_circuit_decorator.py for tasks to queue
[2025-08-31T18:30:54.600+0000] {logging_mixin.py:190} INFO - [2025-08-31T18:30:54.600+0000] {dagbag.py:588} INFO - Filling up the DagBag from /home/krishnaformeera/Sumitomo/datapipeline/venv/lib/python3.11/site-packages/airflow/example_dags/example_short_circuit_decorator.py
[2025-08-31T18:30:54.613+0000] {processor.py:925} INFO - DAG(s) 'example_short_circuit_decorator' retrieved from /home/krishnaformeera/Sumitomo/datapipeline/venv/lib/python3.11/site-packages/airflow/example_dags/example_short_circuit_decorator.py
[2025-08-31T18:30:54.637+0000] {logging_mixin.py:190} INFO - [2025-08-31T18:30:54.637+0000] {dag.py:3239} INFO - Sync 1 DAGs
[2025-08-31T18:30:54.653+0000] {logging_mixin.py:190} INFO - [2025-08-31T18:30:54.652+0000] {dag.py:4180} INFO - Setting next_dagrun for example_short_circuit_decorator to None, run_after=None
[2025-08-31T18:30:54.679+0000] {processor.py:208} INFO - Processing /home/krishnaformeera/Sumitomo/datapipeline/venv/lib/python3.11/site-packages/airflow/example_dags/example_short_circuit_decorator.py took 0.090 seconds
[2025-08-31T18:31:59.055+0000] {processor.py:186} INFO - Started process (PID=5293) to work on /home/krishnaformeera/Sumitomo/datapipeline/venv/lib/python3.11/site-packages/airflow/example_dags/example_short_circuit_decorator.py
[2025-08-31T18:31:59.057+0000] {processor.py:914} INFO - Processing file /home/krishnaformeera/Sumitomo/datapipeline/venv/lib/python3.11/site-packages/airflow/example_dags/example_short_circuit_decorator.py for tasks to queue
[2025-08-31T18:31:59.060+0000] {logging_mixin.py:190} INFO - [2025-08-31T18:31:59.059+0000] {dagbag.py:588} INFO - Filling up the DagBag from /home/krishnaformeera/Sumitomo/datapipeline/venv/lib/python3.11/site-packages/airflow/example_dags/example_short_circuit_decorator.py
[2025-08-31T18:31:59.072+0000] {processor.py:925} INFO - DAG(s) 'example_short_circuit_decorator' retrieved from /home/krishnaformeera/Sumitomo/datapipeline/venv/lib/python3.11/site-packages/airflow/example_dags/example_short_circuit_decorator.py
[2025-08-31T18:31:59.092+0000] {logging_mixin.py:190} INFO - [2025-08-31T18:31:59.092+0000] {dag.py:3239} INFO - Sync 1 DAGs
[2025-08-31T18:31:59.106+0000] {logging_mixin.py:190} INFO - [2025-08-31T18:31:59.106+0000] {dag.py:4180} INFO - Setting next_dagrun for example_short_circuit_decorator to None, run_after=None
[2025-08-31T18:31:59.130+0000] {processor.py:208} INFO - Processing /home/krishnaformeera/Sumitomo/datapipeline/venv/lib/python3.11/site-packages/airflow/example_dags/example_short_circuit_decorator.py took 0.084 seconds
[2025-08-31T18:32:53.569+0000] {processor.py:186} INFO - Started process (PID=5350) to work on /home/krishnaformeera/Sumitomo/datapipeline/venv/lib/python3.11/site-packages/airflow/example_dags/example_short_circuit_decorator.py
[2025-08-31T18:32:53.571+0000] {processor.py:914} INFO - Processing file /home/krishnaformeera/Sumitomo/datapipeline/venv/lib/python3.11/site-packages/airflow/example_dags/example_short_circuit_decorator.py for tasks to queue
[2025-08-31T18:32:53.573+0000] {logging_mixin.py:190} INFO - [2025-08-31T18:32:53.573+0000] {dagbag.py:588} INFO - Filling up the DagBag from /home/krishnaformeera/Sumitomo/datapipeline/venv/lib/python3.11/site-packages/airflow/example_dags/example_short_circuit_decorator.py
[2025-08-31T18:32:53.585+0000] {processor.py:925} INFO - DAG(s) 'example_short_circuit_decorator' retrieved from /home/krishnaformeera/Sumitomo/datapipeline/venv/lib/python3.11/site-packages/airflow/example_dags/example_short_circuit_decorator.py
[2025-08-31T18:32:53.605+0000] {logging_mixin.py:190} INFO - [2025-08-31T18:32:53.605+0000] {dag.py:3239} INFO - Sync 1 DAGs
[2025-08-31T18:32:53.620+0000] {logging_mixin.py:190} INFO - [2025-08-31T18:32:53.619+0000] {dag.py:4180} INFO - Setting next_dagrun for example_short_circuit_decorator to None, run_after=None
[2025-08-31T18:32:53.647+0000] {processor.py:208} INFO - Processing /home/krishnaformeera/Sumitomo/datapipeline/venv/lib/python3.11/site-packages/airflow/example_dags/example_short_circuit_decorator.py took 0.085 seconds
[2025-08-31T18:33:43.738+0000] {processor.py:186} INFO - Started process (PID=5400) to work on /home/krishnaformeera/Sumitomo/datapipeline/venv/lib/python3.11/site-packages/airflow/example_dags/example_short_circuit_decorator.py
[2025-08-31T18:33:43.739+0000] {processor.py:914} INFO - Processing file /home/krishnaformeera/Sumitomo/datapipeline/venv/lib/python3.11/site-packages/airflow/example_dags/example_short_circuit_decorator.py for tasks to queue
[2025-08-31T18:33:43.742+0000] {logging_mixin.py:190} INFO - [2025-08-31T18:33:43.741+0000] {dagbag.py:588} INFO - Filling up the DagBag from /home/krishnaformeera/Sumitomo/datapipeline/venv/lib/python3.11/site-packages/airflow/example_dags/example_short_circuit_decorator.py
[2025-08-31T18:33:43.753+0000] {processor.py:925} INFO - DAG(s) 'example_short_circuit_decorator' retrieved from /home/krishnaformeera/Sumitomo/datapipeline/venv/lib/python3.11/site-packages/airflow/example_dags/example_short_circuit_decorator.py
[2025-08-31T18:33:43.888+0000] {logging_mixin.py:190} INFO - [2025-08-31T18:33:43.888+0000] {dag.py:3239} INFO - Sync 1 DAGs
[2025-08-31T18:33:43.897+0000] {logging_mixin.py:190} INFO - [2025-08-31T18:33:43.897+0000] {dag.py:4180} INFO - Setting next_dagrun for example_short_circuit_decorator to None, run_after=None
[2025-08-31T18:33:43.916+0000] {processor.py:208} INFO - Processing /home/krishnaformeera/Sumitomo/datapipeline/venv/lib/python3.11/site-packages/airflow/example_dags/example_short_circuit_decorator.py took 0.185 seconds
[2025-08-31T18:34:38.689+0000] {processor.py:186} INFO - Started process (PID=5456) to work on /home/krishnaformeera/Sumitomo/datapipeline/venv/lib/python3.11/site-packages/airflow/example_dags/example_short_circuit_decorator.py
[2025-08-31T18:34:38.690+0000] {processor.py:914} INFO - Processing file /home/krishnaformeera/Sumitomo/datapipeline/venv/lib/python3.11/site-packages/airflow/example_dags/example_short_circuit_decorator.py for tasks to queue
[2025-08-31T18:34:38.692+0000] {logging_mixin.py:190} INFO - [2025-08-31T18:34:38.692+0000] {dagbag.py:588} INFO - Filling up the DagBag from /home/krishnaformeera/Sumitomo/datapipeline/venv/lib/python3.11/site-packages/airflow/example_dags/example_short_circuit_decorator.py
[2025-08-31T18:34:38.702+0000] {processor.py:925} INFO - DAG(s) 'example_short_circuit_decorator' retrieved from /home/krishnaformeera/Sumitomo/datapipeline/venv/lib/python3.11/site-packages/airflow/example_dags/example_short_circuit_decorator.py
[2025-08-31T18:34:38.719+0000] {logging_mixin.py:190} INFO - [2025-08-31T18:34:38.719+0000] {dag.py:3239} INFO - Sync 1 DAGs
[2025-08-31T18:34:38.731+0000] {logging_mixin.py:190} INFO - [2025-08-31T18:34:38.731+0000] {dag.py:4180} INFO - Setting next_dagrun for example_short_circuit_decorator to None, run_after=None
[2025-08-31T18:34:38.754+0000] {processor.py:208} INFO - Processing /home/krishnaformeera/Sumitomo/datapipeline/venv/lib/python3.11/site-packages/airflow/example_dags/example_short_circuit_decorator.py took 0.071 seconds
[2025-08-31T18:35:30.154+0000] {processor.py:186} INFO - Started process (PID=5508) to work on /home/krishnaformeera/Sumitomo/datapipeline/venv/lib/python3.11/site-packages/airflow/example_dags/example_short_circuit_decorator.py
[2025-08-31T18:35:30.155+0000] {processor.py:914} INFO - Processing file /home/krishnaformeera/Sumitomo/datapipeline/venv/lib/python3.11/site-packages/airflow/example_dags/example_short_circuit_decorator.py for tasks to queue
[2025-08-31T18:35:30.157+0000] {logging_mixin.py:190} INFO - [2025-08-31T18:35:30.157+0000] {dagbag.py:588} INFO - Filling up the DagBag from /home/krishnaformeera/Sumitomo/datapipeline/venv/lib/python3.11/site-packages/airflow/example_dags/example_short_circuit_decorator.py
[2025-08-31T18:35:30.168+0000] {processor.py:925} INFO - DAG(s) 'example_short_circuit_decorator' retrieved from /home/krishnaformeera/Sumitomo/datapipeline/venv/lib/python3.11/site-packages/airflow/example_dags/example_short_circuit_decorator.py
[2025-08-31T18:35:30.185+0000] {logging_mixin.py:190} INFO - [2025-08-31T18:35:30.185+0000] {dag.py:3239} INFO - Sync 1 DAGs
[2025-08-31T18:35:30.197+0000] {logging_mixin.py:190} INFO - [2025-08-31T18:35:30.197+0000] {dag.py:4180} INFO - Setting next_dagrun for example_short_circuit_decorator to None, run_after=None
[2025-08-31T18:35:30.218+0000] {processor.py:208} INFO - Processing /home/krishnaformeera/Sumitomo/datapipeline/venv/lib/python3.11/site-packages/airflow/example_dags/example_short_circuit_decorator.py took 0.069 seconds
[2025-08-31T18:36:20.567+0000] {processor.py:186} INFO - Started process (PID=5586) to work on /home/krishnaformeera/Sumitomo/datapipeline/venv/lib/python3.11/site-packages/airflow/example_dags/example_short_circuit_decorator.py
[2025-08-31T18:36:20.568+0000] {processor.py:914} INFO - Processing file /home/krishnaformeera/Sumitomo/datapipeline/venv/lib/python3.11/site-packages/airflow/example_dags/example_short_circuit_decorator.py for tasks to queue
[2025-08-31T18:36:20.570+0000] {logging_mixin.py:190} INFO - [2025-08-31T18:36:20.570+0000] {dagbag.py:588} INFO - Filling up the DagBag from /home/krishnaformeera/Sumitomo/datapipeline/venv/lib/python3.11/site-packages/airflow/example_dags/example_short_circuit_decorator.py
[2025-08-31T18:36:20.582+0000] {processor.py:925} INFO - DAG(s) 'example_short_circuit_decorator' retrieved from /home/krishnaformeera/Sumitomo/datapipeline/venv/lib/python3.11/site-packages/airflow/example_dags/example_short_circuit_decorator.py
[2025-08-31T18:36:20.600+0000] {logging_mixin.py:190} INFO - [2025-08-31T18:36:20.600+0000] {dag.py:3239} INFO - Sync 1 DAGs
[2025-08-31T18:36:20.612+0000] {logging_mixin.py:190} INFO - [2025-08-31T18:36:20.611+0000] {dag.py:4180} INFO - Setting next_dagrun for example_short_circuit_decorator to None, run_after=None
[2025-08-31T18:36:20.634+0000] {processor.py:208} INFO - Processing /home/krishnaformeera/Sumitomo/datapipeline/venv/lib/python3.11/site-packages/airflow/example_dags/example_short_circuit_decorator.py took 0.073 seconds
[2025-08-31T18:37:11.660+0000] {processor.py:186} INFO - Started process (PID=5638) to work on /home/krishnaformeera/Sumitomo/datapipeline/venv/lib/python3.11/site-packages/airflow/example_dags/example_short_circuit_decorator.py
[2025-08-31T18:37:11.662+0000] {processor.py:914} INFO - Processing file /home/krishnaformeera/Sumitomo/datapipeline/venv/lib/python3.11/site-packages/airflow/example_dags/example_short_circuit_decorator.py for tasks to queue
[2025-08-31T18:37:11.664+0000] {logging_mixin.py:190} INFO - [2025-08-31T18:37:11.663+0000] {dagbag.py:588} INFO - Filling up the DagBag from /home/krishnaformeera/Sumitomo/datapipeline/venv/lib/python3.11/site-packages/airflow/example_dags/example_short_circuit_decorator.py
[2025-08-31T18:37:11.676+0000] {processor.py:925} INFO - DAG(s) 'example_short_circuit_decorator' retrieved from /home/krishnaformeera/Sumitomo/datapipeline/venv/lib/python3.11/site-packages/airflow/example_dags/example_short_circuit_decorator.py
[2025-08-31T18:37:11.697+0000] {logging_mixin.py:190} INFO - [2025-08-31T18:37:11.697+0000] {dag.py:3239} INFO - Sync 1 DAGs
[2025-08-31T18:37:11.710+0000] {logging_mixin.py:190} INFO - [2025-08-31T18:37:11.710+0000] {dag.py:4180} INFO - Setting next_dagrun for example_short_circuit_decorator to None, run_after=None
[2025-08-31T18:37:11.731+0000] {processor.py:208} INFO - Processing /home/krishnaformeera/Sumitomo/datapipeline/venv/lib/python3.11/site-packages/airflow/example_dags/example_short_circuit_decorator.py took 0.078 seconds
[2025-08-31T18:40:08.546+0000] {processor.py:186} INFO - Started process (PID=6087) to work on /home/krishnaformeera/Sumitomo/datapipeline/venv/lib/python3.11/site-packages/airflow/example_dags/example_short_circuit_decorator.py
[2025-08-31T18:40:08.547+0000] {processor.py:914} INFO - Processing file /home/krishnaformeera/Sumitomo/datapipeline/venv/lib/python3.11/site-packages/airflow/example_dags/example_short_circuit_decorator.py for tasks to queue
[2025-08-31T18:40:08.549+0000] {logging_mixin.py:190} INFO - [2025-08-31T18:40:08.549+0000] {dagbag.py:588} INFO - Filling up the DagBag from /home/krishnaformeera/Sumitomo/datapipeline/venv/lib/python3.11/site-packages/airflow/example_dags/example_short_circuit_decorator.py
[2025-08-31T18:40:08.563+0000] {processor.py:925} INFO - DAG(s) 'example_short_circuit_decorator' retrieved from /home/krishnaformeera/Sumitomo/datapipeline/venv/lib/python3.11/site-packages/airflow/example_dags/example_short_circuit_decorator.py
[2025-08-31T18:40:08.587+0000] {logging_mixin.py:190} INFO - [2025-08-31T18:40:08.587+0000] {dag.py:3239} INFO - Sync 1 DAGs
[2025-08-31T18:40:08.602+0000] {logging_mixin.py:190} INFO - [2025-08-31T18:40:08.602+0000] {dag.py:4180} INFO - Setting next_dagrun for example_short_circuit_decorator to None, run_after=None
[2025-08-31T18:40:08.629+0000] {processor.py:208} INFO - Processing /home/krishnaformeera/Sumitomo/datapipeline/venv/lib/python3.11/site-packages/airflow/example_dags/example_short_circuit_decorator.py took 0.090 seconds
[2025-08-31T18:41:03.250+0000] {processor.py:186} INFO - Started process (PID=6326) to work on /home/krishnaformeera/Sumitomo/datapipeline/venv/lib/python3.11/site-packages/airflow/example_dags/example_short_circuit_decorator.py
[2025-08-31T18:41:03.252+0000] {processor.py:914} INFO - Processing file /home/krishnaformeera/Sumitomo/datapipeline/venv/lib/python3.11/site-packages/airflow/example_dags/example_short_circuit_decorator.py for tasks to queue
[2025-08-31T18:41:03.255+0000] {logging_mixin.py:190} INFO - [2025-08-31T18:41:03.254+0000] {dagbag.py:588} INFO - Filling up the DagBag from /home/krishnaformeera/Sumitomo/datapipeline/venv/lib/python3.11/site-packages/airflow/example_dags/example_short_circuit_decorator.py
[2025-08-31T18:41:03.266+0000] {processor.py:925} INFO - DAG(s) 'example_short_circuit_decorator' retrieved from /home/krishnaformeera/Sumitomo/datapipeline/venv/lib/python3.11/site-packages/airflow/example_dags/example_short_circuit_decorator.py
[2025-08-31T18:41:03.284+0000] {logging_mixin.py:190} INFO - [2025-08-31T18:41:03.284+0000] {dag.py:3239} INFO - Sync 1 DAGs
[2025-08-31T18:41:03.297+0000] {logging_mixin.py:190} INFO - [2025-08-31T18:41:03.297+0000] {dag.py:4180} INFO - Setting next_dagrun for example_short_circuit_decorator to None, run_after=None
[2025-08-31T18:41:03.320+0000] {processor.py:208} INFO - Processing /home/krishnaformeera/Sumitomo/datapipeline/venv/lib/python3.11/site-packages/airflow/example_dags/example_short_circuit_decorator.py took 0.078 seconds
[2025-08-31T18:41:54.870+0000] {processor.py:186} INFO - Started process (PID=6517) to work on /home/krishnaformeera/Sumitomo/datapipeline/venv/lib/python3.11/site-packages/airflow/example_dags/example_short_circuit_decorator.py
[2025-08-31T18:41:54.871+0000] {processor.py:914} INFO - Processing file /home/krishnaformeera/Sumitomo/datapipeline/venv/lib/python3.11/site-packages/airflow/example_dags/example_short_circuit_decorator.py for tasks to queue
[2025-08-31T18:41:54.873+0000] {logging_mixin.py:190} INFO - [2025-08-31T18:41:54.873+0000] {dagbag.py:588} INFO - Filling up the DagBag from /home/krishnaformeera/Sumitomo/datapipeline/venv/lib/python3.11/site-packages/airflow/example_dags/example_short_circuit_decorator.py
[2025-08-31T18:41:54.882+0000] {processor.py:925} INFO - DAG(s) 'example_short_circuit_decorator' retrieved from /home/krishnaformeera/Sumitomo/datapipeline/venv/lib/python3.11/site-packages/airflow/example_dags/example_short_circuit_decorator.py
[2025-08-31T18:41:54.900+0000] {logging_mixin.py:190} INFO - [2025-08-31T18:41:54.899+0000] {dag.py:3239} INFO - Sync 1 DAGs
[2025-08-31T18:41:54.912+0000] {logging_mixin.py:190} INFO - [2025-08-31T18:41:54.911+0000] {dag.py:4180} INFO - Setting next_dagrun for example_short_circuit_decorator to None, run_after=None
[2025-08-31T18:41:54.933+0000] {processor.py:208} INFO - Processing /home/krishnaformeera/Sumitomo/datapipeline/venv/lib/python3.11/site-packages/airflow/example_dags/example_short_circuit_decorator.py took 0.068 seconds
[2025-08-31T18:42:50.718+0000] {processor.py:186} INFO - Started process (PID=6694) to work on /home/krishnaformeera/Sumitomo/datapipeline/venv/lib/python3.11/site-packages/airflow/example_dags/example_short_circuit_decorator.py
[2025-08-31T18:42:50.719+0000] {processor.py:914} INFO - Processing file /home/krishnaformeera/Sumitomo/datapipeline/venv/lib/python3.11/site-packages/airflow/example_dags/example_short_circuit_decorator.py for tasks to queue
[2025-08-31T18:42:50.722+0000] {logging_mixin.py:190} INFO - [2025-08-31T18:42:50.721+0000] {dagbag.py:588} INFO - Filling up the DagBag from /home/krishnaformeera/Sumitomo/datapipeline/venv/lib/python3.11/site-packages/airflow/example_dags/example_short_circuit_decorator.py
[2025-08-31T18:42:50.733+0000] {processor.py:925} INFO - DAG(s) 'example_short_circuit_decorator' retrieved from /home/krishnaformeera/Sumitomo/datapipeline/venv/lib/python3.11/site-packages/airflow/example_dags/example_short_circuit_decorator.py
[2025-08-31T18:42:50.847+0000] {logging_mixin.py:190} INFO - [2025-08-31T18:42:50.847+0000] {dag.py:3239} INFO - Sync 1 DAGs
[2025-08-31T18:42:50.856+0000] {logging_mixin.py:190} INFO - [2025-08-31T18:42:50.856+0000] {dag.py:4180} INFO - Setting next_dagrun for example_short_circuit_decorator to None, run_after=None
[2025-08-31T18:42:50.878+0000] {processor.py:208} INFO - Processing /home/krishnaformeera/Sumitomo/datapipeline/venv/lib/python3.11/site-packages/airflow/example_dags/example_short_circuit_decorator.py took 0.167 seconds
[2025-08-31T18:43:49.208+0000] {processor.py:186} INFO - Started process (PID=6944) to work on /home/krishnaformeera/Sumitomo/datapipeline/venv/lib/python3.11/site-packages/airflow/example_dags/example_short_circuit_decorator.py
[2025-08-31T18:43:49.209+0000] {processor.py:914} INFO - Processing file /home/krishnaformeera/Sumitomo/datapipeline/venv/lib/python3.11/site-packages/airflow/example_dags/example_short_circuit_decorator.py for tasks to queue
[2025-08-31T18:43:49.211+0000] {logging_mixin.py:190} INFO - [2025-08-31T18:43:49.210+0000] {dagbag.py:588} INFO - Filling up the DagBag from /home/krishnaformeera/Sumitomo/datapipeline/venv/lib/python3.11/site-packages/airflow/example_dags/example_short_circuit_decorator.py
[2025-08-31T18:43:49.221+0000] {processor.py:925} INFO - DAG(s) 'example_short_circuit_decorator' retrieved from /home/krishnaformeera/Sumitomo/datapipeline/venv/lib/python3.11/site-packages/airflow/example_dags/example_short_circuit_decorator.py
[2025-08-31T18:43:49.238+0000] {logging_mixin.py:190} INFO - [2025-08-31T18:43:49.238+0000] {dag.py:3239} INFO - Sync 1 DAGs
[2025-08-31T18:43:49.251+0000] {logging_mixin.py:190} INFO - [2025-08-31T18:43:49.250+0000] {dag.py:4180} INFO - Setting next_dagrun for example_short_circuit_decorator to None, run_after=None
[2025-08-31T18:43:49.275+0000] {processor.py:208} INFO - Processing /home/krishnaformeera/Sumitomo/datapipeline/venv/lib/python3.11/site-packages/airflow/example_dags/example_short_circuit_decorator.py took 0.073 seconds
[2025-08-31T18:44:39.547+0000] {processor.py:186} INFO - Started process (PID=7144) to work on /home/krishnaformeera/Sumitomo/datapipeline/venv/lib/python3.11/site-packages/airflow/example_dags/example_short_circuit_decorator.py
[2025-08-31T18:44:39.549+0000] {processor.py:914} INFO - Processing file /home/krishnaformeera/Sumitomo/datapipeline/venv/lib/python3.11/site-packages/airflow/example_dags/example_short_circuit_decorator.py for tasks to queue
[2025-08-31T18:44:39.553+0000] {logging_mixin.py:190} INFO - [2025-08-31T18:44:39.552+0000] {dagbag.py:588} INFO - Filling up the DagBag from /home/krishnaformeera/Sumitomo/datapipeline/venv/lib/python3.11/site-packages/airflow/example_dags/example_short_circuit_decorator.py
[2025-08-31T18:44:39.569+0000] {processor.py:925} INFO - DAG(s) 'example_short_circuit_decorator' retrieved from /home/krishnaformeera/Sumitomo/datapipeline/venv/lib/python3.11/site-packages/airflow/example_dags/example_short_circuit_decorator.py
[2025-08-31T18:44:39.595+0000] {logging_mixin.py:190} INFO - [2025-08-31T18:44:39.595+0000] {dag.py:3239} INFO - Sync 1 DAGs
[2025-08-31T18:44:39.613+0000] {logging_mixin.py:190} INFO - [2025-08-31T18:44:39.613+0000] {dag.py:4180} INFO - Setting next_dagrun for example_short_circuit_decorator to None, run_after=None
[2025-08-31T18:44:39.645+0000] {processor.py:208} INFO - Processing /home/krishnaformeera/Sumitomo/datapipeline/venv/lib/python3.11/site-packages/airflow/example_dags/example_short_circuit_decorator.py took 0.108 seconds
[2025-08-31T18:45:30.047+0000] {processor.py:186} INFO - Started process (PID=7398) to work on /home/krishnaformeera/Sumitomo/datapipeline/venv/lib/python3.11/site-packages/airflow/example_dags/example_short_circuit_decorator.py
[2025-08-31T18:45:30.048+0000] {processor.py:914} INFO - Processing file /home/krishnaformeera/Sumitomo/datapipeline/venv/lib/python3.11/site-packages/airflow/example_dags/example_short_circuit_decorator.py for tasks to queue
[2025-08-31T18:45:30.050+0000] {logging_mixin.py:190} INFO - [2025-08-31T18:45:30.050+0000] {dagbag.py:588} INFO - Filling up the DagBag from /home/krishnaformeera/Sumitomo/datapipeline/venv/lib/python3.11/site-packages/airflow/example_dags/example_short_circuit_decorator.py
[2025-08-31T18:45:30.060+0000] {processor.py:925} INFO - DAG(s) 'example_short_circuit_decorator' retrieved from /home/krishnaformeera/Sumitomo/datapipeline/venv/lib/python3.11/site-packages/airflow/example_dags/example_short_circuit_decorator.py
[2025-08-31T18:45:30.077+0000] {logging_mixin.py:190} INFO - [2025-08-31T18:45:30.077+0000] {dag.py:3239} INFO - Sync 1 DAGs
[2025-08-31T18:45:30.089+0000] {logging_mixin.py:190} INFO - [2025-08-31T18:45:30.088+0000] {dag.py:4180} INFO - Setting next_dagrun for example_short_circuit_decorator to None, run_after=None
[2025-08-31T18:45:30.112+0000] {processor.py:208} INFO - Processing /home/krishnaformeera/Sumitomo/datapipeline/venv/lib/python3.11/site-packages/airflow/example_dags/example_short_circuit_decorator.py took 0.071 seconds
[2025-08-31T18:46:23.843+0000] {processor.py:186} INFO - Started process (PID=7642) to work on /home/krishnaformeera/Sumitomo/datapipeline/venv/lib/python3.11/site-packages/airflow/example_dags/example_short_circuit_decorator.py
[2025-08-31T18:46:23.845+0000] {processor.py:914} INFO - Processing file /home/krishnaformeera/Sumitomo/datapipeline/venv/lib/python3.11/site-packages/airflow/example_dags/example_short_circuit_decorator.py for tasks to queue
[2025-08-31T18:46:23.849+0000] {logging_mixin.py:190} INFO - [2025-08-31T18:46:23.848+0000] {dagbag.py:588} INFO - Filling up the DagBag from /home/krishnaformeera/Sumitomo/datapipeline/venv/lib/python3.11/site-packages/airflow/example_dags/example_short_circuit_decorator.py
[2025-08-31T18:46:23.868+0000] {processor.py:925} INFO - DAG(s) 'example_short_circuit_decorator' retrieved from /home/krishnaformeera/Sumitomo/datapipeline/venv/lib/python3.11/site-packages/airflow/example_dags/example_short_circuit_decorator.py
[2025-08-31T18:46:23.899+0000] {logging_mixin.py:190} INFO - [2025-08-31T18:46:23.899+0000] {dag.py:3239} INFO - Sync 1 DAGs
[2025-08-31T18:46:23.918+0000] {logging_mixin.py:190} INFO - [2025-08-31T18:46:23.918+0000] {dag.py:4180} INFO - Setting next_dagrun for example_short_circuit_decorator to None, run_after=None
[2025-08-31T18:46:24.007+0000] {processor.py:208} INFO - Processing /home/krishnaformeera/Sumitomo/datapipeline/venv/lib/python3.11/site-packages/airflow/example_dags/example_short_circuit_decorator.py took 0.176 seconds
[2025-08-31T18:47:16.041+0000] {processor.py:186} INFO - Started process (PID=7782) to work on /home/krishnaformeera/Sumitomo/datapipeline/venv/lib/python3.11/site-packages/airflow/example_dags/example_short_circuit_decorator.py
[2025-08-31T18:47:16.042+0000] {processor.py:914} INFO - Processing file /home/krishnaformeera/Sumitomo/datapipeline/venv/lib/python3.11/site-packages/airflow/example_dags/example_short_circuit_decorator.py for tasks to queue
[2025-08-31T18:47:16.045+0000] {logging_mixin.py:190} INFO - [2025-08-31T18:47:16.045+0000] {dagbag.py:588} INFO - Filling up the DagBag from /home/krishnaformeera/Sumitomo/datapipeline/venv/lib/python3.11/site-packages/airflow/example_dags/example_short_circuit_decorator.py
[2025-08-31T18:47:16.059+0000] {processor.py:925} INFO - DAG(s) 'example_short_circuit_decorator' retrieved from /home/krishnaformeera/Sumitomo/datapipeline/venv/lib/python3.11/site-packages/airflow/example_dags/example_short_circuit_decorator.py
[2025-08-31T18:47:16.083+0000] {logging_mixin.py:190} INFO - [2025-08-31T18:47:16.082+0000] {dag.py:3239} INFO - Sync 1 DAGs
[2025-08-31T18:47:16.100+0000] {logging_mixin.py:190} INFO - [2025-08-31T18:47:16.100+0000] {dag.py:4180} INFO - Setting next_dagrun for example_short_circuit_decorator to None, run_after=None
[2025-08-31T18:47:16.127+0000] {processor.py:208} INFO - Processing /home/krishnaformeera/Sumitomo/datapipeline/venv/lib/python3.11/site-packages/airflow/example_dags/example_short_circuit_decorator.py took 0.094 seconds
[2025-08-31T18:48:06.372+0000] {processor.py:186} INFO - Started process (PID=7838) to work on /home/krishnaformeera/Sumitomo/datapipeline/venv/lib/python3.11/site-packages/airflow/example_dags/example_short_circuit_decorator.py
[2025-08-31T18:48:06.373+0000] {processor.py:914} INFO - Processing file /home/krishnaformeera/Sumitomo/datapipeline/venv/lib/python3.11/site-packages/airflow/example_dags/example_short_circuit_decorator.py for tasks to queue
[2025-08-31T18:48:06.377+0000] {logging_mixin.py:190} INFO - [2025-08-31T18:48:06.376+0000] {dagbag.py:588} INFO - Filling up the DagBag from /home/krishnaformeera/Sumitomo/datapipeline/venv/lib/python3.11/site-packages/airflow/example_dags/example_short_circuit_decorator.py
[2025-08-31T18:48:06.392+0000] {processor.py:925} INFO - DAG(s) 'example_short_circuit_decorator' retrieved from /home/krishnaformeera/Sumitomo/datapipeline/venv/lib/python3.11/site-packages/airflow/example_dags/example_short_circuit_decorator.py
[2025-08-31T18:48:06.416+0000] {logging_mixin.py:190} INFO - [2025-08-31T18:48:06.415+0000] {dag.py:3239} INFO - Sync 1 DAGs
[2025-08-31T18:48:06.428+0000] {logging_mixin.py:190} INFO - [2025-08-31T18:48:06.427+0000] {dag.py:4180} INFO - Setting next_dagrun for example_short_circuit_decorator to None, run_after=None
[2025-08-31T18:48:06.449+0000] {processor.py:208} INFO - Processing /home/krishnaformeera/Sumitomo/datapipeline/venv/lib/python3.11/site-packages/airflow/example_dags/example_short_circuit_decorator.py took 0.086 seconds
[2025-08-31T18:48:55.550+0000] {processor.py:186} INFO - Started process (PID=7893) to work on /home/krishnaformeera/Sumitomo/datapipeline/venv/lib/python3.11/site-packages/airflow/example_dags/example_short_circuit_decorator.py
[2025-08-31T18:48:55.551+0000] {processor.py:914} INFO - Processing file /home/krishnaformeera/Sumitomo/datapipeline/venv/lib/python3.11/site-packages/airflow/example_dags/example_short_circuit_decorator.py for tasks to queue
[2025-08-31T18:48:55.553+0000] {logging_mixin.py:190} INFO - [2025-08-31T18:48:55.552+0000] {dagbag.py:588} INFO - Filling up the DagBag from /home/krishnaformeera/Sumitomo/datapipeline/venv/lib/python3.11/site-packages/airflow/example_dags/example_short_circuit_decorator.py
[2025-08-31T18:48:55.563+0000] {processor.py:925} INFO - DAG(s) 'example_short_circuit_decorator' retrieved from /home/krishnaformeera/Sumitomo/datapipeline/venv/lib/python3.11/site-packages/airflow/example_dags/example_short_circuit_decorator.py
[2025-08-31T18:48:55.581+0000] {logging_mixin.py:190} INFO - [2025-08-31T18:48:55.581+0000] {dag.py:3239} INFO - Sync 1 DAGs
[2025-08-31T18:48:55.593+0000] {logging_mixin.py:190} INFO - [2025-08-31T18:48:55.593+0000] {dag.py:4180} INFO - Setting next_dagrun for example_short_circuit_decorator to None, run_after=None
[2025-08-31T18:48:55.615+0000] {processor.py:208} INFO - Processing /home/krishnaformeera/Sumitomo/datapipeline/venv/lib/python3.11/site-packages/airflow/example_dags/example_short_circuit_decorator.py took 0.071 seconds
[2025-08-31T18:49:47.483+0000] {processor.py:186} INFO - Started process (PID=7961) to work on /home/krishnaformeera/Sumitomo/datapipeline/venv/lib/python3.11/site-packages/airflow/example_dags/example_short_circuit_decorator.py
[2025-08-31T18:49:47.486+0000] {processor.py:914} INFO - Processing file /home/krishnaformeera/Sumitomo/datapipeline/venv/lib/python3.11/site-packages/airflow/example_dags/example_short_circuit_decorator.py for tasks to queue
[2025-08-31T18:49:47.489+0000] {logging_mixin.py:190} INFO - [2025-08-31T18:49:47.488+0000] {dagbag.py:588} INFO - Filling up the DagBag from /home/krishnaformeera/Sumitomo/datapipeline/venv/lib/python3.11/site-packages/airflow/example_dags/example_short_circuit_decorator.py
[2025-08-31T18:49:47.500+0000] {processor.py:925} INFO - DAG(s) 'example_short_circuit_decorator' retrieved from /home/krishnaformeera/Sumitomo/datapipeline/venv/lib/python3.11/site-packages/airflow/example_dags/example_short_circuit_decorator.py
[2025-08-31T18:49:47.522+0000] {logging_mixin.py:190} INFO - [2025-08-31T18:49:47.522+0000] {dag.py:3239} INFO - Sync 1 DAGs
[2025-08-31T18:49:47.536+0000] {logging_mixin.py:190} INFO - [2025-08-31T18:49:47.536+0000] {dag.py:4180} INFO - Setting next_dagrun for example_short_circuit_decorator to None, run_after=None
[2025-08-31T18:49:47.559+0000] {processor.py:208} INFO - Processing /home/krishnaformeera/Sumitomo/datapipeline/venv/lib/python3.11/site-packages/airflow/example_dags/example_short_circuit_decorator.py took 0.085 seconds
[2025-08-31T18:50:40.684+0000] {processor.py:186} INFO - Started process (PID=8073) to work on /home/krishnaformeera/Sumitomo/datapipeline/venv/lib/python3.11/site-packages/airflow/example_dags/example_short_circuit_decorator.py
[2025-08-31T18:50:40.685+0000] {processor.py:914} INFO - Processing file /home/krishnaformeera/Sumitomo/datapipeline/venv/lib/python3.11/site-packages/airflow/example_dags/example_short_circuit_decorator.py for tasks to queue
[2025-08-31T18:50:40.687+0000] {logging_mixin.py:190} INFO - [2025-08-31T18:50:40.686+0000] {dagbag.py:588} INFO - Filling up the DagBag from /home/krishnaformeera/Sumitomo/datapipeline/venv/lib/python3.11/site-packages/airflow/example_dags/example_short_circuit_decorator.py
[2025-08-31T18:50:40.697+0000] {processor.py:925} INFO - DAG(s) 'example_short_circuit_decorator' retrieved from /home/krishnaformeera/Sumitomo/datapipeline/venv/lib/python3.11/site-packages/airflow/example_dags/example_short_circuit_decorator.py
[2025-08-31T18:50:40.715+0000] {logging_mixin.py:190} INFO - [2025-08-31T18:50:40.714+0000] {dag.py:3239} INFO - Sync 1 DAGs
[2025-08-31T18:50:40.725+0000] {logging_mixin.py:190} INFO - [2025-08-31T18:50:40.725+0000] {dag.py:4180} INFO - Setting next_dagrun for example_short_circuit_decorator to None, run_after=None
[2025-08-31T18:50:40.745+0000] {processor.py:208} INFO - Processing /home/krishnaformeera/Sumitomo/datapipeline/venv/lib/python3.11/site-packages/airflow/example_dags/example_short_circuit_decorator.py took 0.068 seconds
[2025-08-31T18:51:32.383+0000] {processor.py:186} INFO - Started process (PID=8154) to work on /home/krishnaformeera/Sumitomo/datapipeline/venv/lib/python3.11/site-packages/airflow/example_dags/example_short_circuit_decorator.py
[2025-08-31T18:51:32.385+0000] {processor.py:914} INFO - Processing file /home/krishnaformeera/Sumitomo/datapipeline/venv/lib/python3.11/site-packages/airflow/example_dags/example_short_circuit_decorator.py for tasks to queue
[2025-08-31T18:51:32.388+0000] {logging_mixin.py:190} INFO - [2025-08-31T18:51:32.388+0000] {dagbag.py:588} INFO - Filling up the DagBag from /home/krishnaformeera/Sumitomo/datapipeline/venv/lib/python3.11/site-packages/airflow/example_dags/example_short_circuit_decorator.py
[2025-08-31T18:51:32.403+0000] {processor.py:925} INFO - DAG(s) 'example_short_circuit_decorator' retrieved from /home/krishnaformeera/Sumitomo/datapipeline/venv/lib/python3.11/site-packages/airflow/example_dags/example_short_circuit_decorator.py
[2025-08-31T18:51:32.426+0000] {logging_mixin.py:190} INFO - [2025-08-31T18:51:32.426+0000] {dag.py:3239} INFO - Sync 1 DAGs
[2025-08-31T18:51:32.443+0000] {logging_mixin.py:190} INFO - [2025-08-31T18:51:32.442+0000] {dag.py:4180} INFO - Setting next_dagrun for example_short_circuit_decorator to None, run_after=None
[2025-08-31T18:51:32.469+0000] {processor.py:208} INFO - Processing /home/krishnaformeera/Sumitomo/datapipeline/venv/lib/python3.11/site-packages/airflow/example_dags/example_short_circuit_decorator.py took 0.094 seconds
[2025-08-31T18:52:21.788+0000] {processor.py:186} INFO - Started process (PID=8226) to work on /home/krishnaformeera/Sumitomo/datapipeline/venv/lib/python3.11/site-packages/airflow/example_dags/example_short_circuit_decorator.py
[2025-08-31T18:52:21.789+0000] {processor.py:914} INFO - Processing file /home/krishnaformeera/Sumitomo/datapipeline/venv/lib/python3.11/site-packages/airflow/example_dags/example_short_circuit_decorator.py for tasks to queue
[2025-08-31T18:52:21.792+0000] {logging_mixin.py:190} INFO - [2025-08-31T18:52:21.791+0000] {dagbag.py:588} INFO - Filling up the DagBag from /home/krishnaformeera/Sumitomo/datapipeline/venv/lib/python3.11/site-packages/airflow/example_dags/example_short_circuit_decorator.py
[2025-08-31T18:52:21.805+0000] {processor.py:925} INFO - DAG(s) 'example_short_circuit_decorator' retrieved from /home/krishnaformeera/Sumitomo/datapipeline/venv/lib/python3.11/site-packages/airflow/example_dags/example_short_circuit_decorator.py
[2025-08-31T18:52:21.824+0000] {logging_mixin.py:190} INFO - [2025-08-31T18:52:21.823+0000] {dag.py:3239} INFO - Sync 1 DAGs
[2025-08-31T18:52:21.836+0000] {logging_mixin.py:190} INFO - [2025-08-31T18:52:21.835+0000] {dag.py:4180} INFO - Setting next_dagrun for example_short_circuit_decorator to None, run_after=None
[2025-08-31T18:52:21.858+0000] {processor.py:208} INFO - Processing /home/krishnaformeera/Sumitomo/datapipeline/venv/lib/python3.11/site-packages/airflow/example_dags/example_short_circuit_decorator.py took 0.078 seconds
[2025-08-31T18:53:10.708+0000] {processor.py:186} INFO - Started process (PID=8281) to work on /home/krishnaformeera/Sumitomo/datapipeline/venv/lib/python3.11/site-packages/airflow/example_dags/example_short_circuit_decorator.py
[2025-08-31T18:53:10.709+0000] {processor.py:914} INFO - Processing file /home/krishnaformeera/Sumitomo/datapipeline/venv/lib/python3.11/site-packages/airflow/example_dags/example_short_circuit_decorator.py for tasks to queue
[2025-08-31T18:53:10.711+0000] {logging_mixin.py:190} INFO - [2025-08-31T18:53:10.711+0000] {dagbag.py:588} INFO - Filling up the DagBag from /home/krishnaformeera/Sumitomo/datapipeline/venv/lib/python3.11/site-packages/airflow/example_dags/example_short_circuit_decorator.py
[2025-08-31T18:53:10.722+0000] {processor.py:925} INFO - DAG(s) 'example_short_circuit_decorator' retrieved from /home/krishnaformeera/Sumitomo/datapipeline/venv/lib/python3.11/site-packages/airflow/example_dags/example_short_circuit_decorator.py
[2025-08-31T18:53:10.740+0000] {logging_mixin.py:190} INFO - [2025-08-31T18:53:10.740+0000] {dag.py:3239} INFO - Sync 1 DAGs
[2025-08-31T18:53:10.752+0000] {logging_mixin.py:190} INFO - [2025-08-31T18:53:10.752+0000] {dag.py:4180} INFO - Setting next_dagrun for example_short_circuit_decorator to None, run_after=None
[2025-08-31T18:53:10.773+0000] {processor.py:208} INFO - Processing /home/krishnaformeera/Sumitomo/datapipeline/venv/lib/python3.11/site-packages/airflow/example_dags/example_short_circuit_decorator.py took 0.071 seconds
[2025-08-31T18:53:59.775+0000] {processor.py:186} INFO - Started process (PID=8475) to work on /home/krishnaformeera/Sumitomo/datapipeline/venv/lib/python3.11/site-packages/airflow/example_dags/example_short_circuit_decorator.py
[2025-08-31T18:53:59.776+0000] {processor.py:914} INFO - Processing file /home/krishnaformeera/Sumitomo/datapipeline/venv/lib/python3.11/site-packages/airflow/example_dags/example_short_circuit_decorator.py for tasks to queue
[2025-08-31T18:53:59.779+0000] {logging_mixin.py:190} INFO - [2025-08-31T18:53:59.778+0000] {dagbag.py:588} INFO - Filling up the DagBag from /home/krishnaformeera/Sumitomo/datapipeline/venv/lib/python3.11/site-packages/airflow/example_dags/example_short_circuit_decorator.py
[2025-08-31T18:53:59.792+0000] {processor.py:925} INFO - DAG(s) 'example_short_circuit_decorator' retrieved from /home/krishnaformeera/Sumitomo/datapipeline/venv/lib/python3.11/site-packages/airflow/example_dags/example_short_circuit_decorator.py
[2025-08-31T18:53:59.814+0000] {logging_mixin.py:190} INFO - [2025-08-31T18:53:59.814+0000] {dag.py:3239} INFO - Sync 1 DAGs
[2025-08-31T18:53:59.827+0000] {logging_mixin.py:190} INFO - [2025-08-31T18:53:59.827+0000] {dag.py:4180} INFO - Setting next_dagrun for example_short_circuit_decorator to None, run_after=None
[2025-08-31T18:53:59.857+0000] {processor.py:208} INFO - Processing /home/krishnaformeera/Sumitomo/datapipeline/venv/lib/python3.11/site-packages/airflow/example_dags/example_short_circuit_decorator.py took 0.089 seconds
[2025-08-31T18:54:46.906+0000] {processor.py:186} INFO - Started process (PID=8525) to work on /home/krishnaformeera/Sumitomo/datapipeline/venv/lib/python3.11/site-packages/airflow/example_dags/example_short_circuit_decorator.py
[2025-08-31T18:54:46.907+0000] {processor.py:914} INFO - Processing file /home/krishnaformeera/Sumitomo/datapipeline/venv/lib/python3.11/site-packages/airflow/example_dags/example_short_circuit_decorator.py for tasks to queue
[2025-08-31T18:54:46.909+0000] {logging_mixin.py:190} INFO - [2025-08-31T18:54:46.909+0000] {dagbag.py:588} INFO - Filling up the DagBag from /home/krishnaformeera/Sumitomo/datapipeline/venv/lib/python3.11/site-packages/airflow/example_dags/example_short_circuit_decorator.py
[2025-08-31T18:54:46.921+0000] {processor.py:925} INFO - DAG(s) 'example_short_circuit_decorator' retrieved from /home/krishnaformeera/Sumitomo/datapipeline/venv/lib/python3.11/site-packages/airflow/example_dags/example_short_circuit_decorator.py
[2025-08-31T18:54:46.944+0000] {logging_mixin.py:190} INFO - [2025-08-31T18:54:46.944+0000] {dag.py:3239} INFO - Sync 1 DAGs
[2025-08-31T18:54:46.958+0000] {logging_mixin.py:190} INFO - [2025-08-31T18:54:46.957+0000] {dag.py:4180} INFO - Setting next_dagrun for example_short_circuit_decorator to None, run_after=None
[2025-08-31T18:54:46.979+0000] {processor.py:208} INFO - Processing /home/krishnaformeera/Sumitomo/datapipeline/venv/lib/python3.11/site-packages/airflow/example_dags/example_short_circuit_decorator.py took 0.082 seconds
[2025-08-31T18:55:42.000+0000] {processor.py:186} INFO - Started process (PID=8605) to work on /home/krishnaformeera/Sumitomo/datapipeline/venv/lib/python3.11/site-packages/airflow/example_dags/example_short_circuit_decorator.py
[2025-08-31T18:55:42.001+0000] {processor.py:914} INFO - Processing file /home/krishnaformeera/Sumitomo/datapipeline/venv/lib/python3.11/site-packages/airflow/example_dags/example_short_circuit_decorator.py for tasks to queue
[2025-08-31T18:55:42.003+0000] {logging_mixin.py:190} INFO - [2025-08-31T18:55:42.003+0000] {dagbag.py:588} INFO - Filling up the DagBag from /home/krishnaformeera/Sumitomo/datapipeline/venv/lib/python3.11/site-packages/airflow/example_dags/example_short_circuit_decorator.py
[2025-08-31T18:55:42.013+0000] {processor.py:925} INFO - DAG(s) 'example_short_circuit_decorator' retrieved from /home/krishnaformeera/Sumitomo/datapipeline/venv/lib/python3.11/site-packages/airflow/example_dags/example_short_circuit_decorator.py
[2025-08-31T18:55:42.030+0000] {logging_mixin.py:190} INFO - [2025-08-31T18:55:42.030+0000] {dag.py:3239} INFO - Sync 1 DAGs
[2025-08-31T18:55:42.041+0000] {logging_mixin.py:190} INFO - [2025-08-31T18:55:42.041+0000] {dag.py:4180} INFO - Setting next_dagrun for example_short_circuit_decorator to None, run_after=None
[2025-08-31T18:55:42.064+0000] {processor.py:208} INFO - Processing /home/krishnaformeera/Sumitomo/datapipeline/venv/lib/python3.11/site-packages/airflow/example_dags/example_short_circuit_decorator.py took 0.072 seconds
[2025-08-31T18:56:35.530+0000] {processor.py:186} INFO - Started process (PID=8674) to work on /home/krishnaformeera/Sumitomo/datapipeline/venv/lib/python3.11/site-packages/airflow/example_dags/example_short_circuit_decorator.py
[2025-08-31T18:56:35.531+0000] {processor.py:914} INFO - Processing file /home/krishnaformeera/Sumitomo/datapipeline/venv/lib/python3.11/site-packages/airflow/example_dags/example_short_circuit_decorator.py for tasks to queue
[2025-08-31T18:56:35.533+0000] {logging_mixin.py:190} INFO - [2025-08-31T18:56:35.533+0000] {dagbag.py:588} INFO - Filling up the DagBag from /home/krishnaformeera/Sumitomo/datapipeline/venv/lib/python3.11/site-packages/airflow/example_dags/example_short_circuit_decorator.py
[2025-08-31T18:56:35.544+0000] {processor.py:925} INFO - DAG(s) 'example_short_circuit_decorator' retrieved from /home/krishnaformeera/Sumitomo/datapipeline/venv/lib/python3.11/site-packages/airflow/example_dags/example_short_circuit_decorator.py
[2025-08-31T18:56:35.562+0000] {logging_mixin.py:190} INFO - [2025-08-31T18:56:35.562+0000] {dag.py:3239} INFO - Sync 1 DAGs
[2025-08-31T18:56:35.573+0000] {logging_mixin.py:190} INFO - [2025-08-31T18:56:35.573+0000] {dag.py:4180} INFO - Setting next_dagrun for example_short_circuit_decorator to None, run_after=None
[2025-08-31T18:56:35.596+0000] {processor.py:208} INFO - Processing /home/krishnaformeera/Sumitomo/datapipeline/venv/lib/python3.11/site-packages/airflow/example_dags/example_short_circuit_decorator.py took 0.073 seconds
[2025-08-31T18:57:27.994+0000] {processor.py:186} INFO - Started process (PID=8727) to work on /home/krishnaformeera/Sumitomo/datapipeline/venv/lib/python3.11/site-packages/airflow/example_dags/example_short_circuit_decorator.py
[2025-08-31T18:57:27.995+0000] {processor.py:914} INFO - Processing file /home/krishnaformeera/Sumitomo/datapipeline/venv/lib/python3.11/site-packages/airflow/example_dags/example_short_circuit_decorator.py for tasks to queue
[2025-08-31T18:57:27.998+0000] {logging_mixin.py:190} INFO - [2025-08-31T18:57:27.997+0000] {dagbag.py:588} INFO - Filling up the DagBag from /home/krishnaformeera/Sumitomo/datapipeline/venv/lib/python3.11/site-packages/airflow/example_dags/example_short_circuit_decorator.py
[2025-08-31T18:57:28.012+0000] {processor.py:925} INFO - DAG(s) 'example_short_circuit_decorator' retrieved from /home/krishnaformeera/Sumitomo/datapipeline/venv/lib/python3.11/site-packages/airflow/example_dags/example_short_circuit_decorator.py
[2025-08-31T18:57:28.033+0000] {logging_mixin.py:190} INFO - [2025-08-31T18:57:28.033+0000] {dag.py:3239} INFO - Sync 1 DAGs
[2025-08-31T18:57:28.046+0000] {logging_mixin.py:190} INFO - [2025-08-31T18:57:28.046+0000] {dag.py:4180} INFO - Setting next_dagrun for example_short_circuit_decorator to None, run_after=None
[2025-08-31T18:57:28.069+0000] {processor.py:208} INFO - Processing /home/krishnaformeera/Sumitomo/datapipeline/venv/lib/python3.11/site-packages/airflow/example_dags/example_short_circuit_decorator.py took 0.083 seconds
[2025-08-31T18:58:21.193+0000] {processor.py:186} INFO - Started process (PID=8781) to work on /home/krishnaformeera/Sumitomo/datapipeline/venv/lib/python3.11/site-packages/airflow/example_dags/example_short_circuit_decorator.py
[2025-08-31T18:58:21.195+0000] {processor.py:914} INFO - Processing file /home/krishnaformeera/Sumitomo/datapipeline/venv/lib/python3.11/site-packages/airflow/example_dags/example_short_circuit_decorator.py for tasks to queue
[2025-08-31T18:58:21.198+0000] {logging_mixin.py:190} INFO - [2025-08-31T18:58:21.197+0000] {dagbag.py:588} INFO - Filling up the DagBag from /home/krishnaformeera/Sumitomo/datapipeline/venv/lib/python3.11/site-packages/airflow/example_dags/example_short_circuit_decorator.py
[2025-08-31T18:58:21.210+0000] {processor.py:925} INFO - DAG(s) 'example_short_circuit_decorator' retrieved from /home/krishnaformeera/Sumitomo/datapipeline/venv/lib/python3.11/site-packages/airflow/example_dags/example_short_circuit_decorator.py
[2025-08-31T18:58:21.230+0000] {logging_mixin.py:190} INFO - [2025-08-31T18:58:21.230+0000] {dag.py:3239} INFO - Sync 1 DAGs
[2025-08-31T18:58:21.244+0000] {logging_mixin.py:190} INFO - [2025-08-31T18:58:21.244+0000] {dag.py:4180} INFO - Setting next_dagrun for example_short_circuit_decorator to None, run_after=None
[2025-08-31T18:58:21.269+0000] {processor.py:208} INFO - Processing /home/krishnaformeera/Sumitomo/datapipeline/venv/lib/python3.11/site-packages/airflow/example_dags/example_short_circuit_decorator.py took 0.083 seconds
[2025-08-31T18:59:13.891+0000] {processor.py:186} INFO - Started process (PID=8835) to work on /home/krishnaformeera/Sumitomo/datapipeline/venv/lib/python3.11/site-packages/airflow/example_dags/example_short_circuit_decorator.py
[2025-08-31T18:59:13.892+0000] {processor.py:914} INFO - Processing file /home/krishnaformeera/Sumitomo/datapipeline/venv/lib/python3.11/site-packages/airflow/example_dags/example_short_circuit_decorator.py for tasks to queue
[2025-08-31T18:59:13.897+0000] {logging_mixin.py:190} INFO - [2025-08-31T18:59:13.896+0000] {dagbag.py:588} INFO - Filling up the DagBag from /home/krishnaformeera/Sumitomo/datapipeline/venv/lib/python3.11/site-packages/airflow/example_dags/example_short_circuit_decorator.py
[2025-08-31T18:59:13.916+0000] {processor.py:925} INFO - DAG(s) 'example_short_circuit_decorator' retrieved from /home/krishnaformeera/Sumitomo/datapipeline/venv/lib/python3.11/site-packages/airflow/example_dags/example_short_circuit_decorator.py
[2025-08-31T18:59:13.953+0000] {logging_mixin.py:190} INFO - [2025-08-31T18:59:13.952+0000] {dag.py:3239} INFO - Sync 1 DAGs
[2025-08-31T18:59:13.980+0000] {logging_mixin.py:190} INFO - [2025-08-31T18:59:13.979+0000] {dag.py:4180} INFO - Setting next_dagrun for example_short_circuit_decorator to None, run_after=None
[2025-08-31T18:59:14.020+0000] {processor.py:208} INFO - Processing /home/krishnaformeera/Sumitomo/datapipeline/venv/lib/python3.11/site-packages/airflow/example_dags/example_short_circuit_decorator.py took 0.139 seconds
