[2025-08-31T18:30:12.391+0000] {processor.py:186} INFO - Started process (PID=5102) to work on /home/krishnaformeera/Sumitomo/datapipeline/venv/lib/python3.11/site-packages/airflow/example_dags/example_trigger_controller_dag.py
[2025-08-31T18:30:12.392+0000] {processor.py:914} INFO - Processing file /home/krishnaformeera/Sumitomo/datapipeline/venv/lib/python3.11/site-packages/airflow/example_dags/example_trigger_controller_dag.py for tasks to queue
[2025-08-31T18:30:12.393+0000] {logging_mixin.py:190} INFO - [2025-08-31T18:30:12.393+0000] {dagbag.py:588} INFO - Filling up the DagBag from /home/krishnaformeera/Sumitomo/datapipeline/venv/lib/python3.11/site-packages/airflow/example_dags/example_trigger_controller_dag.py
[2025-08-31T18:30:12.400+0000] {processor.py:925} INFO - DAG(s) 'example_trigger_controller_dag' retrieved from /home/krishnaformeera/Sumitomo/datapipeline/venv/lib/python3.11/site-packages/airflow/example_dags/example_trigger_controller_dag.py
[2025-08-31T18:30:12.593+0000] {logging_mixin.py:190} INFO - [2025-08-31T18:30:12.592+0000] {override.py:1900} INFO - Created Permission View: can delete on DAG:example_trigger_controller_dag
[2025-08-31T18:30:12.604+0000] {logging_mixin.py:190} INFO - [2025-08-31T18:30:12.604+0000] {override.py:1900} INFO - Created Permission View: can read on DAG:example_trigger_controller_dag
[2025-08-31T18:30:12.612+0000] {logging_mixin.py:190} INFO - [2025-08-31T18:30:12.612+0000] {override.py:1900} INFO - Created Permission View: can edit on DAG:example_trigger_controller_dag
[2025-08-31T18:30:12.629+0000] {logging_mixin.py:190} INFO - [2025-08-31T18:30:12.629+0000] {override.py:1900} INFO - Created Permission View: can delete on DAG Run:example_trigger_controller_dag
[2025-08-31T18:30:12.640+0000] {logging_mixin.py:190} INFO - [2025-08-31T18:30:12.639+0000] {override.py:1900} INFO - Created Permission View: can read on DAG Run:example_trigger_controller_dag
[2025-08-31T18:30:12.649+0000] {logging_mixin.py:190} INFO - [2025-08-31T18:30:12.648+0000] {override.py:1900} INFO - Created Permission View: can create on DAG Run:example_trigger_controller_dag
[2025-08-31T18:30:12.660+0000] {logging_mixin.py:190} INFO - [2025-08-31T18:30:12.660+0000] {override.py:1900} INFO - Created Permission View: menu access on DAG Run:example_trigger_controller_dag
[2025-08-31T18:30:12.661+0000] {logging_mixin.py:190} INFO - [2025-08-31T18:30:12.660+0000] {dag.py:3239} INFO - Sync 1 DAGs
[2025-08-31T18:30:12.671+0000] {logging_mixin.py:190} INFO - [2025-08-31T18:30:12.671+0000] {dag.py:3262} INFO - Creating ORM DAG for example_trigger_controller_dag
[2025-08-31T18:30:12.677+0000] {logging_mixin.py:190} INFO - [2025-08-31T18:30:12.677+0000] {dag.py:4180} INFO - Setting next_dagrun for example_trigger_controller_dag to 2021-01-01 00:00:00+00:00, run_after=2021-01-01 00:00:00+00:00
[2025-08-31T18:30:12.694+0000] {processor.py:208} INFO - Processing /home/krishnaformeera/Sumitomo/datapipeline/venv/lib/python3.11/site-packages/airflow/example_dags/example_trigger_controller_dag.py took 0.308 seconds
[2025-08-31T18:30:51.738+0000] {processor.py:186} INFO - Started process (PID=5217) to work on /home/krishnaformeera/Sumitomo/datapipeline/venv/lib/python3.11/site-packages/airflow/example_dags/example_trigger_controller_dag.py
[2025-08-31T18:30:51.740+0000] {processor.py:914} INFO - Processing file /home/krishnaformeera/Sumitomo/datapipeline/venv/lib/python3.11/site-packages/airflow/example_dags/example_trigger_controller_dag.py for tasks to queue
[2025-08-31T18:30:51.743+0000] {logging_mixin.py:190} INFO - [2025-08-31T18:30:51.743+0000] {dagbag.py:588} INFO - Filling up the DagBag from /home/krishnaformeera/Sumitomo/datapipeline/venv/lib/python3.11/site-packages/airflow/example_dags/example_trigger_controller_dag.py
[2025-08-31T18:30:51.751+0000] {processor.py:925} INFO - DAG(s) 'example_trigger_controller_dag' retrieved from /home/krishnaformeera/Sumitomo/datapipeline/venv/lib/python3.11/site-packages/airflow/example_dags/example_trigger_controller_dag.py
[2025-08-31T18:30:51.772+0000] {logging_mixin.py:190} INFO - [2025-08-31T18:30:51.772+0000] {dag.py:3239} INFO - Sync 1 DAGs
[2025-08-31T18:30:51.796+0000] {logging_mixin.py:190} INFO - [2025-08-31T18:30:51.796+0000] {dag.py:4180} INFO - Setting next_dagrun for example_trigger_controller_dag to 2021-01-01 00:00:00+00:00, run_after=2021-01-01 00:00:00+00:00
[2025-08-31T18:30:51.822+0000] {processor.py:208} INFO - Processing /home/krishnaformeera/Sumitomo/datapipeline/venv/lib/python3.11/site-packages/airflow/example_dags/example_trigger_controller_dag.py took 0.091 seconds
[2025-08-31T18:31:54.349+0000] {processor.py:186} INFO - Started process (PID=5289) to work on /home/krishnaformeera/Sumitomo/datapipeline/venv/lib/python3.11/site-packages/airflow/example_dags/example_trigger_controller_dag.py
[2025-08-31T18:31:54.351+0000] {processor.py:914} INFO - Processing file /home/krishnaformeera/Sumitomo/datapipeline/venv/lib/python3.11/site-packages/airflow/example_dags/example_trigger_controller_dag.py for tasks to queue
[2025-08-31T18:31:54.353+0000] {logging_mixin.py:190} INFO - [2025-08-31T18:31:54.353+0000] {dagbag.py:588} INFO - Filling up the DagBag from /home/krishnaformeera/Sumitomo/datapipeline/venv/lib/python3.11/site-packages/airflow/example_dags/example_trigger_controller_dag.py
[2025-08-31T18:31:54.360+0000] {processor.py:925} INFO - DAG(s) 'example_trigger_controller_dag' retrieved from /home/krishnaformeera/Sumitomo/datapipeline/venv/lib/python3.11/site-packages/airflow/example_dags/example_trigger_controller_dag.py
[2025-08-31T18:31:54.374+0000] {logging_mixin.py:190} INFO - [2025-08-31T18:31:54.374+0000] {dag.py:3239} INFO - Sync 1 DAGs
[2025-08-31T18:31:54.392+0000] {logging_mixin.py:190} INFO - [2025-08-31T18:31:54.392+0000] {dag.py:4180} INFO - Setting next_dagrun for example_trigger_controller_dag to 2021-01-01 00:00:00+00:00, run_after=2021-01-01 00:00:00+00:00
[2025-08-31T18:31:54.412+0000] {processor.py:208} INFO - Processing /home/krishnaformeera/Sumitomo/datapipeline/venv/lib/python3.11/site-packages/airflow/example_dags/example_trigger_controller_dag.py took 0.069 seconds
[2025-08-31T18:32:49.553+0000] {processor.py:186} INFO - Started process (PID=5346) to work on /home/krishnaformeera/Sumitomo/datapipeline/venv/lib/python3.11/site-packages/airflow/example_dags/example_trigger_controller_dag.py
[2025-08-31T18:32:49.554+0000] {processor.py:914} INFO - Processing file /home/krishnaformeera/Sumitomo/datapipeline/venv/lib/python3.11/site-packages/airflow/example_dags/example_trigger_controller_dag.py for tasks to queue
[2025-08-31T18:32:49.556+0000] {logging_mixin.py:190} INFO - [2025-08-31T18:32:49.556+0000] {dagbag.py:588} INFO - Filling up the DagBag from /home/krishnaformeera/Sumitomo/datapipeline/venv/lib/python3.11/site-packages/airflow/example_dags/example_trigger_controller_dag.py
[2025-08-31T18:32:49.563+0000] {processor.py:925} INFO - DAG(s) 'example_trigger_controller_dag' retrieved from /home/krishnaformeera/Sumitomo/datapipeline/venv/lib/python3.11/site-packages/airflow/example_dags/example_trigger_controller_dag.py
[2025-08-31T18:32:49.577+0000] {logging_mixin.py:190} INFO - [2025-08-31T18:32:49.577+0000] {dag.py:3239} INFO - Sync 1 DAGs
[2025-08-31T18:32:49.595+0000] {logging_mixin.py:190} INFO - [2025-08-31T18:32:49.595+0000] {dag.py:4180} INFO - Setting next_dagrun for example_trigger_controller_dag to 2021-01-01 00:00:00+00:00, run_after=2021-01-01 00:00:00+00:00
[2025-08-31T18:32:49.620+0000] {processor.py:208} INFO - Processing /home/krishnaformeera/Sumitomo/datapipeline/venv/lib/python3.11/site-packages/airflow/example_dags/example_trigger_controller_dag.py took 0.073 seconds
[2025-08-31T18:33:39.342+0000] {processor.py:186} INFO - Started process (PID=5396) to work on /home/krishnaformeera/Sumitomo/datapipeline/venv/lib/python3.11/site-packages/airflow/example_dags/example_trigger_controller_dag.py
[2025-08-31T18:33:39.344+0000] {processor.py:914} INFO - Processing file /home/krishnaformeera/Sumitomo/datapipeline/venv/lib/python3.11/site-packages/airflow/example_dags/example_trigger_controller_dag.py for tasks to queue
[2025-08-31T18:33:39.346+0000] {logging_mixin.py:190} INFO - [2025-08-31T18:33:39.346+0000] {dagbag.py:588} INFO - Filling up the DagBag from /home/krishnaformeera/Sumitomo/datapipeline/venv/lib/python3.11/site-packages/airflow/example_dags/example_trigger_controller_dag.py
[2025-08-31T18:33:39.354+0000] {processor.py:925} INFO - DAG(s) 'example_trigger_controller_dag' retrieved from /home/krishnaformeera/Sumitomo/datapipeline/venv/lib/python3.11/site-packages/airflow/example_dags/example_trigger_controller_dag.py
[2025-08-31T18:33:39.479+0000] {logging_mixin.py:190} INFO - [2025-08-31T18:33:39.478+0000] {dag.py:3239} INFO - Sync 1 DAGs
[2025-08-31T18:33:39.492+0000] {logging_mixin.py:190} INFO - [2025-08-31T18:33:39.492+0000] {dag.py:4180} INFO - Setting next_dagrun for example_trigger_controller_dag to 2021-01-01 00:00:00+00:00, run_after=2021-01-01 00:00:00+00:00
[2025-08-31T18:33:39.512+0000] {processor.py:208} INFO - Processing /home/krishnaformeera/Sumitomo/datapipeline/venv/lib/python3.11/site-packages/airflow/example_dags/example_trigger_controller_dag.py took 0.177 seconds
[2025-08-31T18:34:35.630+0000] {processor.py:186} INFO - Started process (PID=5452) to work on /home/krishnaformeera/Sumitomo/datapipeline/venv/lib/python3.11/site-packages/airflow/example_dags/example_trigger_controller_dag.py
[2025-08-31T18:34:35.631+0000] {processor.py:914} INFO - Processing file /home/krishnaformeera/Sumitomo/datapipeline/venv/lib/python3.11/site-packages/airflow/example_dags/example_trigger_controller_dag.py for tasks to queue
[2025-08-31T18:34:35.634+0000] {logging_mixin.py:190} INFO - [2025-08-31T18:34:35.634+0000] {dagbag.py:588} INFO - Filling up the DagBag from /home/krishnaformeera/Sumitomo/datapipeline/venv/lib/python3.11/site-packages/airflow/example_dags/example_trigger_controller_dag.py
[2025-08-31T18:34:35.643+0000] {processor.py:925} INFO - DAG(s) 'example_trigger_controller_dag' retrieved from /home/krishnaformeera/Sumitomo/datapipeline/venv/lib/python3.11/site-packages/airflow/example_dags/example_trigger_controller_dag.py
[2025-08-31T18:34:35.661+0000] {logging_mixin.py:190} INFO - [2025-08-31T18:34:35.661+0000] {dag.py:3239} INFO - Sync 1 DAGs
[2025-08-31T18:34:35.679+0000] {logging_mixin.py:190} INFO - [2025-08-31T18:34:35.679+0000] {dag.py:4180} INFO - Setting next_dagrun for example_trigger_controller_dag to 2021-01-01 00:00:00+00:00, run_after=2021-01-01 00:00:00+00:00
[2025-08-31T18:34:35.698+0000] {processor.py:208} INFO - Processing /home/krishnaformeera/Sumitomo/datapipeline/venv/lib/python3.11/site-packages/airflow/example_dags/example_trigger_controller_dag.py took 0.076 seconds
[2025-08-31T18:35:25.728+0000] {processor.py:186} INFO - Started process (PID=5504) to work on /home/krishnaformeera/Sumitomo/datapipeline/venv/lib/python3.11/site-packages/airflow/example_dags/example_trigger_controller_dag.py
[2025-08-31T18:35:25.729+0000] {processor.py:914} INFO - Processing file /home/krishnaformeera/Sumitomo/datapipeline/venv/lib/python3.11/site-packages/airflow/example_dags/example_trigger_controller_dag.py for tasks to queue
[2025-08-31T18:35:25.731+0000] {logging_mixin.py:190} INFO - [2025-08-31T18:35:25.731+0000] {dagbag.py:588} INFO - Filling up the DagBag from /home/krishnaformeera/Sumitomo/datapipeline/venv/lib/python3.11/site-packages/airflow/example_dags/example_trigger_controller_dag.py
[2025-08-31T18:35:25.739+0000] {processor.py:925} INFO - DAG(s) 'example_trigger_controller_dag' retrieved from /home/krishnaformeera/Sumitomo/datapipeline/venv/lib/python3.11/site-packages/airflow/example_dags/example_trigger_controller_dag.py
[2025-08-31T18:35:25.755+0000] {logging_mixin.py:190} INFO - [2025-08-31T18:35:25.755+0000] {dag.py:3239} INFO - Sync 1 DAGs
[2025-08-31T18:35:25.774+0000] {logging_mixin.py:190} INFO - [2025-08-31T18:35:25.774+0000] {dag.py:4180} INFO - Setting next_dagrun for example_trigger_controller_dag to 2021-01-01 00:00:00+00:00, run_after=2021-01-01 00:00:00+00:00
[2025-08-31T18:35:25.795+0000] {processor.py:208} INFO - Processing /home/krishnaformeera/Sumitomo/datapipeline/venv/lib/python3.11/site-packages/airflow/example_dags/example_trigger_controller_dag.py took 0.075 seconds
[2025-08-31T18:36:16.556+0000] {processor.py:186} INFO - Started process (PID=5582) to work on /home/krishnaformeera/Sumitomo/datapipeline/venv/lib/python3.11/site-packages/airflow/example_dags/example_trigger_controller_dag.py
[2025-08-31T18:36:16.557+0000] {processor.py:914} INFO - Processing file /home/krishnaformeera/Sumitomo/datapipeline/venv/lib/python3.11/site-packages/airflow/example_dags/example_trigger_controller_dag.py for tasks to queue
[2025-08-31T18:36:16.560+0000] {logging_mixin.py:190} INFO - [2025-08-31T18:36:16.560+0000] {dagbag.py:588} INFO - Filling up the DagBag from /home/krishnaformeera/Sumitomo/datapipeline/venv/lib/python3.11/site-packages/airflow/example_dags/example_trigger_controller_dag.py
[2025-08-31T18:36:16.567+0000] {processor.py:925} INFO - DAG(s) 'example_trigger_controller_dag' retrieved from /home/krishnaformeera/Sumitomo/datapipeline/venv/lib/python3.11/site-packages/airflow/example_dags/example_trigger_controller_dag.py
[2025-08-31T18:36:16.581+0000] {logging_mixin.py:190} INFO - [2025-08-31T18:36:16.581+0000] {dag.py:3239} INFO - Sync 1 DAGs
[2025-08-31T18:36:16.599+0000] {logging_mixin.py:190} INFO - [2025-08-31T18:36:16.599+0000] {dag.py:4180} INFO - Setting next_dagrun for example_trigger_controller_dag to 2021-01-01 00:00:00+00:00, run_after=2021-01-01 00:00:00+00:00
[2025-08-31T18:36:16.620+0000] {processor.py:208} INFO - Processing /home/krishnaformeera/Sumitomo/datapipeline/venv/lib/python3.11/site-packages/airflow/example_dags/example_trigger_controller_dag.py took 0.070 seconds
[2025-08-31T18:37:08.289+0000] {processor.py:186} INFO - Started process (PID=5634) to work on /home/krishnaformeera/Sumitomo/datapipeline/venv/lib/python3.11/site-packages/airflow/example_dags/example_trigger_controller_dag.py
[2025-08-31T18:37:08.291+0000] {processor.py:914} INFO - Processing file /home/krishnaformeera/Sumitomo/datapipeline/venv/lib/python3.11/site-packages/airflow/example_dags/example_trigger_controller_dag.py for tasks to queue
[2025-08-31T18:37:08.294+0000] {logging_mixin.py:190} INFO - [2025-08-31T18:37:08.294+0000] {dagbag.py:588} INFO - Filling up the DagBag from /home/krishnaformeera/Sumitomo/datapipeline/venv/lib/python3.11/site-packages/airflow/example_dags/example_trigger_controller_dag.py
[2025-08-31T18:37:08.302+0000] {processor.py:925} INFO - DAG(s) 'example_trigger_controller_dag' retrieved from /home/krishnaformeera/Sumitomo/datapipeline/venv/lib/python3.11/site-packages/airflow/example_dags/example_trigger_controller_dag.py
[2025-08-31T18:37:08.320+0000] {logging_mixin.py:190} INFO - [2025-08-31T18:37:08.320+0000] {dag.py:3239} INFO - Sync 1 DAGs
[2025-08-31T18:37:08.341+0000] {logging_mixin.py:190} INFO - [2025-08-31T18:37:08.341+0000] {dag.py:4180} INFO - Setting next_dagrun for example_trigger_controller_dag to 2021-01-01 00:00:00+00:00, run_after=2021-01-01 00:00:00+00:00
[2025-08-31T18:37:08.366+0000] {processor.py:208} INFO - Processing /home/krishnaformeera/Sumitomo/datapipeline/venv/lib/python3.11/site-packages/airflow/example_dags/example_trigger_controller_dag.py took 0.084 seconds
[2025-08-31T18:40:05.684+0000] {processor.py:186} INFO - Started process (PID=6071) to work on /home/krishnaformeera/Sumitomo/datapipeline/venv/lib/python3.11/site-packages/airflow/example_dags/example_trigger_controller_dag.py
[2025-08-31T18:40:05.685+0000] {processor.py:914} INFO - Processing file /home/krishnaformeera/Sumitomo/datapipeline/venv/lib/python3.11/site-packages/airflow/example_dags/example_trigger_controller_dag.py for tasks to queue
[2025-08-31T18:40:05.688+0000] {logging_mixin.py:190} INFO - [2025-08-31T18:40:05.688+0000] {dagbag.py:588} INFO - Filling up the DagBag from /home/krishnaformeera/Sumitomo/datapipeline/venv/lib/python3.11/site-packages/airflow/example_dags/example_trigger_controller_dag.py
[2025-08-31T18:40:05.695+0000] {processor.py:925} INFO - DAG(s) 'example_trigger_controller_dag' retrieved from /home/krishnaformeera/Sumitomo/datapipeline/venv/lib/python3.11/site-packages/airflow/example_dags/example_trigger_controller_dag.py
[2025-08-31T18:40:05.711+0000] {logging_mixin.py:190} INFO - [2025-08-31T18:40:05.711+0000] {dag.py:3239} INFO - Sync 1 DAGs
[2025-08-31T18:40:05.730+0000] {logging_mixin.py:190} INFO - [2025-08-31T18:40:05.730+0000] {dag.py:4180} INFO - Setting next_dagrun for example_trigger_controller_dag to 2021-01-01 00:00:00+00:00, run_after=2021-01-01 00:00:00+00:00
[2025-08-31T18:40:05.757+0000] {processor.py:208} INFO - Processing /home/krishnaformeera/Sumitomo/datapipeline/venv/lib/python3.11/site-packages/airflow/example_dags/example_trigger_controller_dag.py took 0.078 seconds
[2025-08-31T18:41:00.393+0000] {processor.py:186} INFO - Started process (PID=6321) to work on /home/krishnaformeera/Sumitomo/datapipeline/venv/lib/python3.11/site-packages/airflow/example_dags/example_trigger_controller_dag.py
[2025-08-31T18:41:00.396+0000] {processor.py:914} INFO - Processing file /home/krishnaformeera/Sumitomo/datapipeline/venv/lib/python3.11/site-packages/airflow/example_dags/example_trigger_controller_dag.py for tasks to queue
[2025-08-31T18:41:00.398+0000] {logging_mixin.py:190} INFO - [2025-08-31T18:41:00.398+0000] {dagbag.py:588} INFO - Filling up the DagBag from /home/krishnaformeera/Sumitomo/datapipeline/venv/lib/python3.11/site-packages/airflow/example_dags/example_trigger_controller_dag.py
[2025-08-31T18:41:00.405+0000] {processor.py:925} INFO - DAG(s) 'example_trigger_controller_dag' retrieved from /home/krishnaformeera/Sumitomo/datapipeline/venv/lib/python3.11/site-packages/airflow/example_dags/example_trigger_controller_dag.py
[2025-08-31T18:41:00.420+0000] {logging_mixin.py:190} INFO - [2025-08-31T18:41:00.419+0000] {dag.py:3239} INFO - Sync 1 DAGs
[2025-08-31T18:41:00.437+0000] {logging_mixin.py:190} INFO - [2025-08-31T18:41:00.437+0000] {dag.py:4180} INFO - Setting next_dagrun for example_trigger_controller_dag to 2021-01-01 00:00:00+00:00, run_after=2021-01-01 00:00:00+00:00
[2025-08-31T18:41:00.457+0000] {processor.py:208} INFO - Processing /home/krishnaformeera/Sumitomo/datapipeline/venv/lib/python3.11/site-packages/airflow/example_dags/example_trigger_controller_dag.py took 0.070 seconds
[2025-08-31T18:41:51.068+0000] {processor.py:186} INFO - Started process (PID=6493) to work on /home/krishnaformeera/Sumitomo/datapipeline/venv/lib/python3.11/site-packages/airflow/example_dags/example_trigger_controller_dag.py
[2025-08-31T18:41:51.069+0000] {processor.py:914} INFO - Processing file /home/krishnaformeera/Sumitomo/datapipeline/venv/lib/python3.11/site-packages/airflow/example_dags/example_trigger_controller_dag.py for tasks to queue
[2025-08-31T18:41:51.072+0000] {logging_mixin.py:190} INFO - [2025-08-31T18:41:51.071+0000] {dagbag.py:588} INFO - Filling up the DagBag from /home/krishnaformeera/Sumitomo/datapipeline/venv/lib/python3.11/site-packages/airflow/example_dags/example_trigger_controller_dag.py
[2025-08-31T18:41:51.081+0000] {processor.py:925} INFO - DAG(s) 'example_trigger_controller_dag' retrieved from /home/krishnaformeera/Sumitomo/datapipeline/venv/lib/python3.11/site-packages/airflow/example_dags/example_trigger_controller_dag.py
[2025-08-31T18:41:51.100+0000] {logging_mixin.py:190} INFO - [2025-08-31T18:41:51.100+0000] {dag.py:3239} INFO - Sync 1 DAGs
[2025-08-31T18:41:51.120+0000] {logging_mixin.py:190} INFO - [2025-08-31T18:41:51.119+0000] {dag.py:4180} INFO - Setting next_dagrun for example_trigger_controller_dag to 2021-01-01 00:00:00+00:00, run_after=2021-01-01 00:00:00+00:00
[2025-08-31T18:41:51.139+0000] {processor.py:208} INFO - Processing /home/krishnaformeera/Sumitomo/datapipeline/venv/lib/python3.11/site-packages/airflow/example_dags/example_trigger_controller_dag.py took 0.079 seconds
[2025-08-31T18:42:46.468+0000] {processor.py:186} INFO - Started process (PID=6681) to work on /home/krishnaformeera/Sumitomo/datapipeline/venv/lib/python3.11/site-packages/airflow/example_dags/example_trigger_controller_dag.py
[2025-08-31T18:42:46.471+0000] {processor.py:914} INFO - Processing file /home/krishnaformeera/Sumitomo/datapipeline/venv/lib/python3.11/site-packages/airflow/example_dags/example_trigger_controller_dag.py for tasks to queue
[2025-08-31T18:42:46.477+0000] {logging_mixin.py:190} INFO - [2025-08-31T18:42:46.476+0000] {dagbag.py:588} INFO - Filling up the DagBag from /home/krishnaformeera/Sumitomo/datapipeline/venv/lib/python3.11/site-packages/airflow/example_dags/example_trigger_controller_dag.py
[2025-08-31T18:42:46.490+0000] {processor.py:925} INFO - DAG(s) 'example_trigger_controller_dag' retrieved from /home/krishnaformeera/Sumitomo/datapipeline/venv/lib/python3.11/site-packages/airflow/example_dags/example_trigger_controller_dag.py
[2025-08-31T18:42:46.620+0000] {logging_mixin.py:190} INFO - [2025-08-31T18:42:46.619+0000] {dag.py:3239} INFO - Sync 1 DAGs
[2025-08-31T18:42:46.634+0000] {logging_mixin.py:190} INFO - [2025-08-31T18:42:46.634+0000] {dag.py:4180} INFO - Setting next_dagrun for example_trigger_controller_dag to 2021-01-01 00:00:00+00:00, run_after=2021-01-01 00:00:00+00:00
[2025-08-31T18:42:46.653+0000] {processor.py:208} INFO - Processing /home/krishnaformeera/Sumitomo/datapipeline/venv/lib/python3.11/site-packages/airflow/example_dags/example_trigger_controller_dag.py took 0.198 seconds
[2025-08-31T18:43:45.057+0000] {processor.py:186} INFO - Started process (PID=6928) to work on /home/krishnaformeera/Sumitomo/datapipeline/venv/lib/python3.11/site-packages/airflow/example_dags/example_trigger_controller_dag.py
[2025-08-31T18:43:45.058+0000] {processor.py:914} INFO - Processing file /home/krishnaformeera/Sumitomo/datapipeline/venv/lib/python3.11/site-packages/airflow/example_dags/example_trigger_controller_dag.py for tasks to queue
[2025-08-31T18:43:45.061+0000] {logging_mixin.py:190} INFO - [2025-08-31T18:43:45.060+0000] {dagbag.py:588} INFO - Filling up the DagBag from /home/krishnaformeera/Sumitomo/datapipeline/venv/lib/python3.11/site-packages/airflow/example_dags/example_trigger_controller_dag.py
[2025-08-31T18:43:45.070+0000] {processor.py:925} INFO - DAG(s) 'example_trigger_controller_dag' retrieved from /home/krishnaformeera/Sumitomo/datapipeline/venv/lib/python3.11/site-packages/airflow/example_dags/example_trigger_controller_dag.py
[2025-08-31T18:43:45.091+0000] {logging_mixin.py:190} INFO - [2025-08-31T18:43:45.090+0000] {dag.py:3239} INFO - Sync 1 DAGs
[2025-08-31T18:43:45.115+0000] {logging_mixin.py:190} INFO - [2025-08-31T18:43:45.115+0000] {dag.py:4180} INFO - Setting next_dagrun for example_trigger_controller_dag to 2021-01-01 00:00:00+00:00, run_after=2021-01-01 00:00:00+00:00
[2025-08-31T18:43:45.143+0000] {processor.py:208} INFO - Processing /home/krishnaformeera/Sumitomo/datapipeline/venv/lib/python3.11/site-packages/airflow/example_dags/example_trigger_controller_dag.py took 0.096 seconds
[2025-08-31T18:44:35.703+0000] {processor.py:186} INFO - Started process (PID=7140) to work on /home/krishnaformeera/Sumitomo/datapipeline/venv/lib/python3.11/site-packages/airflow/example_dags/example_trigger_controller_dag.py
[2025-08-31T18:44:35.704+0000] {processor.py:914} INFO - Processing file /home/krishnaformeera/Sumitomo/datapipeline/venv/lib/python3.11/site-packages/airflow/example_dags/example_trigger_controller_dag.py for tasks to queue
[2025-08-31T18:44:35.707+0000] {logging_mixin.py:190} INFO - [2025-08-31T18:44:35.707+0000] {dagbag.py:588} INFO - Filling up the DagBag from /home/krishnaformeera/Sumitomo/datapipeline/venv/lib/python3.11/site-packages/airflow/example_dags/example_trigger_controller_dag.py
[2025-08-31T18:44:35.716+0000] {processor.py:925} INFO - DAG(s) 'example_trigger_controller_dag' retrieved from /home/krishnaformeera/Sumitomo/datapipeline/venv/lib/python3.11/site-packages/airflow/example_dags/example_trigger_controller_dag.py
[2025-08-31T18:44:35.732+0000] {logging_mixin.py:190} INFO - [2025-08-31T18:44:35.732+0000] {dag.py:3239} INFO - Sync 1 DAGs
[2025-08-31T18:44:35.754+0000] {logging_mixin.py:190} INFO - [2025-08-31T18:44:35.753+0000] {dag.py:4180} INFO - Setting next_dagrun for example_trigger_controller_dag to 2021-01-01 00:00:00+00:00, run_after=2021-01-01 00:00:00+00:00
[2025-08-31T18:44:35.778+0000] {processor.py:208} INFO - Processing /home/krishnaformeera/Sumitomo/datapipeline/venv/lib/python3.11/site-packages/airflow/example_dags/example_trigger_controller_dag.py took 0.081 seconds
[2025-08-31T18:45:26.359+0000] {processor.py:186} INFO - Started process (PID=7382) to work on /home/krishnaformeera/Sumitomo/datapipeline/venv/lib/python3.11/site-packages/airflow/example_dags/example_trigger_controller_dag.py
[2025-08-31T18:45:26.360+0000] {processor.py:914} INFO - Processing file /home/krishnaformeera/Sumitomo/datapipeline/venv/lib/python3.11/site-packages/airflow/example_dags/example_trigger_controller_dag.py for tasks to queue
[2025-08-31T18:45:26.363+0000] {logging_mixin.py:190} INFO - [2025-08-31T18:45:26.363+0000] {dagbag.py:588} INFO - Filling up the DagBag from /home/krishnaformeera/Sumitomo/datapipeline/venv/lib/python3.11/site-packages/airflow/example_dags/example_trigger_controller_dag.py
[2025-08-31T18:45:26.370+0000] {processor.py:925} INFO - DAG(s) 'example_trigger_controller_dag' retrieved from /home/krishnaformeera/Sumitomo/datapipeline/venv/lib/python3.11/site-packages/airflow/example_dags/example_trigger_controller_dag.py
[2025-08-31T18:45:26.384+0000] {logging_mixin.py:190} INFO - [2025-08-31T18:45:26.384+0000] {dag.py:3239} INFO - Sync 1 DAGs
[2025-08-31T18:45:26.401+0000] {logging_mixin.py:190} INFO - [2025-08-31T18:45:26.401+0000] {dag.py:4180} INFO - Setting next_dagrun for example_trigger_controller_dag to 2021-01-01 00:00:00+00:00, run_after=2021-01-01 00:00:00+00:00
[2025-08-31T18:45:26.423+0000] {processor.py:208} INFO - Processing /home/krishnaformeera/Sumitomo/datapipeline/venv/lib/python3.11/site-packages/airflow/example_dags/example_trigger_controller_dag.py took 0.070 seconds
[2025-08-31T18:46:19.235+0000] {processor.py:186} INFO - Started process (PID=7638) to work on /home/krishnaformeera/Sumitomo/datapipeline/venv/lib/python3.11/site-packages/airflow/example_dags/example_trigger_controller_dag.py
[2025-08-31T18:46:19.238+0000] {processor.py:914} INFO - Processing file /home/krishnaformeera/Sumitomo/datapipeline/venv/lib/python3.11/site-packages/airflow/example_dags/example_trigger_controller_dag.py for tasks to queue
[2025-08-31T18:46:19.241+0000] {logging_mixin.py:190} INFO - [2025-08-31T18:46:19.241+0000] {dagbag.py:588} INFO - Filling up the DagBag from /home/krishnaformeera/Sumitomo/datapipeline/venv/lib/python3.11/site-packages/airflow/example_dags/example_trigger_controller_dag.py
[2025-08-31T18:46:19.250+0000] {processor.py:925} INFO - DAG(s) 'example_trigger_controller_dag' retrieved from /home/krishnaformeera/Sumitomo/datapipeline/venv/lib/python3.11/site-packages/airflow/example_dags/example_trigger_controller_dag.py
[2025-08-31T18:46:19.267+0000] {logging_mixin.py:190} INFO - [2025-08-31T18:46:19.266+0000] {dag.py:3239} INFO - Sync 1 DAGs
[2025-08-31T18:46:19.288+0000] {logging_mixin.py:190} INFO - [2025-08-31T18:46:19.288+0000] {dag.py:4180} INFO - Setting next_dagrun for example_trigger_controller_dag to 2021-01-01 00:00:00+00:00, run_after=2021-01-01 00:00:00+00:00
[2025-08-31T18:46:19.313+0000] {processor.py:208} INFO - Processing /home/krishnaformeera/Sumitomo/datapipeline/venv/lib/python3.11/site-packages/airflow/example_dags/example_trigger_controller_dag.py took 0.085 seconds
[2025-08-31T18:47:11.326+0000] {processor.py:186} INFO - Started process (PID=7778) to work on /home/krishnaformeera/Sumitomo/datapipeline/venv/lib/python3.11/site-packages/airflow/example_dags/example_trigger_controller_dag.py
[2025-08-31T18:47:11.327+0000] {processor.py:914} INFO - Processing file /home/krishnaformeera/Sumitomo/datapipeline/venv/lib/python3.11/site-packages/airflow/example_dags/example_trigger_controller_dag.py for tasks to queue
[2025-08-31T18:47:11.330+0000] {logging_mixin.py:190} INFO - [2025-08-31T18:47:11.330+0000] {dagbag.py:588} INFO - Filling up the DagBag from /home/krishnaformeera/Sumitomo/datapipeline/venv/lib/python3.11/site-packages/airflow/example_dags/example_trigger_controller_dag.py
[2025-08-31T18:47:11.337+0000] {processor.py:925} INFO - DAG(s) 'example_trigger_controller_dag' retrieved from /home/krishnaformeera/Sumitomo/datapipeline/venv/lib/python3.11/site-packages/airflow/example_dags/example_trigger_controller_dag.py
[2025-08-31T18:47:11.351+0000] {logging_mixin.py:190} INFO - [2025-08-31T18:47:11.351+0000] {dag.py:3239} INFO - Sync 1 DAGs
[2025-08-31T18:47:11.369+0000] {logging_mixin.py:190} INFO - [2025-08-31T18:47:11.368+0000] {dag.py:4180} INFO - Setting next_dagrun for example_trigger_controller_dag to 2021-01-01 00:00:00+00:00, run_after=2021-01-01 00:00:00+00:00
[2025-08-31T18:47:11.388+0000] {processor.py:208} INFO - Processing /home/krishnaformeera/Sumitomo/datapipeline/venv/lib/python3.11/site-packages/airflow/example_dags/example_trigger_controller_dag.py took 0.068 seconds
[2025-08-31T18:48:02.371+0000] {processor.py:186} INFO - Started process (PID=7834) to work on /home/krishnaformeera/Sumitomo/datapipeline/venv/lib/python3.11/site-packages/airflow/example_dags/example_trigger_controller_dag.py
[2025-08-31T18:48:02.373+0000] {processor.py:914} INFO - Processing file /home/krishnaformeera/Sumitomo/datapipeline/venv/lib/python3.11/site-packages/airflow/example_dags/example_trigger_controller_dag.py for tasks to queue
[2025-08-31T18:48:02.377+0000] {logging_mixin.py:190} INFO - [2025-08-31T18:48:02.376+0000] {dagbag.py:588} INFO - Filling up the DagBag from /home/krishnaformeera/Sumitomo/datapipeline/venv/lib/python3.11/site-packages/airflow/example_dags/example_trigger_controller_dag.py
[2025-08-31T18:48:02.385+0000] {processor.py:925} INFO - DAG(s) 'example_trigger_controller_dag' retrieved from /home/krishnaformeera/Sumitomo/datapipeline/venv/lib/python3.11/site-packages/airflow/example_dags/example_trigger_controller_dag.py
[2025-08-31T18:48:02.401+0000] {logging_mixin.py:190} INFO - [2025-08-31T18:48:02.401+0000] {dag.py:3239} INFO - Sync 1 DAGs
[2025-08-31T18:48:02.421+0000] {logging_mixin.py:190} INFO - [2025-08-31T18:48:02.421+0000] {dag.py:4180} INFO - Setting next_dagrun for example_trigger_controller_dag to 2021-01-01 00:00:00+00:00, run_after=2021-01-01 00:00:00+00:00
[2025-08-31T18:48:02.443+0000] {processor.py:208} INFO - Processing /home/krishnaformeera/Sumitomo/datapipeline/venv/lib/python3.11/site-packages/airflow/example_dags/example_trigger_controller_dag.py took 0.080 seconds
[2025-08-31T18:48:52.026+0000] {processor.py:186} INFO - Started process (PID=7889) to work on /home/krishnaformeera/Sumitomo/datapipeline/venv/lib/python3.11/site-packages/airflow/example_dags/example_trigger_controller_dag.py
[2025-08-31T18:48:52.027+0000] {processor.py:914} INFO - Processing file /home/krishnaformeera/Sumitomo/datapipeline/venv/lib/python3.11/site-packages/airflow/example_dags/example_trigger_controller_dag.py for tasks to queue
[2025-08-31T18:48:52.030+0000] {logging_mixin.py:190} INFO - [2025-08-31T18:48:52.030+0000] {dagbag.py:588} INFO - Filling up the DagBag from /home/krishnaformeera/Sumitomo/datapipeline/venv/lib/python3.11/site-packages/airflow/example_dags/example_trigger_controller_dag.py
[2025-08-31T18:48:52.037+0000] {processor.py:925} INFO - DAG(s) 'example_trigger_controller_dag' retrieved from /home/krishnaformeera/Sumitomo/datapipeline/venv/lib/python3.11/site-packages/airflow/example_dags/example_trigger_controller_dag.py
[2025-08-31T18:48:52.052+0000] {logging_mixin.py:190} INFO - [2025-08-31T18:48:52.052+0000] {dag.py:3239} INFO - Sync 1 DAGs
[2025-08-31T18:48:52.070+0000] {logging_mixin.py:190} INFO - [2025-08-31T18:48:52.070+0000] {dag.py:4180} INFO - Setting next_dagrun for example_trigger_controller_dag to 2021-01-01 00:00:00+00:00, run_after=2021-01-01 00:00:00+00:00
[2025-08-31T18:48:52.090+0000] {processor.py:208} INFO - Processing /home/krishnaformeera/Sumitomo/datapipeline/venv/lib/python3.11/site-packages/airflow/example_dags/example_trigger_controller_dag.py took 0.071 seconds
[2025-08-31T18:49:42.898+0000] {processor.py:186} INFO - Started process (PID=7956) to work on /home/krishnaformeera/Sumitomo/datapipeline/venv/lib/python3.11/site-packages/airflow/example_dags/example_trigger_controller_dag.py
[2025-08-31T18:49:42.900+0000] {processor.py:914} INFO - Processing file /home/krishnaformeera/Sumitomo/datapipeline/venv/lib/python3.11/site-packages/airflow/example_dags/example_trigger_controller_dag.py for tasks to queue
[2025-08-31T18:49:42.904+0000] {logging_mixin.py:190} INFO - [2025-08-31T18:49:42.903+0000] {dagbag.py:588} INFO - Filling up the DagBag from /home/krishnaformeera/Sumitomo/datapipeline/venv/lib/python3.11/site-packages/airflow/example_dags/example_trigger_controller_dag.py
[2025-08-31T18:49:42.912+0000] {processor.py:925} INFO - DAG(s) 'example_trigger_controller_dag' retrieved from /home/krishnaformeera/Sumitomo/datapipeline/venv/lib/python3.11/site-packages/airflow/example_dags/example_trigger_controller_dag.py
[2025-08-31T18:49:42.933+0000] {logging_mixin.py:190} INFO - [2025-08-31T18:49:42.932+0000] {dag.py:3239} INFO - Sync 1 DAGs
[2025-08-31T18:49:42.963+0000] {logging_mixin.py:190} INFO - [2025-08-31T18:49:42.962+0000] {dag.py:4180} INFO - Setting next_dagrun for example_trigger_controller_dag to 2021-01-01 00:00:00+00:00, run_after=2021-01-01 00:00:00+00:00
[2025-08-31T18:49:42.993+0000] {processor.py:208} INFO - Processing /home/krishnaformeera/Sumitomo/datapipeline/venv/lib/python3.11/site-packages/airflow/example_dags/example_trigger_controller_dag.py took 0.103 seconds
[2025-08-31T18:50:36.676+0000] {processor.py:186} INFO - Started process (PID=8067) to work on /home/krishnaformeera/Sumitomo/datapipeline/venv/lib/python3.11/site-packages/airflow/example_dags/example_trigger_controller_dag.py
[2025-08-31T18:50:36.677+0000] {processor.py:914} INFO - Processing file /home/krishnaformeera/Sumitomo/datapipeline/venv/lib/python3.11/site-packages/airflow/example_dags/example_trigger_controller_dag.py for tasks to queue
[2025-08-31T18:50:36.680+0000] {logging_mixin.py:190} INFO - [2025-08-31T18:50:36.680+0000] {dagbag.py:588} INFO - Filling up the DagBag from /home/krishnaformeera/Sumitomo/datapipeline/venv/lib/python3.11/site-packages/airflow/example_dags/example_trigger_controller_dag.py
[2025-08-31T18:50:36.687+0000] {processor.py:925} INFO - DAG(s) 'example_trigger_controller_dag' retrieved from /home/krishnaformeera/Sumitomo/datapipeline/venv/lib/python3.11/site-packages/airflow/example_dags/example_trigger_controller_dag.py
[2025-08-31T18:50:36.701+0000] {logging_mixin.py:190} INFO - [2025-08-31T18:50:36.701+0000] {dag.py:3239} INFO - Sync 1 DAGs
[2025-08-31T18:50:36.724+0000] {logging_mixin.py:190} INFO - [2025-08-31T18:50:36.724+0000] {dag.py:4180} INFO - Setting next_dagrun for example_trigger_controller_dag to 2021-01-01 00:00:00+00:00, run_after=2021-01-01 00:00:00+00:00
[2025-08-31T18:50:36.747+0000] {processor.py:208} INFO - Processing /home/krishnaformeera/Sumitomo/datapipeline/venv/lib/python3.11/site-packages/airflow/example_dags/example_trigger_controller_dag.py took 0.078 seconds
[2025-08-31T18:51:28.248+0000] {processor.py:186} INFO - Started process (PID=8147) to work on /home/krishnaformeera/Sumitomo/datapipeline/venv/lib/python3.11/site-packages/airflow/example_dags/example_trigger_controller_dag.py
[2025-08-31T18:51:28.249+0000] {processor.py:914} INFO - Processing file /home/krishnaformeera/Sumitomo/datapipeline/venv/lib/python3.11/site-packages/airflow/example_dags/example_trigger_controller_dag.py for tasks to queue
[2025-08-31T18:51:28.252+0000] {logging_mixin.py:190} INFO - [2025-08-31T18:51:28.252+0000] {dagbag.py:588} INFO - Filling up the DagBag from /home/krishnaformeera/Sumitomo/datapipeline/venv/lib/python3.11/site-packages/airflow/example_dags/example_trigger_controller_dag.py
[2025-08-31T18:51:28.260+0000] {processor.py:925} INFO - DAG(s) 'example_trigger_controller_dag' retrieved from /home/krishnaformeera/Sumitomo/datapipeline/venv/lib/python3.11/site-packages/airflow/example_dags/example_trigger_controller_dag.py
[2025-08-31T18:51:28.278+0000] {logging_mixin.py:190} INFO - [2025-08-31T18:51:28.278+0000] {dag.py:3239} INFO - Sync 1 DAGs
[2025-08-31T18:51:28.299+0000] {logging_mixin.py:190} INFO - [2025-08-31T18:51:28.298+0000] {dag.py:4180} INFO - Setting next_dagrun for example_trigger_controller_dag to 2021-01-01 00:00:00+00:00, run_after=2021-01-01 00:00:00+00:00
[2025-08-31T18:51:28.326+0000] {processor.py:208} INFO - Processing /home/krishnaformeera/Sumitomo/datapipeline/venv/lib/python3.11/site-packages/airflow/example_dags/example_trigger_controller_dag.py took 0.084 seconds
[2025-08-31T18:52:17.782+0000] {processor.py:186} INFO - Started process (PID=8222) to work on /home/krishnaformeera/Sumitomo/datapipeline/venv/lib/python3.11/site-packages/airflow/example_dags/example_trigger_controller_dag.py
[2025-08-31T18:52:17.783+0000] {processor.py:914} INFO - Processing file /home/krishnaformeera/Sumitomo/datapipeline/venv/lib/python3.11/site-packages/airflow/example_dags/example_trigger_controller_dag.py for tasks to queue
[2025-08-31T18:52:17.786+0000] {logging_mixin.py:190} INFO - [2025-08-31T18:52:17.785+0000] {dagbag.py:588} INFO - Filling up the DagBag from /home/krishnaformeera/Sumitomo/datapipeline/venv/lib/python3.11/site-packages/airflow/example_dags/example_trigger_controller_dag.py
[2025-08-31T18:52:17.795+0000] {processor.py:925} INFO - DAG(s) 'example_trigger_controller_dag' retrieved from /home/krishnaformeera/Sumitomo/datapipeline/venv/lib/python3.11/site-packages/airflow/example_dags/example_trigger_controller_dag.py
[2025-08-31T18:52:17.813+0000] {logging_mixin.py:190} INFO - [2025-08-31T18:52:17.813+0000] {dag.py:3239} INFO - Sync 1 DAGs
[2025-08-31T18:52:17.836+0000] {logging_mixin.py:190} INFO - [2025-08-31T18:52:17.836+0000] {dag.py:4180} INFO - Setting next_dagrun for example_trigger_controller_dag to 2021-01-01 00:00:00+00:00, run_after=2021-01-01 00:00:00+00:00
[2025-08-31T18:52:17.862+0000] {processor.py:208} INFO - Processing /home/krishnaformeera/Sumitomo/datapipeline/venv/lib/python3.11/site-packages/airflow/example_dags/example_trigger_controller_dag.py took 0.087 seconds
[2025-08-31T18:53:06.011+0000] {processor.py:186} INFO - Started process (PID=8277) to work on /home/krishnaformeera/Sumitomo/datapipeline/venv/lib/python3.11/site-packages/airflow/example_dags/example_trigger_controller_dag.py
[2025-08-31T18:53:06.012+0000] {processor.py:914} INFO - Processing file /home/krishnaformeera/Sumitomo/datapipeline/venv/lib/python3.11/site-packages/airflow/example_dags/example_trigger_controller_dag.py for tasks to queue
[2025-08-31T18:53:06.016+0000] {logging_mixin.py:190} INFO - [2025-08-31T18:53:06.015+0000] {dagbag.py:588} INFO - Filling up the DagBag from /home/krishnaformeera/Sumitomo/datapipeline/venv/lib/python3.11/site-packages/airflow/example_dags/example_trigger_controller_dag.py
[2025-08-31T18:53:06.025+0000] {processor.py:925} INFO - DAG(s) 'example_trigger_controller_dag' retrieved from /home/krishnaformeera/Sumitomo/datapipeline/venv/lib/python3.11/site-packages/airflow/example_dags/example_trigger_controller_dag.py
[2025-08-31T18:53:06.044+0000] {logging_mixin.py:190} INFO - [2025-08-31T18:53:06.043+0000] {dag.py:3239} INFO - Sync 1 DAGs
[2025-08-31T18:53:06.065+0000] {logging_mixin.py:190} INFO - [2025-08-31T18:53:06.064+0000] {dag.py:4180} INFO - Setting next_dagrun for example_trigger_controller_dag to 2021-01-01 00:00:00+00:00, run_after=2021-01-01 00:00:00+00:00
[2025-08-31T18:53:06.091+0000] {processor.py:208} INFO - Processing /home/krishnaformeera/Sumitomo/datapipeline/venv/lib/python3.11/site-packages/airflow/example_dags/example_trigger_controller_dag.py took 0.088 seconds
[2025-08-31T18:53:55.068+0000] {processor.py:186} INFO - Started process (PID=8471) to work on /home/krishnaformeera/Sumitomo/datapipeline/venv/lib/python3.11/site-packages/airflow/example_dags/example_trigger_controller_dag.py
[2025-08-31T18:53:55.069+0000] {processor.py:914} INFO - Processing file /home/krishnaformeera/Sumitomo/datapipeline/venv/lib/python3.11/site-packages/airflow/example_dags/example_trigger_controller_dag.py for tasks to queue
[2025-08-31T18:53:55.072+0000] {logging_mixin.py:190} INFO - [2025-08-31T18:53:55.072+0000] {dagbag.py:588} INFO - Filling up the DagBag from /home/krishnaformeera/Sumitomo/datapipeline/venv/lib/python3.11/site-packages/airflow/example_dags/example_trigger_controller_dag.py
[2025-08-31T18:53:55.082+0000] {processor.py:925} INFO - DAG(s) 'example_trigger_controller_dag' retrieved from /home/krishnaformeera/Sumitomo/datapipeline/venv/lib/python3.11/site-packages/airflow/example_dags/example_trigger_controller_dag.py
[2025-08-31T18:53:55.098+0000] {logging_mixin.py:190} INFO - [2025-08-31T18:53:55.098+0000] {dag.py:3239} INFO - Sync 1 DAGs
[2025-08-31T18:53:55.118+0000] {logging_mixin.py:190} INFO - [2025-08-31T18:53:55.117+0000] {dag.py:4180} INFO - Setting next_dagrun for example_trigger_controller_dag to 2021-01-01 00:00:00+00:00, run_after=2021-01-01 00:00:00+00:00
[2025-08-31T18:53:55.143+0000] {processor.py:208} INFO - Processing /home/krishnaformeera/Sumitomo/datapipeline/venv/lib/python3.11/site-packages/airflow/example_dags/example_trigger_controller_dag.py took 0.082 seconds
[2025-08-31T18:54:44.056+0000] {processor.py:186} INFO - Started process (PID=8521) to work on /home/krishnaformeera/Sumitomo/datapipeline/venv/lib/python3.11/site-packages/airflow/example_dags/example_trigger_controller_dag.py
[2025-08-31T18:54:44.057+0000] {processor.py:914} INFO - Processing file /home/krishnaformeera/Sumitomo/datapipeline/venv/lib/python3.11/site-packages/airflow/example_dags/example_trigger_controller_dag.py for tasks to queue
[2025-08-31T18:54:44.060+0000] {logging_mixin.py:190} INFO - [2025-08-31T18:54:44.059+0000] {dagbag.py:588} INFO - Filling up the DagBag from /home/krishnaformeera/Sumitomo/datapipeline/venv/lib/python3.11/site-packages/airflow/example_dags/example_trigger_controller_dag.py
[2025-08-31T18:54:44.067+0000] {processor.py:925} INFO - DAG(s) 'example_trigger_controller_dag' retrieved from /home/krishnaformeera/Sumitomo/datapipeline/venv/lib/python3.11/site-packages/airflow/example_dags/example_trigger_controller_dag.py
[2025-08-31T18:54:44.084+0000] {logging_mixin.py:190} INFO - [2025-08-31T18:54:44.083+0000] {dag.py:3239} INFO - Sync 1 DAGs
[2025-08-31T18:54:44.104+0000] {logging_mixin.py:190} INFO - [2025-08-31T18:54:44.103+0000] {dag.py:4180} INFO - Setting next_dagrun for example_trigger_controller_dag to 2021-01-01 00:00:00+00:00, run_after=2021-01-01 00:00:00+00:00
[2025-08-31T18:54:44.126+0000] {processor.py:208} INFO - Processing /home/krishnaformeera/Sumitomo/datapipeline/venv/lib/python3.11/site-packages/airflow/example_dags/example_trigger_controller_dag.py took 0.078 seconds
[2025-08-31T18:55:37.414+0000] {processor.py:186} INFO - Started process (PID=8601) to work on /home/krishnaformeera/Sumitomo/datapipeline/venv/lib/python3.11/site-packages/airflow/example_dags/example_trigger_controller_dag.py
[2025-08-31T18:55:37.415+0000] {processor.py:914} INFO - Processing file /home/krishnaformeera/Sumitomo/datapipeline/venv/lib/python3.11/site-packages/airflow/example_dags/example_trigger_controller_dag.py for tasks to queue
[2025-08-31T18:55:37.419+0000] {logging_mixin.py:190} INFO - [2025-08-31T18:55:37.418+0000] {dagbag.py:588} INFO - Filling up the DagBag from /home/krishnaformeera/Sumitomo/datapipeline/venv/lib/python3.11/site-packages/airflow/example_dags/example_trigger_controller_dag.py
[2025-08-31T18:55:37.427+0000] {processor.py:925} INFO - DAG(s) 'example_trigger_controller_dag' retrieved from /home/krishnaformeera/Sumitomo/datapipeline/venv/lib/python3.11/site-packages/airflow/example_dags/example_trigger_controller_dag.py
[2025-08-31T18:55:37.443+0000] {logging_mixin.py:190} INFO - [2025-08-31T18:55:37.443+0000] {dag.py:3239} INFO - Sync 1 DAGs
[2025-08-31T18:55:37.463+0000] {logging_mixin.py:190} INFO - [2025-08-31T18:55:37.463+0000] {dag.py:4180} INFO - Setting next_dagrun for example_trigger_controller_dag to 2021-01-01 00:00:00+00:00, run_after=2021-01-01 00:00:00+00:00
[2025-08-31T18:55:37.488+0000] {processor.py:208} INFO - Processing /home/krishnaformeera/Sumitomo/datapipeline/venv/lib/python3.11/site-packages/airflow/example_dags/example_trigger_controller_dag.py took 0.083 seconds
[2025-08-31T18:56:31.571+0000] {processor.py:186} INFO - Started process (PID=8670) to work on /home/krishnaformeera/Sumitomo/datapipeline/venv/lib/python3.11/site-packages/airflow/example_dags/example_trigger_controller_dag.py
[2025-08-31T18:56:31.572+0000] {processor.py:914} INFO - Processing file /home/krishnaformeera/Sumitomo/datapipeline/venv/lib/python3.11/site-packages/airflow/example_dags/example_trigger_controller_dag.py for tasks to queue
[2025-08-31T18:56:31.575+0000] {logging_mixin.py:190} INFO - [2025-08-31T18:56:31.575+0000] {dagbag.py:588} INFO - Filling up the DagBag from /home/krishnaformeera/Sumitomo/datapipeline/venv/lib/python3.11/site-packages/airflow/example_dags/example_trigger_controller_dag.py
[2025-08-31T18:56:31.583+0000] {processor.py:925} INFO - DAG(s) 'example_trigger_controller_dag' retrieved from /home/krishnaformeera/Sumitomo/datapipeline/venv/lib/python3.11/site-packages/airflow/example_dags/example_trigger_controller_dag.py
[2025-08-31T18:56:31.597+0000] {logging_mixin.py:190} INFO - [2025-08-31T18:56:31.597+0000] {dag.py:3239} INFO - Sync 1 DAGs
[2025-08-31T18:56:31.615+0000] {logging_mixin.py:190} INFO - [2025-08-31T18:56:31.615+0000] {dag.py:4180} INFO - Setting next_dagrun for example_trigger_controller_dag to 2021-01-01 00:00:00+00:00, run_after=2021-01-01 00:00:00+00:00
[2025-08-31T18:56:31.637+0000] {processor.py:208} INFO - Processing /home/krishnaformeera/Sumitomo/datapipeline/venv/lib/python3.11/site-packages/airflow/example_dags/example_trigger_controller_dag.py took 0.072 seconds
[2025-08-31T18:57:24.342+0000] {processor.py:186} INFO - Started process (PID=8723) to work on /home/krishnaformeera/Sumitomo/datapipeline/venv/lib/python3.11/site-packages/airflow/example_dags/example_trigger_controller_dag.py
[2025-08-31T18:57:24.343+0000] {processor.py:914} INFO - Processing file /home/krishnaformeera/Sumitomo/datapipeline/venv/lib/python3.11/site-packages/airflow/example_dags/example_trigger_controller_dag.py for tasks to queue
[2025-08-31T18:57:24.346+0000] {logging_mixin.py:190} INFO - [2025-08-31T18:57:24.345+0000] {dagbag.py:588} INFO - Filling up the DagBag from /home/krishnaformeera/Sumitomo/datapipeline/venv/lib/python3.11/site-packages/airflow/example_dags/example_trigger_controller_dag.py
[2025-08-31T18:57:24.353+0000] {processor.py:925} INFO - DAG(s) 'example_trigger_controller_dag' retrieved from /home/krishnaformeera/Sumitomo/datapipeline/venv/lib/python3.11/site-packages/airflow/example_dags/example_trigger_controller_dag.py
[2025-08-31T18:57:24.369+0000] {logging_mixin.py:190} INFO - [2025-08-31T18:57:24.368+0000] {dag.py:3239} INFO - Sync 1 DAGs
[2025-08-31T18:57:24.387+0000] {logging_mixin.py:190} INFO - [2025-08-31T18:57:24.386+0000] {dag.py:4180} INFO - Setting next_dagrun for example_trigger_controller_dag to 2021-01-01 00:00:00+00:00, run_after=2021-01-01 00:00:00+00:00
[2025-08-31T18:57:24.408+0000] {processor.py:208} INFO - Processing /home/krishnaformeera/Sumitomo/datapipeline/venv/lib/python3.11/site-packages/airflow/example_dags/example_trigger_controller_dag.py took 0.073 seconds
[2025-08-31T18:58:17.220+0000] {processor.py:186} INFO - Started process (PID=8777) to work on /home/krishnaformeera/Sumitomo/datapipeline/venv/lib/python3.11/site-packages/airflow/example_dags/example_trigger_controller_dag.py
[2025-08-31T18:58:17.221+0000] {processor.py:914} INFO - Processing file /home/krishnaformeera/Sumitomo/datapipeline/venv/lib/python3.11/site-packages/airflow/example_dags/example_trigger_controller_dag.py for tasks to queue
[2025-08-31T18:58:17.225+0000] {logging_mixin.py:190} INFO - [2025-08-31T18:58:17.224+0000] {dagbag.py:588} INFO - Filling up the DagBag from /home/krishnaformeera/Sumitomo/datapipeline/venv/lib/python3.11/site-packages/airflow/example_dags/example_trigger_controller_dag.py
[2025-08-31T18:58:17.232+0000] {processor.py:925} INFO - DAG(s) 'example_trigger_controller_dag' retrieved from /home/krishnaformeera/Sumitomo/datapipeline/venv/lib/python3.11/site-packages/airflow/example_dags/example_trigger_controller_dag.py
[2025-08-31T18:58:17.250+0000] {logging_mixin.py:190} INFO - [2025-08-31T18:58:17.249+0000] {dag.py:3239} INFO - Sync 1 DAGs
[2025-08-31T18:58:17.270+0000] {logging_mixin.py:190} INFO - [2025-08-31T18:58:17.270+0000] {dag.py:4180} INFO - Setting next_dagrun for example_trigger_controller_dag to 2021-01-01 00:00:00+00:00, run_after=2021-01-01 00:00:00+00:00
[2025-08-31T18:58:17.295+0000] {processor.py:208} INFO - Processing /home/krishnaformeera/Sumitomo/datapipeline/venv/lib/python3.11/site-packages/airflow/example_dags/example_trigger_controller_dag.py took 0.085 seconds
[2025-08-31T18:59:09.699+0000] {processor.py:186} INFO - Started process (PID=8831) to work on /home/krishnaformeera/Sumitomo/datapipeline/venv/lib/python3.11/site-packages/airflow/example_dags/example_trigger_controller_dag.py
[2025-08-31T18:59:09.700+0000] {processor.py:914} INFO - Processing file /home/krishnaformeera/Sumitomo/datapipeline/venv/lib/python3.11/site-packages/airflow/example_dags/example_trigger_controller_dag.py for tasks to queue
[2025-08-31T18:59:09.703+0000] {logging_mixin.py:190} INFO - [2025-08-31T18:59:09.703+0000] {dagbag.py:588} INFO - Filling up the DagBag from /home/krishnaformeera/Sumitomo/datapipeline/venv/lib/python3.11/site-packages/airflow/example_dags/example_trigger_controller_dag.py
[2025-08-31T18:59:09.710+0000] {processor.py:925} INFO - DAG(s) 'example_trigger_controller_dag' retrieved from /home/krishnaformeera/Sumitomo/datapipeline/venv/lib/python3.11/site-packages/airflow/example_dags/example_trigger_controller_dag.py
[2025-08-31T18:59:09.725+0000] {logging_mixin.py:190} INFO - [2025-08-31T18:59:09.724+0000] {dag.py:3239} INFO - Sync 1 DAGs
[2025-08-31T18:59:09.742+0000] {logging_mixin.py:190} INFO - [2025-08-31T18:59:09.742+0000] {dag.py:4180} INFO - Setting next_dagrun for example_trigger_controller_dag to 2021-01-01 00:00:00+00:00, run_after=2021-01-01 00:00:00+00:00
[2025-08-31T18:59:09.763+0000] {processor.py:208} INFO - Processing /home/krishnaformeera/Sumitomo/datapipeline/venv/lib/python3.11/site-packages/airflow/example_dags/example_trigger_controller_dag.py took 0.074 seconds
