[2025-08-31T18:31:05.314+0000] {processor.py:186} INFO - Started process (PID=5231) to work on /home/krishnaformeera/Sumitomo/datapipeline/venv/lib/python3.11/site-packages/airflow/example_dags/example_python_decorator.py
[2025-08-31T18:31:05.315+0000] {processor.py:914} INFO - Processing file /home/krishnaformeera/Sumitomo/datapipeline/venv/lib/python3.11/site-packages/airflow/example_dags/example_python_decorator.py for tasks to queue
[2025-08-31T18:31:05.317+0000] {logging_mixin.py:190} INFO - [2025-08-31T18:31:05.317+0000] {dagbag.py:588} INFO - Filling up the DagBag from /home/krishnaformeera/Sumitomo/datapipeline/venv/lib/python3.11/site-packages/airflow/example_dags/example_python_decorator.py
[2025-08-31T18:31:05.326+0000] {logging_mixin.py:190} INFO - [2025-08-31T18:31:05.326+0000] {example_python_decorator.py:80} WARNING - The virtalenv_python example task requires virtualenv, please install it.
[2025-08-31T18:31:05.328+0000] {processor.py:925} INFO - DAG(s) 'example_python_decorator' retrieved from /home/krishnaformeera/Sumitomo/datapipeline/venv/lib/python3.11/site-packages/airflow/example_dags/example_python_decorator.py
[2025-08-31T18:31:05.423+0000] {logging_mixin.py:190} INFO - [2025-08-31T18:31:05.423+0000] {override.py:1900} INFO - Created Permission View: can edit on DAG:example_python_decorator
[2025-08-31T18:31:05.436+0000] {logging_mixin.py:190} INFO - [2025-08-31T18:31:05.435+0000] {override.py:1900} INFO - Created Permission View: can read on DAG:example_python_decorator
[2025-08-31T18:31:05.445+0000] {logging_mixin.py:190} INFO - [2025-08-31T18:31:05.445+0000] {override.py:1900} INFO - Created Permission View: can delete on DAG:example_python_decorator
[2025-08-31T18:31:05.470+0000] {logging_mixin.py:190} INFO - [2025-08-31T18:31:05.469+0000] {override.py:1900} INFO - Created Permission View: menu access on DAG Run:example_python_decorator
[2025-08-31T18:31:05.480+0000] {logging_mixin.py:190} INFO - [2025-08-31T18:31:05.479+0000] {override.py:1900} INFO - Created Permission View: can read on DAG Run:example_python_decorator
[2025-08-31T18:31:05.489+0000] {logging_mixin.py:190} INFO - [2025-08-31T18:31:05.489+0000] {override.py:1900} INFO - Created Permission View: can create on DAG Run:example_python_decorator
[2025-08-31T18:31:05.500+0000] {logging_mixin.py:190} INFO - [2025-08-31T18:31:05.499+0000] {override.py:1900} INFO - Created Permission View: can delete on DAG Run:example_python_decorator
[2025-08-31T18:31:05.500+0000] {logging_mixin.py:190} INFO - [2025-08-31T18:31:05.500+0000] {dag.py:3239} INFO - Sync 1 DAGs
[2025-08-31T18:31:05.513+0000] {logging_mixin.py:190} INFO - [2025-08-31T18:31:05.512+0000] {dag.py:3262} INFO - Creating ORM DAG for example_python_decorator
[2025-08-31T18:31:05.513+0000] {logging_mixin.py:190} INFO - [2025-08-31T18:31:05.513+0000] {dag.py:4180} INFO - Setting next_dagrun for example_python_decorator to None, run_after=None
[2025-08-31T18:31:05.531+0000] {processor.py:208} INFO - Processing /home/krishnaformeera/Sumitomo/datapipeline/venv/lib/python3.11/site-packages/airflow/example_dags/example_python_decorator.py took 0.223 seconds
[2025-08-31T18:32:08.353+0000] {processor.py:186} INFO - Started process (PID=5303) to work on /home/krishnaformeera/Sumitomo/datapipeline/venv/lib/python3.11/site-packages/airflow/example_dags/example_python_decorator.py
[2025-08-31T18:32:08.355+0000] {processor.py:914} INFO - Processing file /home/krishnaformeera/Sumitomo/datapipeline/venv/lib/python3.11/site-packages/airflow/example_dags/example_python_decorator.py for tasks to queue
[2025-08-31T18:32:08.357+0000] {logging_mixin.py:190} INFO - [2025-08-31T18:32:08.356+0000] {dagbag.py:588} INFO - Filling up the DagBag from /home/krishnaformeera/Sumitomo/datapipeline/venv/lib/python3.11/site-packages/airflow/example_dags/example_python_decorator.py
[2025-08-31T18:32:08.365+0000] {logging_mixin.py:190} INFO - [2025-08-31T18:32:08.365+0000] {example_python_decorator.py:80} WARNING - The virtalenv_python example task requires virtualenv, please install it.
[2025-08-31T18:32:08.368+0000] {processor.py:925} INFO - DAG(s) 'example_python_decorator' retrieved from /home/krishnaformeera/Sumitomo/datapipeline/venv/lib/python3.11/site-packages/airflow/example_dags/example_python_decorator.py
[2025-08-31T18:32:08.384+0000] {logging_mixin.py:190} INFO - [2025-08-31T18:32:08.383+0000] {dag.py:3239} INFO - Sync 1 DAGs
[2025-08-31T18:32:08.396+0000] {logging_mixin.py:190} INFO - [2025-08-31T18:32:08.396+0000] {dag.py:4180} INFO - Setting next_dagrun for example_python_decorator to None, run_after=None
[2025-08-31T18:32:08.417+0000] {processor.py:208} INFO - Processing /home/krishnaformeera/Sumitomo/datapipeline/venv/lib/python3.11/site-packages/airflow/example_dags/example_python_decorator.py took 0.071 seconds
[2025-08-31T18:33:06.181+0000] {processor.py:186} INFO - Started process (PID=5363) to work on /home/krishnaformeera/Sumitomo/datapipeline/venv/lib/python3.11/site-packages/airflow/example_dags/example_python_decorator.py
[2025-08-31T18:33:06.182+0000] {processor.py:914} INFO - Processing file /home/krishnaformeera/Sumitomo/datapipeline/venv/lib/python3.11/site-packages/airflow/example_dags/example_python_decorator.py for tasks to queue
[2025-08-31T18:33:06.185+0000] {logging_mixin.py:190} INFO - [2025-08-31T18:33:06.184+0000] {dagbag.py:588} INFO - Filling up the DagBag from /home/krishnaformeera/Sumitomo/datapipeline/venv/lib/python3.11/site-packages/airflow/example_dags/example_python_decorator.py
[2025-08-31T18:33:06.195+0000] {logging_mixin.py:190} INFO - [2025-08-31T18:33:06.195+0000] {example_python_decorator.py:80} WARNING - The virtalenv_python example task requires virtualenv, please install it.
[2025-08-31T18:33:06.198+0000] {processor.py:925} INFO - DAG(s) 'example_python_decorator' retrieved from /home/krishnaformeera/Sumitomo/datapipeline/venv/lib/python3.11/site-packages/airflow/example_dags/example_python_decorator.py
[2025-08-31T18:33:06.218+0000] {logging_mixin.py:190} INFO - [2025-08-31T18:33:06.218+0000] {dag.py:3239} INFO - Sync 1 DAGs
[2025-08-31T18:33:06.232+0000] {logging_mixin.py:190} INFO - [2025-08-31T18:33:06.232+0000] {dag.py:4180} INFO - Setting next_dagrun for example_python_decorator to None, run_after=None
[2025-08-31T18:33:06.258+0000] {processor.py:208} INFO - Processing /home/krishnaformeera/Sumitomo/datapipeline/venv/lib/python3.11/site-packages/airflow/example_dags/example_python_decorator.py took 0.084 seconds
[2025-08-31T18:34:02.795+0000] {processor.py:186} INFO - Started process (PID=5419) to work on /home/krishnaformeera/Sumitomo/datapipeline/venv/lib/python3.11/site-packages/airflow/example_dags/example_python_decorator.py
[2025-08-31T18:34:02.797+0000] {processor.py:914} INFO - Processing file /home/krishnaformeera/Sumitomo/datapipeline/venv/lib/python3.11/site-packages/airflow/example_dags/example_python_decorator.py for tasks to queue
[2025-08-31T18:34:02.799+0000] {logging_mixin.py:190} INFO - [2025-08-31T18:34:02.799+0000] {dagbag.py:588} INFO - Filling up the DagBag from /home/krishnaformeera/Sumitomo/datapipeline/venv/lib/python3.11/site-packages/airflow/example_dags/example_python_decorator.py
[2025-08-31T18:34:02.809+0000] {logging_mixin.py:190} INFO - [2025-08-31T18:34:02.809+0000] {example_python_decorator.py:80} WARNING - The virtalenv_python example task requires virtualenv, please install it.
[2025-08-31T18:34:02.812+0000] {processor.py:925} INFO - DAG(s) 'example_python_decorator' retrieved from /home/krishnaformeera/Sumitomo/datapipeline/venv/lib/python3.11/site-packages/airflow/example_dags/example_python_decorator.py
[2025-08-31T18:34:02.833+0000] {logging_mixin.py:190} INFO - [2025-08-31T18:34:02.832+0000] {dag.py:3239} INFO - Sync 1 DAGs
[2025-08-31T18:34:02.846+0000] {logging_mixin.py:190} INFO - [2025-08-31T18:34:02.845+0000] {dag.py:4180} INFO - Setting next_dagrun for example_python_decorator to None, run_after=None
[2025-08-31T18:34:02.871+0000] {processor.py:208} INFO - Processing /home/krishnaformeera/Sumitomo/datapipeline/venv/lib/python3.11/site-packages/airflow/example_dags/example_python_decorator.py took 0.083 seconds
[2025-08-31T18:34:56.918+0000] {processor.py:186} INFO - Started process (PID=5475) to work on /home/krishnaformeera/Sumitomo/datapipeline/venv/lib/python3.11/site-packages/airflow/example_dags/example_python_decorator.py
[2025-08-31T18:34:56.920+0000] {processor.py:914} INFO - Processing file /home/krishnaformeera/Sumitomo/datapipeline/venv/lib/python3.11/site-packages/airflow/example_dags/example_python_decorator.py for tasks to queue
[2025-08-31T18:34:56.922+0000] {logging_mixin.py:190} INFO - [2025-08-31T18:34:56.922+0000] {dagbag.py:588} INFO - Filling up the DagBag from /home/krishnaformeera/Sumitomo/datapipeline/venv/lib/python3.11/site-packages/airflow/example_dags/example_python_decorator.py
[2025-08-31T18:34:56.933+0000] {logging_mixin.py:190} INFO - [2025-08-31T18:34:56.932+0000] {example_python_decorator.py:80} WARNING - The virtalenv_python example task requires virtualenv, please install it.
[2025-08-31T18:34:56.935+0000] {processor.py:925} INFO - DAG(s) 'example_python_decorator' retrieved from /home/krishnaformeera/Sumitomo/datapipeline/venv/lib/python3.11/site-packages/airflow/example_dags/example_python_decorator.py
[2025-08-31T18:34:56.951+0000] {logging_mixin.py:190} INFO - [2025-08-31T18:34:56.951+0000] {dag.py:3239} INFO - Sync 1 DAGs
[2025-08-31T18:34:56.963+0000] {logging_mixin.py:190} INFO - [2025-08-31T18:34:56.963+0000] {dag.py:4180} INFO - Setting next_dagrun for example_python_decorator to None, run_after=None
[2025-08-31T18:34:56.983+0000] {processor.py:208} INFO - Processing /home/krishnaformeera/Sumitomo/datapipeline/venv/lib/python3.11/site-packages/airflow/example_dags/example_python_decorator.py took 0.072 seconds
[2025-08-31T18:35:47.787+0000] {processor.py:186} INFO - Started process (PID=5539) to work on /home/krishnaformeera/Sumitomo/datapipeline/venv/lib/python3.11/site-packages/airflow/example_dags/example_python_decorator.py
[2025-08-31T18:35:47.788+0000] {processor.py:914} INFO - Processing file /home/krishnaformeera/Sumitomo/datapipeline/venv/lib/python3.11/site-packages/airflow/example_dags/example_python_decorator.py for tasks to queue
[2025-08-31T18:35:47.791+0000] {logging_mixin.py:190} INFO - [2025-08-31T18:35:47.790+0000] {dagbag.py:588} INFO - Filling up the DagBag from /home/krishnaformeera/Sumitomo/datapipeline/venv/lib/python3.11/site-packages/airflow/example_dags/example_python_decorator.py
[2025-08-31T18:35:47.800+0000] {logging_mixin.py:190} INFO - [2025-08-31T18:35:47.800+0000] {example_python_decorator.py:80} WARNING - The virtalenv_python example task requires virtualenv, please install it.
[2025-08-31T18:35:47.803+0000] {processor.py:925} INFO - DAG(s) 'example_python_decorator' retrieved from /home/krishnaformeera/Sumitomo/datapipeline/venv/lib/python3.11/site-packages/airflow/example_dags/example_python_decorator.py
[2025-08-31T18:35:47.822+0000] {logging_mixin.py:190} INFO - [2025-08-31T18:35:47.822+0000] {dag.py:3239} INFO - Sync 1 DAGs
[2025-08-31T18:35:47.836+0000] {logging_mixin.py:190} INFO - [2025-08-31T18:35:47.835+0000] {dag.py:4180} INFO - Setting next_dagrun for example_python_decorator to None, run_after=None
[2025-08-31T18:35:47.860+0000] {processor.py:208} INFO - Processing /home/krishnaformeera/Sumitomo/datapipeline/venv/lib/python3.11/site-packages/airflow/example_dags/example_python_decorator.py took 0.080 seconds
[2025-08-31T18:36:37.855+0000] {processor.py:186} INFO - Started process (PID=5604) to work on /home/krishnaformeera/Sumitomo/datapipeline/venv/lib/python3.11/site-packages/airflow/example_dags/example_python_decorator.py
[2025-08-31T18:36:37.856+0000] {processor.py:914} INFO - Processing file /home/krishnaformeera/Sumitomo/datapipeline/venv/lib/python3.11/site-packages/airflow/example_dags/example_python_decorator.py for tasks to queue
[2025-08-31T18:36:37.858+0000] {logging_mixin.py:190} INFO - [2025-08-31T18:36:37.858+0000] {dagbag.py:588} INFO - Filling up the DagBag from /home/krishnaformeera/Sumitomo/datapipeline/venv/lib/python3.11/site-packages/airflow/example_dags/example_python_decorator.py
[2025-08-31T18:36:37.867+0000] {logging_mixin.py:190} INFO - [2025-08-31T18:36:37.867+0000] {example_python_decorator.py:80} WARNING - The virtalenv_python example task requires virtualenv, please install it.
[2025-08-31T18:36:37.869+0000] {processor.py:925} INFO - DAG(s) 'example_python_decorator' retrieved from /home/krishnaformeera/Sumitomo/datapipeline/venv/lib/python3.11/site-packages/airflow/example_dags/example_python_decorator.py
[2025-08-31T18:36:37.885+0000] {logging_mixin.py:190} INFO - [2025-08-31T18:36:37.885+0000] {dag.py:3239} INFO - Sync 1 DAGs
[2025-08-31T18:36:37.897+0000] {logging_mixin.py:190} INFO - [2025-08-31T18:36:37.896+0000] {dag.py:4180} INFO - Setting next_dagrun for example_python_decorator to None, run_after=None
[2025-08-31T18:36:37.919+0000] {processor.py:208} INFO - Processing /home/krishnaformeera/Sumitomo/datapipeline/venv/lib/python3.11/site-packages/airflow/example_dags/example_python_decorator.py took 0.070 seconds
[2025-08-31T18:37:29.098+0000] {processor.py:186} INFO - Started process (PID=5656) to work on /home/krishnaformeera/Sumitomo/datapipeline/venv/lib/python3.11/site-packages/airflow/example_dags/example_python_decorator.py
[2025-08-31T18:37:29.099+0000] {processor.py:914} INFO - Processing file /home/krishnaformeera/Sumitomo/datapipeline/venv/lib/python3.11/site-packages/airflow/example_dags/example_python_decorator.py for tasks to queue
[2025-08-31T18:37:29.101+0000] {logging_mixin.py:190} INFO - [2025-08-31T18:37:29.101+0000] {dagbag.py:588} INFO - Filling up the DagBag from /home/krishnaformeera/Sumitomo/datapipeline/venv/lib/python3.11/site-packages/airflow/example_dags/example_python_decorator.py
[2025-08-31T18:37:29.110+0000] {logging_mixin.py:190} INFO - [2025-08-31T18:37:29.109+0000] {example_python_decorator.py:80} WARNING - The virtalenv_python example task requires virtualenv, please install it.
[2025-08-31T18:37:29.112+0000] {processor.py:925} INFO - DAG(s) 'example_python_decorator' retrieved from /home/krishnaformeera/Sumitomo/datapipeline/venv/lib/python3.11/site-packages/airflow/example_dags/example_python_decorator.py
[2025-08-31T18:37:29.129+0000] {logging_mixin.py:190} INFO - [2025-08-31T18:37:29.129+0000] {dag.py:3239} INFO - Sync 1 DAGs
[2025-08-31T18:37:29.142+0000] {logging_mixin.py:190} INFO - [2025-08-31T18:37:29.141+0000] {dag.py:4180} INFO - Setting next_dagrun for example_python_decorator to None, run_after=None
[2025-08-31T18:37:29.169+0000] {processor.py:208} INFO - Processing /home/krishnaformeera/Sumitomo/datapipeline/venv/lib/python3.11/site-packages/airflow/example_dags/example_python_decorator.py took 0.077 seconds
[2025-08-31T18:40:17.711+0000] {processor.py:186} INFO - Started process (PID=6127) to work on /home/krishnaformeera/Sumitomo/datapipeline/venv/lib/python3.11/site-packages/airflow/example_dags/example_python_decorator.py
[2025-08-31T18:40:17.713+0000] {processor.py:914} INFO - Processing file /home/krishnaformeera/Sumitomo/datapipeline/venv/lib/python3.11/site-packages/airflow/example_dags/example_python_decorator.py for tasks to queue
[2025-08-31T18:40:17.717+0000] {logging_mixin.py:190} INFO - [2025-08-31T18:40:17.716+0000] {dagbag.py:588} INFO - Filling up the DagBag from /home/krishnaformeera/Sumitomo/datapipeline/venv/lib/python3.11/site-packages/airflow/example_dags/example_python_decorator.py
[2025-08-31T18:40:17.730+0000] {logging_mixin.py:190} INFO - [2025-08-31T18:40:17.730+0000] {example_python_decorator.py:80} WARNING - The virtalenv_python example task requires virtualenv, please install it.
[2025-08-31T18:40:17.734+0000] {processor.py:925} INFO - DAG(s) 'example_python_decorator' retrieved from /home/krishnaformeera/Sumitomo/datapipeline/venv/lib/python3.11/site-packages/airflow/example_dags/example_python_decorator.py
[2025-08-31T18:40:17.761+0000] {logging_mixin.py:190} INFO - [2025-08-31T18:40:17.761+0000] {dag.py:3239} INFO - Sync 1 DAGs
[2025-08-31T18:40:17.779+0000] {logging_mixin.py:190} INFO - [2025-08-31T18:40:17.778+0000] {dag.py:4180} INFO - Setting next_dagrun for example_python_decorator to None, run_after=None
[2025-08-31T18:40:17.821+0000] {processor.py:208} INFO - Processing /home/krishnaformeera/Sumitomo/datapipeline/venv/lib/python3.11/site-packages/airflow/example_dags/example_python_decorator.py took 0.119 seconds
[2025-08-31T18:41:13.280+0000] {processor.py:186} INFO - Started process (PID=6350) to work on /home/krishnaformeera/Sumitomo/datapipeline/venv/lib/python3.11/site-packages/airflow/example_dags/example_python_decorator.py
[2025-08-31T18:41:13.281+0000] {processor.py:914} INFO - Processing file /home/krishnaformeera/Sumitomo/datapipeline/venv/lib/python3.11/site-packages/airflow/example_dags/example_python_decorator.py for tasks to queue
[2025-08-31T18:41:13.283+0000] {logging_mixin.py:190} INFO - [2025-08-31T18:41:13.283+0000] {dagbag.py:588} INFO - Filling up the DagBag from /home/krishnaformeera/Sumitomo/datapipeline/venv/lib/python3.11/site-packages/airflow/example_dags/example_python_decorator.py
[2025-08-31T18:41:13.292+0000] {logging_mixin.py:190} INFO - [2025-08-31T18:41:13.292+0000] {example_python_decorator.py:80} WARNING - The virtalenv_python example task requires virtualenv, please install it.
[2025-08-31T18:41:13.294+0000] {processor.py:925} INFO - DAG(s) 'example_python_decorator' retrieved from /home/krishnaformeera/Sumitomo/datapipeline/venv/lib/python3.11/site-packages/airflow/example_dags/example_python_decorator.py
[2025-08-31T18:41:13.311+0000] {logging_mixin.py:190} INFO - [2025-08-31T18:41:13.310+0000] {dag.py:3239} INFO - Sync 1 DAGs
[2025-08-31T18:41:13.323+0000] {logging_mixin.py:190} INFO - [2025-08-31T18:41:13.323+0000] {dag.py:4180} INFO - Setting next_dagrun for example_python_decorator to None, run_after=None
[2025-08-31T18:41:13.344+0000] {processor.py:208} INFO - Processing /home/krishnaformeera/Sumitomo/datapipeline/venv/lib/python3.11/site-packages/airflow/example_dags/example_python_decorator.py took 0.070 seconds
[2025-08-31T18:42:08.721+0000] {processor.py:186} INFO - Started process (PID=6542) to work on /home/krishnaformeera/Sumitomo/datapipeline/venv/lib/python3.11/site-packages/airflow/example_dags/example_python_decorator.py
[2025-08-31T18:42:08.722+0000] {processor.py:914} INFO - Processing file /home/krishnaformeera/Sumitomo/datapipeline/venv/lib/python3.11/site-packages/airflow/example_dags/example_python_decorator.py for tasks to queue
[2025-08-31T18:42:08.724+0000] {logging_mixin.py:190} INFO - [2025-08-31T18:42:08.724+0000] {dagbag.py:588} INFO - Filling up the DagBag from /home/krishnaformeera/Sumitomo/datapipeline/venv/lib/python3.11/site-packages/airflow/example_dags/example_python_decorator.py
[2025-08-31T18:42:08.733+0000] {logging_mixin.py:190} INFO - [2025-08-31T18:42:08.733+0000] {example_python_decorator.py:80} WARNING - The virtalenv_python example task requires virtualenv, please install it.
[2025-08-31T18:42:08.735+0000] {processor.py:925} INFO - DAG(s) 'example_python_decorator' retrieved from /home/krishnaformeera/Sumitomo/datapipeline/venv/lib/python3.11/site-packages/airflow/example_dags/example_python_decorator.py
[2025-08-31T18:42:08.752+0000] {logging_mixin.py:190} INFO - [2025-08-31T18:42:08.752+0000] {dag.py:3239} INFO - Sync 1 DAGs
[2025-08-31T18:42:08.764+0000] {logging_mixin.py:190} INFO - [2025-08-31T18:42:08.764+0000] {dag.py:4180} INFO - Setting next_dagrun for example_python_decorator to None, run_after=None
[2025-08-31T18:42:08.792+0000] {processor.py:208} INFO - Processing /home/krishnaformeera/Sumitomo/datapipeline/venv/lib/python3.11/site-packages/airflow/example_dags/example_python_decorator.py took 0.077 seconds
[2025-08-31T18:43:10.893+0000] {processor.py:186} INFO - Started process (PID=6786) to work on /home/krishnaformeera/Sumitomo/datapipeline/venv/lib/python3.11/site-packages/airflow/example_dags/example_python_decorator.py
[2025-08-31T18:43:10.894+0000] {processor.py:914} INFO - Processing file /home/krishnaformeera/Sumitomo/datapipeline/venv/lib/python3.11/site-packages/airflow/example_dags/example_python_decorator.py for tasks to queue
[2025-08-31T18:43:10.897+0000] {logging_mixin.py:190} INFO - [2025-08-31T18:43:10.896+0000] {dagbag.py:588} INFO - Filling up the DagBag from /home/krishnaformeera/Sumitomo/datapipeline/venv/lib/python3.11/site-packages/airflow/example_dags/example_python_decorator.py
[2025-08-31T18:43:10.907+0000] {logging_mixin.py:190} INFO - [2025-08-31T18:43:10.907+0000] {example_python_decorator.py:80} WARNING - The virtalenv_python example task requires virtualenv, please install it.
[2025-08-31T18:43:10.910+0000] {processor.py:925} INFO - DAG(s) 'example_python_decorator' retrieved from /home/krishnaformeera/Sumitomo/datapipeline/venv/lib/python3.11/site-packages/airflow/example_dags/example_python_decorator.py
[2025-08-31T18:43:10.930+0000] {logging_mixin.py:190} INFO - [2025-08-31T18:43:10.930+0000] {dag.py:3239} INFO - Sync 1 DAGs
[2025-08-31T18:43:10.942+0000] {logging_mixin.py:190} INFO - [2025-08-31T18:43:10.942+0000] {dag.py:4180} INFO - Setting next_dagrun for example_python_decorator to None, run_after=None
[2025-08-31T18:43:10.962+0000] {processor.py:208} INFO - Processing /home/krishnaformeera/Sumitomo/datapipeline/venv/lib/python3.11/site-packages/airflow/example_dags/example_python_decorator.py took 0.078 seconds
[2025-08-31T18:44:05.368+0000] {processor.py:186} INFO - Started process (PID=7012) to work on /home/krishnaformeera/Sumitomo/datapipeline/venv/lib/python3.11/site-packages/airflow/example_dags/example_python_decorator.py
[2025-08-31T18:44:05.369+0000] {processor.py:914} INFO - Processing file /home/krishnaformeera/Sumitomo/datapipeline/venv/lib/python3.11/site-packages/airflow/example_dags/example_python_decorator.py for tasks to queue
[2025-08-31T18:44:05.372+0000] {logging_mixin.py:190} INFO - [2025-08-31T18:44:05.371+0000] {dagbag.py:588} INFO - Filling up the DagBag from /home/krishnaformeera/Sumitomo/datapipeline/venv/lib/python3.11/site-packages/airflow/example_dags/example_python_decorator.py
[2025-08-31T18:44:05.381+0000] {logging_mixin.py:190} INFO - [2025-08-31T18:44:05.381+0000] {example_python_decorator.py:80} WARNING - The virtalenv_python example task requires virtualenv, please install it.
[2025-08-31T18:44:05.384+0000] {processor.py:925} INFO - DAG(s) 'example_python_decorator' retrieved from /home/krishnaformeera/Sumitomo/datapipeline/venv/lib/python3.11/site-packages/airflow/example_dags/example_python_decorator.py
[2025-08-31T18:44:05.405+0000] {logging_mixin.py:190} INFO - [2025-08-31T18:44:05.405+0000] {dag.py:3239} INFO - Sync 1 DAGs
[2025-08-31T18:44:05.419+0000] {logging_mixin.py:190} INFO - [2025-08-31T18:44:05.419+0000] {dag.py:4180} INFO - Setting next_dagrun for example_python_decorator to None, run_after=None
[2025-08-31T18:44:05.444+0000] {processor.py:208} INFO - Processing /home/krishnaformeera/Sumitomo/datapipeline/venv/lib/python3.11/site-packages/airflow/example_dags/example_python_decorator.py took 0.083 seconds
[2025-08-31T18:44:54.790+0000] {processor.py:186} INFO - Started process (PID=7239) to work on /home/krishnaformeera/Sumitomo/datapipeline/venv/lib/python3.11/site-packages/airflow/example_dags/example_python_decorator.py
[2025-08-31T18:44:54.791+0000] {processor.py:914} INFO - Processing file /home/krishnaformeera/Sumitomo/datapipeline/venv/lib/python3.11/site-packages/airflow/example_dags/example_python_decorator.py for tasks to queue
[2025-08-31T18:44:54.794+0000] {logging_mixin.py:190} INFO - [2025-08-31T18:44:54.794+0000] {dagbag.py:588} INFO - Filling up the DagBag from /home/krishnaformeera/Sumitomo/datapipeline/venv/lib/python3.11/site-packages/airflow/example_dags/example_python_decorator.py
[2025-08-31T18:44:54.804+0000] {logging_mixin.py:190} INFO - [2025-08-31T18:44:54.804+0000] {example_python_decorator.py:80} WARNING - The virtalenv_python example task requires virtualenv, please install it.
[2025-08-31T18:44:54.808+0000] {processor.py:925} INFO - DAG(s) 'example_python_decorator' retrieved from /home/krishnaformeera/Sumitomo/datapipeline/venv/lib/python3.11/site-packages/airflow/example_dags/example_python_decorator.py
[2025-08-31T18:44:54.829+0000] {logging_mixin.py:190} INFO - [2025-08-31T18:44:54.829+0000] {dag.py:3239} INFO - Sync 1 DAGs
[2025-08-31T18:44:54.848+0000] {logging_mixin.py:190} INFO - [2025-08-31T18:44:54.848+0000] {dag.py:4180} INFO - Setting next_dagrun for example_python_decorator to None, run_after=None
[2025-08-31T18:44:54.892+0000] {processor.py:208} INFO - Processing /home/krishnaformeera/Sumitomo/datapipeline/venv/lib/python3.11/site-packages/airflow/example_dags/example_python_decorator.py took 0.109 seconds
[2025-08-31T18:45:46.978+0000] {processor.py:186} INFO - Started process (PID=7517) to work on /home/krishnaformeera/Sumitomo/datapipeline/venv/lib/python3.11/site-packages/airflow/example_dags/example_python_decorator.py
[2025-08-31T18:45:46.979+0000] {processor.py:914} INFO - Processing file /home/krishnaformeera/Sumitomo/datapipeline/venv/lib/python3.11/site-packages/airflow/example_dags/example_python_decorator.py for tasks to queue
[2025-08-31T18:45:46.981+0000] {logging_mixin.py:190} INFO - [2025-08-31T18:45:46.981+0000] {dagbag.py:588} INFO - Filling up the DagBag from /home/krishnaformeera/Sumitomo/datapipeline/venv/lib/python3.11/site-packages/airflow/example_dags/example_python_decorator.py
[2025-08-31T18:45:46.990+0000] {logging_mixin.py:190} INFO - [2025-08-31T18:45:46.990+0000] {example_python_decorator.py:80} WARNING - The virtalenv_python example task requires virtualenv, please install it.
[2025-08-31T18:45:46.993+0000] {processor.py:925} INFO - DAG(s) 'example_python_decorator' retrieved from /home/krishnaformeera/Sumitomo/datapipeline/venv/lib/python3.11/site-packages/airflow/example_dags/example_python_decorator.py
[2025-08-31T18:45:47.010+0000] {logging_mixin.py:190} INFO - [2025-08-31T18:45:47.009+0000] {dag.py:3239} INFO - Sync 1 DAGs
[2025-08-31T18:45:47.021+0000] {logging_mixin.py:190} INFO - [2025-08-31T18:45:47.021+0000] {dag.py:4180} INFO - Setting next_dagrun for example_python_decorator to None, run_after=None
[2025-08-31T18:45:47.059+0000] {processor.py:208} INFO - Processing /home/krishnaformeera/Sumitomo/datapipeline/venv/lib/python3.11/site-packages/airflow/example_dags/example_python_decorator.py took 0.090 seconds
[2025-08-31T18:46:38.930+0000] {processor.py:186} INFO - Started process (PID=7733) to work on /home/krishnaformeera/Sumitomo/datapipeline/venv/lib/python3.11/site-packages/airflow/example_dags/example_python_decorator.py
[2025-08-31T18:46:38.931+0000] {processor.py:914} INFO - Processing file /home/krishnaformeera/Sumitomo/datapipeline/venv/lib/python3.11/site-packages/airflow/example_dags/example_python_decorator.py for tasks to queue
[2025-08-31T18:46:38.933+0000] {logging_mixin.py:190} INFO - [2025-08-31T18:46:38.933+0000] {dagbag.py:588} INFO - Filling up the DagBag from /home/krishnaformeera/Sumitomo/datapipeline/venv/lib/python3.11/site-packages/airflow/example_dags/example_python_decorator.py
[2025-08-31T18:46:38.942+0000] {logging_mixin.py:190} INFO - [2025-08-31T18:46:38.942+0000] {example_python_decorator.py:80} WARNING - The virtalenv_python example task requires virtualenv, please install it.
[2025-08-31T18:46:38.945+0000] {processor.py:925} INFO - DAG(s) 'example_python_decorator' retrieved from /home/krishnaformeera/Sumitomo/datapipeline/venv/lib/python3.11/site-packages/airflow/example_dags/example_python_decorator.py
[2025-08-31T18:46:38.963+0000] {logging_mixin.py:190} INFO - [2025-08-31T18:46:38.962+0000] {dag.py:3239} INFO - Sync 1 DAGs
[2025-08-31T18:46:38.978+0000] {logging_mixin.py:190} INFO - [2025-08-31T18:46:38.978+0000] {dag.py:4180} INFO - Setting next_dagrun for example_python_decorator to None, run_after=None
[2025-08-31T18:46:39.027+0000] {processor.py:208} INFO - Processing /home/krishnaformeera/Sumitomo/datapipeline/venv/lib/python3.11/site-packages/airflow/example_dags/example_python_decorator.py took 0.104 seconds
[2025-08-31T18:47:31.849+0000] {processor.py:186} INFO - Started process (PID=7801) to work on /home/krishnaformeera/Sumitomo/datapipeline/venv/lib/python3.11/site-packages/airflow/example_dags/example_python_decorator.py
[2025-08-31T18:47:31.850+0000] {processor.py:914} INFO - Processing file /home/krishnaformeera/Sumitomo/datapipeline/venv/lib/python3.11/site-packages/airflow/example_dags/example_python_decorator.py for tasks to queue
[2025-08-31T18:47:31.852+0000] {logging_mixin.py:190} INFO - [2025-08-31T18:47:31.852+0000] {dagbag.py:588} INFO - Filling up the DagBag from /home/krishnaformeera/Sumitomo/datapipeline/venv/lib/python3.11/site-packages/airflow/example_dags/example_python_decorator.py
[2025-08-31T18:47:31.861+0000] {logging_mixin.py:190} INFO - [2025-08-31T18:47:31.861+0000] {example_python_decorator.py:80} WARNING - The virtalenv_python example task requires virtualenv, please install it.
[2025-08-31T18:47:31.864+0000] {processor.py:925} INFO - DAG(s) 'example_python_decorator' retrieved from /home/krishnaformeera/Sumitomo/datapipeline/venv/lib/python3.11/site-packages/airflow/example_dags/example_python_decorator.py
[2025-08-31T18:47:31.881+0000] {logging_mixin.py:190} INFO - [2025-08-31T18:47:31.881+0000] {dag.py:3239} INFO - Sync 1 DAGs
[2025-08-31T18:47:31.892+0000] {logging_mixin.py:190} INFO - [2025-08-31T18:47:31.892+0000] {dag.py:4180} INFO - Setting next_dagrun for example_python_decorator to None, run_after=None
[2025-08-31T18:47:31.913+0000] {processor.py:208} INFO - Processing /home/krishnaformeera/Sumitomo/datapipeline/venv/lib/python3.11/site-packages/airflow/example_dags/example_python_decorator.py took 0.071 seconds
[2025-08-31T18:48:21.522+0000] {processor.py:186} INFO - Started process (PID=7854) to work on /home/krishnaformeera/Sumitomo/datapipeline/venv/lib/python3.11/site-packages/airflow/example_dags/example_python_decorator.py
[2025-08-31T18:48:21.524+0000] {processor.py:914} INFO - Processing file /home/krishnaformeera/Sumitomo/datapipeline/venv/lib/python3.11/site-packages/airflow/example_dags/example_python_decorator.py for tasks to queue
[2025-08-31T18:48:21.526+0000] {logging_mixin.py:190} INFO - [2025-08-31T18:48:21.525+0000] {dagbag.py:588} INFO - Filling up the DagBag from /home/krishnaformeera/Sumitomo/datapipeline/venv/lib/python3.11/site-packages/airflow/example_dags/example_python_decorator.py
[2025-08-31T18:48:21.534+0000] {logging_mixin.py:190} INFO - [2025-08-31T18:48:21.534+0000] {example_python_decorator.py:80} WARNING - The virtalenv_python example task requires virtualenv, please install it.
[2025-08-31T18:48:21.537+0000] {processor.py:925} INFO - DAG(s) 'example_python_decorator' retrieved from /home/krishnaformeera/Sumitomo/datapipeline/venv/lib/python3.11/site-packages/airflow/example_dags/example_python_decorator.py
[2025-08-31T18:48:21.552+0000] {logging_mixin.py:190} INFO - [2025-08-31T18:48:21.552+0000] {dag.py:3239} INFO - Sync 1 DAGs
[2025-08-31T18:48:21.563+0000] {logging_mixin.py:190} INFO - [2025-08-31T18:48:21.563+0000] {dag.py:4180} INFO - Setting next_dagrun for example_python_decorator to None, run_after=None
[2025-08-31T18:48:21.583+0000] {processor.py:208} INFO - Processing /home/krishnaformeera/Sumitomo/datapipeline/venv/lib/python3.11/site-packages/airflow/example_dags/example_python_decorator.py took 0.069 seconds
[2025-08-31T18:49:12.315+0000] {processor.py:186} INFO - Started process (PID=7910) to work on /home/krishnaformeera/Sumitomo/datapipeline/venv/lib/python3.11/site-packages/airflow/example_dags/example_python_decorator.py
[2025-08-31T18:49:12.316+0000] {processor.py:914} INFO - Processing file /home/krishnaformeera/Sumitomo/datapipeline/venv/lib/python3.11/site-packages/airflow/example_dags/example_python_decorator.py for tasks to queue
[2025-08-31T18:49:12.318+0000] {logging_mixin.py:190} INFO - [2025-08-31T18:49:12.318+0000] {dagbag.py:588} INFO - Filling up the DagBag from /home/krishnaformeera/Sumitomo/datapipeline/venv/lib/python3.11/site-packages/airflow/example_dags/example_python_decorator.py
[2025-08-31T18:49:12.327+0000] {logging_mixin.py:190} INFO - [2025-08-31T18:49:12.327+0000] {example_python_decorator.py:80} WARNING - The virtalenv_python example task requires virtualenv, please install it.
[2025-08-31T18:49:12.330+0000] {processor.py:925} INFO - DAG(s) 'example_python_decorator' retrieved from /home/krishnaformeera/Sumitomo/datapipeline/venv/lib/python3.11/site-packages/airflow/example_dags/example_python_decorator.py
[2025-08-31T18:49:12.349+0000] {logging_mixin.py:190} INFO - [2025-08-31T18:49:12.349+0000] {dag.py:3239} INFO - Sync 1 DAGs
[2025-08-31T18:49:12.362+0000] {logging_mixin.py:190} INFO - [2025-08-31T18:49:12.362+0000] {dag.py:4180} INFO - Setting next_dagrun for example_python_decorator to None, run_after=None
[2025-08-31T18:49:12.388+0000] {processor.py:208} INFO - Processing /home/krishnaformeera/Sumitomo/datapipeline/venv/lib/python3.11/site-packages/airflow/example_dags/example_python_decorator.py took 0.081 seconds
[2025-08-31T18:50:05.483+0000] {processor.py:186} INFO - Started process (PID=8013) to work on /home/krishnaformeera/Sumitomo/datapipeline/venv/lib/python3.11/site-packages/airflow/example_dags/example_python_decorator.py
[2025-08-31T18:50:05.484+0000] {processor.py:914} INFO - Processing file /home/krishnaformeera/Sumitomo/datapipeline/venv/lib/python3.11/site-packages/airflow/example_dags/example_python_decorator.py for tasks to queue
[2025-08-31T18:50:05.486+0000] {logging_mixin.py:190} INFO - [2025-08-31T18:50:05.486+0000] {dagbag.py:588} INFO - Filling up the DagBag from /home/krishnaformeera/Sumitomo/datapipeline/venv/lib/python3.11/site-packages/airflow/example_dags/example_python_decorator.py
[2025-08-31T18:50:05.495+0000] {logging_mixin.py:190} INFO - [2025-08-31T18:50:05.495+0000] {example_python_decorator.py:80} WARNING - The virtalenv_python example task requires virtualenv, please install it.
[2025-08-31T18:50:05.497+0000] {processor.py:925} INFO - DAG(s) 'example_python_decorator' retrieved from /home/krishnaformeera/Sumitomo/datapipeline/venv/lib/python3.11/site-packages/airflow/example_dags/example_python_decorator.py
[2025-08-31T18:50:05.513+0000] {logging_mixin.py:190} INFO - [2025-08-31T18:50:05.513+0000] {dag.py:3239} INFO - Sync 1 DAGs
[2025-08-31T18:50:05.525+0000] {logging_mixin.py:190} INFO - [2025-08-31T18:50:05.524+0000] {dag.py:4180} INFO - Setting next_dagrun for example_python_decorator to None, run_after=None
[2025-08-31T18:50:05.547+0000] {processor.py:208} INFO - Processing /home/krishnaformeera/Sumitomo/datapipeline/venv/lib/python3.11/site-packages/airflow/example_dags/example_python_decorator.py took 0.072 seconds
[2025-08-31T18:50:58.441+0000] {processor.py:186} INFO - Started process (PID=8094) to work on /home/krishnaformeera/Sumitomo/datapipeline/venv/lib/python3.11/site-packages/airflow/example_dags/example_python_decorator.py
[2025-08-31T18:50:58.442+0000] {processor.py:914} INFO - Processing file /home/krishnaformeera/Sumitomo/datapipeline/venv/lib/python3.11/site-packages/airflow/example_dags/example_python_decorator.py for tasks to queue
[2025-08-31T18:50:58.445+0000] {logging_mixin.py:190} INFO - [2025-08-31T18:50:58.444+0000] {dagbag.py:588} INFO - Filling up the DagBag from /home/krishnaformeera/Sumitomo/datapipeline/venv/lib/python3.11/site-packages/airflow/example_dags/example_python_decorator.py
[2025-08-31T18:50:58.455+0000] {logging_mixin.py:190} INFO - [2025-08-31T18:50:58.455+0000] {example_python_decorator.py:80} WARNING - The virtalenv_python example task requires virtualenv, please install it.
[2025-08-31T18:50:58.458+0000] {processor.py:925} INFO - DAG(s) 'example_python_decorator' retrieved from /home/krishnaformeera/Sumitomo/datapipeline/venv/lib/python3.11/site-packages/airflow/example_dags/example_python_decorator.py
[2025-08-31T18:50:58.477+0000] {logging_mixin.py:190} INFO - [2025-08-31T18:50:58.477+0000] {dag.py:3239} INFO - Sync 1 DAGs
[2025-08-31T18:50:58.490+0000] {logging_mixin.py:190} INFO - [2025-08-31T18:50:58.490+0000] {dag.py:4180} INFO - Setting next_dagrun for example_python_decorator to None, run_after=None
[2025-08-31T18:50:58.511+0000] {processor.py:208} INFO - Processing /home/krishnaformeera/Sumitomo/datapipeline/venv/lib/python3.11/site-packages/airflow/example_dags/example_python_decorator.py took 0.078 seconds
[2025-08-31T18:51:46.827+0000] {processor.py:186} INFO - Started process (PID=8176) to work on /home/krishnaformeera/Sumitomo/datapipeline/venv/lib/python3.11/site-packages/airflow/example_dags/example_python_decorator.py
[2025-08-31T18:51:46.829+0000] {processor.py:914} INFO - Processing file /home/krishnaformeera/Sumitomo/datapipeline/venv/lib/python3.11/site-packages/airflow/example_dags/example_python_decorator.py for tasks to queue
[2025-08-31T18:51:46.832+0000] {logging_mixin.py:190} INFO - [2025-08-31T18:51:46.832+0000] {dagbag.py:588} INFO - Filling up the DagBag from /home/krishnaformeera/Sumitomo/datapipeline/venv/lib/python3.11/site-packages/airflow/example_dags/example_python_decorator.py
[2025-08-31T18:51:46.844+0000] {logging_mixin.py:190} INFO - [2025-08-31T18:51:46.844+0000] {example_python_decorator.py:80} WARNING - The virtalenv_python example task requires virtualenv, please install it.
[2025-08-31T18:51:46.847+0000] {processor.py:925} INFO - DAG(s) 'example_python_decorator' retrieved from /home/krishnaformeera/Sumitomo/datapipeline/venv/lib/python3.11/site-packages/airflow/example_dags/example_python_decorator.py
[2025-08-31T18:51:46.866+0000] {logging_mixin.py:190} INFO - [2025-08-31T18:51:46.865+0000] {dag.py:3239} INFO - Sync 1 DAGs
[2025-08-31T18:51:46.880+0000] {logging_mixin.py:190} INFO - [2025-08-31T18:51:46.880+0000] {dag.py:4180} INFO - Setting next_dagrun for example_python_decorator to None, run_after=None
[2025-08-31T18:51:46.908+0000] {processor.py:208} INFO - Processing /home/krishnaformeera/Sumitomo/datapipeline/venv/lib/python3.11/site-packages/airflow/example_dags/example_python_decorator.py took 0.089 seconds
[2025-08-31T18:52:37.253+0000] {processor.py:186} INFO - Started process (PID=8245) to work on /home/krishnaformeera/Sumitomo/datapipeline/venv/lib/python3.11/site-packages/airflow/example_dags/example_python_decorator.py
[2025-08-31T18:52:37.254+0000] {processor.py:914} INFO - Processing file /home/krishnaformeera/Sumitomo/datapipeline/venv/lib/python3.11/site-packages/airflow/example_dags/example_python_decorator.py for tasks to queue
[2025-08-31T18:52:37.256+0000] {logging_mixin.py:190} INFO - [2025-08-31T18:52:37.256+0000] {dagbag.py:588} INFO - Filling up the DagBag from /home/krishnaformeera/Sumitomo/datapipeline/venv/lib/python3.11/site-packages/airflow/example_dags/example_python_decorator.py
[2025-08-31T18:52:37.265+0000] {logging_mixin.py:190} INFO - [2025-08-31T18:52:37.265+0000] {example_python_decorator.py:80} WARNING - The virtalenv_python example task requires virtualenv, please install it.
[2025-08-31T18:52:37.268+0000] {processor.py:925} INFO - DAG(s) 'example_python_decorator' retrieved from /home/krishnaformeera/Sumitomo/datapipeline/venv/lib/python3.11/site-packages/airflow/example_dags/example_python_decorator.py
[2025-08-31T18:52:37.285+0000] {logging_mixin.py:190} INFO - [2025-08-31T18:52:37.285+0000] {dag.py:3239} INFO - Sync 1 DAGs
[2025-08-31T18:52:37.298+0000] {logging_mixin.py:190} INFO - [2025-08-31T18:52:37.298+0000] {dag.py:4180} INFO - Setting next_dagrun for example_python_decorator to None, run_after=None
[2025-08-31T18:52:37.320+0000] {processor.py:208} INFO - Processing /home/krishnaformeera/Sumitomo/datapipeline/venv/lib/python3.11/site-packages/airflow/example_dags/example_python_decorator.py took 0.076 seconds
[2025-08-31T18:53:27.564+0000] {processor.py:186} INFO - Started process (PID=8300) to work on /home/krishnaformeera/Sumitomo/datapipeline/venv/lib/python3.11/site-packages/airflow/example_dags/example_python_decorator.py
[2025-08-31T18:53:27.566+0000] {processor.py:914} INFO - Processing file /home/krishnaformeera/Sumitomo/datapipeline/venv/lib/python3.11/site-packages/airflow/example_dags/example_python_decorator.py for tasks to queue
[2025-08-31T18:53:27.568+0000] {logging_mixin.py:190} INFO - [2025-08-31T18:53:27.568+0000] {dagbag.py:588} INFO - Filling up the DagBag from /home/krishnaformeera/Sumitomo/datapipeline/venv/lib/python3.11/site-packages/airflow/example_dags/example_python_decorator.py
[2025-08-31T18:53:27.579+0000] {logging_mixin.py:190} INFO - [2025-08-31T18:53:27.578+0000] {example_python_decorator.py:80} WARNING - The virtalenv_python example task requires virtualenv, please install it.
[2025-08-31T18:53:27.582+0000] {processor.py:925} INFO - DAG(s) 'example_python_decorator' retrieved from /home/krishnaformeera/Sumitomo/datapipeline/venv/lib/python3.11/site-packages/airflow/example_dags/example_python_decorator.py
[2025-08-31T18:53:27.601+0000] {logging_mixin.py:190} INFO - [2025-08-31T18:53:27.600+0000] {dag.py:3239} INFO - Sync 1 DAGs
[2025-08-31T18:53:27.614+0000] {logging_mixin.py:190} INFO - [2025-08-31T18:53:27.613+0000] {dag.py:4180} INFO - Setting next_dagrun for example_python_decorator to None, run_after=None
[2025-08-31T18:53:27.635+0000] {processor.py:208} INFO - Processing /home/krishnaformeera/Sumitomo/datapipeline/venv/lib/python3.11/site-packages/airflow/example_dags/example_python_decorator.py took 0.079 seconds
[2025-08-31T18:54:15.737+0000] {processor.py:186} INFO - Started process (PID=8493) to work on /home/krishnaformeera/Sumitomo/datapipeline/venv/lib/python3.11/site-packages/airflow/example_dags/example_python_decorator.py
[2025-08-31T18:54:15.739+0000] {processor.py:914} INFO - Processing file /home/krishnaformeera/Sumitomo/datapipeline/venv/lib/python3.11/site-packages/airflow/example_dags/example_python_decorator.py for tasks to queue
[2025-08-31T18:54:15.741+0000] {logging_mixin.py:190} INFO - [2025-08-31T18:54:15.741+0000] {dagbag.py:588} INFO - Filling up the DagBag from /home/krishnaformeera/Sumitomo/datapipeline/venv/lib/python3.11/site-packages/airflow/example_dags/example_python_decorator.py
[2025-08-31T18:54:15.750+0000] {logging_mixin.py:190} INFO - [2025-08-31T18:54:15.750+0000] {example_python_decorator.py:80} WARNING - The virtalenv_python example task requires virtualenv, please install it.
[2025-08-31T18:54:15.753+0000] {processor.py:925} INFO - DAG(s) 'example_python_decorator' retrieved from /home/krishnaformeera/Sumitomo/datapipeline/venv/lib/python3.11/site-packages/airflow/example_dags/example_python_decorator.py
[2025-08-31T18:54:15.772+0000] {logging_mixin.py:190} INFO - [2025-08-31T18:54:15.772+0000] {dag.py:3239} INFO - Sync 1 DAGs
[2025-08-31T18:54:15.784+0000] {logging_mixin.py:190} INFO - [2025-08-31T18:54:15.784+0000] {dag.py:4180} INFO - Setting next_dagrun for example_python_decorator to None, run_after=None
[2025-08-31T18:54:15.810+0000] {processor.py:208} INFO - Processing /home/krishnaformeera/Sumitomo/datapipeline/venv/lib/python3.11/site-packages/airflow/example_dags/example_python_decorator.py took 0.081 seconds
[2025-08-31T18:55:07.501+0000] {processor.py:186} INFO - Started process (PID=8572) to work on /home/krishnaformeera/Sumitomo/datapipeline/venv/lib/python3.11/site-packages/airflow/example_dags/example_python_decorator.py
[2025-08-31T18:55:07.502+0000] {processor.py:914} INFO - Processing file /home/krishnaformeera/Sumitomo/datapipeline/venv/lib/python3.11/site-packages/airflow/example_dags/example_python_decorator.py for tasks to queue
[2025-08-31T18:55:07.505+0000] {logging_mixin.py:190} INFO - [2025-08-31T18:55:07.504+0000] {dagbag.py:588} INFO - Filling up the DagBag from /home/krishnaformeera/Sumitomo/datapipeline/venv/lib/python3.11/site-packages/airflow/example_dags/example_python_decorator.py
[2025-08-31T18:55:07.514+0000] {logging_mixin.py:190} INFO - [2025-08-31T18:55:07.514+0000] {example_python_decorator.py:80} WARNING - The virtalenv_python example task requires virtualenv, please install it.
[2025-08-31T18:55:07.517+0000] {processor.py:925} INFO - DAG(s) 'example_python_decorator' retrieved from /home/krishnaformeera/Sumitomo/datapipeline/venv/lib/python3.11/site-packages/airflow/example_dags/example_python_decorator.py
[2025-08-31T18:55:07.537+0000] {logging_mixin.py:190} INFO - [2025-08-31T18:55:07.536+0000] {dag.py:3239} INFO - Sync 1 DAGs
[2025-08-31T18:55:07.549+0000] {logging_mixin.py:190} INFO - [2025-08-31T18:55:07.549+0000] {dag.py:4180} INFO - Setting next_dagrun for example_python_decorator to None, run_after=None
[2025-08-31T18:55:07.576+0000] {processor.py:208} INFO - Processing /home/krishnaformeera/Sumitomo/datapipeline/venv/lib/python3.11/site-packages/airflow/example_dags/example_python_decorator.py took 0.082 seconds
[2025-08-31T18:55:59.322+0000] {processor.py:186} INFO - Started process (PID=8624) to work on /home/krishnaformeera/Sumitomo/datapipeline/venv/lib/python3.11/site-packages/airflow/example_dags/example_python_decorator.py
[2025-08-31T18:55:59.323+0000] {processor.py:914} INFO - Processing file /home/krishnaformeera/Sumitomo/datapipeline/venv/lib/python3.11/site-packages/airflow/example_dags/example_python_decorator.py for tasks to queue
[2025-08-31T18:55:59.325+0000] {logging_mixin.py:190} INFO - [2025-08-31T18:55:59.325+0000] {dagbag.py:588} INFO - Filling up the DagBag from /home/krishnaformeera/Sumitomo/datapipeline/venv/lib/python3.11/site-packages/airflow/example_dags/example_python_decorator.py
[2025-08-31T18:55:59.337+0000] {logging_mixin.py:190} INFO - [2025-08-31T18:55:59.337+0000] {example_python_decorator.py:80} WARNING - The virtalenv_python example task requires virtualenv, please install it.
[2025-08-31T18:55:59.340+0000] {processor.py:925} INFO - DAG(s) 'example_python_decorator' retrieved from /home/krishnaformeera/Sumitomo/datapipeline/venv/lib/python3.11/site-packages/airflow/example_dags/example_python_decorator.py
[2025-08-31T18:55:59.362+0000] {logging_mixin.py:190} INFO - [2025-08-31T18:55:59.362+0000] {dag.py:3239} INFO - Sync 1 DAGs
[2025-08-31T18:55:59.379+0000] {logging_mixin.py:190} INFO - [2025-08-31T18:55:59.379+0000] {dag.py:4180} INFO - Setting next_dagrun for example_python_decorator to None, run_after=None
[2025-08-31T18:55:59.405+0000] {processor.py:208} INFO - Processing /home/krishnaformeera/Sumitomo/datapipeline/venv/lib/python3.11/site-packages/airflow/example_dags/example_python_decorator.py took 0.091 seconds
[2025-08-31T18:56:53.656+0000] {processor.py:186} INFO - Started process (PID=8692) to work on /home/krishnaformeera/Sumitomo/datapipeline/venv/lib/python3.11/site-packages/airflow/example_dags/example_python_decorator.py
[2025-08-31T18:56:53.657+0000] {processor.py:914} INFO - Processing file /home/krishnaformeera/Sumitomo/datapipeline/venv/lib/python3.11/site-packages/airflow/example_dags/example_python_decorator.py for tasks to queue
[2025-08-31T18:56:53.659+0000] {logging_mixin.py:190} INFO - [2025-08-31T18:56:53.659+0000] {dagbag.py:588} INFO - Filling up the DagBag from /home/krishnaformeera/Sumitomo/datapipeline/venv/lib/python3.11/site-packages/airflow/example_dags/example_python_decorator.py
[2025-08-31T18:56:53.669+0000] {logging_mixin.py:190} INFO - [2025-08-31T18:56:53.669+0000] {example_python_decorator.py:80} WARNING - The virtalenv_python example task requires virtualenv, please install it.
[2025-08-31T18:56:53.672+0000] {processor.py:925} INFO - DAG(s) 'example_python_decorator' retrieved from /home/krishnaformeera/Sumitomo/datapipeline/venv/lib/python3.11/site-packages/airflow/example_dags/example_python_decorator.py
[2025-08-31T18:56:53.691+0000] {logging_mixin.py:190} INFO - [2025-08-31T18:56:53.691+0000] {dag.py:3239} INFO - Sync 1 DAGs
[2025-08-31T18:56:53.705+0000] {logging_mixin.py:190} INFO - [2025-08-31T18:56:53.704+0000] {dag.py:4180} INFO - Setting next_dagrun for example_python_decorator to None, run_after=None
[2025-08-31T18:56:53.730+0000] {processor.py:208} INFO - Processing /home/krishnaformeera/Sumitomo/datapipeline/venv/lib/python3.11/site-packages/airflow/example_dags/example_python_decorator.py took 0.081 seconds
[2025-08-31T18:57:47.622+0000] {processor.py:186} INFO - Started process (PID=8746) to work on /home/krishnaformeera/Sumitomo/datapipeline/venv/lib/python3.11/site-packages/airflow/example_dags/example_python_decorator.py
[2025-08-31T18:57:47.623+0000] {processor.py:914} INFO - Processing file /home/krishnaformeera/Sumitomo/datapipeline/venv/lib/python3.11/site-packages/airflow/example_dags/example_python_decorator.py for tasks to queue
[2025-08-31T18:57:47.625+0000] {logging_mixin.py:190} INFO - [2025-08-31T18:57:47.625+0000] {dagbag.py:588} INFO - Filling up the DagBag from /home/krishnaformeera/Sumitomo/datapipeline/venv/lib/python3.11/site-packages/airflow/example_dags/example_python_decorator.py
[2025-08-31T18:57:47.634+0000] {logging_mixin.py:190} INFO - [2025-08-31T18:57:47.634+0000] {example_python_decorator.py:80} WARNING - The virtalenv_python example task requires virtualenv, please install it.
[2025-08-31T18:57:47.636+0000] {processor.py:925} INFO - DAG(s) 'example_python_decorator' retrieved from /home/krishnaformeera/Sumitomo/datapipeline/venv/lib/python3.11/site-packages/airflow/example_dags/example_python_decorator.py
[2025-08-31T18:57:47.653+0000] {logging_mixin.py:190} INFO - [2025-08-31T18:57:47.653+0000] {dag.py:3239} INFO - Sync 1 DAGs
[2025-08-31T18:57:47.665+0000] {logging_mixin.py:190} INFO - [2025-08-31T18:57:47.665+0000] {dag.py:4180} INFO - Setting next_dagrun for example_python_decorator to None, run_after=None
[2025-08-31T18:57:47.688+0000] {processor.py:208} INFO - Processing /home/krishnaformeera/Sumitomo/datapipeline/venv/lib/python3.11/site-packages/airflow/example_dags/example_python_decorator.py took 0.075 seconds
[2025-08-31T18:58:39.229+0000] {processor.py:186} INFO - Started process (PID=8799) to work on /home/krishnaformeera/Sumitomo/datapipeline/venv/lib/python3.11/site-packages/airflow/example_dags/example_python_decorator.py
[2025-08-31T18:58:39.230+0000] {processor.py:914} INFO - Processing file /home/krishnaformeera/Sumitomo/datapipeline/venv/lib/python3.11/site-packages/airflow/example_dags/example_python_decorator.py for tasks to queue
[2025-08-31T18:58:39.233+0000] {logging_mixin.py:190} INFO - [2025-08-31T18:58:39.232+0000] {dagbag.py:588} INFO - Filling up the DagBag from /home/krishnaformeera/Sumitomo/datapipeline/venv/lib/python3.11/site-packages/airflow/example_dags/example_python_decorator.py
[2025-08-31T18:58:39.242+0000] {logging_mixin.py:190} INFO - [2025-08-31T18:58:39.241+0000] {example_python_decorator.py:80} WARNING - The virtalenv_python example task requires virtualenv, please install it.
[2025-08-31T18:58:39.244+0000] {processor.py:925} INFO - DAG(s) 'example_python_decorator' retrieved from /home/krishnaformeera/Sumitomo/datapipeline/venv/lib/python3.11/site-packages/airflow/example_dags/example_python_decorator.py
[2025-08-31T18:58:39.262+0000] {logging_mixin.py:190} INFO - [2025-08-31T18:58:39.261+0000] {dag.py:3239} INFO - Sync 1 DAGs
[2025-08-31T18:58:39.276+0000] {logging_mixin.py:190} INFO - [2025-08-31T18:58:39.276+0000] {dag.py:4180} INFO - Setting next_dagrun for example_python_decorator to None, run_after=None
[2025-08-31T18:58:39.299+0000] {processor.py:208} INFO - Processing /home/krishnaformeera/Sumitomo/datapipeline/venv/lib/python3.11/site-packages/airflow/example_dags/example_python_decorator.py took 0.076 seconds
