[2025-08-31T18:31:09.329+0000] {processor.py:186} INFO - Started process (PID=5235) to work on /home/krishnaformeera/Sumitomo/datapipeline/venv/lib/python3.11/site-packages/airflow/example_dags/example_latest_only_with_trigger.py
[2025-08-31T18:31:09.330+0000] {processor.py:914} INFO - Processing file /home/krishnaformeera/Sumitomo/datapipeline/venv/lib/python3.11/site-packages/airflow/example_dags/example_latest_only_with_trigger.py for tasks to queue
[2025-08-31T18:31:09.332+0000] {logging_mixin.py:190} INFO - [2025-08-31T18:31:09.331+0000] {dagbag.py:588} INFO - Filling up the DagBag from /home/krishnaformeera/Sumitomo/datapipeline/venv/lib/python3.11/site-packages/airflow/example_dags/example_latest_only_with_trigger.py
[2025-08-31T18:31:09.339+0000] {processor.py:925} INFO - DAG(s) 'latest_only_with_trigger' retrieved from /home/krishnaformeera/Sumitomo/datapipeline/venv/lib/python3.11/site-packages/airflow/example_dags/example_latest_only_with_trigger.py
[2025-08-31T18:31:09.435+0000] {logging_mixin.py:190} INFO - [2025-08-31T18:31:09.434+0000] {override.py:1900} INFO - Created Permission View: can edit on DAG:latest_only_with_trigger
[2025-08-31T18:31:09.449+0000] {logging_mixin.py:190} INFO - [2025-08-31T18:31:09.449+0000] {override.py:1900} INFO - Created Permission View: can read on DAG:latest_only_with_trigger
[2025-08-31T18:31:09.458+0000] {logging_mixin.py:190} INFO - [2025-08-31T18:31:09.458+0000] {override.py:1900} INFO - Created Permission View: can delete on DAG:latest_only_with_trigger
[2025-08-31T18:31:09.472+0000] {logging_mixin.py:190} INFO - [2025-08-31T18:31:09.471+0000] {override.py:1900} INFO - Created Permission View: menu access on DAG Run:latest_only_with_trigger
[2025-08-31T18:31:09.481+0000] {logging_mixin.py:190} INFO - [2025-08-31T18:31:09.480+0000] {override.py:1900} INFO - Created Permission View: can read on DAG Run:latest_only_with_trigger
[2025-08-31T18:31:09.490+0000] {logging_mixin.py:190} INFO - [2025-08-31T18:31:09.489+0000] {override.py:1900} INFO - Created Permission View: can create on DAG Run:latest_only_with_trigger
[2025-08-31T18:31:09.499+0000] {logging_mixin.py:190} INFO - [2025-08-31T18:31:09.499+0000] {override.py:1900} INFO - Created Permission View: can delete on DAG Run:latest_only_with_trigger
[2025-08-31T18:31:09.500+0000] {logging_mixin.py:190} INFO - [2025-08-31T18:31:09.499+0000] {dag.py:3239} INFO - Sync 1 DAGs
[2025-08-31T18:31:09.512+0000] {logging_mixin.py:190} INFO - [2025-08-31T18:31:09.512+0000] {dag.py:3262} INFO - Creating ORM DAG for latest_only_with_trigger
[2025-08-31T18:31:09.519+0000] {logging_mixin.py:190} INFO - [2025-08-31T18:31:09.519+0000] {dag.py:4180} INFO - Setting next_dagrun for latest_only_with_trigger to 2025-08-31 12:00:00+00:00, run_after=2025-08-31 16:00:00+00:00
[2025-08-31T18:31:09.538+0000] {processor.py:208} INFO - Processing /home/krishnaformeera/Sumitomo/datapipeline/venv/lib/python3.11/site-packages/airflow/example_dags/example_latest_only_with_trigger.py took 0.214 seconds
[2025-08-31T18:32:15.531+0000] {processor.py:186} INFO - Started process (PID=5311) to work on /home/krishnaformeera/Sumitomo/datapipeline/venv/lib/python3.11/site-packages/airflow/example_dags/example_latest_only_with_trigger.py
[2025-08-31T18:32:15.532+0000] {processor.py:914} INFO - Processing file /home/krishnaformeera/Sumitomo/datapipeline/venv/lib/python3.11/site-packages/airflow/example_dags/example_latest_only_with_trigger.py for tasks to queue
[2025-08-31T18:32:15.535+0000] {logging_mixin.py:190} INFO - [2025-08-31T18:32:15.534+0000] {dagbag.py:588} INFO - Filling up the DagBag from /home/krishnaformeera/Sumitomo/datapipeline/venv/lib/python3.11/site-packages/airflow/example_dags/example_latest_only_with_trigger.py
[2025-08-31T18:32:15.544+0000] {processor.py:925} INFO - DAG(s) 'latest_only_with_trigger' retrieved from /home/krishnaformeera/Sumitomo/datapipeline/venv/lib/python3.11/site-packages/airflow/example_dags/example_latest_only_with_trigger.py
[2025-08-31T18:32:15.564+0000] {logging_mixin.py:190} INFO - [2025-08-31T18:32:15.564+0000] {dag.py:3239} INFO - Sync 1 DAGs
[2025-08-31T18:32:15.584+0000] {logging_mixin.py:190} INFO - [2025-08-31T18:32:15.584+0000] {dag.py:4180} INFO - Setting next_dagrun for latest_only_with_trigger to 2025-08-31 12:00:00+00:00, run_after=2025-08-31 16:00:00+00:00
[2025-08-31T18:32:15.607+0000] {processor.py:208} INFO - Processing /home/krishnaformeera/Sumitomo/datapipeline/venv/lib/python3.11/site-packages/airflow/example_dags/example_latest_only_with_trigger.py took 0.083 seconds
[2025-08-31T18:33:10.206+0000] {processor.py:186} INFO - Started process (PID=5367) to work on /home/krishnaformeera/Sumitomo/datapipeline/venv/lib/python3.11/site-packages/airflow/example_dags/example_latest_only_with_trigger.py
[2025-08-31T18:33:10.207+0000] {processor.py:914} INFO - Processing file /home/krishnaformeera/Sumitomo/datapipeline/venv/lib/python3.11/site-packages/airflow/example_dags/example_latest_only_with_trigger.py for tasks to queue
[2025-08-31T18:33:10.209+0000] {logging_mixin.py:190} INFO - [2025-08-31T18:33:10.209+0000] {dagbag.py:588} INFO - Filling up the DagBag from /home/krishnaformeera/Sumitomo/datapipeline/venv/lib/python3.11/site-packages/airflow/example_dags/example_latest_only_with_trigger.py
[2025-08-31T18:33:10.217+0000] {processor.py:925} INFO - DAG(s) 'latest_only_with_trigger' retrieved from /home/krishnaformeera/Sumitomo/datapipeline/venv/lib/python3.11/site-packages/airflow/example_dags/example_latest_only_with_trigger.py
[2025-08-31T18:33:10.233+0000] {logging_mixin.py:190} INFO - [2025-08-31T18:33:10.232+0000] {dag.py:3239} INFO - Sync 1 DAGs
[2025-08-31T18:33:10.343+0000] {logging_mixin.py:190} INFO - [2025-08-31T18:33:10.343+0000] {dag.py:4180} INFO - Setting next_dagrun for latest_only_with_trigger to 2025-08-31 12:00:00+00:00, run_after=2025-08-31 16:00:00+00:00
[2025-08-31T18:33:10.362+0000] {processor.py:208} INFO - Processing /home/krishnaformeera/Sumitomo/datapipeline/venv/lib/python3.11/site-packages/airflow/example_dags/example_latest_only_with_trigger.py took 0.162 seconds
[2025-08-31T18:34:07.702+0000] {processor.py:186} INFO - Started process (PID=5423) to work on /home/krishnaformeera/Sumitomo/datapipeline/venv/lib/python3.11/site-packages/airflow/example_dags/example_latest_only_with_trigger.py
[2025-08-31T18:34:07.703+0000] {processor.py:914} INFO - Processing file /home/krishnaformeera/Sumitomo/datapipeline/venv/lib/python3.11/site-packages/airflow/example_dags/example_latest_only_with_trigger.py for tasks to queue
[2025-08-31T18:34:07.705+0000] {logging_mixin.py:190} INFO - [2025-08-31T18:34:07.705+0000] {dagbag.py:588} INFO - Filling up the DagBag from /home/krishnaformeera/Sumitomo/datapipeline/venv/lib/python3.11/site-packages/airflow/example_dags/example_latest_only_with_trigger.py
[2025-08-31T18:34:07.714+0000] {processor.py:925} INFO - DAG(s) 'latest_only_with_trigger' retrieved from /home/krishnaformeera/Sumitomo/datapipeline/venv/lib/python3.11/site-packages/airflow/example_dags/example_latest_only_with_trigger.py
[2025-08-31T18:34:07.734+0000] {logging_mixin.py:190} INFO - [2025-08-31T18:34:07.733+0000] {dag.py:3239} INFO - Sync 1 DAGs
[2025-08-31T18:34:07.754+0000] {logging_mixin.py:190} INFO - [2025-08-31T18:34:07.754+0000] {dag.py:4180} INFO - Setting next_dagrun for latest_only_with_trigger to 2025-08-31 12:00:00+00:00, run_after=2025-08-31 16:00:00+00:00
[2025-08-31T18:34:07.780+0000] {processor.py:208} INFO - Processing /home/krishnaformeera/Sumitomo/datapipeline/venv/lib/python3.11/site-packages/airflow/example_dags/example_latest_only_with_trigger.py took 0.086 seconds
[2025-08-31T18:35:01.609+0000] {processor.py:186} INFO - Started process (PID=5479) to work on /home/krishnaformeera/Sumitomo/datapipeline/venv/lib/python3.11/site-packages/airflow/example_dags/example_latest_only_with_trigger.py
[2025-08-31T18:35:01.610+0000] {processor.py:914} INFO - Processing file /home/krishnaformeera/Sumitomo/datapipeline/venv/lib/python3.11/site-packages/airflow/example_dags/example_latest_only_with_trigger.py for tasks to queue
[2025-08-31T18:35:01.612+0000] {logging_mixin.py:190} INFO - [2025-08-31T18:35:01.612+0000] {dagbag.py:588} INFO - Filling up the DagBag from /home/krishnaformeera/Sumitomo/datapipeline/venv/lib/python3.11/site-packages/airflow/example_dags/example_latest_only_with_trigger.py
[2025-08-31T18:35:01.622+0000] {processor.py:925} INFO - DAG(s) 'latest_only_with_trigger' retrieved from /home/krishnaformeera/Sumitomo/datapipeline/venv/lib/python3.11/site-packages/airflow/example_dags/example_latest_only_with_trigger.py
[2025-08-31T18:35:01.641+0000] {logging_mixin.py:190} INFO - [2025-08-31T18:35:01.641+0000] {dag.py:3239} INFO - Sync 1 DAGs
[2025-08-31T18:35:01.662+0000] {logging_mixin.py:190} INFO - [2025-08-31T18:35:01.662+0000] {dag.py:4180} INFO - Setting next_dagrun for latest_only_with_trigger to 2025-08-31 12:00:00+00:00, run_after=2025-08-31 16:00:00+00:00
[2025-08-31T18:35:01.686+0000] {processor.py:208} INFO - Processing /home/krishnaformeera/Sumitomo/datapipeline/venv/lib/python3.11/site-packages/airflow/example_dags/example_latest_only_with_trigger.py took 0.085 seconds
[2025-08-31T18:35:51.997+0000] {processor.py:186} INFO - Started process (PID=5543) to work on /home/krishnaformeera/Sumitomo/datapipeline/venv/lib/python3.11/site-packages/airflow/example_dags/example_latest_only_with_trigger.py
[2025-08-31T18:35:51.998+0000] {processor.py:914} INFO - Processing file /home/krishnaformeera/Sumitomo/datapipeline/venv/lib/python3.11/site-packages/airflow/example_dags/example_latest_only_with_trigger.py for tasks to queue
[2025-08-31T18:35:52.000+0000] {logging_mixin.py:190} INFO - [2025-08-31T18:35:52.000+0000] {dagbag.py:588} INFO - Filling up the DagBag from /home/krishnaformeera/Sumitomo/datapipeline/venv/lib/python3.11/site-packages/airflow/example_dags/example_latest_only_with_trigger.py
[2025-08-31T18:35:52.008+0000] {processor.py:925} INFO - DAG(s) 'latest_only_with_trigger' retrieved from /home/krishnaformeera/Sumitomo/datapipeline/venv/lib/python3.11/site-packages/airflow/example_dags/example_latest_only_with_trigger.py
[2025-08-31T18:35:52.024+0000] {logging_mixin.py:190} INFO - [2025-08-31T18:35:52.023+0000] {dag.py:3239} INFO - Sync 1 DAGs
[2025-08-31T18:35:52.041+0000] {logging_mixin.py:190} INFO - [2025-08-31T18:35:52.041+0000] {dag.py:4180} INFO - Setting next_dagrun for latest_only_with_trigger to 2025-08-31 12:00:00+00:00, run_after=2025-08-31 16:00:00+00:00
[2025-08-31T18:35:52.064+0000] {processor.py:208} INFO - Processing /home/krishnaformeera/Sumitomo/datapipeline/venv/lib/python3.11/site-packages/airflow/example_dags/example_latest_only_with_trigger.py took 0.073 seconds
[2025-08-31T18:36:42.504+0000] {processor.py:186} INFO - Started process (PID=5608) to work on /home/krishnaformeera/Sumitomo/datapipeline/venv/lib/python3.11/site-packages/airflow/example_dags/example_latest_only_with_trigger.py
[2025-08-31T18:36:42.505+0000] {processor.py:914} INFO - Processing file /home/krishnaformeera/Sumitomo/datapipeline/venv/lib/python3.11/site-packages/airflow/example_dags/example_latest_only_with_trigger.py for tasks to queue
[2025-08-31T18:36:42.507+0000] {logging_mixin.py:190} INFO - [2025-08-31T18:36:42.507+0000] {dagbag.py:588} INFO - Filling up the DagBag from /home/krishnaformeera/Sumitomo/datapipeline/venv/lib/python3.11/site-packages/airflow/example_dags/example_latest_only_with_trigger.py
[2025-08-31T18:36:42.517+0000] {processor.py:925} INFO - DAG(s) 'latest_only_with_trigger' retrieved from /home/krishnaformeera/Sumitomo/datapipeline/venv/lib/python3.11/site-packages/airflow/example_dags/example_latest_only_with_trigger.py
[2025-08-31T18:36:42.536+0000] {logging_mixin.py:190} INFO - [2025-08-31T18:36:42.536+0000] {dag.py:3239} INFO - Sync 1 DAGs
[2025-08-31T18:36:42.556+0000] {logging_mixin.py:190} INFO - [2025-08-31T18:36:42.556+0000] {dag.py:4180} INFO - Setting next_dagrun for latest_only_with_trigger to 2025-08-31 12:00:00+00:00, run_after=2025-08-31 16:00:00+00:00
[2025-08-31T18:36:42.582+0000] {processor.py:208} INFO - Processing /home/krishnaformeera/Sumitomo/datapipeline/venv/lib/python3.11/site-packages/airflow/example_dags/example_latest_only_with_trigger.py took 0.086 seconds
[2025-08-31T18:37:32.937+0000] {processor.py:186} INFO - Started process (PID=5660) to work on /home/krishnaformeera/Sumitomo/datapipeline/venv/lib/python3.11/site-packages/airflow/example_dags/example_latest_only_with_trigger.py
[2025-08-31T18:37:32.938+0000] {processor.py:914} INFO - Processing file /home/krishnaformeera/Sumitomo/datapipeline/venv/lib/python3.11/site-packages/airflow/example_dags/example_latest_only_with_trigger.py for tasks to queue
[2025-08-31T18:37:32.940+0000] {logging_mixin.py:190} INFO - [2025-08-31T18:37:32.940+0000] {dagbag.py:588} INFO - Filling up the DagBag from /home/krishnaformeera/Sumitomo/datapipeline/venv/lib/python3.11/site-packages/airflow/example_dags/example_latest_only_with_trigger.py
[2025-08-31T18:37:32.948+0000] {processor.py:925} INFO - DAG(s) 'latest_only_with_trigger' retrieved from /home/krishnaformeera/Sumitomo/datapipeline/venv/lib/python3.11/site-packages/airflow/example_dags/example_latest_only_with_trigger.py
[2025-08-31T18:37:32.965+0000] {logging_mixin.py:190} INFO - [2025-08-31T18:37:32.965+0000] {dag.py:3239} INFO - Sync 1 DAGs
[2025-08-31T18:37:32.983+0000] {logging_mixin.py:190} INFO - [2025-08-31T18:37:32.983+0000] {dag.py:4180} INFO - Setting next_dagrun for latest_only_with_trigger to 2025-08-31 12:00:00+00:00, run_after=2025-08-31 16:00:00+00:00
[2025-08-31T18:37:33.005+0000] {processor.py:208} INFO - Processing /home/krishnaformeera/Sumitomo/datapipeline/venv/lib/python3.11/site-packages/airflow/example_dags/example_latest_only_with_trigger.py took 0.074 seconds
[2025-08-31T18:40:21.711+0000] {processor.py:186} INFO - Started process (PID=6140) to work on /home/krishnaformeera/Sumitomo/datapipeline/venv/lib/python3.11/site-packages/airflow/example_dags/example_latest_only_with_trigger.py
[2025-08-31T18:40:21.712+0000] {processor.py:914} INFO - Processing file /home/krishnaformeera/Sumitomo/datapipeline/venv/lib/python3.11/site-packages/airflow/example_dags/example_latest_only_with_trigger.py for tasks to queue
[2025-08-31T18:40:21.715+0000] {logging_mixin.py:190} INFO - [2025-08-31T18:40:21.714+0000] {dagbag.py:588} INFO - Filling up the DagBag from /home/krishnaformeera/Sumitomo/datapipeline/venv/lib/python3.11/site-packages/airflow/example_dags/example_latest_only_with_trigger.py
[2025-08-31T18:40:21.726+0000] {processor.py:925} INFO - DAG(s) 'latest_only_with_trigger' retrieved from /home/krishnaformeera/Sumitomo/datapipeline/venv/lib/python3.11/site-packages/airflow/example_dags/example_latest_only_with_trigger.py
[2025-08-31T18:40:21.751+0000] {logging_mixin.py:190} INFO - [2025-08-31T18:40:21.750+0000] {dag.py:3239} INFO - Sync 1 DAGs
[2025-08-31T18:40:21.774+0000] {logging_mixin.py:190} INFO - [2025-08-31T18:40:21.774+0000] {dag.py:4180} INFO - Setting next_dagrun for latest_only_with_trigger to 2025-08-31 12:00:00+00:00, run_after=2025-08-31 16:00:00+00:00
[2025-08-31T18:40:21.801+0000] {processor.py:208} INFO - Processing /home/krishnaformeera/Sumitomo/datapipeline/venv/lib/python3.11/site-packages/airflow/example_dags/example_latest_only_with_trigger.py took 0.097 seconds
[2025-08-31T18:41:17.119+0000] {processor.py:186} INFO - Started process (PID=6354) to work on /home/krishnaformeera/Sumitomo/datapipeline/venv/lib/python3.11/site-packages/airflow/example_dags/example_latest_only_with_trigger.py
[2025-08-31T18:41:17.121+0000] {processor.py:914} INFO - Processing file /home/krishnaformeera/Sumitomo/datapipeline/venv/lib/python3.11/site-packages/airflow/example_dags/example_latest_only_with_trigger.py for tasks to queue
[2025-08-31T18:41:17.124+0000] {logging_mixin.py:190} INFO - [2025-08-31T18:41:17.123+0000] {dagbag.py:588} INFO - Filling up the DagBag from /home/krishnaformeera/Sumitomo/datapipeline/venv/lib/python3.11/site-packages/airflow/example_dags/example_latest_only_with_trigger.py
[2025-08-31T18:41:17.135+0000] {processor.py:925} INFO - DAG(s) 'latest_only_with_trigger' retrieved from /home/krishnaformeera/Sumitomo/datapipeline/venv/lib/python3.11/site-packages/airflow/example_dags/example_latest_only_with_trigger.py
[2025-08-31T18:41:17.158+0000] {logging_mixin.py:190} INFO - [2025-08-31T18:41:17.158+0000] {dag.py:3239} INFO - Sync 1 DAGs
[2025-08-31T18:41:17.183+0000] {logging_mixin.py:190} INFO - [2025-08-31T18:41:17.183+0000] {dag.py:4180} INFO - Setting next_dagrun for latest_only_with_trigger to 2025-08-31 12:00:00+00:00, run_after=2025-08-31 16:00:00+00:00
[2025-08-31T18:41:17.212+0000] {processor.py:208} INFO - Processing /home/krishnaformeera/Sumitomo/datapipeline/venv/lib/python3.11/site-packages/airflow/example_dags/example_latest_only_with_trigger.py took 0.100 seconds
[2025-08-31T18:42:13.165+0000] {processor.py:186} INFO - Started process (PID=6556) to work on /home/krishnaformeera/Sumitomo/datapipeline/venv/lib/python3.11/site-packages/airflow/example_dags/example_latest_only_with_trigger.py
[2025-08-31T18:42:13.167+0000] {processor.py:914} INFO - Processing file /home/krishnaformeera/Sumitomo/datapipeline/venv/lib/python3.11/site-packages/airflow/example_dags/example_latest_only_with_trigger.py for tasks to queue
[2025-08-31T18:42:13.169+0000] {logging_mixin.py:190} INFO - [2025-08-31T18:42:13.169+0000] {dagbag.py:588} INFO - Filling up the DagBag from /home/krishnaformeera/Sumitomo/datapipeline/venv/lib/python3.11/site-packages/airflow/example_dags/example_latest_only_with_trigger.py
[2025-08-31T18:42:13.178+0000] {processor.py:925} INFO - DAG(s) 'latest_only_with_trigger' retrieved from /home/krishnaformeera/Sumitomo/datapipeline/venv/lib/python3.11/site-packages/airflow/example_dags/example_latest_only_with_trigger.py
[2025-08-31T18:42:13.198+0000] {logging_mixin.py:190} INFO - [2025-08-31T18:42:13.197+0000] {dag.py:3239} INFO - Sync 1 DAGs
[2025-08-31T18:42:13.333+0000] {logging_mixin.py:190} INFO - [2025-08-31T18:42:13.332+0000] {dag.py:4180} INFO - Setting next_dagrun for latest_only_with_trigger to 2025-08-31 12:00:00+00:00, run_after=2025-08-31 16:00:00+00:00
[2025-08-31T18:42:13.360+0000] {processor.py:208} INFO - Processing /home/krishnaformeera/Sumitomo/datapipeline/venv/lib/python3.11/site-packages/airflow/example_dags/example_latest_only_with_trigger.py took 0.202 seconds
[2025-08-31T18:43:14.678+0000] {processor.py:186} INFO - Started process (PID=6803) to work on /home/krishnaformeera/Sumitomo/datapipeline/venv/lib/python3.11/site-packages/airflow/example_dags/example_latest_only_with_trigger.py
[2025-08-31T18:43:14.679+0000] {processor.py:914} INFO - Processing file /home/krishnaformeera/Sumitomo/datapipeline/venv/lib/python3.11/site-packages/airflow/example_dags/example_latest_only_with_trigger.py for tasks to queue
[2025-08-31T18:43:14.681+0000] {logging_mixin.py:190} INFO - [2025-08-31T18:43:14.681+0000] {dagbag.py:588} INFO - Filling up the DagBag from /home/krishnaformeera/Sumitomo/datapipeline/venv/lib/python3.11/site-packages/airflow/example_dags/example_latest_only_with_trigger.py
[2025-08-31T18:43:14.689+0000] {processor.py:925} INFO - DAG(s) 'latest_only_with_trigger' retrieved from /home/krishnaformeera/Sumitomo/datapipeline/venv/lib/python3.11/site-packages/airflow/example_dags/example_latest_only_with_trigger.py
[2025-08-31T18:43:14.716+0000] {logging_mixin.py:190} INFO - [2025-08-31T18:43:14.716+0000] {dag.py:3239} INFO - Sync 1 DAGs
[2025-08-31T18:43:14.734+0000] {logging_mixin.py:190} INFO - [2025-08-31T18:43:14.734+0000] {dag.py:4180} INFO - Setting next_dagrun for latest_only_with_trigger to 2025-08-31 12:00:00+00:00, run_after=2025-08-31 16:00:00+00:00
[2025-08-31T18:43:14.757+0000] {processor.py:208} INFO - Processing /home/krishnaformeera/Sumitomo/datapipeline/venv/lib/python3.11/site-packages/airflow/example_dags/example_latest_only_with_trigger.py took 0.085 seconds
[2025-08-31T18:44:09.210+0000] {processor.py:186} INFO - Started process (PID=7037) to work on /home/krishnaformeera/Sumitomo/datapipeline/venv/lib/python3.11/site-packages/airflow/example_dags/example_latest_only_with_trigger.py
[2025-08-31T18:44:09.211+0000] {processor.py:914} INFO - Processing file /home/krishnaformeera/Sumitomo/datapipeline/venv/lib/python3.11/site-packages/airflow/example_dags/example_latest_only_with_trigger.py for tasks to queue
[2025-08-31T18:44:09.213+0000] {logging_mixin.py:190} INFO - [2025-08-31T18:44:09.213+0000] {dagbag.py:588} INFO - Filling up the DagBag from /home/krishnaformeera/Sumitomo/datapipeline/venv/lib/python3.11/site-packages/airflow/example_dags/example_latest_only_with_trigger.py
[2025-08-31T18:44:09.223+0000] {processor.py:925} INFO - DAG(s) 'latest_only_with_trigger' retrieved from /home/krishnaformeera/Sumitomo/datapipeline/venv/lib/python3.11/site-packages/airflow/example_dags/example_latest_only_with_trigger.py
[2025-08-31T18:44:09.242+0000] {logging_mixin.py:190} INFO - [2025-08-31T18:44:09.241+0000] {dag.py:3239} INFO - Sync 1 DAGs
[2025-08-31T18:44:09.262+0000] {logging_mixin.py:190} INFO - [2025-08-31T18:44:09.261+0000] {dag.py:4180} INFO - Setting next_dagrun for latest_only_with_trigger to 2025-08-31 12:00:00+00:00, run_after=2025-08-31 16:00:00+00:00
[2025-08-31T18:44:09.296+0000] {processor.py:208} INFO - Processing /home/krishnaformeera/Sumitomo/datapipeline/venv/lib/python3.11/site-packages/airflow/example_dags/example_latest_only_with_trigger.py took 0.093 seconds
[2025-08-31T18:44:59.156+0000] {processor.py:186} INFO - Started process (PID=7264) to work on /home/krishnaformeera/Sumitomo/datapipeline/venv/lib/python3.11/site-packages/airflow/example_dags/example_latest_only_with_trigger.py
[2025-08-31T18:44:59.158+0000] {processor.py:914} INFO - Processing file /home/krishnaformeera/Sumitomo/datapipeline/venv/lib/python3.11/site-packages/airflow/example_dags/example_latest_only_with_trigger.py for tasks to queue
[2025-08-31T18:44:59.160+0000] {logging_mixin.py:190} INFO - [2025-08-31T18:44:59.160+0000] {dagbag.py:588} INFO - Filling up the DagBag from /home/krishnaformeera/Sumitomo/datapipeline/venv/lib/python3.11/site-packages/airflow/example_dags/example_latest_only_with_trigger.py
[2025-08-31T18:44:59.171+0000] {processor.py:925} INFO - DAG(s) 'latest_only_with_trigger' retrieved from /home/krishnaformeera/Sumitomo/datapipeline/venv/lib/python3.11/site-packages/airflow/example_dags/example_latest_only_with_trigger.py
[2025-08-31T18:44:59.191+0000] {logging_mixin.py:190} INFO - [2025-08-31T18:44:59.191+0000] {dag.py:3239} INFO - Sync 1 DAGs
[2025-08-31T18:44:59.221+0000] {logging_mixin.py:190} INFO - [2025-08-31T18:44:59.221+0000] {dag.py:4180} INFO - Setting next_dagrun for latest_only_with_trigger to 2025-08-31 12:00:00+00:00, run_after=2025-08-31 16:00:00+00:00
[2025-08-31T18:44:59.252+0000] {processor.py:208} INFO - Processing /home/krishnaformeera/Sumitomo/datapipeline/venv/lib/python3.11/site-packages/airflow/example_dags/example_latest_only_with_trigger.py took 0.102 seconds
[2025-08-31T18:45:51.187+0000] {processor.py:186} INFO - Started process (PID=7548) to work on /home/krishnaformeera/Sumitomo/datapipeline/venv/lib/python3.11/site-packages/airflow/example_dags/example_latest_only_with_trigger.py
[2025-08-31T18:45:51.190+0000] {processor.py:914} INFO - Processing file /home/krishnaformeera/Sumitomo/datapipeline/venv/lib/python3.11/site-packages/airflow/example_dags/example_latest_only_with_trigger.py for tasks to queue
[2025-08-31T18:45:51.193+0000] {logging_mixin.py:190} INFO - [2025-08-31T18:45:51.193+0000] {dagbag.py:588} INFO - Filling up the DagBag from /home/krishnaformeera/Sumitomo/datapipeline/venv/lib/python3.11/site-packages/airflow/example_dags/example_latest_only_with_trigger.py
[2025-08-31T18:45:51.203+0000] {processor.py:925} INFO - DAG(s) 'latest_only_with_trigger' retrieved from /home/krishnaformeera/Sumitomo/datapipeline/venv/lib/python3.11/site-packages/airflow/example_dags/example_latest_only_with_trigger.py
[2025-08-31T18:45:51.225+0000] {logging_mixin.py:190} INFO - [2025-08-31T18:45:51.224+0000] {dag.py:3239} INFO - Sync 1 DAGs
[2025-08-31T18:45:51.252+0000] {logging_mixin.py:190} INFO - [2025-08-31T18:45:51.252+0000] {dag.py:4180} INFO - Setting next_dagrun for latest_only_with_trigger to 2025-08-31 12:00:00+00:00, run_after=2025-08-31 16:00:00+00:00
[2025-08-31T18:45:51.282+0000] {processor.py:208} INFO - Processing /home/krishnaformeera/Sumitomo/datapipeline/venv/lib/python3.11/site-packages/airflow/example_dags/example_latest_only_with_trigger.py took 0.103 seconds
[2025-08-31T18:46:43.327+0000] {processor.py:186} INFO - Started process (PID=7749) to work on /home/krishnaformeera/Sumitomo/datapipeline/venv/lib/python3.11/site-packages/airflow/example_dags/example_latest_only_with_trigger.py
[2025-08-31T18:46:43.328+0000] {processor.py:914} INFO - Processing file /home/krishnaformeera/Sumitomo/datapipeline/venv/lib/python3.11/site-packages/airflow/example_dags/example_latest_only_with_trigger.py for tasks to queue
[2025-08-31T18:46:43.331+0000] {logging_mixin.py:190} INFO - [2025-08-31T18:46:43.330+0000] {dagbag.py:588} INFO - Filling up the DagBag from /home/krishnaformeera/Sumitomo/datapipeline/venv/lib/python3.11/site-packages/airflow/example_dags/example_latest_only_with_trigger.py
[2025-08-31T18:46:43.341+0000] {processor.py:925} INFO - DAG(s) 'latest_only_with_trigger' retrieved from /home/krishnaformeera/Sumitomo/datapipeline/venv/lib/python3.11/site-packages/airflow/example_dags/example_latest_only_with_trigger.py
[2025-08-31T18:46:43.359+0000] {logging_mixin.py:190} INFO - [2025-08-31T18:46:43.359+0000] {dag.py:3239} INFO - Sync 1 DAGs
[2025-08-31T18:46:43.379+0000] {logging_mixin.py:190} INFO - [2025-08-31T18:46:43.379+0000] {dag.py:4180} INFO - Setting next_dagrun for latest_only_with_trigger to 2025-08-31 12:00:00+00:00, run_after=2025-08-31 16:00:00+00:00
[2025-08-31T18:46:43.405+0000] {processor.py:208} INFO - Processing /home/krishnaformeera/Sumitomo/datapipeline/venv/lib/python3.11/site-packages/airflow/example_dags/example_latest_only_with_trigger.py took 0.086 seconds
[2025-08-31T18:47:36.667+0000] {processor.py:186} INFO - Started process (PID=7805) to work on /home/krishnaformeera/Sumitomo/datapipeline/venv/lib/python3.11/site-packages/airflow/example_dags/example_latest_only_with_trigger.py
[2025-08-31T18:47:36.668+0000] {processor.py:914} INFO - Processing file /home/krishnaformeera/Sumitomo/datapipeline/venv/lib/python3.11/site-packages/airflow/example_dags/example_latest_only_with_trigger.py for tasks to queue
[2025-08-31T18:47:36.670+0000] {logging_mixin.py:190} INFO - [2025-08-31T18:47:36.670+0000] {dagbag.py:588} INFO - Filling up the DagBag from /home/krishnaformeera/Sumitomo/datapipeline/venv/lib/python3.11/site-packages/airflow/example_dags/example_latest_only_with_trigger.py
[2025-08-31T18:47:36.678+0000] {processor.py:925} INFO - DAG(s) 'latest_only_with_trigger' retrieved from /home/krishnaformeera/Sumitomo/datapipeline/venv/lib/python3.11/site-packages/airflow/example_dags/example_latest_only_with_trigger.py
[2025-08-31T18:47:36.695+0000] {logging_mixin.py:190} INFO - [2025-08-31T18:47:36.694+0000] {dag.py:3239} INFO - Sync 1 DAGs
[2025-08-31T18:47:36.714+0000] {logging_mixin.py:190} INFO - [2025-08-31T18:47:36.714+0000] {dag.py:4180} INFO - Setting next_dagrun for latest_only_with_trigger to 2025-08-31 12:00:00+00:00, run_after=2025-08-31 16:00:00+00:00
[2025-08-31T18:47:36.738+0000] {processor.py:208} INFO - Processing /home/krishnaformeera/Sumitomo/datapipeline/venv/lib/python3.11/site-packages/airflow/example_dags/example_latest_only_with_trigger.py took 0.078 seconds
[2025-08-31T18:48:25.838+0000] {processor.py:186} INFO - Started process (PID=7858) to work on /home/krishnaformeera/Sumitomo/datapipeline/venv/lib/python3.11/site-packages/airflow/example_dags/example_latest_only_with_trigger.py
[2025-08-31T18:48:25.839+0000] {processor.py:914} INFO - Processing file /home/krishnaformeera/Sumitomo/datapipeline/venv/lib/python3.11/site-packages/airflow/example_dags/example_latest_only_with_trigger.py for tasks to queue
[2025-08-31T18:48:25.841+0000] {logging_mixin.py:190} INFO - [2025-08-31T18:48:25.841+0000] {dagbag.py:588} INFO - Filling up the DagBag from /home/krishnaformeera/Sumitomo/datapipeline/venv/lib/python3.11/site-packages/airflow/example_dags/example_latest_only_with_trigger.py
[2025-08-31T18:48:25.850+0000] {processor.py:925} INFO - DAG(s) 'latest_only_with_trigger' retrieved from /home/krishnaformeera/Sumitomo/datapipeline/venv/lib/python3.11/site-packages/airflow/example_dags/example_latest_only_with_trigger.py
[2025-08-31T18:48:25.867+0000] {logging_mixin.py:190} INFO - [2025-08-31T18:48:25.866+0000] {dag.py:3239} INFO - Sync 1 DAGs
[2025-08-31T18:48:25.890+0000] {logging_mixin.py:190} INFO - [2025-08-31T18:48:25.890+0000] {dag.py:4180} INFO - Setting next_dagrun for latest_only_with_trigger to 2025-08-31 12:00:00+00:00, run_after=2025-08-31 16:00:00+00:00
[2025-08-31T18:48:25.920+0000] {processor.py:208} INFO - Processing /home/krishnaformeera/Sumitomo/datapipeline/venv/lib/python3.11/site-packages/airflow/example_dags/example_latest_only_with_trigger.py took 0.089 seconds
[2025-08-31T18:49:16.161+0000] {processor.py:186} INFO - Started process (PID=7914) to work on /home/krishnaformeera/Sumitomo/datapipeline/venv/lib/python3.11/site-packages/airflow/example_dags/example_latest_only_with_trigger.py
[2025-08-31T18:49:16.162+0000] {processor.py:914} INFO - Processing file /home/krishnaformeera/Sumitomo/datapipeline/venv/lib/python3.11/site-packages/airflow/example_dags/example_latest_only_with_trigger.py for tasks to queue
[2025-08-31T18:49:16.164+0000] {logging_mixin.py:190} INFO - [2025-08-31T18:49:16.164+0000] {dagbag.py:588} INFO - Filling up the DagBag from /home/krishnaformeera/Sumitomo/datapipeline/venv/lib/python3.11/site-packages/airflow/example_dags/example_latest_only_with_trigger.py
[2025-08-31T18:49:16.174+0000] {processor.py:925} INFO - DAG(s) 'latest_only_with_trigger' retrieved from /home/krishnaformeera/Sumitomo/datapipeline/venv/lib/python3.11/site-packages/airflow/example_dags/example_latest_only_with_trigger.py
[2025-08-31T18:49:16.196+0000] {logging_mixin.py:190} INFO - [2025-08-31T18:49:16.196+0000] {dag.py:3239} INFO - Sync 1 DAGs
[2025-08-31T18:49:16.225+0000] {logging_mixin.py:190} INFO - [2025-08-31T18:49:16.224+0000] {dag.py:4180} INFO - Setting next_dagrun for latest_only_with_trigger to 2025-08-31 12:00:00+00:00, run_after=2025-08-31 16:00:00+00:00
[2025-08-31T18:49:16.250+0000] {processor.py:208} INFO - Processing /home/krishnaformeera/Sumitomo/datapipeline/venv/lib/python3.11/site-packages/airflow/example_dags/example_latest_only_with_trigger.py took 0.098 seconds
[2025-08-31T18:50:09.595+0000] {processor.py:186} INFO - Started process (PID=8020) to work on /home/krishnaformeera/Sumitomo/datapipeline/venv/lib/python3.11/site-packages/airflow/example_dags/example_latest_only_with_trigger.py
[2025-08-31T18:50:09.597+0000] {processor.py:914} INFO - Processing file /home/krishnaformeera/Sumitomo/datapipeline/venv/lib/python3.11/site-packages/airflow/example_dags/example_latest_only_with_trigger.py for tasks to queue
[2025-08-31T18:50:09.600+0000] {logging_mixin.py:190} INFO - [2025-08-31T18:50:09.599+0000] {dagbag.py:588} INFO - Filling up the DagBag from /home/krishnaformeera/Sumitomo/datapipeline/venv/lib/python3.11/site-packages/airflow/example_dags/example_latest_only_with_trigger.py
[2025-08-31T18:50:09.610+0000] {processor.py:925} INFO - DAG(s) 'latest_only_with_trigger' retrieved from /home/krishnaformeera/Sumitomo/datapipeline/venv/lib/python3.11/site-packages/airflow/example_dags/example_latest_only_with_trigger.py
[2025-08-31T18:50:09.630+0000] {logging_mixin.py:190} INFO - [2025-08-31T18:50:09.630+0000] {dag.py:3239} INFO - Sync 1 DAGs
[2025-08-31T18:50:09.653+0000] {logging_mixin.py:190} INFO - [2025-08-31T18:50:09.652+0000] {dag.py:4180} INFO - Setting next_dagrun for latest_only_with_trigger to 2025-08-31 12:00:00+00:00, run_after=2025-08-31 16:00:00+00:00
[2025-08-31T18:50:09.676+0000] {processor.py:208} INFO - Processing /home/krishnaformeera/Sumitomo/datapipeline/venv/lib/python3.11/site-packages/airflow/example_dags/example_latest_only_with_trigger.py took 0.088 seconds
[2025-08-31T18:51:01.397+0000] {processor.py:186} INFO - Started process (PID=8098) to work on /home/krishnaformeera/Sumitomo/datapipeline/venv/lib/python3.11/site-packages/airflow/example_dags/example_latest_only_with_trigger.py
[2025-08-31T18:51:01.398+0000] {processor.py:914} INFO - Processing file /home/krishnaformeera/Sumitomo/datapipeline/venv/lib/python3.11/site-packages/airflow/example_dags/example_latest_only_with_trigger.py for tasks to queue
[2025-08-31T18:51:01.400+0000] {logging_mixin.py:190} INFO - [2025-08-31T18:51:01.400+0000] {dagbag.py:588} INFO - Filling up the DagBag from /home/krishnaformeera/Sumitomo/datapipeline/venv/lib/python3.11/site-packages/airflow/example_dags/example_latest_only_with_trigger.py
[2025-08-31T18:51:01.408+0000] {processor.py:925} INFO - DAG(s) 'latest_only_with_trigger' retrieved from /home/krishnaformeera/Sumitomo/datapipeline/venv/lib/python3.11/site-packages/airflow/example_dags/example_latest_only_with_trigger.py
[2025-08-31T18:51:01.432+0000] {logging_mixin.py:190} INFO - [2025-08-31T18:51:01.432+0000] {dag.py:3239} INFO - Sync 1 DAGs
[2025-08-31T18:51:01.456+0000] {logging_mixin.py:190} INFO - [2025-08-31T18:51:01.456+0000] {dag.py:4180} INFO - Setting next_dagrun for latest_only_with_trigger to 2025-08-31 12:00:00+00:00, run_after=2025-08-31 16:00:00+00:00
[2025-08-31T18:51:01.481+0000] {processor.py:208} INFO - Processing /home/krishnaformeera/Sumitomo/datapipeline/venv/lib/python3.11/site-packages/airflow/example_dags/example_latest_only_with_trigger.py took 0.090 seconds
[2025-08-31T18:51:50.829+0000] {processor.py:186} INFO - Started process (PID=8180) to work on /home/krishnaformeera/Sumitomo/datapipeline/venv/lib/python3.11/site-packages/airflow/example_dags/example_latest_only_with_trigger.py
[2025-08-31T18:51:50.830+0000] {processor.py:914} INFO - Processing file /home/krishnaformeera/Sumitomo/datapipeline/venv/lib/python3.11/site-packages/airflow/example_dags/example_latest_only_with_trigger.py for tasks to queue
[2025-08-31T18:51:50.833+0000] {logging_mixin.py:190} INFO - [2025-08-31T18:51:50.832+0000] {dagbag.py:588} INFO - Filling up the DagBag from /home/krishnaformeera/Sumitomo/datapipeline/venv/lib/python3.11/site-packages/airflow/example_dags/example_latest_only_with_trigger.py
[2025-08-31T18:51:50.841+0000] {processor.py:925} INFO - DAG(s) 'latest_only_with_trigger' retrieved from /home/krishnaformeera/Sumitomo/datapipeline/venv/lib/python3.11/site-packages/airflow/example_dags/example_latest_only_with_trigger.py
[2025-08-31T18:51:50.857+0000] {logging_mixin.py:190} INFO - [2025-08-31T18:51:50.856+0000] {dag.py:3239} INFO - Sync 1 DAGs
[2025-08-31T18:51:50.874+0000] {logging_mixin.py:190} INFO - [2025-08-31T18:51:50.874+0000] {dag.py:4180} INFO - Setting next_dagrun for latest_only_with_trigger to 2025-08-31 12:00:00+00:00, run_after=2025-08-31 16:00:00+00:00
[2025-08-31T18:51:50.903+0000] {processor.py:208} INFO - Processing /home/krishnaformeera/Sumitomo/datapipeline/venv/lib/python3.11/site-packages/airflow/example_dags/example_latest_only_with_trigger.py took 0.080 seconds
[2025-08-31T18:52:41.866+0000] {processor.py:186} INFO - Started process (PID=8250) to work on /home/krishnaformeera/Sumitomo/datapipeline/venv/lib/python3.11/site-packages/airflow/example_dags/example_latest_only_with_trigger.py
[2025-08-31T18:52:41.867+0000] {processor.py:914} INFO - Processing file /home/krishnaformeera/Sumitomo/datapipeline/venv/lib/python3.11/site-packages/airflow/example_dags/example_latest_only_with_trigger.py for tasks to queue
[2025-08-31T18:52:41.869+0000] {logging_mixin.py:190} INFO - [2025-08-31T18:52:41.869+0000] {dagbag.py:588} INFO - Filling up the DagBag from /home/krishnaformeera/Sumitomo/datapipeline/venv/lib/python3.11/site-packages/airflow/example_dags/example_latest_only_with_trigger.py
[2025-08-31T18:52:41.877+0000] {processor.py:925} INFO - DAG(s) 'latest_only_with_trigger' retrieved from /home/krishnaformeera/Sumitomo/datapipeline/venv/lib/python3.11/site-packages/airflow/example_dags/example_latest_only_with_trigger.py
[2025-08-31T18:52:41.894+0000] {logging_mixin.py:190} INFO - [2025-08-31T18:52:41.894+0000] {dag.py:3239} INFO - Sync 1 DAGs
[2025-08-31T18:52:41.912+0000] {logging_mixin.py:190} INFO - [2025-08-31T18:52:41.911+0000] {dag.py:4180} INFO - Setting next_dagrun for latest_only_with_trigger to 2025-08-31 12:00:00+00:00, run_after=2025-08-31 16:00:00+00:00
[2025-08-31T18:52:41.931+0000] {processor.py:208} INFO - Processing /home/krishnaformeera/Sumitomo/datapipeline/venv/lib/python3.11/site-packages/airflow/example_dags/example_latest_only_with_trigger.py took 0.071 seconds
[2025-08-31T18:53:30.395+0000] {processor.py:186} INFO - Started process (PID=8304) to work on /home/krishnaformeera/Sumitomo/datapipeline/venv/lib/python3.11/site-packages/airflow/example_dags/example_latest_only_with_trigger.py
[2025-08-31T18:53:30.396+0000] {processor.py:914} INFO - Processing file /home/krishnaformeera/Sumitomo/datapipeline/venv/lib/python3.11/site-packages/airflow/example_dags/example_latest_only_with_trigger.py for tasks to queue
[2025-08-31T18:53:30.399+0000] {logging_mixin.py:190} INFO - [2025-08-31T18:53:30.399+0000] {dagbag.py:588} INFO - Filling up the DagBag from /home/krishnaformeera/Sumitomo/datapipeline/venv/lib/python3.11/site-packages/airflow/example_dags/example_latest_only_with_trigger.py
[2025-08-31T18:53:30.410+0000] {processor.py:925} INFO - DAG(s) 'latest_only_with_trigger' retrieved from /home/krishnaformeera/Sumitomo/datapipeline/venv/lib/python3.11/site-packages/airflow/example_dags/example_latest_only_with_trigger.py
[2025-08-31T18:53:30.427+0000] {logging_mixin.py:190} INFO - [2025-08-31T18:53:30.427+0000] {dag.py:3239} INFO - Sync 1 DAGs
[2025-08-31T18:53:30.446+0000] {logging_mixin.py:190} INFO - [2025-08-31T18:53:30.446+0000] {dag.py:4180} INFO - Setting next_dagrun for latest_only_with_trigger to 2025-08-31 12:00:00+00:00, run_after=2025-08-31 16:00:00+00:00
[2025-08-31T18:53:30.468+0000] {processor.py:208} INFO - Processing /home/krishnaformeera/Sumitomo/datapipeline/venv/lib/python3.11/site-packages/airflow/example_dags/example_latest_only_with_trigger.py took 0.082 seconds
[2025-08-31T18:54:20.369+0000] {processor.py:186} INFO - Started process (PID=8497) to work on /home/krishnaformeera/Sumitomo/datapipeline/venv/lib/python3.11/site-packages/airflow/example_dags/example_latest_only_with_trigger.py
[2025-08-31T18:54:20.370+0000] {processor.py:914} INFO - Processing file /home/krishnaformeera/Sumitomo/datapipeline/venv/lib/python3.11/site-packages/airflow/example_dags/example_latest_only_with_trigger.py for tasks to queue
[2025-08-31T18:54:20.373+0000] {logging_mixin.py:190} INFO - [2025-08-31T18:54:20.373+0000] {dagbag.py:588} INFO - Filling up the DagBag from /home/krishnaformeera/Sumitomo/datapipeline/venv/lib/python3.11/site-packages/airflow/example_dags/example_latest_only_with_trigger.py
[2025-08-31T18:54:20.383+0000] {processor.py:925} INFO - DAG(s) 'latest_only_with_trigger' retrieved from /home/krishnaformeera/Sumitomo/datapipeline/venv/lib/python3.11/site-packages/airflow/example_dags/example_latest_only_with_trigger.py
[2025-08-31T18:54:20.403+0000] {logging_mixin.py:190} INFO - [2025-08-31T18:54:20.403+0000] {dag.py:3239} INFO - Sync 1 DAGs
[2025-08-31T18:54:20.424+0000] {logging_mixin.py:190} INFO - [2025-08-31T18:54:20.424+0000] {dag.py:4180} INFO - Setting next_dagrun for latest_only_with_trigger to 2025-08-31 12:00:00+00:00, run_after=2025-08-31 16:00:00+00:00
[2025-08-31T18:54:20.448+0000] {processor.py:208} INFO - Processing /home/krishnaformeera/Sumitomo/datapipeline/venv/lib/python3.11/site-packages/airflow/example_dags/example_latest_only_with_trigger.py took 0.087 seconds
[2025-08-31T18:55:12.233+0000] {processor.py:186} INFO - Started process (PID=8576) to work on /home/krishnaformeera/Sumitomo/datapipeline/venv/lib/python3.11/site-packages/airflow/example_dags/example_latest_only_with_trigger.py
[2025-08-31T18:55:12.234+0000] {processor.py:914} INFO - Processing file /home/krishnaformeera/Sumitomo/datapipeline/venv/lib/python3.11/site-packages/airflow/example_dags/example_latest_only_with_trigger.py for tasks to queue
[2025-08-31T18:55:12.237+0000] {logging_mixin.py:190} INFO - [2025-08-31T18:55:12.237+0000] {dagbag.py:588} INFO - Filling up the DagBag from /home/krishnaformeera/Sumitomo/datapipeline/venv/lib/python3.11/site-packages/airflow/example_dags/example_latest_only_with_trigger.py
[2025-08-31T18:55:12.246+0000] {processor.py:925} INFO - DAG(s) 'latest_only_with_trigger' retrieved from /home/krishnaformeera/Sumitomo/datapipeline/venv/lib/python3.11/site-packages/airflow/example_dags/example_latest_only_with_trigger.py
[2025-08-31T18:55:12.264+0000] {logging_mixin.py:190} INFO - [2025-08-31T18:55:12.264+0000] {dag.py:3239} INFO - Sync 1 DAGs
[2025-08-31T18:55:12.287+0000] {logging_mixin.py:190} INFO - [2025-08-31T18:55:12.286+0000] {dag.py:4180} INFO - Setting next_dagrun for latest_only_with_trigger to 2025-08-31 12:00:00+00:00, run_after=2025-08-31 16:00:00+00:00
[2025-08-31T18:55:12.312+0000] {processor.py:208} INFO - Processing /home/krishnaformeera/Sumitomo/datapipeline/venv/lib/python3.11/site-packages/airflow/example_dags/example_latest_only_with_trigger.py took 0.087 seconds
[2025-08-31T18:56:04.088+0000] {processor.py:186} INFO - Started process (PID=8628) to work on /home/krishnaformeera/Sumitomo/datapipeline/venv/lib/python3.11/site-packages/airflow/example_dags/example_latest_only_with_trigger.py
[2025-08-31T18:56:04.089+0000] {processor.py:914} INFO - Processing file /home/krishnaformeera/Sumitomo/datapipeline/venv/lib/python3.11/site-packages/airflow/example_dags/example_latest_only_with_trigger.py for tasks to queue
[2025-08-31T18:56:04.091+0000] {logging_mixin.py:190} INFO - [2025-08-31T18:56:04.091+0000] {dagbag.py:588} INFO - Filling up the DagBag from /home/krishnaformeera/Sumitomo/datapipeline/venv/lib/python3.11/site-packages/airflow/example_dags/example_latest_only_with_trigger.py
[2025-08-31T18:56:04.099+0000] {processor.py:925} INFO - DAG(s) 'latest_only_with_trigger' retrieved from /home/krishnaformeera/Sumitomo/datapipeline/venv/lib/python3.11/site-packages/airflow/example_dags/example_latest_only_with_trigger.py
[2025-08-31T18:56:04.115+0000] {logging_mixin.py:190} INFO - [2025-08-31T18:56:04.115+0000] {dag.py:3239} INFO - Sync 1 DAGs
[2025-08-31T18:56:04.133+0000] {logging_mixin.py:190} INFO - [2025-08-31T18:56:04.133+0000] {dag.py:4180} INFO - Setting next_dagrun for latest_only_with_trigger to 2025-08-31 12:00:00+00:00, run_after=2025-08-31 16:00:00+00:00
[2025-08-31T18:56:04.158+0000] {processor.py:208} INFO - Processing /home/krishnaformeera/Sumitomo/datapipeline/venv/lib/python3.11/site-packages/airflow/example_dags/example_latest_only_with_trigger.py took 0.076 seconds
[2025-08-31T18:56:57.546+0000] {processor.py:186} INFO - Started process (PID=8696) to work on /home/krishnaformeera/Sumitomo/datapipeline/venv/lib/python3.11/site-packages/airflow/example_dags/example_latest_only_with_trigger.py
[2025-08-31T18:56:57.547+0000] {processor.py:914} INFO - Processing file /home/krishnaformeera/Sumitomo/datapipeline/venv/lib/python3.11/site-packages/airflow/example_dags/example_latest_only_with_trigger.py for tasks to queue
[2025-08-31T18:56:57.550+0000] {logging_mixin.py:190} INFO - [2025-08-31T18:56:57.549+0000] {dagbag.py:588} INFO - Filling up the DagBag from /home/krishnaformeera/Sumitomo/datapipeline/venv/lib/python3.11/site-packages/airflow/example_dags/example_latest_only_with_trigger.py
[2025-08-31T18:56:57.560+0000] {processor.py:925} INFO - DAG(s) 'latest_only_with_trigger' retrieved from /home/krishnaformeera/Sumitomo/datapipeline/venv/lib/python3.11/site-packages/airflow/example_dags/example_latest_only_with_trigger.py
[2025-08-31T18:56:57.579+0000] {logging_mixin.py:190} INFO - [2025-08-31T18:56:57.579+0000] {dag.py:3239} INFO - Sync 1 DAGs
[2025-08-31T18:56:57.600+0000] {logging_mixin.py:190} INFO - [2025-08-31T18:56:57.600+0000] {dag.py:4180} INFO - Setting next_dagrun for latest_only_with_trigger to 2025-08-31 12:00:00+00:00, run_after=2025-08-31 16:00:00+00:00
[2025-08-31T18:56:57.626+0000] {processor.py:208} INFO - Processing /home/krishnaformeera/Sumitomo/datapipeline/venv/lib/python3.11/site-packages/airflow/example_dags/example_latest_only_with_trigger.py took 0.088 seconds
[2025-08-31T18:57:50.711+0000] {processor.py:186} INFO - Started process (PID=8750) to work on /home/krishnaformeera/Sumitomo/datapipeline/venv/lib/python3.11/site-packages/airflow/example_dags/example_latest_only_with_trigger.py
[2025-08-31T18:57:50.712+0000] {processor.py:914} INFO - Processing file /home/krishnaformeera/Sumitomo/datapipeline/venv/lib/python3.11/site-packages/airflow/example_dags/example_latest_only_with_trigger.py for tasks to queue
[2025-08-31T18:57:50.714+0000] {logging_mixin.py:190} INFO - [2025-08-31T18:57:50.714+0000] {dagbag.py:588} INFO - Filling up the DagBag from /home/krishnaformeera/Sumitomo/datapipeline/venv/lib/python3.11/site-packages/airflow/example_dags/example_latest_only_with_trigger.py
[2025-08-31T18:57:50.723+0000] {processor.py:925} INFO - DAG(s) 'latest_only_with_trigger' retrieved from /home/krishnaformeera/Sumitomo/datapipeline/venv/lib/python3.11/site-packages/airflow/example_dags/example_latest_only_with_trigger.py
[2025-08-31T18:57:50.742+0000] {logging_mixin.py:190} INFO - [2025-08-31T18:57:50.742+0000] {dag.py:3239} INFO - Sync 1 DAGs
[2025-08-31T18:57:50.760+0000] {logging_mixin.py:190} INFO - [2025-08-31T18:57:50.760+0000] {dag.py:4180} INFO - Setting next_dagrun for latest_only_with_trigger to 2025-08-31 12:00:00+00:00, run_after=2025-08-31 16:00:00+00:00
[2025-08-31T18:57:50.783+0000] {processor.py:208} INFO - Processing /home/krishnaformeera/Sumitomo/datapipeline/venv/lib/python3.11/site-packages/airflow/example_dags/example_latest_only_with_trigger.py took 0.080 seconds
[2025-08-31T18:58:44.187+0000] {processor.py:186} INFO - Started process (PID=8803) to work on /home/krishnaformeera/Sumitomo/datapipeline/venv/lib/python3.11/site-packages/airflow/example_dags/example_latest_only_with_trigger.py
[2025-08-31T18:58:44.188+0000] {processor.py:914} INFO - Processing file /home/krishnaformeera/Sumitomo/datapipeline/venv/lib/python3.11/site-packages/airflow/example_dags/example_latest_only_with_trigger.py for tasks to queue
[2025-08-31T18:58:44.191+0000] {logging_mixin.py:190} INFO - [2025-08-31T18:58:44.191+0000] {dagbag.py:588} INFO - Filling up the DagBag from /home/krishnaformeera/Sumitomo/datapipeline/venv/lib/python3.11/site-packages/airflow/example_dags/example_latest_only_with_trigger.py
[2025-08-31T18:58:44.201+0000] {processor.py:925} INFO - DAG(s) 'latest_only_with_trigger' retrieved from /home/krishnaformeera/Sumitomo/datapipeline/venv/lib/python3.11/site-packages/airflow/example_dags/example_latest_only_with_trigger.py
[2025-08-31T18:58:44.219+0000] {logging_mixin.py:190} INFO - [2025-08-31T18:58:44.218+0000] {dag.py:3239} INFO - Sync 1 DAGs
[2025-08-31T18:58:44.240+0000] {logging_mixin.py:190} INFO - [2025-08-31T18:58:44.240+0000] {dag.py:4180} INFO - Setting next_dagrun for latest_only_with_trigger to 2025-08-31 12:00:00+00:00, run_after=2025-08-31 16:00:00+00:00
[2025-08-31T18:58:44.266+0000] {processor.py:208} INFO - Processing /home/krishnaformeera/Sumitomo/datapipeline/venv/lib/python3.11/site-packages/airflow/example_dags/example_latest_only_with_trigger.py took 0.088 seconds
