[2025-08-31T18:31:36.038+0000] {processor.py:186} INFO - Started process (PID=5271) to work on /home/krishnaformeera/Sumitomo/datapipeline/venv/lib/python3.11/site-packages/airflow/example_dags/example_branch_operator.py
[2025-08-31T18:31:36.039+0000] {processor.py:914} INFO - Processing file /home/krishnaformeera/Sumitomo/datapipeline/venv/lib/python3.11/site-packages/airflow/example_dags/example_branch_operator.py for tasks to queue
[2025-08-31T18:31:36.041+0000] {logging_mixin.py:190} INFO - [2025-08-31T18:31:36.041+0000] {dagbag.py:588} INFO - Filling up the DagBag from /home/krishnaformeera/Sumitomo/datapipeline/venv/lib/python3.11/site-packages/airflow/example_dags/example_branch_operator.py
[2025-08-31T18:31:36.044+0000] {processor.py:927} WARNING - No viable dags retrieved from /home/krishnaformeera/Sumitomo/datapipeline/venv/lib/python3.11/site-packages/airflow/example_dags/example_branch_operator.py
[2025-08-31T18:31:36.054+0000] {processor.py:208} INFO - Processing /home/krishnaformeera/Sumitomo/datapipeline/venv/lib/python3.11/site-packages/airflow/example_dags/example_branch_operator.py took 0.022 seconds
[2025-08-31T18:32:36.468+0000] {processor.py:186} INFO - Started process (PID=5331) to work on /home/krishnaformeera/Sumitomo/datapipeline/venv/lib/python3.11/site-packages/airflow/example_dags/example_branch_operator.py
[2025-08-31T18:32:36.469+0000] {processor.py:914} INFO - Processing file /home/krishnaformeera/Sumitomo/datapipeline/venv/lib/python3.11/site-packages/airflow/example_dags/example_branch_operator.py for tasks to queue
[2025-08-31T18:32:36.471+0000] {logging_mixin.py:190} INFO - [2025-08-31T18:32:36.471+0000] {dagbag.py:588} INFO - Filling up the DagBag from /home/krishnaformeera/Sumitomo/datapipeline/venv/lib/python3.11/site-packages/airflow/example_dags/example_branch_operator.py
[2025-08-31T18:32:36.474+0000] {processor.py:927} WARNING - No viable dags retrieved from /home/krishnaformeera/Sumitomo/datapipeline/venv/lib/python3.11/site-packages/airflow/example_dags/example_branch_operator.py
[2025-08-31T18:32:36.488+0000] {processor.py:208} INFO - Processing /home/krishnaformeera/Sumitomo/datapipeline/venv/lib/python3.11/site-packages/airflow/example_dags/example_branch_operator.py took 0.027 seconds
[2025-08-31T18:33:51.495+0000] {processor.py:186} INFO - Started process (PID=5407) to work on /home/krishnaformeera/Sumitomo/datapipeline/venv/lib/python3.11/site-packages/airflow/example_dags/example_branch_operator.py
[2025-08-31T18:33:51.497+0000] {processor.py:914} INFO - Processing file /home/krishnaformeera/Sumitomo/datapipeline/venv/lib/python3.11/site-packages/airflow/example_dags/example_branch_operator.py for tasks to queue
[2025-08-31T18:33:51.499+0000] {logging_mixin.py:190} INFO - [2025-08-31T18:33:51.498+0000] {dagbag.py:588} INFO - Filling up the DagBag from /home/krishnaformeera/Sumitomo/datapipeline/venv/lib/python3.11/site-packages/airflow/example_dags/example_branch_operator.py
[2025-08-31T18:33:51.501+0000] {processor.py:927} WARNING - No viable dags retrieved from /home/krishnaformeera/Sumitomo/datapipeline/venv/lib/python3.11/site-packages/airflow/example_dags/example_branch_operator.py
[2025-08-31T18:33:51.512+0000] {processor.py:208} INFO - Processing /home/krishnaformeera/Sumitomo/datapipeline/venv/lib/python3.11/site-packages/airflow/example_dags/example_branch_operator.py took 0.022 seconds
[2025-08-31T18:34:46.593+0000] {processor.py:186} INFO - Started process (PID=5464) to work on /home/krishnaformeera/Sumitomo/datapipeline/venv/lib/python3.11/site-packages/airflow/example_dags/example_branch_operator.py
[2025-08-31T18:34:46.595+0000] {processor.py:914} INFO - Processing file /home/krishnaformeera/Sumitomo/datapipeline/venv/lib/python3.11/site-packages/airflow/example_dags/example_branch_operator.py for tasks to queue
[2025-08-31T18:34:46.597+0000] {logging_mixin.py:190} INFO - [2025-08-31T18:34:46.597+0000] {dagbag.py:588} INFO - Filling up the DagBag from /home/krishnaformeera/Sumitomo/datapipeline/venv/lib/python3.11/site-packages/airflow/example_dags/example_branch_operator.py
[2025-08-31T18:34:46.600+0000] {processor.py:927} WARNING - No viable dags retrieved from /home/krishnaformeera/Sumitomo/datapipeline/venv/lib/python3.11/site-packages/airflow/example_dags/example_branch_operator.py
[2025-08-31T18:34:46.614+0000] {processor.py:208} INFO - Processing /home/krishnaformeera/Sumitomo/datapipeline/venv/lib/python3.11/site-packages/airflow/example_dags/example_branch_operator.py took 0.029 seconds
[2025-08-31T18:36:02.218+0000] {processor.py:186} INFO - Started process (PID=5553) to work on /home/krishnaformeera/Sumitomo/datapipeline/venv/lib/python3.11/site-packages/airflow/example_dags/example_branch_operator.py
[2025-08-31T18:36:02.220+0000] {processor.py:914} INFO - Processing file /home/krishnaformeera/Sumitomo/datapipeline/venv/lib/python3.11/site-packages/airflow/example_dags/example_branch_operator.py for tasks to queue
[2025-08-31T18:36:02.223+0000] {logging_mixin.py:190} INFO - [2025-08-31T18:36:02.223+0000] {dagbag.py:588} INFO - Filling up the DagBag from /home/krishnaformeera/Sumitomo/datapipeline/venv/lib/python3.11/site-packages/airflow/example_dags/example_branch_operator.py
[2025-08-31T18:36:02.229+0000] {processor.py:927} WARNING - No viable dags retrieved from /home/krishnaformeera/Sumitomo/datapipeline/venv/lib/python3.11/site-packages/airflow/example_dags/example_branch_operator.py
[2025-08-31T18:36:02.249+0000] {processor.py:208} INFO - Processing /home/krishnaformeera/Sumitomo/datapipeline/venv/lib/python3.11/site-packages/airflow/example_dags/example_branch_operator.py took 0.040 seconds
[2025-08-31T18:37:18.609+0000] {processor.py:186} INFO - Started process (PID=5645) to work on /home/krishnaformeera/Sumitomo/datapipeline/venv/lib/python3.11/site-packages/airflow/example_dags/example_branch_operator.py
[2025-08-31T18:37:18.610+0000] {processor.py:914} INFO - Processing file /home/krishnaformeera/Sumitomo/datapipeline/venv/lib/python3.11/site-packages/airflow/example_dags/example_branch_operator.py for tasks to queue
[2025-08-31T18:37:18.613+0000] {logging_mixin.py:190} INFO - [2025-08-31T18:37:18.613+0000] {dagbag.py:588} INFO - Filling up the DagBag from /home/krishnaformeera/Sumitomo/datapipeline/venv/lib/python3.11/site-packages/airflow/example_dags/example_branch_operator.py
[2025-08-31T18:37:18.616+0000] {processor.py:927} WARNING - No viable dags retrieved from /home/krishnaformeera/Sumitomo/datapipeline/venv/lib/python3.11/site-packages/airflow/example_dags/example_branch_operator.py
[2025-08-31T18:37:18.630+0000] {processor.py:208} INFO - Processing /home/krishnaformeera/Sumitomo/datapipeline/venv/lib/python3.11/site-packages/airflow/example_dags/example_branch_operator.py took 0.028 seconds
[2025-08-31T18:40:42.581+0000] {processor.py:186} INFO - Started process (PID=6254) to work on /home/krishnaformeera/Sumitomo/datapipeline/venv/lib/python3.11/site-packages/airflow/example_dags/example_branch_operator.py
[2025-08-31T18:40:42.584+0000] {processor.py:914} INFO - Processing file /home/krishnaformeera/Sumitomo/datapipeline/venv/lib/python3.11/site-packages/airflow/example_dags/example_branch_operator.py for tasks to queue
[2025-08-31T18:40:42.588+0000] {logging_mixin.py:190} INFO - [2025-08-31T18:40:42.587+0000] {dagbag.py:588} INFO - Filling up the DagBag from /home/krishnaformeera/Sumitomo/datapipeline/venv/lib/python3.11/site-packages/airflow/example_dags/example_branch_operator.py
[2025-08-31T18:40:42.593+0000] {processor.py:927} WARNING - No viable dags retrieved from /home/krishnaformeera/Sumitomo/datapipeline/venv/lib/python3.11/site-packages/airflow/example_dags/example_branch_operator.py
[2025-08-31T18:40:42.614+0000] {processor.py:208} INFO - Processing /home/krishnaformeera/Sumitomo/datapipeline/venv/lib/python3.11/site-packages/airflow/example_dags/example_branch_operator.py took 0.039 seconds
[2025-08-31T18:41:58.444+0000] {processor.py:186} INFO - Started process (PID=6529) to work on /home/krishnaformeera/Sumitomo/datapipeline/venv/lib/python3.11/site-packages/airflow/example_dags/example_branch_operator.py
[2025-08-31T18:41:58.445+0000] {processor.py:914} INFO - Processing file /home/krishnaformeera/Sumitomo/datapipeline/venv/lib/python3.11/site-packages/airflow/example_dags/example_branch_operator.py for tasks to queue
[2025-08-31T18:41:58.447+0000] {logging_mixin.py:190} INFO - [2025-08-31T18:41:58.446+0000] {dagbag.py:588} INFO - Filling up the DagBag from /home/krishnaformeera/Sumitomo/datapipeline/venv/lib/python3.11/site-packages/airflow/example_dags/example_branch_operator.py
[2025-08-31T18:41:58.449+0000] {processor.py:927} WARNING - No viable dags retrieved from /home/krishnaformeera/Sumitomo/datapipeline/venv/lib/python3.11/site-packages/airflow/example_dags/example_branch_operator.py
[2025-08-31T18:41:58.460+0000] {processor.py:208} INFO - Processing /home/krishnaformeera/Sumitomo/datapipeline/venv/lib/python3.11/site-packages/airflow/example_dags/example_branch_operator.py took 0.023 seconds
[2025-08-31T18:42:58.740+0000] {processor.py:186} INFO - Started process (PID=6742) to work on /home/krishnaformeera/Sumitomo/datapipeline/venv/lib/python3.11/site-packages/airflow/example_dags/example_branch_operator.py
[2025-08-31T18:42:58.740+0000] {processor.py:914} INFO - Processing file /home/krishnaformeera/Sumitomo/datapipeline/venv/lib/python3.11/site-packages/airflow/example_dags/example_branch_operator.py for tasks to queue
[2025-08-31T18:42:58.743+0000] {logging_mixin.py:190} INFO - [2025-08-31T18:42:58.742+0000] {dagbag.py:588} INFO - Filling up the DagBag from /home/krishnaformeera/Sumitomo/datapipeline/venv/lib/python3.11/site-packages/airflow/example_dags/example_branch_operator.py
[2025-08-31T18:42:58.745+0000] {processor.py:927} WARNING - No viable dags retrieved from /home/krishnaformeera/Sumitomo/datapipeline/venv/lib/python3.11/site-packages/airflow/example_dags/example_branch_operator.py
[2025-08-31T18:42:58.853+0000] {processor.py:208} INFO - Processing /home/krishnaformeera/Sumitomo/datapipeline/venv/lib/python3.11/site-packages/airflow/example_dags/example_branch_operator.py took 0.119 seconds
[2025-08-31T18:43:55.205+0000] {processor.py:186} INFO - Started process (PID=6978) to work on /home/krishnaformeera/Sumitomo/datapipeline/venv/lib/python3.11/site-packages/airflow/example_dags/example_branch_operator.py
[2025-08-31T18:43:55.206+0000] {processor.py:914} INFO - Processing file /home/krishnaformeera/Sumitomo/datapipeline/venv/lib/python3.11/site-packages/airflow/example_dags/example_branch_operator.py for tasks to queue
[2025-08-31T18:43:55.208+0000] {logging_mixin.py:190} INFO - [2025-08-31T18:43:55.207+0000] {dagbag.py:588} INFO - Filling up the DagBag from /home/krishnaformeera/Sumitomo/datapipeline/venv/lib/python3.11/site-packages/airflow/example_dags/example_branch_operator.py
[2025-08-31T18:43:55.211+0000] {processor.py:927} WARNING - No viable dags retrieved from /home/krishnaformeera/Sumitomo/datapipeline/venv/lib/python3.11/site-packages/airflow/example_dags/example_branch_operator.py
[2025-08-31T18:43:55.227+0000] {processor.py:208} INFO - Processing /home/krishnaformeera/Sumitomo/datapipeline/venv/lib/python3.11/site-packages/airflow/example_dags/example_branch_operator.py took 0.028 seconds
[2025-08-31T18:45:10.051+0000] {processor.py:186} INFO - Started process (PID=7320) to work on /home/krishnaformeera/Sumitomo/datapipeline/venv/lib/python3.11/site-packages/airflow/example_dags/example_branch_operator.py
[2025-08-31T18:45:10.053+0000] {processor.py:914} INFO - Processing file /home/krishnaformeera/Sumitomo/datapipeline/venv/lib/python3.11/site-packages/airflow/example_dags/example_branch_operator.py for tasks to queue
[2025-08-31T18:45:10.056+0000] {logging_mixin.py:190} INFO - [2025-08-31T18:45:10.055+0000] {dagbag.py:588} INFO - Filling up the DagBag from /home/krishnaformeera/Sumitomo/datapipeline/venv/lib/python3.11/site-packages/airflow/example_dags/example_branch_operator.py
[2025-08-31T18:45:10.058+0000] {processor.py:927} WARNING - No viable dags retrieved from /home/krishnaformeera/Sumitomo/datapipeline/venv/lib/python3.11/site-packages/airflow/example_dags/example_branch_operator.py
[2025-08-31T18:45:10.069+0000] {processor.py:208} INFO - Processing /home/krishnaformeera/Sumitomo/datapipeline/venv/lib/python3.11/site-packages/airflow/example_dags/example_branch_operator.py took 0.024 seconds
[2025-08-31T18:46:28.679+0000] {processor.py:186} INFO - Started process (PID=7648) to work on /home/krishnaformeera/Sumitomo/datapipeline/venv/lib/python3.11/site-packages/airflow/example_dags/example_branch_operator.py
[2025-08-31T18:46:28.682+0000] {processor.py:914} INFO - Processing file /home/krishnaformeera/Sumitomo/datapipeline/venv/lib/python3.11/site-packages/airflow/example_dags/example_branch_operator.py for tasks to queue
[2025-08-31T18:46:28.685+0000] {logging_mixin.py:190} INFO - [2025-08-31T18:46:28.685+0000] {dagbag.py:588} INFO - Filling up the DagBag from /home/krishnaformeera/Sumitomo/datapipeline/venv/lib/python3.11/site-packages/airflow/example_dags/example_branch_operator.py
[2025-08-31T18:46:28.689+0000] {processor.py:927} WARNING - No viable dags retrieved from /home/krishnaformeera/Sumitomo/datapipeline/venv/lib/python3.11/site-packages/airflow/example_dags/example_branch_operator.py
[2025-08-31T18:46:28.706+0000] {processor.py:208} INFO - Processing /home/krishnaformeera/Sumitomo/datapipeline/venv/lib/python3.11/site-packages/airflow/example_dags/example_branch_operator.py took 0.041 seconds
[2025-08-31T18:47:47.449+0000] {processor.py:186} INFO - Started process (PID=7818) to work on /home/krishnaformeera/Sumitomo/datapipeline/venv/lib/python3.11/site-packages/airflow/example_dags/example_branch_operator.py
[2025-08-31T18:47:47.451+0000] {processor.py:914} INFO - Processing file /home/krishnaformeera/Sumitomo/datapipeline/venv/lib/python3.11/site-packages/airflow/example_dags/example_branch_operator.py for tasks to queue
[2025-08-31T18:47:47.455+0000] {logging_mixin.py:190} INFO - [2025-08-31T18:47:47.454+0000] {dagbag.py:588} INFO - Filling up the DagBag from /home/krishnaformeera/Sumitomo/datapipeline/venv/lib/python3.11/site-packages/airflow/example_dags/example_branch_operator.py
[2025-08-31T18:47:47.458+0000] {processor.py:927} WARNING - No viable dags retrieved from /home/krishnaformeera/Sumitomo/datapipeline/venv/lib/python3.11/site-packages/airflow/example_dags/example_branch_operator.py
[2025-08-31T18:47:47.476+0000] {processor.py:208} INFO - Processing /home/krishnaformeera/Sumitomo/datapipeline/venv/lib/python3.11/site-packages/airflow/example_dags/example_branch_operator.py took 0.036 seconds
[2025-08-31T18:49:02.277+0000] {processor.py:186} INFO - Started process (PID=7900) to work on /home/krishnaformeera/Sumitomo/datapipeline/venv/lib/python3.11/site-packages/airflow/example_dags/example_branch_operator.py
[2025-08-31T18:49:02.278+0000] {processor.py:914} INFO - Processing file /home/krishnaformeera/Sumitomo/datapipeline/venv/lib/python3.11/site-packages/airflow/example_dags/example_branch_operator.py for tasks to queue
[2025-08-31T18:49:02.280+0000] {logging_mixin.py:190} INFO - [2025-08-31T18:49:02.280+0000] {dagbag.py:588} INFO - Filling up the DagBag from /home/krishnaformeera/Sumitomo/datapipeline/venv/lib/python3.11/site-packages/airflow/example_dags/example_branch_operator.py
[2025-08-31T18:49:02.283+0000] {processor.py:927} WARNING - No viable dags retrieved from /home/krishnaformeera/Sumitomo/datapipeline/venv/lib/python3.11/site-packages/airflow/example_dags/example_branch_operator.py
[2025-08-31T18:49:02.294+0000] {processor.py:208} INFO - Processing /home/krishnaformeera/Sumitomo/datapipeline/venv/lib/python3.11/site-packages/airflow/example_dags/example_branch_operator.py took 0.026 seconds
[2025-08-31T18:50:21.235+0000] {processor.py:186} INFO - Started process (PID=8046) to work on /home/krishnaformeera/Sumitomo/datapipeline/venv/lib/python3.11/site-packages/airflow/example_dags/example_branch_operator.py
[2025-08-31T18:50:21.237+0000] {processor.py:914} INFO - Processing file /home/krishnaformeera/Sumitomo/datapipeline/venv/lib/python3.11/site-packages/airflow/example_dags/example_branch_operator.py for tasks to queue
[2025-08-31T18:50:21.242+0000] {logging_mixin.py:190} INFO - [2025-08-31T18:50:21.241+0000] {dagbag.py:588} INFO - Filling up the DagBag from /home/krishnaformeera/Sumitomo/datapipeline/venv/lib/python3.11/site-packages/airflow/example_dags/example_branch_operator.py
[2025-08-31T18:50:21.251+0000] {processor.py:927} WARNING - No viable dags retrieved from /home/krishnaformeera/Sumitomo/datapipeline/venv/lib/python3.11/site-packages/airflow/example_dags/example_branch_operator.py
[2025-08-31T18:50:21.280+0000] {processor.py:208} INFO - Processing /home/krishnaformeera/Sumitomo/datapipeline/venv/lib/python3.11/site-packages/airflow/example_dags/example_branch_operator.py took 0.053 seconds
[2025-08-31T18:51:37.655+0000] {processor.py:186} INFO - Started process (PID=8161) to work on /home/krishnaformeera/Sumitomo/datapipeline/venv/lib/python3.11/site-packages/airflow/example_dags/example_branch_operator.py
[2025-08-31T18:51:37.656+0000] {processor.py:914} INFO - Processing file /home/krishnaformeera/Sumitomo/datapipeline/venv/lib/python3.11/site-packages/airflow/example_dags/example_branch_operator.py for tasks to queue
[2025-08-31T18:51:37.658+0000] {logging_mixin.py:190} INFO - [2025-08-31T18:51:37.658+0000] {dagbag.py:588} INFO - Filling up the DagBag from /home/krishnaformeera/Sumitomo/datapipeline/venv/lib/python3.11/site-packages/airflow/example_dags/example_branch_operator.py
[2025-08-31T18:51:37.661+0000] {processor.py:927} WARNING - No viable dags retrieved from /home/krishnaformeera/Sumitomo/datapipeline/venv/lib/python3.11/site-packages/airflow/example_dags/example_branch_operator.py
[2025-08-31T18:51:37.674+0000] {processor.py:208} INFO - Processing /home/krishnaformeera/Sumitomo/datapipeline/venv/lib/python3.11/site-packages/airflow/example_dags/example_branch_operator.py took 0.027 seconds
[2025-08-31T18:52:51.143+0000] {processor.py:186} INFO - Started process (PID=8261) to work on /home/krishnaformeera/Sumitomo/datapipeline/venv/lib/python3.11/site-packages/airflow/example_dags/example_branch_operator.py
[2025-08-31T18:52:51.144+0000] {processor.py:914} INFO - Processing file /home/krishnaformeera/Sumitomo/datapipeline/venv/lib/python3.11/site-packages/airflow/example_dags/example_branch_operator.py for tasks to queue
[2025-08-31T18:52:51.147+0000] {logging_mixin.py:190} INFO - [2025-08-31T18:52:51.146+0000] {dagbag.py:588} INFO - Filling up the DagBag from /home/krishnaformeera/Sumitomo/datapipeline/venv/lib/python3.11/site-packages/airflow/example_dags/example_branch_operator.py
[2025-08-31T18:52:51.149+0000] {processor.py:927} WARNING - No viable dags retrieved from /home/krishnaformeera/Sumitomo/datapipeline/venv/lib/python3.11/site-packages/airflow/example_dags/example_branch_operator.py
[2025-08-31T18:52:51.162+0000] {processor.py:208} INFO - Processing /home/krishnaformeera/Sumitomo/datapipeline/venv/lib/python3.11/site-packages/airflow/example_dags/example_branch_operator.py took 0.027 seconds
[2025-08-31T18:54:04.257+0000] {processor.py:186} INFO - Started process (PID=8480) to work on /home/krishnaformeera/Sumitomo/datapipeline/venv/lib/python3.11/site-packages/airflow/example_dags/example_branch_operator.py
[2025-08-31T18:54:04.259+0000] {processor.py:914} INFO - Processing file /home/krishnaformeera/Sumitomo/datapipeline/venv/lib/python3.11/site-packages/airflow/example_dags/example_branch_operator.py for tasks to queue
[2025-08-31T18:54:04.261+0000] {logging_mixin.py:190} INFO - [2025-08-31T18:54:04.261+0000] {dagbag.py:588} INFO - Filling up the DagBag from /home/krishnaformeera/Sumitomo/datapipeline/venv/lib/python3.11/site-packages/airflow/example_dags/example_branch_operator.py
[2025-08-31T18:54:04.266+0000] {processor.py:927} WARNING - No viable dags retrieved from /home/krishnaformeera/Sumitomo/datapipeline/venv/lib/python3.11/site-packages/airflow/example_dags/example_branch_operator.py
[2025-08-31T18:54:04.281+0000] {processor.py:208} INFO - Processing /home/krishnaformeera/Sumitomo/datapipeline/venv/lib/python3.11/site-packages/airflow/example_dags/example_branch_operator.py took 0.032 seconds
[2025-08-31T18:55:21.248+0000] {processor.py:186} INFO - Started process (PID=8585) to work on /home/krishnaformeera/Sumitomo/datapipeline/venv/lib/python3.11/site-packages/airflow/example_dags/example_branch_operator.py
[2025-08-31T18:55:21.249+0000] {processor.py:914} INFO - Processing file /home/krishnaformeera/Sumitomo/datapipeline/venv/lib/python3.11/site-packages/airflow/example_dags/example_branch_operator.py for tasks to queue
[2025-08-31T18:55:21.252+0000] {logging_mixin.py:190} INFO - [2025-08-31T18:55:21.252+0000] {dagbag.py:588} INFO - Filling up the DagBag from /home/krishnaformeera/Sumitomo/datapipeline/venv/lib/python3.11/site-packages/airflow/example_dags/example_branch_operator.py
[2025-08-31T18:55:21.255+0000] {processor.py:927} WARNING - No viable dags retrieved from /home/krishnaformeera/Sumitomo/datapipeline/venv/lib/python3.11/site-packages/airflow/example_dags/example_branch_operator.py
[2025-08-31T18:55:21.267+0000] {processor.py:208} INFO - Processing /home/krishnaformeera/Sumitomo/datapipeline/venv/lib/python3.11/site-packages/airflow/example_dags/example_branch_operator.py took 0.027 seconds
[2025-08-31T18:56:41.852+0000] {processor.py:186} INFO - Started process (PID=8680) to work on /home/krishnaformeera/Sumitomo/datapipeline/venv/lib/python3.11/site-packages/airflow/example_dags/example_branch_operator.py
[2025-08-31T18:56:41.853+0000] {processor.py:914} INFO - Processing file /home/krishnaformeera/Sumitomo/datapipeline/venv/lib/python3.11/site-packages/airflow/example_dags/example_branch_operator.py for tasks to queue
[2025-08-31T18:56:41.855+0000] {logging_mixin.py:190} INFO - [2025-08-31T18:56:41.855+0000] {dagbag.py:588} INFO - Filling up the DagBag from /home/krishnaformeera/Sumitomo/datapipeline/venv/lib/python3.11/site-packages/airflow/example_dags/example_branch_operator.py
[2025-08-31T18:56:41.858+0000] {processor.py:927} WARNING - No viable dags retrieved from /home/krishnaformeera/Sumitomo/datapipeline/venv/lib/python3.11/site-packages/airflow/example_dags/example_branch_operator.py
[2025-08-31T18:56:41.869+0000] {processor.py:208} INFO - Processing /home/krishnaformeera/Sumitomo/datapipeline/venv/lib/python3.11/site-packages/airflow/example_dags/example_branch_operator.py took 0.023 seconds
[2025-08-31T18:58:00.859+0000] {processor.py:186} INFO - Started process (PID=8760) to work on /home/krishnaformeera/Sumitomo/datapipeline/venv/lib/python3.11/site-packages/airflow/example_dags/example_branch_operator.py
[2025-08-31T18:58:00.861+0000] {processor.py:914} INFO - Processing file /home/krishnaformeera/Sumitomo/datapipeline/venv/lib/python3.11/site-packages/airflow/example_dags/example_branch_operator.py for tasks to queue
[2025-08-31T18:58:00.864+0000] {logging_mixin.py:190} INFO - [2025-08-31T18:58:00.863+0000] {dagbag.py:588} INFO - Filling up the DagBag from /home/krishnaformeera/Sumitomo/datapipeline/venv/lib/python3.11/site-packages/airflow/example_dags/example_branch_operator.py
[2025-08-31T18:58:00.868+0000] {processor.py:927} WARNING - No viable dags retrieved from /home/krishnaformeera/Sumitomo/datapipeline/venv/lib/python3.11/site-packages/airflow/example_dags/example_branch_operator.py
[2025-08-31T18:58:00.890+0000] {processor.py:208} INFO - Processing /home/krishnaformeera/Sumitomo/datapipeline/venv/lib/python3.11/site-packages/airflow/example_dags/example_branch_operator.py took 0.040 seconds
[2025-08-31T18:59:19.834+0000] {processor.py:186} INFO - Started process (PID=8869) to work on /home/krishnaformeera/Sumitomo/datapipeline/venv/lib/python3.11/site-packages/airflow/example_dags/example_branch_operator.py
[2025-08-31T18:59:19.835+0000] {processor.py:914} INFO - Processing file /home/krishnaformeera/Sumitomo/datapipeline/venv/lib/python3.11/site-packages/airflow/example_dags/example_branch_operator.py for tasks to queue
[2025-08-31T18:59:19.837+0000] {logging_mixin.py:190} INFO - [2025-08-31T18:59:19.837+0000] {dagbag.py:588} INFO - Filling up the DagBag from /home/krishnaformeera/Sumitomo/datapipeline/venv/lib/python3.11/site-packages/airflow/example_dags/example_branch_operator.py
[2025-08-31T18:59:19.839+0000] {processor.py:927} WARNING - No viable dags retrieved from /home/krishnaformeera/Sumitomo/datapipeline/venv/lib/python3.11/site-packages/airflow/example_dags/example_branch_operator.py
[2025-08-31T18:59:19.851+0000] {processor.py:208} INFO - Processing /home/krishnaformeera/Sumitomo/datapipeline/venv/lib/python3.11/site-packages/airflow/example_dags/example_branch_operator.py took 0.023 seconds
