[2025-08-31T18:31:11.832+0000] {processor.py:186} INFO - Started process (PID=5253) to work on /home/krishnaformeera/Sumitomo/datapipeline/venv/lib/python3.11/site-packages/airflow/example_dags/example_nested_branch_dag.py
[2025-08-31T18:31:11.833+0000] {processor.py:914} INFO - Processing file /home/krishnaformeera/Sumitomo/datapipeline/venv/lib/python3.11/site-packages/airflow/example_dags/example_nested_branch_dag.py for tasks to queue
[2025-08-31T18:31:11.835+0000] {logging_mixin.py:190} INFO - [2025-08-31T18:31:11.835+0000] {dagbag.py:588} INFO - Filling up the DagBag from /home/krishnaformeera/Sumitomo/datapipeline/venv/lib/python3.11/site-packages/airflow/example_dags/example_nested_branch_dag.py
[2025-08-31T18:31:11.849+0000] {processor.py:925} INFO - DAG(s) 'example_nested_branch_dag' retrieved from /home/krishnaformeera/Sumitomo/datapipeline/venv/lib/python3.11/site-packages/airflow/example_dags/example_nested_branch_dag.py
[2025-08-31T18:31:11.946+0000] {logging_mixin.py:190} INFO - [2025-08-31T18:31:11.946+0000] {override.py:1900} INFO - Created Permission View: can edit on DAG:example_nested_branch_dag
[2025-08-31T18:31:11.959+0000] {logging_mixin.py:190} INFO - [2025-08-31T18:31:11.959+0000] {override.py:1900} INFO - Created Permission View: can read on DAG:example_nested_branch_dag
[2025-08-31T18:31:11.969+0000] {logging_mixin.py:190} INFO - [2025-08-31T18:31:11.968+0000] {override.py:1900} INFO - Created Permission View: can delete on DAG:example_nested_branch_dag
[2025-08-31T18:31:11.984+0000] {logging_mixin.py:190} INFO - [2025-08-31T18:31:11.984+0000] {override.py:1900} INFO - Created Permission View: menu access on DAG Run:example_nested_branch_dag
[2025-08-31T18:31:11.993+0000] {logging_mixin.py:190} INFO - [2025-08-31T18:31:11.993+0000] {override.py:1900} INFO - Created Permission View: can read on DAG Run:example_nested_branch_dag
[2025-08-31T18:31:12.003+0000] {logging_mixin.py:190} INFO - [2025-08-31T18:31:12.003+0000] {override.py:1900} INFO - Created Permission View: can create on DAG Run:example_nested_branch_dag
[2025-08-31T18:31:12.013+0000] {logging_mixin.py:190} INFO - [2025-08-31T18:31:12.013+0000] {override.py:1900} INFO - Created Permission View: can delete on DAG Run:example_nested_branch_dag
[2025-08-31T18:31:12.014+0000] {logging_mixin.py:190} INFO - [2025-08-31T18:31:12.014+0000] {dag.py:3239} INFO - Sync 1 DAGs
[2025-08-31T18:31:12.024+0000] {logging_mixin.py:190} INFO - [2025-08-31T18:31:12.024+0000] {dag.py:3262} INFO - Creating ORM DAG for example_nested_branch_dag
[2025-08-31T18:31:12.033+0000] {logging_mixin.py:190} INFO - [2025-08-31T18:31:12.032+0000] {dag.py:4180} INFO - Setting next_dagrun for example_nested_branch_dag to 2025-08-30 00:00:00+00:00, run_after=2025-08-31 00:00:00+00:00
[2025-08-31T18:31:12.052+0000] {processor.py:208} INFO - Processing /home/krishnaformeera/Sumitomo/datapipeline/venv/lib/python3.11/site-packages/airflow/example_dags/example_nested_branch_dag.py took 0.227 seconds
[2025-08-31T18:32:17.247+0000] {processor.py:186} INFO - Started process (PID=5313) to work on /home/krishnaformeera/Sumitomo/datapipeline/venv/lib/python3.11/site-packages/airflow/example_dags/example_nested_branch_dag.py
[2025-08-31T18:32:17.249+0000] {processor.py:914} INFO - Processing file /home/krishnaformeera/Sumitomo/datapipeline/venv/lib/python3.11/site-packages/airflow/example_dags/example_nested_branch_dag.py for tasks to queue
[2025-08-31T18:32:17.251+0000] {logging_mixin.py:190} INFO - [2025-08-31T18:32:17.251+0000] {dagbag.py:588} INFO - Filling up the DagBag from /home/krishnaformeera/Sumitomo/datapipeline/venv/lib/python3.11/site-packages/airflow/example_dags/example_nested_branch_dag.py
[2025-08-31T18:32:17.265+0000] {processor.py:925} INFO - DAG(s) 'example_nested_branch_dag' retrieved from /home/krishnaformeera/Sumitomo/datapipeline/venv/lib/python3.11/site-packages/airflow/example_dags/example_nested_branch_dag.py
[2025-08-31T18:32:17.286+0000] {logging_mixin.py:190} INFO - [2025-08-31T18:32:17.285+0000] {dag.py:3239} INFO - Sync 1 DAGs
[2025-08-31T18:32:17.307+0000] {logging_mixin.py:190} INFO - [2025-08-31T18:32:17.306+0000] {dag.py:4180} INFO - Setting next_dagrun for example_nested_branch_dag to 2025-08-30 00:00:00+00:00, run_after=2025-08-31 00:00:00+00:00
[2025-08-31T18:32:17.330+0000] {processor.py:208} INFO - Processing /home/krishnaformeera/Sumitomo/datapipeline/venv/lib/python3.11/site-packages/airflow/example_dags/example_nested_branch_dag.py took 0.090 seconds
[2025-08-31T18:33:11.639+0000] {processor.py:186} INFO - Started process (PID=5369) to work on /home/krishnaformeera/Sumitomo/datapipeline/venv/lib/python3.11/site-packages/airflow/example_dags/example_nested_branch_dag.py
[2025-08-31T18:33:11.640+0000] {processor.py:914} INFO - Processing file /home/krishnaformeera/Sumitomo/datapipeline/venv/lib/python3.11/site-packages/airflow/example_dags/example_nested_branch_dag.py for tasks to queue
[2025-08-31T18:33:11.642+0000] {logging_mixin.py:190} INFO - [2025-08-31T18:33:11.642+0000] {dagbag.py:588} INFO - Filling up the DagBag from /home/krishnaformeera/Sumitomo/datapipeline/venv/lib/python3.11/site-packages/airflow/example_dags/example_nested_branch_dag.py
[2025-08-31T18:33:11.654+0000] {processor.py:925} INFO - DAG(s) 'example_nested_branch_dag' retrieved from /home/krishnaformeera/Sumitomo/datapipeline/venv/lib/python3.11/site-packages/airflow/example_dags/example_nested_branch_dag.py
[2025-08-31T18:33:11.670+0000] {logging_mixin.py:190} INFO - [2025-08-31T18:33:11.670+0000] {dag.py:3239} INFO - Sync 1 DAGs
[2025-08-31T18:33:11.776+0000] {logging_mixin.py:190} INFO - [2025-08-31T18:33:11.775+0000] {dag.py:4180} INFO - Setting next_dagrun for example_nested_branch_dag to 2025-08-30 00:00:00+00:00, run_after=2025-08-31 00:00:00+00:00
[2025-08-31T18:33:11.794+0000] {processor.py:208} INFO - Processing /home/krishnaformeera/Sumitomo/datapipeline/venv/lib/python3.11/site-packages/airflow/example_dags/example_nested_branch_dag.py took 0.161 seconds
[2025-08-31T18:34:09.866+0000] {processor.py:186} INFO - Started process (PID=5426) to work on /home/krishnaformeera/Sumitomo/datapipeline/venv/lib/python3.11/site-packages/airflow/example_dags/example_nested_branch_dag.py
[2025-08-31T18:34:09.867+0000] {processor.py:914} INFO - Processing file /home/krishnaformeera/Sumitomo/datapipeline/venv/lib/python3.11/site-packages/airflow/example_dags/example_nested_branch_dag.py for tasks to queue
[2025-08-31T18:34:09.870+0000] {logging_mixin.py:190} INFO - [2025-08-31T18:34:09.869+0000] {dagbag.py:588} INFO - Filling up the DagBag from /home/krishnaformeera/Sumitomo/datapipeline/venv/lib/python3.11/site-packages/airflow/example_dags/example_nested_branch_dag.py
[2025-08-31T18:34:09.884+0000] {processor.py:925} INFO - DAG(s) 'example_nested_branch_dag' retrieved from /home/krishnaformeera/Sumitomo/datapipeline/venv/lib/python3.11/site-packages/airflow/example_dags/example_nested_branch_dag.py
[2025-08-31T18:34:09.909+0000] {logging_mixin.py:190} INFO - [2025-08-31T18:34:09.908+0000] {dag.py:3239} INFO - Sync 1 DAGs
[2025-08-31T18:34:09.931+0000] {logging_mixin.py:190} INFO - [2025-08-31T18:34:09.931+0000] {dag.py:4180} INFO - Setting next_dagrun for example_nested_branch_dag to 2025-08-30 00:00:00+00:00, run_after=2025-08-31 00:00:00+00:00
[2025-08-31T18:34:09.956+0000] {processor.py:208} INFO - Processing /home/krishnaformeera/Sumitomo/datapipeline/venv/lib/python3.11/site-packages/airflow/example_dags/example_nested_branch_dag.py took 0.097 seconds
[2025-08-31T18:35:02.541+0000] {processor.py:186} INFO - Started process (PID=5481) to work on /home/krishnaformeera/Sumitomo/datapipeline/venv/lib/python3.11/site-packages/airflow/example_dags/example_nested_branch_dag.py
[2025-08-31T18:35:02.542+0000] {processor.py:914} INFO - Processing file /home/krishnaformeera/Sumitomo/datapipeline/venv/lib/python3.11/site-packages/airflow/example_dags/example_nested_branch_dag.py for tasks to queue
[2025-08-31T18:35:02.545+0000] {logging_mixin.py:190} INFO - [2025-08-31T18:35:02.545+0000] {dagbag.py:588} INFO - Filling up the DagBag from /home/krishnaformeera/Sumitomo/datapipeline/venv/lib/python3.11/site-packages/airflow/example_dags/example_nested_branch_dag.py
[2025-08-31T18:35:02.561+0000] {processor.py:925} INFO - DAG(s) 'example_nested_branch_dag' retrieved from /home/krishnaformeera/Sumitomo/datapipeline/venv/lib/python3.11/site-packages/airflow/example_dags/example_nested_branch_dag.py
[2025-08-31T18:35:02.580+0000] {logging_mixin.py:190} INFO - [2025-08-31T18:35:02.580+0000] {dag.py:3239} INFO - Sync 1 DAGs
[2025-08-31T18:35:02.602+0000] {logging_mixin.py:190} INFO - [2025-08-31T18:35:02.602+0000] {dag.py:4180} INFO - Setting next_dagrun for example_nested_branch_dag to 2025-08-30 00:00:00+00:00, run_after=2025-08-31 00:00:00+00:00
[2025-08-31T18:35:02.627+0000] {processor.py:208} INFO - Processing /home/krishnaformeera/Sumitomo/datapipeline/venv/lib/python3.11/site-packages/airflow/example_dags/example_nested_branch_dag.py took 0.094 seconds
[2025-08-31T18:35:53.612+0000] {processor.py:186} INFO - Started process (PID=5545) to work on /home/krishnaformeera/Sumitomo/datapipeline/venv/lib/python3.11/site-packages/airflow/example_dags/example_nested_branch_dag.py
[2025-08-31T18:35:53.613+0000] {processor.py:914} INFO - Processing file /home/krishnaformeera/Sumitomo/datapipeline/venv/lib/python3.11/site-packages/airflow/example_dags/example_nested_branch_dag.py for tasks to queue
[2025-08-31T18:35:53.616+0000] {logging_mixin.py:190} INFO - [2025-08-31T18:35:53.616+0000] {dagbag.py:588} INFO - Filling up the DagBag from /home/krishnaformeera/Sumitomo/datapipeline/venv/lib/python3.11/site-packages/airflow/example_dags/example_nested_branch_dag.py
[2025-08-31T18:35:53.630+0000] {processor.py:925} INFO - DAG(s) 'example_nested_branch_dag' retrieved from /home/krishnaformeera/Sumitomo/datapipeline/venv/lib/python3.11/site-packages/airflow/example_dags/example_nested_branch_dag.py
[2025-08-31T18:35:53.650+0000] {logging_mixin.py:190} INFO - [2025-08-31T18:35:53.649+0000] {dag.py:3239} INFO - Sync 1 DAGs
[2025-08-31T18:35:53.671+0000] {logging_mixin.py:190} INFO - [2025-08-31T18:35:53.671+0000] {dag.py:4180} INFO - Setting next_dagrun for example_nested_branch_dag to 2025-08-30 00:00:00+00:00, run_after=2025-08-31 00:00:00+00:00
[2025-08-31T18:35:53.696+0000] {processor.py:208} INFO - Processing /home/krishnaformeera/Sumitomo/datapipeline/venv/lib/python3.11/site-packages/airflow/example_dags/example_nested_branch_dag.py took 0.091 seconds
[2025-08-31T18:36:43.826+0000] {processor.py:186} INFO - Started process (PID=5610) to work on /home/krishnaformeera/Sumitomo/datapipeline/venv/lib/python3.11/site-packages/airflow/example_dags/example_nested_branch_dag.py
[2025-08-31T18:36:43.827+0000] {processor.py:914} INFO - Processing file /home/krishnaformeera/Sumitomo/datapipeline/venv/lib/python3.11/site-packages/airflow/example_dags/example_nested_branch_dag.py for tasks to queue
[2025-08-31T18:36:43.830+0000] {logging_mixin.py:190} INFO - [2025-08-31T18:36:43.829+0000] {dagbag.py:588} INFO - Filling up the DagBag from /home/krishnaformeera/Sumitomo/datapipeline/venv/lib/python3.11/site-packages/airflow/example_dags/example_nested_branch_dag.py
[2025-08-31T18:36:43.844+0000] {processor.py:925} INFO - DAG(s) 'example_nested_branch_dag' retrieved from /home/krishnaformeera/Sumitomo/datapipeline/venv/lib/python3.11/site-packages/airflow/example_dags/example_nested_branch_dag.py
[2025-08-31T18:36:43.866+0000] {logging_mixin.py:190} INFO - [2025-08-31T18:36:43.866+0000] {dag.py:3239} INFO - Sync 1 DAGs
[2025-08-31T18:36:43.888+0000] {logging_mixin.py:190} INFO - [2025-08-31T18:36:43.887+0000] {dag.py:4180} INFO - Setting next_dagrun for example_nested_branch_dag to 2025-08-30 00:00:00+00:00, run_after=2025-08-31 00:00:00+00:00
[2025-08-31T18:36:43.909+0000] {processor.py:208} INFO - Processing /home/krishnaformeera/Sumitomo/datapipeline/venv/lib/python3.11/site-packages/airflow/example_dags/example_nested_branch_dag.py took 0.091 seconds
[2025-08-31T18:37:34.670+0000] {processor.py:186} INFO - Started process (PID=5662) to work on /home/krishnaformeera/Sumitomo/datapipeline/venv/lib/python3.11/site-packages/airflow/example_dags/example_nested_branch_dag.py
[2025-08-31T18:37:34.671+0000] {processor.py:914} INFO - Processing file /home/krishnaformeera/Sumitomo/datapipeline/venv/lib/python3.11/site-packages/airflow/example_dags/example_nested_branch_dag.py for tasks to queue
[2025-08-31T18:37:34.674+0000] {logging_mixin.py:190} INFO - [2025-08-31T18:37:34.673+0000] {dagbag.py:588} INFO - Filling up the DagBag from /home/krishnaformeera/Sumitomo/datapipeline/venv/lib/python3.11/site-packages/airflow/example_dags/example_nested_branch_dag.py
[2025-08-31T18:37:34.687+0000] {processor.py:925} INFO - DAG(s) 'example_nested_branch_dag' retrieved from /home/krishnaformeera/Sumitomo/datapipeline/venv/lib/python3.11/site-packages/airflow/example_dags/example_nested_branch_dag.py
[2025-08-31T18:37:34.707+0000] {logging_mixin.py:190} INFO - [2025-08-31T18:37:34.707+0000] {dag.py:3239} INFO - Sync 1 DAGs
[2025-08-31T18:37:34.729+0000] {logging_mixin.py:190} INFO - [2025-08-31T18:37:34.728+0000] {dag.py:4180} INFO - Setting next_dagrun for example_nested_branch_dag to 2025-08-30 00:00:00+00:00, run_after=2025-08-31 00:00:00+00:00
[2025-08-31T18:37:34.755+0000] {processor.py:208} INFO - Processing /home/krishnaformeera/Sumitomo/datapipeline/venv/lib/python3.11/site-packages/airflow/example_dags/example_nested_branch_dag.py took 0.092 seconds
[2025-08-31T18:40:24.118+0000] {processor.py:186} INFO - Started process (PID=6172) to work on /home/krishnaformeera/Sumitomo/datapipeline/venv/lib/python3.11/site-packages/airflow/example_dags/example_nested_branch_dag.py
[2025-08-31T18:40:24.119+0000] {processor.py:914} INFO - Processing file /home/krishnaformeera/Sumitomo/datapipeline/venv/lib/python3.11/site-packages/airflow/example_dags/example_nested_branch_dag.py for tasks to queue
[2025-08-31T18:40:24.122+0000] {logging_mixin.py:190} INFO - [2025-08-31T18:40:24.122+0000] {dagbag.py:588} INFO - Filling up the DagBag from /home/krishnaformeera/Sumitomo/datapipeline/venv/lib/python3.11/site-packages/airflow/example_dags/example_nested_branch_dag.py
[2025-08-31T18:40:24.138+0000] {processor.py:925} INFO - DAG(s) 'example_nested_branch_dag' retrieved from /home/krishnaformeera/Sumitomo/datapipeline/venv/lib/python3.11/site-packages/airflow/example_dags/example_nested_branch_dag.py
[2025-08-31T18:40:24.159+0000] {logging_mixin.py:190} INFO - [2025-08-31T18:40:24.158+0000] {dag.py:3239} INFO - Sync 1 DAGs
[2025-08-31T18:40:24.177+0000] {logging_mixin.py:190} INFO - [2025-08-31T18:40:24.177+0000] {dag.py:4180} INFO - Setting next_dagrun for example_nested_branch_dag to 2025-08-30 00:00:00+00:00, run_after=2025-08-31 00:00:00+00:00
[2025-08-31T18:40:24.197+0000] {processor.py:208} INFO - Processing /home/krishnaformeera/Sumitomo/datapipeline/venv/lib/python3.11/site-packages/airflow/example_dags/example_nested_branch_dag.py took 0.086 seconds
[2025-08-31T18:41:18.725+0000] {processor.py:186} INFO - Started process (PID=6356) to work on /home/krishnaformeera/Sumitomo/datapipeline/venv/lib/python3.11/site-packages/airflow/example_dags/example_nested_branch_dag.py
[2025-08-31T18:41:18.727+0000] {processor.py:914} INFO - Processing file /home/krishnaformeera/Sumitomo/datapipeline/venv/lib/python3.11/site-packages/airflow/example_dags/example_nested_branch_dag.py for tasks to queue
[2025-08-31T18:41:18.729+0000] {logging_mixin.py:190} INFO - [2025-08-31T18:41:18.729+0000] {dagbag.py:588} INFO - Filling up the DagBag from /home/krishnaformeera/Sumitomo/datapipeline/venv/lib/python3.11/site-packages/airflow/example_dags/example_nested_branch_dag.py
[2025-08-31T18:41:18.745+0000] {processor.py:925} INFO - DAG(s) 'example_nested_branch_dag' retrieved from /home/krishnaformeera/Sumitomo/datapipeline/venv/lib/python3.11/site-packages/airflow/example_dags/example_nested_branch_dag.py
[2025-08-31T18:41:18.765+0000] {logging_mixin.py:190} INFO - [2025-08-31T18:41:18.765+0000] {dag.py:3239} INFO - Sync 1 DAGs
[2025-08-31T18:41:18.785+0000] {logging_mixin.py:190} INFO - [2025-08-31T18:41:18.785+0000] {dag.py:4180} INFO - Setting next_dagrun for example_nested_branch_dag to 2025-08-30 00:00:00+00:00, run_after=2025-08-31 00:00:00+00:00
[2025-08-31T18:41:18.807+0000] {processor.py:208} INFO - Processing /home/krishnaformeera/Sumitomo/datapipeline/venv/lib/python3.11/site-packages/airflow/example_dags/example_nested_branch_dag.py took 0.090 seconds
[2025-08-31T18:42:15.682+0000] {processor.py:186} INFO - Started process (PID=6561) to work on /home/krishnaformeera/Sumitomo/datapipeline/venv/lib/python3.11/site-packages/airflow/example_dags/example_nested_branch_dag.py
[2025-08-31T18:42:15.683+0000] {processor.py:914} INFO - Processing file /home/krishnaformeera/Sumitomo/datapipeline/venv/lib/python3.11/site-packages/airflow/example_dags/example_nested_branch_dag.py for tasks to queue
[2025-08-31T18:42:15.686+0000] {logging_mixin.py:190} INFO - [2025-08-31T18:42:15.685+0000] {dagbag.py:588} INFO - Filling up the DagBag from /home/krishnaformeera/Sumitomo/datapipeline/venv/lib/python3.11/site-packages/airflow/example_dags/example_nested_branch_dag.py
[2025-08-31T18:42:15.700+0000] {processor.py:925} INFO - DAG(s) 'example_nested_branch_dag' retrieved from /home/krishnaformeera/Sumitomo/datapipeline/venv/lib/python3.11/site-packages/airflow/example_dags/example_nested_branch_dag.py
[2025-08-31T18:42:15.721+0000] {logging_mixin.py:190} INFO - [2025-08-31T18:42:15.721+0000] {dag.py:3239} INFO - Sync 1 DAGs
[2025-08-31T18:42:15.872+0000] {logging_mixin.py:190} INFO - [2025-08-31T18:42:15.872+0000] {dag.py:4180} INFO - Setting next_dagrun for example_nested_branch_dag to 2025-08-30 00:00:00+00:00, run_after=2025-08-31 00:00:00+00:00
[2025-08-31T18:42:15.899+0000] {processor.py:208} INFO - Processing /home/krishnaformeera/Sumitomo/datapipeline/venv/lib/python3.11/site-packages/airflow/example_dags/example_nested_branch_dag.py took 0.224 seconds
[2025-08-31T18:43:16.978+0000] {processor.py:186} INFO - Started process (PID=6818) to work on /home/krishnaformeera/Sumitomo/datapipeline/venv/lib/python3.11/site-packages/airflow/example_dags/example_nested_branch_dag.py
[2025-08-31T18:43:16.979+0000] {processor.py:914} INFO - Processing file /home/krishnaformeera/Sumitomo/datapipeline/venv/lib/python3.11/site-packages/airflow/example_dags/example_nested_branch_dag.py for tasks to queue
[2025-08-31T18:43:16.983+0000] {logging_mixin.py:190} INFO - [2025-08-31T18:43:16.982+0000] {dagbag.py:588} INFO - Filling up the DagBag from /home/krishnaformeera/Sumitomo/datapipeline/venv/lib/python3.11/site-packages/airflow/example_dags/example_nested_branch_dag.py
[2025-08-31T18:43:16.999+0000] {processor.py:925} INFO - DAG(s) 'example_nested_branch_dag' retrieved from /home/krishnaformeera/Sumitomo/datapipeline/venv/lib/python3.11/site-packages/airflow/example_dags/example_nested_branch_dag.py
[2025-08-31T18:43:17.025+0000] {logging_mixin.py:190} INFO - [2025-08-31T18:43:17.025+0000] {dag.py:3239} INFO - Sync 1 DAGs
[2025-08-31T18:43:17.058+0000] {logging_mixin.py:190} INFO - [2025-08-31T18:43:17.058+0000] {dag.py:4180} INFO - Setting next_dagrun for example_nested_branch_dag to 2025-08-30 00:00:00+00:00, run_after=2025-08-31 00:00:00+00:00
[2025-08-31T18:43:17.085+0000] {processor.py:208} INFO - Processing /home/krishnaformeera/Sumitomo/datapipeline/venv/lib/python3.11/site-packages/airflow/example_dags/example_nested_branch_dag.py took 0.115 seconds
[2025-08-31T18:44:11.304+0000] {processor.py:186} INFO - Started process (PID=7043) to work on /home/krishnaformeera/Sumitomo/datapipeline/venv/lib/python3.11/site-packages/airflow/example_dags/example_nested_branch_dag.py
[2025-08-31T18:44:11.305+0000] {processor.py:914} INFO - Processing file /home/krishnaformeera/Sumitomo/datapipeline/venv/lib/python3.11/site-packages/airflow/example_dags/example_nested_branch_dag.py for tasks to queue
[2025-08-31T18:44:11.308+0000] {logging_mixin.py:190} INFO - [2025-08-31T18:44:11.307+0000] {dagbag.py:588} INFO - Filling up the DagBag from /home/krishnaformeera/Sumitomo/datapipeline/venv/lib/python3.11/site-packages/airflow/example_dags/example_nested_branch_dag.py
[2025-08-31T18:44:11.322+0000] {processor.py:925} INFO - DAG(s) 'example_nested_branch_dag' retrieved from /home/krishnaformeera/Sumitomo/datapipeline/venv/lib/python3.11/site-packages/airflow/example_dags/example_nested_branch_dag.py
[2025-08-31T18:44:11.341+0000] {logging_mixin.py:190} INFO - [2025-08-31T18:44:11.341+0000] {dag.py:3239} INFO - Sync 1 DAGs
[2025-08-31T18:44:11.362+0000] {logging_mixin.py:190} INFO - [2025-08-31T18:44:11.362+0000] {dag.py:4180} INFO - Setting next_dagrun for example_nested_branch_dag to 2025-08-30 00:00:00+00:00, run_after=2025-08-31 00:00:00+00:00
[2025-08-31T18:44:11.388+0000] {processor.py:208} INFO - Processing /home/krishnaformeera/Sumitomo/datapipeline/venv/lib/python3.11/site-packages/airflow/example_dags/example_nested_branch_dag.py took 0.092 seconds
[2025-08-31T18:45:01.577+0000] {processor.py:186} INFO - Started process (PID=7281) to work on /home/krishnaformeera/Sumitomo/datapipeline/venv/lib/python3.11/site-packages/airflow/example_dags/example_nested_branch_dag.py
[2025-08-31T18:45:01.578+0000] {processor.py:914} INFO - Processing file /home/krishnaformeera/Sumitomo/datapipeline/venv/lib/python3.11/site-packages/airflow/example_dags/example_nested_branch_dag.py for tasks to queue
[2025-08-31T18:45:01.581+0000] {logging_mixin.py:190} INFO - [2025-08-31T18:45:01.580+0000] {dagbag.py:588} INFO - Filling up the DagBag from /home/krishnaformeera/Sumitomo/datapipeline/venv/lib/python3.11/site-packages/airflow/example_dags/example_nested_branch_dag.py
[2025-08-31T18:45:01.594+0000] {processor.py:925} INFO - DAG(s) 'example_nested_branch_dag' retrieved from /home/krishnaformeera/Sumitomo/datapipeline/venv/lib/python3.11/site-packages/airflow/example_dags/example_nested_branch_dag.py
[2025-08-31T18:45:01.613+0000] {logging_mixin.py:190} INFO - [2025-08-31T18:45:01.613+0000] {dag.py:3239} INFO - Sync 1 DAGs
[2025-08-31T18:45:01.635+0000] {logging_mixin.py:190} INFO - [2025-08-31T18:45:01.635+0000] {dag.py:4180} INFO - Setting next_dagrun for example_nested_branch_dag to 2025-08-30 00:00:00+00:00, run_after=2025-08-31 00:00:00+00:00
[2025-08-31T18:45:01.658+0000] {processor.py:208} INFO - Processing /home/krishnaformeera/Sumitomo/datapipeline/venv/lib/python3.11/site-packages/airflow/example_dags/example_nested_branch_dag.py took 0.089 seconds
[2025-08-31T18:45:52.910+0000] {processor.py:186} INFO - Started process (PID=7567) to work on /home/krishnaformeera/Sumitomo/datapipeline/venv/lib/python3.11/site-packages/airflow/example_dags/example_nested_branch_dag.py
[2025-08-31T18:45:52.912+0000] {processor.py:914} INFO - Processing file /home/krishnaformeera/Sumitomo/datapipeline/venv/lib/python3.11/site-packages/airflow/example_dags/example_nested_branch_dag.py for tasks to queue
[2025-08-31T18:45:52.915+0000] {logging_mixin.py:190} INFO - [2025-08-31T18:45:52.914+0000] {dagbag.py:588} INFO - Filling up the DagBag from /home/krishnaformeera/Sumitomo/datapipeline/venv/lib/python3.11/site-packages/airflow/example_dags/example_nested_branch_dag.py
[2025-08-31T18:45:52.929+0000] {processor.py:925} INFO - DAG(s) 'example_nested_branch_dag' retrieved from /home/krishnaformeera/Sumitomo/datapipeline/venv/lib/python3.11/site-packages/airflow/example_dags/example_nested_branch_dag.py
[2025-08-31T18:45:52.947+0000] {logging_mixin.py:190} INFO - [2025-08-31T18:45:52.946+0000] {dag.py:3239} INFO - Sync 1 DAGs
[2025-08-31T18:45:52.968+0000] {logging_mixin.py:190} INFO - [2025-08-31T18:45:52.968+0000] {dag.py:4180} INFO - Setting next_dagrun for example_nested_branch_dag to 2025-08-30 00:00:00+00:00, run_after=2025-08-31 00:00:00+00:00
[2025-08-31T18:45:52.991+0000] {processor.py:208} INFO - Processing /home/krishnaformeera/Sumitomo/datapipeline/venv/lib/python3.11/site-packages/airflow/example_dags/example_nested_branch_dag.py took 0.089 seconds
[2025-08-31T18:46:45.161+0000] {processor.py:186} INFO - Started process (PID=7751) to work on /home/krishnaformeera/Sumitomo/datapipeline/venv/lib/python3.11/site-packages/airflow/example_dags/example_nested_branch_dag.py
[2025-08-31T18:46:45.163+0000] {processor.py:914} INFO - Processing file /home/krishnaformeera/Sumitomo/datapipeline/venv/lib/python3.11/site-packages/airflow/example_dags/example_nested_branch_dag.py for tasks to queue
[2025-08-31T18:46:45.168+0000] {logging_mixin.py:190} INFO - [2025-08-31T18:46:45.167+0000] {dagbag.py:588} INFO - Filling up the DagBag from /home/krishnaformeera/Sumitomo/datapipeline/venv/lib/python3.11/site-packages/airflow/example_dags/example_nested_branch_dag.py
[2025-08-31T18:46:45.202+0000] {processor.py:925} INFO - DAG(s) 'example_nested_branch_dag' retrieved from /home/krishnaformeera/Sumitomo/datapipeline/venv/lib/python3.11/site-packages/airflow/example_dags/example_nested_branch_dag.py
[2025-08-31T18:46:45.250+0000] {logging_mixin.py:190} INFO - [2025-08-31T18:46:45.249+0000] {dag.py:3239} INFO - Sync 1 DAGs
[2025-08-31T18:46:45.286+0000] {logging_mixin.py:190} INFO - [2025-08-31T18:46:45.285+0000] {dag.py:4180} INFO - Setting next_dagrun for example_nested_branch_dag to 2025-08-30 00:00:00+00:00, run_after=2025-08-31 00:00:00+00:00
[2025-08-31T18:46:45.317+0000] {processor.py:208} INFO - Processing /home/krishnaformeera/Sumitomo/datapipeline/venv/lib/python3.11/site-packages/airflow/example_dags/example_nested_branch_dag.py took 0.170 seconds
[2025-08-31T18:47:38.167+0000] {processor.py:186} INFO - Started process (PID=7807) to work on /home/krishnaformeera/Sumitomo/datapipeline/venv/lib/python3.11/site-packages/airflow/example_dags/example_nested_branch_dag.py
[2025-08-31T18:47:38.169+0000] {processor.py:914} INFO - Processing file /home/krishnaformeera/Sumitomo/datapipeline/venv/lib/python3.11/site-packages/airflow/example_dags/example_nested_branch_dag.py for tasks to queue
[2025-08-31T18:47:38.171+0000] {logging_mixin.py:190} INFO - [2025-08-31T18:47:38.171+0000] {dagbag.py:588} INFO - Filling up the DagBag from /home/krishnaformeera/Sumitomo/datapipeline/venv/lib/python3.11/site-packages/airflow/example_dags/example_nested_branch_dag.py
[2025-08-31T18:47:38.185+0000] {processor.py:925} INFO - DAG(s) 'example_nested_branch_dag' retrieved from /home/krishnaformeera/Sumitomo/datapipeline/venv/lib/python3.11/site-packages/airflow/example_dags/example_nested_branch_dag.py
[2025-08-31T18:47:38.204+0000] {logging_mixin.py:190} INFO - [2025-08-31T18:47:38.204+0000] {dag.py:3239} INFO - Sync 1 DAGs
[2025-08-31T18:47:38.228+0000] {logging_mixin.py:190} INFO - [2025-08-31T18:47:38.228+0000] {dag.py:4180} INFO - Setting next_dagrun for example_nested_branch_dag to 2025-08-30 00:00:00+00:00, run_after=2025-08-31 00:00:00+00:00
[2025-08-31T18:47:38.257+0000] {processor.py:208} INFO - Processing /home/krishnaformeera/Sumitomo/datapipeline/venv/lib/python3.11/site-packages/airflow/example_dags/example_nested_branch_dag.py took 0.097 seconds
[2025-08-31T18:48:28.166+0000] {processor.py:186} INFO - Started process (PID=7860) to work on /home/krishnaformeera/Sumitomo/datapipeline/venv/lib/python3.11/site-packages/airflow/example_dags/example_nested_branch_dag.py
[2025-08-31T18:48:28.167+0000] {processor.py:914} INFO - Processing file /home/krishnaformeera/Sumitomo/datapipeline/venv/lib/python3.11/site-packages/airflow/example_dags/example_nested_branch_dag.py for tasks to queue
[2025-08-31T18:48:28.169+0000] {logging_mixin.py:190} INFO - [2025-08-31T18:48:28.169+0000] {dagbag.py:588} INFO - Filling up the DagBag from /home/krishnaformeera/Sumitomo/datapipeline/venv/lib/python3.11/site-packages/airflow/example_dags/example_nested_branch_dag.py
[2025-08-31T18:48:28.183+0000] {processor.py:925} INFO - DAG(s) 'example_nested_branch_dag' retrieved from /home/krishnaformeera/Sumitomo/datapipeline/venv/lib/python3.11/site-packages/airflow/example_dags/example_nested_branch_dag.py
[2025-08-31T18:48:28.203+0000] {logging_mixin.py:190} INFO - [2025-08-31T18:48:28.203+0000] {dag.py:3239} INFO - Sync 1 DAGs
[2025-08-31T18:48:28.222+0000] {logging_mixin.py:190} INFO - [2025-08-31T18:48:28.222+0000] {dag.py:4180} INFO - Setting next_dagrun for example_nested_branch_dag to 2025-08-30 00:00:00+00:00, run_after=2025-08-31 00:00:00+00:00
[2025-08-31T18:48:28.246+0000] {processor.py:208} INFO - Processing /home/krishnaformeera/Sumitomo/datapipeline/venv/lib/python3.11/site-packages/airflow/example_dags/example_nested_branch_dag.py took 0.085 seconds
[2025-08-31T18:49:18.562+0000] {processor.py:186} INFO - Started process (PID=7917) to work on /home/krishnaformeera/Sumitomo/datapipeline/venv/lib/python3.11/site-packages/airflow/example_dags/example_nested_branch_dag.py
[2025-08-31T18:49:18.563+0000] {processor.py:914} INFO - Processing file /home/krishnaformeera/Sumitomo/datapipeline/venv/lib/python3.11/site-packages/airflow/example_dags/example_nested_branch_dag.py for tasks to queue
[2025-08-31T18:49:18.566+0000] {logging_mixin.py:190} INFO - [2025-08-31T18:49:18.565+0000] {dagbag.py:588} INFO - Filling up the DagBag from /home/krishnaformeera/Sumitomo/datapipeline/venv/lib/python3.11/site-packages/airflow/example_dags/example_nested_branch_dag.py
[2025-08-31T18:49:18.581+0000] {processor.py:925} INFO - DAG(s) 'example_nested_branch_dag' retrieved from /home/krishnaformeera/Sumitomo/datapipeline/venv/lib/python3.11/site-packages/airflow/example_dags/example_nested_branch_dag.py
[2025-08-31T18:49:18.600+0000] {logging_mixin.py:190} INFO - [2025-08-31T18:49:18.600+0000] {dag.py:3239} INFO - Sync 1 DAGs
[2025-08-31T18:49:18.622+0000] {logging_mixin.py:190} INFO - [2025-08-31T18:49:18.622+0000] {dag.py:4180} INFO - Setting next_dagrun for example_nested_branch_dag to 2025-08-30 00:00:00+00:00, run_after=2025-08-31 00:00:00+00:00
[2025-08-31T18:49:18.649+0000] {processor.py:208} INFO - Processing /home/krishnaformeera/Sumitomo/datapipeline/venv/lib/python3.11/site-packages/airflow/example_dags/example_nested_branch_dag.py took 0.093 seconds
[2025-08-31T18:50:11.077+0000] {processor.py:186} INFO - Started process (PID=8025) to work on /home/krishnaformeera/Sumitomo/datapipeline/venv/lib/python3.11/site-packages/airflow/example_dags/example_nested_branch_dag.py
[2025-08-31T18:50:11.078+0000] {processor.py:914} INFO - Processing file /home/krishnaformeera/Sumitomo/datapipeline/venv/lib/python3.11/site-packages/airflow/example_dags/example_nested_branch_dag.py for tasks to queue
[2025-08-31T18:50:11.081+0000] {logging_mixin.py:190} INFO - [2025-08-31T18:50:11.080+0000] {dagbag.py:588} INFO - Filling up the DagBag from /home/krishnaformeera/Sumitomo/datapipeline/venv/lib/python3.11/site-packages/airflow/example_dags/example_nested_branch_dag.py
[2025-08-31T18:50:11.092+0000] {processor.py:925} INFO - DAG(s) 'example_nested_branch_dag' retrieved from /home/krishnaformeera/Sumitomo/datapipeline/venv/lib/python3.11/site-packages/airflow/example_dags/example_nested_branch_dag.py
[2025-08-31T18:50:11.108+0000] {logging_mixin.py:190} INFO - [2025-08-31T18:50:11.108+0000] {dag.py:3239} INFO - Sync 1 DAGs
[2025-08-31T18:50:11.127+0000] {logging_mixin.py:190} INFO - [2025-08-31T18:50:11.127+0000] {dag.py:4180} INFO - Setting next_dagrun for example_nested_branch_dag to 2025-08-30 00:00:00+00:00, run_after=2025-08-31 00:00:00+00:00
[2025-08-31T18:50:11.150+0000] {processor.py:208} INFO - Processing /home/krishnaformeera/Sumitomo/datapipeline/venv/lib/python3.11/site-packages/airflow/example_dags/example_nested_branch_dag.py took 0.079 seconds
[2025-08-31T18:51:03.124+0000] {processor.py:186} INFO - Started process (PID=8100) to work on /home/krishnaformeera/Sumitomo/datapipeline/venv/lib/python3.11/site-packages/airflow/example_dags/example_nested_branch_dag.py
[2025-08-31T18:51:03.125+0000] {processor.py:914} INFO - Processing file /home/krishnaformeera/Sumitomo/datapipeline/venv/lib/python3.11/site-packages/airflow/example_dags/example_nested_branch_dag.py for tasks to queue
[2025-08-31T18:51:03.128+0000] {logging_mixin.py:190} INFO - [2025-08-31T18:51:03.128+0000] {dagbag.py:588} INFO - Filling up the DagBag from /home/krishnaformeera/Sumitomo/datapipeline/venv/lib/python3.11/site-packages/airflow/example_dags/example_nested_branch_dag.py
[2025-08-31T18:51:03.145+0000] {processor.py:925} INFO - DAG(s) 'example_nested_branch_dag' retrieved from /home/krishnaformeera/Sumitomo/datapipeline/venv/lib/python3.11/site-packages/airflow/example_dags/example_nested_branch_dag.py
[2025-08-31T18:51:03.180+0000] {logging_mixin.py:190} INFO - [2025-08-31T18:51:03.179+0000] {dag.py:3239} INFO - Sync 1 DAGs
[2025-08-31T18:51:03.213+0000] {logging_mixin.py:190} INFO - [2025-08-31T18:51:03.213+0000] {dag.py:4180} INFO - Setting next_dagrun for example_nested_branch_dag to 2025-08-30 00:00:00+00:00, run_after=2025-08-31 00:00:00+00:00
[2025-08-31T18:51:03.265+0000] {processor.py:208} INFO - Processing /home/krishnaformeera/Sumitomo/datapipeline/venv/lib/python3.11/site-packages/airflow/example_dags/example_nested_branch_dag.py took 0.149 seconds
[2025-08-31T18:51:52.687+0000] {processor.py:186} INFO - Started process (PID=8182) to work on /home/krishnaformeera/Sumitomo/datapipeline/venv/lib/python3.11/site-packages/airflow/example_dags/example_nested_branch_dag.py
[2025-08-31T18:51:52.688+0000] {processor.py:914} INFO - Processing file /home/krishnaformeera/Sumitomo/datapipeline/venv/lib/python3.11/site-packages/airflow/example_dags/example_nested_branch_dag.py for tasks to queue
[2025-08-31T18:51:52.691+0000] {logging_mixin.py:190} INFO - [2025-08-31T18:51:52.690+0000] {dagbag.py:588} INFO - Filling up the DagBag from /home/krishnaformeera/Sumitomo/datapipeline/venv/lib/python3.11/site-packages/airflow/example_dags/example_nested_branch_dag.py
[2025-08-31T18:51:52.703+0000] {processor.py:925} INFO - DAG(s) 'example_nested_branch_dag' retrieved from /home/krishnaformeera/Sumitomo/datapipeline/venv/lib/python3.11/site-packages/airflow/example_dags/example_nested_branch_dag.py
[2025-08-31T18:51:52.719+0000] {logging_mixin.py:190} INFO - [2025-08-31T18:51:52.718+0000] {dag.py:3239} INFO - Sync 1 DAGs
[2025-08-31T18:51:52.737+0000] {logging_mixin.py:190} INFO - [2025-08-31T18:51:52.737+0000] {dag.py:4180} INFO - Setting next_dagrun for example_nested_branch_dag to 2025-08-30 00:00:00+00:00, run_after=2025-08-31 00:00:00+00:00
[2025-08-31T18:51:52.759+0000] {processor.py:208} INFO - Processing /home/krishnaformeera/Sumitomo/datapipeline/venv/lib/python3.11/site-packages/airflow/example_dags/example_nested_branch_dag.py took 0.079 seconds
[2025-08-31T18:52:43.409+0000] {processor.py:186} INFO - Started process (PID=8253) to work on /home/krishnaformeera/Sumitomo/datapipeline/venv/lib/python3.11/site-packages/airflow/example_dags/example_nested_branch_dag.py
[2025-08-31T18:52:43.411+0000] {processor.py:914} INFO - Processing file /home/krishnaformeera/Sumitomo/datapipeline/venv/lib/python3.11/site-packages/airflow/example_dags/example_nested_branch_dag.py for tasks to queue
[2025-08-31T18:52:43.413+0000] {logging_mixin.py:190} INFO - [2025-08-31T18:52:43.413+0000] {dagbag.py:588} INFO - Filling up the DagBag from /home/krishnaformeera/Sumitomo/datapipeline/venv/lib/python3.11/site-packages/airflow/example_dags/example_nested_branch_dag.py
[2025-08-31T18:52:43.427+0000] {processor.py:925} INFO - DAG(s) 'example_nested_branch_dag' retrieved from /home/krishnaformeera/Sumitomo/datapipeline/venv/lib/python3.11/site-packages/airflow/example_dags/example_nested_branch_dag.py
[2025-08-31T18:52:43.446+0000] {logging_mixin.py:190} INFO - [2025-08-31T18:52:43.446+0000] {dag.py:3239} INFO - Sync 1 DAGs
[2025-08-31T18:52:43.466+0000] {logging_mixin.py:190} INFO - [2025-08-31T18:52:43.466+0000] {dag.py:4180} INFO - Setting next_dagrun for example_nested_branch_dag to 2025-08-30 00:00:00+00:00, run_after=2025-08-31 00:00:00+00:00
[2025-08-31T18:52:43.488+0000] {processor.py:208} INFO - Processing /home/krishnaformeera/Sumitomo/datapipeline/venv/lib/python3.11/site-packages/airflow/example_dags/example_nested_branch_dag.py took 0.086 seconds
[2025-08-31T18:53:32.685+0000] {processor.py:186} INFO - Started process (PID=8306) to work on /home/krishnaformeera/Sumitomo/datapipeline/venv/lib/python3.11/site-packages/airflow/example_dags/example_nested_branch_dag.py
[2025-08-31T18:53:32.686+0000] {processor.py:914} INFO - Processing file /home/krishnaformeera/Sumitomo/datapipeline/venv/lib/python3.11/site-packages/airflow/example_dags/example_nested_branch_dag.py for tasks to queue
[2025-08-31T18:53:32.689+0000] {logging_mixin.py:190} INFO - [2025-08-31T18:53:32.688+0000] {dagbag.py:588} INFO - Filling up the DagBag from /home/krishnaformeera/Sumitomo/datapipeline/venv/lib/python3.11/site-packages/airflow/example_dags/example_nested_branch_dag.py
[2025-08-31T18:53:32.702+0000] {processor.py:925} INFO - DAG(s) 'example_nested_branch_dag' retrieved from /home/krishnaformeera/Sumitomo/datapipeline/venv/lib/python3.11/site-packages/airflow/example_dags/example_nested_branch_dag.py
[2025-08-31T18:53:32.722+0000] {logging_mixin.py:190} INFO - [2025-08-31T18:53:32.722+0000] {dag.py:3239} INFO - Sync 1 DAGs
[2025-08-31T18:53:32.750+0000] {logging_mixin.py:190} INFO - [2025-08-31T18:53:32.750+0000] {dag.py:4180} INFO - Setting next_dagrun for example_nested_branch_dag to 2025-08-30 00:00:00+00:00, run_after=2025-08-31 00:00:00+00:00
[2025-08-31T18:53:32.779+0000] {processor.py:208} INFO - Processing /home/krishnaformeera/Sumitomo/datapipeline/venv/lib/python3.11/site-packages/airflow/example_dags/example_nested_branch_dag.py took 0.101 seconds
[2025-08-31T18:54:22.121+0000] {processor.py:186} INFO - Started process (PID=8499) to work on /home/krishnaformeera/Sumitomo/datapipeline/venv/lib/python3.11/site-packages/airflow/example_dags/example_nested_branch_dag.py
[2025-08-31T18:54:22.122+0000] {processor.py:914} INFO - Processing file /home/krishnaformeera/Sumitomo/datapipeline/venv/lib/python3.11/site-packages/airflow/example_dags/example_nested_branch_dag.py for tasks to queue
[2025-08-31T18:54:22.125+0000] {logging_mixin.py:190} INFO - [2025-08-31T18:54:22.124+0000] {dagbag.py:588} INFO - Filling up the DagBag from /home/krishnaformeera/Sumitomo/datapipeline/venv/lib/python3.11/site-packages/airflow/example_dags/example_nested_branch_dag.py
[2025-08-31T18:54:22.137+0000] {processor.py:925} INFO - DAG(s) 'example_nested_branch_dag' retrieved from /home/krishnaformeera/Sumitomo/datapipeline/venv/lib/python3.11/site-packages/airflow/example_dags/example_nested_branch_dag.py
[2025-08-31T18:54:22.154+0000] {logging_mixin.py:190} INFO - [2025-08-31T18:54:22.154+0000] {dag.py:3239} INFO - Sync 1 DAGs
[2025-08-31T18:54:22.180+0000] {logging_mixin.py:190} INFO - [2025-08-31T18:54:22.179+0000] {dag.py:4180} INFO - Setting next_dagrun for example_nested_branch_dag to 2025-08-30 00:00:00+00:00, run_after=2025-08-31 00:00:00+00:00
[2025-08-31T18:54:22.205+0000] {processor.py:208} INFO - Processing /home/krishnaformeera/Sumitomo/datapipeline/venv/lib/python3.11/site-packages/airflow/example_dags/example_nested_branch_dag.py took 0.093 seconds
[2025-08-31T18:55:13.833+0000] {processor.py:186} INFO - Started process (PID=8578) to work on /home/krishnaformeera/Sumitomo/datapipeline/venv/lib/python3.11/site-packages/airflow/example_dags/example_nested_branch_dag.py
[2025-08-31T18:55:13.834+0000] {processor.py:914} INFO - Processing file /home/krishnaformeera/Sumitomo/datapipeline/venv/lib/python3.11/site-packages/airflow/example_dags/example_nested_branch_dag.py for tasks to queue
[2025-08-31T18:55:13.836+0000] {logging_mixin.py:190} INFO - [2025-08-31T18:55:13.836+0000] {dagbag.py:588} INFO - Filling up the DagBag from /home/krishnaformeera/Sumitomo/datapipeline/venv/lib/python3.11/site-packages/airflow/example_dags/example_nested_branch_dag.py
[2025-08-31T18:55:13.848+0000] {processor.py:925} INFO - DAG(s) 'example_nested_branch_dag' retrieved from /home/krishnaformeera/Sumitomo/datapipeline/venv/lib/python3.11/site-packages/airflow/example_dags/example_nested_branch_dag.py
[2025-08-31T18:55:13.867+0000] {logging_mixin.py:190} INFO - [2025-08-31T18:55:13.867+0000] {dag.py:3239} INFO - Sync 1 DAGs
[2025-08-31T18:55:13.889+0000] {logging_mixin.py:190} INFO - [2025-08-31T18:55:13.889+0000] {dag.py:4180} INFO - Setting next_dagrun for example_nested_branch_dag to 2025-08-30 00:00:00+00:00, run_after=2025-08-31 00:00:00+00:00
[2025-08-31T18:55:13.912+0000] {processor.py:208} INFO - Processing /home/krishnaformeera/Sumitomo/datapipeline/venv/lib/python3.11/site-packages/airflow/example_dags/example_nested_branch_dag.py took 0.086 seconds
[2025-08-31T18:56:05.648+0000] {processor.py:186} INFO - Started process (PID=8630) to work on /home/krishnaformeera/Sumitomo/datapipeline/venv/lib/python3.11/site-packages/airflow/example_dags/example_nested_branch_dag.py
[2025-08-31T18:56:05.650+0000] {processor.py:914} INFO - Processing file /home/krishnaformeera/Sumitomo/datapipeline/venv/lib/python3.11/site-packages/airflow/example_dags/example_nested_branch_dag.py for tasks to queue
[2025-08-31T18:56:05.653+0000] {logging_mixin.py:190} INFO - [2025-08-31T18:56:05.653+0000] {dagbag.py:588} INFO - Filling up the DagBag from /home/krishnaformeera/Sumitomo/datapipeline/venv/lib/python3.11/site-packages/airflow/example_dags/example_nested_branch_dag.py
[2025-08-31T18:56:05.670+0000] {processor.py:925} INFO - DAG(s) 'example_nested_branch_dag' retrieved from /home/krishnaformeera/Sumitomo/datapipeline/venv/lib/python3.11/site-packages/airflow/example_dags/example_nested_branch_dag.py
[2025-08-31T18:56:05.689+0000] {logging_mixin.py:190} INFO - [2025-08-31T18:56:05.689+0000] {dag.py:3239} INFO - Sync 1 DAGs
[2025-08-31T18:56:05.710+0000] {logging_mixin.py:190} INFO - [2025-08-31T18:56:05.709+0000] {dag.py:4180} INFO - Setting next_dagrun for example_nested_branch_dag to 2025-08-30 00:00:00+00:00, run_after=2025-08-31 00:00:00+00:00
[2025-08-31T18:56:05.731+0000] {processor.py:208} INFO - Processing /home/krishnaformeera/Sumitomo/datapipeline/venv/lib/python3.11/site-packages/airflow/example_dags/example_nested_branch_dag.py took 0.090 seconds
[2025-08-31T18:56:59.850+0000] {processor.py:186} INFO - Started process (PID=8698) to work on /home/krishnaformeera/Sumitomo/datapipeline/venv/lib/python3.11/site-packages/airflow/example_dags/example_nested_branch_dag.py
[2025-08-31T18:56:59.851+0000] {processor.py:914} INFO - Processing file /home/krishnaformeera/Sumitomo/datapipeline/venv/lib/python3.11/site-packages/airflow/example_dags/example_nested_branch_dag.py for tasks to queue
[2025-08-31T18:56:59.853+0000] {logging_mixin.py:190} INFO - [2025-08-31T18:56:59.853+0000] {dagbag.py:588} INFO - Filling up the DagBag from /home/krishnaformeera/Sumitomo/datapipeline/venv/lib/python3.11/site-packages/airflow/example_dags/example_nested_branch_dag.py
[2025-08-31T18:56:59.865+0000] {processor.py:925} INFO - DAG(s) 'example_nested_branch_dag' retrieved from /home/krishnaformeera/Sumitomo/datapipeline/venv/lib/python3.11/site-packages/airflow/example_dags/example_nested_branch_dag.py
[2025-08-31T18:56:59.882+0000] {logging_mixin.py:190} INFO - [2025-08-31T18:56:59.882+0000] {dag.py:3239} INFO - Sync 1 DAGs
[2025-08-31T18:56:59.902+0000] {logging_mixin.py:190} INFO - [2025-08-31T18:56:59.902+0000] {dag.py:4180} INFO - Setting next_dagrun for example_nested_branch_dag to 2025-08-30 00:00:00+00:00, run_after=2025-08-31 00:00:00+00:00
[2025-08-31T18:56:59.923+0000] {processor.py:208} INFO - Processing /home/krishnaformeera/Sumitomo/datapipeline/venv/lib/python3.11/site-packages/airflow/example_dags/example_nested_branch_dag.py took 0.080 seconds
[2025-08-31T18:57:52.296+0000] {processor.py:186} INFO - Started process (PID=8752) to work on /home/krishnaformeera/Sumitomo/datapipeline/venv/lib/python3.11/site-packages/airflow/example_dags/example_nested_branch_dag.py
[2025-08-31T18:57:52.297+0000] {processor.py:914} INFO - Processing file /home/krishnaformeera/Sumitomo/datapipeline/venv/lib/python3.11/site-packages/airflow/example_dags/example_nested_branch_dag.py for tasks to queue
[2025-08-31T18:57:52.300+0000] {logging_mixin.py:190} INFO - [2025-08-31T18:57:52.299+0000] {dagbag.py:588} INFO - Filling up the DagBag from /home/krishnaformeera/Sumitomo/datapipeline/venv/lib/python3.11/site-packages/airflow/example_dags/example_nested_branch_dag.py
[2025-08-31T18:57:52.312+0000] {processor.py:925} INFO - DAG(s) 'example_nested_branch_dag' retrieved from /home/krishnaformeera/Sumitomo/datapipeline/venv/lib/python3.11/site-packages/airflow/example_dags/example_nested_branch_dag.py
[2025-08-31T18:57:52.342+0000] {logging_mixin.py:190} INFO - [2025-08-31T18:57:52.341+0000] {dag.py:3239} INFO - Sync 1 DAGs
[2025-08-31T18:57:52.375+0000] {logging_mixin.py:190} INFO - [2025-08-31T18:57:52.375+0000] {dag.py:4180} INFO - Setting next_dagrun for example_nested_branch_dag to 2025-08-30 00:00:00+00:00, run_after=2025-08-31 00:00:00+00:00
[2025-08-31T18:57:52.403+0000] {processor.py:208} INFO - Processing /home/krishnaformeera/Sumitomo/datapipeline/venv/lib/python3.11/site-packages/airflow/example_dags/example_nested_branch_dag.py took 0.116 seconds
[2025-08-31T18:58:45.569+0000] {processor.py:186} INFO - Started process (PID=8805) to work on /home/krishnaformeera/Sumitomo/datapipeline/venv/lib/python3.11/site-packages/airflow/example_dags/example_nested_branch_dag.py
[2025-08-31T18:58:45.570+0000] {processor.py:914} INFO - Processing file /home/krishnaformeera/Sumitomo/datapipeline/venv/lib/python3.11/site-packages/airflow/example_dags/example_nested_branch_dag.py for tasks to queue
[2025-08-31T18:58:45.573+0000] {logging_mixin.py:190} INFO - [2025-08-31T18:58:45.572+0000] {dagbag.py:588} INFO - Filling up the DagBag from /home/krishnaformeera/Sumitomo/datapipeline/venv/lib/python3.11/site-packages/airflow/example_dags/example_nested_branch_dag.py
[2025-08-31T18:58:45.586+0000] {processor.py:925} INFO - DAG(s) 'example_nested_branch_dag' retrieved from /home/krishnaformeera/Sumitomo/datapipeline/venv/lib/python3.11/site-packages/airflow/example_dags/example_nested_branch_dag.py
[2025-08-31T18:58:45.606+0000] {logging_mixin.py:190} INFO - [2025-08-31T18:58:45.606+0000] {dag.py:3239} INFO - Sync 1 DAGs
[2025-08-31T18:58:45.629+0000] {logging_mixin.py:190} INFO - [2025-08-31T18:58:45.629+0000] {dag.py:4180} INFO - Setting next_dagrun for example_nested_branch_dag to 2025-08-30 00:00:00+00:00, run_after=2025-08-31 00:00:00+00:00
[2025-08-31T18:58:45.655+0000] {processor.py:208} INFO - Processing /home/krishnaformeera/Sumitomo/datapipeline/venv/lib/python3.11/site-packages/airflow/example_dags/example_nested_branch_dag.py took 0.093 seconds
