[2025-08-31T18:30:19.450+0000] {processor.py:186} INFO - Started process (PID=5108) to work on /home/krishnaformeera/Sumitomo/datapipeline/venv/lib/python3.11/site-packages/airflow/example_dags/example_skip_dag.py
[2025-08-31T18:30:19.451+0000] {processor.py:914} INFO - Processing file /home/krishnaformeera/Sumitomo/datapipeline/venv/lib/python3.11/site-packages/airflow/example_dags/example_skip_dag.py for tasks to queue
[2025-08-31T18:30:19.452+0000] {logging_mixin.py:190} INFO - [2025-08-31T18:30:19.451+0000] {dagbag.py:588} INFO - Filling up the DagBag from /home/krishnaformeera/Sumitomo/datapipeline/venv/lib/python3.11/site-packages/airflow/example_dags/example_skip_dag.py
[2025-08-31T18:30:19.462+0000] {processor.py:925} INFO - DAG(s) 'example_skip_dag' retrieved from /home/krishnaformeera/Sumitomo/datapipeline/venv/lib/python3.11/site-packages/airflow/example_dags/example_skip_dag.py
[2025-08-31T18:30:19.695+0000] {logging_mixin.py:190} INFO - [2025-08-31T18:30:19.694+0000] {override.py:1900} INFO - Created Permission View: can delete on DAG:example_skip_dag
[2025-08-31T18:30:19.710+0000] {logging_mixin.py:190} INFO - [2025-08-31T18:30:19.710+0000] {override.py:1900} INFO - Created Permission View: can read on DAG:example_skip_dag
[2025-08-31T18:30:19.722+0000] {logging_mixin.py:190} INFO - [2025-08-31T18:30:19.721+0000] {override.py:1900} INFO - Created Permission View: can edit on DAG:example_skip_dag
[2025-08-31T18:30:19.740+0000] {logging_mixin.py:190} INFO - [2025-08-31T18:30:19.740+0000] {override.py:1900} INFO - Created Permission View: can delete on DAG Run:example_skip_dag
[2025-08-31T18:30:19.751+0000] {logging_mixin.py:190} INFO - [2025-08-31T18:30:19.751+0000] {override.py:1900} INFO - Created Permission View: can read on DAG Run:example_skip_dag
[2025-08-31T18:30:19.763+0000] {logging_mixin.py:190} INFO - [2025-08-31T18:30:19.762+0000] {override.py:1900} INFO - Created Permission View: can create on DAG Run:example_skip_dag
[2025-08-31T18:30:19.774+0000] {logging_mixin.py:190} INFO - [2025-08-31T18:30:19.773+0000] {override.py:1900} INFO - Created Permission View: menu access on DAG Run:example_skip_dag
[2025-08-31T18:30:19.774+0000] {logging_mixin.py:190} INFO - [2025-08-31T18:30:19.774+0000] {dag.py:3239} INFO - Sync 1 DAGs
[2025-08-31T18:30:19.787+0000] {logging_mixin.py:190} INFO - [2025-08-31T18:30:19.786+0000] {dag.py:3262} INFO - Creating ORM DAG for example_skip_dag
[2025-08-31T18:30:19.794+0000] {logging_mixin.py:190} INFO - [2025-08-31T18:30:19.794+0000] {dag.py:4180} INFO - Setting next_dagrun for example_skip_dag to 2025-08-30 00:00:00+00:00, run_after=2025-08-31 00:00:00+00:00
[2025-08-31T18:30:19.814+0000] {processor.py:208} INFO - Processing /home/krishnaformeera/Sumitomo/datapipeline/venv/lib/python3.11/site-packages/airflow/example_dags/example_skip_dag.py took 0.372 seconds
[2025-08-31T18:30:56.887+0000] {processor.py:186} INFO - Started process (PID=5223) to work on /home/krishnaformeera/Sumitomo/datapipeline/venv/lib/python3.11/site-packages/airflow/example_dags/example_skip_dag.py
[2025-08-31T18:30:56.889+0000] {processor.py:914} INFO - Processing file /home/krishnaformeera/Sumitomo/datapipeline/venv/lib/python3.11/site-packages/airflow/example_dags/example_skip_dag.py for tasks to queue
[2025-08-31T18:30:56.891+0000] {logging_mixin.py:190} INFO - [2025-08-31T18:30:56.891+0000] {dagbag.py:588} INFO - Filling up the DagBag from /home/krishnaformeera/Sumitomo/datapipeline/venv/lib/python3.11/site-packages/airflow/example_dags/example_skip_dag.py
[2025-08-31T18:30:56.901+0000] {processor.py:925} INFO - DAG(s) 'example_skip_dag' retrieved from /home/krishnaformeera/Sumitomo/datapipeline/venv/lib/python3.11/site-packages/airflow/example_dags/example_skip_dag.py
[2025-08-31T18:30:56.924+0000] {logging_mixin.py:190} INFO - [2025-08-31T18:30:56.924+0000] {dag.py:3239} INFO - Sync 1 DAGs
[2025-08-31T18:30:56.947+0000] {logging_mixin.py:190} INFO - [2025-08-31T18:30:56.947+0000] {dag.py:4180} INFO - Setting next_dagrun for example_skip_dag to 2025-08-30 00:00:00+00:00, run_after=2025-08-31 00:00:00+00:00
[2025-08-31T18:30:56.972+0000] {processor.py:208} INFO - Processing /home/krishnaformeera/Sumitomo/datapipeline/venv/lib/python3.11/site-packages/airflow/example_dags/example_skip_dag.py took 0.091 seconds
[2025-08-31T18:32:00.610+0000] {processor.py:186} INFO - Started process (PID=5295) to work on /home/krishnaformeera/Sumitomo/datapipeline/venv/lib/python3.11/site-packages/airflow/example_dags/example_skip_dag.py
[2025-08-31T18:32:00.611+0000] {processor.py:914} INFO - Processing file /home/krishnaformeera/Sumitomo/datapipeline/venv/lib/python3.11/site-packages/airflow/example_dags/example_skip_dag.py for tasks to queue
[2025-08-31T18:32:00.613+0000] {logging_mixin.py:190} INFO - [2025-08-31T18:32:00.612+0000] {dagbag.py:588} INFO - Filling up the DagBag from /home/krishnaformeera/Sumitomo/datapipeline/venv/lib/python3.11/site-packages/airflow/example_dags/example_skip_dag.py
[2025-08-31T18:32:00.620+0000] {processor.py:925} INFO - DAG(s) 'example_skip_dag' retrieved from /home/krishnaformeera/Sumitomo/datapipeline/venv/lib/python3.11/site-packages/airflow/example_dags/example_skip_dag.py
[2025-08-31T18:32:00.636+0000] {logging_mixin.py:190} INFO - [2025-08-31T18:32:00.636+0000] {dag.py:3239} INFO - Sync 1 DAGs
[2025-08-31T18:32:00.655+0000] {logging_mixin.py:190} INFO - [2025-08-31T18:32:00.655+0000] {dag.py:4180} INFO - Setting next_dagrun for example_skip_dag to 2025-08-30 00:00:00+00:00, run_after=2025-08-31 00:00:00+00:00
[2025-08-31T18:32:00.680+0000] {processor.py:208} INFO - Processing /home/krishnaformeera/Sumitomo/datapipeline/venv/lib/python3.11/site-packages/airflow/example_dags/example_skip_dag.py took 0.076 seconds
[2025-08-31T18:32:54.954+0000] {processor.py:186} INFO - Started process (PID=5352) to work on /home/krishnaformeera/Sumitomo/datapipeline/venv/lib/python3.11/site-packages/airflow/example_dags/example_skip_dag.py
[2025-08-31T18:32:54.955+0000] {processor.py:914} INFO - Processing file /home/krishnaformeera/Sumitomo/datapipeline/venv/lib/python3.11/site-packages/airflow/example_dags/example_skip_dag.py for tasks to queue
[2025-08-31T18:32:54.958+0000] {logging_mixin.py:190} INFO - [2025-08-31T18:32:54.957+0000] {dagbag.py:588} INFO - Filling up the DagBag from /home/krishnaformeera/Sumitomo/datapipeline/venv/lib/python3.11/site-packages/airflow/example_dags/example_skip_dag.py
[2025-08-31T18:32:54.966+0000] {processor.py:925} INFO - DAG(s) 'example_skip_dag' retrieved from /home/krishnaformeera/Sumitomo/datapipeline/venv/lib/python3.11/site-packages/airflow/example_dags/example_skip_dag.py
[2025-08-31T18:32:54.982+0000] {logging_mixin.py:190} INFO - [2025-08-31T18:32:54.982+0000] {dag.py:3239} INFO - Sync 1 DAGs
[2025-08-31T18:32:55.000+0000] {logging_mixin.py:190} INFO - [2025-08-31T18:32:55.000+0000] {dag.py:4180} INFO - Setting next_dagrun for example_skip_dag to 2025-08-30 00:00:00+00:00, run_after=2025-08-31 00:00:00+00:00
[2025-08-31T18:32:55.023+0000] {processor.py:208} INFO - Processing /home/krishnaformeera/Sumitomo/datapipeline/venv/lib/python3.11/site-packages/airflow/example_dags/example_skip_dag.py took 0.074 seconds
[2025-08-31T18:33:45.871+0000] {processor.py:186} INFO - Started process (PID=5402) to work on /home/krishnaformeera/Sumitomo/datapipeline/venv/lib/python3.11/site-packages/airflow/example_dags/example_skip_dag.py
[2025-08-31T18:33:45.872+0000] {processor.py:914} INFO - Processing file /home/krishnaformeera/Sumitomo/datapipeline/venv/lib/python3.11/site-packages/airflow/example_dags/example_skip_dag.py for tasks to queue
[2025-08-31T18:33:45.874+0000] {logging_mixin.py:190} INFO - [2025-08-31T18:33:45.874+0000] {dagbag.py:588} INFO - Filling up the DagBag from /home/krishnaformeera/Sumitomo/datapipeline/venv/lib/python3.11/site-packages/airflow/example_dags/example_skip_dag.py
[2025-08-31T18:33:45.885+0000] {processor.py:925} INFO - DAG(s) 'example_skip_dag' retrieved from /home/krishnaformeera/Sumitomo/datapipeline/venv/lib/python3.11/site-packages/airflow/example_dags/example_skip_dag.py
[2025-08-31T18:33:46.012+0000] {logging_mixin.py:190} INFO - [2025-08-31T18:33:46.011+0000] {dag.py:3239} INFO - Sync 1 DAGs
[2025-08-31T18:33:46.026+0000] {logging_mixin.py:190} INFO - [2025-08-31T18:33:46.026+0000] {dag.py:4180} INFO - Setting next_dagrun for example_skip_dag to 2025-08-30 00:00:00+00:00, run_after=2025-08-31 00:00:00+00:00
[2025-08-31T18:33:46.044+0000] {processor.py:208} INFO - Processing /home/krishnaformeera/Sumitomo/datapipeline/venv/lib/python3.11/site-packages/airflow/example_dags/example_skip_dag.py took 0.181 seconds
[2025-08-31T18:34:40.277+0000] {processor.py:186} INFO - Started process (PID=5458) to work on /home/krishnaformeera/Sumitomo/datapipeline/venv/lib/python3.11/site-packages/airflow/example_dags/example_skip_dag.py
[2025-08-31T18:34:40.278+0000] {processor.py:914} INFO - Processing file /home/krishnaformeera/Sumitomo/datapipeline/venv/lib/python3.11/site-packages/airflow/example_dags/example_skip_dag.py for tasks to queue
[2025-08-31T18:34:40.280+0000] {logging_mixin.py:190} INFO - [2025-08-31T18:34:40.280+0000] {dagbag.py:588} INFO - Filling up the DagBag from /home/krishnaformeera/Sumitomo/datapipeline/venv/lib/python3.11/site-packages/airflow/example_dags/example_skip_dag.py
[2025-08-31T18:34:40.289+0000] {processor.py:925} INFO - DAG(s) 'example_skip_dag' retrieved from /home/krishnaformeera/Sumitomo/datapipeline/venv/lib/python3.11/site-packages/airflow/example_dags/example_skip_dag.py
[2025-08-31T18:34:40.305+0000] {logging_mixin.py:190} INFO - [2025-08-31T18:34:40.305+0000] {dag.py:3239} INFO - Sync 1 DAGs
[2025-08-31T18:34:40.324+0000] {logging_mixin.py:190} INFO - [2025-08-31T18:34:40.323+0000] {dag.py:4180} INFO - Setting next_dagrun for example_skip_dag to 2025-08-30 00:00:00+00:00, run_after=2025-08-31 00:00:00+00:00
[2025-08-31T18:34:40.345+0000] {processor.py:208} INFO - Processing /home/krishnaformeera/Sumitomo/datapipeline/venv/lib/python3.11/site-packages/airflow/example_dags/example_skip_dag.py took 0.074 seconds
[2025-08-31T18:35:32.427+0000] {processor.py:186} INFO - Started process (PID=5510) to work on /home/krishnaformeera/Sumitomo/datapipeline/venv/lib/python3.11/site-packages/airflow/example_dags/example_skip_dag.py
[2025-08-31T18:35:32.428+0000] {processor.py:914} INFO - Processing file /home/krishnaformeera/Sumitomo/datapipeline/venv/lib/python3.11/site-packages/airflow/example_dags/example_skip_dag.py for tasks to queue
[2025-08-31T18:35:32.430+0000] {logging_mixin.py:190} INFO - [2025-08-31T18:35:32.429+0000] {dagbag.py:588} INFO - Filling up the DagBag from /home/krishnaformeera/Sumitomo/datapipeline/venv/lib/python3.11/site-packages/airflow/example_dags/example_skip_dag.py
[2025-08-31T18:35:32.438+0000] {processor.py:925} INFO - DAG(s) 'example_skip_dag' retrieved from /home/krishnaformeera/Sumitomo/datapipeline/venv/lib/python3.11/site-packages/airflow/example_dags/example_skip_dag.py
[2025-08-31T18:35:32.454+0000] {logging_mixin.py:190} INFO - [2025-08-31T18:35:32.454+0000] {dag.py:3239} INFO - Sync 1 DAGs
[2025-08-31T18:35:32.472+0000] {logging_mixin.py:190} INFO - [2025-08-31T18:35:32.472+0000] {dag.py:4180} INFO - Setting next_dagrun for example_skip_dag to 2025-08-30 00:00:00+00:00, run_after=2025-08-31 00:00:00+00:00
[2025-08-31T18:35:32.495+0000] {processor.py:208} INFO - Processing /home/krishnaformeera/Sumitomo/datapipeline/venv/lib/python3.11/site-packages/airflow/example_dags/example_skip_dag.py took 0.074 seconds
[2025-08-31T18:36:22.866+0000] {processor.py:186} INFO - Started process (PID=5588) to work on /home/krishnaformeera/Sumitomo/datapipeline/venv/lib/python3.11/site-packages/airflow/example_dags/example_skip_dag.py
[2025-08-31T18:36:22.868+0000] {processor.py:914} INFO - Processing file /home/krishnaformeera/Sumitomo/datapipeline/venv/lib/python3.11/site-packages/airflow/example_dags/example_skip_dag.py for tasks to queue
[2025-08-31T18:36:22.870+0000] {logging_mixin.py:190} INFO - [2025-08-31T18:36:22.870+0000] {dagbag.py:588} INFO - Filling up the DagBag from /home/krishnaformeera/Sumitomo/datapipeline/venv/lib/python3.11/site-packages/airflow/example_dags/example_skip_dag.py
[2025-08-31T18:36:22.880+0000] {processor.py:925} INFO - DAG(s) 'example_skip_dag' retrieved from /home/krishnaformeera/Sumitomo/datapipeline/venv/lib/python3.11/site-packages/airflow/example_dags/example_skip_dag.py
[2025-08-31T18:36:22.900+0000] {logging_mixin.py:190} INFO - [2025-08-31T18:36:22.900+0000] {dag.py:3239} INFO - Sync 1 DAGs
[2025-08-31T18:36:22.921+0000] {logging_mixin.py:190} INFO - [2025-08-31T18:36:22.920+0000] {dag.py:4180} INFO - Setting next_dagrun for example_skip_dag to 2025-08-30 00:00:00+00:00, run_after=2025-08-31 00:00:00+00:00
[2025-08-31T18:36:22.945+0000] {processor.py:208} INFO - Processing /home/krishnaformeera/Sumitomo/datapipeline/venv/lib/python3.11/site-packages/airflow/example_dags/example_skip_dag.py took 0.088 seconds
[2025-08-31T18:37:13.961+0000] {processor.py:186} INFO - Started process (PID=5640) to work on /home/krishnaformeera/Sumitomo/datapipeline/venv/lib/python3.11/site-packages/airflow/example_dags/example_skip_dag.py
[2025-08-31T18:37:13.963+0000] {processor.py:914} INFO - Processing file /home/krishnaformeera/Sumitomo/datapipeline/venv/lib/python3.11/site-packages/airflow/example_dags/example_skip_dag.py for tasks to queue
[2025-08-31T18:37:13.965+0000] {logging_mixin.py:190} INFO - [2025-08-31T18:37:13.965+0000] {dagbag.py:588} INFO - Filling up the DagBag from /home/krishnaformeera/Sumitomo/datapipeline/venv/lib/python3.11/site-packages/airflow/example_dags/example_skip_dag.py
[2025-08-31T18:37:13.975+0000] {processor.py:925} INFO - DAG(s) 'example_skip_dag' retrieved from /home/krishnaformeera/Sumitomo/datapipeline/venv/lib/python3.11/site-packages/airflow/example_dags/example_skip_dag.py
[2025-08-31T18:37:13.995+0000] {logging_mixin.py:190} INFO - [2025-08-31T18:37:13.995+0000] {dag.py:3239} INFO - Sync 1 DAGs
[2025-08-31T18:37:14.018+0000] {logging_mixin.py:190} INFO - [2025-08-31T18:37:14.018+0000] {dag.py:4180} INFO - Setting next_dagrun for example_skip_dag to 2025-08-30 00:00:00+00:00, run_after=2025-08-31 00:00:00+00:00
[2025-08-31T18:37:14.042+0000] {processor.py:208} INFO - Processing /home/krishnaformeera/Sumitomo/datapipeline/venv/lib/python3.11/site-packages/airflow/example_dags/example_skip_dag.py took 0.089 seconds
[2025-08-31T18:40:10.863+0000] {processor.py:186} INFO - Started process (PID=6090) to work on /home/krishnaformeera/Sumitomo/datapipeline/venv/lib/python3.11/site-packages/airflow/example_dags/example_skip_dag.py
[2025-08-31T18:40:10.864+0000] {processor.py:914} INFO - Processing file /home/krishnaformeera/Sumitomo/datapipeline/venv/lib/python3.11/site-packages/airflow/example_dags/example_skip_dag.py for tasks to queue
[2025-08-31T18:40:10.867+0000] {logging_mixin.py:190} INFO - [2025-08-31T18:40:10.867+0000] {dagbag.py:588} INFO - Filling up the DagBag from /home/krishnaformeera/Sumitomo/datapipeline/venv/lib/python3.11/site-packages/airflow/example_dags/example_skip_dag.py
[2025-08-31T18:40:10.878+0000] {processor.py:925} INFO - DAG(s) 'example_skip_dag' retrieved from /home/krishnaformeera/Sumitomo/datapipeline/venv/lib/python3.11/site-packages/airflow/example_dags/example_skip_dag.py
[2025-08-31T18:40:10.898+0000] {logging_mixin.py:190} INFO - [2025-08-31T18:40:10.898+0000] {dag.py:3239} INFO - Sync 1 DAGs
[2025-08-31T18:40:10.918+0000] {logging_mixin.py:190} INFO - [2025-08-31T18:40:10.918+0000] {dag.py:4180} INFO - Setting next_dagrun for example_skip_dag to 2025-08-30 00:00:00+00:00, run_after=2025-08-31 00:00:00+00:00
[2025-08-31T18:40:10.940+0000] {processor.py:208} INFO - Processing /home/krishnaformeera/Sumitomo/datapipeline/venv/lib/python3.11/site-packages/airflow/example_dags/example_skip_dag.py took 0.085 seconds
[2025-08-31T18:41:05.553+0000] {processor.py:186} INFO - Started process (PID=6328) to work on /home/krishnaformeera/Sumitomo/datapipeline/venv/lib/python3.11/site-packages/airflow/example_dags/example_skip_dag.py
[2025-08-31T18:41:05.556+0000] {processor.py:914} INFO - Processing file /home/krishnaformeera/Sumitomo/datapipeline/venv/lib/python3.11/site-packages/airflow/example_dags/example_skip_dag.py for tasks to queue
[2025-08-31T18:41:05.559+0000] {logging_mixin.py:190} INFO - [2025-08-31T18:41:05.558+0000] {dagbag.py:588} INFO - Filling up the DagBag from /home/krishnaformeera/Sumitomo/datapipeline/venv/lib/python3.11/site-packages/airflow/example_dags/example_skip_dag.py
[2025-08-31T18:41:05.567+0000] {processor.py:925} INFO - DAG(s) 'example_skip_dag' retrieved from /home/krishnaformeera/Sumitomo/datapipeline/venv/lib/python3.11/site-packages/airflow/example_dags/example_skip_dag.py
[2025-08-31T18:41:05.583+0000] {logging_mixin.py:190} INFO - [2025-08-31T18:41:05.582+0000] {dag.py:3239} INFO - Sync 1 DAGs
[2025-08-31T18:41:05.600+0000] {logging_mixin.py:190} INFO - [2025-08-31T18:41:05.600+0000] {dag.py:4180} INFO - Setting next_dagrun for example_skip_dag to 2025-08-30 00:00:00+00:00, run_after=2025-08-31 00:00:00+00:00
[2025-08-31T18:41:05.619+0000] {processor.py:208} INFO - Processing /home/krishnaformeera/Sumitomo/datapipeline/venv/lib/python3.11/site-packages/airflow/example_dags/example_skip_dag.py took 0.072 seconds
[2025-08-31T18:41:57.292+0000] {processor.py:186} INFO - Started process (PID=6519) to work on /home/krishnaformeera/Sumitomo/datapipeline/venv/lib/python3.11/site-packages/airflow/example_dags/example_skip_dag.py
[2025-08-31T18:41:57.293+0000] {processor.py:914} INFO - Processing file /home/krishnaformeera/Sumitomo/datapipeline/venv/lib/python3.11/site-packages/airflow/example_dags/example_skip_dag.py for tasks to queue
[2025-08-31T18:41:57.295+0000] {logging_mixin.py:190} INFO - [2025-08-31T18:41:57.294+0000] {dagbag.py:588} INFO - Filling up the DagBag from /home/krishnaformeera/Sumitomo/datapipeline/venv/lib/python3.11/site-packages/airflow/example_dags/example_skip_dag.py
[2025-08-31T18:41:57.303+0000] {processor.py:925} INFO - DAG(s) 'example_skip_dag' retrieved from /home/krishnaformeera/Sumitomo/datapipeline/venv/lib/python3.11/site-packages/airflow/example_dags/example_skip_dag.py
[2025-08-31T18:41:57.319+0000] {logging_mixin.py:190} INFO - [2025-08-31T18:41:57.319+0000] {dag.py:3239} INFO - Sync 1 DAGs
[2025-08-31T18:41:57.336+0000] {logging_mixin.py:190} INFO - [2025-08-31T18:41:57.336+0000] {dag.py:4180} INFO - Setting next_dagrun for example_skip_dag to 2025-08-30 00:00:00+00:00, run_after=2025-08-31 00:00:00+00:00
[2025-08-31T18:41:57.357+0000] {processor.py:208} INFO - Processing /home/krishnaformeera/Sumitomo/datapipeline/venv/lib/python3.11/site-packages/airflow/example_dags/example_skip_dag.py took 0.071 seconds
[2025-08-31T18:42:52.222+0000] {processor.py:186} INFO - Started process (PID=6711) to work on /home/krishnaformeera/Sumitomo/datapipeline/venv/lib/python3.11/site-packages/airflow/example_dags/example_skip_dag.py
[2025-08-31T18:42:52.224+0000] {processor.py:914} INFO - Processing file /home/krishnaformeera/Sumitomo/datapipeline/venv/lib/python3.11/site-packages/airflow/example_dags/example_skip_dag.py for tasks to queue
[2025-08-31T18:42:52.226+0000] {logging_mixin.py:190} INFO - [2025-08-31T18:42:52.226+0000] {dagbag.py:588} INFO - Filling up the DagBag from /home/krishnaformeera/Sumitomo/datapipeline/venv/lib/python3.11/site-packages/airflow/example_dags/example_skip_dag.py
[2025-08-31T18:42:52.235+0000] {processor.py:925} INFO - DAG(s) 'example_skip_dag' retrieved from /home/krishnaformeera/Sumitomo/datapipeline/venv/lib/python3.11/site-packages/airflow/example_dags/example_skip_dag.py
[2025-08-31T18:42:52.347+0000] {logging_mixin.py:190} INFO - [2025-08-31T18:42:52.347+0000] {dag.py:3239} INFO - Sync 1 DAGs
[2025-08-31T18:42:52.362+0000] {logging_mixin.py:190} INFO - [2025-08-31T18:42:52.362+0000] {dag.py:4180} INFO - Setting next_dagrun for example_skip_dag to 2025-08-30 00:00:00+00:00, run_after=2025-08-31 00:00:00+00:00
[2025-08-31T18:42:52.380+0000] {processor.py:208} INFO - Processing /home/krishnaformeera/Sumitomo/datapipeline/venv/lib/python3.11/site-packages/airflow/example_dags/example_skip_dag.py took 0.168 seconds
[2025-08-31T18:43:51.031+0000] {processor.py:186} INFO - Started process (PID=6957) to work on /home/krishnaformeera/Sumitomo/datapipeline/venv/lib/python3.11/site-packages/airflow/example_dags/example_skip_dag.py
[2025-08-31T18:43:51.032+0000] {processor.py:914} INFO - Processing file /home/krishnaformeera/Sumitomo/datapipeline/venv/lib/python3.11/site-packages/airflow/example_dags/example_skip_dag.py for tasks to queue
[2025-08-31T18:43:51.034+0000] {logging_mixin.py:190} INFO - [2025-08-31T18:43:51.034+0000] {dagbag.py:588} INFO - Filling up the DagBag from /home/krishnaformeera/Sumitomo/datapipeline/venv/lib/python3.11/site-packages/airflow/example_dags/example_skip_dag.py
[2025-08-31T18:43:51.042+0000] {processor.py:925} INFO - DAG(s) 'example_skip_dag' retrieved from /home/krishnaformeera/Sumitomo/datapipeline/venv/lib/python3.11/site-packages/airflow/example_dags/example_skip_dag.py
[2025-08-31T18:43:51.059+0000] {logging_mixin.py:190} INFO - [2025-08-31T18:43:51.059+0000] {dag.py:3239} INFO - Sync 1 DAGs
[2025-08-31T18:43:51.077+0000] {logging_mixin.py:190} INFO - [2025-08-31T18:43:51.077+0000] {dag.py:4180} INFO - Setting next_dagrun for example_skip_dag to 2025-08-30 00:00:00+00:00, run_after=2025-08-31 00:00:00+00:00
[2025-08-31T18:43:51.098+0000] {processor.py:208} INFO - Processing /home/krishnaformeera/Sumitomo/datapipeline/venv/lib/python3.11/site-packages/airflow/example_dags/example_skip_dag.py took 0.073 seconds
[2025-08-31T18:44:41.217+0000] {processor.py:186} INFO - Started process (PID=7146) to work on /home/krishnaformeera/Sumitomo/datapipeline/venv/lib/python3.11/site-packages/airflow/example_dags/example_skip_dag.py
[2025-08-31T18:44:41.218+0000] {processor.py:914} INFO - Processing file /home/krishnaformeera/Sumitomo/datapipeline/venv/lib/python3.11/site-packages/airflow/example_dags/example_skip_dag.py for tasks to queue
[2025-08-31T18:44:41.220+0000] {logging_mixin.py:190} INFO - [2025-08-31T18:44:41.220+0000] {dagbag.py:588} INFO - Filling up the DagBag from /home/krishnaformeera/Sumitomo/datapipeline/venv/lib/python3.11/site-packages/airflow/example_dags/example_skip_dag.py
[2025-08-31T18:44:41.228+0000] {processor.py:925} INFO - DAG(s) 'example_skip_dag' retrieved from /home/krishnaformeera/Sumitomo/datapipeline/venv/lib/python3.11/site-packages/airflow/example_dags/example_skip_dag.py
[2025-08-31T18:44:41.245+0000] {logging_mixin.py:190} INFO - [2025-08-31T18:44:41.245+0000] {dag.py:3239} INFO - Sync 1 DAGs
[2025-08-31T18:44:41.263+0000] {logging_mixin.py:190} INFO - [2025-08-31T18:44:41.263+0000] {dag.py:4180} INFO - Setting next_dagrun for example_skip_dag to 2025-08-30 00:00:00+00:00, run_after=2025-08-31 00:00:00+00:00
[2025-08-31T18:44:41.289+0000] {processor.py:208} INFO - Processing /home/krishnaformeera/Sumitomo/datapipeline/venv/lib/python3.11/site-packages/airflow/example_dags/example_skip_dag.py took 0.080 seconds
[2025-08-31T18:45:32.383+0000] {processor.py:186} INFO - Started process (PID=7400) to work on /home/krishnaformeera/Sumitomo/datapipeline/venv/lib/python3.11/site-packages/airflow/example_dags/example_skip_dag.py
[2025-08-31T18:45:32.385+0000] {processor.py:914} INFO - Processing file /home/krishnaformeera/Sumitomo/datapipeline/venv/lib/python3.11/site-packages/airflow/example_dags/example_skip_dag.py for tasks to queue
[2025-08-31T18:45:32.388+0000] {logging_mixin.py:190} INFO - [2025-08-31T18:45:32.387+0000] {dagbag.py:588} INFO - Filling up the DagBag from /home/krishnaformeera/Sumitomo/datapipeline/venv/lib/python3.11/site-packages/airflow/example_dags/example_skip_dag.py
[2025-08-31T18:45:32.403+0000] {processor.py:925} INFO - DAG(s) 'example_skip_dag' retrieved from /home/krishnaformeera/Sumitomo/datapipeline/venv/lib/python3.11/site-packages/airflow/example_dags/example_skip_dag.py
[2025-08-31T18:45:32.425+0000] {logging_mixin.py:190} INFO - [2025-08-31T18:45:32.425+0000] {dag.py:3239} INFO - Sync 1 DAGs
[2025-08-31T18:45:32.450+0000] {logging_mixin.py:190} INFO - [2025-08-31T18:45:32.450+0000] {dag.py:4180} INFO - Setting next_dagrun for example_skip_dag to 2025-08-30 00:00:00+00:00, run_after=2025-08-31 00:00:00+00:00
[2025-08-31T18:45:32.492+0000] {processor.py:208} INFO - Processing /home/krishnaformeera/Sumitomo/datapipeline/venv/lib/python3.11/site-packages/airflow/example_dags/example_skip_dag.py took 0.118 seconds
[2025-08-31T18:46:25.548+0000] {processor.py:186} INFO - Started process (PID=7644) to work on /home/krishnaformeera/Sumitomo/datapipeline/venv/lib/python3.11/site-packages/airflow/example_dags/example_skip_dag.py
[2025-08-31T18:46:25.549+0000] {processor.py:914} INFO - Processing file /home/krishnaformeera/Sumitomo/datapipeline/venv/lib/python3.11/site-packages/airflow/example_dags/example_skip_dag.py for tasks to queue
[2025-08-31T18:46:25.552+0000] {logging_mixin.py:190} INFO - [2025-08-31T18:46:25.552+0000] {dagbag.py:588} INFO - Filling up the DagBag from /home/krishnaformeera/Sumitomo/datapipeline/venv/lib/python3.11/site-packages/airflow/example_dags/example_skip_dag.py
[2025-08-31T18:46:25.565+0000] {processor.py:925} INFO - DAG(s) 'example_skip_dag' retrieved from /home/krishnaformeera/Sumitomo/datapipeline/venv/lib/python3.11/site-packages/airflow/example_dags/example_skip_dag.py
[2025-08-31T18:46:25.589+0000] {logging_mixin.py:190} INFO - [2025-08-31T18:46:25.589+0000] {dag.py:3239} INFO - Sync 1 DAGs
[2025-08-31T18:46:25.612+0000] {logging_mixin.py:190} INFO - [2025-08-31T18:46:25.611+0000] {dag.py:4180} INFO - Setting next_dagrun for example_skip_dag to 2025-08-30 00:00:00+00:00, run_after=2025-08-31 00:00:00+00:00
[2025-08-31T18:46:25.633+0000] {processor.py:208} INFO - Processing /home/krishnaformeera/Sumitomo/datapipeline/venv/lib/python3.11/site-packages/airflow/example_dags/example_skip_dag.py took 0.096 seconds
[2025-08-31T18:47:17.528+0000] {processor.py:186} INFO - Started process (PID=7785) to work on /home/krishnaformeera/Sumitomo/datapipeline/venv/lib/python3.11/site-packages/airflow/example_dags/example_skip_dag.py
[2025-08-31T18:47:17.530+0000] {processor.py:914} INFO - Processing file /home/krishnaformeera/Sumitomo/datapipeline/venv/lib/python3.11/site-packages/airflow/example_dags/example_skip_dag.py for tasks to queue
[2025-08-31T18:47:17.532+0000] {logging_mixin.py:190} INFO - [2025-08-31T18:47:17.531+0000] {dagbag.py:588} INFO - Filling up the DagBag from /home/krishnaformeera/Sumitomo/datapipeline/venv/lib/python3.11/site-packages/airflow/example_dags/example_skip_dag.py
[2025-08-31T18:47:17.541+0000] {processor.py:925} INFO - DAG(s) 'example_skip_dag' retrieved from /home/krishnaformeera/Sumitomo/datapipeline/venv/lib/python3.11/site-packages/airflow/example_dags/example_skip_dag.py
[2025-08-31T18:47:17.559+0000] {logging_mixin.py:190} INFO - [2025-08-31T18:47:17.559+0000] {dag.py:3239} INFO - Sync 1 DAGs
[2025-08-31T18:47:17.579+0000] {logging_mixin.py:190} INFO - [2025-08-31T18:47:17.579+0000] {dag.py:4180} INFO - Setting next_dagrun for example_skip_dag to 2025-08-30 00:00:00+00:00, run_after=2025-08-31 00:00:00+00:00
[2025-08-31T18:47:17.605+0000] {processor.py:208} INFO - Processing /home/krishnaformeera/Sumitomo/datapipeline/venv/lib/python3.11/site-packages/airflow/example_dags/example_skip_dag.py took 0.083 seconds
[2025-08-31T18:48:08.088+0000] {processor.py:186} INFO - Started process (PID=7840) to work on /home/krishnaformeera/Sumitomo/datapipeline/venv/lib/python3.11/site-packages/airflow/example_dags/example_skip_dag.py
[2025-08-31T18:48:08.089+0000] {processor.py:914} INFO - Processing file /home/krishnaformeera/Sumitomo/datapipeline/venv/lib/python3.11/site-packages/airflow/example_dags/example_skip_dag.py for tasks to queue
[2025-08-31T18:48:08.091+0000] {logging_mixin.py:190} INFO - [2025-08-31T18:48:08.091+0000] {dagbag.py:588} INFO - Filling up the DagBag from /home/krishnaformeera/Sumitomo/datapipeline/venv/lib/python3.11/site-packages/airflow/example_dags/example_skip_dag.py
[2025-08-31T18:48:08.101+0000] {processor.py:925} INFO - DAG(s) 'example_skip_dag' retrieved from /home/krishnaformeera/Sumitomo/datapipeline/venv/lib/python3.11/site-packages/airflow/example_dags/example_skip_dag.py
[2025-08-31T18:48:08.120+0000] {logging_mixin.py:190} INFO - [2025-08-31T18:48:08.120+0000] {dag.py:3239} INFO - Sync 1 DAGs
[2025-08-31T18:48:08.141+0000] {logging_mixin.py:190} INFO - [2025-08-31T18:48:08.141+0000] {dag.py:4180} INFO - Setting next_dagrun for example_skip_dag to 2025-08-30 00:00:00+00:00, run_after=2025-08-31 00:00:00+00:00
[2025-08-31T18:48:08.168+0000] {processor.py:208} INFO - Processing /home/krishnaformeera/Sumitomo/datapipeline/venv/lib/python3.11/site-packages/airflow/example_dags/example_skip_dag.py took 0.088 seconds
[2025-08-31T18:48:57.320+0000] {processor.py:186} INFO - Started process (PID=7895) to work on /home/krishnaformeera/Sumitomo/datapipeline/venv/lib/python3.11/site-packages/airflow/example_dags/example_skip_dag.py
[2025-08-31T18:48:57.321+0000] {processor.py:914} INFO - Processing file /home/krishnaformeera/Sumitomo/datapipeline/venv/lib/python3.11/site-packages/airflow/example_dags/example_skip_dag.py for tasks to queue
[2025-08-31T18:48:57.323+0000] {logging_mixin.py:190} INFO - [2025-08-31T18:48:57.323+0000] {dagbag.py:588} INFO - Filling up the DagBag from /home/krishnaformeera/Sumitomo/datapipeline/venv/lib/python3.11/site-packages/airflow/example_dags/example_skip_dag.py
[2025-08-31T18:48:57.332+0000] {processor.py:925} INFO - DAG(s) 'example_skip_dag' retrieved from /home/krishnaformeera/Sumitomo/datapipeline/venv/lib/python3.11/site-packages/airflow/example_dags/example_skip_dag.py
[2025-08-31T18:48:57.350+0000] {logging_mixin.py:190} INFO - [2025-08-31T18:48:57.350+0000] {dag.py:3239} INFO - Sync 1 DAGs
[2025-08-31T18:48:57.371+0000] {logging_mixin.py:190} INFO - [2025-08-31T18:48:57.371+0000] {dag.py:4180} INFO - Setting next_dagrun for example_skip_dag to 2025-08-30 00:00:00+00:00, run_after=2025-08-31 00:00:00+00:00
[2025-08-31T18:48:57.394+0000] {processor.py:208} INFO - Processing /home/krishnaformeera/Sumitomo/datapipeline/venv/lib/python3.11/site-packages/airflow/example_dags/example_skip_dag.py took 0.083 seconds
[2025-08-31T18:49:49.784+0000] {processor.py:186} INFO - Started process (PID=7963) to work on /home/krishnaformeera/Sumitomo/datapipeline/venv/lib/python3.11/site-packages/airflow/example_dags/example_skip_dag.py
[2025-08-31T18:49:49.785+0000] {processor.py:914} INFO - Processing file /home/krishnaformeera/Sumitomo/datapipeline/venv/lib/python3.11/site-packages/airflow/example_dags/example_skip_dag.py for tasks to queue
[2025-08-31T18:49:49.787+0000] {logging_mixin.py:190} INFO - [2025-08-31T18:49:49.787+0000] {dagbag.py:588} INFO - Filling up the DagBag from /home/krishnaformeera/Sumitomo/datapipeline/venv/lib/python3.11/site-packages/airflow/example_dags/example_skip_dag.py
[2025-08-31T18:49:49.795+0000] {processor.py:925} INFO - DAG(s) 'example_skip_dag' retrieved from /home/krishnaformeera/Sumitomo/datapipeline/venv/lib/python3.11/site-packages/airflow/example_dags/example_skip_dag.py
[2025-08-31T18:49:49.811+0000] {logging_mixin.py:190} INFO - [2025-08-31T18:49:49.811+0000] {dag.py:3239} INFO - Sync 1 DAGs
[2025-08-31T18:49:49.829+0000] {logging_mixin.py:190} INFO - [2025-08-31T18:49:49.829+0000] {dag.py:4180} INFO - Setting next_dagrun for example_skip_dag to 2025-08-30 00:00:00+00:00, run_after=2025-08-31 00:00:00+00:00
[2025-08-31T18:49:49.849+0000] {processor.py:208} INFO - Processing /home/krishnaformeera/Sumitomo/datapipeline/venv/lib/python3.11/site-packages/airflow/example_dags/example_skip_dag.py took 0.071 seconds
[2025-08-31T18:50:42.792+0000] {processor.py:186} INFO - Started process (PID=8076) to work on /home/krishnaformeera/Sumitomo/datapipeline/venv/lib/python3.11/site-packages/airflow/example_dags/example_skip_dag.py
[2025-08-31T18:50:42.793+0000] {processor.py:914} INFO - Processing file /home/krishnaformeera/Sumitomo/datapipeline/venv/lib/python3.11/site-packages/airflow/example_dags/example_skip_dag.py for tasks to queue
[2025-08-31T18:50:42.795+0000] {logging_mixin.py:190} INFO - [2025-08-31T18:50:42.794+0000] {dagbag.py:588} INFO - Filling up the DagBag from /home/krishnaformeera/Sumitomo/datapipeline/venv/lib/python3.11/site-packages/airflow/example_dags/example_skip_dag.py
[2025-08-31T18:50:42.803+0000] {processor.py:925} INFO - DAG(s) 'example_skip_dag' retrieved from /home/krishnaformeera/Sumitomo/datapipeline/venv/lib/python3.11/site-packages/airflow/example_dags/example_skip_dag.py
[2025-08-31T18:50:42.820+0000] {logging_mixin.py:190} INFO - [2025-08-31T18:50:42.819+0000] {dag.py:3239} INFO - Sync 1 DAGs
[2025-08-31T18:50:42.838+0000] {logging_mixin.py:190} INFO - [2025-08-31T18:50:42.838+0000] {dag.py:4180} INFO - Setting next_dagrun for example_skip_dag to 2025-08-30 00:00:00+00:00, run_after=2025-08-31 00:00:00+00:00
[2025-08-31T18:50:42.863+0000] {processor.py:208} INFO - Processing /home/krishnaformeera/Sumitomo/datapipeline/venv/lib/python3.11/site-packages/airflow/example_dags/example_skip_dag.py took 0.078 seconds
[2025-08-31T18:51:34.687+0000] {processor.py:186} INFO - Started process (PID=8156) to work on /home/krishnaformeera/Sumitomo/datapipeline/venv/lib/python3.11/site-packages/airflow/example_dags/example_skip_dag.py
[2025-08-31T18:51:34.688+0000] {processor.py:914} INFO - Processing file /home/krishnaformeera/Sumitomo/datapipeline/venv/lib/python3.11/site-packages/airflow/example_dags/example_skip_dag.py for tasks to queue
[2025-08-31T18:51:34.690+0000] {logging_mixin.py:190} INFO - [2025-08-31T18:51:34.690+0000] {dagbag.py:588} INFO - Filling up the DagBag from /home/krishnaformeera/Sumitomo/datapipeline/venv/lib/python3.11/site-packages/airflow/example_dags/example_skip_dag.py
[2025-08-31T18:51:34.701+0000] {processor.py:925} INFO - DAG(s) 'example_skip_dag' retrieved from /home/krishnaformeera/Sumitomo/datapipeline/venv/lib/python3.11/site-packages/airflow/example_dags/example_skip_dag.py
[2025-08-31T18:51:34.722+0000] {logging_mixin.py:190} INFO - [2025-08-31T18:51:34.721+0000] {dag.py:3239} INFO - Sync 1 DAGs
[2025-08-31T18:51:34.743+0000] {logging_mixin.py:190} INFO - [2025-08-31T18:51:34.743+0000] {dag.py:4180} INFO - Setting next_dagrun for example_skip_dag to 2025-08-30 00:00:00+00:00, run_after=2025-08-31 00:00:00+00:00
[2025-08-31T18:51:34.768+0000] {processor.py:208} INFO - Processing /home/krishnaformeera/Sumitomo/datapipeline/venv/lib/python3.11/site-packages/airflow/example_dags/example_skip_dag.py took 0.089 seconds
[2025-08-31T18:52:29.252+0000] {processor.py:186} INFO - Started process (PID=8235) to work on /home/krishnaformeera/Sumitomo/datapipeline/venv/lib/python3.11/site-packages/airflow/example_dags/example_skip_dag.py
[2025-08-31T18:52:29.253+0000] {processor.py:914} INFO - Processing file /home/krishnaformeera/Sumitomo/datapipeline/venv/lib/python3.11/site-packages/airflow/example_dags/example_skip_dag.py for tasks to queue
[2025-08-31T18:52:29.256+0000] {logging_mixin.py:190} INFO - [2025-08-31T18:52:29.255+0000] {dagbag.py:588} INFO - Filling up the DagBag from /home/krishnaformeera/Sumitomo/datapipeline/venv/lib/python3.11/site-packages/airflow/example_dags/example_skip_dag.py
[2025-08-31T18:52:29.268+0000] {processor.py:925} INFO - DAG(s) 'example_skip_dag' retrieved from /home/krishnaformeera/Sumitomo/datapipeline/venv/lib/python3.11/site-packages/airflow/example_dags/example_skip_dag.py
[2025-08-31T18:52:29.288+0000] {logging_mixin.py:190} INFO - [2025-08-31T18:52:29.288+0000] {dag.py:3239} INFO - Sync 1 DAGs
[2025-08-31T18:52:29.307+0000] {logging_mixin.py:190} INFO - [2025-08-31T18:52:29.307+0000] {dag.py:4180} INFO - Setting next_dagrun for example_skip_dag to 2025-08-30 00:00:00+00:00, run_after=2025-08-31 00:00:00+00:00
[2025-08-31T18:52:29.337+0000] {processor.py:208} INFO - Processing /home/krishnaformeera/Sumitomo/datapipeline/venv/lib/python3.11/site-packages/airflow/example_dags/example_skip_dag.py took 0.091 seconds
[2025-08-31T18:53:19.851+0000] {processor.py:186} INFO - Started process (PID=8292) to work on /home/krishnaformeera/Sumitomo/datapipeline/venv/lib/python3.11/site-packages/airflow/example_dags/example_skip_dag.py
[2025-08-31T18:53:19.852+0000] {processor.py:914} INFO - Processing file /home/krishnaformeera/Sumitomo/datapipeline/venv/lib/python3.11/site-packages/airflow/example_dags/example_skip_dag.py for tasks to queue
[2025-08-31T18:53:19.854+0000] {logging_mixin.py:190} INFO - [2025-08-31T18:53:19.854+0000] {dagbag.py:588} INFO - Filling up the DagBag from /home/krishnaformeera/Sumitomo/datapipeline/venv/lib/python3.11/site-packages/airflow/example_dags/example_skip_dag.py
[2025-08-31T18:53:19.863+0000] {processor.py:925} INFO - DAG(s) 'example_skip_dag' retrieved from /home/krishnaformeera/Sumitomo/datapipeline/venv/lib/python3.11/site-packages/airflow/example_dags/example_skip_dag.py
[2025-08-31T18:53:19.881+0000] {logging_mixin.py:190} INFO - [2025-08-31T18:53:19.881+0000] {dag.py:3239} INFO - Sync 1 DAGs
[2025-08-31T18:53:19.906+0000] {logging_mixin.py:190} INFO - [2025-08-31T18:53:19.906+0000] {dag.py:4180} INFO - Setting next_dagrun for example_skip_dag to 2025-08-30 00:00:00+00:00, run_after=2025-08-31 00:00:00+00:00
[2025-08-31T18:53:19.929+0000] {processor.py:208} INFO - Processing /home/krishnaformeera/Sumitomo/datapipeline/venv/lib/python3.11/site-packages/airflow/example_dags/example_skip_dag.py took 0.085 seconds
[2025-08-31T18:54:07.715+0000] {processor.py:186} INFO - Started process (PID=8484) to work on /home/krishnaformeera/Sumitomo/datapipeline/venv/lib/python3.11/site-packages/airflow/example_dags/example_skip_dag.py
[2025-08-31T18:54:07.716+0000] {processor.py:914} INFO - Processing file /home/krishnaformeera/Sumitomo/datapipeline/venv/lib/python3.11/site-packages/airflow/example_dags/example_skip_dag.py for tasks to queue
[2025-08-31T18:54:07.718+0000] {logging_mixin.py:190} INFO - [2025-08-31T18:54:07.718+0000] {dagbag.py:588} INFO - Filling up the DagBag from /home/krishnaformeera/Sumitomo/datapipeline/venv/lib/python3.11/site-packages/airflow/example_dags/example_skip_dag.py
[2025-08-31T18:54:07.726+0000] {processor.py:925} INFO - DAG(s) 'example_skip_dag' retrieved from /home/krishnaformeera/Sumitomo/datapipeline/venv/lib/python3.11/site-packages/airflow/example_dags/example_skip_dag.py
[2025-08-31T18:54:07.743+0000] {logging_mixin.py:190} INFO - [2025-08-31T18:54:07.743+0000] {dag.py:3239} INFO - Sync 1 DAGs
[2025-08-31T18:54:07.761+0000] {logging_mixin.py:190} INFO - [2025-08-31T18:54:07.761+0000] {dag.py:4180} INFO - Setting next_dagrun for example_skip_dag to 2025-08-30 00:00:00+00:00, run_after=2025-08-31 00:00:00+00:00
[2025-08-31T18:54:07.787+0000] {processor.py:208} INFO - Processing /home/krishnaformeera/Sumitomo/datapipeline/venv/lib/python3.11/site-packages/airflow/example_dags/example_skip_dag.py took 0.079 seconds
[2025-08-31T18:54:59.511+0000] {processor.py:186} INFO - Started process (PID=8564) to work on /home/krishnaformeera/Sumitomo/datapipeline/venv/lib/python3.11/site-packages/airflow/example_dags/example_skip_dag.py
[2025-08-31T18:54:59.512+0000] {processor.py:914} INFO - Processing file /home/krishnaformeera/Sumitomo/datapipeline/venv/lib/python3.11/site-packages/airflow/example_dags/example_skip_dag.py for tasks to queue
[2025-08-31T18:54:59.515+0000] {logging_mixin.py:190} INFO - [2025-08-31T18:54:59.514+0000] {dagbag.py:588} INFO - Filling up the DagBag from /home/krishnaformeera/Sumitomo/datapipeline/venv/lib/python3.11/site-packages/airflow/example_dags/example_skip_dag.py
[2025-08-31T18:54:59.523+0000] {processor.py:925} INFO - DAG(s) 'example_skip_dag' retrieved from /home/krishnaformeera/Sumitomo/datapipeline/venv/lib/python3.11/site-packages/airflow/example_dags/example_skip_dag.py
[2025-08-31T18:54:59.540+0000] {logging_mixin.py:190} INFO - [2025-08-31T18:54:59.539+0000] {dag.py:3239} INFO - Sync 1 DAGs
[2025-08-31T18:54:59.557+0000] {logging_mixin.py:190} INFO - [2025-08-31T18:54:59.557+0000] {dag.py:4180} INFO - Setting next_dagrun for example_skip_dag to 2025-08-30 00:00:00+00:00, run_after=2025-08-31 00:00:00+00:00
[2025-08-31T18:54:59.591+0000] {processor.py:208} INFO - Processing /home/krishnaformeera/Sumitomo/datapipeline/venv/lib/python3.11/site-packages/airflow/example_dags/example_skip_dag.py took 0.086 seconds
[2025-08-31T18:55:53.294+0000] {processor.py:186} INFO - Started process (PID=8616) to work on /home/krishnaformeera/Sumitomo/datapipeline/venv/lib/python3.11/site-packages/airflow/example_dags/example_skip_dag.py
[2025-08-31T18:55:53.295+0000] {processor.py:914} INFO - Processing file /home/krishnaformeera/Sumitomo/datapipeline/venv/lib/python3.11/site-packages/airflow/example_dags/example_skip_dag.py for tasks to queue
[2025-08-31T18:55:53.297+0000] {logging_mixin.py:190} INFO - [2025-08-31T18:55:53.297+0000] {dagbag.py:588} INFO - Filling up the DagBag from /home/krishnaformeera/Sumitomo/datapipeline/venv/lib/python3.11/site-packages/airflow/example_dags/example_skip_dag.py
[2025-08-31T18:55:53.306+0000] {processor.py:925} INFO - DAG(s) 'example_skip_dag' retrieved from /home/krishnaformeera/Sumitomo/datapipeline/venv/lib/python3.11/site-packages/airflow/example_dags/example_skip_dag.py
[2025-08-31T18:55:53.324+0000] {logging_mixin.py:190} INFO - [2025-08-31T18:55:53.324+0000] {dag.py:3239} INFO - Sync 1 DAGs
[2025-08-31T18:55:53.351+0000] {logging_mixin.py:190} INFO - [2025-08-31T18:55:53.351+0000] {dag.py:4180} INFO - Setting next_dagrun for example_skip_dag to 2025-08-30 00:00:00+00:00, run_after=2025-08-31 00:00:00+00:00
[2025-08-31T18:55:53.376+0000] {processor.py:208} INFO - Processing /home/krishnaformeera/Sumitomo/datapipeline/venv/lib/python3.11/site-packages/airflow/example_dags/example_skip_dag.py took 0.089 seconds
[2025-08-31T18:56:45.852+0000] {processor.py:186} INFO - Started process (PID=8684) to work on /home/krishnaformeera/Sumitomo/datapipeline/venv/lib/python3.11/site-packages/airflow/example_dags/example_skip_dag.py
[2025-08-31T18:56:45.853+0000] {processor.py:914} INFO - Processing file /home/krishnaformeera/Sumitomo/datapipeline/venv/lib/python3.11/site-packages/airflow/example_dags/example_skip_dag.py for tasks to queue
[2025-08-31T18:56:45.855+0000] {logging_mixin.py:190} INFO - [2025-08-31T18:56:45.854+0000] {dagbag.py:588} INFO - Filling up the DagBag from /home/krishnaformeera/Sumitomo/datapipeline/venv/lib/python3.11/site-packages/airflow/example_dags/example_skip_dag.py
[2025-08-31T18:56:45.863+0000] {processor.py:925} INFO - DAG(s) 'example_skip_dag' retrieved from /home/krishnaformeera/Sumitomo/datapipeline/venv/lib/python3.11/site-packages/airflow/example_dags/example_skip_dag.py
[2025-08-31T18:56:45.880+0000] {logging_mixin.py:190} INFO - [2025-08-31T18:56:45.880+0000] {dag.py:3239} INFO - Sync 1 DAGs
[2025-08-31T18:56:45.898+0000] {logging_mixin.py:190} INFO - [2025-08-31T18:56:45.898+0000] {dag.py:4180} INFO - Setting next_dagrun for example_skip_dag to 2025-08-30 00:00:00+00:00, run_after=2025-08-31 00:00:00+00:00
[2025-08-31T18:56:45.919+0000] {processor.py:208} INFO - Processing /home/krishnaformeera/Sumitomo/datapipeline/venv/lib/python3.11/site-packages/airflow/example_dags/example_skip_dag.py took 0.074 seconds
[2025-08-31T18:57:39.300+0000] {processor.py:186} INFO - Started process (PID=8738) to work on /home/krishnaformeera/Sumitomo/datapipeline/venv/lib/python3.11/site-packages/airflow/example_dags/example_skip_dag.py
[2025-08-31T18:57:39.301+0000] {processor.py:914} INFO - Processing file /home/krishnaformeera/Sumitomo/datapipeline/venv/lib/python3.11/site-packages/airflow/example_dags/example_skip_dag.py for tasks to queue
[2025-08-31T18:57:39.304+0000] {logging_mixin.py:190} INFO - [2025-08-31T18:57:39.303+0000] {dagbag.py:588} INFO - Filling up the DagBag from /home/krishnaformeera/Sumitomo/datapipeline/venv/lib/python3.11/site-packages/airflow/example_dags/example_skip_dag.py
[2025-08-31T18:57:39.312+0000] {processor.py:925} INFO - DAG(s) 'example_skip_dag' retrieved from /home/krishnaformeera/Sumitomo/datapipeline/venv/lib/python3.11/site-packages/airflow/example_dags/example_skip_dag.py
[2025-08-31T18:57:39.329+0000] {logging_mixin.py:190} INFO - [2025-08-31T18:57:39.328+0000] {dag.py:3239} INFO - Sync 1 DAGs
[2025-08-31T18:57:39.348+0000] {logging_mixin.py:190} INFO - [2025-08-31T18:57:39.348+0000] {dag.py:4180} INFO - Setting next_dagrun for example_skip_dag to 2025-08-30 00:00:00+00:00, run_after=2025-08-31 00:00:00+00:00
[2025-08-31T18:57:39.375+0000] {processor.py:208} INFO - Processing /home/krishnaformeera/Sumitomo/datapipeline/venv/lib/python3.11/site-packages/airflow/example_dags/example_skip_dag.py took 0.081 seconds
[2025-08-31T18:58:31.372+0000] {processor.py:186} INFO - Started process (PID=8791) to work on /home/krishnaformeera/Sumitomo/datapipeline/venv/lib/python3.11/site-packages/airflow/example_dags/example_skip_dag.py
[2025-08-31T18:58:31.373+0000] {processor.py:914} INFO - Processing file /home/krishnaformeera/Sumitomo/datapipeline/venv/lib/python3.11/site-packages/airflow/example_dags/example_skip_dag.py for tasks to queue
[2025-08-31T18:58:31.375+0000] {logging_mixin.py:190} INFO - [2025-08-31T18:58:31.375+0000] {dagbag.py:588} INFO - Filling up the DagBag from /home/krishnaformeera/Sumitomo/datapipeline/venv/lib/python3.11/site-packages/airflow/example_dags/example_skip_dag.py
[2025-08-31T18:58:31.384+0000] {processor.py:925} INFO - DAG(s) 'example_skip_dag' retrieved from /home/krishnaformeera/Sumitomo/datapipeline/venv/lib/python3.11/site-packages/airflow/example_dags/example_skip_dag.py
[2025-08-31T18:58:31.401+0000] {logging_mixin.py:190} INFO - [2025-08-31T18:58:31.401+0000] {dag.py:3239} INFO - Sync 1 DAGs
[2025-08-31T18:58:31.420+0000] {logging_mixin.py:190} INFO - [2025-08-31T18:58:31.420+0000] {dag.py:4180} INFO - Setting next_dagrun for example_skip_dag to 2025-08-30 00:00:00+00:00, run_after=2025-08-31 00:00:00+00:00
[2025-08-31T18:58:31.443+0000] {processor.py:208} INFO - Processing /home/krishnaformeera/Sumitomo/datapipeline/venv/lib/python3.11/site-packages/airflow/example_dags/example_skip_dag.py took 0.077 seconds
[2025-08-31T18:59:24.223+0000] {processor.py:186} INFO - Started process (PID=8886) to work on /home/krishnaformeera/Sumitomo/datapipeline/venv/lib/python3.11/site-packages/airflow/example_dags/example_skip_dag.py
[2025-08-31T18:59:24.224+0000] {processor.py:914} INFO - Processing file /home/krishnaformeera/Sumitomo/datapipeline/venv/lib/python3.11/site-packages/airflow/example_dags/example_skip_dag.py for tasks to queue
[2025-08-31T18:59:24.226+0000] {logging_mixin.py:190} INFO - [2025-08-31T18:59:24.226+0000] {dagbag.py:588} INFO - Filling up the DagBag from /home/krishnaformeera/Sumitomo/datapipeline/venv/lib/python3.11/site-packages/airflow/example_dags/example_skip_dag.py
[2025-08-31T18:59:24.234+0000] {processor.py:925} INFO - DAG(s) 'example_skip_dag' retrieved from /home/krishnaformeera/Sumitomo/datapipeline/venv/lib/python3.11/site-packages/airflow/example_dags/example_skip_dag.py
[2025-08-31T18:59:24.254+0000] {logging_mixin.py:190} INFO - [2025-08-31T18:59:24.253+0000] {dag.py:3239} INFO - Sync 1 DAGs
[2025-08-31T18:59:24.281+0000] {logging_mixin.py:190} INFO - [2025-08-31T18:59:24.280+0000] {dag.py:4180} INFO - Setting next_dagrun for example_skip_dag to 2025-08-30 00:00:00+00:00, run_after=2025-08-31 00:00:00+00:00
[2025-08-31T18:59:24.307+0000] {processor.py:208} INFO - Processing /home/krishnaformeera/Sumitomo/datapipeline/venv/lib/python3.11/site-packages/airflow/example_dags/example_skip_dag.py took 0.092 seconds
