[2025-08-31T18:31:21.557+0000] {processor.py:186} INFO - Started process (PID=5260) to work on /home/krishnaformeera/Sumitomo/datapipeline/venv/lib/python3.11/site-packages/airflow/example_dags/example_branch_python_dop_operator_3.py
[2025-08-31T18:31:21.558+0000] {processor.py:914} INFO - Processing file /home/krishnaformeera/Sumitomo/datapipeline/venv/lib/python3.11/site-packages/airflow/example_dags/example_branch_python_dop_operator_3.py for tasks to queue
[2025-08-31T18:31:21.560+0000] {logging_mixin.py:190} INFO - [2025-08-31T18:31:21.560+0000] {dagbag.py:588} INFO - Filling up the DagBag from /home/krishnaformeera/Sumitomo/datapipeline/venv/lib/python3.11/site-packages/airflow/example_dags/example_branch_python_dop_operator_3.py
[2025-08-31T18:31:21.570+0000] {processor.py:925} INFO - DAG(s) 'example_branch_dop_operator_v3' retrieved from /home/krishnaformeera/Sumitomo/datapipeline/venv/lib/python3.11/site-packages/airflow/example_dags/example_branch_python_dop_operator_3.py
[2025-08-31T18:31:21.663+0000] {logging_mixin.py:190} INFO - [2025-08-31T18:31:21.662+0000] {override.py:1900} INFO - Created Permission View: can edit on DAG:example_branch_dop_operator_v3
[2025-08-31T18:31:21.684+0000] {logging_mixin.py:190} INFO - [2025-08-31T18:31:21.683+0000] {override.py:1900} INFO - Created Permission View: can read on DAG:example_branch_dop_operator_v3
[2025-08-31T18:31:21.699+0000] {logging_mixin.py:190} INFO - [2025-08-31T18:31:21.699+0000] {override.py:1900} INFO - Created Permission View: can delete on DAG:example_branch_dop_operator_v3
[2025-08-31T18:31:21.717+0000] {logging_mixin.py:190} INFO - [2025-08-31T18:31:21.717+0000] {override.py:1900} INFO - Created Permission View: menu access on DAG Run:example_branch_dop_operator_v3
[2025-08-31T18:31:21.729+0000] {logging_mixin.py:190} INFO - [2025-08-31T18:31:21.729+0000] {override.py:1900} INFO - Created Permission View: can read on DAG Run:example_branch_dop_operator_v3
[2025-08-31T18:31:21.740+0000] {logging_mixin.py:190} INFO - [2025-08-31T18:31:21.740+0000] {override.py:1900} INFO - Created Permission View: can create on DAG Run:example_branch_dop_operator_v3
[2025-08-31T18:31:21.754+0000] {logging_mixin.py:190} INFO - [2025-08-31T18:31:21.753+0000] {override.py:1900} INFO - Created Permission View: can delete on DAG Run:example_branch_dop_operator_v3
[2025-08-31T18:31:21.754+0000] {logging_mixin.py:190} INFO - [2025-08-31T18:31:21.754+0000] {dag.py:3239} INFO - Sync 1 DAGs
[2025-08-31T18:31:21.766+0000] {logging_mixin.py:190} INFO - [2025-08-31T18:31:21.766+0000] {dag.py:3262} INFO - Creating ORM DAG for example_branch_dop_operator_v3
[2025-08-31T18:31:21.777+0000] {logging_mixin.py:190} INFO - [2025-08-31T18:31:21.777+0000] {dag.py:4180} INFO - Setting next_dagrun for example_branch_dop_operator_v3 to 2025-08-31 18:30:00+00:00, run_after=2025-08-31 18:31:00+00:00
[2025-08-31T18:31:21.800+0000] {processor.py:208} INFO - Processing /home/krishnaformeera/Sumitomo/datapipeline/venv/lib/python3.11/site-packages/airflow/example_dags/example_branch_python_dop_operator_3.py took 0.249 seconds
[2025-08-31T18:32:24.654+0000] {processor.py:186} INFO - Started process (PID=5320) to work on /home/krishnaformeera/Sumitomo/datapipeline/venv/lib/python3.11/site-packages/airflow/example_dags/example_branch_python_dop_operator_3.py
[2025-08-31T18:32:24.656+0000] {processor.py:914} INFO - Processing file /home/krishnaformeera/Sumitomo/datapipeline/venv/lib/python3.11/site-packages/airflow/example_dags/example_branch_python_dop_operator_3.py for tasks to queue
[2025-08-31T18:32:24.658+0000] {logging_mixin.py:190} INFO - [2025-08-31T18:32:24.658+0000] {dagbag.py:588} INFO - Filling up the DagBag from /home/krishnaformeera/Sumitomo/datapipeline/venv/lib/python3.11/site-packages/airflow/example_dags/example_branch_python_dop_operator_3.py
[2025-08-31T18:32:24.671+0000] {processor.py:925} INFO - DAG(s) 'example_branch_dop_operator_v3' retrieved from /home/krishnaformeera/Sumitomo/datapipeline/venv/lib/python3.11/site-packages/airflow/example_dags/example_branch_python_dop_operator_3.py
[2025-08-31T18:32:24.689+0000] {logging_mixin.py:190} INFO - [2025-08-31T18:32:24.689+0000] {dag.py:3239} INFO - Sync 1 DAGs
[2025-08-31T18:32:24.716+0000] {logging_mixin.py:190} INFO - [2025-08-31T18:32:24.715+0000] {dag.py:4180} INFO - Setting next_dagrun for example_branch_dop_operator_v3 to 2025-08-31 18:31:00+00:00, run_after=2025-08-31 18:32:00+00:00
[2025-08-31T18:32:24.741+0000] {processor.py:208} INFO - Processing /home/krishnaformeera/Sumitomo/datapipeline/venv/lib/python3.11/site-packages/airflow/example_dags/example_branch_python_dop_operator_3.py took 0.094 seconds
[2025-08-31T18:33:18.400+0000] {processor.py:186} INFO - Started process (PID=5376) to work on /home/krishnaformeera/Sumitomo/datapipeline/venv/lib/python3.11/site-packages/airflow/example_dags/example_branch_python_dop_operator_3.py
[2025-08-31T18:33:18.401+0000] {processor.py:914} INFO - Processing file /home/krishnaformeera/Sumitomo/datapipeline/venv/lib/python3.11/site-packages/airflow/example_dags/example_branch_python_dop_operator_3.py for tasks to queue
[2025-08-31T18:33:18.403+0000] {logging_mixin.py:190} INFO - [2025-08-31T18:33:18.403+0000] {dagbag.py:588} INFO - Filling up the DagBag from /home/krishnaformeera/Sumitomo/datapipeline/venv/lib/python3.11/site-packages/airflow/example_dags/example_branch_python_dop_operator_3.py
[2025-08-31T18:33:18.414+0000] {processor.py:925} INFO - DAG(s) 'example_branch_dop_operator_v3' retrieved from /home/krishnaformeera/Sumitomo/datapipeline/venv/lib/python3.11/site-packages/airflow/example_dags/example_branch_python_dop_operator_3.py
[2025-08-31T18:33:18.429+0000] {logging_mixin.py:190} INFO - [2025-08-31T18:33:18.428+0000] {dag.py:3239} INFO - Sync 1 DAGs
[2025-08-31T18:33:18.540+0000] {logging_mixin.py:190} INFO - [2025-08-31T18:33:18.540+0000] {dag.py:4180} INFO - Setting next_dagrun for example_branch_dop_operator_v3 to 2025-08-31 18:32:00+00:00, run_after=2025-08-31 18:33:00+00:00
[2025-08-31T18:33:18.558+0000] {processor.py:208} INFO - Processing /home/krishnaformeera/Sumitomo/datapipeline/venv/lib/python3.11/site-packages/airflow/example_dags/example_branch_python_dop_operator_3.py took 0.165 seconds
[2025-08-31T18:34:15.611+0000] {processor.py:186} INFO - Started process (PID=5433) to work on /home/krishnaformeera/Sumitomo/datapipeline/venv/lib/python3.11/site-packages/airflow/example_dags/example_branch_python_dop_operator_3.py
[2025-08-31T18:34:15.612+0000] {processor.py:914} INFO - Processing file /home/krishnaformeera/Sumitomo/datapipeline/venv/lib/python3.11/site-packages/airflow/example_dags/example_branch_python_dop_operator_3.py for tasks to queue
[2025-08-31T18:34:15.614+0000] {logging_mixin.py:190} INFO - [2025-08-31T18:34:15.614+0000] {dagbag.py:588} INFO - Filling up the DagBag from /home/krishnaformeera/Sumitomo/datapipeline/venv/lib/python3.11/site-packages/airflow/example_dags/example_branch_python_dop_operator_3.py
[2025-08-31T18:34:15.625+0000] {processor.py:925} INFO - DAG(s) 'example_branch_dop_operator_v3' retrieved from /home/krishnaformeera/Sumitomo/datapipeline/venv/lib/python3.11/site-packages/airflow/example_dags/example_branch_python_dop_operator_3.py
[2025-08-31T18:34:15.641+0000] {logging_mixin.py:190} INFO - [2025-08-31T18:34:15.641+0000] {dag.py:3239} INFO - Sync 1 DAGs
[2025-08-31T18:34:15.664+0000] {logging_mixin.py:190} INFO - [2025-08-31T18:34:15.663+0000] {dag.py:4180} INFO - Setting next_dagrun for example_branch_dop_operator_v3 to 2025-08-31 18:33:00+00:00, run_after=2025-08-31 18:34:00+00:00
[2025-08-31T18:34:15.684+0000] {processor.py:208} INFO - Processing /home/krishnaformeera/Sumitomo/datapipeline/venv/lib/python3.11/site-packages/airflow/example_dags/example_branch_python_dop_operator_3.py took 0.080 seconds
[2025-08-31T18:35:10.582+0000] {processor.py:186} INFO - Started process (PID=5488) to work on /home/krishnaformeera/Sumitomo/datapipeline/venv/lib/python3.11/site-packages/airflow/example_dags/example_branch_python_dop_operator_3.py
[2025-08-31T18:35:10.584+0000] {processor.py:914} INFO - Processing file /home/krishnaformeera/Sumitomo/datapipeline/venv/lib/python3.11/site-packages/airflow/example_dags/example_branch_python_dop_operator_3.py for tasks to queue
[2025-08-31T18:35:10.586+0000] {logging_mixin.py:190} INFO - [2025-08-31T18:35:10.586+0000] {dagbag.py:588} INFO - Filling up the DagBag from /home/krishnaformeera/Sumitomo/datapipeline/venv/lib/python3.11/site-packages/airflow/example_dags/example_branch_python_dop_operator_3.py
[2025-08-31T18:35:10.599+0000] {processor.py:925} INFO - DAG(s) 'example_branch_dop_operator_v3' retrieved from /home/krishnaformeera/Sumitomo/datapipeline/venv/lib/python3.11/site-packages/airflow/example_dags/example_branch_python_dop_operator_3.py
[2025-08-31T18:35:10.618+0000] {logging_mixin.py:190} INFO - [2025-08-31T18:35:10.617+0000] {dag.py:3239} INFO - Sync 1 DAGs
[2025-08-31T18:35:10.642+0000] {logging_mixin.py:190} INFO - [2025-08-31T18:35:10.641+0000] {dag.py:4180} INFO - Setting next_dagrun for example_branch_dop_operator_v3 to 2025-08-31 18:34:00+00:00, run_after=2025-08-31 18:35:00+00:00
[2025-08-31T18:35:10.666+0000] {processor.py:208} INFO - Processing /home/krishnaformeera/Sumitomo/datapipeline/venv/lib/python3.11/site-packages/airflow/example_dags/example_branch_python_dop_operator_3.py took 0.091 seconds
[2025-08-31T18:36:25.729+0000] {processor.py:186} INFO - Started process (PID=5591) to work on /home/krishnaformeera/Sumitomo/datapipeline/venv/lib/python3.11/site-packages/airflow/example_dags/example_branch_python_dop_operator_3.py
[2025-08-31T18:36:25.731+0000] {processor.py:914} INFO - Processing file /home/krishnaformeera/Sumitomo/datapipeline/venv/lib/python3.11/site-packages/airflow/example_dags/example_branch_python_dop_operator_3.py for tasks to queue
[2025-08-31T18:36:25.733+0000] {logging_mixin.py:190} INFO - [2025-08-31T18:36:25.732+0000] {dagbag.py:588} INFO - Filling up the DagBag from /home/krishnaformeera/Sumitomo/datapipeline/venv/lib/python3.11/site-packages/airflow/example_dags/example_branch_python_dop_operator_3.py
[2025-08-31T18:36:25.746+0000] {processor.py:925} INFO - DAG(s) 'example_branch_dop_operator_v3' retrieved from /home/krishnaformeera/Sumitomo/datapipeline/venv/lib/python3.11/site-packages/airflow/example_dags/example_branch_python_dop_operator_3.py
[2025-08-31T18:36:25.764+0000] {logging_mixin.py:190} INFO - [2025-08-31T18:36:25.764+0000] {dag.py:3239} INFO - Sync 1 DAGs
[2025-08-31T18:36:25.788+0000] {logging_mixin.py:190} INFO - [2025-08-31T18:36:25.788+0000] {dag.py:4180} INFO - Setting next_dagrun for example_branch_dop_operator_v3 to 2025-08-31 18:35:00+00:00, run_after=2025-08-31 18:36:00+00:00
[2025-08-31T18:36:25.813+0000] {processor.py:208} INFO - Processing /home/krishnaformeera/Sumitomo/datapipeline/venv/lib/python3.11/site-packages/airflow/example_dags/example_branch_python_dop_operator_3.py took 0.091 seconds
[2025-08-31T18:37:41.455+0000] {processor.py:186} INFO - Started process (PID=5668) to work on /home/krishnaformeera/Sumitomo/datapipeline/venv/lib/python3.11/site-packages/airflow/example_dags/example_branch_python_dop_operator_3.py
[2025-08-31T18:37:41.456+0000] {processor.py:914} INFO - Processing file /home/krishnaformeera/Sumitomo/datapipeline/venv/lib/python3.11/site-packages/airflow/example_dags/example_branch_python_dop_operator_3.py for tasks to queue
[2025-08-31T18:37:41.459+0000] {logging_mixin.py:190} INFO - [2025-08-31T18:37:41.458+0000] {dagbag.py:588} INFO - Filling up the DagBag from /home/krishnaformeera/Sumitomo/datapipeline/venv/lib/python3.11/site-packages/airflow/example_dags/example_branch_python_dop_operator_3.py
[2025-08-31T18:37:41.472+0000] {processor.py:925} INFO - DAG(s) 'example_branch_dop_operator_v3' retrieved from /home/krishnaformeera/Sumitomo/datapipeline/venv/lib/python3.11/site-packages/airflow/example_dags/example_branch_python_dop_operator_3.py
[2025-08-31T18:37:41.490+0000] {logging_mixin.py:190} INFO - [2025-08-31T18:37:41.490+0000] {dag.py:3239} INFO - Sync 1 DAGs
[2025-08-31T18:37:41.514+0000] {logging_mixin.py:190} INFO - [2025-08-31T18:37:41.514+0000] {dag.py:4180} INFO - Setting next_dagrun for example_branch_dop_operator_v3 to 2025-08-31 18:36:00+00:00, run_after=2025-08-31 18:37:00+00:00
[2025-08-31T18:37:41.539+0000] {processor.py:208} INFO - Processing /home/krishnaformeera/Sumitomo/datapipeline/venv/lib/python3.11/site-packages/airflow/example_dags/example_branch_python_dop_operator_3.py took 0.092 seconds
[2025-08-31T18:40:31.332+0000] {processor.py:186} INFO - Started process (PID=6215) to work on /home/krishnaformeera/Sumitomo/datapipeline/venv/lib/python3.11/site-packages/airflow/example_dags/example_branch_python_dop_operator_3.py
[2025-08-31T18:40:31.333+0000] {processor.py:914} INFO - Processing file /home/krishnaformeera/Sumitomo/datapipeline/venv/lib/python3.11/site-packages/airflow/example_dags/example_branch_python_dop_operator_3.py for tasks to queue
[2025-08-31T18:40:31.336+0000] {logging_mixin.py:190} INFO - [2025-08-31T18:40:31.336+0000] {dagbag.py:588} INFO - Filling up the DagBag from /home/krishnaformeera/Sumitomo/datapipeline/venv/lib/python3.11/site-packages/airflow/example_dags/example_branch_python_dop_operator_3.py
[2025-08-31T18:40:31.348+0000] {processor.py:925} INFO - DAG(s) 'example_branch_dop_operator_v3' retrieved from /home/krishnaformeera/Sumitomo/datapipeline/venv/lib/python3.11/site-packages/airflow/example_dags/example_branch_python_dop_operator_3.py
[2025-08-31T18:40:31.365+0000] {logging_mixin.py:190} INFO - [2025-08-31T18:40:31.364+0000] {dag.py:3239} INFO - Sync 1 DAGs
[2025-08-31T18:40:31.388+0000] {logging_mixin.py:190} INFO - [2025-08-31T18:40:31.388+0000] {dag.py:4180} INFO - Setting next_dagrun for example_branch_dop_operator_v3 to 2025-08-31 18:39:00+00:00, run_after=2025-08-31 18:40:00+00:00
[2025-08-31T18:40:31.410+0000] {processor.py:208} INFO - Processing /home/krishnaformeera/Sumitomo/datapipeline/venv/lib/python3.11/site-packages/airflow/example_dags/example_branch_python_dop_operator_3.py took 0.085 seconds
[2025-08-31T18:41:25.048+0000] {processor.py:186} INFO - Started process (PID=6393) to work on /home/krishnaformeera/Sumitomo/datapipeline/venv/lib/python3.11/site-packages/airflow/example_dags/example_branch_python_dop_operator_3.py
[2025-08-31T18:41:25.049+0000] {processor.py:914} INFO - Processing file /home/krishnaformeera/Sumitomo/datapipeline/venv/lib/python3.11/site-packages/airflow/example_dags/example_branch_python_dop_operator_3.py for tasks to queue
[2025-08-31T18:41:25.051+0000] {logging_mixin.py:190} INFO - [2025-08-31T18:41:25.051+0000] {dagbag.py:588} INFO - Filling up the DagBag from /home/krishnaformeera/Sumitomo/datapipeline/venv/lib/python3.11/site-packages/airflow/example_dags/example_branch_python_dop_operator_3.py
[2025-08-31T18:41:25.063+0000] {processor.py:925} INFO - DAG(s) 'example_branch_dop_operator_v3' retrieved from /home/krishnaformeera/Sumitomo/datapipeline/venv/lib/python3.11/site-packages/airflow/example_dags/example_branch_python_dop_operator_3.py
[2025-08-31T18:41:25.079+0000] {logging_mixin.py:190} INFO - [2025-08-31T18:41:25.079+0000] {dag.py:3239} INFO - Sync 1 DAGs
[2025-08-31T18:41:25.100+0000] {logging_mixin.py:190} INFO - [2025-08-31T18:41:25.100+0000] {dag.py:4180} INFO - Setting next_dagrun for example_branch_dop_operator_v3 to 2025-08-31 18:40:00+00:00, run_after=2025-08-31 18:41:00+00:00
[2025-08-31T18:41:25.122+0000] {processor.py:208} INFO - Processing /home/krishnaformeera/Sumitomo/datapipeline/venv/lib/python3.11/site-packages/airflow/example_dags/example_branch_python_dop_operator_3.py took 0.082 seconds
[2025-08-31T18:42:23.525+0000] {processor.py:186} INFO - Started process (PID=6580) to work on /home/krishnaformeera/Sumitomo/datapipeline/venv/lib/python3.11/site-packages/airflow/example_dags/example_branch_python_dop_operator_3.py
[2025-08-31T18:42:23.526+0000] {processor.py:914} INFO - Processing file /home/krishnaformeera/Sumitomo/datapipeline/venv/lib/python3.11/site-packages/airflow/example_dags/example_branch_python_dop_operator_3.py for tasks to queue
[2025-08-31T18:42:23.528+0000] {logging_mixin.py:190} INFO - [2025-08-31T18:42:23.527+0000] {dagbag.py:588} INFO - Filling up the DagBag from /home/krishnaformeera/Sumitomo/datapipeline/venv/lib/python3.11/site-packages/airflow/example_dags/example_branch_python_dop_operator_3.py
[2025-08-31T18:42:23.539+0000] {processor.py:925} INFO - DAG(s) 'example_branch_dop_operator_v3' retrieved from /home/krishnaformeera/Sumitomo/datapipeline/venv/lib/python3.11/site-packages/airflow/example_dags/example_branch_python_dop_operator_3.py
[2025-08-31T18:42:23.555+0000] {logging_mixin.py:190} INFO - [2025-08-31T18:42:23.554+0000] {dag.py:3239} INFO - Sync 1 DAGs
[2025-08-31T18:42:23.685+0000] {logging_mixin.py:190} INFO - [2025-08-31T18:42:23.685+0000] {dag.py:4180} INFO - Setting next_dagrun for example_branch_dop_operator_v3 to 2025-08-31 18:41:00+00:00, run_after=2025-08-31 18:42:00+00:00
[2025-08-31T18:42:23.705+0000] {processor.py:208} INFO - Processing /home/krishnaformeera/Sumitomo/datapipeline/venv/lib/python3.11/site-packages/airflow/example_dags/example_branch_python_dop_operator_3.py took 0.188 seconds
[2025-08-31T18:43:23.750+0000] {processor.py:186} INFO - Started process (PID=6839) to work on /home/krishnaformeera/Sumitomo/datapipeline/venv/lib/python3.11/site-packages/airflow/example_dags/example_branch_python_dop_operator_3.py
[2025-08-31T18:43:23.751+0000] {processor.py:914} INFO - Processing file /home/krishnaformeera/Sumitomo/datapipeline/venv/lib/python3.11/site-packages/airflow/example_dags/example_branch_python_dop_operator_3.py for tasks to queue
[2025-08-31T18:43:23.754+0000] {logging_mixin.py:190} INFO - [2025-08-31T18:43:23.753+0000] {dagbag.py:588} INFO - Filling up the DagBag from /home/krishnaformeera/Sumitomo/datapipeline/venv/lib/python3.11/site-packages/airflow/example_dags/example_branch_python_dop_operator_3.py
[2025-08-31T18:43:23.764+0000] {processor.py:925} INFO - DAG(s) 'example_branch_dop_operator_v3' retrieved from /home/krishnaformeera/Sumitomo/datapipeline/venv/lib/python3.11/site-packages/airflow/example_dags/example_branch_python_dop_operator_3.py
[2025-08-31T18:43:23.780+0000] {logging_mixin.py:190} INFO - [2025-08-31T18:43:23.780+0000] {dag.py:3239} INFO - Sync 1 DAGs
[2025-08-31T18:43:23.801+0000] {logging_mixin.py:190} INFO - [2025-08-31T18:43:23.801+0000] {dag.py:4180} INFO - Setting next_dagrun for example_branch_dop_operator_v3 to 2025-08-31 18:42:00+00:00, run_after=2025-08-31 18:43:00+00:00
[2025-08-31T18:43:23.824+0000] {processor.py:208} INFO - Processing /home/krishnaformeera/Sumitomo/datapipeline/venv/lib/python3.11/site-packages/airflow/example_dags/example_branch_python_dop_operator_3.py took 0.080 seconds
[2025-08-31T18:44:17.816+0000] {processor.py:186} INFO - Started process (PID=7062) to work on /home/krishnaformeera/Sumitomo/datapipeline/venv/lib/python3.11/site-packages/airflow/example_dags/example_branch_python_dop_operator_3.py
[2025-08-31T18:44:17.817+0000] {processor.py:914} INFO - Processing file /home/krishnaformeera/Sumitomo/datapipeline/venv/lib/python3.11/site-packages/airflow/example_dags/example_branch_python_dop_operator_3.py for tasks to queue
[2025-08-31T18:44:17.819+0000] {logging_mixin.py:190} INFO - [2025-08-31T18:44:17.819+0000] {dagbag.py:588} INFO - Filling up the DagBag from /home/krishnaformeera/Sumitomo/datapipeline/venv/lib/python3.11/site-packages/airflow/example_dags/example_branch_python_dop_operator_3.py
[2025-08-31T18:44:17.831+0000] {processor.py:925} INFO - DAG(s) 'example_branch_dop_operator_v3' retrieved from /home/krishnaformeera/Sumitomo/datapipeline/venv/lib/python3.11/site-packages/airflow/example_dags/example_branch_python_dop_operator_3.py
[2025-08-31T18:44:17.848+0000] {logging_mixin.py:190} INFO - [2025-08-31T18:44:17.848+0000] {dag.py:3239} INFO - Sync 1 DAGs
[2025-08-31T18:44:17.874+0000] {logging_mixin.py:190} INFO - [2025-08-31T18:44:17.873+0000] {dag.py:4180} INFO - Setting next_dagrun for example_branch_dop_operator_v3 to 2025-08-31 18:43:00+00:00, run_after=2025-08-31 18:44:00+00:00
[2025-08-31T18:44:17.901+0000] {processor.py:208} INFO - Processing /home/krishnaformeera/Sumitomo/datapipeline/venv/lib/python3.11/site-packages/airflow/example_dags/example_branch_python_dop_operator_3.py took 0.092 seconds
[2025-08-31T18:45:34.049+0000] {processor.py:186} INFO - Started process (PID=7411) to work on /home/krishnaformeera/Sumitomo/datapipeline/venv/lib/python3.11/site-packages/airflow/example_dags/example_branch_python_dop_operator_3.py
[2025-08-31T18:45:34.050+0000] {processor.py:914} INFO - Processing file /home/krishnaformeera/Sumitomo/datapipeline/venv/lib/python3.11/site-packages/airflow/example_dags/example_branch_python_dop_operator_3.py for tasks to queue
[2025-08-31T18:45:34.052+0000] {logging_mixin.py:190} INFO - [2025-08-31T18:45:34.052+0000] {dagbag.py:588} INFO - Filling up the DagBag from /home/krishnaformeera/Sumitomo/datapipeline/venv/lib/python3.11/site-packages/airflow/example_dags/example_branch_python_dop_operator_3.py
[2025-08-31T18:45:34.066+0000] {processor.py:925} INFO - DAG(s) 'example_branch_dop_operator_v3' retrieved from /home/krishnaformeera/Sumitomo/datapipeline/venv/lib/python3.11/site-packages/airflow/example_dags/example_branch_python_dop_operator_3.py
[2025-08-31T18:45:34.084+0000] {logging_mixin.py:190} INFO - [2025-08-31T18:45:34.084+0000] {dag.py:3239} INFO - Sync 1 DAGs
[2025-08-31T18:45:34.109+0000] {logging_mixin.py:190} INFO - [2025-08-31T18:45:34.109+0000] {dag.py:4180} INFO - Setting next_dagrun for example_branch_dop_operator_v3 to 2025-08-31 18:44:00+00:00, run_after=2025-08-31 18:45:00+00:00
[2025-08-31T18:45:34.136+0000] {processor.py:208} INFO - Processing /home/krishnaformeera/Sumitomo/datapipeline/venv/lib/python3.11/site-packages/airflow/example_dags/example_branch_python_dop_operator_3.py took 0.095 seconds
[2025-08-31T18:46:27.038+0000] {processor.py:186} INFO - Started process (PID=7646) to work on /home/krishnaformeera/Sumitomo/datapipeline/venv/lib/python3.11/site-packages/airflow/example_dags/example_branch_python_dop_operator_3.py
[2025-08-31T18:46:27.039+0000] {processor.py:914} INFO - Processing file /home/krishnaformeera/Sumitomo/datapipeline/venv/lib/python3.11/site-packages/airflow/example_dags/example_branch_python_dop_operator_3.py for tasks to queue
[2025-08-31T18:46:27.043+0000] {logging_mixin.py:190} INFO - [2025-08-31T18:46:27.042+0000] {dagbag.py:588} INFO - Filling up the DagBag from /home/krishnaformeera/Sumitomo/datapipeline/venv/lib/python3.11/site-packages/airflow/example_dags/example_branch_python_dop_operator_3.py
[2025-08-31T18:46:27.060+0000] {processor.py:925} INFO - DAG(s) 'example_branch_dop_operator_v3' retrieved from /home/krishnaformeera/Sumitomo/datapipeline/venv/lib/python3.11/site-packages/airflow/example_dags/example_branch_python_dop_operator_3.py
[2025-08-31T18:46:27.085+0000] {logging_mixin.py:190} INFO - [2025-08-31T18:46:27.084+0000] {dag.py:3239} INFO - Sync 1 DAGs
[2025-08-31T18:46:27.112+0000] {logging_mixin.py:190} INFO - [2025-08-31T18:46:27.112+0000] {dag.py:4180} INFO - Setting next_dagrun for example_branch_dop_operator_v3 to 2025-08-31 18:45:00+00:00, run_after=2025-08-31 18:46:00+00:00
[2025-08-31T18:46:27.137+0000] {processor.py:208} INFO - Processing /home/krishnaformeera/Sumitomo/datapipeline/venv/lib/python3.11/site-packages/airflow/example_dags/example_branch_python_dop_operator_3.py took 0.112 seconds
[2025-08-31T18:47:19.519+0000] {processor.py:186} INFO - Started process (PID=7787) to work on /home/krishnaformeera/Sumitomo/datapipeline/venv/lib/python3.11/site-packages/airflow/example_dags/example_branch_python_dop_operator_3.py
[2025-08-31T18:47:19.521+0000] {processor.py:914} INFO - Processing file /home/krishnaformeera/Sumitomo/datapipeline/venv/lib/python3.11/site-packages/airflow/example_dags/example_branch_python_dop_operator_3.py for tasks to queue
[2025-08-31T18:47:19.523+0000] {logging_mixin.py:190} INFO - [2025-08-31T18:47:19.522+0000] {dagbag.py:588} INFO - Filling up the DagBag from /home/krishnaformeera/Sumitomo/datapipeline/venv/lib/python3.11/site-packages/airflow/example_dags/example_branch_python_dop_operator_3.py
[2025-08-31T18:47:19.534+0000] {processor.py:925} INFO - DAG(s) 'example_branch_dop_operator_v3' retrieved from /home/krishnaformeera/Sumitomo/datapipeline/venv/lib/python3.11/site-packages/airflow/example_dags/example_branch_python_dop_operator_3.py
[2025-08-31T18:47:19.548+0000] {logging_mixin.py:190} INFO - [2025-08-31T18:47:19.548+0000] {dag.py:3239} INFO - Sync 1 DAGs
[2025-08-31T18:47:19.571+0000] {logging_mixin.py:190} INFO - [2025-08-31T18:47:19.571+0000] {dag.py:4180} INFO - Setting next_dagrun for example_branch_dop_operator_v3 to 2025-08-31 18:46:00+00:00, run_after=2025-08-31 18:47:00+00:00
[2025-08-31T18:47:19.594+0000] {processor.py:208} INFO - Processing /home/krishnaformeera/Sumitomo/datapipeline/venv/lib/python3.11/site-packages/airflow/example_dags/example_branch_python_dop_operator_3.py took 0.082 seconds
[2025-08-31T18:48:33.744+0000] {processor.py:186} INFO - Started process (PID=7866) to work on /home/krishnaformeera/Sumitomo/datapipeline/venv/lib/python3.11/site-packages/airflow/example_dags/example_branch_python_dop_operator_3.py
[2025-08-31T18:48:33.745+0000] {processor.py:914} INFO - Processing file /home/krishnaformeera/Sumitomo/datapipeline/venv/lib/python3.11/site-packages/airflow/example_dags/example_branch_python_dop_operator_3.py for tasks to queue
[2025-08-31T18:48:33.747+0000] {logging_mixin.py:190} INFO - [2025-08-31T18:48:33.747+0000] {dagbag.py:588} INFO - Filling up the DagBag from /home/krishnaformeera/Sumitomo/datapipeline/venv/lib/python3.11/site-packages/airflow/example_dags/example_branch_python_dop_operator_3.py
[2025-08-31T18:48:33.758+0000] {processor.py:925} INFO - DAG(s) 'example_branch_dop_operator_v3' retrieved from /home/krishnaformeera/Sumitomo/datapipeline/venv/lib/python3.11/site-packages/airflow/example_dags/example_branch_python_dop_operator_3.py
[2025-08-31T18:48:33.773+0000] {logging_mixin.py:190} INFO - [2025-08-31T18:48:33.773+0000] {dag.py:3239} INFO - Sync 1 DAGs
[2025-08-31T18:48:33.798+0000] {logging_mixin.py:190} INFO - [2025-08-31T18:48:33.797+0000] {dag.py:4180} INFO - Setting next_dagrun for example_branch_dop_operator_v3 to 2025-08-31 18:47:00+00:00, run_after=2025-08-31 18:48:00+00:00
[2025-08-31T18:48:33.824+0000] {processor.py:208} INFO - Processing /home/krishnaformeera/Sumitomo/datapipeline/venv/lib/python3.11/site-packages/airflow/example_dags/example_branch_python_dop_operator_3.py took 0.086 seconds
[2025-08-31T18:49:25.326+0000] {processor.py:186} INFO - Started process (PID=7926) to work on /home/krishnaformeera/Sumitomo/datapipeline/venv/lib/python3.11/site-packages/airflow/example_dags/example_branch_python_dop_operator_3.py
[2025-08-31T18:49:25.327+0000] {processor.py:914} INFO - Processing file /home/krishnaformeera/Sumitomo/datapipeline/venv/lib/python3.11/site-packages/airflow/example_dags/example_branch_python_dop_operator_3.py for tasks to queue
[2025-08-31T18:49:25.329+0000] {logging_mixin.py:190} INFO - [2025-08-31T18:49:25.329+0000] {dagbag.py:588} INFO - Filling up the DagBag from /home/krishnaformeera/Sumitomo/datapipeline/venv/lib/python3.11/site-packages/airflow/example_dags/example_branch_python_dop_operator_3.py
[2025-08-31T18:49:25.341+0000] {processor.py:925} INFO - DAG(s) 'example_branch_dop_operator_v3' retrieved from /home/krishnaformeera/Sumitomo/datapipeline/venv/lib/python3.11/site-packages/airflow/example_dags/example_branch_python_dop_operator_3.py
[2025-08-31T18:49:25.359+0000] {logging_mixin.py:190} INFO - [2025-08-31T18:49:25.358+0000] {dag.py:3239} INFO - Sync 1 DAGs
[2025-08-31T18:49:25.396+0000] {logging_mixin.py:190} INFO - [2025-08-31T18:49:25.395+0000] {dag.py:4180} INFO - Setting next_dagrun for example_branch_dop_operator_v3 to 2025-08-31 18:48:00+00:00, run_after=2025-08-31 18:49:00+00:00
[2025-08-31T18:49:25.432+0000] {processor.py:208} INFO - Processing /home/krishnaformeera/Sumitomo/datapipeline/venv/lib/python3.11/site-packages/airflow/example_dags/example_branch_python_dop_operator_3.py took 0.115 seconds
[2025-08-31T18:50:17.620+0000] {processor.py:186} INFO - Started process (PID=8041) to work on /home/krishnaformeera/Sumitomo/datapipeline/venv/lib/python3.11/site-packages/airflow/example_dags/example_branch_python_dop_operator_3.py
[2025-08-31T18:50:17.622+0000] {processor.py:914} INFO - Processing file /home/krishnaformeera/Sumitomo/datapipeline/venv/lib/python3.11/site-packages/airflow/example_dags/example_branch_python_dop_operator_3.py for tasks to queue
[2025-08-31T18:50:17.624+0000] {logging_mixin.py:190} INFO - [2025-08-31T18:50:17.624+0000] {dagbag.py:588} INFO - Filling up the DagBag from /home/krishnaformeera/Sumitomo/datapipeline/venv/lib/python3.11/site-packages/airflow/example_dags/example_branch_python_dop_operator_3.py
[2025-08-31T18:50:17.637+0000] {processor.py:925} INFO - DAG(s) 'example_branch_dop_operator_v3' retrieved from /home/krishnaformeera/Sumitomo/datapipeline/venv/lib/python3.11/site-packages/airflow/example_dags/example_branch_python_dop_operator_3.py
[2025-08-31T18:50:17.657+0000] {logging_mixin.py:190} INFO - [2025-08-31T18:50:17.657+0000] {dag.py:3239} INFO - Sync 1 DAGs
[2025-08-31T18:50:17.681+0000] {logging_mixin.py:190} INFO - [2025-08-31T18:50:17.681+0000] {dag.py:4180} INFO - Setting next_dagrun for example_branch_dop_operator_v3 to 2025-08-31 18:49:00+00:00, run_after=2025-08-31 18:50:00+00:00
[2025-08-31T18:50:17.706+0000] {processor.py:208} INFO - Processing /home/krishnaformeera/Sumitomo/datapipeline/venv/lib/python3.11/site-packages/airflow/example_dags/example_branch_python_dop_operator_3.py took 0.094 seconds
[2025-08-31T18:51:10.475+0000] {processor.py:186} INFO - Started process (PID=8124) to work on /home/krishnaformeera/Sumitomo/datapipeline/venv/lib/python3.11/site-packages/airflow/example_dags/example_branch_python_dop_operator_3.py
[2025-08-31T18:51:10.476+0000] {processor.py:914} INFO - Processing file /home/krishnaformeera/Sumitomo/datapipeline/venv/lib/python3.11/site-packages/airflow/example_dags/example_branch_python_dop_operator_3.py for tasks to queue
[2025-08-31T18:51:10.478+0000] {logging_mixin.py:190} INFO - [2025-08-31T18:51:10.478+0000] {dagbag.py:588} INFO - Filling up the DagBag from /home/krishnaformeera/Sumitomo/datapipeline/venv/lib/python3.11/site-packages/airflow/example_dags/example_branch_python_dop_operator_3.py
[2025-08-31T18:51:10.491+0000] {processor.py:925} INFO - DAG(s) 'example_branch_dop_operator_v3' retrieved from /home/krishnaformeera/Sumitomo/datapipeline/venv/lib/python3.11/site-packages/airflow/example_dags/example_branch_python_dop_operator_3.py
[2025-08-31T18:51:10.506+0000] {logging_mixin.py:190} INFO - [2025-08-31T18:51:10.506+0000] {dag.py:3239} INFO - Sync 1 DAGs
[2025-08-31T18:51:10.528+0000] {logging_mixin.py:190} INFO - [2025-08-31T18:51:10.528+0000] {dag.py:4180} INFO - Setting next_dagrun for example_branch_dop_operator_v3 to 2025-08-31 18:50:00+00:00, run_after=2025-08-31 18:51:00+00:00
[2025-08-31T18:51:10.552+0000] {processor.py:208} INFO - Processing /home/krishnaformeera/Sumitomo/datapipeline/venv/lib/python3.11/site-packages/airflow/example_dags/example_branch_python_dop_operator_3.py took 0.088 seconds
[2025-08-31T18:52:23.154+0000] {processor.py:186} INFO - Started process (PID=8228) to work on /home/krishnaformeera/Sumitomo/datapipeline/venv/lib/python3.11/site-packages/airflow/example_dags/example_branch_python_dop_operator_3.py
[2025-08-31T18:52:23.156+0000] {processor.py:914} INFO - Processing file /home/krishnaformeera/Sumitomo/datapipeline/venv/lib/python3.11/site-packages/airflow/example_dags/example_branch_python_dop_operator_3.py for tasks to queue
[2025-08-31T18:52:23.158+0000] {logging_mixin.py:190} INFO - [2025-08-31T18:52:23.158+0000] {dagbag.py:588} INFO - Filling up the DagBag from /home/krishnaformeera/Sumitomo/datapipeline/venv/lib/python3.11/site-packages/airflow/example_dags/example_branch_python_dop_operator_3.py
[2025-08-31T18:52:23.172+0000] {processor.py:925} INFO - DAG(s) 'example_branch_dop_operator_v3' retrieved from /home/krishnaformeera/Sumitomo/datapipeline/venv/lib/python3.11/site-packages/airflow/example_dags/example_branch_python_dop_operator_3.py
[2025-08-31T18:52:23.192+0000] {logging_mixin.py:190} INFO - [2025-08-31T18:52:23.191+0000] {dag.py:3239} INFO - Sync 1 DAGs
[2025-08-31T18:52:23.215+0000] {logging_mixin.py:190} INFO - [2025-08-31T18:52:23.215+0000] {dag.py:4180} INFO - Setting next_dagrun for example_branch_dop_operator_v3 to 2025-08-31 18:51:00+00:00, run_after=2025-08-31 18:52:00+00:00
[2025-08-31T18:52:23.236+0000] {processor.py:208} INFO - Processing /home/krishnaformeera/Sumitomo/datapipeline/venv/lib/python3.11/site-packages/airflow/example_dags/example_branch_python_dop_operator_3.py took 0.090 seconds
[2025-08-31T18:53:37.640+0000] {processor.py:186} INFO - Started process (PID=8382) to work on /home/krishnaformeera/Sumitomo/datapipeline/venv/lib/python3.11/site-packages/airflow/example_dags/example_branch_python_dop_operator_3.py
[2025-08-31T18:53:37.642+0000] {processor.py:914} INFO - Processing file /home/krishnaformeera/Sumitomo/datapipeline/venv/lib/python3.11/site-packages/airflow/example_dags/example_branch_python_dop_operator_3.py for tasks to queue
[2025-08-31T18:53:37.644+0000] {logging_mixin.py:190} INFO - [2025-08-31T18:53:37.644+0000] {dagbag.py:588} INFO - Filling up the DagBag from /home/krishnaformeera/Sumitomo/datapipeline/venv/lib/python3.11/site-packages/airflow/example_dags/example_branch_python_dop_operator_3.py
[2025-08-31T18:53:37.655+0000] {processor.py:925} INFO - DAG(s) 'example_branch_dop_operator_v3' retrieved from /home/krishnaformeera/Sumitomo/datapipeline/venv/lib/python3.11/site-packages/airflow/example_dags/example_branch_python_dop_operator_3.py
[2025-08-31T18:53:37.672+0000] {logging_mixin.py:190} INFO - [2025-08-31T18:53:37.672+0000] {dag.py:3239} INFO - Sync 1 DAGs
[2025-08-31T18:53:37.699+0000] {logging_mixin.py:190} INFO - [2025-08-31T18:53:37.698+0000] {dag.py:4180} INFO - Setting next_dagrun for example_branch_dop_operator_v3 to 2025-08-31 18:52:00+00:00, run_after=2025-08-31 18:53:00+00:00
[2025-08-31T18:53:37.728+0000] {processor.py:208} INFO - Processing /home/krishnaformeera/Sumitomo/datapipeline/venv/lib/python3.11/site-packages/airflow/example_dags/example_branch_python_dop_operator_3.py took 0.095 seconds
[2025-08-31T18:54:52.061+0000] {processor.py:186} INFO - Started process (PID=8530) to work on /home/krishnaformeera/Sumitomo/datapipeline/venv/lib/python3.11/site-packages/airflow/example_dags/example_branch_python_dop_operator_3.py
[2025-08-31T18:54:52.062+0000] {processor.py:914} INFO - Processing file /home/krishnaformeera/Sumitomo/datapipeline/venv/lib/python3.11/site-packages/airflow/example_dags/example_branch_python_dop_operator_3.py for tasks to queue
[2025-08-31T18:54:52.064+0000] {logging_mixin.py:190} INFO - [2025-08-31T18:54:52.064+0000] {dagbag.py:588} INFO - Filling up the DagBag from /home/krishnaformeera/Sumitomo/datapipeline/venv/lib/python3.11/site-packages/airflow/example_dags/example_branch_python_dop_operator_3.py
[2025-08-31T18:54:52.075+0000] {processor.py:925} INFO - DAG(s) 'example_branch_dop_operator_v3' retrieved from /home/krishnaformeera/Sumitomo/datapipeline/venv/lib/python3.11/site-packages/airflow/example_dags/example_branch_python_dop_operator_3.py
[2025-08-31T18:54:52.090+0000] {logging_mixin.py:190} INFO - [2025-08-31T18:54:52.090+0000] {dag.py:3239} INFO - Sync 1 DAGs
[2025-08-31T18:54:52.112+0000] {logging_mixin.py:190} INFO - [2025-08-31T18:54:52.112+0000] {dag.py:4180} INFO - Setting next_dagrun for example_branch_dop_operator_v3 to 2025-08-31 18:53:00+00:00, run_after=2025-08-31 18:54:00+00:00
[2025-08-31T18:54:52.133+0000] {processor.py:208} INFO - Processing /home/krishnaformeera/Sumitomo/datapipeline/venv/lib/python3.11/site-packages/airflow/example_dags/example_branch_python_dop_operator_3.py took 0.078 seconds
[2025-08-31T18:55:46.418+0000] {processor.py:186} INFO - Started process (PID=8610) to work on /home/krishnaformeera/Sumitomo/datapipeline/venv/lib/python3.11/site-packages/airflow/example_dags/example_branch_python_dop_operator_3.py
[2025-08-31T18:55:46.419+0000] {processor.py:914} INFO - Processing file /home/krishnaformeera/Sumitomo/datapipeline/venv/lib/python3.11/site-packages/airflow/example_dags/example_branch_python_dop_operator_3.py for tasks to queue
[2025-08-31T18:55:46.423+0000] {logging_mixin.py:190} INFO - [2025-08-31T18:55:46.422+0000] {dagbag.py:588} INFO - Filling up the DagBag from /home/krishnaformeera/Sumitomo/datapipeline/venv/lib/python3.11/site-packages/airflow/example_dags/example_branch_python_dop_operator_3.py
[2025-08-31T18:55:46.442+0000] {processor.py:925} INFO - DAG(s) 'example_branch_dop_operator_v3' retrieved from /home/krishnaformeera/Sumitomo/datapipeline/venv/lib/python3.11/site-packages/airflow/example_dags/example_branch_python_dop_operator_3.py
[2025-08-31T18:55:46.467+0000] {logging_mixin.py:190} INFO - [2025-08-31T18:55:46.466+0000] {dag.py:3239} INFO - Sync 1 DAGs
[2025-08-31T18:55:46.497+0000] {logging_mixin.py:190} INFO - [2025-08-31T18:55:46.497+0000] {dag.py:4180} INFO - Setting next_dagrun for example_branch_dop_operator_v3 to 2025-08-31 18:54:00+00:00, run_after=2025-08-31 18:55:00+00:00
[2025-08-31T18:55:46.530+0000] {processor.py:208} INFO - Processing /home/krishnaformeera/Sumitomo/datapipeline/venv/lib/python3.11/site-packages/airflow/example_dags/example_branch_python_dop_operator_3.py took 0.118 seconds
[2025-08-31T18:56:40.688+0000] {processor.py:186} INFO - Started process (PID=8679) to work on /home/krishnaformeera/Sumitomo/datapipeline/venv/lib/python3.11/site-packages/airflow/example_dags/example_branch_python_dop_operator_3.py
[2025-08-31T18:56:40.689+0000] {processor.py:914} INFO - Processing file /home/krishnaformeera/Sumitomo/datapipeline/venv/lib/python3.11/site-packages/airflow/example_dags/example_branch_python_dop_operator_3.py for tasks to queue
[2025-08-31T18:56:40.691+0000] {logging_mixin.py:190} INFO - [2025-08-31T18:56:40.691+0000] {dagbag.py:588} INFO - Filling up the DagBag from /home/krishnaformeera/Sumitomo/datapipeline/venv/lib/python3.11/site-packages/airflow/example_dags/example_branch_python_dop_operator_3.py
[2025-08-31T18:56:40.703+0000] {processor.py:925} INFO - DAG(s) 'example_branch_dop_operator_v3' retrieved from /home/krishnaformeera/Sumitomo/datapipeline/venv/lib/python3.11/site-packages/airflow/example_dags/example_branch_python_dop_operator_3.py
[2025-08-31T18:56:40.720+0000] {logging_mixin.py:190} INFO - [2025-08-31T18:56:40.719+0000] {dag.py:3239} INFO - Sync 1 DAGs
[2025-08-31T18:56:40.744+0000] {logging_mixin.py:190} INFO - [2025-08-31T18:56:40.744+0000] {dag.py:4180} INFO - Setting next_dagrun for example_branch_dop_operator_v3 to 2025-08-31 18:55:00+00:00, run_after=2025-08-31 18:56:00+00:00
[2025-08-31T18:56:40.773+0000] {processor.py:208} INFO - Processing /home/krishnaformeera/Sumitomo/datapipeline/venv/lib/python3.11/site-packages/airflow/example_dags/example_branch_python_dop_operator_3.py took 0.094 seconds
[2025-08-31T18:57:33.619+0000] {processor.py:186} INFO - Started process (PID=8732) to work on /home/krishnaformeera/Sumitomo/datapipeline/venv/lib/python3.11/site-packages/airflow/example_dags/example_branch_python_dop_operator_3.py
[2025-08-31T18:57:33.620+0000] {processor.py:914} INFO - Processing file /home/krishnaformeera/Sumitomo/datapipeline/venv/lib/python3.11/site-packages/airflow/example_dags/example_branch_python_dop_operator_3.py for tasks to queue
[2025-08-31T18:57:33.622+0000] {logging_mixin.py:190} INFO - [2025-08-31T18:57:33.622+0000] {dagbag.py:588} INFO - Filling up the DagBag from /home/krishnaformeera/Sumitomo/datapipeline/venv/lib/python3.11/site-packages/airflow/example_dags/example_branch_python_dop_operator_3.py
[2025-08-31T18:57:33.634+0000] {processor.py:925} INFO - DAG(s) 'example_branch_dop_operator_v3' retrieved from /home/krishnaformeera/Sumitomo/datapipeline/venv/lib/python3.11/site-packages/airflow/example_dags/example_branch_python_dop_operator_3.py
[2025-08-31T18:57:33.652+0000] {logging_mixin.py:190} INFO - [2025-08-31T18:57:33.651+0000] {dag.py:3239} INFO - Sync 1 DAGs
[2025-08-31T18:57:33.684+0000] {logging_mixin.py:190} INFO - [2025-08-31T18:57:33.683+0000] {dag.py:4180} INFO - Setting next_dagrun for example_branch_dop_operator_v3 to 2025-08-31 18:56:00+00:00, run_after=2025-08-31 18:57:00+00:00
[2025-08-31T18:57:33.711+0000] {processor.py:208} INFO - Processing /home/krishnaformeera/Sumitomo/datapipeline/venv/lib/python3.11/site-packages/airflow/example_dags/example_branch_python_dop_operator_3.py took 0.098 seconds
[2025-08-31T18:58:48.275+0000] {processor.py:186} INFO - Started process (PID=8808) to work on /home/krishnaformeera/Sumitomo/datapipeline/venv/lib/python3.11/site-packages/airflow/example_dags/example_branch_python_dop_operator_3.py
[2025-08-31T18:58:48.276+0000] {processor.py:914} INFO - Processing file /home/krishnaformeera/Sumitomo/datapipeline/venv/lib/python3.11/site-packages/airflow/example_dags/example_branch_python_dop_operator_3.py for tasks to queue
[2025-08-31T18:58:48.278+0000] {logging_mixin.py:190} INFO - [2025-08-31T18:58:48.277+0000] {dagbag.py:588} INFO - Filling up the DagBag from /home/krishnaformeera/Sumitomo/datapipeline/venv/lib/python3.11/site-packages/airflow/example_dags/example_branch_python_dop_operator_3.py
[2025-08-31T18:58:48.290+0000] {processor.py:925} INFO - DAG(s) 'example_branch_dop_operator_v3' retrieved from /home/krishnaformeera/Sumitomo/datapipeline/venv/lib/python3.11/site-packages/airflow/example_dags/example_branch_python_dop_operator_3.py
[2025-08-31T18:58:48.308+0000] {logging_mixin.py:190} INFO - [2025-08-31T18:58:48.307+0000] {dag.py:3239} INFO - Sync 1 DAGs
[2025-08-31T18:58:48.330+0000] {logging_mixin.py:190} INFO - [2025-08-31T18:58:48.329+0000] {dag.py:4180} INFO - Setting next_dagrun for example_branch_dop_operator_v3 to 2025-08-31 18:57:00+00:00, run_after=2025-08-31 18:58:00+00:00
[2025-08-31T18:58:48.350+0000] {processor.py:208} INFO - Processing /home/krishnaformeera/Sumitomo/datapipeline/venv/lib/python3.11/site-packages/airflow/example_dags/example_branch_python_dop_operator_3.py took 0.082 seconds
