[2025-08-31T18:31:15.822+0000] {processor.py:186} INFO - Started process (PID=5256) to work on /home/krishnaformeera/Sumitomo/datapipeline/venv/lib/python3.11/site-packages/airflow/example_dags/example_dynamic_task_mapping.py
[2025-08-31T18:31:15.823+0000] {processor.py:914} INFO - Processing file /home/krishnaformeera/Sumitomo/datapipeline/venv/lib/python3.11/site-packages/airflow/example_dags/example_dynamic_task_mapping.py for tasks to queue
[2025-08-31T18:31:15.826+0000] {logging_mixin.py:190} INFO - [2025-08-31T18:31:15.826+0000] {dagbag.py:588} INFO - Filling up the DagBag from /home/krishnaformeera/Sumitomo/datapipeline/venv/lib/python3.11/site-packages/airflow/example_dags/example_dynamic_task_mapping.py
[2025-08-31T18:31:15.839+0000] {processor.py:925} INFO - DAG(s) 'example_dynamic_task_mapping' retrieved from /home/krishnaformeera/Sumitomo/datapipeline/venv/lib/python3.11/site-packages/airflow/example_dags/example_dynamic_task_mapping.py
[2025-08-31T18:31:16.028+0000] {logging_mixin.py:190} INFO - [2025-08-31T18:31:16.027+0000] {override.py:1900} INFO - Created Permission View: can edit on DAG:example_dynamic_task_mapping
[2025-08-31T18:31:16.045+0000] {logging_mixin.py:190} INFO - [2025-08-31T18:31:16.044+0000] {override.py:1900} INFO - Created Permission View: can read on DAG:example_dynamic_task_mapping
[2025-08-31T18:31:16.055+0000] {logging_mixin.py:190} INFO - [2025-08-31T18:31:16.055+0000] {override.py:1900} INFO - Created Permission View: can delete on DAG:example_dynamic_task_mapping
[2025-08-31T18:31:16.069+0000] {logging_mixin.py:190} INFO - [2025-08-31T18:31:16.069+0000] {override.py:1900} INFO - Created Permission View: menu access on DAG Run:example_dynamic_task_mapping
[2025-08-31T18:31:16.080+0000] {logging_mixin.py:190} INFO - [2025-08-31T18:31:16.079+0000] {override.py:1900} INFO - Created Permission View: can read on DAG Run:example_dynamic_task_mapping
[2025-08-31T18:31:16.089+0000] {logging_mixin.py:190} INFO - [2025-08-31T18:31:16.088+0000] {override.py:1900} INFO - Created Permission View: can create on DAG Run:example_dynamic_task_mapping
[2025-08-31T18:31:16.097+0000] {logging_mixin.py:190} INFO - [2025-08-31T18:31:16.097+0000] {override.py:1900} INFO - Created Permission View: can delete on DAG Run:example_dynamic_task_mapping
[2025-08-31T18:31:16.098+0000] {logging_mixin.py:190} INFO - [2025-08-31T18:31:16.098+0000] {dag.py:3239} INFO - Sync 1 DAGs
[2025-08-31T18:31:16.110+0000] {logging_mixin.py:190} INFO - [2025-08-31T18:31:16.110+0000] {dag.py:3262} INFO - Creating ORM DAG for example_dynamic_task_mapping
[2025-08-31T18:31:16.111+0000] {logging_mixin.py:190} INFO - [2025-08-31T18:31:16.111+0000] {dag.py:4180} INFO - Setting next_dagrun for example_dynamic_task_mapping to None, run_after=None
[2025-08-31T18:31:16.128+0000] {processor.py:208} INFO - Processing /home/krishnaformeera/Sumitomo/datapipeline/venv/lib/python3.11/site-packages/airflow/example_dags/example_dynamic_task_mapping.py took 0.314 seconds
[2025-08-31T18:32:20.702+0000] {processor.py:186} INFO - Started process (PID=5316) to work on /home/krishnaformeera/Sumitomo/datapipeline/venv/lib/python3.11/site-packages/airflow/example_dags/example_dynamic_task_mapping.py
[2025-08-31T18:32:20.704+0000] {processor.py:914} INFO - Processing file /home/krishnaformeera/Sumitomo/datapipeline/venv/lib/python3.11/site-packages/airflow/example_dags/example_dynamic_task_mapping.py for tasks to queue
[2025-08-31T18:32:20.706+0000] {logging_mixin.py:190} INFO - [2025-08-31T18:32:20.705+0000] {dagbag.py:588} INFO - Filling up the DagBag from /home/krishnaformeera/Sumitomo/datapipeline/venv/lib/python3.11/site-packages/airflow/example_dags/example_dynamic_task_mapping.py
[2025-08-31T18:32:20.716+0000] {processor.py:925} INFO - DAG(s) 'example_dynamic_task_mapping' retrieved from /home/krishnaformeera/Sumitomo/datapipeline/venv/lib/python3.11/site-packages/airflow/example_dags/example_dynamic_task_mapping.py
[2025-08-31T18:32:20.734+0000] {logging_mixin.py:190} INFO - [2025-08-31T18:32:20.734+0000] {dag.py:3239} INFO - Sync 1 DAGs
[2025-08-31T18:32:20.747+0000] {logging_mixin.py:190} INFO - [2025-08-31T18:32:20.747+0000] {dag.py:4180} INFO - Setting next_dagrun for example_dynamic_task_mapping to None, run_after=None
[2025-08-31T18:32:20.772+0000] {processor.py:208} INFO - Processing /home/krishnaformeera/Sumitomo/datapipeline/venv/lib/python3.11/site-packages/airflow/example_dags/example_dynamic_task_mapping.py took 0.076 seconds
[2025-08-31T18:33:14.398+0000] {processor.py:186} INFO - Started process (PID=5372) to work on /home/krishnaformeera/Sumitomo/datapipeline/venv/lib/python3.11/site-packages/airflow/example_dags/example_dynamic_task_mapping.py
[2025-08-31T18:33:14.399+0000] {processor.py:914} INFO - Processing file /home/krishnaformeera/Sumitomo/datapipeline/venv/lib/python3.11/site-packages/airflow/example_dags/example_dynamic_task_mapping.py for tasks to queue
[2025-08-31T18:33:14.401+0000] {logging_mixin.py:190} INFO - [2025-08-31T18:33:14.401+0000] {dagbag.py:588} INFO - Filling up the DagBag from /home/krishnaformeera/Sumitomo/datapipeline/venv/lib/python3.11/site-packages/airflow/example_dags/example_dynamic_task_mapping.py
[2025-08-31T18:33:14.410+0000] {processor.py:925} INFO - DAG(s) 'example_dynamic_task_mapping' retrieved from /home/krishnaformeera/Sumitomo/datapipeline/venv/lib/python3.11/site-packages/airflow/example_dags/example_dynamic_task_mapping.py
[2025-08-31T18:33:14.425+0000] {logging_mixin.py:190} INFO - [2025-08-31T18:33:14.425+0000] {dag.py:3239} INFO - Sync 1 DAGs
[2025-08-31T18:33:14.524+0000] {logging_mixin.py:190} INFO - [2025-08-31T18:33:14.523+0000] {dag.py:4180} INFO - Setting next_dagrun for example_dynamic_task_mapping to None, run_after=None
[2025-08-31T18:33:14.543+0000] {processor.py:208} INFO - Processing /home/krishnaformeera/Sumitomo/datapipeline/venv/lib/python3.11/site-packages/airflow/example_dags/example_dynamic_task_mapping.py took 0.151 seconds
[2025-08-31T18:34:11.794+0000] {processor.py:186} INFO - Started process (PID=5429) to work on /home/krishnaformeera/Sumitomo/datapipeline/venv/lib/python3.11/site-packages/airflow/example_dags/example_dynamic_task_mapping.py
[2025-08-31T18:34:11.795+0000] {processor.py:914} INFO - Processing file /home/krishnaformeera/Sumitomo/datapipeline/venv/lib/python3.11/site-packages/airflow/example_dags/example_dynamic_task_mapping.py for tasks to queue
[2025-08-31T18:34:11.797+0000] {logging_mixin.py:190} INFO - [2025-08-31T18:34:11.796+0000] {dagbag.py:588} INFO - Filling up the DagBag from /home/krishnaformeera/Sumitomo/datapipeline/venv/lib/python3.11/site-packages/airflow/example_dags/example_dynamic_task_mapping.py
[2025-08-31T18:34:11.805+0000] {processor.py:925} INFO - DAG(s) 'example_dynamic_task_mapping' retrieved from /home/krishnaformeera/Sumitomo/datapipeline/venv/lib/python3.11/site-packages/airflow/example_dags/example_dynamic_task_mapping.py
[2025-08-31T18:34:11.821+0000] {logging_mixin.py:190} INFO - [2025-08-31T18:34:11.821+0000] {dag.py:3239} INFO - Sync 1 DAGs
[2025-08-31T18:34:11.833+0000] {logging_mixin.py:190} INFO - [2025-08-31T18:34:11.833+0000] {dag.py:4180} INFO - Setting next_dagrun for example_dynamic_task_mapping to None, run_after=None
[2025-08-31T18:34:11.853+0000] {processor.py:208} INFO - Processing /home/krishnaformeera/Sumitomo/datapipeline/venv/lib/python3.11/site-packages/airflow/example_dags/example_dynamic_task_mapping.py took 0.066 seconds
[2025-08-31T18:35:05.998+0000] {processor.py:186} INFO - Started process (PID=5484) to work on /home/krishnaformeera/Sumitomo/datapipeline/venv/lib/python3.11/site-packages/airflow/example_dags/example_dynamic_task_mapping.py
[2025-08-31T18:35:05.999+0000] {processor.py:914} INFO - Processing file /home/krishnaformeera/Sumitomo/datapipeline/venv/lib/python3.11/site-packages/airflow/example_dags/example_dynamic_task_mapping.py for tasks to queue
[2025-08-31T18:35:06.002+0000] {logging_mixin.py:190} INFO - [2025-08-31T18:35:06.001+0000] {dagbag.py:588} INFO - Filling up the DagBag from /home/krishnaformeera/Sumitomo/datapipeline/venv/lib/python3.11/site-packages/airflow/example_dags/example_dynamic_task_mapping.py
[2025-08-31T18:35:06.012+0000] {processor.py:925} INFO - DAG(s) 'example_dynamic_task_mapping' retrieved from /home/krishnaformeera/Sumitomo/datapipeline/venv/lib/python3.11/site-packages/airflow/example_dags/example_dynamic_task_mapping.py
[2025-08-31T18:35:06.031+0000] {logging_mixin.py:190} INFO - [2025-08-31T18:35:06.031+0000] {dag.py:3239} INFO - Sync 1 DAGs
[2025-08-31T18:35:06.044+0000] {logging_mixin.py:190} INFO - [2025-08-31T18:35:06.044+0000] {dag.py:4180} INFO - Setting next_dagrun for example_dynamic_task_mapping to None, run_after=None
[2025-08-31T18:35:06.069+0000] {processor.py:208} INFO - Processing /home/krishnaformeera/Sumitomo/datapipeline/venv/lib/python3.11/site-packages/airflow/example_dags/example_dynamic_task_mapping.py took 0.078 seconds
[2025-08-31T18:35:57.078+0000] {processor.py:186} INFO - Started process (PID=5548) to work on /home/krishnaformeera/Sumitomo/datapipeline/venv/lib/python3.11/site-packages/airflow/example_dags/example_dynamic_task_mapping.py
[2025-08-31T18:35:57.080+0000] {processor.py:914} INFO - Processing file /home/krishnaformeera/Sumitomo/datapipeline/venv/lib/python3.11/site-packages/airflow/example_dags/example_dynamic_task_mapping.py for tasks to queue
[2025-08-31T18:35:57.082+0000] {logging_mixin.py:190} INFO - [2025-08-31T18:35:57.082+0000] {dagbag.py:588} INFO - Filling up the DagBag from /home/krishnaformeera/Sumitomo/datapipeline/venv/lib/python3.11/site-packages/airflow/example_dags/example_dynamic_task_mapping.py
[2025-08-31T18:35:57.092+0000] {processor.py:925} INFO - DAG(s) 'example_dynamic_task_mapping' retrieved from /home/krishnaformeera/Sumitomo/datapipeline/venv/lib/python3.11/site-packages/airflow/example_dags/example_dynamic_task_mapping.py
[2025-08-31T18:35:57.110+0000] {logging_mixin.py:190} INFO - [2025-08-31T18:35:57.110+0000] {dag.py:3239} INFO - Sync 1 DAGs
[2025-08-31T18:35:57.123+0000] {logging_mixin.py:190} INFO - [2025-08-31T18:35:57.122+0000] {dag.py:4180} INFO - Setting next_dagrun for example_dynamic_task_mapping to None, run_after=None
[2025-08-31T18:35:57.147+0000] {processor.py:208} INFO - Processing /home/krishnaformeera/Sumitomo/datapipeline/venv/lib/python3.11/site-packages/airflow/example_dags/example_dynamic_task_mapping.py took 0.076 seconds
[2025-08-31T18:36:46.397+0000] {processor.py:186} INFO - Started process (PID=5613) to work on /home/krishnaformeera/Sumitomo/datapipeline/venv/lib/python3.11/site-packages/airflow/example_dags/example_dynamic_task_mapping.py
[2025-08-31T18:36:46.398+0000] {processor.py:914} INFO - Processing file /home/krishnaformeera/Sumitomo/datapipeline/venv/lib/python3.11/site-packages/airflow/example_dags/example_dynamic_task_mapping.py for tasks to queue
[2025-08-31T18:36:46.400+0000] {logging_mixin.py:190} INFO - [2025-08-31T18:36:46.399+0000] {dagbag.py:588} INFO - Filling up the DagBag from /home/krishnaformeera/Sumitomo/datapipeline/venv/lib/python3.11/site-packages/airflow/example_dags/example_dynamic_task_mapping.py
[2025-08-31T18:36:46.408+0000] {processor.py:925} INFO - DAG(s) 'example_dynamic_task_mapping' retrieved from /home/krishnaformeera/Sumitomo/datapipeline/venv/lib/python3.11/site-packages/airflow/example_dags/example_dynamic_task_mapping.py
[2025-08-31T18:36:46.424+0000] {logging_mixin.py:190} INFO - [2025-08-31T18:36:46.424+0000] {dag.py:3239} INFO - Sync 1 DAGs
[2025-08-31T18:36:46.435+0000] {logging_mixin.py:190} INFO - [2025-08-31T18:36:46.435+0000] {dag.py:4180} INFO - Setting next_dagrun for example_dynamic_task_mapping to None, run_after=None
[2025-08-31T18:36:46.460+0000] {processor.py:208} INFO - Processing /home/krishnaformeera/Sumitomo/datapipeline/venv/lib/python3.11/site-packages/airflow/example_dags/example_dynamic_task_mapping.py took 0.070 seconds
[2025-08-31T18:37:38.008+0000] {processor.py:186} INFO - Started process (PID=5665) to work on /home/krishnaformeera/Sumitomo/datapipeline/venv/lib/python3.11/site-packages/airflow/example_dags/example_dynamic_task_mapping.py
[2025-08-31T18:37:38.009+0000] {processor.py:914} INFO - Processing file /home/krishnaformeera/Sumitomo/datapipeline/venv/lib/python3.11/site-packages/airflow/example_dags/example_dynamic_task_mapping.py for tasks to queue
[2025-08-31T18:37:38.012+0000] {logging_mixin.py:190} INFO - [2025-08-31T18:37:38.011+0000] {dagbag.py:588} INFO - Filling up the DagBag from /home/krishnaformeera/Sumitomo/datapipeline/venv/lib/python3.11/site-packages/airflow/example_dags/example_dynamic_task_mapping.py
[2025-08-31T18:37:38.023+0000] {processor.py:925} INFO - DAG(s) 'example_dynamic_task_mapping' retrieved from /home/krishnaformeera/Sumitomo/datapipeline/venv/lib/python3.11/site-packages/airflow/example_dags/example_dynamic_task_mapping.py
[2025-08-31T18:37:38.042+0000] {logging_mixin.py:190} INFO - [2025-08-31T18:37:38.042+0000] {dag.py:3239} INFO - Sync 1 DAGs
[2025-08-31T18:37:38.056+0000] {logging_mixin.py:190} INFO - [2025-08-31T18:37:38.055+0000] {dag.py:4180} INFO - Setting next_dagrun for example_dynamic_task_mapping to None, run_after=None
[2025-08-31T18:37:38.080+0000] {processor.py:208} INFO - Processing /home/krishnaformeera/Sumitomo/datapipeline/venv/lib/python3.11/site-packages/airflow/example_dags/example_dynamic_task_mapping.py took 0.080 seconds
[2025-08-31T18:40:26.977+0000] {processor.py:186} INFO - Started process (PID=6181) to work on /home/krishnaformeera/Sumitomo/datapipeline/venv/lib/python3.11/site-packages/airflow/example_dags/example_dynamic_task_mapping.py
[2025-08-31T18:40:26.978+0000] {processor.py:914} INFO - Processing file /home/krishnaformeera/Sumitomo/datapipeline/venv/lib/python3.11/site-packages/airflow/example_dags/example_dynamic_task_mapping.py for tasks to queue
[2025-08-31T18:40:26.983+0000] {logging_mixin.py:190} INFO - [2025-08-31T18:40:26.982+0000] {dagbag.py:588} INFO - Filling up the DagBag from /home/krishnaformeera/Sumitomo/datapipeline/venv/lib/python3.11/site-packages/airflow/example_dags/example_dynamic_task_mapping.py
[2025-08-31T18:40:26.999+0000] {processor.py:925} INFO - DAG(s) 'example_dynamic_task_mapping' retrieved from /home/krishnaformeera/Sumitomo/datapipeline/venv/lib/python3.11/site-packages/airflow/example_dags/example_dynamic_task_mapping.py
[2025-08-31T18:40:27.028+0000] {logging_mixin.py:190} INFO - [2025-08-31T18:40:27.028+0000] {dag.py:3239} INFO - Sync 1 DAGs
[2025-08-31T18:40:27.042+0000] {logging_mixin.py:190} INFO - [2025-08-31T18:40:27.042+0000] {dag.py:4180} INFO - Setting next_dagrun for example_dynamic_task_mapping to None, run_after=None
[2025-08-31T18:40:27.070+0000] {processor.py:208} INFO - Processing /home/krishnaformeera/Sumitomo/datapipeline/venv/lib/python3.11/site-packages/airflow/example_dags/example_dynamic_task_mapping.py took 0.103 seconds
[2025-08-31T18:41:21.946+0000] {processor.py:186} INFO - Started process (PID=6383) to work on /home/krishnaformeera/Sumitomo/datapipeline/venv/lib/python3.11/site-packages/airflow/example_dags/example_dynamic_task_mapping.py
[2025-08-31T18:41:21.947+0000] {processor.py:914} INFO - Processing file /home/krishnaformeera/Sumitomo/datapipeline/venv/lib/python3.11/site-packages/airflow/example_dags/example_dynamic_task_mapping.py for tasks to queue
[2025-08-31T18:41:21.949+0000] {logging_mixin.py:190} INFO - [2025-08-31T18:41:21.949+0000] {dagbag.py:588} INFO - Filling up the DagBag from /home/krishnaformeera/Sumitomo/datapipeline/venv/lib/python3.11/site-packages/airflow/example_dags/example_dynamic_task_mapping.py
[2025-08-31T18:41:21.958+0000] {processor.py:925} INFO - DAG(s) 'example_dynamic_task_mapping' retrieved from /home/krishnaformeera/Sumitomo/datapipeline/venv/lib/python3.11/site-packages/airflow/example_dags/example_dynamic_task_mapping.py
[2025-08-31T18:41:21.973+0000] {logging_mixin.py:190} INFO - [2025-08-31T18:41:21.973+0000] {dag.py:3239} INFO - Sync 1 DAGs
[2025-08-31T18:41:21.985+0000] {logging_mixin.py:190} INFO - [2025-08-31T18:41:21.984+0000] {dag.py:4180} INFO - Setting next_dagrun for example_dynamic_task_mapping to None, run_after=None
[2025-08-31T18:41:22.004+0000] {processor.py:208} INFO - Processing /home/krishnaformeera/Sumitomo/datapipeline/venv/lib/python3.11/site-packages/airflow/example_dags/example_dynamic_task_mapping.py took 0.064 seconds
[2025-08-31T18:42:19.453+0000] {processor.py:186} INFO - Started process (PID=6576) to work on /home/krishnaformeera/Sumitomo/datapipeline/venv/lib/python3.11/site-packages/airflow/example_dags/example_dynamic_task_mapping.py
[2025-08-31T18:42:19.455+0000] {processor.py:914} INFO - Processing file /home/krishnaformeera/Sumitomo/datapipeline/venv/lib/python3.11/site-packages/airflow/example_dags/example_dynamic_task_mapping.py for tasks to queue
[2025-08-31T18:42:19.458+0000] {logging_mixin.py:190} INFO - [2025-08-31T18:42:19.458+0000] {dagbag.py:588} INFO - Filling up the DagBag from /home/krishnaformeera/Sumitomo/datapipeline/venv/lib/python3.11/site-packages/airflow/example_dags/example_dynamic_task_mapping.py
[2025-08-31T18:42:19.470+0000] {processor.py:925} INFO - DAG(s) 'example_dynamic_task_mapping' retrieved from /home/krishnaformeera/Sumitomo/datapipeline/venv/lib/python3.11/site-packages/airflow/example_dags/example_dynamic_task_mapping.py
[2025-08-31T18:42:19.487+0000] {logging_mixin.py:190} INFO - [2025-08-31T18:42:19.487+0000] {dag.py:3239} INFO - Sync 1 DAGs
[2025-08-31T18:42:19.594+0000] {logging_mixin.py:190} INFO - [2025-08-31T18:42:19.593+0000] {dag.py:4180} INFO - Setting next_dagrun for example_dynamic_task_mapping to None, run_after=None
[2025-08-31T18:42:19.613+0000] {processor.py:208} INFO - Processing /home/krishnaformeera/Sumitomo/datapipeline/venv/lib/python3.11/site-packages/airflow/example_dags/example_dynamic_task_mapping.py took 0.167 seconds
[2025-08-31T18:43:20.458+0000] {processor.py:186} INFO - Started process (PID=6835) to work on /home/krishnaformeera/Sumitomo/datapipeline/venv/lib/python3.11/site-packages/airflow/example_dags/example_dynamic_task_mapping.py
[2025-08-31T18:43:20.459+0000] {processor.py:914} INFO - Processing file /home/krishnaformeera/Sumitomo/datapipeline/venv/lib/python3.11/site-packages/airflow/example_dags/example_dynamic_task_mapping.py for tasks to queue
[2025-08-31T18:43:20.462+0000] {logging_mixin.py:190} INFO - [2025-08-31T18:43:20.461+0000] {dagbag.py:588} INFO - Filling up the DagBag from /home/krishnaformeera/Sumitomo/datapipeline/venv/lib/python3.11/site-packages/airflow/example_dags/example_dynamic_task_mapping.py
[2025-08-31T18:43:20.472+0000] {processor.py:925} INFO - DAG(s) 'example_dynamic_task_mapping' retrieved from /home/krishnaformeera/Sumitomo/datapipeline/venv/lib/python3.11/site-packages/airflow/example_dags/example_dynamic_task_mapping.py
[2025-08-31T18:43:20.493+0000] {logging_mixin.py:190} INFO - [2025-08-31T18:43:20.492+0000] {dag.py:3239} INFO - Sync 1 DAGs
[2025-08-31T18:43:20.506+0000] {logging_mixin.py:190} INFO - [2025-08-31T18:43:20.506+0000] {dag.py:4180} INFO - Setting next_dagrun for example_dynamic_task_mapping to None, run_after=None
[2025-08-31T18:43:20.531+0000] {processor.py:208} INFO - Processing /home/krishnaformeera/Sumitomo/datapipeline/venv/lib/python3.11/site-packages/airflow/example_dags/example_dynamic_task_mapping.py took 0.081 seconds
[2025-08-31T18:44:14.880+0000] {processor.py:186} INFO - Started process (PID=7058) to work on /home/krishnaformeera/Sumitomo/datapipeline/venv/lib/python3.11/site-packages/airflow/example_dags/example_dynamic_task_mapping.py
[2025-08-31T18:44:14.881+0000] {processor.py:914} INFO - Processing file /home/krishnaformeera/Sumitomo/datapipeline/venv/lib/python3.11/site-packages/airflow/example_dags/example_dynamic_task_mapping.py for tasks to queue
[2025-08-31T18:44:14.884+0000] {logging_mixin.py:190} INFO - [2025-08-31T18:44:14.884+0000] {dagbag.py:588} INFO - Filling up the DagBag from /home/krishnaformeera/Sumitomo/datapipeline/venv/lib/python3.11/site-packages/airflow/example_dags/example_dynamic_task_mapping.py
[2025-08-31T18:44:14.894+0000] {processor.py:925} INFO - DAG(s) 'example_dynamic_task_mapping' retrieved from /home/krishnaformeera/Sumitomo/datapipeline/venv/lib/python3.11/site-packages/airflow/example_dags/example_dynamic_task_mapping.py
[2025-08-31T18:44:14.911+0000] {logging_mixin.py:190} INFO - [2025-08-31T18:44:14.911+0000] {dag.py:3239} INFO - Sync 1 DAGs
[2025-08-31T18:44:14.925+0000] {logging_mixin.py:190} INFO - [2025-08-31T18:44:14.925+0000] {dag.py:4180} INFO - Setting next_dagrun for example_dynamic_task_mapping to None, run_after=None
[2025-08-31T18:44:14.948+0000] {processor.py:208} INFO - Processing /home/krishnaformeera/Sumitomo/datapipeline/venv/lib/python3.11/site-packages/airflow/example_dags/example_dynamic_task_mapping.py took 0.076 seconds
[2025-08-31T18:45:04.237+0000] {processor.py:186} INFO - Started process (PID=7299) to work on /home/krishnaformeera/Sumitomo/datapipeline/venv/lib/python3.11/site-packages/airflow/example_dags/example_dynamic_task_mapping.py
[2025-08-31T18:45:04.239+0000] {processor.py:914} INFO - Processing file /home/krishnaformeera/Sumitomo/datapipeline/venv/lib/python3.11/site-packages/airflow/example_dags/example_dynamic_task_mapping.py for tasks to queue
[2025-08-31T18:45:04.241+0000] {logging_mixin.py:190} INFO - [2025-08-31T18:45:04.240+0000] {dagbag.py:588} INFO - Filling up the DagBag from /home/krishnaformeera/Sumitomo/datapipeline/venv/lib/python3.11/site-packages/airflow/example_dags/example_dynamic_task_mapping.py
[2025-08-31T18:45:04.249+0000] {processor.py:925} INFO - DAG(s) 'example_dynamic_task_mapping' retrieved from /home/krishnaformeera/Sumitomo/datapipeline/venv/lib/python3.11/site-packages/airflow/example_dags/example_dynamic_task_mapping.py
[2025-08-31T18:45:04.263+0000] {logging_mixin.py:190} INFO - [2025-08-31T18:45:04.263+0000] {dag.py:3239} INFO - Sync 1 DAGs
[2025-08-31T18:45:04.274+0000] {logging_mixin.py:190} INFO - [2025-08-31T18:45:04.274+0000] {dag.py:4180} INFO - Setting next_dagrun for example_dynamic_task_mapping to None, run_after=None
[2025-08-31T18:45:04.295+0000] {processor.py:208} INFO - Processing /home/krishnaformeera/Sumitomo/datapipeline/venv/lib/python3.11/site-packages/airflow/example_dags/example_dynamic_task_mapping.py took 0.065 seconds
[2025-08-31T18:45:55.543+0000] {processor.py:186} INFO - Started process (PID=7570) to work on /home/krishnaformeera/Sumitomo/datapipeline/venv/lib/python3.11/site-packages/airflow/example_dags/example_dynamic_task_mapping.py
[2025-08-31T18:45:55.546+0000] {processor.py:914} INFO - Processing file /home/krishnaformeera/Sumitomo/datapipeline/venv/lib/python3.11/site-packages/airflow/example_dags/example_dynamic_task_mapping.py for tasks to queue
[2025-08-31T18:45:55.548+0000] {logging_mixin.py:190} INFO - [2025-08-31T18:45:55.548+0000] {dagbag.py:588} INFO - Filling up the DagBag from /home/krishnaformeera/Sumitomo/datapipeline/venv/lib/python3.11/site-packages/airflow/example_dags/example_dynamic_task_mapping.py
[2025-08-31T18:45:55.558+0000] {processor.py:925} INFO - DAG(s) 'example_dynamic_task_mapping' retrieved from /home/krishnaformeera/Sumitomo/datapipeline/venv/lib/python3.11/site-packages/airflow/example_dags/example_dynamic_task_mapping.py
[2025-08-31T18:45:55.574+0000] {logging_mixin.py:190} INFO - [2025-08-31T18:45:55.573+0000] {dag.py:3239} INFO - Sync 1 DAGs
[2025-08-31T18:45:55.585+0000] {logging_mixin.py:190} INFO - [2025-08-31T18:45:55.585+0000] {dag.py:4180} INFO - Setting next_dagrun for example_dynamic_task_mapping to None, run_after=None
[2025-08-31T18:45:55.607+0000] {processor.py:208} INFO - Processing /home/krishnaformeera/Sumitomo/datapipeline/venv/lib/python3.11/site-packages/airflow/example_dags/example_dynamic_task_mapping.py took 0.072 seconds
[2025-08-31T18:46:47.925+0000] {processor.py:186} INFO - Started process (PID=7754) to work on /home/krishnaformeera/Sumitomo/datapipeline/venv/lib/python3.11/site-packages/airflow/example_dags/example_dynamic_task_mapping.py
[2025-08-31T18:46:47.928+0000] {processor.py:914} INFO - Processing file /home/krishnaformeera/Sumitomo/datapipeline/venv/lib/python3.11/site-packages/airflow/example_dags/example_dynamic_task_mapping.py for tasks to queue
[2025-08-31T18:46:47.930+0000] {logging_mixin.py:190} INFO - [2025-08-31T18:46:47.930+0000] {dagbag.py:588} INFO - Filling up the DagBag from /home/krishnaformeera/Sumitomo/datapipeline/venv/lib/python3.11/site-packages/airflow/example_dags/example_dynamic_task_mapping.py
[2025-08-31T18:46:47.939+0000] {processor.py:925} INFO - DAG(s) 'example_dynamic_task_mapping' retrieved from /home/krishnaformeera/Sumitomo/datapipeline/venv/lib/python3.11/site-packages/airflow/example_dags/example_dynamic_task_mapping.py
[2025-08-31T18:46:47.955+0000] {logging_mixin.py:190} INFO - [2025-08-31T18:46:47.954+0000] {dag.py:3239} INFO - Sync 1 DAGs
[2025-08-31T18:46:47.971+0000] {logging_mixin.py:190} INFO - [2025-08-31T18:46:47.971+0000] {dag.py:4180} INFO - Setting next_dagrun for example_dynamic_task_mapping to None, run_after=None
[2025-08-31T18:46:47.994+0000] {processor.py:208} INFO - Processing /home/krishnaformeera/Sumitomo/datapipeline/venv/lib/python3.11/site-packages/airflow/example_dags/example_dynamic_task_mapping.py took 0.076 seconds
[2025-08-31T18:47:40.999+0000] {processor.py:186} INFO - Started process (PID=7810) to work on /home/krishnaformeera/Sumitomo/datapipeline/venv/lib/python3.11/site-packages/airflow/example_dags/example_dynamic_task_mapping.py
[2025-08-31T18:47:41.000+0000] {processor.py:914} INFO - Processing file /home/krishnaformeera/Sumitomo/datapipeline/venv/lib/python3.11/site-packages/airflow/example_dags/example_dynamic_task_mapping.py for tasks to queue
[2025-08-31T18:47:41.002+0000] {logging_mixin.py:190} INFO - [2025-08-31T18:47:41.001+0000] {dagbag.py:588} INFO - Filling up the DagBag from /home/krishnaformeera/Sumitomo/datapipeline/venv/lib/python3.11/site-packages/airflow/example_dags/example_dynamic_task_mapping.py
[2025-08-31T18:47:41.011+0000] {processor.py:925} INFO - DAG(s) 'example_dynamic_task_mapping' retrieved from /home/krishnaformeera/Sumitomo/datapipeline/venv/lib/python3.11/site-packages/airflow/example_dags/example_dynamic_task_mapping.py
[2025-08-31T18:47:41.027+0000] {logging_mixin.py:190} INFO - [2025-08-31T18:47:41.027+0000] {dag.py:3239} INFO - Sync 1 DAGs
[2025-08-31T18:47:41.039+0000] {logging_mixin.py:190} INFO - [2025-08-31T18:47:41.039+0000] {dag.py:4180} INFO - Setting next_dagrun for example_dynamic_task_mapping to None, run_after=None
[2025-08-31T18:47:41.062+0000] {processor.py:208} INFO - Processing /home/krishnaformeera/Sumitomo/datapipeline/venv/lib/python3.11/site-packages/airflow/example_dags/example_dynamic_task_mapping.py took 0.070 seconds
[2025-08-31T18:48:30.541+0000] {processor.py:186} INFO - Started process (PID=7863) to work on /home/krishnaformeera/Sumitomo/datapipeline/venv/lib/python3.11/site-packages/airflow/example_dags/example_dynamic_task_mapping.py
[2025-08-31T18:48:30.542+0000] {processor.py:914} INFO - Processing file /home/krishnaformeera/Sumitomo/datapipeline/venv/lib/python3.11/site-packages/airflow/example_dags/example_dynamic_task_mapping.py for tasks to queue
[2025-08-31T18:48:30.545+0000] {logging_mixin.py:190} INFO - [2025-08-31T18:48:30.544+0000] {dagbag.py:588} INFO - Filling up the DagBag from /home/krishnaformeera/Sumitomo/datapipeline/venv/lib/python3.11/site-packages/airflow/example_dags/example_dynamic_task_mapping.py
[2025-08-31T18:48:30.556+0000] {processor.py:925} INFO - DAG(s) 'example_dynamic_task_mapping' retrieved from /home/krishnaformeera/Sumitomo/datapipeline/venv/lib/python3.11/site-packages/airflow/example_dags/example_dynamic_task_mapping.py
[2025-08-31T18:48:30.576+0000] {logging_mixin.py:190} INFO - [2025-08-31T18:48:30.576+0000] {dag.py:3239} INFO - Sync 1 DAGs
[2025-08-31T18:48:30.590+0000] {logging_mixin.py:190} INFO - [2025-08-31T18:48:30.589+0000] {dag.py:4180} INFO - Setting next_dagrun for example_dynamic_task_mapping to None, run_after=None
[2025-08-31T18:48:30.616+0000] {processor.py:208} INFO - Processing /home/krishnaformeera/Sumitomo/datapipeline/venv/lib/python3.11/site-packages/airflow/example_dags/example_dynamic_task_mapping.py took 0.082 seconds
[2025-08-31T18:49:21.321+0000] {processor.py:186} INFO - Started process (PID=7921) to work on /home/krishnaformeera/Sumitomo/datapipeline/venv/lib/python3.11/site-packages/airflow/example_dags/example_dynamic_task_mapping.py
[2025-08-31T18:49:21.322+0000] {processor.py:914} INFO - Processing file /home/krishnaformeera/Sumitomo/datapipeline/venv/lib/python3.11/site-packages/airflow/example_dags/example_dynamic_task_mapping.py for tasks to queue
[2025-08-31T18:49:21.325+0000] {logging_mixin.py:190} INFO - [2025-08-31T18:49:21.324+0000] {dagbag.py:588} INFO - Filling up the DagBag from /home/krishnaformeera/Sumitomo/datapipeline/venv/lib/python3.11/site-packages/airflow/example_dags/example_dynamic_task_mapping.py
[2025-08-31T18:49:21.334+0000] {processor.py:925} INFO - DAG(s) 'example_dynamic_task_mapping' retrieved from /home/krishnaformeera/Sumitomo/datapipeline/venv/lib/python3.11/site-packages/airflow/example_dags/example_dynamic_task_mapping.py
[2025-08-31T18:49:21.350+0000] {logging_mixin.py:190} INFO - [2025-08-31T18:49:21.350+0000] {dag.py:3239} INFO - Sync 1 DAGs
[2025-08-31T18:49:21.362+0000] {logging_mixin.py:190} INFO - [2025-08-31T18:49:21.361+0000] {dag.py:4180} INFO - Setting next_dagrun for example_dynamic_task_mapping to None, run_after=None
[2025-08-31T18:49:21.384+0000] {processor.py:208} INFO - Processing /home/krishnaformeera/Sumitomo/datapipeline/venv/lib/python3.11/site-packages/airflow/example_dags/example_dynamic_task_mapping.py took 0.070 seconds
[2025-08-31T18:50:13.186+0000] {processor.py:186} INFO - Started process (PID=8031) to work on /home/krishnaformeera/Sumitomo/datapipeline/venv/lib/python3.11/site-packages/airflow/example_dags/example_dynamic_task_mapping.py
[2025-08-31T18:50:13.187+0000] {processor.py:914} INFO - Processing file /home/krishnaformeera/Sumitomo/datapipeline/venv/lib/python3.11/site-packages/airflow/example_dags/example_dynamic_task_mapping.py for tasks to queue
[2025-08-31T18:50:13.189+0000] {logging_mixin.py:190} INFO - [2025-08-31T18:50:13.189+0000] {dagbag.py:588} INFO - Filling up the DagBag from /home/krishnaformeera/Sumitomo/datapipeline/venv/lib/python3.11/site-packages/airflow/example_dags/example_dynamic_task_mapping.py
[2025-08-31T18:50:13.198+0000] {processor.py:925} INFO - DAG(s) 'example_dynamic_task_mapping' retrieved from /home/krishnaformeera/Sumitomo/datapipeline/venv/lib/python3.11/site-packages/airflow/example_dags/example_dynamic_task_mapping.py
[2025-08-31T18:50:13.215+0000] {logging_mixin.py:190} INFO - [2025-08-31T18:50:13.215+0000] {dag.py:3239} INFO - Sync 1 DAGs
[2025-08-31T18:50:13.228+0000] {logging_mixin.py:190} INFO - [2025-08-31T18:50:13.228+0000] {dag.py:4180} INFO - Setting next_dagrun for example_dynamic_task_mapping to None, run_after=None
[2025-08-31T18:50:13.252+0000] {processor.py:208} INFO - Processing /home/krishnaformeera/Sumitomo/datapipeline/venv/lib/python3.11/site-packages/airflow/example_dags/example_dynamic_task_mapping.py took 0.074 seconds
[2025-08-31T18:51:06.473+0000] {processor.py:186} INFO - Started process (PID=8104) to work on /home/krishnaformeera/Sumitomo/datapipeline/venv/lib/python3.11/site-packages/airflow/example_dags/example_dynamic_task_mapping.py
[2025-08-31T18:51:06.474+0000] {processor.py:914} INFO - Processing file /home/krishnaformeera/Sumitomo/datapipeline/venv/lib/python3.11/site-packages/airflow/example_dags/example_dynamic_task_mapping.py for tasks to queue
[2025-08-31T18:51:06.476+0000] {logging_mixin.py:190} INFO - [2025-08-31T18:51:06.475+0000] {dagbag.py:588} INFO - Filling up the DagBag from /home/krishnaformeera/Sumitomo/datapipeline/venv/lib/python3.11/site-packages/airflow/example_dags/example_dynamic_task_mapping.py
[2025-08-31T18:51:06.485+0000] {processor.py:925} INFO - DAG(s) 'example_dynamic_task_mapping' retrieved from /home/krishnaformeera/Sumitomo/datapipeline/venv/lib/python3.11/site-packages/airflow/example_dags/example_dynamic_task_mapping.py
[2025-08-31T18:51:06.507+0000] {logging_mixin.py:190} INFO - [2025-08-31T18:51:06.507+0000] {dag.py:3239} INFO - Sync 1 DAGs
[2025-08-31T18:51:06.521+0000] {logging_mixin.py:190} INFO - [2025-08-31T18:51:06.521+0000] {dag.py:4180} INFO - Setting next_dagrun for example_dynamic_task_mapping to None, run_after=None
[2025-08-31T18:51:06.545+0000] {processor.py:208} INFO - Processing /home/krishnaformeera/Sumitomo/datapipeline/venv/lib/python3.11/site-packages/airflow/example_dags/example_dynamic_task_mapping.py took 0.080 seconds
[2025-08-31T18:51:55.205+0000] {processor.py:186} INFO - Started process (PID=8185) to work on /home/krishnaformeera/Sumitomo/datapipeline/venv/lib/python3.11/site-packages/airflow/example_dags/example_dynamic_task_mapping.py
[2025-08-31T18:51:55.206+0000] {processor.py:914} INFO - Processing file /home/krishnaformeera/Sumitomo/datapipeline/venv/lib/python3.11/site-packages/airflow/example_dags/example_dynamic_task_mapping.py for tasks to queue
[2025-08-31T18:51:55.208+0000] {logging_mixin.py:190} INFO - [2025-08-31T18:51:55.208+0000] {dagbag.py:588} INFO - Filling up the DagBag from /home/krishnaformeera/Sumitomo/datapipeline/venv/lib/python3.11/site-packages/airflow/example_dags/example_dynamic_task_mapping.py
[2025-08-31T18:51:55.216+0000] {processor.py:925} INFO - DAG(s) 'example_dynamic_task_mapping' retrieved from /home/krishnaformeera/Sumitomo/datapipeline/venv/lib/python3.11/site-packages/airflow/example_dags/example_dynamic_task_mapping.py
[2025-08-31T18:51:55.231+0000] {logging_mixin.py:190} INFO - [2025-08-31T18:51:55.231+0000] {dag.py:3239} INFO - Sync 1 DAGs
[2025-08-31T18:51:55.242+0000] {logging_mixin.py:190} INFO - [2025-08-31T18:51:55.242+0000] {dag.py:4180} INFO - Setting next_dagrun for example_dynamic_task_mapping to None, run_after=None
[2025-08-31T18:51:55.263+0000] {processor.py:208} INFO - Processing /home/krishnaformeera/Sumitomo/datapipeline/venv/lib/python3.11/site-packages/airflow/example_dags/example_dynamic_task_mapping.py took 0.064 seconds
[2025-08-31T18:52:46.094+0000] {processor.py:186} INFO - Started process (PID=8256) to work on /home/krishnaformeera/Sumitomo/datapipeline/venv/lib/python3.11/site-packages/airflow/example_dags/example_dynamic_task_mapping.py
[2025-08-31T18:52:46.095+0000] {processor.py:914} INFO - Processing file /home/krishnaformeera/Sumitomo/datapipeline/venv/lib/python3.11/site-packages/airflow/example_dags/example_dynamic_task_mapping.py for tasks to queue
[2025-08-31T18:52:46.097+0000] {logging_mixin.py:190} INFO - [2025-08-31T18:52:46.097+0000] {dagbag.py:588} INFO - Filling up the DagBag from /home/krishnaformeera/Sumitomo/datapipeline/venv/lib/python3.11/site-packages/airflow/example_dags/example_dynamic_task_mapping.py
[2025-08-31T18:52:46.106+0000] {processor.py:925} INFO - DAG(s) 'example_dynamic_task_mapping' retrieved from /home/krishnaformeera/Sumitomo/datapipeline/venv/lib/python3.11/site-packages/airflow/example_dags/example_dynamic_task_mapping.py
[2025-08-31T18:52:46.121+0000] {logging_mixin.py:190} INFO - [2025-08-31T18:52:46.121+0000] {dag.py:3239} INFO - Sync 1 DAGs
[2025-08-31T18:52:46.132+0000] {logging_mixin.py:190} INFO - [2025-08-31T18:52:46.132+0000] {dag.py:4180} INFO - Setting next_dagrun for example_dynamic_task_mapping to None, run_after=None
[2025-08-31T18:52:46.154+0000] {processor.py:208} INFO - Processing /home/krishnaformeera/Sumitomo/datapipeline/venv/lib/python3.11/site-packages/airflow/example_dags/example_dynamic_task_mapping.py took 0.067 seconds
[2025-08-31T18:53:35.351+0000] {processor.py:186} INFO - Started process (PID=8380) to work on /home/krishnaformeera/Sumitomo/datapipeline/venv/lib/python3.11/site-packages/airflow/example_dags/example_dynamic_task_mapping.py
[2025-08-31T18:53:35.352+0000] {processor.py:914} INFO - Processing file /home/krishnaformeera/Sumitomo/datapipeline/venv/lib/python3.11/site-packages/airflow/example_dags/example_dynamic_task_mapping.py for tasks to queue
[2025-08-31T18:53:35.355+0000] {logging_mixin.py:190} INFO - [2025-08-31T18:53:35.354+0000] {dagbag.py:588} INFO - Filling up the DagBag from /home/krishnaformeera/Sumitomo/datapipeline/venv/lib/python3.11/site-packages/airflow/example_dags/example_dynamic_task_mapping.py
[2025-08-31T18:53:35.365+0000] {processor.py:925} INFO - DAG(s) 'example_dynamic_task_mapping' retrieved from /home/krishnaformeera/Sumitomo/datapipeline/venv/lib/python3.11/site-packages/airflow/example_dags/example_dynamic_task_mapping.py
[2025-08-31T18:53:35.384+0000] {logging_mixin.py:190} INFO - [2025-08-31T18:53:35.383+0000] {dag.py:3239} INFO - Sync 1 DAGs
[2025-08-31T18:53:35.396+0000] {logging_mixin.py:190} INFO - [2025-08-31T18:53:35.396+0000] {dag.py:4180} INFO - Setting next_dagrun for example_dynamic_task_mapping to None, run_after=None
[2025-08-31T18:53:35.421+0000] {processor.py:208} INFO - Processing /home/krishnaformeera/Sumitomo/datapipeline/venv/lib/python3.11/site-packages/airflow/example_dags/example_dynamic_task_mapping.py took 0.079 seconds
[2025-08-31T18:54:48.063+0000] {processor.py:186} INFO - Started process (PID=8526) to work on /home/krishnaformeera/Sumitomo/datapipeline/venv/lib/python3.11/site-packages/airflow/example_dags/example_dynamic_task_mapping.py
[2025-08-31T18:54:48.065+0000] {processor.py:914} INFO - Processing file /home/krishnaformeera/Sumitomo/datapipeline/venv/lib/python3.11/site-packages/airflow/example_dags/example_dynamic_task_mapping.py for tasks to queue
[2025-08-31T18:54:48.068+0000] {logging_mixin.py:190} INFO - [2025-08-31T18:54:48.067+0000] {dagbag.py:588} INFO - Filling up the DagBag from /home/krishnaformeera/Sumitomo/datapipeline/venv/lib/python3.11/site-packages/airflow/example_dags/example_dynamic_task_mapping.py
[2025-08-31T18:54:48.081+0000] {processor.py:925} INFO - DAG(s) 'example_dynamic_task_mapping' retrieved from /home/krishnaformeera/Sumitomo/datapipeline/venv/lib/python3.11/site-packages/airflow/example_dags/example_dynamic_task_mapping.py
[2025-08-31T18:54:48.097+0000] {logging_mixin.py:190} INFO - [2025-08-31T18:54:48.096+0000] {dag.py:3239} INFO - Sync 1 DAGs
[2025-08-31T18:54:48.109+0000] {logging_mixin.py:190} INFO - [2025-08-31T18:54:48.109+0000] {dag.py:4180} INFO - Setting next_dagrun for example_dynamic_task_mapping to None, run_after=None
[2025-08-31T18:54:48.130+0000] {processor.py:208} INFO - Processing /home/krishnaformeera/Sumitomo/datapipeline/venv/lib/python3.11/site-packages/airflow/example_dags/example_dynamic_task_mapping.py took 0.074 seconds
[2025-08-31T18:55:43.159+0000] {processor.py:186} INFO - Started process (PID=8606) to work on /home/krishnaformeera/Sumitomo/datapipeline/venv/lib/python3.11/site-packages/airflow/example_dags/example_dynamic_task_mapping.py
[2025-08-31T18:55:43.160+0000] {processor.py:914} INFO - Processing file /home/krishnaformeera/Sumitomo/datapipeline/venv/lib/python3.11/site-packages/airflow/example_dags/example_dynamic_task_mapping.py for tasks to queue
[2025-08-31T18:55:43.162+0000] {logging_mixin.py:190} INFO - [2025-08-31T18:55:43.162+0000] {dagbag.py:588} INFO - Filling up the DagBag from /home/krishnaformeera/Sumitomo/datapipeline/venv/lib/python3.11/site-packages/airflow/example_dags/example_dynamic_task_mapping.py
[2025-08-31T18:55:43.174+0000] {processor.py:925} INFO - DAG(s) 'example_dynamic_task_mapping' retrieved from /home/krishnaformeera/Sumitomo/datapipeline/venv/lib/python3.11/site-packages/airflow/example_dags/example_dynamic_task_mapping.py
[2025-08-31T18:55:43.194+0000] {logging_mixin.py:190} INFO - [2025-08-31T18:55:43.193+0000] {dag.py:3239} INFO - Sync 1 DAGs
[2025-08-31T18:55:43.207+0000] {logging_mixin.py:190} INFO - [2025-08-31T18:55:43.207+0000] {dag.py:4180} INFO - Setting next_dagrun for example_dynamic_task_mapping to None, run_after=None
[2025-08-31T18:55:43.236+0000] {processor.py:208} INFO - Processing /home/krishnaformeera/Sumitomo/datapipeline/venv/lib/python3.11/site-packages/airflow/example_dags/example_dynamic_task_mapping.py took 0.085 seconds
[2025-08-31T18:56:36.693+0000] {processor.py:186} INFO - Started process (PID=8675) to work on /home/krishnaformeera/Sumitomo/datapipeline/venv/lib/python3.11/site-packages/airflow/example_dags/example_dynamic_task_mapping.py
[2025-08-31T18:56:36.694+0000] {processor.py:914} INFO - Processing file /home/krishnaformeera/Sumitomo/datapipeline/venv/lib/python3.11/site-packages/airflow/example_dags/example_dynamic_task_mapping.py for tasks to queue
[2025-08-31T18:56:36.697+0000] {logging_mixin.py:190} INFO - [2025-08-31T18:56:36.696+0000] {dagbag.py:588} INFO - Filling up the DagBag from /home/krishnaformeera/Sumitomo/datapipeline/venv/lib/python3.11/site-packages/airflow/example_dags/example_dynamic_task_mapping.py
[2025-08-31T18:56:36.707+0000] {processor.py:925} INFO - DAG(s) 'example_dynamic_task_mapping' retrieved from /home/krishnaformeera/Sumitomo/datapipeline/venv/lib/python3.11/site-packages/airflow/example_dags/example_dynamic_task_mapping.py
[2025-08-31T18:56:36.725+0000] {logging_mixin.py:190} INFO - [2025-08-31T18:56:36.725+0000] {dag.py:3239} INFO - Sync 1 DAGs
[2025-08-31T18:56:36.739+0000] {logging_mixin.py:190} INFO - [2025-08-31T18:56:36.738+0000] {dag.py:4180} INFO - Setting next_dagrun for example_dynamic_task_mapping to None, run_after=None
[2025-08-31T18:56:36.761+0000] {processor.py:208} INFO - Processing /home/krishnaformeera/Sumitomo/datapipeline/venv/lib/python3.11/site-packages/airflow/example_dags/example_dynamic_task_mapping.py took 0.075 seconds
[2025-08-31T18:57:29.140+0000] {processor.py:186} INFO - Started process (PID=8728) to work on /home/krishnaformeera/Sumitomo/datapipeline/venv/lib/python3.11/site-packages/airflow/example_dags/example_dynamic_task_mapping.py
[2025-08-31T18:57:29.142+0000] {processor.py:914} INFO - Processing file /home/krishnaformeera/Sumitomo/datapipeline/venv/lib/python3.11/site-packages/airflow/example_dags/example_dynamic_task_mapping.py for tasks to queue
[2025-08-31T18:57:29.144+0000] {logging_mixin.py:190} INFO - [2025-08-31T18:57:29.143+0000] {dagbag.py:588} INFO - Filling up the DagBag from /home/krishnaformeera/Sumitomo/datapipeline/venv/lib/python3.11/site-packages/airflow/example_dags/example_dynamic_task_mapping.py
[2025-08-31T18:57:29.153+0000] {processor.py:925} INFO - DAG(s) 'example_dynamic_task_mapping' retrieved from /home/krishnaformeera/Sumitomo/datapipeline/venv/lib/python3.11/site-packages/airflow/example_dags/example_dynamic_task_mapping.py
[2025-08-31T18:57:29.170+0000] {logging_mixin.py:190} INFO - [2025-08-31T18:57:29.170+0000] {dag.py:3239} INFO - Sync 1 DAGs
[2025-08-31T18:57:29.182+0000] {logging_mixin.py:190} INFO - [2025-08-31T18:57:29.182+0000] {dag.py:4180} INFO - Setting next_dagrun for example_dynamic_task_mapping to None, run_after=None
[2025-08-31T18:57:29.205+0000] {processor.py:208} INFO - Processing /home/krishnaformeera/Sumitomo/datapipeline/venv/lib/python3.11/site-packages/airflow/example_dags/example_dynamic_task_mapping.py took 0.074 seconds
[2025-08-31T18:58:22.344+0000] {processor.py:186} INFO - Started process (PID=8782) to work on /home/krishnaformeera/Sumitomo/datapipeline/venv/lib/python3.11/site-packages/airflow/example_dags/example_dynamic_task_mapping.py
[2025-08-31T18:58:22.345+0000] {processor.py:914} INFO - Processing file /home/krishnaformeera/Sumitomo/datapipeline/venv/lib/python3.11/site-packages/airflow/example_dags/example_dynamic_task_mapping.py for tasks to queue
[2025-08-31T18:58:22.347+0000] {logging_mixin.py:190} INFO - [2025-08-31T18:58:22.347+0000] {dagbag.py:588} INFO - Filling up the DagBag from /home/krishnaformeera/Sumitomo/datapipeline/venv/lib/python3.11/site-packages/airflow/example_dags/example_dynamic_task_mapping.py
[2025-08-31T18:58:22.358+0000] {processor.py:925} INFO - DAG(s) 'example_dynamic_task_mapping' retrieved from /home/krishnaformeera/Sumitomo/datapipeline/venv/lib/python3.11/site-packages/airflow/example_dags/example_dynamic_task_mapping.py
[2025-08-31T18:58:22.375+0000] {logging_mixin.py:190} INFO - [2025-08-31T18:58:22.375+0000] {dag.py:3239} INFO - Sync 1 DAGs
[2025-08-31T18:58:22.388+0000] {logging_mixin.py:190} INFO - [2025-08-31T18:58:22.388+0000] {dag.py:4180} INFO - Setting next_dagrun for example_dynamic_task_mapping to None, run_after=None
[2025-08-31T18:58:22.412+0000] {processor.py:208} INFO - Processing /home/krishnaformeera/Sumitomo/datapipeline/venv/lib/python3.11/site-packages/airflow/example_dags/example_dynamic_task_mapping.py took 0.076 seconds
[2025-08-31T18:59:15.149+0000] {processor.py:186} INFO - Started process (PID=8836) to work on /home/krishnaformeera/Sumitomo/datapipeline/venv/lib/python3.11/site-packages/airflow/example_dags/example_dynamic_task_mapping.py
[2025-08-31T18:59:15.151+0000] {processor.py:914} INFO - Processing file /home/krishnaformeera/Sumitomo/datapipeline/venv/lib/python3.11/site-packages/airflow/example_dags/example_dynamic_task_mapping.py for tasks to queue
[2025-08-31T18:59:15.155+0000] {logging_mixin.py:190} INFO - [2025-08-31T18:59:15.154+0000] {dagbag.py:588} INFO - Filling up the DagBag from /home/krishnaformeera/Sumitomo/datapipeline/venv/lib/python3.11/site-packages/airflow/example_dags/example_dynamic_task_mapping.py
[2025-08-31T18:59:15.174+0000] {processor.py:925} INFO - DAG(s) 'example_dynamic_task_mapping' retrieved from /home/krishnaformeera/Sumitomo/datapipeline/venv/lib/python3.11/site-packages/airflow/example_dags/example_dynamic_task_mapping.py
[2025-08-31T18:59:15.200+0000] {logging_mixin.py:190} INFO - [2025-08-31T18:59:15.200+0000] {dag.py:3239} INFO - Sync 1 DAGs
[2025-08-31T18:59:15.219+0000] {logging_mixin.py:190} INFO - [2025-08-31T18:59:15.219+0000] {dag.py:4180} INFO - Setting next_dagrun for example_dynamic_task_mapping to None, run_after=None
[2025-08-31T18:59:15.257+0000] {processor.py:208} INFO - Processing /home/krishnaformeera/Sumitomo/datapipeline/venv/lib/python3.11/site-packages/airflow/example_dags/example_dynamic_task_mapping.py took 0.120 seconds
