[2025-08-31T18:31:07.969+0000] {processor.py:186} INFO - Started process (PID=5234) to work on /home/krishnaformeera/Sumitomo/datapipeline/venv/lib/python3.11/site-packages/airflow/example_dags/example_params_ui_tutorial.py
[2025-08-31T18:31:07.970+0000] {processor.py:914} INFO - Processing file /home/krishnaformeera/Sumitomo/datapipeline/venv/lib/python3.11/site-packages/airflow/example_dags/example_params_ui_tutorial.py for tasks to queue
[2025-08-31T18:31:07.972+0000] {logging_mixin.py:190} INFO - [2025-08-31T18:31:07.971+0000] {dagbag.py:588} INFO - Filling up the DagBag from /home/krishnaformeera/Sumitomo/datapipeline/venv/lib/python3.11/site-packages/airflow/example_dags/example_params_ui_tutorial.py
[2025-08-31T18:31:07.980+0000] {processor.py:925} INFO - DAG(s) 'example_params_ui_tutorial' retrieved from /home/krishnaformeera/Sumitomo/datapipeline/venv/lib/python3.11/site-packages/airflow/example_dags/example_params_ui_tutorial.py
[2025-08-31T18:31:08.090+0000] {logging_mixin.py:190} INFO - [2025-08-31T18:31:08.090+0000] {override.py:1900} INFO - Created Permission View: can edit on DAG:example_params_ui_tutorial
[2025-08-31T18:31:08.115+0000] {logging_mixin.py:190} INFO - [2025-08-31T18:31:08.114+0000] {override.py:1900} INFO - Created Permission View: can read on DAG:example_params_ui_tutorial
[2025-08-31T18:31:08.128+0000] {logging_mixin.py:190} INFO - [2025-08-31T18:31:08.127+0000] {override.py:1900} INFO - Created Permission View: can delete on DAG:example_params_ui_tutorial
[2025-08-31T18:31:08.144+0000] {logging_mixin.py:190} INFO - [2025-08-31T18:31:08.144+0000] {override.py:1900} INFO - Created Permission View: menu access on DAG Run:example_params_ui_tutorial
[2025-08-31T18:31:08.154+0000] {logging_mixin.py:190} INFO - [2025-08-31T18:31:08.153+0000] {override.py:1900} INFO - Created Permission View: can read on DAG Run:example_params_ui_tutorial
[2025-08-31T18:31:08.163+0000] {logging_mixin.py:190} INFO - [2025-08-31T18:31:08.162+0000] {override.py:1900} INFO - Created Permission View: can create on DAG Run:example_params_ui_tutorial
[2025-08-31T18:31:08.171+0000] {logging_mixin.py:190} INFO - [2025-08-31T18:31:08.171+0000] {override.py:1900} INFO - Created Permission View: can delete on DAG Run:example_params_ui_tutorial
[2025-08-31T18:31:08.172+0000] {logging_mixin.py:190} INFO - [2025-08-31T18:31:08.172+0000] {dag.py:3239} INFO - Sync 1 DAGs
[2025-08-31T18:31:08.182+0000] {logging_mixin.py:190} INFO - [2025-08-31T18:31:08.182+0000] {dag.py:3262} INFO - Creating ORM DAG for example_params_ui_tutorial
[2025-08-31T18:31:08.182+0000] {logging_mixin.py:190} INFO - [2025-08-31T18:31:08.182+0000] {dag.py:4180} INFO - Setting next_dagrun for example_params_ui_tutorial to None, run_after=None
[2025-08-31T18:31:08.200+0000] {processor.py:208} INFO - Processing /home/krishnaformeera/Sumitomo/datapipeline/venv/lib/python3.11/site-packages/airflow/example_dags/example_params_ui_tutorial.py took 0.237 seconds
[2025-08-31T18:32:10.924+0000] {processor.py:186} INFO - Started process (PID=5307) to work on /home/krishnaformeera/Sumitomo/datapipeline/venv/lib/python3.11/site-packages/airflow/example_dags/example_params_ui_tutorial.py
[2025-08-31T18:32:10.925+0000] {processor.py:914} INFO - Processing file /home/krishnaformeera/Sumitomo/datapipeline/venv/lib/python3.11/site-packages/airflow/example_dags/example_params_ui_tutorial.py for tasks to queue
[2025-08-31T18:32:10.927+0000] {logging_mixin.py:190} INFO - [2025-08-31T18:32:10.927+0000] {dagbag.py:588} INFO - Filling up the DagBag from /home/krishnaformeera/Sumitomo/datapipeline/venv/lib/python3.11/site-packages/airflow/example_dags/example_params_ui_tutorial.py
[2025-08-31T18:32:10.936+0000] {processor.py:925} INFO - DAG(s) 'example_params_ui_tutorial' retrieved from /home/krishnaformeera/Sumitomo/datapipeline/venv/lib/python3.11/site-packages/airflow/example_dags/example_params_ui_tutorial.py
[2025-08-31T18:32:10.971+0000] {logging_mixin.py:190} INFO - [2025-08-31T18:32:10.971+0000] {dag.py:3239} INFO - Sync 1 DAGs
[2025-08-31T18:32:10.982+0000] {logging_mixin.py:190} INFO - [2025-08-31T18:32:10.982+0000] {dag.py:4180} INFO - Setting next_dagrun for example_params_ui_tutorial to None, run_after=None
[2025-08-31T18:32:11.004+0000] {processor.py:208} INFO - Processing /home/krishnaformeera/Sumitomo/datapipeline/venv/lib/python3.11/site-packages/airflow/example_dags/example_params_ui_tutorial.py took 0.086 seconds
[2025-08-31T18:33:08.954+0000] {processor.py:186} INFO - Started process (PID=5366) to work on /home/krishnaformeera/Sumitomo/datapipeline/venv/lib/python3.11/site-packages/airflow/example_dags/example_params_ui_tutorial.py
[2025-08-31T18:33:08.955+0000] {processor.py:914} INFO - Processing file /home/krishnaformeera/Sumitomo/datapipeline/venv/lib/python3.11/site-packages/airflow/example_dags/example_params_ui_tutorial.py for tasks to queue
[2025-08-31T18:33:08.957+0000] {logging_mixin.py:190} INFO - [2025-08-31T18:33:08.957+0000] {dagbag.py:588} INFO - Filling up the DagBag from /home/krishnaformeera/Sumitomo/datapipeline/venv/lib/python3.11/site-packages/airflow/example_dags/example_params_ui_tutorial.py
[2025-08-31T18:33:08.966+0000] {processor.py:925} INFO - DAG(s) 'example_params_ui_tutorial' retrieved from /home/krishnaformeera/Sumitomo/datapipeline/venv/lib/python3.11/site-packages/airflow/example_dags/example_params_ui_tutorial.py
[2025-08-31T18:33:09.001+0000] {logging_mixin.py:190} INFO - [2025-08-31T18:33:09.001+0000] {dag.py:3239} INFO - Sync 1 DAGs
[2025-08-31T18:33:09.102+0000] {logging_mixin.py:190} INFO - [2025-08-31T18:33:09.102+0000] {dag.py:4180} INFO - Setting next_dagrun for example_params_ui_tutorial to None, run_after=None
[2025-08-31T18:33:09.121+0000] {processor.py:208} INFO - Processing /home/krishnaformeera/Sumitomo/datapipeline/venv/lib/python3.11/site-packages/airflow/example_dags/example_params_ui_tutorial.py took 0.172 seconds
[2025-08-31T18:34:06.453+0000] {processor.py:186} INFO - Started process (PID=5422) to work on /home/krishnaformeera/Sumitomo/datapipeline/venv/lib/python3.11/site-packages/airflow/example_dags/example_params_ui_tutorial.py
[2025-08-31T18:34:06.455+0000] {processor.py:914} INFO - Processing file /home/krishnaformeera/Sumitomo/datapipeline/venv/lib/python3.11/site-packages/airflow/example_dags/example_params_ui_tutorial.py for tasks to queue
[2025-08-31T18:34:06.457+0000] {logging_mixin.py:190} INFO - [2025-08-31T18:34:06.457+0000] {dagbag.py:588} INFO - Filling up the DagBag from /home/krishnaformeera/Sumitomo/datapipeline/venv/lib/python3.11/site-packages/airflow/example_dags/example_params_ui_tutorial.py
[2025-08-31T18:34:06.468+0000] {processor.py:925} INFO - DAG(s) 'example_params_ui_tutorial' retrieved from /home/krishnaformeera/Sumitomo/datapipeline/venv/lib/python3.11/site-packages/airflow/example_dags/example_params_ui_tutorial.py
[2025-08-31T18:34:06.507+0000] {logging_mixin.py:190} INFO - [2025-08-31T18:34:06.507+0000] {dag.py:3239} INFO - Sync 1 DAGs
[2025-08-31T18:34:06.520+0000] {logging_mixin.py:190} INFO - [2025-08-31T18:34:06.520+0000] {dag.py:4180} INFO - Setting next_dagrun for example_params_ui_tutorial to None, run_after=None
[2025-08-31T18:34:06.548+0000] {processor.py:208} INFO - Processing /home/krishnaformeera/Sumitomo/datapipeline/venv/lib/python3.11/site-packages/airflow/example_dags/example_params_ui_tutorial.py took 0.104 seconds
[2025-08-31T18:35:00.465+0000] {processor.py:186} INFO - Started process (PID=5478) to work on /home/krishnaformeera/Sumitomo/datapipeline/venv/lib/python3.11/site-packages/airflow/example_dags/example_params_ui_tutorial.py
[2025-08-31T18:35:00.466+0000] {processor.py:914} INFO - Processing file /home/krishnaformeera/Sumitomo/datapipeline/venv/lib/python3.11/site-packages/airflow/example_dags/example_params_ui_tutorial.py for tasks to queue
[2025-08-31T18:35:00.469+0000] {logging_mixin.py:190} INFO - [2025-08-31T18:35:00.468+0000] {dagbag.py:588} INFO - Filling up the DagBag from /home/krishnaformeera/Sumitomo/datapipeline/venv/lib/python3.11/site-packages/airflow/example_dags/example_params_ui_tutorial.py
[2025-08-31T18:35:00.478+0000] {processor.py:925} INFO - DAG(s) 'example_params_ui_tutorial' retrieved from /home/krishnaformeera/Sumitomo/datapipeline/venv/lib/python3.11/site-packages/airflow/example_dags/example_params_ui_tutorial.py
[2025-08-31T18:35:00.514+0000] {logging_mixin.py:190} INFO - [2025-08-31T18:35:00.513+0000] {dag.py:3239} INFO - Sync 1 DAGs
[2025-08-31T18:35:00.526+0000] {logging_mixin.py:190} INFO - [2025-08-31T18:35:00.526+0000] {dag.py:4180} INFO - Setting next_dagrun for example_params_ui_tutorial to None, run_after=None
[2025-08-31T18:35:00.546+0000] {processor.py:208} INFO - Processing /home/krishnaformeera/Sumitomo/datapipeline/venv/lib/python3.11/site-packages/airflow/example_dags/example_params_ui_tutorial.py took 0.087 seconds
[2025-08-31T18:35:50.754+0000] {processor.py:186} INFO - Started process (PID=5542) to work on /home/krishnaformeera/Sumitomo/datapipeline/venv/lib/python3.11/site-packages/airflow/example_dags/example_params_ui_tutorial.py
[2025-08-31T18:35:50.755+0000] {processor.py:914} INFO - Processing file /home/krishnaformeera/Sumitomo/datapipeline/venv/lib/python3.11/site-packages/airflow/example_dags/example_params_ui_tutorial.py for tasks to queue
[2025-08-31T18:35:50.757+0000] {logging_mixin.py:190} INFO - [2025-08-31T18:35:50.757+0000] {dagbag.py:588} INFO - Filling up the DagBag from /home/krishnaformeera/Sumitomo/datapipeline/venv/lib/python3.11/site-packages/airflow/example_dags/example_params_ui_tutorial.py
[2025-08-31T18:35:50.768+0000] {processor.py:925} INFO - DAG(s) 'example_params_ui_tutorial' retrieved from /home/krishnaformeera/Sumitomo/datapipeline/venv/lib/python3.11/site-packages/airflow/example_dags/example_params_ui_tutorial.py
[2025-08-31T18:35:50.806+0000] {logging_mixin.py:190} INFO - [2025-08-31T18:35:50.806+0000] {dag.py:3239} INFO - Sync 1 DAGs
[2025-08-31T18:35:50.820+0000] {logging_mixin.py:190} INFO - [2025-08-31T18:35:50.819+0000] {dag.py:4180} INFO - Setting next_dagrun for example_params_ui_tutorial to None, run_after=None
[2025-08-31T18:35:50.843+0000] {processor.py:208} INFO - Processing /home/krishnaformeera/Sumitomo/datapipeline/venv/lib/python3.11/site-packages/airflow/example_dags/example_params_ui_tutorial.py took 0.097 seconds
[2025-08-31T18:36:41.247+0000] {processor.py:186} INFO - Started process (PID=5607) to work on /home/krishnaformeera/Sumitomo/datapipeline/venv/lib/python3.11/site-packages/airflow/example_dags/example_params_ui_tutorial.py
[2025-08-31T18:36:41.248+0000] {processor.py:914} INFO - Processing file /home/krishnaformeera/Sumitomo/datapipeline/venv/lib/python3.11/site-packages/airflow/example_dags/example_params_ui_tutorial.py for tasks to queue
[2025-08-31T18:36:41.250+0000] {logging_mixin.py:190} INFO - [2025-08-31T18:36:41.250+0000] {dagbag.py:588} INFO - Filling up the DagBag from /home/krishnaformeera/Sumitomo/datapipeline/venv/lib/python3.11/site-packages/airflow/example_dags/example_params_ui_tutorial.py
[2025-08-31T18:36:41.261+0000] {processor.py:925} INFO - DAG(s) 'example_params_ui_tutorial' retrieved from /home/krishnaformeera/Sumitomo/datapipeline/venv/lib/python3.11/site-packages/airflow/example_dags/example_params_ui_tutorial.py
[2025-08-31T18:36:41.300+0000] {logging_mixin.py:190} INFO - [2025-08-31T18:36:41.299+0000] {dag.py:3239} INFO - Sync 1 DAGs
[2025-08-31T18:36:41.312+0000] {logging_mixin.py:190} INFO - [2025-08-31T18:36:41.312+0000] {dag.py:4180} INFO - Setting next_dagrun for example_params_ui_tutorial to None, run_after=None
[2025-08-31T18:36:41.337+0000] {processor.py:208} INFO - Processing /home/krishnaformeera/Sumitomo/datapipeline/venv/lib/python3.11/site-packages/airflow/example_dags/example_params_ui_tutorial.py took 0.098 seconds
[2025-08-31T18:37:31.785+0000] {processor.py:186} INFO - Started process (PID=5659) to work on /home/krishnaformeera/Sumitomo/datapipeline/venv/lib/python3.11/site-packages/airflow/example_dags/example_params_ui_tutorial.py
[2025-08-31T18:37:31.786+0000] {processor.py:914} INFO - Processing file /home/krishnaformeera/Sumitomo/datapipeline/venv/lib/python3.11/site-packages/airflow/example_dags/example_params_ui_tutorial.py for tasks to queue
[2025-08-31T18:37:31.788+0000] {logging_mixin.py:190} INFO - [2025-08-31T18:37:31.788+0000] {dagbag.py:588} INFO - Filling up the DagBag from /home/krishnaformeera/Sumitomo/datapipeline/venv/lib/python3.11/site-packages/airflow/example_dags/example_params_ui_tutorial.py
[2025-08-31T18:37:31.797+0000] {processor.py:925} INFO - DAG(s) 'example_params_ui_tutorial' retrieved from /home/krishnaformeera/Sumitomo/datapipeline/venv/lib/python3.11/site-packages/airflow/example_dags/example_params_ui_tutorial.py
[2025-08-31T18:37:31.832+0000] {logging_mixin.py:190} INFO - [2025-08-31T18:37:31.832+0000] {dag.py:3239} INFO - Sync 1 DAGs
[2025-08-31T18:37:31.844+0000] {logging_mixin.py:190} INFO - [2025-08-31T18:37:31.844+0000] {dag.py:4180} INFO - Setting next_dagrun for example_params_ui_tutorial to None, run_after=None
[2025-08-31T18:37:31.865+0000] {processor.py:208} INFO - Processing /home/krishnaformeera/Sumitomo/datapipeline/venv/lib/python3.11/site-packages/airflow/example_dags/example_params_ui_tutorial.py took 0.086 seconds
[2025-08-31T18:40:21.063+0000] {processor.py:186} INFO - Started process (PID=6139) to work on /home/krishnaformeera/Sumitomo/datapipeline/venv/lib/python3.11/site-packages/airflow/example_dags/example_params_ui_tutorial.py
[2025-08-31T18:40:21.065+0000] {processor.py:914} INFO - Processing file /home/krishnaformeera/Sumitomo/datapipeline/venv/lib/python3.11/site-packages/airflow/example_dags/example_params_ui_tutorial.py for tasks to queue
[2025-08-31T18:40:21.069+0000] {logging_mixin.py:190} INFO - [2025-08-31T18:40:21.068+0000] {dagbag.py:588} INFO - Filling up the DagBag from /home/krishnaformeera/Sumitomo/datapipeline/venv/lib/python3.11/site-packages/airflow/example_dags/example_params_ui_tutorial.py
[2025-08-31T18:40:21.079+0000] {processor.py:925} INFO - DAG(s) 'example_params_ui_tutorial' retrieved from /home/krishnaformeera/Sumitomo/datapipeline/venv/lib/python3.11/site-packages/airflow/example_dags/example_params_ui_tutorial.py
[2025-08-31T18:40:21.121+0000] {logging_mixin.py:190} INFO - [2025-08-31T18:40:21.121+0000] {dag.py:3239} INFO - Sync 1 DAGs
[2025-08-31T18:40:21.134+0000] {logging_mixin.py:190} INFO - [2025-08-31T18:40:21.133+0000] {dag.py:4180} INFO - Setting next_dagrun for example_params_ui_tutorial to None, run_after=None
[2025-08-31T18:40:21.157+0000] {processor.py:208} INFO - Processing /home/krishnaformeera/Sumitomo/datapipeline/venv/lib/python3.11/site-packages/airflow/example_dags/example_params_ui_tutorial.py took 0.100 seconds
[2025-08-31T18:41:15.976+0000] {processor.py:186} INFO - Started process (PID=6353) to work on /home/krishnaformeera/Sumitomo/datapipeline/venv/lib/python3.11/site-packages/airflow/example_dags/example_params_ui_tutorial.py
[2025-08-31T18:41:15.977+0000] {processor.py:914} INFO - Processing file /home/krishnaformeera/Sumitomo/datapipeline/venv/lib/python3.11/site-packages/airflow/example_dags/example_params_ui_tutorial.py for tasks to queue
[2025-08-31T18:41:15.979+0000] {logging_mixin.py:190} INFO - [2025-08-31T18:41:15.979+0000] {dagbag.py:588} INFO - Filling up the DagBag from /home/krishnaformeera/Sumitomo/datapipeline/venv/lib/python3.11/site-packages/airflow/example_dags/example_params_ui_tutorial.py
[2025-08-31T18:41:15.988+0000] {processor.py:925} INFO - DAG(s) 'example_params_ui_tutorial' retrieved from /home/krishnaformeera/Sumitomo/datapipeline/venv/lib/python3.11/site-packages/airflow/example_dags/example_params_ui_tutorial.py
[2025-08-31T18:41:16.023+0000] {logging_mixin.py:190} INFO - [2025-08-31T18:41:16.023+0000] {dag.py:3239} INFO - Sync 1 DAGs
[2025-08-31T18:41:16.035+0000] {logging_mixin.py:190} INFO - [2025-08-31T18:41:16.035+0000] {dag.py:4180} INFO - Setting next_dagrun for example_params_ui_tutorial to None, run_after=None
[2025-08-31T18:41:16.057+0000] {processor.py:208} INFO - Processing /home/krishnaformeera/Sumitomo/datapipeline/venv/lib/python3.11/site-packages/airflow/example_dags/example_params_ui_tutorial.py took 0.086 seconds
[2025-08-31T18:42:11.822+0000] {processor.py:186} INFO - Started process (PID=6546) to work on /home/krishnaformeera/Sumitomo/datapipeline/venv/lib/python3.11/site-packages/airflow/example_dags/example_params_ui_tutorial.py
[2025-08-31T18:42:11.824+0000] {processor.py:914} INFO - Processing file /home/krishnaformeera/Sumitomo/datapipeline/venv/lib/python3.11/site-packages/airflow/example_dags/example_params_ui_tutorial.py for tasks to queue
[2025-08-31T18:42:11.827+0000] {logging_mixin.py:190} INFO - [2025-08-31T18:42:11.827+0000] {dagbag.py:588} INFO - Filling up the DagBag from /home/krishnaformeera/Sumitomo/datapipeline/venv/lib/python3.11/site-packages/airflow/example_dags/example_params_ui_tutorial.py
[2025-08-31T18:42:11.841+0000] {processor.py:925} INFO - DAG(s) 'example_params_ui_tutorial' retrieved from /home/krishnaformeera/Sumitomo/datapipeline/venv/lib/python3.11/site-packages/airflow/example_dags/example_params_ui_tutorial.py
[2025-08-31T18:42:11.888+0000] {logging_mixin.py:190} INFO - [2025-08-31T18:42:11.888+0000] {dag.py:3239} INFO - Sync 1 DAGs
[2025-08-31T18:42:11.904+0000] {logging_mixin.py:190} INFO - [2025-08-31T18:42:11.904+0000] {dag.py:4180} INFO - Setting next_dagrun for example_params_ui_tutorial to None, run_after=None
[2025-08-31T18:42:12.034+0000] {processor.py:208} INFO - Processing /home/krishnaformeera/Sumitomo/datapipeline/venv/lib/python3.11/site-packages/airflow/example_dags/example_params_ui_tutorial.py took 0.223 seconds
[2025-08-31T18:43:14.152+0000] {processor.py:186} INFO - Started process (PID=6802) to work on /home/krishnaformeera/Sumitomo/datapipeline/venv/lib/python3.11/site-packages/airflow/example_dags/example_params_ui_tutorial.py
[2025-08-31T18:43:14.153+0000] {processor.py:914} INFO - Processing file /home/krishnaformeera/Sumitomo/datapipeline/venv/lib/python3.11/site-packages/airflow/example_dags/example_params_ui_tutorial.py for tasks to queue
[2025-08-31T18:43:14.155+0000] {logging_mixin.py:190} INFO - [2025-08-31T18:43:14.155+0000] {dagbag.py:588} INFO - Filling up the DagBag from /home/krishnaformeera/Sumitomo/datapipeline/venv/lib/python3.11/site-packages/airflow/example_dags/example_params_ui_tutorial.py
[2025-08-31T18:43:14.165+0000] {processor.py:925} INFO - DAG(s) 'example_params_ui_tutorial' retrieved from /home/krishnaformeera/Sumitomo/datapipeline/venv/lib/python3.11/site-packages/airflow/example_dags/example_params_ui_tutorial.py
[2025-08-31T18:43:14.201+0000] {logging_mixin.py:190} INFO - [2025-08-31T18:43:14.200+0000] {dag.py:3239} INFO - Sync 1 DAGs
[2025-08-31T18:43:14.212+0000] {logging_mixin.py:190} INFO - [2025-08-31T18:43:14.212+0000] {dag.py:4180} INFO - Setting next_dagrun for example_params_ui_tutorial to None, run_after=None
[2025-08-31T18:43:14.233+0000] {processor.py:208} INFO - Processing /home/krishnaformeera/Sumitomo/datapipeline/venv/lib/python3.11/site-packages/airflow/example_dags/example_params_ui_tutorial.py took 0.088 seconds
[2025-08-31T18:44:08.824+0000] {processor.py:186} INFO - Started process (PID=7027) to work on /home/krishnaformeera/Sumitomo/datapipeline/venv/lib/python3.11/site-packages/airflow/example_dags/example_params_ui_tutorial.py
[2025-08-31T18:44:08.825+0000] {processor.py:914} INFO - Processing file /home/krishnaformeera/Sumitomo/datapipeline/venv/lib/python3.11/site-packages/airflow/example_dags/example_params_ui_tutorial.py for tasks to queue
[2025-08-31T18:44:08.827+0000] {logging_mixin.py:190} INFO - [2025-08-31T18:44:08.827+0000] {dagbag.py:588} INFO - Filling up the DagBag from /home/krishnaformeera/Sumitomo/datapipeline/venv/lib/python3.11/site-packages/airflow/example_dags/example_params_ui_tutorial.py
[2025-08-31T18:44:08.839+0000] {processor.py:925} INFO - DAG(s) 'example_params_ui_tutorial' retrieved from /home/krishnaformeera/Sumitomo/datapipeline/venv/lib/python3.11/site-packages/airflow/example_dags/example_params_ui_tutorial.py
[2025-08-31T18:44:08.878+0000] {logging_mixin.py:190} INFO - [2025-08-31T18:44:08.877+0000] {dag.py:3239} INFO - Sync 1 DAGs
[2025-08-31T18:44:08.889+0000] {logging_mixin.py:190} INFO - [2025-08-31T18:44:08.889+0000] {dag.py:4180} INFO - Setting next_dagrun for example_params_ui_tutorial to None, run_after=None
[2025-08-31T18:44:08.910+0000] {processor.py:208} INFO - Processing /home/krishnaformeera/Sumitomo/datapipeline/venv/lib/python3.11/site-packages/airflow/example_dags/example_params_ui_tutorial.py took 0.093 seconds
[2025-08-31T18:44:57.904+0000] {processor.py:186} INFO - Started process (PID=7246) to work on /home/krishnaformeera/Sumitomo/datapipeline/venv/lib/python3.11/site-packages/airflow/example_dags/example_params_ui_tutorial.py
[2025-08-31T18:44:57.906+0000] {processor.py:914} INFO - Processing file /home/krishnaformeera/Sumitomo/datapipeline/venv/lib/python3.11/site-packages/airflow/example_dags/example_params_ui_tutorial.py for tasks to queue
[2025-08-31T18:44:57.909+0000] {logging_mixin.py:190} INFO - [2025-08-31T18:44:57.908+0000] {dagbag.py:588} INFO - Filling up the DagBag from /home/krishnaformeera/Sumitomo/datapipeline/venv/lib/python3.11/site-packages/airflow/example_dags/example_params_ui_tutorial.py
[2025-08-31T18:44:57.920+0000] {processor.py:925} INFO - DAG(s) 'example_params_ui_tutorial' retrieved from /home/krishnaformeera/Sumitomo/datapipeline/venv/lib/python3.11/site-packages/airflow/example_dags/example_params_ui_tutorial.py
[2025-08-31T18:44:57.961+0000] {logging_mixin.py:190} INFO - [2025-08-31T18:44:57.961+0000] {dag.py:3239} INFO - Sync 1 DAGs
[2025-08-31T18:44:57.975+0000] {logging_mixin.py:190} INFO - [2025-08-31T18:44:57.975+0000] {dag.py:4180} INFO - Setting next_dagrun for example_params_ui_tutorial to None, run_after=None
[2025-08-31T18:44:58.000+0000] {processor.py:208} INFO - Processing /home/krishnaformeera/Sumitomo/datapipeline/venv/lib/python3.11/site-packages/airflow/example_dags/example_params_ui_tutorial.py took 0.103 seconds
[2025-08-31T18:45:50.569+0000] {processor.py:186} INFO - Started process (PID=7528) to work on /home/krishnaformeera/Sumitomo/datapipeline/venv/lib/python3.11/site-packages/airflow/example_dags/example_params_ui_tutorial.py
[2025-08-31T18:45:50.571+0000] {processor.py:914} INFO - Processing file /home/krishnaformeera/Sumitomo/datapipeline/venv/lib/python3.11/site-packages/airflow/example_dags/example_params_ui_tutorial.py for tasks to queue
[2025-08-31T18:45:50.576+0000] {logging_mixin.py:190} INFO - [2025-08-31T18:45:50.575+0000] {dagbag.py:588} INFO - Filling up the DagBag from /home/krishnaformeera/Sumitomo/datapipeline/venv/lib/python3.11/site-packages/airflow/example_dags/example_params_ui_tutorial.py
[2025-08-31T18:45:50.603+0000] {processor.py:925} INFO - DAG(s) 'example_params_ui_tutorial' retrieved from /home/krishnaformeera/Sumitomo/datapipeline/venv/lib/python3.11/site-packages/airflow/example_dags/example_params_ui_tutorial.py
[2025-08-31T18:45:50.690+0000] {logging_mixin.py:190} INFO - [2025-08-31T18:45:50.690+0000] {dag.py:3239} INFO - Sync 1 DAGs
[2025-08-31T18:45:50.716+0000] {logging_mixin.py:190} INFO - [2025-08-31T18:45:50.715+0000] {dag.py:4180} INFO - Setting next_dagrun for example_params_ui_tutorial to None, run_after=None
[2025-08-31T18:45:50.751+0000] {processor.py:208} INFO - Processing /home/krishnaformeera/Sumitomo/datapipeline/venv/lib/python3.11/site-packages/airflow/example_dags/example_params_ui_tutorial.py took 0.190 seconds
[2025-08-31T18:46:42.175+0000] {processor.py:186} INFO - Started process (PID=7748) to work on /home/krishnaformeera/Sumitomo/datapipeline/venv/lib/python3.11/site-packages/airflow/example_dags/example_params_ui_tutorial.py
[2025-08-31T18:46:42.176+0000] {processor.py:914} INFO - Processing file /home/krishnaformeera/Sumitomo/datapipeline/venv/lib/python3.11/site-packages/airflow/example_dags/example_params_ui_tutorial.py for tasks to queue
[2025-08-31T18:46:42.178+0000] {logging_mixin.py:190} INFO - [2025-08-31T18:46:42.178+0000] {dagbag.py:588} INFO - Filling up the DagBag from /home/krishnaformeera/Sumitomo/datapipeline/venv/lib/python3.11/site-packages/airflow/example_dags/example_params_ui_tutorial.py
[2025-08-31T18:46:42.188+0000] {processor.py:925} INFO - DAG(s) 'example_params_ui_tutorial' retrieved from /home/krishnaformeera/Sumitomo/datapipeline/venv/lib/python3.11/site-packages/airflow/example_dags/example_params_ui_tutorial.py
[2025-08-31T18:46:42.230+0000] {logging_mixin.py:190} INFO - [2025-08-31T18:46:42.229+0000] {dag.py:3239} INFO - Sync 1 DAGs
[2025-08-31T18:46:42.241+0000] {logging_mixin.py:190} INFO - [2025-08-31T18:46:42.241+0000] {dag.py:4180} INFO - Setting next_dagrun for example_params_ui_tutorial to None, run_after=None
[2025-08-31T18:46:42.261+0000] {processor.py:208} INFO - Processing /home/krishnaformeera/Sumitomo/datapipeline/venv/lib/python3.11/site-packages/airflow/example_dags/example_params_ui_tutorial.py took 0.093 seconds
[2025-08-31T18:47:35.431+0000] {processor.py:186} INFO - Started process (PID=7804) to work on /home/krishnaformeera/Sumitomo/datapipeline/venv/lib/python3.11/site-packages/airflow/example_dags/example_params_ui_tutorial.py
[2025-08-31T18:47:35.433+0000] {processor.py:914} INFO - Processing file /home/krishnaformeera/Sumitomo/datapipeline/venv/lib/python3.11/site-packages/airflow/example_dags/example_params_ui_tutorial.py for tasks to queue
[2025-08-31T18:47:35.440+0000] {logging_mixin.py:190} INFO - [2025-08-31T18:47:35.439+0000] {dagbag.py:588} INFO - Filling up the DagBag from /home/krishnaformeera/Sumitomo/datapipeline/venv/lib/python3.11/site-packages/airflow/example_dags/example_params_ui_tutorial.py
[2025-08-31T18:47:35.459+0000] {processor.py:925} INFO - DAG(s) 'example_params_ui_tutorial' retrieved from /home/krishnaformeera/Sumitomo/datapipeline/venv/lib/python3.11/site-packages/airflow/example_dags/example_params_ui_tutorial.py
[2025-08-31T18:47:35.511+0000] {logging_mixin.py:190} INFO - [2025-08-31T18:47:35.511+0000] {dag.py:3239} INFO - Sync 1 DAGs
[2025-08-31T18:47:35.527+0000] {logging_mixin.py:190} INFO - [2025-08-31T18:47:35.526+0000] {dag.py:4180} INFO - Setting next_dagrun for example_params_ui_tutorial to None, run_after=None
[2025-08-31T18:47:35.550+0000] {processor.py:208} INFO - Processing /home/krishnaformeera/Sumitomo/datapipeline/venv/lib/python3.11/site-packages/airflow/example_dags/example_params_ui_tutorial.py took 0.133 seconds
[2025-08-31T18:48:24.586+0000] {processor.py:186} INFO - Started process (PID=7857) to work on /home/krishnaformeera/Sumitomo/datapipeline/venv/lib/python3.11/site-packages/airflow/example_dags/example_params_ui_tutorial.py
[2025-08-31T18:48:24.587+0000] {processor.py:914} INFO - Processing file /home/krishnaformeera/Sumitomo/datapipeline/venv/lib/python3.11/site-packages/airflow/example_dags/example_params_ui_tutorial.py for tasks to queue
[2025-08-31T18:48:24.591+0000] {logging_mixin.py:190} INFO - [2025-08-31T18:48:24.590+0000] {dagbag.py:588} INFO - Filling up the DagBag from /home/krishnaformeera/Sumitomo/datapipeline/venv/lib/python3.11/site-packages/airflow/example_dags/example_params_ui_tutorial.py
[2025-08-31T18:48:24.606+0000] {processor.py:925} INFO - DAG(s) 'example_params_ui_tutorial' retrieved from /home/krishnaformeera/Sumitomo/datapipeline/venv/lib/python3.11/site-packages/airflow/example_dags/example_params_ui_tutorial.py
[2025-08-31T18:48:24.650+0000] {logging_mixin.py:190} INFO - [2025-08-31T18:48:24.650+0000] {dag.py:3239} INFO - Sync 1 DAGs
[2025-08-31T18:48:24.665+0000] {logging_mixin.py:190} INFO - [2025-08-31T18:48:24.664+0000] {dag.py:4180} INFO - Setting next_dagrun for example_params_ui_tutorial to None, run_after=None
[2025-08-31T18:48:24.687+0000] {processor.py:208} INFO - Processing /home/krishnaformeera/Sumitomo/datapipeline/venv/lib/python3.11/site-packages/airflow/example_dags/example_params_ui_tutorial.py took 0.114 seconds
[2025-08-31T18:49:15.001+0000] {processor.py:186} INFO - Started process (PID=7913) to work on /home/krishnaformeera/Sumitomo/datapipeline/venv/lib/python3.11/site-packages/airflow/example_dags/example_params_ui_tutorial.py
[2025-08-31T18:49:15.002+0000] {processor.py:914} INFO - Processing file /home/krishnaformeera/Sumitomo/datapipeline/venv/lib/python3.11/site-packages/airflow/example_dags/example_params_ui_tutorial.py for tasks to queue
[2025-08-31T18:49:15.004+0000] {logging_mixin.py:190} INFO - [2025-08-31T18:49:15.004+0000] {dagbag.py:588} INFO - Filling up the DagBag from /home/krishnaformeera/Sumitomo/datapipeline/venv/lib/python3.11/site-packages/airflow/example_dags/example_params_ui_tutorial.py
[2025-08-31T18:49:15.014+0000] {processor.py:925} INFO - DAG(s) 'example_params_ui_tutorial' retrieved from /home/krishnaformeera/Sumitomo/datapipeline/venv/lib/python3.11/site-packages/airflow/example_dags/example_params_ui_tutorial.py
[2025-08-31T18:49:15.055+0000] {logging_mixin.py:190} INFO - [2025-08-31T18:49:15.055+0000] {dag.py:3239} INFO - Sync 1 DAGs
[2025-08-31T18:49:15.067+0000] {logging_mixin.py:190} INFO - [2025-08-31T18:49:15.067+0000] {dag.py:4180} INFO - Setting next_dagrun for example_params_ui_tutorial to None, run_after=None
[2025-08-31T18:49:15.091+0000] {processor.py:208} INFO - Processing /home/krishnaformeera/Sumitomo/datapipeline/venv/lib/python3.11/site-packages/airflow/example_dags/example_params_ui_tutorial.py took 0.097 seconds
[2025-08-31T18:50:08.453+0000] {processor.py:186} INFO - Started process (PID=8018) to work on /home/krishnaformeera/Sumitomo/datapipeline/venv/lib/python3.11/site-packages/airflow/example_dags/example_params_ui_tutorial.py
[2025-08-31T18:50:08.454+0000] {processor.py:914} INFO - Processing file /home/krishnaformeera/Sumitomo/datapipeline/venv/lib/python3.11/site-packages/airflow/example_dags/example_params_ui_tutorial.py for tasks to queue
[2025-08-31T18:50:08.457+0000] {logging_mixin.py:190} INFO - [2025-08-31T18:50:08.457+0000] {dagbag.py:588} INFO - Filling up the DagBag from /home/krishnaformeera/Sumitomo/datapipeline/venv/lib/python3.11/site-packages/airflow/example_dags/example_params_ui_tutorial.py
[2025-08-31T18:50:08.468+0000] {processor.py:925} INFO - DAG(s) 'example_params_ui_tutorial' retrieved from /home/krishnaformeera/Sumitomo/datapipeline/venv/lib/python3.11/site-packages/airflow/example_dags/example_params_ui_tutorial.py
[2025-08-31T18:50:08.508+0000] {logging_mixin.py:190} INFO - [2025-08-31T18:50:08.508+0000] {dag.py:3239} INFO - Sync 1 DAGs
[2025-08-31T18:50:08.520+0000] {logging_mixin.py:190} INFO - [2025-08-31T18:50:08.519+0000] {dag.py:4180} INFO - Setting next_dagrun for example_params_ui_tutorial to None, run_after=None
[2025-08-31T18:50:08.541+0000] {processor.py:208} INFO - Processing /home/krishnaformeera/Sumitomo/datapipeline/venv/lib/python3.11/site-packages/airflow/example_dags/example_params_ui_tutorial.py took 0.095 seconds
[2025-08-31T18:51:00.157+0000] {processor.py:186} INFO - Started process (PID=8097) to work on /home/krishnaformeera/Sumitomo/datapipeline/venv/lib/python3.11/site-packages/airflow/example_dags/example_params_ui_tutorial.py
[2025-08-31T18:51:00.159+0000] {processor.py:914} INFO - Processing file /home/krishnaformeera/Sumitomo/datapipeline/venv/lib/python3.11/site-packages/airflow/example_dags/example_params_ui_tutorial.py for tasks to queue
[2025-08-31T18:51:00.162+0000] {logging_mixin.py:190} INFO - [2025-08-31T18:51:00.162+0000] {dagbag.py:588} INFO - Filling up the DagBag from /home/krishnaformeera/Sumitomo/datapipeline/venv/lib/python3.11/site-packages/airflow/example_dags/example_params_ui_tutorial.py
[2025-08-31T18:51:00.175+0000] {processor.py:925} INFO - DAG(s) 'example_params_ui_tutorial' retrieved from /home/krishnaformeera/Sumitomo/datapipeline/venv/lib/python3.11/site-packages/airflow/example_dags/example_params_ui_tutorial.py
[2025-08-31T18:51:00.221+0000] {logging_mixin.py:190} INFO - [2025-08-31T18:51:00.221+0000] {dag.py:3239} INFO - Sync 1 DAGs
[2025-08-31T18:51:00.242+0000] {logging_mixin.py:190} INFO - [2025-08-31T18:51:00.242+0000] {dag.py:4180} INFO - Setting next_dagrun for example_params_ui_tutorial to None, run_after=None
[2025-08-31T18:51:00.268+0000] {processor.py:208} INFO - Processing /home/krishnaformeera/Sumitomo/datapipeline/venv/lib/python3.11/site-packages/airflow/example_dags/example_params_ui_tutorial.py took 0.122 seconds
[2025-08-31T18:51:50.252+0000] {processor.py:186} INFO - Started process (PID=8179) to work on /home/krishnaformeera/Sumitomo/datapipeline/venv/lib/python3.11/site-packages/airflow/example_dags/example_params_ui_tutorial.py
[2025-08-31T18:51:50.253+0000] {processor.py:914} INFO - Processing file /home/krishnaformeera/Sumitomo/datapipeline/venv/lib/python3.11/site-packages/airflow/example_dags/example_params_ui_tutorial.py for tasks to queue
[2025-08-31T18:51:50.257+0000] {logging_mixin.py:190} INFO - [2025-08-31T18:51:50.256+0000] {dagbag.py:588} INFO - Filling up the DagBag from /home/krishnaformeera/Sumitomo/datapipeline/venv/lib/python3.11/site-packages/airflow/example_dags/example_params_ui_tutorial.py
[2025-08-31T18:51:50.266+0000] {processor.py:925} INFO - DAG(s) 'example_params_ui_tutorial' retrieved from /home/krishnaformeera/Sumitomo/datapipeline/venv/lib/python3.11/site-packages/airflow/example_dags/example_params_ui_tutorial.py
[2025-08-31T18:51:50.302+0000] {logging_mixin.py:190} INFO - [2025-08-31T18:51:50.302+0000] {dag.py:3239} INFO - Sync 1 DAGs
[2025-08-31T18:51:50.315+0000] {logging_mixin.py:190} INFO - [2025-08-31T18:51:50.314+0000] {dag.py:4180} INFO - Setting next_dagrun for example_params_ui_tutorial to None, run_after=None
[2025-08-31T18:51:50.342+0000] {processor.py:208} INFO - Processing /home/krishnaformeera/Sumitomo/datapipeline/venv/lib/python3.11/site-packages/airflow/example_dags/example_params_ui_tutorial.py took 0.099 seconds
[2025-08-31T18:52:40.706+0000] {processor.py:186} INFO - Started process (PID=8248) to work on /home/krishnaformeera/Sumitomo/datapipeline/venv/lib/python3.11/site-packages/airflow/example_dags/example_params_ui_tutorial.py
[2025-08-31T18:52:40.707+0000] {processor.py:914} INFO - Processing file /home/krishnaformeera/Sumitomo/datapipeline/venv/lib/python3.11/site-packages/airflow/example_dags/example_params_ui_tutorial.py for tasks to queue
[2025-08-31T18:52:40.710+0000] {logging_mixin.py:190} INFO - [2025-08-31T18:52:40.710+0000] {dagbag.py:588} INFO - Filling up the DagBag from /home/krishnaformeera/Sumitomo/datapipeline/venv/lib/python3.11/site-packages/airflow/example_dags/example_params_ui_tutorial.py
[2025-08-31T18:52:40.720+0000] {processor.py:925} INFO - DAG(s) 'example_params_ui_tutorial' retrieved from /home/krishnaformeera/Sumitomo/datapipeline/venv/lib/python3.11/site-packages/airflow/example_dags/example_params_ui_tutorial.py
[2025-08-31T18:52:40.756+0000] {logging_mixin.py:190} INFO - [2025-08-31T18:52:40.756+0000] {dag.py:3239} INFO - Sync 1 DAGs
[2025-08-31T18:52:40.770+0000] {logging_mixin.py:190} INFO - [2025-08-31T18:52:40.770+0000] {dag.py:4180} INFO - Setting next_dagrun for example_params_ui_tutorial to None, run_after=None
[2025-08-31T18:52:40.795+0000] {processor.py:208} INFO - Processing /home/krishnaformeera/Sumitomo/datapipeline/venv/lib/python3.11/site-packages/airflow/example_dags/example_params_ui_tutorial.py took 0.095 seconds
[2025-08-31T18:53:30.172+0000] {processor.py:186} INFO - Started process (PID=8303) to work on /home/krishnaformeera/Sumitomo/datapipeline/venv/lib/python3.11/site-packages/airflow/example_dags/example_params_ui_tutorial.py
[2025-08-31T18:53:30.173+0000] {processor.py:914} INFO - Processing file /home/krishnaformeera/Sumitomo/datapipeline/venv/lib/python3.11/site-packages/airflow/example_dags/example_params_ui_tutorial.py for tasks to queue
[2025-08-31T18:53:30.175+0000] {logging_mixin.py:190} INFO - [2025-08-31T18:53:30.175+0000] {dagbag.py:588} INFO - Filling up the DagBag from /home/krishnaformeera/Sumitomo/datapipeline/venv/lib/python3.11/site-packages/airflow/example_dags/example_params_ui_tutorial.py
[2025-08-31T18:53:30.184+0000] {processor.py:925} INFO - DAG(s) 'example_params_ui_tutorial' retrieved from /home/krishnaformeera/Sumitomo/datapipeline/venv/lib/python3.11/site-packages/airflow/example_dags/example_params_ui_tutorial.py
[2025-08-31T18:53:30.222+0000] {logging_mixin.py:190} INFO - [2025-08-31T18:53:30.221+0000] {dag.py:3239} INFO - Sync 1 DAGs
[2025-08-31T18:53:30.235+0000] {logging_mixin.py:190} INFO - [2025-08-31T18:53:30.234+0000] {dag.py:4180} INFO - Setting next_dagrun for example_params_ui_tutorial to None, run_after=None
[2025-08-31T18:53:30.259+0000] {processor.py:208} INFO - Processing /home/krishnaformeera/Sumitomo/datapipeline/venv/lib/python3.11/site-packages/airflow/example_dags/example_params_ui_tutorial.py took 0.093 seconds
[2025-08-31T18:54:19.223+0000] {processor.py:186} INFO - Started process (PID=8496) to work on /home/krishnaformeera/Sumitomo/datapipeline/venv/lib/python3.11/site-packages/airflow/example_dags/example_params_ui_tutorial.py
[2025-08-31T18:54:19.225+0000] {processor.py:914} INFO - Processing file /home/krishnaformeera/Sumitomo/datapipeline/venv/lib/python3.11/site-packages/airflow/example_dags/example_params_ui_tutorial.py for tasks to queue
[2025-08-31T18:54:19.227+0000] {logging_mixin.py:190} INFO - [2025-08-31T18:54:19.227+0000] {dagbag.py:588} INFO - Filling up the DagBag from /home/krishnaformeera/Sumitomo/datapipeline/venv/lib/python3.11/site-packages/airflow/example_dags/example_params_ui_tutorial.py
[2025-08-31T18:54:19.236+0000] {processor.py:925} INFO - DAG(s) 'example_params_ui_tutorial' retrieved from /home/krishnaformeera/Sumitomo/datapipeline/venv/lib/python3.11/site-packages/airflow/example_dags/example_params_ui_tutorial.py
[2025-08-31T18:54:19.271+0000] {logging_mixin.py:190} INFO - [2025-08-31T18:54:19.271+0000] {dag.py:3239} INFO - Sync 1 DAGs
[2025-08-31T18:54:19.283+0000] {logging_mixin.py:190} INFO - [2025-08-31T18:54:19.282+0000] {dag.py:4180} INFO - Setting next_dagrun for example_params_ui_tutorial to None, run_after=None
[2025-08-31T18:54:19.304+0000] {processor.py:208} INFO - Processing /home/krishnaformeera/Sumitomo/datapipeline/venv/lib/python3.11/site-packages/airflow/example_dags/example_params_ui_tutorial.py took 0.089 seconds
[2025-08-31T18:55:11.075+0000] {processor.py:186} INFO - Started process (PID=8575) to work on /home/krishnaformeera/Sumitomo/datapipeline/venv/lib/python3.11/site-packages/airflow/example_dags/example_params_ui_tutorial.py
[2025-08-31T18:55:11.076+0000] {processor.py:914} INFO - Processing file /home/krishnaformeera/Sumitomo/datapipeline/venv/lib/python3.11/site-packages/airflow/example_dags/example_params_ui_tutorial.py for tasks to queue
[2025-08-31T18:55:11.079+0000] {logging_mixin.py:190} INFO - [2025-08-31T18:55:11.078+0000] {dagbag.py:588} INFO - Filling up the DagBag from /home/krishnaformeera/Sumitomo/datapipeline/venv/lib/python3.11/site-packages/airflow/example_dags/example_params_ui_tutorial.py
[2025-08-31T18:55:11.088+0000] {processor.py:925} INFO - DAG(s) 'example_params_ui_tutorial' retrieved from /home/krishnaformeera/Sumitomo/datapipeline/venv/lib/python3.11/site-packages/airflow/example_dags/example_params_ui_tutorial.py
[2025-08-31T18:55:11.124+0000] {logging_mixin.py:190} INFO - [2025-08-31T18:55:11.124+0000] {dag.py:3239} INFO - Sync 1 DAGs
[2025-08-31T18:55:11.136+0000] {logging_mixin.py:190} INFO - [2025-08-31T18:55:11.135+0000] {dag.py:4180} INFO - Setting next_dagrun for example_params_ui_tutorial to None, run_after=None
[2025-08-31T18:55:11.159+0000] {processor.py:208} INFO - Processing /home/krishnaformeera/Sumitomo/datapipeline/venv/lib/python3.11/site-packages/airflow/example_dags/example_params_ui_tutorial.py took 0.090 seconds
[2025-08-31T18:56:02.852+0000] {processor.py:186} INFO - Started process (PID=8627) to work on /home/krishnaformeera/Sumitomo/datapipeline/venv/lib/python3.11/site-packages/airflow/example_dags/example_params_ui_tutorial.py
[2025-08-31T18:56:02.855+0000] {processor.py:914} INFO - Processing file /home/krishnaformeera/Sumitomo/datapipeline/venv/lib/python3.11/site-packages/airflow/example_dags/example_params_ui_tutorial.py for tasks to queue
[2025-08-31T18:56:02.859+0000] {logging_mixin.py:190} INFO - [2025-08-31T18:56:02.858+0000] {dagbag.py:588} INFO - Filling up the DagBag from /home/krishnaformeera/Sumitomo/datapipeline/venv/lib/python3.11/site-packages/airflow/example_dags/example_params_ui_tutorial.py
[2025-08-31T18:56:02.876+0000] {processor.py:925} INFO - DAG(s) 'example_params_ui_tutorial' retrieved from /home/krishnaformeera/Sumitomo/datapipeline/venv/lib/python3.11/site-packages/airflow/example_dags/example_params_ui_tutorial.py
[2025-08-31T18:56:02.926+0000] {logging_mixin.py:190} INFO - [2025-08-31T18:56:02.925+0000] {dag.py:3239} INFO - Sync 1 DAGs
[2025-08-31T18:56:02.942+0000] {logging_mixin.py:190} INFO - [2025-08-31T18:56:02.941+0000] {dag.py:4180} INFO - Setting next_dagrun for example_params_ui_tutorial to None, run_after=None
[2025-08-31T18:56:02.972+0000] {processor.py:208} INFO - Processing /home/krishnaformeera/Sumitomo/datapipeline/venv/lib/python3.11/site-packages/airflow/example_dags/example_params_ui_tutorial.py took 0.141 seconds
[2025-08-31T18:56:57.230+0000] {processor.py:186} INFO - Started process (PID=8695) to work on /home/krishnaformeera/Sumitomo/datapipeline/venv/lib/python3.11/site-packages/airflow/example_dags/example_params_ui_tutorial.py
[2025-08-31T18:56:57.231+0000] {processor.py:914} INFO - Processing file /home/krishnaformeera/Sumitomo/datapipeline/venv/lib/python3.11/site-packages/airflow/example_dags/example_params_ui_tutorial.py for tasks to queue
[2025-08-31T18:56:57.233+0000] {logging_mixin.py:190} INFO - [2025-08-31T18:56:57.233+0000] {dagbag.py:588} INFO - Filling up the DagBag from /home/krishnaformeera/Sumitomo/datapipeline/venv/lib/python3.11/site-packages/airflow/example_dags/example_params_ui_tutorial.py
[2025-08-31T18:56:57.243+0000] {processor.py:925} INFO - DAG(s) 'example_params_ui_tutorial' retrieved from /home/krishnaformeera/Sumitomo/datapipeline/venv/lib/python3.11/site-packages/airflow/example_dags/example_params_ui_tutorial.py
[2025-08-31T18:56:57.278+0000] {logging_mixin.py:190} INFO - [2025-08-31T18:56:57.278+0000] {dag.py:3239} INFO - Sync 1 DAGs
[2025-08-31T18:56:57.291+0000] {logging_mixin.py:190} INFO - [2025-08-31T18:56:57.291+0000] {dag.py:4180} INFO - Setting next_dagrun for example_params_ui_tutorial to None, run_after=None
[2025-08-31T18:56:57.317+0000] {processor.py:208} INFO - Processing /home/krishnaformeera/Sumitomo/datapipeline/venv/lib/python3.11/site-packages/airflow/example_dags/example_params_ui_tutorial.py took 0.094 seconds
[2025-08-31T18:57:49.444+0000] {processor.py:186} INFO - Started process (PID=8749) to work on /home/krishnaformeera/Sumitomo/datapipeline/venv/lib/python3.11/site-packages/airflow/example_dags/example_params_ui_tutorial.py
[2025-08-31T18:57:49.445+0000] {processor.py:914} INFO - Processing file /home/krishnaformeera/Sumitomo/datapipeline/venv/lib/python3.11/site-packages/airflow/example_dags/example_params_ui_tutorial.py for tasks to queue
[2025-08-31T18:57:49.448+0000] {logging_mixin.py:190} INFO - [2025-08-31T18:57:49.447+0000] {dagbag.py:588} INFO - Filling up the DagBag from /home/krishnaformeera/Sumitomo/datapipeline/venv/lib/python3.11/site-packages/airflow/example_dags/example_params_ui_tutorial.py
[2025-08-31T18:57:49.458+0000] {processor.py:925} INFO - DAG(s) 'example_params_ui_tutorial' retrieved from /home/krishnaformeera/Sumitomo/datapipeline/venv/lib/python3.11/site-packages/airflow/example_dags/example_params_ui_tutorial.py
[2025-08-31T18:57:49.496+0000] {logging_mixin.py:190} INFO - [2025-08-31T18:57:49.496+0000] {dag.py:3239} INFO - Sync 1 DAGs
[2025-08-31T18:57:49.508+0000] {logging_mixin.py:190} INFO - [2025-08-31T18:57:49.508+0000] {dag.py:4180} INFO - Setting next_dagrun for example_params_ui_tutorial to None, run_after=None
[2025-08-31T18:57:49.533+0000] {processor.py:208} INFO - Processing /home/krishnaformeera/Sumitomo/datapipeline/venv/lib/python3.11/site-packages/airflow/example_dags/example_params_ui_tutorial.py took 0.097 seconds
[2025-08-31T18:58:42.924+0000] {processor.py:186} INFO - Started process (PID=8802) to work on /home/krishnaformeera/Sumitomo/datapipeline/venv/lib/python3.11/site-packages/airflow/example_dags/example_params_ui_tutorial.py
[2025-08-31T18:58:42.925+0000] {processor.py:914} INFO - Processing file /home/krishnaformeera/Sumitomo/datapipeline/venv/lib/python3.11/site-packages/airflow/example_dags/example_params_ui_tutorial.py for tasks to queue
[2025-08-31T18:58:42.928+0000] {logging_mixin.py:190} INFO - [2025-08-31T18:58:42.927+0000] {dagbag.py:588} INFO - Filling up the DagBag from /home/krishnaformeera/Sumitomo/datapipeline/venv/lib/python3.11/site-packages/airflow/example_dags/example_params_ui_tutorial.py
[2025-08-31T18:58:42.938+0000] {processor.py:925} INFO - DAG(s) 'example_params_ui_tutorial' retrieved from /home/krishnaformeera/Sumitomo/datapipeline/venv/lib/python3.11/site-packages/airflow/example_dags/example_params_ui_tutorial.py
[2025-08-31T18:58:42.974+0000] {logging_mixin.py:190} INFO - [2025-08-31T18:58:42.974+0000] {dag.py:3239} INFO - Sync 1 DAGs
[2025-08-31T18:58:42.986+0000] {logging_mixin.py:190} INFO - [2025-08-31T18:58:42.985+0000] {dag.py:4180} INFO - Setting next_dagrun for example_params_ui_tutorial to None, run_after=None
[2025-08-31T18:58:43.013+0000] {processor.py:208} INFO - Processing /home/krishnaformeera/Sumitomo/datapipeline/venv/lib/python3.11/site-packages/airflow/example_dags/example_params_ui_tutorial.py took 0.098 seconds
