[2025-08-31T18:30:59.956+0000] {processor.py:186} INFO - Started process (PID=5227) to work on /home/krishnaformeera/Sumitomo/datapipeline/venv/lib/python3.11/site-packages/airflow/example_dags/example_setup_teardown_taskflow.py
[2025-08-31T18:30:59.957+0000] {processor.py:914} INFO - Processing file /home/krishnaformeera/Sumitomo/datapipeline/venv/lib/python3.11/site-packages/airflow/example_dags/example_setup_teardown_taskflow.py for tasks to queue
[2025-08-31T18:30:59.959+0000] {logging_mixin.py:190} INFO - [2025-08-31T18:30:59.959+0000] {dagbag.py:588} INFO - Filling up the DagBag from /home/krishnaformeera/Sumitomo/datapipeline/venv/lib/python3.11/site-packages/airflow/example_dags/example_setup_teardown_taskflow.py
[2025-08-31T18:30:59.970+0000] {processor.py:925} INFO - DAG(s) 'example_setup_teardown_taskflow' retrieved from /home/krishnaformeera/Sumitomo/datapipeline/venv/lib/python3.11/site-packages/airflow/example_dags/example_setup_teardown_taskflow.py
[2025-08-31T18:31:00.067+0000] {logging_mixin.py:190} INFO - [2025-08-31T18:31:00.067+0000] {override.py:1900} INFO - Created Permission View: can edit on DAG:example_setup_teardown_taskflow
[2025-08-31T18:31:00.081+0000] {logging_mixin.py:190} INFO - [2025-08-31T18:31:00.080+0000] {override.py:1900} INFO - Created Permission View: can read on DAG:example_setup_teardown_taskflow
[2025-08-31T18:31:00.091+0000] {logging_mixin.py:190} INFO - [2025-08-31T18:31:00.091+0000] {override.py:1900} INFO - Created Permission View: can delete on DAG:example_setup_teardown_taskflow
[2025-08-31T18:31:00.107+0000] {logging_mixin.py:190} INFO - [2025-08-31T18:31:00.106+0000] {override.py:1900} INFO - Created Permission View: menu access on DAG Run:example_setup_teardown_taskflow
[2025-08-31T18:31:00.116+0000] {logging_mixin.py:190} INFO - [2025-08-31T18:31:00.115+0000] {override.py:1900} INFO - Created Permission View: can read on DAG Run:example_setup_teardown_taskflow
[2025-08-31T18:31:00.125+0000] {logging_mixin.py:190} INFO - [2025-08-31T18:31:00.125+0000] {override.py:1900} INFO - Created Permission View: can create on DAG Run:example_setup_teardown_taskflow
[2025-08-31T18:31:00.135+0000] {logging_mixin.py:190} INFO - [2025-08-31T18:31:00.135+0000] {override.py:1900} INFO - Created Permission View: can delete on DAG Run:example_setup_teardown_taskflow
[2025-08-31T18:31:00.136+0000] {logging_mixin.py:190} INFO - [2025-08-31T18:31:00.136+0000] {dag.py:3239} INFO - Sync 1 DAGs
[2025-08-31T18:31:00.148+0000] {logging_mixin.py:190} INFO - [2025-08-31T18:31:00.148+0000] {dag.py:3262} INFO - Creating ORM DAG for example_setup_teardown_taskflow
[2025-08-31T18:31:00.149+0000] {logging_mixin.py:190} INFO - [2025-08-31T18:31:00.149+0000] {dag.py:4180} INFO - Setting next_dagrun for example_setup_teardown_taskflow to None, run_after=None
[2025-08-31T18:31:00.169+0000] {processor.py:208} INFO - Processing /home/krishnaformeera/Sumitomo/datapipeline/venv/lib/python3.11/site-packages/airflow/example_dags/example_setup_teardown_taskflow.py took 0.218 seconds
[2025-08-31T18:32:05.302+0000] {processor.py:186} INFO - Started process (PID=5299) to work on /home/krishnaformeera/Sumitomo/datapipeline/venv/lib/python3.11/site-packages/airflow/example_dags/example_setup_teardown_taskflow.py
[2025-08-31T18:32:05.303+0000] {processor.py:914} INFO - Processing file /home/krishnaformeera/Sumitomo/datapipeline/venv/lib/python3.11/site-packages/airflow/example_dags/example_setup_teardown_taskflow.py for tasks to queue
[2025-08-31T18:32:05.305+0000] {logging_mixin.py:190} INFO - [2025-08-31T18:32:05.305+0000] {dagbag.py:588} INFO - Filling up the DagBag from /home/krishnaformeera/Sumitomo/datapipeline/venv/lib/python3.11/site-packages/airflow/example_dags/example_setup_teardown_taskflow.py
[2025-08-31T18:32:05.316+0000] {processor.py:925} INFO - DAG(s) 'example_setup_teardown_taskflow' retrieved from /home/krishnaformeera/Sumitomo/datapipeline/venv/lib/python3.11/site-packages/airflow/example_dags/example_setup_teardown_taskflow.py
[2025-08-31T18:32:05.332+0000] {logging_mixin.py:190} INFO - [2025-08-31T18:32:05.332+0000] {dag.py:3239} INFO - Sync 1 DAGs
[2025-08-31T18:32:05.344+0000] {logging_mixin.py:190} INFO - [2025-08-31T18:32:05.344+0000] {dag.py:4180} INFO - Setting next_dagrun for example_setup_teardown_taskflow to None, run_after=None
[2025-08-31T18:32:05.364+0000] {processor.py:208} INFO - Processing /home/krishnaformeera/Sumitomo/datapipeline/venv/lib/python3.11/site-packages/airflow/example_dags/example_setup_teardown_taskflow.py took 0.068 seconds
[2025-08-31T18:32:58.723+0000] {processor.py:186} INFO - Started process (PID=5356) to work on /home/krishnaformeera/Sumitomo/datapipeline/venv/lib/python3.11/site-packages/airflow/example_dags/example_setup_teardown_taskflow.py
[2025-08-31T18:32:58.724+0000] {processor.py:914} INFO - Processing file /home/krishnaformeera/Sumitomo/datapipeline/venv/lib/python3.11/site-packages/airflow/example_dags/example_setup_teardown_taskflow.py for tasks to queue
[2025-08-31T18:32:58.726+0000] {logging_mixin.py:190} INFO - [2025-08-31T18:32:58.725+0000] {dagbag.py:588} INFO - Filling up the DagBag from /home/krishnaformeera/Sumitomo/datapipeline/venv/lib/python3.11/site-packages/airflow/example_dags/example_setup_teardown_taskflow.py
[2025-08-31T18:32:58.736+0000] {processor.py:925} INFO - DAG(s) 'example_setup_teardown_taskflow' retrieved from /home/krishnaformeera/Sumitomo/datapipeline/venv/lib/python3.11/site-packages/airflow/example_dags/example_setup_teardown_taskflow.py
[2025-08-31T18:32:58.753+0000] {logging_mixin.py:190} INFO - [2025-08-31T18:32:58.753+0000] {dag.py:3239} INFO - Sync 1 DAGs
[2025-08-31T18:32:58.765+0000] {logging_mixin.py:190} INFO - [2025-08-31T18:32:58.764+0000] {dag.py:4180} INFO - Setting next_dagrun for example_setup_teardown_taskflow to None, run_after=None
[2025-08-31T18:32:58.787+0000] {processor.py:208} INFO - Processing /home/krishnaformeera/Sumitomo/datapipeline/venv/lib/python3.11/site-packages/airflow/example_dags/example_setup_teardown_taskflow.py took 0.070 seconds
[2025-08-31T18:33:59.746+0000] {processor.py:186} INFO - Started process (PID=5415) to work on /home/krishnaformeera/Sumitomo/datapipeline/venv/lib/python3.11/site-packages/airflow/example_dags/example_setup_teardown_taskflow.py
[2025-08-31T18:33:59.747+0000] {processor.py:914} INFO - Processing file /home/krishnaformeera/Sumitomo/datapipeline/venv/lib/python3.11/site-packages/airflow/example_dags/example_setup_teardown_taskflow.py for tasks to queue
[2025-08-31T18:33:59.750+0000] {logging_mixin.py:190} INFO - [2025-08-31T18:33:59.749+0000] {dagbag.py:588} INFO - Filling up the DagBag from /home/krishnaformeera/Sumitomo/datapipeline/venv/lib/python3.11/site-packages/airflow/example_dags/example_setup_teardown_taskflow.py
[2025-08-31T18:33:59.763+0000] {processor.py:925} INFO - DAG(s) 'example_setup_teardown_taskflow' retrieved from /home/krishnaformeera/Sumitomo/datapipeline/venv/lib/python3.11/site-packages/airflow/example_dags/example_setup_teardown_taskflow.py
[2025-08-31T18:33:59.783+0000] {logging_mixin.py:190} INFO - [2025-08-31T18:33:59.783+0000] {dag.py:3239} INFO - Sync 1 DAGs
[2025-08-31T18:33:59.796+0000] {logging_mixin.py:190} INFO - [2025-08-31T18:33:59.796+0000] {dag.py:4180} INFO - Setting next_dagrun for example_setup_teardown_taskflow to None, run_after=None
[2025-08-31T18:33:59.823+0000] {processor.py:208} INFO - Processing /home/krishnaformeera/Sumitomo/datapipeline/venv/lib/python3.11/site-packages/airflow/example_dags/example_setup_teardown_taskflow.py took 0.084 seconds
[2025-08-31T18:34:53.541+0000] {processor.py:186} INFO - Started process (PID=5471) to work on /home/krishnaformeera/Sumitomo/datapipeline/venv/lib/python3.11/site-packages/airflow/example_dags/example_setup_teardown_taskflow.py
[2025-08-31T18:34:53.542+0000] {processor.py:914} INFO - Processing file /home/krishnaformeera/Sumitomo/datapipeline/venv/lib/python3.11/site-packages/airflow/example_dags/example_setup_teardown_taskflow.py for tasks to queue
[2025-08-31T18:34:53.544+0000] {logging_mixin.py:190} INFO - [2025-08-31T18:34:53.544+0000] {dagbag.py:588} INFO - Filling up the DagBag from /home/krishnaformeera/Sumitomo/datapipeline/venv/lib/python3.11/site-packages/airflow/example_dags/example_setup_teardown_taskflow.py
[2025-08-31T18:34:53.558+0000] {processor.py:925} INFO - DAG(s) 'example_setup_teardown_taskflow' retrieved from /home/krishnaformeera/Sumitomo/datapipeline/venv/lib/python3.11/site-packages/airflow/example_dags/example_setup_teardown_taskflow.py
[2025-08-31T18:34:53.579+0000] {logging_mixin.py:190} INFO - [2025-08-31T18:34:53.579+0000] {dag.py:3239} INFO - Sync 1 DAGs
[2025-08-31T18:34:53.592+0000] {logging_mixin.py:190} INFO - [2025-08-31T18:34:53.592+0000] {dag.py:4180} INFO - Setting next_dagrun for example_setup_teardown_taskflow to None, run_after=None
[2025-08-31T18:34:53.619+0000] {processor.py:208} INFO - Processing /home/krishnaformeera/Sumitomo/datapipeline/venv/lib/python3.11/site-packages/airflow/example_dags/example_setup_teardown_taskflow.py took 0.086 seconds
[2025-08-31T18:35:43.181+0000] {processor.py:186} INFO - Started process (PID=5535) to work on /home/krishnaformeera/Sumitomo/datapipeline/venv/lib/python3.11/site-packages/airflow/example_dags/example_setup_teardown_taskflow.py
[2025-08-31T18:35:43.182+0000] {processor.py:914} INFO - Processing file /home/krishnaformeera/Sumitomo/datapipeline/venv/lib/python3.11/site-packages/airflow/example_dags/example_setup_teardown_taskflow.py for tasks to queue
[2025-08-31T18:35:43.184+0000] {logging_mixin.py:190} INFO - [2025-08-31T18:35:43.184+0000] {dagbag.py:588} INFO - Filling up the DagBag from /home/krishnaformeera/Sumitomo/datapipeline/venv/lib/python3.11/site-packages/airflow/example_dags/example_setup_teardown_taskflow.py
[2025-08-31T18:35:43.195+0000] {processor.py:925} INFO - DAG(s) 'example_setup_teardown_taskflow' retrieved from /home/krishnaformeera/Sumitomo/datapipeline/venv/lib/python3.11/site-packages/airflow/example_dags/example_setup_teardown_taskflow.py
[2025-08-31T18:35:43.211+0000] {logging_mixin.py:190} INFO - [2025-08-31T18:35:43.211+0000] {dag.py:3239} INFO - Sync 1 DAGs
[2025-08-31T18:35:43.222+0000] {logging_mixin.py:190} INFO - [2025-08-31T18:35:43.222+0000] {dag.py:4180} INFO - Setting next_dagrun for example_setup_teardown_taskflow to None, run_after=None
[2025-08-31T18:35:43.242+0000] {processor.py:208} INFO - Processing /home/krishnaformeera/Sumitomo/datapipeline/venv/lib/python3.11/site-packages/airflow/example_dags/example_setup_teardown_taskflow.py took 0.066 seconds
[2025-08-31T18:36:34.826+0000] {processor.py:186} INFO - Started process (PID=5600) to work on /home/krishnaformeera/Sumitomo/datapipeline/venv/lib/python3.11/site-packages/airflow/example_dags/example_setup_teardown_taskflow.py
[2025-08-31T18:36:34.827+0000] {processor.py:914} INFO - Processing file /home/krishnaformeera/Sumitomo/datapipeline/venv/lib/python3.11/site-packages/airflow/example_dags/example_setup_teardown_taskflow.py for tasks to queue
[2025-08-31T18:36:34.829+0000] {logging_mixin.py:190} INFO - [2025-08-31T18:36:34.829+0000] {dagbag.py:588} INFO - Filling up the DagBag from /home/krishnaformeera/Sumitomo/datapipeline/venv/lib/python3.11/site-packages/airflow/example_dags/example_setup_teardown_taskflow.py
[2025-08-31T18:36:34.842+0000] {processor.py:925} INFO - DAG(s) 'example_setup_teardown_taskflow' retrieved from /home/krishnaformeera/Sumitomo/datapipeline/venv/lib/python3.11/site-packages/airflow/example_dags/example_setup_teardown_taskflow.py
[2025-08-31T18:36:34.863+0000] {logging_mixin.py:190} INFO - [2025-08-31T18:36:34.862+0000] {dag.py:3239} INFO - Sync 1 DAGs
[2025-08-31T18:36:34.876+0000] {logging_mixin.py:190} INFO - [2025-08-31T18:36:34.876+0000] {dag.py:4180} INFO - Setting next_dagrun for example_setup_teardown_taskflow to None, run_after=None
[2025-08-31T18:36:34.901+0000] {processor.py:208} INFO - Processing /home/krishnaformeera/Sumitomo/datapipeline/venv/lib/python3.11/site-packages/airflow/example_dags/example_setup_teardown_taskflow.py took 0.083 seconds
[2025-08-31T18:37:25.670+0000] {processor.py:186} INFO - Started process (PID=5652) to work on /home/krishnaformeera/Sumitomo/datapipeline/venv/lib/python3.11/site-packages/airflow/example_dags/example_setup_teardown_taskflow.py
[2025-08-31T18:37:25.672+0000] {processor.py:914} INFO - Processing file /home/krishnaformeera/Sumitomo/datapipeline/venv/lib/python3.11/site-packages/airflow/example_dags/example_setup_teardown_taskflow.py for tasks to queue
[2025-08-31T18:37:25.674+0000] {logging_mixin.py:190} INFO - [2025-08-31T18:37:25.673+0000] {dagbag.py:588} INFO - Filling up the DagBag from /home/krishnaformeera/Sumitomo/datapipeline/venv/lib/python3.11/site-packages/airflow/example_dags/example_setup_teardown_taskflow.py
[2025-08-31T18:37:25.687+0000] {processor.py:925} INFO - DAG(s) 'example_setup_teardown_taskflow' retrieved from /home/krishnaformeera/Sumitomo/datapipeline/venv/lib/python3.11/site-packages/airflow/example_dags/example_setup_teardown_taskflow.py
[2025-08-31T18:37:25.707+0000] {logging_mixin.py:190} INFO - [2025-08-31T18:37:25.707+0000] {dag.py:3239} INFO - Sync 1 DAGs
[2025-08-31T18:37:25.721+0000] {logging_mixin.py:190} INFO - [2025-08-31T18:37:25.720+0000] {dag.py:4180} INFO - Setting next_dagrun for example_setup_teardown_taskflow to None, run_after=None
[2025-08-31T18:37:25.746+0000] {processor.py:208} INFO - Processing /home/krishnaformeera/Sumitomo/datapipeline/venv/lib/python3.11/site-packages/airflow/example_dags/example_setup_teardown_taskflow.py took 0.083 seconds
[2025-08-31T18:40:13.802+0000] {processor.py:186} INFO - Started process (PID=6112) to work on /home/krishnaformeera/Sumitomo/datapipeline/venv/lib/python3.11/site-packages/airflow/example_dags/example_setup_teardown_taskflow.py
[2025-08-31T18:40:13.804+0000] {processor.py:914} INFO - Processing file /home/krishnaformeera/Sumitomo/datapipeline/venv/lib/python3.11/site-packages/airflow/example_dags/example_setup_teardown_taskflow.py for tasks to queue
[2025-08-31T18:40:13.807+0000] {logging_mixin.py:190} INFO - [2025-08-31T18:40:13.807+0000] {dagbag.py:588} INFO - Filling up the DagBag from /home/krishnaformeera/Sumitomo/datapipeline/venv/lib/python3.11/site-packages/airflow/example_dags/example_setup_teardown_taskflow.py
[2025-08-31T18:40:13.825+0000] {processor.py:925} INFO - DAG(s) 'example_setup_teardown_taskflow' retrieved from /home/krishnaformeera/Sumitomo/datapipeline/venv/lib/python3.11/site-packages/airflow/example_dags/example_setup_teardown_taskflow.py
[2025-08-31T18:40:13.856+0000] {logging_mixin.py:190} INFO - [2025-08-31T18:40:13.856+0000] {dag.py:3239} INFO - Sync 1 DAGs
[2025-08-31T18:40:13.874+0000] {logging_mixin.py:190} INFO - [2025-08-31T18:40:13.874+0000] {dag.py:4180} INFO - Setting next_dagrun for example_setup_teardown_taskflow to None, run_after=None
[2025-08-31T18:40:13.906+0000] {processor.py:208} INFO - Processing /home/krishnaformeera/Sumitomo/datapipeline/venv/lib/python3.11/site-packages/airflow/example_dags/example_setup_teardown_taskflow.py took 0.114 seconds
[2025-08-31T18:41:09.564+0000] {processor.py:186} INFO - Started process (PID=6332) to work on /home/krishnaformeera/Sumitomo/datapipeline/venv/lib/python3.11/site-packages/airflow/example_dags/example_setup_teardown_taskflow.py
[2025-08-31T18:41:09.565+0000] {processor.py:914} INFO - Processing file /home/krishnaformeera/Sumitomo/datapipeline/venv/lib/python3.11/site-packages/airflow/example_dags/example_setup_teardown_taskflow.py for tasks to queue
[2025-08-31T18:41:09.567+0000] {logging_mixin.py:190} INFO - [2025-08-31T18:41:09.567+0000] {dagbag.py:588} INFO - Filling up the DagBag from /home/krishnaformeera/Sumitomo/datapipeline/venv/lib/python3.11/site-packages/airflow/example_dags/example_setup_teardown_taskflow.py
[2025-08-31T18:41:09.579+0000] {processor.py:925} INFO - DAG(s) 'example_setup_teardown_taskflow' retrieved from /home/krishnaformeera/Sumitomo/datapipeline/venv/lib/python3.11/site-packages/airflow/example_dags/example_setup_teardown_taskflow.py
[2025-08-31T18:41:09.600+0000] {logging_mixin.py:190} INFO - [2025-08-31T18:41:09.600+0000] {dag.py:3239} INFO - Sync 1 DAGs
[2025-08-31T18:41:09.614+0000] {logging_mixin.py:190} INFO - [2025-08-31T18:41:09.613+0000] {dag.py:4180} INFO - Setting next_dagrun for example_setup_teardown_taskflow to None, run_after=None
[2025-08-31T18:41:09.638+0000] {processor.py:208} INFO - Processing /home/krishnaformeera/Sumitomo/datapipeline/venv/lib/python3.11/site-packages/airflow/example_dags/example_setup_teardown_taskflow.py took 0.080 seconds
[2025-08-31T18:42:04.157+0000] {processor.py:186} INFO - Started process (PID=6538) to work on /home/krishnaformeera/Sumitomo/datapipeline/venv/lib/python3.11/site-packages/airflow/example_dags/example_setup_teardown_taskflow.py
[2025-08-31T18:42:04.157+0000] {processor.py:914} INFO - Processing file /home/krishnaformeera/Sumitomo/datapipeline/venv/lib/python3.11/site-packages/airflow/example_dags/example_setup_teardown_taskflow.py for tasks to queue
[2025-08-31T18:42:04.159+0000] {logging_mixin.py:190} INFO - [2025-08-31T18:42:04.159+0000] {dagbag.py:588} INFO - Filling up the DagBag from /home/krishnaformeera/Sumitomo/datapipeline/venv/lib/python3.11/site-packages/airflow/example_dags/example_setup_teardown_taskflow.py
[2025-08-31T18:42:04.170+0000] {processor.py:925} INFO - DAG(s) 'example_setup_teardown_taskflow' retrieved from /home/krishnaformeera/Sumitomo/datapipeline/venv/lib/python3.11/site-packages/airflow/example_dags/example_setup_teardown_taskflow.py
[2025-08-31T18:42:04.187+0000] {logging_mixin.py:190} INFO - [2025-08-31T18:42:04.187+0000] {dag.py:3239} INFO - Sync 1 DAGs
[2025-08-31T18:42:04.198+0000] {logging_mixin.py:190} INFO - [2025-08-31T18:42:04.198+0000] {dag.py:4180} INFO - Setting next_dagrun for example_setup_teardown_taskflow to None, run_after=None
[2025-08-31T18:42:04.221+0000] {processor.py:208} INFO - Processing /home/krishnaformeera/Sumitomo/datapipeline/venv/lib/python3.11/site-packages/airflow/example_dags/example_setup_teardown_taskflow.py took 0.070 seconds
[2025-08-31T18:43:06.923+0000] {processor.py:186} INFO - Started process (PID=6761) to work on /home/krishnaformeera/Sumitomo/datapipeline/venv/lib/python3.11/site-packages/airflow/example_dags/example_setup_teardown_taskflow.py
[2025-08-31T18:43:06.924+0000] {processor.py:914} INFO - Processing file /home/krishnaformeera/Sumitomo/datapipeline/venv/lib/python3.11/site-packages/airflow/example_dags/example_setup_teardown_taskflow.py for tasks to queue
[2025-08-31T18:43:06.926+0000] {logging_mixin.py:190} INFO - [2025-08-31T18:43:06.926+0000] {dagbag.py:588} INFO - Filling up the DagBag from /home/krishnaformeera/Sumitomo/datapipeline/venv/lib/python3.11/site-packages/airflow/example_dags/example_setup_teardown_taskflow.py
[2025-08-31T18:43:07.027+0000] {processor.py:925} INFO - DAG(s) 'example_setup_teardown_taskflow' retrieved from /home/krishnaformeera/Sumitomo/datapipeline/venv/lib/python3.11/site-packages/airflow/example_dags/example_setup_teardown_taskflow.py
[2025-08-31T18:43:07.039+0000] {logging_mixin.py:190} INFO - [2025-08-31T18:43:07.039+0000] {dag.py:3239} INFO - Sync 1 DAGs
[2025-08-31T18:43:07.048+0000] {logging_mixin.py:190} INFO - [2025-08-31T18:43:07.048+0000] {dag.py:4180} INFO - Setting next_dagrun for example_setup_teardown_taskflow to None, run_after=None
[2025-08-31T18:43:07.068+0000] {processor.py:208} INFO - Processing /home/krishnaformeera/Sumitomo/datapipeline/venv/lib/python3.11/site-packages/airflow/example_dags/example_setup_teardown_taskflow.py took 0.151 seconds
[2025-08-31T18:44:02.004+0000] {processor.py:186} INFO - Started process (PID=7008) to work on /home/krishnaformeera/Sumitomo/datapipeline/venv/lib/python3.11/site-packages/airflow/example_dags/example_setup_teardown_taskflow.py
[2025-08-31T18:44:02.005+0000] {processor.py:914} INFO - Processing file /home/krishnaformeera/Sumitomo/datapipeline/venv/lib/python3.11/site-packages/airflow/example_dags/example_setup_teardown_taskflow.py for tasks to queue
[2025-08-31T18:44:02.007+0000] {logging_mixin.py:190} INFO - [2025-08-31T18:44:02.007+0000] {dagbag.py:588} INFO - Filling up the DagBag from /home/krishnaformeera/Sumitomo/datapipeline/venv/lib/python3.11/site-packages/airflow/example_dags/example_setup_teardown_taskflow.py
[2025-08-31T18:44:02.018+0000] {processor.py:925} INFO - DAG(s) 'example_setup_teardown_taskflow' retrieved from /home/krishnaformeera/Sumitomo/datapipeline/venv/lib/python3.11/site-packages/airflow/example_dags/example_setup_teardown_taskflow.py
[2025-08-31T18:44:02.035+0000] {logging_mixin.py:190} INFO - [2025-08-31T18:44:02.035+0000] {dag.py:3239} INFO - Sync 1 DAGs
[2025-08-31T18:44:02.047+0000] {logging_mixin.py:190} INFO - [2025-08-31T18:44:02.047+0000] {dag.py:4180} INFO - Setting next_dagrun for example_setup_teardown_taskflow to None, run_after=None
[2025-08-31T18:44:02.069+0000] {processor.py:208} INFO - Processing /home/krishnaformeera/Sumitomo/datapipeline/venv/lib/python3.11/site-packages/airflow/example_dags/example_setup_teardown_taskflow.py took 0.074 seconds
[2025-08-31T18:44:50.905+0000] {processor.py:186} INFO - Started process (PID=7196) to work on /home/krishnaformeera/Sumitomo/datapipeline/venv/lib/python3.11/site-packages/airflow/example_dags/example_setup_teardown_taskflow.py
[2025-08-31T18:44:50.907+0000] {processor.py:914} INFO - Processing file /home/krishnaformeera/Sumitomo/datapipeline/venv/lib/python3.11/site-packages/airflow/example_dags/example_setup_teardown_taskflow.py for tasks to queue
[2025-08-31T18:44:50.909+0000] {logging_mixin.py:190} INFO - [2025-08-31T18:44:50.909+0000] {dagbag.py:588} INFO - Filling up the DagBag from /home/krishnaformeera/Sumitomo/datapipeline/venv/lib/python3.11/site-packages/airflow/example_dags/example_setup_teardown_taskflow.py
[2025-08-31T18:44:50.922+0000] {processor.py:925} INFO - DAG(s) 'example_setup_teardown_taskflow' retrieved from /home/krishnaformeera/Sumitomo/datapipeline/venv/lib/python3.11/site-packages/airflow/example_dags/example_setup_teardown_taskflow.py
[2025-08-31T18:44:50.940+0000] {logging_mixin.py:190} INFO - [2025-08-31T18:44:50.940+0000] {dag.py:3239} INFO - Sync 1 DAGs
[2025-08-31T18:44:50.952+0000] {logging_mixin.py:190} INFO - [2025-08-31T18:44:50.951+0000] {dag.py:4180} INFO - Setting next_dagrun for example_setup_teardown_taskflow to None, run_after=None
[2025-08-31T18:44:50.973+0000] {processor.py:208} INFO - Processing /home/krishnaformeera/Sumitomo/datapipeline/venv/lib/python3.11/site-packages/airflow/example_dags/example_setup_teardown_taskflow.py took 0.075 seconds
[2025-08-31T18:45:43.137+0000] {processor.py:186} INFO - Started process (PID=7478) to work on /home/krishnaformeera/Sumitomo/datapipeline/venv/lib/python3.11/site-packages/airflow/example_dags/example_setup_teardown_taskflow.py
[2025-08-31T18:45:43.139+0000] {processor.py:914} INFO - Processing file /home/krishnaformeera/Sumitomo/datapipeline/venv/lib/python3.11/site-packages/airflow/example_dags/example_setup_teardown_taskflow.py for tasks to queue
[2025-08-31T18:45:43.141+0000] {logging_mixin.py:190} INFO - [2025-08-31T18:45:43.141+0000] {dagbag.py:588} INFO - Filling up the DagBag from /home/krishnaformeera/Sumitomo/datapipeline/venv/lib/python3.11/site-packages/airflow/example_dags/example_setup_teardown_taskflow.py
[2025-08-31T18:45:43.154+0000] {processor.py:925} INFO - DAG(s) 'example_setup_teardown_taskflow' retrieved from /home/krishnaformeera/Sumitomo/datapipeline/venv/lib/python3.11/site-packages/airflow/example_dags/example_setup_teardown_taskflow.py
[2025-08-31T18:45:43.174+0000] {logging_mixin.py:190} INFO - [2025-08-31T18:45:43.174+0000] {dag.py:3239} INFO - Sync 1 DAGs
[2025-08-31T18:45:43.191+0000] {logging_mixin.py:190} INFO - [2025-08-31T18:45:43.191+0000] {dag.py:4180} INFO - Setting next_dagrun for example_setup_teardown_taskflow to None, run_after=None
[2025-08-31T18:45:43.222+0000] {processor.py:208} INFO - Processing /home/krishnaformeera/Sumitomo/datapipeline/venv/lib/python3.11/site-packages/airflow/example_dags/example_setup_teardown_taskflow.py took 0.091 seconds
[2025-08-31T18:46:34.718+0000] {processor.py:186} INFO - Started process (PID=7659) to work on /home/krishnaformeera/Sumitomo/datapipeline/venv/lib/python3.11/site-packages/airflow/example_dags/example_setup_teardown_taskflow.py
[2025-08-31T18:46:34.719+0000] {processor.py:914} INFO - Processing file /home/krishnaformeera/Sumitomo/datapipeline/venv/lib/python3.11/site-packages/airflow/example_dags/example_setup_teardown_taskflow.py for tasks to queue
[2025-08-31T18:46:34.721+0000] {logging_mixin.py:190} INFO - [2025-08-31T18:46:34.721+0000] {dagbag.py:588} INFO - Filling up the DagBag from /home/krishnaformeera/Sumitomo/datapipeline/venv/lib/python3.11/site-packages/airflow/example_dags/example_setup_teardown_taskflow.py
[2025-08-31T18:46:34.732+0000] {processor.py:925} INFO - DAG(s) 'example_setup_teardown_taskflow' retrieved from /home/krishnaformeera/Sumitomo/datapipeline/venv/lib/python3.11/site-packages/airflow/example_dags/example_setup_teardown_taskflow.py
[2025-08-31T18:46:34.755+0000] {logging_mixin.py:190} INFO - [2025-08-31T18:46:34.755+0000] {dag.py:3239} INFO - Sync 1 DAGs
[2025-08-31T18:46:34.774+0000] {logging_mixin.py:190} INFO - [2025-08-31T18:46:34.773+0000] {dag.py:4180} INFO - Setting next_dagrun for example_setup_teardown_taskflow to None, run_after=None
[2025-08-31T18:46:34.808+0000] {processor.py:208} INFO - Processing /home/krishnaformeera/Sumitomo/datapipeline/venv/lib/python3.11/site-packages/airflow/example_dags/example_setup_teardown_taskflow.py took 0.096 seconds
[2025-08-31T18:47:27.879+0000] {processor.py:186} INFO - Started process (PID=7797) to work on /home/krishnaformeera/Sumitomo/datapipeline/venv/lib/python3.11/site-packages/airflow/example_dags/example_setup_teardown_taskflow.py
[2025-08-31T18:47:27.882+0000] {processor.py:914} INFO - Processing file /home/krishnaformeera/Sumitomo/datapipeline/venv/lib/python3.11/site-packages/airflow/example_dags/example_setup_teardown_taskflow.py for tasks to queue
[2025-08-31T18:47:27.888+0000] {logging_mixin.py:190} INFO - [2025-08-31T18:47:27.887+0000] {dagbag.py:588} INFO - Filling up the DagBag from /home/krishnaformeera/Sumitomo/datapipeline/venv/lib/python3.11/site-packages/airflow/example_dags/example_setup_teardown_taskflow.py
[2025-08-31T18:47:27.906+0000] {processor.py:925} INFO - DAG(s) 'example_setup_teardown_taskflow' retrieved from /home/krishnaformeera/Sumitomo/datapipeline/venv/lib/python3.11/site-packages/airflow/example_dags/example_setup_teardown_taskflow.py
[2025-08-31T18:47:27.930+0000] {logging_mixin.py:190} INFO - [2025-08-31T18:47:27.929+0000] {dag.py:3239} INFO - Sync 1 DAGs
[2025-08-31T18:47:27.946+0000] {logging_mixin.py:190} INFO - [2025-08-31T18:47:27.946+0000] {dag.py:4180} INFO - Setting next_dagrun for example_setup_teardown_taskflow to None, run_after=None
[2025-08-31T18:47:27.976+0000] {processor.py:208} INFO - Processing /home/krishnaformeera/Sumitomo/datapipeline/venv/lib/python3.11/site-packages/airflow/example_dags/example_setup_teardown_taskflow.py took 0.113 seconds
[2025-08-31T18:48:17.798+0000] {processor.py:186} INFO - Started process (PID=7850) to work on /home/krishnaformeera/Sumitomo/datapipeline/venv/lib/python3.11/site-packages/airflow/example_dags/example_setup_teardown_taskflow.py
[2025-08-31T18:48:17.800+0000] {processor.py:914} INFO - Processing file /home/krishnaformeera/Sumitomo/datapipeline/venv/lib/python3.11/site-packages/airflow/example_dags/example_setup_teardown_taskflow.py for tasks to queue
[2025-08-31T18:48:17.803+0000] {logging_mixin.py:190} INFO - [2025-08-31T18:48:17.802+0000] {dagbag.py:588} INFO - Filling up the DagBag from /home/krishnaformeera/Sumitomo/datapipeline/venv/lib/python3.11/site-packages/airflow/example_dags/example_setup_teardown_taskflow.py
[2025-08-31T18:48:17.816+0000] {processor.py:925} INFO - DAG(s) 'example_setup_teardown_taskflow' retrieved from /home/krishnaformeera/Sumitomo/datapipeline/venv/lib/python3.11/site-packages/airflow/example_dags/example_setup_teardown_taskflow.py
[2025-08-31T18:48:17.837+0000] {logging_mixin.py:190} INFO - [2025-08-31T18:48:17.837+0000] {dag.py:3239} INFO - Sync 1 DAGs
[2025-08-31T18:48:17.850+0000] {logging_mixin.py:190} INFO - [2025-08-31T18:48:17.850+0000] {dag.py:4180} INFO - Setting next_dagrun for example_setup_teardown_taskflow to None, run_after=None
[2025-08-31T18:48:17.878+0000] {processor.py:208} INFO - Processing /home/krishnaformeera/Sumitomo/datapipeline/venv/lib/python3.11/site-packages/airflow/example_dags/example_setup_teardown_taskflow.py took 0.086 seconds
[2025-08-31T18:49:08.265+0000] {processor.py:186} INFO - Started process (PID=7906) to work on /home/krishnaformeera/Sumitomo/datapipeline/venv/lib/python3.11/site-packages/airflow/example_dags/example_setup_teardown_taskflow.py
[2025-08-31T18:49:08.266+0000] {processor.py:914} INFO - Processing file /home/krishnaformeera/Sumitomo/datapipeline/venv/lib/python3.11/site-packages/airflow/example_dags/example_setup_teardown_taskflow.py for tasks to queue
[2025-08-31T18:49:08.268+0000] {logging_mixin.py:190} INFO - [2025-08-31T18:49:08.268+0000] {dagbag.py:588} INFO - Filling up the DagBag from /home/krishnaformeera/Sumitomo/datapipeline/venv/lib/python3.11/site-packages/airflow/example_dags/example_setup_teardown_taskflow.py
[2025-08-31T18:49:08.279+0000] {processor.py:925} INFO - DAG(s) 'example_setup_teardown_taskflow' retrieved from /home/krishnaformeera/Sumitomo/datapipeline/venv/lib/python3.11/site-packages/airflow/example_dags/example_setup_teardown_taskflow.py
[2025-08-31T18:49:08.296+0000] {logging_mixin.py:190} INFO - [2025-08-31T18:49:08.296+0000] {dag.py:3239} INFO - Sync 1 DAGs
[2025-08-31T18:49:08.308+0000] {logging_mixin.py:190} INFO - [2025-08-31T18:49:08.307+0000] {dag.py:4180} INFO - Setting next_dagrun for example_setup_teardown_taskflow to None, run_after=None
[2025-08-31T18:49:08.334+0000] {processor.py:208} INFO - Processing /home/krishnaformeera/Sumitomo/datapipeline/venv/lib/python3.11/site-packages/airflow/example_dags/example_setup_teardown_taskflow.py took 0.075 seconds
[2025-08-31T18:50:00.930+0000] {processor.py:186} INFO - Started process (PID=8009) to work on /home/krishnaformeera/Sumitomo/datapipeline/venv/lib/python3.11/site-packages/airflow/example_dags/example_setup_teardown_taskflow.py
[2025-08-31T18:50:00.931+0000] {processor.py:914} INFO - Processing file /home/krishnaformeera/Sumitomo/datapipeline/venv/lib/python3.11/site-packages/airflow/example_dags/example_setup_teardown_taskflow.py for tasks to queue
[2025-08-31T18:50:00.935+0000] {logging_mixin.py:190} INFO - [2025-08-31T18:50:00.934+0000] {dagbag.py:588} INFO - Filling up the DagBag from /home/krishnaformeera/Sumitomo/datapipeline/venv/lib/python3.11/site-packages/airflow/example_dags/example_setup_teardown_taskflow.py
[2025-08-31T18:50:00.948+0000] {processor.py:925} INFO - DAG(s) 'example_setup_teardown_taskflow' retrieved from /home/krishnaformeera/Sumitomo/datapipeline/venv/lib/python3.11/site-packages/airflow/example_dags/example_setup_teardown_taskflow.py
[2025-08-31T18:50:00.967+0000] {logging_mixin.py:190} INFO - [2025-08-31T18:50:00.967+0000] {dag.py:3239} INFO - Sync 1 DAGs
[2025-08-31T18:50:00.981+0000] {logging_mixin.py:190} INFO - [2025-08-31T18:50:00.981+0000] {dag.py:4180} INFO - Setting next_dagrun for example_setup_teardown_taskflow to None, run_after=None
[2025-08-31T18:50:01.006+0000] {processor.py:208} INFO - Processing /home/krishnaformeera/Sumitomo/datapipeline/venv/lib/python3.11/site-packages/airflow/example_dags/example_setup_teardown_taskflow.py took 0.083 seconds
[2025-08-31T18:50:53.831+0000] {processor.py:186} INFO - Started process (PID=8090) to work on /home/krishnaformeera/Sumitomo/datapipeline/venv/lib/python3.11/site-packages/airflow/example_dags/example_setup_teardown_taskflow.py
[2025-08-31T18:50:53.832+0000] {processor.py:914} INFO - Processing file /home/krishnaformeera/Sumitomo/datapipeline/venv/lib/python3.11/site-packages/airflow/example_dags/example_setup_teardown_taskflow.py for tasks to queue
[2025-08-31T18:50:53.834+0000] {logging_mixin.py:190} INFO - [2025-08-31T18:50:53.833+0000] {dagbag.py:588} INFO - Filling up the DagBag from /home/krishnaformeera/Sumitomo/datapipeline/venv/lib/python3.11/site-packages/airflow/example_dags/example_setup_teardown_taskflow.py
[2025-08-31T18:50:53.845+0000] {processor.py:925} INFO - DAG(s) 'example_setup_teardown_taskflow' retrieved from /home/krishnaformeera/Sumitomo/datapipeline/venv/lib/python3.11/site-packages/airflow/example_dags/example_setup_teardown_taskflow.py
[2025-08-31T18:50:53.861+0000] {logging_mixin.py:190} INFO - [2025-08-31T18:50:53.861+0000] {dag.py:3239} INFO - Sync 1 DAGs
[2025-08-31T18:50:53.872+0000] {logging_mixin.py:190} INFO - [2025-08-31T18:50:53.872+0000] {dag.py:4180} INFO - Setting next_dagrun for example_setup_teardown_taskflow to None, run_after=None
[2025-08-31T18:50:53.891+0000] {processor.py:208} INFO - Processing /home/krishnaformeera/Sumitomo/datapipeline/venv/lib/python3.11/site-packages/airflow/example_dags/example_setup_teardown_taskflow.py took 0.068 seconds
[2025-08-31T18:51:43.684+0000] {processor.py:186} INFO - Started process (PID=8170) to work on /home/krishnaformeera/Sumitomo/datapipeline/venv/lib/python3.11/site-packages/airflow/example_dags/example_setup_teardown_taskflow.py
[2025-08-31T18:51:43.685+0000] {processor.py:914} INFO - Processing file /home/krishnaformeera/Sumitomo/datapipeline/venv/lib/python3.11/site-packages/airflow/example_dags/example_setup_teardown_taskflow.py for tasks to queue
[2025-08-31T18:51:43.688+0000] {logging_mixin.py:190} INFO - [2025-08-31T18:51:43.688+0000] {dagbag.py:588} INFO - Filling up the DagBag from /home/krishnaformeera/Sumitomo/datapipeline/venv/lib/python3.11/site-packages/airflow/example_dags/example_setup_teardown_taskflow.py
[2025-08-31T18:51:43.704+0000] {processor.py:925} INFO - DAG(s) 'example_setup_teardown_taskflow' retrieved from /home/krishnaformeera/Sumitomo/datapipeline/venv/lib/python3.11/site-packages/airflow/example_dags/example_setup_teardown_taskflow.py
[2025-08-31T18:51:43.728+0000] {logging_mixin.py:190} INFO - [2025-08-31T18:51:43.728+0000] {dag.py:3239} INFO - Sync 1 DAGs
[2025-08-31T18:51:43.746+0000] {logging_mixin.py:190} INFO - [2025-08-31T18:51:43.745+0000] {dag.py:4180} INFO - Setting next_dagrun for example_setup_teardown_taskflow to None, run_after=None
[2025-08-31T18:51:43.778+0000] {processor.py:208} INFO - Processing /home/krishnaformeera/Sumitomo/datapipeline/venv/lib/python3.11/site-packages/airflow/example_dags/example_setup_teardown_taskflow.py took 0.103 seconds
[2025-08-31T18:52:33.263+0000] {processor.py:186} INFO - Started process (PID=8239) to work on /home/krishnaformeera/Sumitomo/datapipeline/venv/lib/python3.11/site-packages/airflow/example_dags/example_setup_teardown_taskflow.py
[2025-08-31T18:52:33.264+0000] {processor.py:914} INFO - Processing file /home/krishnaformeera/Sumitomo/datapipeline/venv/lib/python3.11/site-packages/airflow/example_dags/example_setup_teardown_taskflow.py for tasks to queue
[2025-08-31T18:52:33.267+0000] {logging_mixin.py:190} INFO - [2025-08-31T18:52:33.266+0000] {dagbag.py:588} INFO - Filling up the DagBag from /home/krishnaformeera/Sumitomo/datapipeline/venv/lib/python3.11/site-packages/airflow/example_dags/example_setup_teardown_taskflow.py
[2025-08-31T18:52:33.284+0000] {processor.py:925} INFO - DAG(s) 'example_setup_teardown_taskflow' retrieved from /home/krishnaformeera/Sumitomo/datapipeline/venv/lib/python3.11/site-packages/airflow/example_dags/example_setup_teardown_taskflow.py
[2025-08-31T18:52:33.309+0000] {logging_mixin.py:190} INFO - [2025-08-31T18:52:33.309+0000] {dag.py:3239} INFO - Sync 1 DAGs
[2025-08-31T18:52:33.322+0000] {logging_mixin.py:190} INFO - [2025-08-31T18:52:33.321+0000] {dag.py:4180} INFO - Setting next_dagrun for example_setup_teardown_taskflow to None, run_after=None
[2025-08-31T18:52:33.344+0000] {processor.py:208} INFO - Processing /home/krishnaformeera/Sumitomo/datapipeline/venv/lib/python3.11/site-packages/airflow/example_dags/example_setup_teardown_taskflow.py took 0.089 seconds
[2025-08-31T18:53:23.851+0000] {processor.py:186} INFO - Started process (PID=8296) to work on /home/krishnaformeera/Sumitomo/datapipeline/venv/lib/python3.11/site-packages/airflow/example_dags/example_setup_teardown_taskflow.py
[2025-08-31T18:53:23.852+0000] {processor.py:914} INFO - Processing file /home/krishnaformeera/Sumitomo/datapipeline/venv/lib/python3.11/site-packages/airflow/example_dags/example_setup_teardown_taskflow.py for tasks to queue
[2025-08-31T18:53:23.854+0000] {logging_mixin.py:190} INFO - [2025-08-31T18:53:23.854+0000] {dagbag.py:588} INFO - Filling up the DagBag from /home/krishnaformeera/Sumitomo/datapipeline/venv/lib/python3.11/site-packages/airflow/example_dags/example_setup_teardown_taskflow.py
[2025-08-31T18:53:23.865+0000] {processor.py:925} INFO - DAG(s) 'example_setup_teardown_taskflow' retrieved from /home/krishnaformeera/Sumitomo/datapipeline/venv/lib/python3.11/site-packages/airflow/example_dags/example_setup_teardown_taskflow.py
[2025-08-31T18:53:23.883+0000] {logging_mixin.py:190} INFO - [2025-08-31T18:53:23.882+0000] {dag.py:3239} INFO - Sync 1 DAGs
[2025-08-31T18:53:23.894+0000] {logging_mixin.py:190} INFO - [2025-08-31T18:53:23.894+0000] {dag.py:4180} INFO - Setting next_dagrun for example_setup_teardown_taskflow to None, run_after=None
[2025-08-31T18:53:23.922+0000] {processor.py:208} INFO - Processing /home/krishnaformeera/Sumitomo/datapipeline/venv/lib/python3.11/site-packages/airflow/example_dags/example_setup_teardown_taskflow.py took 0.078 seconds
[2025-08-31T18:54:11.730+0000] {processor.py:186} INFO - Started process (PID=8489) to work on /home/krishnaformeera/Sumitomo/datapipeline/venv/lib/python3.11/site-packages/airflow/example_dags/example_setup_teardown_taskflow.py
[2025-08-31T18:54:11.732+0000] {processor.py:914} INFO - Processing file /home/krishnaformeera/Sumitomo/datapipeline/venv/lib/python3.11/site-packages/airflow/example_dags/example_setup_teardown_taskflow.py for tasks to queue
[2025-08-31T18:54:11.737+0000] {logging_mixin.py:190} INFO - [2025-08-31T18:54:11.736+0000] {dagbag.py:588} INFO - Filling up the DagBag from /home/krishnaformeera/Sumitomo/datapipeline/venv/lib/python3.11/site-packages/airflow/example_dags/example_setup_teardown_taskflow.py
[2025-08-31T18:54:11.756+0000] {processor.py:925} INFO - DAG(s) 'example_setup_teardown_taskflow' retrieved from /home/krishnaformeera/Sumitomo/datapipeline/venv/lib/python3.11/site-packages/airflow/example_dags/example_setup_teardown_taskflow.py
[2025-08-31T18:54:11.778+0000] {logging_mixin.py:190} INFO - [2025-08-31T18:54:11.778+0000] {dag.py:3239} INFO - Sync 1 DAGs
[2025-08-31T18:54:11.795+0000] {logging_mixin.py:190} INFO - [2025-08-31T18:54:11.795+0000] {dag.py:4180} INFO - Setting next_dagrun for example_setup_teardown_taskflow to None, run_after=None
[2025-08-31T18:54:11.823+0000] {processor.py:208} INFO - Processing /home/krishnaformeera/Sumitomo/datapipeline/venv/lib/python3.11/site-packages/airflow/example_dags/example_setup_teardown_taskflow.py took 0.103 seconds
[2025-08-31T18:55:03.509+0000] {processor.py:186} INFO - Started process (PID=8568) to work on /home/krishnaformeera/Sumitomo/datapipeline/venv/lib/python3.11/site-packages/airflow/example_dags/example_setup_teardown_taskflow.py
[2025-08-31T18:55:03.510+0000] {processor.py:914} INFO - Processing file /home/krishnaformeera/Sumitomo/datapipeline/venv/lib/python3.11/site-packages/airflow/example_dags/example_setup_teardown_taskflow.py for tasks to queue
[2025-08-31T18:55:03.512+0000] {logging_mixin.py:190} INFO - [2025-08-31T18:55:03.511+0000] {dagbag.py:588} INFO - Filling up the DagBag from /home/krishnaformeera/Sumitomo/datapipeline/venv/lib/python3.11/site-packages/airflow/example_dags/example_setup_teardown_taskflow.py
[2025-08-31T18:55:03.526+0000] {processor.py:925} INFO - DAG(s) 'example_setup_teardown_taskflow' retrieved from /home/krishnaformeera/Sumitomo/datapipeline/venv/lib/python3.11/site-packages/airflow/example_dags/example_setup_teardown_taskflow.py
[2025-08-31T18:55:03.546+0000] {logging_mixin.py:190} INFO - [2025-08-31T18:55:03.545+0000] {dag.py:3239} INFO - Sync 1 DAGs
[2025-08-31T18:55:03.560+0000] {logging_mixin.py:190} INFO - [2025-08-31T18:55:03.560+0000] {dag.py:4180} INFO - Setting next_dagrun for example_setup_teardown_taskflow to None, run_after=None
[2025-08-31T18:55:03.590+0000] {processor.py:208} INFO - Processing /home/krishnaformeera/Sumitomo/datapipeline/venv/lib/python3.11/site-packages/airflow/example_dags/example_setup_teardown_taskflow.py took 0.090 seconds
[2025-08-31T18:55:56.478+0000] {processor.py:186} INFO - Started process (PID=8620) to work on /home/krishnaformeera/Sumitomo/datapipeline/venv/lib/python3.11/site-packages/airflow/example_dags/example_setup_teardown_taskflow.py
[2025-08-31T18:55:56.479+0000] {processor.py:914} INFO - Processing file /home/krishnaformeera/Sumitomo/datapipeline/venv/lib/python3.11/site-packages/airflow/example_dags/example_setup_teardown_taskflow.py for tasks to queue
[2025-08-31T18:55:56.481+0000] {logging_mixin.py:190} INFO - [2025-08-31T18:55:56.481+0000] {dagbag.py:588} INFO - Filling up the DagBag from /home/krishnaformeera/Sumitomo/datapipeline/venv/lib/python3.11/site-packages/airflow/example_dags/example_setup_teardown_taskflow.py
[2025-08-31T18:55:56.492+0000] {processor.py:925} INFO - DAG(s) 'example_setup_teardown_taskflow' retrieved from /home/krishnaformeera/Sumitomo/datapipeline/venv/lib/python3.11/site-packages/airflow/example_dags/example_setup_teardown_taskflow.py
[2025-08-31T18:55:56.509+0000] {logging_mixin.py:190} INFO - [2025-08-31T18:55:56.509+0000] {dag.py:3239} INFO - Sync 1 DAGs
[2025-08-31T18:55:56.521+0000] {logging_mixin.py:190} INFO - [2025-08-31T18:55:56.520+0000] {dag.py:4180} INFO - Setting next_dagrun for example_setup_teardown_taskflow to None, run_after=None
[2025-08-31T18:55:56.543+0000] {processor.py:208} INFO - Processing /home/krishnaformeera/Sumitomo/datapipeline/venv/lib/python3.11/site-packages/airflow/example_dags/example_setup_teardown_taskflow.py took 0.071 seconds
[2025-08-31T18:56:49.704+0000] {processor.py:186} INFO - Started process (PID=8688) to work on /home/krishnaformeera/Sumitomo/datapipeline/venv/lib/python3.11/site-packages/airflow/example_dags/example_setup_teardown_taskflow.py
[2025-08-31T18:56:49.706+0000] {processor.py:914} INFO - Processing file /home/krishnaformeera/Sumitomo/datapipeline/venv/lib/python3.11/site-packages/airflow/example_dags/example_setup_teardown_taskflow.py for tasks to queue
[2025-08-31T18:56:49.709+0000] {logging_mixin.py:190} INFO - [2025-08-31T18:56:49.709+0000] {dagbag.py:588} INFO - Filling up the DagBag from /home/krishnaformeera/Sumitomo/datapipeline/venv/lib/python3.11/site-packages/airflow/example_dags/example_setup_teardown_taskflow.py
[2025-08-31T18:56:49.726+0000] {processor.py:925} INFO - DAG(s) 'example_setup_teardown_taskflow' retrieved from /home/krishnaformeera/Sumitomo/datapipeline/venv/lib/python3.11/site-packages/airflow/example_dags/example_setup_teardown_taskflow.py
[2025-08-31T18:56:49.757+0000] {logging_mixin.py:190} INFO - [2025-08-31T18:56:49.757+0000] {dag.py:3239} INFO - Sync 1 DAGs
[2025-08-31T18:56:49.773+0000] {logging_mixin.py:190} INFO - [2025-08-31T18:56:49.772+0000] {dag.py:4180} INFO - Setting next_dagrun for example_setup_teardown_taskflow to None, run_after=None
[2025-08-31T18:56:49.802+0000] {processor.py:208} INFO - Processing /home/krishnaformeera/Sumitomo/datapipeline/venv/lib/python3.11/site-packages/airflow/example_dags/example_setup_teardown_taskflow.py took 0.112 seconds
[2025-08-31T18:57:43.897+0000] {processor.py:186} INFO - Started process (PID=8742) to work on /home/krishnaformeera/Sumitomo/datapipeline/venv/lib/python3.11/site-packages/airflow/example_dags/example_setup_teardown_taskflow.py
[2025-08-31T18:57:43.898+0000] {processor.py:914} INFO - Processing file /home/krishnaformeera/Sumitomo/datapipeline/venv/lib/python3.11/site-packages/airflow/example_dags/example_setup_teardown_taskflow.py for tasks to queue
[2025-08-31T18:57:43.901+0000] {logging_mixin.py:190} INFO - [2025-08-31T18:57:43.900+0000] {dagbag.py:588} INFO - Filling up the DagBag from /home/krishnaformeera/Sumitomo/datapipeline/venv/lib/python3.11/site-packages/airflow/example_dags/example_setup_teardown_taskflow.py
[2025-08-31T18:57:43.912+0000] {processor.py:925} INFO - DAG(s) 'example_setup_teardown_taskflow' retrieved from /home/krishnaformeera/Sumitomo/datapipeline/venv/lib/python3.11/site-packages/airflow/example_dags/example_setup_teardown_taskflow.py
[2025-08-31T18:57:43.933+0000] {logging_mixin.py:190} INFO - [2025-08-31T18:57:43.933+0000] {dag.py:3239} INFO - Sync 1 DAGs
[2025-08-31T18:57:43.945+0000] {logging_mixin.py:190} INFO - [2025-08-31T18:57:43.945+0000] {dag.py:4180} INFO - Setting next_dagrun for example_setup_teardown_taskflow to None, run_after=None
[2025-08-31T18:57:43.971+0000] {processor.py:208} INFO - Processing /home/krishnaformeera/Sumitomo/datapipeline/venv/lib/python3.11/site-packages/airflow/example_dags/example_setup_teardown_taskflow.py took 0.081 seconds
[2025-08-31T18:58:35.389+0000] {processor.py:186} INFO - Started process (PID=8795) to work on /home/krishnaformeera/Sumitomo/datapipeline/venv/lib/python3.11/site-packages/airflow/example_dags/example_setup_teardown_taskflow.py
[2025-08-31T18:58:35.390+0000] {processor.py:914} INFO - Processing file /home/krishnaformeera/Sumitomo/datapipeline/venv/lib/python3.11/site-packages/airflow/example_dags/example_setup_teardown_taskflow.py for tasks to queue
[2025-08-31T18:58:35.392+0000] {logging_mixin.py:190} INFO - [2025-08-31T18:58:35.392+0000] {dagbag.py:588} INFO - Filling up the DagBag from /home/krishnaformeera/Sumitomo/datapipeline/venv/lib/python3.11/site-packages/airflow/example_dags/example_setup_teardown_taskflow.py
[2025-08-31T18:58:35.403+0000] {processor.py:925} INFO - DAG(s) 'example_setup_teardown_taskflow' retrieved from /home/krishnaformeera/Sumitomo/datapipeline/venv/lib/python3.11/site-packages/airflow/example_dags/example_setup_teardown_taskflow.py
[2025-08-31T18:58:35.420+0000] {logging_mixin.py:190} INFO - [2025-08-31T18:58:35.420+0000] {dag.py:3239} INFO - Sync 1 DAGs
[2025-08-31T18:58:35.432+0000] {logging_mixin.py:190} INFO - [2025-08-31T18:58:35.432+0000] {dag.py:4180} INFO - Setting next_dagrun for example_setup_teardown_taskflow to None, run_after=None
[2025-08-31T18:58:35.458+0000] {processor.py:208} INFO - Processing /home/krishnaformeera/Sumitomo/datapipeline/venv/lib/python3.11/site-packages/airflow/example_dags/example_setup_teardown_taskflow.py took 0.075 seconds
