[2025-08-31T18:31:34.578+0000] {processor.py:186} INFO - Started process (PID=5270) to work on /home/krishnaformeera/Sumitomo/datapipeline/venv/lib/python3.11/site-packages/airflow/example_dags/example_branch_labels.py
[2025-08-31T18:31:34.579+0000] {processor.py:914} INFO - Processing file /home/krishnaformeera/Sumitomo/datapipeline/venv/lib/python3.11/site-packages/airflow/example_dags/example_branch_labels.py for tasks to queue
[2025-08-31T18:31:34.583+0000] {logging_mixin.py:190} INFO - [2025-08-31T18:31:34.582+0000] {dagbag.py:588} INFO - Filling up the DagBag from /home/krishnaformeera/Sumitomo/datapipeline/venv/lib/python3.11/site-packages/airflow/example_dags/example_branch_labels.py
[2025-08-31T18:31:34.597+0000] {processor.py:925} INFO - DAG(s) 'example_branch_labels' retrieved from /home/krishnaformeera/Sumitomo/datapipeline/venv/lib/python3.11/site-packages/airflow/example_dags/example_branch_labels.py
[2025-08-31T18:31:34.692+0000] {logging_mixin.py:190} INFO - [2025-08-31T18:31:34.691+0000] {override.py:1900} INFO - Created Permission View: can edit on DAG:example_branch_labels
[2025-08-31T18:31:34.705+0000] {logging_mixin.py:190} INFO - [2025-08-31T18:31:34.705+0000] {override.py:1900} INFO - Created Permission View: can read on DAG:example_branch_labels
[2025-08-31T18:31:34.716+0000] {logging_mixin.py:190} INFO - [2025-08-31T18:31:34.715+0000] {override.py:1900} INFO - Created Permission View: can delete on DAG:example_branch_labels
[2025-08-31T18:31:34.733+0000] {logging_mixin.py:190} INFO - [2025-08-31T18:31:34.733+0000] {override.py:1900} INFO - Created Permission View: menu access on DAG Run:example_branch_labels
[2025-08-31T18:31:34.742+0000] {logging_mixin.py:190} INFO - [2025-08-31T18:31:34.742+0000] {override.py:1900} INFO - Created Permission View: can read on DAG Run:example_branch_labels
[2025-08-31T18:31:34.751+0000] {logging_mixin.py:190} INFO - [2025-08-31T18:31:34.751+0000] {override.py:1900} INFO - Created Permission View: can create on DAG Run:example_branch_labels
[2025-08-31T18:31:34.762+0000] {logging_mixin.py:190} INFO - [2025-08-31T18:31:34.762+0000] {override.py:1900} INFO - Created Permission View: can delete on DAG Run:example_branch_labels
[2025-08-31T18:31:34.763+0000] {logging_mixin.py:190} INFO - [2025-08-31T18:31:34.763+0000] {dag.py:3239} INFO - Sync 1 DAGs
[2025-08-31T18:31:34.777+0000] {logging_mixin.py:190} INFO - [2025-08-31T18:31:34.776+0000] {dag.py:3262} INFO - Creating ORM DAG for example_branch_labels
[2025-08-31T18:31:34.788+0000] {logging_mixin.py:190} INFO - [2025-08-31T18:31:34.788+0000] {dag.py:4180} INFO - Setting next_dagrun for example_branch_labels to 2025-08-30 00:00:00+00:00, run_after=2025-08-31 00:00:00+00:00
[2025-08-31T18:31:34.892+0000] {processor.py:208} INFO - Processing /home/krishnaformeera/Sumitomo/datapipeline/venv/lib/python3.11/site-packages/airflow/example_dags/example_branch_labels.py took 0.319 seconds
[2025-08-31T18:32:35.322+0000] {processor.py:186} INFO - Started process (PID=5330) to work on /home/krishnaformeera/Sumitomo/datapipeline/venv/lib/python3.11/site-packages/airflow/example_dags/example_branch_labels.py
[2025-08-31T18:32:35.323+0000] {processor.py:914} INFO - Processing file /home/krishnaformeera/Sumitomo/datapipeline/venv/lib/python3.11/site-packages/airflow/example_dags/example_branch_labels.py for tasks to queue
[2025-08-31T18:32:35.325+0000] {logging_mixin.py:190} INFO - [2025-08-31T18:32:35.325+0000] {dagbag.py:588} INFO - Filling up the DagBag from /home/krishnaformeera/Sumitomo/datapipeline/venv/lib/python3.11/site-packages/airflow/example_dags/example_branch_labels.py
[2025-08-31T18:32:35.337+0000] {processor.py:925} INFO - DAG(s) 'example_branch_labels' retrieved from /home/krishnaformeera/Sumitomo/datapipeline/venv/lib/python3.11/site-packages/airflow/example_dags/example_branch_labels.py
[2025-08-31T18:32:35.357+0000] {logging_mixin.py:190} INFO - [2025-08-31T18:32:35.356+0000] {dag.py:3239} INFO - Sync 1 DAGs
[2025-08-31T18:32:35.378+0000] {logging_mixin.py:190} INFO - [2025-08-31T18:32:35.377+0000] {dag.py:4180} INFO - Setting next_dagrun for example_branch_labels to 2025-08-30 00:00:00+00:00, run_after=2025-08-31 00:00:00+00:00
[2025-08-31T18:32:35.402+0000] {processor.py:208} INFO - Processing /home/krishnaformeera/Sumitomo/datapipeline/venv/lib/python3.11/site-packages/airflow/example_dags/example_branch_labels.py took 0.087 seconds
[2025-08-31T18:33:50.967+0000] {processor.py:186} INFO - Started process (PID=5406) to work on /home/krishnaformeera/Sumitomo/datapipeline/venv/lib/python3.11/site-packages/airflow/example_dags/example_branch_labels.py
[2025-08-31T18:33:50.968+0000] {processor.py:914} INFO - Processing file /home/krishnaformeera/Sumitomo/datapipeline/venv/lib/python3.11/site-packages/airflow/example_dags/example_branch_labels.py for tasks to queue
[2025-08-31T18:33:50.971+0000] {logging_mixin.py:190} INFO - [2025-08-31T18:33:50.970+0000] {dagbag.py:588} INFO - Filling up the DagBag from /home/krishnaformeera/Sumitomo/datapipeline/venv/lib/python3.11/site-packages/airflow/example_dags/example_branch_labels.py
[2025-08-31T18:33:50.983+0000] {processor.py:925} INFO - DAG(s) 'example_branch_labels' retrieved from /home/krishnaformeera/Sumitomo/datapipeline/venv/lib/python3.11/site-packages/airflow/example_dags/example_branch_labels.py
[2025-08-31T18:33:51.114+0000] {logging_mixin.py:190} INFO - [2025-08-31T18:33:51.113+0000] {dag.py:3239} INFO - Sync 1 DAGs
[2025-08-31T18:33:51.129+0000] {logging_mixin.py:190} INFO - [2025-08-31T18:33:51.128+0000] {dag.py:4180} INFO - Setting next_dagrun for example_branch_labels to 2025-08-30 00:00:00+00:00, run_after=2025-08-31 00:00:00+00:00
[2025-08-31T18:33:51.149+0000] {processor.py:208} INFO - Processing /home/krishnaformeera/Sumitomo/datapipeline/venv/lib/python3.11/site-packages/airflow/example_dags/example_branch_labels.py took 0.189 seconds
[2025-08-31T18:34:45.676+0000] {processor.py:186} INFO - Started process (PID=5463) to work on /home/krishnaformeera/Sumitomo/datapipeline/venv/lib/python3.11/site-packages/airflow/example_dags/example_branch_labels.py
[2025-08-31T18:34:45.677+0000] {processor.py:914} INFO - Processing file /home/krishnaformeera/Sumitomo/datapipeline/venv/lib/python3.11/site-packages/airflow/example_dags/example_branch_labels.py for tasks to queue
[2025-08-31T18:34:45.681+0000] {logging_mixin.py:190} INFO - [2025-08-31T18:34:45.680+0000] {dagbag.py:588} INFO - Filling up the DagBag from /home/krishnaformeera/Sumitomo/datapipeline/venv/lib/python3.11/site-packages/airflow/example_dags/example_branch_labels.py
[2025-08-31T18:34:45.692+0000] {processor.py:925} INFO - DAG(s) 'example_branch_labels' retrieved from /home/krishnaformeera/Sumitomo/datapipeline/venv/lib/python3.11/site-packages/airflow/example_dags/example_branch_labels.py
[2025-08-31T18:34:45.712+0000] {logging_mixin.py:190} INFO - [2025-08-31T18:34:45.711+0000] {dag.py:3239} INFO - Sync 1 DAGs
[2025-08-31T18:34:45.734+0000] {logging_mixin.py:190} INFO - [2025-08-31T18:34:45.733+0000] {dag.py:4180} INFO - Setting next_dagrun for example_branch_labels to 2025-08-30 00:00:00+00:00, run_after=2025-08-31 00:00:00+00:00
[2025-08-31T18:34:45.758+0000] {processor.py:208} INFO - Processing /home/krishnaformeera/Sumitomo/datapipeline/venv/lib/python3.11/site-packages/airflow/example_dags/example_branch_labels.py took 0.089 seconds
[2025-08-31T18:36:01.070+0000] {processor.py:186} INFO - Started process (PID=5552) to work on /home/krishnaformeera/Sumitomo/datapipeline/venv/lib/python3.11/site-packages/airflow/example_dags/example_branch_labels.py
[2025-08-31T18:36:01.071+0000] {processor.py:914} INFO - Processing file /home/krishnaformeera/Sumitomo/datapipeline/venv/lib/python3.11/site-packages/airflow/example_dags/example_branch_labels.py for tasks to queue
[2025-08-31T18:36:01.074+0000] {logging_mixin.py:190} INFO - [2025-08-31T18:36:01.073+0000] {dagbag.py:588} INFO - Filling up the DagBag from /home/krishnaformeera/Sumitomo/datapipeline/venv/lib/python3.11/site-packages/airflow/example_dags/example_branch_labels.py
[2025-08-31T18:36:01.085+0000] {processor.py:925} INFO - DAG(s) 'example_branch_labels' retrieved from /home/krishnaformeera/Sumitomo/datapipeline/venv/lib/python3.11/site-packages/airflow/example_dags/example_branch_labels.py
[2025-08-31T18:36:01.105+0000] {logging_mixin.py:190} INFO - [2025-08-31T18:36:01.105+0000] {dag.py:3239} INFO - Sync 1 DAGs
[2025-08-31T18:36:01.125+0000] {logging_mixin.py:190} INFO - [2025-08-31T18:36:01.125+0000] {dag.py:4180} INFO - Setting next_dagrun for example_branch_labels to 2025-08-30 00:00:00+00:00, run_after=2025-08-31 00:00:00+00:00
[2025-08-31T18:36:01.151+0000] {processor.py:208} INFO - Processing /home/krishnaformeera/Sumitomo/datapipeline/venv/lib/python3.11/site-packages/airflow/example_dags/example_branch_labels.py took 0.088 seconds
[2025-08-31T18:37:17.463+0000] {processor.py:186} INFO - Started process (PID=5644) to work on /home/krishnaformeera/Sumitomo/datapipeline/venv/lib/python3.11/site-packages/airflow/example_dags/example_branch_labels.py
[2025-08-31T18:37:17.464+0000] {processor.py:914} INFO - Processing file /home/krishnaformeera/Sumitomo/datapipeline/venv/lib/python3.11/site-packages/airflow/example_dags/example_branch_labels.py for tasks to queue
[2025-08-31T18:37:17.467+0000] {logging_mixin.py:190} INFO - [2025-08-31T18:37:17.466+0000] {dagbag.py:588} INFO - Filling up the DagBag from /home/krishnaformeera/Sumitomo/datapipeline/venv/lib/python3.11/site-packages/airflow/example_dags/example_branch_labels.py
[2025-08-31T18:37:17.479+0000] {processor.py:925} INFO - DAG(s) 'example_branch_labels' retrieved from /home/krishnaformeera/Sumitomo/datapipeline/venv/lib/python3.11/site-packages/airflow/example_dags/example_branch_labels.py
[2025-08-31T18:37:17.499+0000] {logging_mixin.py:190} INFO - [2025-08-31T18:37:17.498+0000] {dag.py:3239} INFO - Sync 1 DAGs
[2025-08-31T18:37:17.521+0000] {logging_mixin.py:190} INFO - [2025-08-31T18:37:17.521+0000] {dag.py:4180} INFO - Setting next_dagrun for example_branch_labels to 2025-08-30 00:00:00+00:00, run_after=2025-08-31 00:00:00+00:00
[2025-08-31T18:37:17.545+0000] {processor.py:208} INFO - Processing /home/krishnaformeera/Sumitomo/datapipeline/venv/lib/python3.11/site-packages/airflow/example_dags/example_branch_labels.py took 0.090 seconds
[2025-08-31T18:40:41.490+0000] {processor.py:186} INFO - Started process (PID=6238) to work on /home/krishnaformeera/Sumitomo/datapipeline/venv/lib/python3.11/site-packages/airflow/example_dags/example_branch_labels.py
[2025-08-31T18:40:41.492+0000] {processor.py:914} INFO - Processing file /home/krishnaformeera/Sumitomo/datapipeline/venv/lib/python3.11/site-packages/airflow/example_dags/example_branch_labels.py for tasks to queue
[2025-08-31T18:40:41.496+0000] {logging_mixin.py:190} INFO - [2025-08-31T18:40:41.495+0000] {dagbag.py:588} INFO - Filling up the DagBag from /home/krishnaformeera/Sumitomo/datapipeline/venv/lib/python3.11/site-packages/airflow/example_dags/example_branch_labels.py
[2025-08-31T18:40:41.510+0000] {processor.py:925} INFO - DAG(s) 'example_branch_labels' retrieved from /home/krishnaformeera/Sumitomo/datapipeline/venv/lib/python3.11/site-packages/airflow/example_dags/example_branch_labels.py
[2025-08-31T18:40:41.539+0000] {logging_mixin.py:190} INFO - [2025-08-31T18:40:41.539+0000] {dag.py:3239} INFO - Sync 1 DAGs
[2025-08-31T18:40:41.578+0000] {logging_mixin.py:190} INFO - [2025-08-31T18:40:41.578+0000] {dag.py:4180} INFO - Setting next_dagrun for example_branch_labels to 2025-08-30 00:00:00+00:00, run_after=2025-08-31 00:00:00+00:00
[2025-08-31T18:40:41.617+0000] {processor.py:208} INFO - Processing /home/krishnaformeera/Sumitomo/datapipeline/venv/lib/python3.11/site-packages/airflow/example_dags/example_branch_labels.py took 0.138 seconds
[2025-08-31T18:41:35.363+0000] {processor.py:186} INFO - Started process (PID=6427) to work on /home/krishnaformeera/Sumitomo/datapipeline/venv/lib/python3.11/site-packages/airflow/example_dags/example_branch_labels.py
[2025-08-31T18:41:35.364+0000] {processor.py:914} INFO - Processing file /home/krishnaformeera/Sumitomo/datapipeline/venv/lib/python3.11/site-packages/airflow/example_dags/example_branch_labels.py for tasks to queue
[2025-08-31T18:41:35.367+0000] {logging_mixin.py:190} INFO - [2025-08-31T18:41:35.366+0000] {dagbag.py:588} INFO - Filling up the DagBag from /home/krishnaformeera/Sumitomo/datapipeline/venv/lib/python3.11/site-packages/airflow/example_dags/example_branch_labels.py
[2025-08-31T18:41:35.377+0000] {processor.py:925} INFO - DAG(s) 'example_branch_labels' retrieved from /home/krishnaformeera/Sumitomo/datapipeline/venv/lib/python3.11/site-packages/airflow/example_dags/example_branch_labels.py
[2025-08-31T18:41:35.393+0000] {logging_mixin.py:190} INFO - [2025-08-31T18:41:35.393+0000] {dag.py:3239} INFO - Sync 1 DAGs
[2025-08-31T18:41:35.411+0000] {logging_mixin.py:190} INFO - [2025-08-31T18:41:35.411+0000] {dag.py:4180} INFO - Setting next_dagrun for example_branch_labels to 2025-08-30 00:00:00+00:00, run_after=2025-08-31 00:00:00+00:00
[2025-08-31T18:41:35.432+0000] {processor.py:208} INFO - Processing /home/krishnaformeera/Sumitomo/datapipeline/venv/lib/python3.11/site-packages/airflow/example_dags/example_branch_labels.py took 0.076 seconds
[2025-08-31T18:42:57.476+0000] {processor.py:186} INFO - Started process (PID=6735) to work on /home/krishnaformeera/Sumitomo/datapipeline/venv/lib/python3.11/site-packages/airflow/example_dags/example_branch_labels.py
[2025-08-31T18:42:57.477+0000] {processor.py:914} INFO - Processing file /home/krishnaformeera/Sumitomo/datapipeline/venv/lib/python3.11/site-packages/airflow/example_dags/example_branch_labels.py for tasks to queue
[2025-08-31T18:42:57.479+0000] {logging_mixin.py:190} INFO - [2025-08-31T18:42:57.479+0000] {dagbag.py:588} INFO - Filling up the DagBag from /home/krishnaformeera/Sumitomo/datapipeline/venv/lib/python3.11/site-packages/airflow/example_dags/example_branch_labels.py
[2025-08-31T18:42:57.491+0000] {processor.py:925} INFO - DAG(s) 'example_branch_labels' retrieved from /home/krishnaformeera/Sumitomo/datapipeline/venv/lib/python3.11/site-packages/airflow/example_dags/example_branch_labels.py
[2025-08-31T18:42:57.608+0000] {logging_mixin.py:190} INFO - [2025-08-31T18:42:57.608+0000] {dag.py:3239} INFO - Sync 1 DAGs
[2025-08-31T18:42:57.630+0000] {logging_mixin.py:190} INFO - [2025-08-31T18:42:57.630+0000] {dag.py:4180} INFO - Setting next_dagrun for example_branch_labels to 2025-08-30 00:00:00+00:00, run_after=2025-08-31 00:00:00+00:00
[2025-08-31T18:42:57.651+0000] {processor.py:208} INFO - Processing /home/krishnaformeera/Sumitomo/datapipeline/venv/lib/python3.11/site-packages/airflow/example_dags/example_branch_labels.py took 0.182 seconds
[2025-08-31T18:43:54.380+0000] {processor.py:186} INFO - Started process (PID=6977) to work on /home/krishnaformeera/Sumitomo/datapipeline/venv/lib/python3.11/site-packages/airflow/example_dags/example_branch_labels.py
[2025-08-31T18:43:54.381+0000] {processor.py:914} INFO - Processing file /home/krishnaformeera/Sumitomo/datapipeline/venv/lib/python3.11/site-packages/airflow/example_dags/example_branch_labels.py for tasks to queue
[2025-08-31T18:43:54.383+0000] {logging_mixin.py:190} INFO - [2025-08-31T18:43:54.383+0000] {dagbag.py:588} INFO - Filling up the DagBag from /home/krishnaformeera/Sumitomo/datapipeline/venv/lib/python3.11/site-packages/airflow/example_dags/example_branch_labels.py
[2025-08-31T18:43:54.393+0000] {processor.py:925} INFO - DAG(s) 'example_branch_labels' retrieved from /home/krishnaformeera/Sumitomo/datapipeline/venv/lib/python3.11/site-packages/airflow/example_dags/example_branch_labels.py
[2025-08-31T18:43:54.410+0000] {logging_mixin.py:190} INFO - [2025-08-31T18:43:54.410+0000] {dag.py:3239} INFO - Sync 1 DAGs
[2025-08-31T18:43:54.429+0000] {logging_mixin.py:190} INFO - [2025-08-31T18:43:54.429+0000] {dag.py:4180} INFO - Setting next_dagrun for example_branch_labels to 2025-08-30 00:00:00+00:00, run_after=2025-08-31 00:00:00+00:00
[2025-08-31T18:43:54.454+0000] {processor.py:208} INFO - Processing /home/krishnaformeera/Sumitomo/datapipeline/venv/lib/python3.11/site-packages/airflow/example_dags/example_branch_labels.py took 0.081 seconds
[2025-08-31T18:45:09.395+0000] {processor.py:186} INFO - Started process (PID=7319) to work on /home/krishnaformeera/Sumitomo/datapipeline/venv/lib/python3.11/site-packages/airflow/example_dags/example_branch_labels.py
[2025-08-31T18:45:09.398+0000] {processor.py:914} INFO - Processing file /home/krishnaformeera/Sumitomo/datapipeline/venv/lib/python3.11/site-packages/airflow/example_dags/example_branch_labels.py for tasks to queue
[2025-08-31T18:45:09.401+0000] {logging_mixin.py:190} INFO - [2025-08-31T18:45:09.400+0000] {dagbag.py:588} INFO - Filling up the DagBag from /home/krishnaformeera/Sumitomo/datapipeline/venv/lib/python3.11/site-packages/airflow/example_dags/example_branch_labels.py
[2025-08-31T18:45:09.412+0000] {processor.py:925} INFO - DAG(s) 'example_branch_labels' retrieved from /home/krishnaformeera/Sumitomo/datapipeline/venv/lib/python3.11/site-packages/airflow/example_dags/example_branch_labels.py
[2025-08-31T18:45:09.429+0000] {logging_mixin.py:190} INFO - [2025-08-31T18:45:09.428+0000] {dag.py:3239} INFO - Sync 1 DAGs
[2025-08-31T18:45:09.450+0000] {logging_mixin.py:190} INFO - [2025-08-31T18:45:09.449+0000] {dag.py:4180} INFO - Setting next_dagrun for example_branch_labels to 2025-08-30 00:00:00+00:00, run_after=2025-08-31 00:00:00+00:00
[2025-08-31T18:45:09.470+0000] {processor.py:208} INFO - Processing /home/krishnaformeera/Sumitomo/datapipeline/venv/lib/python3.11/site-packages/airflow/example_dags/example_branch_labels.py took 0.082 seconds
[2025-08-31T18:46:27.521+0000] {processor.py:186} INFO - Started process (PID=7647) to work on /home/krishnaformeera/Sumitomo/datapipeline/venv/lib/python3.11/site-packages/airflow/example_dags/example_branch_labels.py
[2025-08-31T18:46:27.524+0000] {processor.py:914} INFO - Processing file /home/krishnaformeera/Sumitomo/datapipeline/venv/lib/python3.11/site-packages/airflow/example_dags/example_branch_labels.py for tasks to queue
[2025-08-31T18:46:27.527+0000] {logging_mixin.py:190} INFO - [2025-08-31T18:46:27.526+0000] {dagbag.py:588} INFO - Filling up the DagBag from /home/krishnaformeera/Sumitomo/datapipeline/venv/lib/python3.11/site-packages/airflow/example_dags/example_branch_labels.py
[2025-08-31T18:46:27.538+0000] {processor.py:925} INFO - DAG(s) 'example_branch_labels' retrieved from /home/krishnaformeera/Sumitomo/datapipeline/venv/lib/python3.11/site-packages/airflow/example_dags/example_branch_labels.py
[2025-08-31T18:46:27.556+0000] {logging_mixin.py:190} INFO - [2025-08-31T18:46:27.555+0000] {dag.py:3239} INFO - Sync 1 DAGs
[2025-08-31T18:46:27.576+0000] {logging_mixin.py:190} INFO - [2025-08-31T18:46:27.576+0000] {dag.py:4180} INFO - Setting next_dagrun for example_branch_labels to 2025-08-30 00:00:00+00:00, run_after=2025-08-31 00:00:00+00:00
[2025-08-31T18:46:27.597+0000] {processor.py:208} INFO - Processing /home/krishnaformeera/Sumitomo/datapipeline/venv/lib/python3.11/site-packages/airflow/example_dags/example_branch_labels.py took 0.083 seconds
[2025-08-31T18:47:23.942+0000] {processor.py:186} INFO - Started process (PID=7792) to work on /home/krishnaformeera/Sumitomo/datapipeline/venv/lib/python3.11/site-packages/airflow/example_dags/example_branch_labels.py
[2025-08-31T18:47:23.943+0000] {processor.py:914} INFO - Processing file /home/krishnaformeera/Sumitomo/datapipeline/venv/lib/python3.11/site-packages/airflow/example_dags/example_branch_labels.py for tasks to queue
[2025-08-31T18:47:23.945+0000] {logging_mixin.py:190} INFO - [2025-08-31T18:47:23.945+0000] {dagbag.py:588} INFO - Filling up the DagBag from /home/krishnaformeera/Sumitomo/datapipeline/venv/lib/python3.11/site-packages/airflow/example_dags/example_branch_labels.py
[2025-08-31T18:47:23.955+0000] {processor.py:925} INFO - DAG(s) 'example_branch_labels' retrieved from /home/krishnaformeera/Sumitomo/datapipeline/venv/lib/python3.11/site-packages/airflow/example_dags/example_branch_labels.py
[2025-08-31T18:47:23.971+0000] {logging_mixin.py:190} INFO - [2025-08-31T18:47:23.971+0000] {dag.py:3239} INFO - Sync 1 DAGs
[2025-08-31T18:47:23.994+0000] {logging_mixin.py:190} INFO - [2025-08-31T18:47:23.994+0000] {dag.py:4180} INFO - Setting next_dagrun for example_branch_labels to 2025-08-30 00:00:00+00:00, run_after=2025-08-31 00:00:00+00:00
[2025-08-31T18:47:24.020+0000] {processor.py:208} INFO - Processing /home/krishnaformeera/Sumitomo/datapipeline/venv/lib/python3.11/site-packages/airflow/example_dags/example_branch_labels.py took 0.084 seconds
[2025-08-31T18:48:38.566+0000] {processor.py:186} INFO - Started process (PID=7870) to work on /home/krishnaformeera/Sumitomo/datapipeline/venv/lib/python3.11/site-packages/airflow/example_dags/example_branch_labels.py
[2025-08-31T18:48:38.568+0000] {processor.py:914} INFO - Processing file /home/krishnaformeera/Sumitomo/datapipeline/venv/lib/python3.11/site-packages/airflow/example_dags/example_branch_labels.py for tasks to queue
[2025-08-31T18:48:38.570+0000] {logging_mixin.py:190} INFO - [2025-08-31T18:48:38.570+0000] {dagbag.py:588} INFO - Filling up the DagBag from /home/krishnaformeera/Sumitomo/datapipeline/venv/lib/python3.11/site-packages/airflow/example_dags/example_branch_labels.py
[2025-08-31T18:48:38.581+0000] {processor.py:925} INFO - DAG(s) 'example_branch_labels' retrieved from /home/krishnaformeera/Sumitomo/datapipeline/venv/lib/python3.11/site-packages/airflow/example_dags/example_branch_labels.py
[2025-08-31T18:48:38.600+0000] {logging_mixin.py:190} INFO - [2025-08-31T18:48:38.599+0000] {dag.py:3239} INFO - Sync 1 DAGs
[2025-08-31T18:48:38.622+0000] {logging_mixin.py:190} INFO - [2025-08-31T18:48:38.622+0000] {dag.py:4180} INFO - Setting next_dagrun for example_branch_labels to 2025-08-30 00:00:00+00:00, run_after=2025-08-31 00:00:00+00:00
[2025-08-31T18:48:38.646+0000] {processor.py:208} INFO - Processing /home/krishnaformeera/Sumitomo/datapipeline/venv/lib/python3.11/site-packages/airflow/example_dags/example_branch_labels.py took 0.087 seconds
[2025-08-31T18:49:56.178+0000] {processor.py:186} INFO - Started process (PID=7999) to work on /home/krishnaformeera/Sumitomo/datapipeline/venv/lib/python3.11/site-packages/airflow/example_dags/example_branch_labels.py
[2025-08-31T18:49:56.180+0000] {processor.py:914} INFO - Processing file /home/krishnaformeera/Sumitomo/datapipeline/venv/lib/python3.11/site-packages/airflow/example_dags/example_branch_labels.py for tasks to queue
[2025-08-31T18:49:56.182+0000] {logging_mixin.py:190} INFO - [2025-08-31T18:49:56.181+0000] {dagbag.py:588} INFO - Filling up the DagBag from /home/krishnaformeera/Sumitomo/datapipeline/venv/lib/python3.11/site-packages/airflow/example_dags/example_branch_labels.py
[2025-08-31T18:49:56.194+0000] {processor.py:925} INFO - DAG(s) 'example_branch_labels' retrieved from /home/krishnaformeera/Sumitomo/datapipeline/venv/lib/python3.11/site-packages/airflow/example_dags/example_branch_labels.py
[2025-08-31T18:49:56.212+0000] {logging_mixin.py:190} INFO - [2025-08-31T18:49:56.211+0000] {dag.py:3239} INFO - Sync 1 DAGs
[2025-08-31T18:49:56.233+0000] {logging_mixin.py:190} INFO - [2025-08-31T18:49:56.232+0000] {dag.py:4180} INFO - Setting next_dagrun for example_branch_labels to 2025-08-30 00:00:00+00:00, run_after=2025-08-31 00:00:00+00:00
[2025-08-31T18:49:56.255+0000] {processor.py:208} INFO - Processing /home/krishnaformeera/Sumitomo/datapipeline/venv/lib/python3.11/site-packages/airflow/example_dags/example_branch_labels.py took 0.083 seconds
[2025-08-31T18:51:13.816+0000] {processor.py:186} INFO - Started process (PID=8128) to work on /home/krishnaformeera/Sumitomo/datapipeline/venv/lib/python3.11/site-packages/airflow/example_dags/example_branch_labels.py
[2025-08-31T18:51:13.817+0000] {processor.py:914} INFO - Processing file /home/krishnaformeera/Sumitomo/datapipeline/venv/lib/python3.11/site-packages/airflow/example_dags/example_branch_labels.py for tasks to queue
[2025-08-31T18:51:13.819+0000] {logging_mixin.py:190} INFO - [2025-08-31T18:51:13.818+0000] {dagbag.py:588} INFO - Filling up the DagBag from /home/krishnaformeera/Sumitomo/datapipeline/venv/lib/python3.11/site-packages/airflow/example_dags/example_branch_labels.py
[2025-08-31T18:51:13.829+0000] {processor.py:925} INFO - DAG(s) 'example_branch_labels' retrieved from /home/krishnaformeera/Sumitomo/datapipeline/venv/lib/python3.11/site-packages/airflow/example_dags/example_branch_labels.py
[2025-08-31T18:51:13.846+0000] {logging_mixin.py:190} INFO - [2025-08-31T18:51:13.846+0000] {dag.py:3239} INFO - Sync 1 DAGs
[2025-08-31T18:51:13.865+0000] {logging_mixin.py:190} INFO - [2025-08-31T18:51:13.865+0000] {dag.py:4180} INFO - Setting next_dagrun for example_branch_labels to 2025-08-30 00:00:00+00:00, run_after=2025-08-31 00:00:00+00:00
[2025-08-31T18:51:13.884+0000] {processor.py:208} INFO - Processing /home/krishnaformeera/Sumitomo/datapipeline/venv/lib/python3.11/site-packages/airflow/example_dags/example_branch_labels.py took 0.074 seconds
[2025-08-31T18:52:26.942+0000] {processor.py:186} INFO - Started process (PID=8233) to work on /home/krishnaformeera/Sumitomo/datapipeline/venv/lib/python3.11/site-packages/airflow/example_dags/example_branch_labels.py
[2025-08-31T18:52:26.943+0000] {processor.py:914} INFO - Processing file /home/krishnaformeera/Sumitomo/datapipeline/venv/lib/python3.11/site-packages/airflow/example_dags/example_branch_labels.py for tasks to queue
[2025-08-31T18:52:26.945+0000] {logging_mixin.py:190} INFO - [2025-08-31T18:52:26.945+0000] {dagbag.py:588} INFO - Filling up the DagBag from /home/krishnaformeera/Sumitomo/datapipeline/venv/lib/python3.11/site-packages/airflow/example_dags/example_branch_labels.py
[2025-08-31T18:52:26.955+0000] {processor.py:925} INFO - DAG(s) 'example_branch_labels' retrieved from /home/krishnaformeera/Sumitomo/datapipeline/venv/lib/python3.11/site-packages/airflow/example_dags/example_branch_labels.py
[2025-08-31T18:52:26.972+0000] {logging_mixin.py:190} INFO - [2025-08-31T18:52:26.971+0000] {dag.py:3239} INFO - Sync 1 DAGs
[2025-08-31T18:52:26.991+0000] {logging_mixin.py:190} INFO - [2025-08-31T18:52:26.991+0000] {dag.py:4180} INFO - Setting next_dagrun for example_branch_labels to 2025-08-30 00:00:00+00:00, run_after=2025-08-31 00:00:00+00:00
[2025-08-31T18:52:27.012+0000] {processor.py:208} INFO - Processing /home/krishnaformeera/Sumitomo/datapipeline/venv/lib/python3.11/site-packages/airflow/example_dags/example_branch_labels.py took 0.077 seconds
[2025-08-31T18:53:41.872+0000] {processor.py:186} INFO - Started process (PID=8456) to work on /home/krishnaformeera/Sumitomo/datapipeline/venv/lib/python3.11/site-packages/airflow/example_dags/example_branch_labels.py
[2025-08-31T18:53:41.873+0000] {processor.py:914} INFO - Processing file /home/krishnaformeera/Sumitomo/datapipeline/venv/lib/python3.11/site-packages/airflow/example_dags/example_branch_labels.py for tasks to queue
[2025-08-31T18:53:41.876+0000] {logging_mixin.py:190} INFO - [2025-08-31T18:53:41.875+0000] {dagbag.py:588} INFO - Filling up the DagBag from /home/krishnaformeera/Sumitomo/datapipeline/venv/lib/python3.11/site-packages/airflow/example_dags/example_branch_labels.py
[2025-08-31T18:53:41.886+0000] {processor.py:925} INFO - DAG(s) 'example_branch_labels' retrieved from /home/krishnaformeera/Sumitomo/datapipeline/venv/lib/python3.11/site-packages/airflow/example_dags/example_branch_labels.py
[2025-08-31T18:53:41.903+0000] {logging_mixin.py:190} INFO - [2025-08-31T18:53:41.903+0000] {dag.py:3239} INFO - Sync 1 DAGs
[2025-08-31T18:53:41.926+0000] {logging_mixin.py:190} INFO - [2025-08-31T18:53:41.925+0000] {dag.py:4180} INFO - Setting next_dagrun for example_branch_labels to 2025-08-30 00:00:00+00:00, run_after=2025-08-31 00:00:00+00:00
[2025-08-31T18:53:41.947+0000] {processor.py:208} INFO - Processing /home/krishnaformeera/Sumitomo/datapipeline/venv/lib/python3.11/site-packages/airflow/example_dags/example_branch_labels.py took 0.082 seconds
[2025-08-31T18:54:56.696+0000] {processor.py:186} INFO - Started process (PID=8561) to work on /home/krishnaformeera/Sumitomo/datapipeline/venv/lib/python3.11/site-packages/airflow/example_dags/example_branch_labels.py
[2025-08-31T18:54:56.697+0000] {processor.py:914} INFO - Processing file /home/krishnaformeera/Sumitomo/datapipeline/venv/lib/python3.11/site-packages/airflow/example_dags/example_branch_labels.py for tasks to queue
[2025-08-31T18:54:56.699+0000] {logging_mixin.py:190} INFO - [2025-08-31T18:54:56.699+0000] {dagbag.py:588} INFO - Filling up the DagBag from /home/krishnaformeera/Sumitomo/datapipeline/venv/lib/python3.11/site-packages/airflow/example_dags/example_branch_labels.py
[2025-08-31T18:54:56.709+0000] {processor.py:925} INFO - DAG(s) 'example_branch_labels' retrieved from /home/krishnaformeera/Sumitomo/datapipeline/venv/lib/python3.11/site-packages/airflow/example_dags/example_branch_labels.py
[2025-08-31T18:54:56.725+0000] {logging_mixin.py:190} INFO - [2025-08-31T18:54:56.725+0000] {dag.py:3239} INFO - Sync 1 DAGs
[2025-08-31T18:54:56.744+0000] {logging_mixin.py:190} INFO - [2025-08-31T18:54:56.744+0000] {dag.py:4180} INFO - Setting next_dagrun for example_branch_labels to 2025-08-30 00:00:00+00:00, run_after=2025-08-31 00:00:00+00:00
[2025-08-31T18:54:56.763+0000] {processor.py:208} INFO - Processing /home/krishnaformeera/Sumitomo/datapipeline/venv/lib/python3.11/site-packages/airflow/example_dags/example_branch_labels.py took 0.074 seconds
[2025-08-31T18:56:16.112+0000] {processor.py:186} INFO - Started process (PID=8655) to work on /home/krishnaformeera/Sumitomo/datapipeline/venv/lib/python3.11/site-packages/airflow/example_dags/example_branch_labels.py
[2025-08-31T18:56:16.113+0000] {processor.py:914} INFO - Processing file /home/krishnaformeera/Sumitomo/datapipeline/venv/lib/python3.11/site-packages/airflow/example_dags/example_branch_labels.py for tasks to queue
[2025-08-31T18:56:16.116+0000] {logging_mixin.py:190} INFO - [2025-08-31T18:56:16.115+0000] {dagbag.py:588} INFO - Filling up the DagBag from /home/krishnaformeera/Sumitomo/datapipeline/venv/lib/python3.11/site-packages/airflow/example_dags/example_branch_labels.py
[2025-08-31T18:56:16.130+0000] {processor.py:925} INFO - DAG(s) 'example_branch_labels' retrieved from /home/krishnaformeera/Sumitomo/datapipeline/venv/lib/python3.11/site-packages/airflow/example_dags/example_branch_labels.py
[2025-08-31T18:56:16.149+0000] {logging_mixin.py:190} INFO - [2025-08-31T18:56:16.149+0000] {dag.py:3239} INFO - Sync 1 DAGs
[2025-08-31T18:56:16.173+0000] {logging_mixin.py:190} INFO - [2025-08-31T18:56:16.173+0000] {dag.py:4180} INFO - Setting next_dagrun for example_branch_labels to 2025-08-30 00:00:00+00:00, run_after=2025-08-31 00:00:00+00:00
[2025-08-31T18:56:16.197+0000] {processor.py:208} INFO - Processing /home/krishnaformeera/Sumitomo/datapipeline/venv/lib/python3.11/site-packages/airflow/example_dags/example_branch_labels.py took 0.095 seconds
[2025-08-31T18:57:37.383+0000] {processor.py:186} INFO - Started process (PID=8735) to work on /home/krishnaformeera/Sumitomo/datapipeline/venv/lib/python3.11/site-packages/airflow/example_dags/example_branch_labels.py
[2025-08-31T18:57:37.384+0000] {processor.py:914} INFO - Processing file /home/krishnaformeera/Sumitomo/datapipeline/venv/lib/python3.11/site-packages/airflow/example_dags/example_branch_labels.py for tasks to queue
[2025-08-31T18:57:37.386+0000] {logging_mixin.py:190} INFO - [2025-08-31T18:57:37.386+0000] {dagbag.py:588} INFO - Filling up the DagBag from /home/krishnaformeera/Sumitomo/datapipeline/venv/lib/python3.11/site-packages/airflow/example_dags/example_branch_labels.py
[2025-08-31T18:57:37.397+0000] {processor.py:925} INFO - DAG(s) 'example_branch_labels' retrieved from /home/krishnaformeera/Sumitomo/datapipeline/venv/lib/python3.11/site-packages/airflow/example_dags/example_branch_labels.py
[2025-08-31T18:57:37.413+0000] {logging_mixin.py:190} INFO - [2025-08-31T18:57:37.413+0000] {dag.py:3239} INFO - Sync 1 DAGs
[2025-08-31T18:57:37.432+0000] {logging_mixin.py:190} INFO - [2025-08-31T18:57:37.432+0000] {dag.py:4180} INFO - Setting next_dagrun for example_branch_labels to 2025-08-30 00:00:00+00:00, run_after=2025-08-31 00:00:00+00:00
[2025-08-31T18:57:37.455+0000] {processor.py:208} INFO - Processing /home/krishnaformeera/Sumitomo/datapipeline/venv/lib/python3.11/site-packages/airflow/example_dags/example_branch_labels.py took 0.078 seconds
[2025-08-31T18:58:54.719+0000] {processor.py:186} INFO - Started process (PID=8815) to work on /home/krishnaformeera/Sumitomo/datapipeline/venv/lib/python3.11/site-packages/airflow/example_dags/example_branch_labels.py
[2025-08-31T18:58:54.720+0000] {processor.py:914} INFO - Processing file /home/krishnaformeera/Sumitomo/datapipeline/venv/lib/python3.11/site-packages/airflow/example_dags/example_branch_labels.py for tasks to queue
[2025-08-31T18:58:54.722+0000] {logging_mixin.py:190} INFO - [2025-08-31T18:58:54.722+0000] {dagbag.py:588} INFO - Filling up the DagBag from /home/krishnaformeera/Sumitomo/datapipeline/venv/lib/python3.11/site-packages/airflow/example_dags/example_branch_labels.py
[2025-08-31T18:58:54.732+0000] {processor.py:925} INFO - DAG(s) 'example_branch_labels' retrieved from /home/krishnaformeera/Sumitomo/datapipeline/venv/lib/python3.11/site-packages/airflow/example_dags/example_branch_labels.py
[2025-08-31T18:58:54.750+0000] {logging_mixin.py:190} INFO - [2025-08-31T18:58:54.750+0000] {dag.py:3239} INFO - Sync 1 DAGs
[2025-08-31T18:58:54.770+0000] {logging_mixin.py:190} INFO - [2025-08-31T18:58:54.769+0000] {dag.py:4180} INFO - Setting next_dagrun for example_branch_labels to 2025-08-30 00:00:00+00:00, run_after=2025-08-31 00:00:00+00:00
[2025-08-31T18:58:54.791+0000] {processor.py:208} INFO - Processing /home/krishnaformeera/Sumitomo/datapipeline/venv/lib/python3.11/site-packages/airflow/example_dags/example_branch_labels.py took 0.078 seconds
