[2025-08-31T18:31:07.130+0000] {processor.py:186} INFO - Started process (PID=5233) to work on /home/krishnaformeera/Sumitomo/datapipeline/venv/lib/python3.11/site-packages/airflow/example_dags/example_params_trigger_ui.py
[2025-08-31T18:31:07.130+0000] {processor.py:914} INFO - Processing file /home/krishnaformeera/Sumitomo/datapipeline/venv/lib/python3.11/site-packages/airflow/example_dags/example_params_trigger_ui.py for tasks to queue
[2025-08-31T18:31:07.132+0000] {logging_mixin.py:190} INFO - [2025-08-31T18:31:07.132+0000] {dagbag.py:588} INFO - Filling up the DagBag from /home/krishnaformeera/Sumitomo/datapipeline/venv/lib/python3.11/site-packages/airflow/example_dags/example_params_trigger_ui.py
[2025-08-31T18:31:07.150+0000] {processor.py:925} INFO - DAG(s) 'example_params_trigger_ui' retrieved from /home/krishnaformeera/Sumitomo/datapipeline/venv/lib/python3.11/site-packages/airflow/example_dags/example_params_trigger_ui.py
[2025-08-31T18:31:07.275+0000] {logging_mixin.py:190} INFO - [2025-08-31T18:31:07.274+0000] {override.py:1900} INFO - Created Permission View: can edit on DAG:example_params_trigger_ui
[2025-08-31T18:31:07.286+0000] {logging_mixin.py:190} INFO - [2025-08-31T18:31:07.286+0000] {override.py:1900} INFO - Created Permission View: can read on DAG:example_params_trigger_ui
[2025-08-31T18:31:07.296+0000] {logging_mixin.py:190} INFO - [2025-08-31T18:31:07.295+0000] {override.py:1900} INFO - Created Permission View: can delete on DAG:example_params_trigger_ui
[2025-08-31T18:31:07.312+0000] {logging_mixin.py:190} INFO - [2025-08-31T18:31:07.312+0000] {override.py:1900} INFO - Created Permission View: menu access on DAG Run:example_params_trigger_ui
[2025-08-31T18:31:07.321+0000] {logging_mixin.py:190} INFO - [2025-08-31T18:31:07.321+0000] {override.py:1900} INFO - Created Permission View: can read on DAG Run:example_params_trigger_ui
[2025-08-31T18:31:07.330+0000] {logging_mixin.py:190} INFO - [2025-08-31T18:31:07.330+0000] {override.py:1900} INFO - Created Permission View: can create on DAG Run:example_params_trigger_ui
[2025-08-31T18:31:07.339+0000] {logging_mixin.py:190} INFO - [2025-08-31T18:31:07.339+0000] {override.py:1900} INFO - Created Permission View: can delete on DAG Run:example_params_trigger_ui
[2025-08-31T18:31:07.339+0000] {logging_mixin.py:190} INFO - [2025-08-31T18:31:07.339+0000] {dag.py:3239} INFO - Sync 1 DAGs
[2025-08-31T18:31:07.352+0000] {logging_mixin.py:190} INFO - [2025-08-31T18:31:07.352+0000] {dag.py:3262} INFO - Creating ORM DAG for example_params_trigger_ui
[2025-08-31T18:31:07.353+0000] {logging_mixin.py:190} INFO - [2025-08-31T18:31:07.352+0000] {dag.py:4180} INFO - Setting next_dagrun for example_params_trigger_ui to None, run_after=None
[2025-08-31T18:31:07.373+0000] {processor.py:208} INFO - Processing /home/krishnaformeera/Sumitomo/datapipeline/venv/lib/python3.11/site-packages/airflow/example_dags/example_params_trigger_ui.py took 0.249 seconds
[2025-08-31T18:32:10.644+0000] {processor.py:186} INFO - Started process (PID=5306) to work on /home/krishnaformeera/Sumitomo/datapipeline/venv/lib/python3.11/site-packages/airflow/example_dags/example_params_trigger_ui.py
[2025-08-31T18:32:10.645+0000] {processor.py:914} INFO - Processing file /home/krishnaformeera/Sumitomo/datapipeline/venv/lib/python3.11/site-packages/airflow/example_dags/example_params_trigger_ui.py for tasks to queue
[2025-08-31T18:32:10.647+0000] {logging_mixin.py:190} INFO - [2025-08-31T18:32:10.646+0000] {dagbag.py:588} INFO - Filling up the DagBag from /home/krishnaformeera/Sumitomo/datapipeline/venv/lib/python3.11/site-packages/airflow/example_dags/example_params_trigger_ui.py
[2025-08-31T18:32:10.657+0000] {processor.py:925} INFO - DAG(s) 'example_params_trigger_ui' retrieved from /home/krishnaformeera/Sumitomo/datapipeline/venv/lib/python3.11/site-packages/airflow/example_dags/example_params_trigger_ui.py
[2025-08-31T18:32:10.691+0000] {logging_mixin.py:190} INFO - [2025-08-31T18:32:10.691+0000] {dag.py:3239} INFO - Sync 1 DAGs
[2025-08-31T18:32:10.702+0000] {logging_mixin.py:190} INFO - [2025-08-31T18:32:10.702+0000] {dag.py:4180} INFO - Setting next_dagrun for example_params_trigger_ui to None, run_after=None
[2025-08-31T18:32:10.723+0000] {processor.py:208} INFO - Processing /home/krishnaformeera/Sumitomo/datapipeline/venv/lib/python3.11/site-packages/airflow/example_dags/example_params_trigger_ui.py took 0.085 seconds
[2025-08-31T18:33:07.881+0000] {processor.py:186} INFO - Started process (PID=5365) to work on /home/krishnaformeera/Sumitomo/datapipeline/venv/lib/python3.11/site-packages/airflow/example_dags/example_params_trigger_ui.py
[2025-08-31T18:33:07.882+0000] {processor.py:914} INFO - Processing file /home/krishnaformeera/Sumitomo/datapipeline/venv/lib/python3.11/site-packages/airflow/example_dags/example_params_trigger_ui.py for tasks to queue
[2025-08-31T18:33:07.884+0000] {logging_mixin.py:190} INFO - [2025-08-31T18:33:07.884+0000] {dagbag.py:588} INFO - Filling up the DagBag from /home/krishnaformeera/Sumitomo/datapipeline/venv/lib/python3.11/site-packages/airflow/example_dags/example_params_trigger_ui.py
[2025-08-31T18:33:07.895+0000] {processor.py:925} INFO - DAG(s) 'example_params_trigger_ui' retrieved from /home/krishnaformeera/Sumitomo/datapipeline/venv/lib/python3.11/site-packages/airflow/example_dags/example_params_trigger_ui.py
[2025-08-31T18:33:07.929+0000] {logging_mixin.py:190} INFO - [2025-08-31T18:33:07.929+0000] {dag.py:3239} INFO - Sync 1 DAGs
[2025-08-31T18:33:07.941+0000] {logging_mixin.py:190} INFO - [2025-08-31T18:33:07.941+0000] {dag.py:4180} INFO - Setting next_dagrun for example_params_trigger_ui to None, run_after=None
[2025-08-31T18:33:08.051+0000] {processor.py:208} INFO - Processing /home/krishnaformeera/Sumitomo/datapipeline/venv/lib/python3.11/site-packages/airflow/example_dags/example_params_trigger_ui.py took 0.175 seconds
[2025-08-31T18:34:05.190+0000] {processor.py:186} INFO - Started process (PID=5421) to work on /home/krishnaformeera/Sumitomo/datapipeline/venv/lib/python3.11/site-packages/airflow/example_dags/example_params_trigger_ui.py
[2025-08-31T18:34:05.191+0000] {processor.py:914} INFO - Processing file /home/krishnaformeera/Sumitomo/datapipeline/venv/lib/python3.11/site-packages/airflow/example_dags/example_params_trigger_ui.py for tasks to queue
[2025-08-31T18:34:05.193+0000] {logging_mixin.py:190} INFO - [2025-08-31T18:34:05.193+0000] {dagbag.py:588} INFO - Filling up the DagBag from /home/krishnaformeera/Sumitomo/datapipeline/venv/lib/python3.11/site-packages/airflow/example_dags/example_params_trigger_ui.py
[2025-08-31T18:34:05.207+0000] {processor.py:925} INFO - DAG(s) 'example_params_trigger_ui' retrieved from /home/krishnaformeera/Sumitomo/datapipeline/venv/lib/python3.11/site-packages/airflow/example_dags/example_params_trigger_ui.py
[2025-08-31T18:34:05.243+0000] {logging_mixin.py:190} INFO - [2025-08-31T18:34:05.243+0000] {dag.py:3239} INFO - Sync 1 DAGs
[2025-08-31T18:34:05.257+0000] {logging_mixin.py:190} INFO - [2025-08-31T18:34:05.256+0000] {dag.py:4180} INFO - Setting next_dagrun for example_params_trigger_ui to None, run_after=None
[2025-08-31T18:34:05.284+0000] {processor.py:208} INFO - Processing /home/krishnaformeera/Sumitomo/datapipeline/venv/lib/python3.11/site-packages/airflow/example_dags/example_params_trigger_ui.py took 0.102 seconds
[2025-08-31T18:34:59.322+0000] {processor.py:186} INFO - Started process (PID=5477) to work on /home/krishnaformeera/Sumitomo/datapipeline/venv/lib/python3.11/site-packages/airflow/example_dags/example_params_trigger_ui.py
[2025-08-31T18:34:59.323+0000] {processor.py:914} INFO - Processing file /home/krishnaformeera/Sumitomo/datapipeline/venv/lib/python3.11/site-packages/airflow/example_dags/example_params_trigger_ui.py for tasks to queue
[2025-08-31T18:34:59.325+0000] {logging_mixin.py:190} INFO - [2025-08-31T18:34:59.325+0000] {dagbag.py:588} INFO - Filling up the DagBag from /home/krishnaformeera/Sumitomo/datapipeline/venv/lib/python3.11/site-packages/airflow/example_dags/example_params_trigger_ui.py
[2025-08-31T18:34:59.337+0000] {processor.py:925} INFO - DAG(s) 'example_params_trigger_ui' retrieved from /home/krishnaformeera/Sumitomo/datapipeline/venv/lib/python3.11/site-packages/airflow/example_dags/example_params_trigger_ui.py
[2025-08-31T18:34:59.369+0000] {logging_mixin.py:190} INFO - [2025-08-31T18:34:59.369+0000] {dag.py:3239} INFO - Sync 1 DAGs
[2025-08-31T18:34:59.381+0000] {logging_mixin.py:190} INFO - [2025-08-31T18:34:59.380+0000] {dag.py:4180} INFO - Setting next_dagrun for example_params_trigger_ui to None, run_after=None
[2025-08-31T18:34:59.403+0000] {processor.py:208} INFO - Processing /home/krishnaformeera/Sumitomo/datapipeline/venv/lib/python3.11/site-packages/airflow/example_dags/example_params_trigger_ui.py took 0.087 seconds
[2025-08-31T18:35:49.608+0000] {processor.py:186} INFO - Started process (PID=5541) to work on /home/krishnaformeera/Sumitomo/datapipeline/venv/lib/python3.11/site-packages/airflow/example_dags/example_params_trigger_ui.py
[2025-08-31T18:35:49.609+0000] {processor.py:914} INFO - Processing file /home/krishnaformeera/Sumitomo/datapipeline/venv/lib/python3.11/site-packages/airflow/example_dags/example_params_trigger_ui.py for tasks to queue
[2025-08-31T18:35:49.611+0000] {logging_mixin.py:190} INFO - [2025-08-31T18:35:49.611+0000] {dagbag.py:588} INFO - Filling up the DagBag from /home/krishnaformeera/Sumitomo/datapipeline/venv/lib/python3.11/site-packages/airflow/example_dags/example_params_trigger_ui.py
[2025-08-31T18:35:49.622+0000] {processor.py:925} INFO - DAG(s) 'example_params_trigger_ui' retrieved from /home/krishnaformeera/Sumitomo/datapipeline/venv/lib/python3.11/site-packages/airflow/example_dags/example_params_trigger_ui.py
[2025-08-31T18:35:49.655+0000] {logging_mixin.py:190} INFO - [2025-08-31T18:35:49.655+0000] {dag.py:3239} INFO - Sync 1 DAGs
[2025-08-31T18:35:49.667+0000] {logging_mixin.py:190} INFO - [2025-08-31T18:35:49.666+0000] {dag.py:4180} INFO - Setting next_dagrun for example_params_trigger_ui to None, run_after=None
[2025-08-31T18:35:49.687+0000] {processor.py:208} INFO - Processing /home/krishnaformeera/Sumitomo/datapipeline/venv/lib/python3.11/site-packages/airflow/example_dags/example_params_trigger_ui.py took 0.085 seconds
[2025-08-31T18:36:39.985+0000] {processor.py:186} INFO - Started process (PID=5606) to work on /home/krishnaformeera/Sumitomo/datapipeline/venv/lib/python3.11/site-packages/airflow/example_dags/example_params_trigger_ui.py
[2025-08-31T18:36:39.986+0000] {processor.py:914} INFO - Processing file /home/krishnaformeera/Sumitomo/datapipeline/venv/lib/python3.11/site-packages/airflow/example_dags/example_params_trigger_ui.py for tasks to queue
[2025-08-31T18:36:39.988+0000] {logging_mixin.py:190} INFO - [2025-08-31T18:36:39.988+0000] {dagbag.py:588} INFO - Filling up the DagBag from /home/krishnaformeera/Sumitomo/datapipeline/venv/lib/python3.11/site-packages/airflow/example_dags/example_params_trigger_ui.py
[2025-08-31T18:36:40.001+0000] {processor.py:925} INFO - DAG(s) 'example_params_trigger_ui' retrieved from /home/krishnaformeera/Sumitomo/datapipeline/venv/lib/python3.11/site-packages/airflow/example_dags/example_params_trigger_ui.py
[2025-08-31T18:36:40.040+0000] {logging_mixin.py:190} INFO - [2025-08-31T18:36:40.040+0000] {dag.py:3239} INFO - Sync 1 DAGs
[2025-08-31T18:36:40.053+0000] {logging_mixin.py:190} INFO - [2025-08-31T18:36:40.053+0000] {dag.py:4180} INFO - Setting next_dagrun for example_params_trigger_ui to None, run_after=None
[2025-08-31T18:36:40.077+0000] {processor.py:208} INFO - Processing /home/krishnaformeera/Sumitomo/datapipeline/venv/lib/python3.11/site-packages/airflow/example_dags/example_params_trigger_ui.py took 0.100 seconds
[2025-08-31T18:37:31.495+0000] {processor.py:186} INFO - Started process (PID=5658) to work on /home/krishnaformeera/Sumitomo/datapipeline/venv/lib/python3.11/site-packages/airflow/example_dags/example_params_trigger_ui.py
[2025-08-31T18:37:31.497+0000] {processor.py:914} INFO - Processing file /home/krishnaformeera/Sumitomo/datapipeline/venv/lib/python3.11/site-packages/airflow/example_dags/example_params_trigger_ui.py for tasks to queue
[2025-08-31T18:37:31.499+0000] {logging_mixin.py:190} INFO - [2025-08-31T18:37:31.499+0000] {dagbag.py:588} INFO - Filling up the DagBag from /home/krishnaformeera/Sumitomo/datapipeline/venv/lib/python3.11/site-packages/airflow/example_dags/example_params_trigger_ui.py
[2025-08-31T18:37:31.512+0000] {processor.py:925} INFO - DAG(s) 'example_params_trigger_ui' retrieved from /home/krishnaformeera/Sumitomo/datapipeline/venv/lib/python3.11/site-packages/airflow/example_dags/example_params_trigger_ui.py
[2025-08-31T18:37:31.549+0000] {logging_mixin.py:190} INFO - [2025-08-31T18:37:31.549+0000] {dag.py:3239} INFO - Sync 1 DAGs
[2025-08-31T18:37:31.563+0000] {logging_mixin.py:190} INFO - [2025-08-31T18:37:31.562+0000] {dag.py:4180} INFO - Setting next_dagrun for example_params_trigger_ui to None, run_after=None
[2025-08-31T18:37:31.588+0000] {processor.py:208} INFO - Processing /home/krishnaformeera/Sumitomo/datapipeline/venv/lib/python3.11/site-packages/airflow/example_dags/example_params_trigger_ui.py took 0.100 seconds
[2025-08-31T18:40:20.259+0000] {processor.py:186} INFO - Started process (PID=6138) to work on /home/krishnaformeera/Sumitomo/datapipeline/venv/lib/python3.11/site-packages/airflow/example_dags/example_params_trigger_ui.py
[2025-08-31T18:40:20.261+0000] {processor.py:914} INFO - Processing file /home/krishnaformeera/Sumitomo/datapipeline/venv/lib/python3.11/site-packages/airflow/example_dags/example_params_trigger_ui.py for tasks to queue
[2025-08-31T18:40:20.263+0000] {logging_mixin.py:190} INFO - [2025-08-31T18:40:20.263+0000] {dagbag.py:588} INFO - Filling up the DagBag from /home/krishnaformeera/Sumitomo/datapipeline/venv/lib/python3.11/site-packages/airflow/example_dags/example_params_trigger_ui.py
[2025-08-31T18:40:20.277+0000] {processor.py:925} INFO - DAG(s) 'example_params_trigger_ui' retrieved from /home/krishnaformeera/Sumitomo/datapipeline/venv/lib/python3.11/site-packages/airflow/example_dags/example_params_trigger_ui.py
[2025-08-31T18:40:20.317+0000] {logging_mixin.py:190} INFO - [2025-08-31T18:40:20.316+0000] {dag.py:3239} INFO - Sync 1 DAGs
[2025-08-31T18:40:20.330+0000] {logging_mixin.py:190} INFO - [2025-08-31T18:40:20.330+0000] {dag.py:4180} INFO - Setting next_dagrun for example_params_trigger_ui to None, run_after=None
[2025-08-31T18:40:20.358+0000] {processor.py:208} INFO - Processing /home/krishnaformeera/Sumitomo/datapipeline/venv/lib/python3.11/site-packages/airflow/example_dags/example_params_trigger_ui.py took 0.108 seconds
[2025-08-31T18:41:14.716+0000] {processor.py:186} INFO - Started process (PID=6352) to work on /home/krishnaformeera/Sumitomo/datapipeline/venv/lib/python3.11/site-packages/airflow/example_dags/example_params_trigger_ui.py
[2025-08-31T18:41:14.718+0000] {processor.py:914} INFO - Processing file /home/krishnaformeera/Sumitomo/datapipeline/venv/lib/python3.11/site-packages/airflow/example_dags/example_params_trigger_ui.py for tasks to queue
[2025-08-31T18:41:14.720+0000] {logging_mixin.py:190} INFO - [2025-08-31T18:41:14.720+0000] {dagbag.py:588} INFO - Filling up the DagBag from /home/krishnaformeera/Sumitomo/datapipeline/venv/lib/python3.11/site-packages/airflow/example_dags/example_params_trigger_ui.py
[2025-08-31T18:41:14.733+0000] {processor.py:925} INFO - DAG(s) 'example_params_trigger_ui' retrieved from /home/krishnaformeera/Sumitomo/datapipeline/venv/lib/python3.11/site-packages/airflow/example_dags/example_params_trigger_ui.py
[2025-08-31T18:41:14.773+0000] {logging_mixin.py:190} INFO - [2025-08-31T18:41:14.773+0000] {dag.py:3239} INFO - Sync 1 DAGs
[2025-08-31T18:41:14.788+0000] {logging_mixin.py:190} INFO - [2025-08-31T18:41:14.787+0000] {dag.py:4180} INFO - Setting next_dagrun for example_params_trigger_ui to None, run_after=None
[2025-08-31T18:41:14.815+0000] {processor.py:208} INFO - Processing /home/krishnaformeera/Sumitomo/datapipeline/venv/lib/python3.11/site-packages/airflow/example_dags/example_params_trigger_ui.py took 0.105 seconds
[2025-08-31T18:42:10.444+0000] {processor.py:186} INFO - Started process (PID=6545) to work on /home/krishnaformeera/Sumitomo/datapipeline/venv/lib/python3.11/site-packages/airflow/example_dags/example_params_trigger_ui.py
[2025-08-31T18:42:10.446+0000] {processor.py:914} INFO - Processing file /home/krishnaformeera/Sumitomo/datapipeline/venv/lib/python3.11/site-packages/airflow/example_dags/example_params_trigger_ui.py for tasks to queue
[2025-08-31T18:42:10.448+0000] {logging_mixin.py:190} INFO - [2025-08-31T18:42:10.448+0000] {dagbag.py:588} INFO - Filling up the DagBag from /home/krishnaformeera/Sumitomo/datapipeline/venv/lib/python3.11/site-packages/airflow/example_dags/example_params_trigger_ui.py
[2025-08-31T18:42:10.460+0000] {processor.py:925} INFO - DAG(s) 'example_params_trigger_ui' retrieved from /home/krishnaformeera/Sumitomo/datapipeline/venv/lib/python3.11/site-packages/airflow/example_dags/example_params_trigger_ui.py
[2025-08-31T18:42:10.494+0000] {logging_mixin.py:190} INFO - [2025-08-31T18:42:10.494+0000] {dag.py:3239} INFO - Sync 1 DAGs
[2025-08-31T18:42:10.508+0000] {logging_mixin.py:190} INFO - [2025-08-31T18:42:10.508+0000] {dag.py:4180} INFO - Setting next_dagrun for example_params_trigger_ui to None, run_after=None
[2025-08-31T18:42:10.648+0000] {processor.py:208} INFO - Processing /home/krishnaformeera/Sumitomo/datapipeline/venv/lib/python3.11/site-packages/airflow/example_dags/example_params_trigger_ui.py took 0.211 seconds
[2025-08-31T18:43:12.992+0000] {processor.py:186} INFO - Started process (PID=6795) to work on /home/krishnaformeera/Sumitomo/datapipeline/venv/lib/python3.11/site-packages/airflow/example_dags/example_params_trigger_ui.py
[2025-08-31T18:43:12.994+0000] {processor.py:914} INFO - Processing file /home/krishnaformeera/Sumitomo/datapipeline/venv/lib/python3.11/site-packages/airflow/example_dags/example_params_trigger_ui.py for tasks to queue
[2025-08-31T18:43:12.996+0000] {logging_mixin.py:190} INFO - [2025-08-31T18:43:12.996+0000] {dagbag.py:588} INFO - Filling up the DagBag from /home/krishnaformeera/Sumitomo/datapipeline/venv/lib/python3.11/site-packages/airflow/example_dags/example_params_trigger_ui.py
[2025-08-31T18:43:13.007+0000] {processor.py:925} INFO - DAG(s) 'example_params_trigger_ui' retrieved from /home/krishnaformeera/Sumitomo/datapipeline/venv/lib/python3.11/site-packages/airflow/example_dags/example_params_trigger_ui.py
[2025-08-31T18:43:13.040+0000] {logging_mixin.py:190} INFO - [2025-08-31T18:43:13.040+0000] {dag.py:3239} INFO - Sync 1 DAGs
[2025-08-31T18:43:13.052+0000] {logging_mixin.py:190} INFO - [2025-08-31T18:43:13.051+0000] {dag.py:4180} INFO - Setting next_dagrun for example_params_trigger_ui to None, run_after=None
[2025-08-31T18:43:13.074+0000] {processor.py:208} INFO - Processing /home/krishnaformeera/Sumitomo/datapipeline/venv/lib/python3.11/site-packages/airflow/example_dags/example_params_trigger_ui.py took 0.087 seconds
[2025-08-31T18:44:07.672+0000] {processor.py:186} INFO - Started process (PID=7023) to work on /home/krishnaformeera/Sumitomo/datapipeline/venv/lib/python3.11/site-packages/airflow/example_dags/example_params_trigger_ui.py
[2025-08-31T18:44:07.673+0000] {processor.py:914} INFO - Processing file /home/krishnaformeera/Sumitomo/datapipeline/venv/lib/python3.11/site-packages/airflow/example_dags/example_params_trigger_ui.py for tasks to queue
[2025-08-31T18:44:07.675+0000] {logging_mixin.py:190} INFO - [2025-08-31T18:44:07.675+0000] {dagbag.py:588} INFO - Filling up the DagBag from /home/krishnaformeera/Sumitomo/datapipeline/venv/lib/python3.11/site-packages/airflow/example_dags/example_params_trigger_ui.py
[2025-08-31T18:44:07.686+0000] {processor.py:925} INFO - DAG(s) 'example_params_trigger_ui' retrieved from /home/krishnaformeera/Sumitomo/datapipeline/venv/lib/python3.11/site-packages/airflow/example_dags/example_params_trigger_ui.py
[2025-08-31T18:44:07.719+0000] {logging_mixin.py:190} INFO - [2025-08-31T18:44:07.719+0000] {dag.py:3239} INFO - Sync 1 DAGs
[2025-08-31T18:44:07.730+0000] {logging_mixin.py:190} INFO - [2025-08-31T18:44:07.730+0000] {dag.py:4180} INFO - Setting next_dagrun for example_params_trigger_ui to None, run_after=None
[2025-08-31T18:44:07.751+0000] {processor.py:208} INFO - Processing /home/krishnaformeera/Sumitomo/datapipeline/venv/lib/python3.11/site-packages/airflow/example_dags/example_params_trigger_ui.py took 0.085 seconds
[2025-08-31T18:44:56.743+0000] {processor.py:186} INFO - Started process (PID=7241) to work on /home/krishnaformeera/Sumitomo/datapipeline/venv/lib/python3.11/site-packages/airflow/example_dags/example_params_trigger_ui.py
[2025-08-31T18:44:56.745+0000] {processor.py:914} INFO - Processing file /home/krishnaformeera/Sumitomo/datapipeline/venv/lib/python3.11/site-packages/airflow/example_dags/example_params_trigger_ui.py for tasks to queue
[2025-08-31T18:44:56.747+0000] {logging_mixin.py:190} INFO - [2025-08-31T18:44:56.746+0000] {dagbag.py:588} INFO - Filling up the DagBag from /home/krishnaformeera/Sumitomo/datapipeline/venv/lib/python3.11/site-packages/airflow/example_dags/example_params_trigger_ui.py
[2025-08-31T18:44:56.758+0000] {processor.py:925} INFO - DAG(s) 'example_params_trigger_ui' retrieved from /home/krishnaformeera/Sumitomo/datapipeline/venv/lib/python3.11/site-packages/airflow/example_dags/example_params_trigger_ui.py
[2025-08-31T18:44:56.792+0000] {logging_mixin.py:190} INFO - [2025-08-31T18:44:56.792+0000] {dag.py:3239} INFO - Sync 1 DAGs
[2025-08-31T18:44:56.804+0000] {logging_mixin.py:190} INFO - [2025-08-31T18:44:56.804+0000] {dag.py:4180} INFO - Setting next_dagrun for example_params_trigger_ui to None, run_after=None
[2025-08-31T18:44:56.828+0000] {processor.py:208} INFO - Processing /home/krishnaformeera/Sumitomo/datapipeline/venv/lib/python3.11/site-packages/airflow/example_dags/example_params_trigger_ui.py took 0.091 seconds
[2025-08-31T18:45:49.418+0000] {processor.py:186} INFO - Started process (PID=7523) to work on /home/krishnaformeera/Sumitomo/datapipeline/venv/lib/python3.11/site-packages/airflow/example_dags/example_params_trigger_ui.py
[2025-08-31T18:45:49.421+0000] {processor.py:914} INFO - Processing file /home/krishnaformeera/Sumitomo/datapipeline/venv/lib/python3.11/site-packages/airflow/example_dags/example_params_trigger_ui.py for tasks to queue
[2025-08-31T18:45:49.424+0000] {logging_mixin.py:190} INFO - [2025-08-31T18:45:49.423+0000] {dagbag.py:588} INFO - Filling up the DagBag from /home/krishnaformeera/Sumitomo/datapipeline/venv/lib/python3.11/site-packages/airflow/example_dags/example_params_trigger_ui.py
[2025-08-31T18:45:49.436+0000] {processor.py:925} INFO - DAG(s) 'example_params_trigger_ui' retrieved from /home/krishnaformeera/Sumitomo/datapipeline/venv/lib/python3.11/site-packages/airflow/example_dags/example_params_trigger_ui.py
[2025-08-31T18:45:49.468+0000] {logging_mixin.py:190} INFO - [2025-08-31T18:45:49.467+0000] {dag.py:3239} INFO - Sync 1 DAGs
[2025-08-31T18:45:49.479+0000] {logging_mixin.py:190} INFO - [2025-08-31T18:45:49.478+0000] {dag.py:4180} INFO - Setting next_dagrun for example_params_trigger_ui to None, run_after=None
[2025-08-31T18:45:49.499+0000] {processor.py:208} INFO - Processing /home/krishnaformeera/Sumitomo/datapipeline/venv/lib/python3.11/site-packages/airflow/example_dags/example_params_trigger_ui.py took 0.087 seconds
[2025-08-31T18:46:41.026+0000] {processor.py:186} INFO - Started process (PID=7744) to work on /home/krishnaformeera/Sumitomo/datapipeline/venv/lib/python3.11/site-packages/airflow/example_dags/example_params_trigger_ui.py
[2025-08-31T18:46:41.027+0000] {processor.py:914} INFO - Processing file /home/krishnaformeera/Sumitomo/datapipeline/venv/lib/python3.11/site-packages/airflow/example_dags/example_params_trigger_ui.py for tasks to queue
[2025-08-31T18:46:41.029+0000] {logging_mixin.py:190} INFO - [2025-08-31T18:46:41.029+0000] {dagbag.py:588} INFO - Filling up the DagBag from /home/krishnaformeera/Sumitomo/datapipeline/venv/lib/python3.11/site-packages/airflow/example_dags/example_params_trigger_ui.py
[2025-08-31T18:46:41.040+0000] {processor.py:925} INFO - DAG(s) 'example_params_trigger_ui' retrieved from /home/krishnaformeera/Sumitomo/datapipeline/venv/lib/python3.11/site-packages/airflow/example_dags/example_params_trigger_ui.py
[2025-08-31T18:46:41.072+0000] {logging_mixin.py:190} INFO - [2025-08-31T18:46:41.072+0000] {dag.py:3239} INFO - Sync 1 DAGs
[2025-08-31T18:46:41.083+0000] {logging_mixin.py:190} INFO - [2025-08-31T18:46:41.083+0000] {dag.py:4180} INFO - Setting next_dagrun for example_params_trigger_ui to None, run_after=None
[2025-08-31T18:46:41.104+0000] {processor.py:208} INFO - Processing /home/krishnaformeera/Sumitomo/datapipeline/venv/lib/python3.11/site-packages/airflow/example_dags/example_params_trigger_ui.py took 0.084 seconds
[2025-08-31T18:47:34.167+0000] {processor.py:186} INFO - Started process (PID=7803) to work on /home/krishnaformeera/Sumitomo/datapipeline/venv/lib/python3.11/site-packages/airflow/example_dags/example_params_trigger_ui.py
[2025-08-31T18:47:34.168+0000] {processor.py:914} INFO - Processing file /home/krishnaformeera/Sumitomo/datapipeline/venv/lib/python3.11/site-packages/airflow/example_dags/example_params_trigger_ui.py for tasks to queue
[2025-08-31T18:47:34.170+0000] {logging_mixin.py:190} INFO - [2025-08-31T18:47:34.170+0000] {dagbag.py:588} INFO - Filling up the DagBag from /home/krishnaformeera/Sumitomo/datapipeline/venv/lib/python3.11/site-packages/airflow/example_dags/example_params_trigger_ui.py
[2025-08-31T18:47:34.182+0000] {processor.py:925} INFO - DAG(s) 'example_params_trigger_ui' retrieved from /home/krishnaformeera/Sumitomo/datapipeline/venv/lib/python3.11/site-packages/airflow/example_dags/example_params_trigger_ui.py
[2025-08-31T18:47:34.253+0000] {logging_mixin.py:190} INFO - [2025-08-31T18:47:34.253+0000] {dag.py:3239} INFO - Sync 1 DAGs
[2025-08-31T18:47:34.281+0000] {logging_mixin.py:190} INFO - [2025-08-31T18:47:34.281+0000] {dag.py:4180} INFO - Setting next_dagrun for example_params_trigger_ui to None, run_after=None
[2025-08-31T18:47:34.322+0000] {processor.py:208} INFO - Processing /home/krishnaformeera/Sumitomo/datapipeline/venv/lib/python3.11/site-packages/airflow/example_dags/example_params_trigger_ui.py took 0.164 seconds
[2025-08-31T18:48:23.414+0000] {processor.py:186} INFO - Started process (PID=7856) to work on /home/krishnaformeera/Sumitomo/datapipeline/venv/lib/python3.11/site-packages/airflow/example_dags/example_params_trigger_ui.py
[2025-08-31T18:48:23.415+0000] {processor.py:914} INFO - Processing file /home/krishnaformeera/Sumitomo/datapipeline/venv/lib/python3.11/site-packages/airflow/example_dags/example_params_trigger_ui.py for tasks to queue
[2025-08-31T18:48:23.417+0000] {logging_mixin.py:190} INFO - [2025-08-31T18:48:23.417+0000] {dagbag.py:588} INFO - Filling up the DagBag from /home/krishnaformeera/Sumitomo/datapipeline/venv/lib/python3.11/site-packages/airflow/example_dags/example_params_trigger_ui.py
[2025-08-31T18:48:23.428+0000] {processor.py:925} INFO - DAG(s) 'example_params_trigger_ui' retrieved from /home/krishnaformeera/Sumitomo/datapipeline/venv/lib/python3.11/site-packages/airflow/example_dags/example_params_trigger_ui.py
[2025-08-31T18:48:23.460+0000] {logging_mixin.py:190} INFO - [2025-08-31T18:48:23.460+0000] {dag.py:3239} INFO - Sync 1 DAGs
[2025-08-31T18:48:23.472+0000] {logging_mixin.py:190} INFO - [2025-08-31T18:48:23.472+0000] {dag.py:4180} INFO - Setting next_dagrun for example_params_trigger_ui to None, run_after=None
[2025-08-31T18:48:23.496+0000] {processor.py:208} INFO - Processing /home/krishnaformeera/Sumitomo/datapipeline/venv/lib/python3.11/site-packages/airflow/example_dags/example_params_trigger_ui.py took 0.088 seconds
[2025-08-31T18:49:13.747+0000] {processor.py:186} INFO - Started process (PID=7912) to work on /home/krishnaformeera/Sumitomo/datapipeline/venv/lib/python3.11/site-packages/airflow/example_dags/example_params_trigger_ui.py
[2025-08-31T18:49:13.749+0000] {processor.py:914} INFO - Processing file /home/krishnaformeera/Sumitomo/datapipeline/venv/lib/python3.11/site-packages/airflow/example_dags/example_params_trigger_ui.py for tasks to queue
[2025-08-31T18:49:13.753+0000] {logging_mixin.py:190} INFO - [2025-08-31T18:49:13.752+0000] {dagbag.py:588} INFO - Filling up the DagBag from /home/krishnaformeera/Sumitomo/datapipeline/venv/lib/python3.11/site-packages/airflow/example_dags/example_params_trigger_ui.py
[2025-08-31T18:49:13.773+0000] {processor.py:925} INFO - DAG(s) 'example_params_trigger_ui' retrieved from /home/krishnaformeera/Sumitomo/datapipeline/venv/lib/python3.11/site-packages/airflow/example_dags/example_params_trigger_ui.py
[2025-08-31T18:49:13.825+0000] {logging_mixin.py:190} INFO - [2025-08-31T18:49:13.825+0000] {dag.py:3239} INFO - Sync 1 DAGs
[2025-08-31T18:49:13.844+0000] {logging_mixin.py:190} INFO - [2025-08-31T18:49:13.844+0000] {dag.py:4180} INFO - Setting next_dagrun for example_params_trigger_ui to None, run_after=None
[2025-08-31T18:49:13.874+0000] {processor.py:208} INFO - Processing /home/krishnaformeera/Sumitomo/datapipeline/venv/lib/python3.11/site-packages/airflow/example_dags/example_params_trigger_ui.py took 0.138 seconds
[2025-08-31T18:50:07.182+0000] {processor.py:186} INFO - Started process (PID=8015) to work on /home/krishnaformeera/Sumitomo/datapipeline/venv/lib/python3.11/site-packages/airflow/example_dags/example_params_trigger_ui.py
[2025-08-31T18:50:07.183+0000] {processor.py:914} INFO - Processing file /home/krishnaformeera/Sumitomo/datapipeline/venv/lib/python3.11/site-packages/airflow/example_dags/example_params_trigger_ui.py for tasks to queue
[2025-08-31T18:50:07.185+0000] {logging_mixin.py:190} INFO - [2025-08-31T18:50:07.185+0000] {dagbag.py:588} INFO - Filling up the DagBag from /home/krishnaformeera/Sumitomo/datapipeline/venv/lib/python3.11/site-packages/airflow/example_dags/example_params_trigger_ui.py
[2025-08-31T18:50:07.196+0000] {processor.py:925} INFO - DAG(s) 'example_params_trigger_ui' retrieved from /home/krishnaformeera/Sumitomo/datapipeline/venv/lib/python3.11/site-packages/airflow/example_dags/example_params_trigger_ui.py
[2025-08-31T18:50:07.229+0000] {logging_mixin.py:190} INFO - [2025-08-31T18:50:07.229+0000] {dag.py:3239} INFO - Sync 1 DAGs
[2025-08-31T18:50:07.240+0000] {logging_mixin.py:190} INFO - [2025-08-31T18:50:07.240+0000] {dag.py:4180} INFO - Setting next_dagrun for example_params_trigger_ui to None, run_after=None
[2025-08-31T18:50:07.274+0000] {processor.py:208} INFO - Processing /home/krishnaformeera/Sumitomo/datapipeline/venv/lib/python3.11/site-packages/airflow/example_dags/example_params_trigger_ui.py took 0.099 seconds
[2025-08-31T18:50:58.987+0000] {processor.py:186} INFO - Started process (PID=8096) to work on /home/krishnaformeera/Sumitomo/datapipeline/venv/lib/python3.11/site-packages/airflow/example_dags/example_params_trigger_ui.py
[2025-08-31T18:50:58.988+0000] {processor.py:914} INFO - Processing file /home/krishnaformeera/Sumitomo/datapipeline/venv/lib/python3.11/site-packages/airflow/example_dags/example_params_trigger_ui.py for tasks to queue
[2025-08-31T18:50:58.990+0000] {logging_mixin.py:190} INFO - [2025-08-31T18:50:58.989+0000] {dagbag.py:588} INFO - Filling up the DagBag from /home/krishnaformeera/Sumitomo/datapipeline/venv/lib/python3.11/site-packages/airflow/example_dags/example_params_trigger_ui.py
[2025-08-31T18:50:59.001+0000] {processor.py:925} INFO - DAG(s) 'example_params_trigger_ui' retrieved from /home/krishnaformeera/Sumitomo/datapipeline/venv/lib/python3.11/site-packages/airflow/example_dags/example_params_trigger_ui.py
[2025-08-31T18:50:59.033+0000] {logging_mixin.py:190} INFO - [2025-08-31T18:50:59.032+0000] {dag.py:3239} INFO - Sync 1 DAGs
[2025-08-31T18:50:59.044+0000] {logging_mixin.py:190} INFO - [2025-08-31T18:50:59.044+0000] {dag.py:4180} INFO - Setting next_dagrun for example_params_trigger_ui to None, run_after=None
[2025-08-31T18:50:59.065+0000] {processor.py:208} INFO - Processing /home/krishnaformeera/Sumitomo/datapipeline/venv/lib/python3.11/site-packages/airflow/example_dags/example_params_trigger_ui.py took 0.085 seconds
[2025-08-31T18:51:49.108+0000] {processor.py:186} INFO - Started process (PID=8178) to work on /home/krishnaformeera/Sumitomo/datapipeline/venv/lib/python3.11/site-packages/airflow/example_dags/example_params_trigger_ui.py
[2025-08-31T18:51:49.109+0000] {processor.py:914} INFO - Processing file /home/krishnaformeera/Sumitomo/datapipeline/venv/lib/python3.11/site-packages/airflow/example_dags/example_params_trigger_ui.py for tasks to queue
[2025-08-31T18:51:49.112+0000] {logging_mixin.py:190} INFO - [2025-08-31T18:51:49.111+0000] {dagbag.py:588} INFO - Filling up the DagBag from /home/krishnaformeera/Sumitomo/datapipeline/venv/lib/python3.11/site-packages/airflow/example_dags/example_params_trigger_ui.py
[2025-08-31T18:51:49.123+0000] {processor.py:925} INFO - DAG(s) 'example_params_trigger_ui' retrieved from /home/krishnaformeera/Sumitomo/datapipeline/venv/lib/python3.11/site-packages/airflow/example_dags/example_params_trigger_ui.py
[2025-08-31T18:51:49.157+0000] {logging_mixin.py:190} INFO - [2025-08-31T18:51:49.156+0000] {dag.py:3239} INFO - Sync 1 DAGs
[2025-08-31T18:51:49.169+0000] {logging_mixin.py:190} INFO - [2025-08-31T18:51:49.168+0000] {dag.py:4180} INFO - Setting next_dagrun for example_params_trigger_ui to None, run_after=None
[2025-08-31T18:51:49.191+0000] {processor.py:208} INFO - Processing /home/krishnaformeera/Sumitomo/datapipeline/venv/lib/python3.11/site-packages/airflow/example_dags/example_params_trigger_ui.py took 0.089 seconds
[2025-08-31T18:52:39.559+0000] {processor.py:186} INFO - Started process (PID=8247) to work on /home/krishnaformeera/Sumitomo/datapipeline/venv/lib/python3.11/site-packages/airflow/example_dags/example_params_trigger_ui.py
[2025-08-31T18:52:39.561+0000] {processor.py:914} INFO - Processing file /home/krishnaformeera/Sumitomo/datapipeline/venv/lib/python3.11/site-packages/airflow/example_dags/example_params_trigger_ui.py for tasks to queue
[2025-08-31T18:52:39.563+0000] {logging_mixin.py:190} INFO - [2025-08-31T18:52:39.563+0000] {dagbag.py:588} INFO - Filling up the DagBag from /home/krishnaformeera/Sumitomo/datapipeline/venv/lib/python3.11/site-packages/airflow/example_dags/example_params_trigger_ui.py
[2025-08-31T18:52:39.576+0000] {processor.py:925} INFO - DAG(s) 'example_params_trigger_ui' retrieved from /home/krishnaformeera/Sumitomo/datapipeline/venv/lib/python3.11/site-packages/airflow/example_dags/example_params_trigger_ui.py
[2025-08-31T18:52:39.609+0000] {logging_mixin.py:190} INFO - [2025-08-31T18:52:39.609+0000] {dag.py:3239} INFO - Sync 1 DAGs
[2025-08-31T18:52:39.620+0000] {logging_mixin.py:190} INFO - [2025-08-31T18:52:39.620+0000] {dag.py:4180} INFO - Setting next_dagrun for example_params_trigger_ui to None, run_after=None
[2025-08-31T18:52:39.642+0000] {processor.py:208} INFO - Processing /home/krishnaformeera/Sumitomo/datapipeline/venv/lib/python3.11/site-packages/airflow/example_dags/example_params_trigger_ui.py took 0.090 seconds
[2025-08-31T18:53:29.019+0000] {processor.py:186} INFO - Started process (PID=8302) to work on /home/krishnaformeera/Sumitomo/datapipeline/venv/lib/python3.11/site-packages/airflow/example_dags/example_params_trigger_ui.py
[2025-08-31T18:53:29.020+0000] {processor.py:914} INFO - Processing file /home/krishnaformeera/Sumitomo/datapipeline/venv/lib/python3.11/site-packages/airflow/example_dags/example_params_trigger_ui.py for tasks to queue
[2025-08-31T18:53:29.023+0000] {logging_mixin.py:190} INFO - [2025-08-31T18:53:29.022+0000] {dagbag.py:588} INFO - Filling up the DagBag from /home/krishnaformeera/Sumitomo/datapipeline/venv/lib/python3.11/site-packages/airflow/example_dags/example_params_trigger_ui.py
[2025-08-31T18:53:29.036+0000] {processor.py:925} INFO - DAG(s) 'example_params_trigger_ui' retrieved from /home/krishnaformeera/Sumitomo/datapipeline/venv/lib/python3.11/site-packages/airflow/example_dags/example_params_trigger_ui.py
[2025-08-31T18:53:29.070+0000] {logging_mixin.py:190} INFO - [2025-08-31T18:53:29.069+0000] {dag.py:3239} INFO - Sync 1 DAGs
[2025-08-31T18:53:29.082+0000] {logging_mixin.py:190} INFO - [2025-08-31T18:53:29.081+0000] {dag.py:4180} INFO - Setting next_dagrun for example_params_trigger_ui to None, run_after=None
[2025-08-31T18:53:29.104+0000] {processor.py:208} INFO - Processing /home/krishnaformeera/Sumitomo/datapipeline/venv/lib/python3.11/site-packages/airflow/example_dags/example_params_trigger_ui.py took 0.091 seconds
[2025-08-31T18:54:18.080+0000] {processor.py:186} INFO - Started process (PID=8495) to work on /home/krishnaformeera/Sumitomo/datapipeline/venv/lib/python3.11/site-packages/airflow/example_dags/example_params_trigger_ui.py
[2025-08-31T18:54:18.081+0000] {processor.py:914} INFO - Processing file /home/krishnaformeera/Sumitomo/datapipeline/venv/lib/python3.11/site-packages/airflow/example_dags/example_params_trigger_ui.py for tasks to queue
[2025-08-31T18:54:18.083+0000] {logging_mixin.py:190} INFO - [2025-08-31T18:54:18.083+0000] {dagbag.py:588} INFO - Filling up the DagBag from /home/krishnaformeera/Sumitomo/datapipeline/venv/lib/python3.11/site-packages/airflow/example_dags/example_params_trigger_ui.py
[2025-08-31T18:54:18.094+0000] {processor.py:925} INFO - DAG(s) 'example_params_trigger_ui' retrieved from /home/krishnaformeera/Sumitomo/datapipeline/venv/lib/python3.11/site-packages/airflow/example_dags/example_params_trigger_ui.py
[2025-08-31T18:54:18.127+0000] {logging_mixin.py:190} INFO - [2025-08-31T18:54:18.127+0000] {dag.py:3239} INFO - Sync 1 DAGs
[2025-08-31T18:54:18.139+0000] {logging_mixin.py:190} INFO - [2025-08-31T18:54:18.138+0000] {dag.py:4180} INFO - Setting next_dagrun for example_params_trigger_ui to None, run_after=None
[2025-08-31T18:54:18.159+0000] {processor.py:208} INFO - Processing /home/krishnaformeera/Sumitomo/datapipeline/venv/lib/python3.11/site-packages/airflow/example_dags/example_params_trigger_ui.py took 0.086 seconds
[2025-08-31T18:55:09.927+0000] {processor.py:186} INFO - Started process (PID=8574) to work on /home/krishnaformeera/Sumitomo/datapipeline/venv/lib/python3.11/site-packages/airflow/example_dags/example_params_trigger_ui.py
[2025-08-31T18:55:09.928+0000] {processor.py:914} INFO - Processing file /home/krishnaformeera/Sumitomo/datapipeline/venv/lib/python3.11/site-packages/airflow/example_dags/example_params_trigger_ui.py for tasks to queue
[2025-08-31T18:55:09.931+0000] {logging_mixin.py:190} INFO - [2025-08-31T18:55:09.930+0000] {dagbag.py:588} INFO - Filling up the DagBag from /home/krishnaformeera/Sumitomo/datapipeline/venv/lib/python3.11/site-packages/airflow/example_dags/example_params_trigger_ui.py
[2025-08-31T18:55:09.942+0000] {processor.py:925} INFO - DAG(s) 'example_params_trigger_ui' retrieved from /home/krishnaformeera/Sumitomo/datapipeline/venv/lib/python3.11/site-packages/airflow/example_dags/example_params_trigger_ui.py
[2025-08-31T18:55:09.978+0000] {logging_mixin.py:190} INFO - [2025-08-31T18:55:09.978+0000] {dag.py:3239} INFO - Sync 1 DAGs
[2025-08-31T18:55:09.989+0000] {logging_mixin.py:190} INFO - [2025-08-31T18:55:09.989+0000] {dag.py:4180} INFO - Setting next_dagrun for example_params_trigger_ui to None, run_after=None
[2025-08-31T18:55:10.012+0000] {processor.py:208} INFO - Processing /home/krishnaformeera/Sumitomo/datapipeline/venv/lib/python3.11/site-packages/airflow/example_dags/example_params_trigger_ui.py took 0.092 seconds
[2025-08-31T18:56:01.675+0000] {processor.py:186} INFO - Started process (PID=8626) to work on /home/krishnaformeera/Sumitomo/datapipeline/venv/lib/python3.11/site-packages/airflow/example_dags/example_params_trigger_ui.py
[2025-08-31T18:56:01.676+0000] {processor.py:914} INFO - Processing file /home/krishnaformeera/Sumitomo/datapipeline/venv/lib/python3.11/site-packages/airflow/example_dags/example_params_trigger_ui.py for tasks to queue
[2025-08-31T18:56:01.678+0000] {logging_mixin.py:190} INFO - [2025-08-31T18:56:01.678+0000] {dagbag.py:588} INFO - Filling up the DagBag from /home/krishnaformeera/Sumitomo/datapipeline/venv/lib/python3.11/site-packages/airflow/example_dags/example_params_trigger_ui.py
[2025-08-31T18:56:01.689+0000] {processor.py:925} INFO - DAG(s) 'example_params_trigger_ui' retrieved from /home/krishnaformeera/Sumitomo/datapipeline/venv/lib/python3.11/site-packages/airflow/example_dags/example_params_trigger_ui.py
[2025-08-31T18:56:01.722+0000] {logging_mixin.py:190} INFO - [2025-08-31T18:56:01.722+0000] {dag.py:3239} INFO - Sync 1 DAGs
[2025-08-31T18:56:01.734+0000] {logging_mixin.py:190} INFO - [2025-08-31T18:56:01.734+0000] {dag.py:4180} INFO - Setting next_dagrun for example_params_trigger_ui to None, run_after=None
[2025-08-31T18:56:01.756+0000] {processor.py:208} INFO - Processing /home/krishnaformeera/Sumitomo/datapipeline/venv/lib/python3.11/site-packages/airflow/example_dags/example_params_trigger_ui.py took 0.087 seconds
[2025-08-31T18:56:56.063+0000] {processor.py:186} INFO - Started process (PID=8694) to work on /home/krishnaformeera/Sumitomo/datapipeline/venv/lib/python3.11/site-packages/airflow/example_dags/example_params_trigger_ui.py
[2025-08-31T18:56:56.064+0000] {processor.py:914} INFO - Processing file /home/krishnaformeera/Sumitomo/datapipeline/venv/lib/python3.11/site-packages/airflow/example_dags/example_params_trigger_ui.py for tasks to queue
[2025-08-31T18:56:56.066+0000] {logging_mixin.py:190} INFO - [2025-08-31T18:56:56.066+0000] {dagbag.py:588} INFO - Filling up the DagBag from /home/krishnaformeera/Sumitomo/datapipeline/venv/lib/python3.11/site-packages/airflow/example_dags/example_params_trigger_ui.py
[2025-08-31T18:56:56.078+0000] {processor.py:925} INFO - DAG(s) 'example_params_trigger_ui' retrieved from /home/krishnaformeera/Sumitomo/datapipeline/venv/lib/python3.11/site-packages/airflow/example_dags/example_params_trigger_ui.py
[2025-08-31T18:56:56.111+0000] {logging_mixin.py:190} INFO - [2025-08-31T18:56:56.111+0000] {dag.py:3239} INFO - Sync 1 DAGs
[2025-08-31T18:56:56.122+0000] {logging_mixin.py:190} INFO - [2025-08-31T18:56:56.122+0000] {dag.py:4180} INFO - Setting next_dagrun for example_params_trigger_ui to None, run_after=None
[2025-08-31T18:56:56.147+0000] {processor.py:208} INFO - Processing /home/krishnaformeera/Sumitomo/datapipeline/venv/lib/python3.11/site-packages/airflow/example_dags/example_params_trigger_ui.py took 0.090 seconds
[2025-08-31T18:57:48.293+0000] {processor.py:186} INFO - Started process (PID=8748) to work on /home/krishnaformeera/Sumitomo/datapipeline/venv/lib/python3.11/site-packages/airflow/example_dags/example_params_trigger_ui.py
[2025-08-31T18:57:48.294+0000] {processor.py:914} INFO - Processing file /home/krishnaformeera/Sumitomo/datapipeline/venv/lib/python3.11/site-packages/airflow/example_dags/example_params_trigger_ui.py for tasks to queue
[2025-08-31T18:57:48.296+0000] {logging_mixin.py:190} INFO - [2025-08-31T18:57:48.296+0000] {dagbag.py:588} INFO - Filling up the DagBag from /home/krishnaformeera/Sumitomo/datapipeline/venv/lib/python3.11/site-packages/airflow/example_dags/example_params_trigger_ui.py
[2025-08-31T18:57:48.309+0000] {processor.py:925} INFO - DAG(s) 'example_params_trigger_ui' retrieved from /home/krishnaformeera/Sumitomo/datapipeline/venv/lib/python3.11/site-packages/airflow/example_dags/example_params_trigger_ui.py
[2025-08-31T18:57:48.344+0000] {logging_mixin.py:190} INFO - [2025-08-31T18:57:48.343+0000] {dag.py:3239} INFO - Sync 1 DAGs
[2025-08-31T18:57:48.355+0000] {logging_mixin.py:190} INFO - [2025-08-31T18:57:48.355+0000] {dag.py:4180} INFO - Setting next_dagrun for example_params_trigger_ui to None, run_after=None
[2025-08-31T18:57:48.375+0000] {processor.py:208} INFO - Processing /home/krishnaformeera/Sumitomo/datapipeline/venv/lib/python3.11/site-packages/airflow/example_dags/example_params_trigger_ui.py took 0.090 seconds
[2025-08-31T18:58:41.667+0000] {processor.py:186} INFO - Started process (PID=8801) to work on /home/krishnaformeera/Sumitomo/datapipeline/venv/lib/python3.11/site-packages/airflow/example_dags/example_params_trigger_ui.py
[2025-08-31T18:58:41.668+0000] {processor.py:914} INFO - Processing file /home/krishnaformeera/Sumitomo/datapipeline/venv/lib/python3.11/site-packages/airflow/example_dags/example_params_trigger_ui.py for tasks to queue
[2025-08-31T18:58:41.671+0000] {logging_mixin.py:190} INFO - [2025-08-31T18:58:41.671+0000] {dagbag.py:588} INFO - Filling up the DagBag from /home/krishnaformeera/Sumitomo/datapipeline/venv/lib/python3.11/site-packages/airflow/example_dags/example_params_trigger_ui.py
[2025-08-31T18:58:41.684+0000] {processor.py:925} INFO - DAG(s) 'example_params_trigger_ui' retrieved from /home/krishnaformeera/Sumitomo/datapipeline/venv/lib/python3.11/site-packages/airflow/example_dags/example_params_trigger_ui.py
[2025-08-31T18:58:41.726+0000] {logging_mixin.py:190} INFO - [2025-08-31T18:58:41.726+0000] {dag.py:3239} INFO - Sync 1 DAGs
[2025-08-31T18:58:41.741+0000] {logging_mixin.py:190} INFO - [2025-08-31T18:58:41.741+0000] {dag.py:4180} INFO - Setting next_dagrun for example_params_trigger_ui to None, run_after=None
[2025-08-31T18:58:41.769+0000] {processor.py:208} INFO - Processing /home/krishnaformeera/Sumitomo/datapipeline/venv/lib/python3.11/site-packages/airflow/example_dags/example_params_trigger_ui.py took 0.111 seconds
