[2025-08-31T18:30:17.980+0000] {processor.py:186} INFO - Started process (PID=5107) to work on /home/krishnaformeera/Sumitomo/datapipeline/venv/lib/python3.11/site-packages/airflow/example_dags/example_short_circuit_operator.py
[2025-08-31T18:30:17.981+0000] {processor.py:914} INFO - Processing file /home/krishnaformeera/Sumitomo/datapipeline/venv/lib/python3.11/site-packages/airflow/example_dags/example_short_circuit_operator.py for tasks to queue
[2025-08-31T18:30:17.982+0000] {logging_mixin.py:190} INFO - [2025-08-31T18:30:17.982+0000] {dagbag.py:588} INFO - Filling up the DagBag from /home/krishnaformeera/Sumitomo/datapipeline/venv/lib/python3.11/site-packages/airflow/example_dags/example_short_circuit_operator.py
[2025-08-31T18:30:17.992+0000] {processor.py:925} INFO - DAG(s) 'example_short_circuit_operator' retrieved from /home/krishnaformeera/Sumitomo/datapipeline/venv/lib/python3.11/site-packages/airflow/example_dags/example_short_circuit_operator.py
[2025-08-31T18:30:18.208+0000] {logging_mixin.py:190} INFO - [2025-08-31T18:30:18.207+0000] {override.py:1900} INFO - Created Permission View: can delete on DAG:example_short_circuit_operator
[2025-08-31T18:30:18.223+0000] {logging_mixin.py:190} INFO - [2025-08-31T18:30:18.222+0000] {override.py:1900} INFO - Created Permission View: can read on DAG:example_short_circuit_operator
[2025-08-31T18:30:18.233+0000] {logging_mixin.py:190} INFO - [2025-08-31T18:30:18.232+0000] {override.py:1900} INFO - Created Permission View: can edit on DAG:example_short_circuit_operator
[2025-08-31T18:30:18.250+0000] {logging_mixin.py:190} INFO - [2025-08-31T18:30:18.250+0000] {override.py:1900} INFO - Created Permission View: can delete on DAG Run:example_short_circuit_operator
[2025-08-31T18:30:18.263+0000] {logging_mixin.py:190} INFO - [2025-08-31T18:30:18.262+0000] {override.py:1900} INFO - Created Permission View: can read on DAG Run:example_short_circuit_operator
[2025-08-31T18:30:18.277+0000] {logging_mixin.py:190} INFO - [2025-08-31T18:30:18.276+0000] {override.py:1900} INFO - Created Permission View: can create on DAG Run:example_short_circuit_operator
[2025-08-31T18:30:18.288+0000] {logging_mixin.py:190} INFO - [2025-08-31T18:30:18.287+0000] {override.py:1900} INFO - Created Permission View: menu access on DAG Run:example_short_circuit_operator
[2025-08-31T18:30:18.288+0000] {logging_mixin.py:190} INFO - [2025-08-31T18:30:18.288+0000] {dag.py:3239} INFO - Sync 1 DAGs
[2025-08-31T18:30:18.298+0000] {logging_mixin.py:190} INFO - [2025-08-31T18:30:18.298+0000] {dag.py:3262} INFO - Creating ORM DAG for example_short_circuit_operator
[2025-08-31T18:30:18.299+0000] {logging_mixin.py:190} INFO - [2025-08-31T18:30:18.299+0000] {dag.py:4180} INFO - Setting next_dagrun for example_short_circuit_operator to None, run_after=None
[2025-08-31T18:30:18.316+0000] {processor.py:208} INFO - Processing /home/krishnaformeera/Sumitomo/datapipeline/venv/lib/python3.11/site-packages/airflow/example_dags/example_short_circuit_operator.py took 0.342 seconds
[2025-08-31T18:30:55.741+0000] {processor.py:186} INFO - Started process (PID=5222) to work on /home/krishnaformeera/Sumitomo/datapipeline/venv/lib/python3.11/site-packages/airflow/example_dags/example_short_circuit_operator.py
[2025-08-31T18:30:55.743+0000] {processor.py:914} INFO - Processing file /home/krishnaformeera/Sumitomo/datapipeline/venv/lib/python3.11/site-packages/airflow/example_dags/example_short_circuit_operator.py for tasks to queue
[2025-08-31T18:30:55.745+0000] {logging_mixin.py:190} INFO - [2025-08-31T18:30:55.745+0000] {dagbag.py:588} INFO - Filling up the DagBag from /home/krishnaformeera/Sumitomo/datapipeline/venv/lib/python3.11/site-packages/airflow/example_dags/example_short_circuit_operator.py
[2025-08-31T18:30:55.756+0000] {processor.py:925} INFO - DAG(s) 'example_short_circuit_operator' retrieved from /home/krishnaformeera/Sumitomo/datapipeline/venv/lib/python3.11/site-packages/airflow/example_dags/example_short_circuit_operator.py
[2025-08-31T18:30:55.780+0000] {logging_mixin.py:190} INFO - [2025-08-31T18:30:55.779+0000] {dag.py:3239} INFO - Sync 1 DAGs
[2025-08-31T18:30:55.796+0000] {logging_mixin.py:190} INFO - [2025-08-31T18:30:55.796+0000] {dag.py:4180} INFO - Setting next_dagrun for example_short_circuit_operator to None, run_after=None
[2025-08-31T18:30:55.823+0000] {processor.py:208} INFO - Processing /home/krishnaformeera/Sumitomo/datapipeline/venv/lib/python3.11/site-packages/airflow/example_dags/example_short_circuit_operator.py took 0.088 seconds
[2025-08-31T18:31:59.467+0000] {processor.py:186} INFO - Started process (PID=5294) to work on /home/krishnaformeera/Sumitomo/datapipeline/venv/lib/python3.11/site-packages/airflow/example_dags/example_short_circuit_operator.py
[2025-08-31T18:31:59.469+0000] {processor.py:914} INFO - Processing file /home/krishnaformeera/Sumitomo/datapipeline/venv/lib/python3.11/site-packages/airflow/example_dags/example_short_circuit_operator.py for tasks to queue
[2025-08-31T18:31:59.471+0000] {logging_mixin.py:190} INFO - [2025-08-31T18:31:59.471+0000] {dagbag.py:588} INFO - Filling up the DagBag from /home/krishnaformeera/Sumitomo/datapipeline/venv/lib/python3.11/site-packages/airflow/example_dags/example_short_circuit_operator.py
[2025-08-31T18:31:59.481+0000] {processor.py:925} INFO - DAG(s) 'example_short_circuit_operator' retrieved from /home/krishnaformeera/Sumitomo/datapipeline/venv/lib/python3.11/site-packages/airflow/example_dags/example_short_circuit_operator.py
[2025-08-31T18:31:59.502+0000] {logging_mixin.py:190} INFO - [2025-08-31T18:31:59.502+0000] {dag.py:3239} INFO - Sync 1 DAGs
[2025-08-31T18:31:59.516+0000] {logging_mixin.py:190} INFO - [2025-08-31T18:31:59.516+0000] {dag.py:4180} INFO - Setting next_dagrun for example_short_circuit_operator to None, run_after=None
[2025-08-31T18:31:59.540+0000] {processor.py:208} INFO - Processing /home/krishnaformeera/Sumitomo/datapipeline/venv/lib/python3.11/site-packages/airflow/example_dags/example_short_circuit_operator.py took 0.080 seconds
[2025-08-31T18:32:53.806+0000] {processor.py:186} INFO - Started process (PID=5351) to work on /home/krishnaformeera/Sumitomo/datapipeline/venv/lib/python3.11/site-packages/airflow/example_dags/example_short_circuit_operator.py
[2025-08-31T18:32:53.807+0000] {processor.py:914} INFO - Processing file /home/krishnaformeera/Sumitomo/datapipeline/venv/lib/python3.11/site-packages/airflow/example_dags/example_short_circuit_operator.py for tasks to queue
[2025-08-31T18:32:53.809+0000] {logging_mixin.py:190} INFO - [2025-08-31T18:32:53.809+0000] {dagbag.py:588} INFO - Filling up the DagBag from /home/krishnaformeera/Sumitomo/datapipeline/venv/lib/python3.11/site-packages/airflow/example_dags/example_short_circuit_operator.py
[2025-08-31T18:32:53.818+0000] {processor.py:925} INFO - DAG(s) 'example_short_circuit_operator' retrieved from /home/krishnaformeera/Sumitomo/datapipeline/venv/lib/python3.11/site-packages/airflow/example_dags/example_short_circuit_operator.py
[2025-08-31T18:32:53.836+0000] {logging_mixin.py:190} INFO - [2025-08-31T18:32:53.835+0000] {dag.py:3239} INFO - Sync 1 DAGs
[2025-08-31T18:32:53.847+0000] {logging_mixin.py:190} INFO - [2025-08-31T18:32:53.847+0000] {dag.py:4180} INFO - Setting next_dagrun for example_short_circuit_operator to None, run_after=None
[2025-08-31T18:32:53.867+0000] {processor.py:208} INFO - Processing /home/krishnaformeera/Sumitomo/datapipeline/venv/lib/python3.11/site-packages/airflow/example_dags/example_short_circuit_operator.py took 0.067 seconds
[2025-08-31T18:33:44.609+0000] {processor.py:186} INFO - Started process (PID=5401) to work on /home/krishnaformeera/Sumitomo/datapipeline/venv/lib/python3.11/site-packages/airflow/example_dags/example_short_circuit_operator.py
[2025-08-31T18:33:44.610+0000] {processor.py:914} INFO - Processing file /home/krishnaformeera/Sumitomo/datapipeline/venv/lib/python3.11/site-packages/airflow/example_dags/example_short_circuit_operator.py for tasks to queue
[2025-08-31T18:33:44.614+0000] {logging_mixin.py:190} INFO - [2025-08-31T18:33:44.613+0000] {dagbag.py:588} INFO - Filling up the DagBag from /home/krishnaformeera/Sumitomo/datapipeline/venv/lib/python3.11/site-packages/airflow/example_dags/example_short_circuit_operator.py
[2025-08-31T18:33:44.624+0000] {processor.py:925} INFO - DAG(s) 'example_short_circuit_operator' retrieved from /home/krishnaformeera/Sumitomo/datapipeline/venv/lib/python3.11/site-packages/airflow/example_dags/example_short_circuit_operator.py
[2025-08-31T18:33:44.747+0000] {logging_mixin.py:190} INFO - [2025-08-31T18:33:44.747+0000] {dag.py:3239} INFO - Sync 1 DAGs
[2025-08-31T18:33:44.756+0000] {logging_mixin.py:190} INFO - [2025-08-31T18:33:44.756+0000] {dag.py:4180} INFO - Setting next_dagrun for example_short_circuit_operator to None, run_after=None
[2025-08-31T18:33:44.777+0000] {processor.py:208} INFO - Processing /home/krishnaformeera/Sumitomo/datapipeline/venv/lib/python3.11/site-packages/airflow/example_dags/example_short_circuit_operator.py took 0.175 seconds
[2025-08-31T18:34:39.838+0000] {processor.py:186} INFO - Started process (PID=5457) to work on /home/krishnaformeera/Sumitomo/datapipeline/venv/lib/python3.11/site-packages/airflow/example_dags/example_short_circuit_operator.py
[2025-08-31T18:34:39.839+0000] {processor.py:914} INFO - Processing file /home/krishnaformeera/Sumitomo/datapipeline/venv/lib/python3.11/site-packages/airflow/example_dags/example_short_circuit_operator.py for tasks to queue
[2025-08-31T18:34:39.841+0000] {logging_mixin.py:190} INFO - [2025-08-31T18:34:39.841+0000] {dagbag.py:588} INFO - Filling up the DagBag from /home/krishnaformeera/Sumitomo/datapipeline/venv/lib/python3.11/site-packages/airflow/example_dags/example_short_circuit_operator.py
[2025-08-31T18:34:39.851+0000] {processor.py:925} INFO - DAG(s) 'example_short_circuit_operator' retrieved from /home/krishnaformeera/Sumitomo/datapipeline/venv/lib/python3.11/site-packages/airflow/example_dags/example_short_circuit_operator.py
[2025-08-31T18:34:39.868+0000] {logging_mixin.py:190} INFO - [2025-08-31T18:34:39.868+0000] {dag.py:3239} INFO - Sync 1 DAGs
[2025-08-31T18:34:39.881+0000] {logging_mixin.py:190} INFO - [2025-08-31T18:34:39.880+0000] {dag.py:4180} INFO - Setting next_dagrun for example_short_circuit_operator to None, run_after=None
[2025-08-31T18:34:39.903+0000] {processor.py:208} INFO - Processing /home/krishnaformeera/Sumitomo/datapipeline/venv/lib/python3.11/site-packages/airflow/example_dags/example_short_circuit_operator.py took 0.071 seconds
[2025-08-31T18:35:31.290+0000] {processor.py:186} INFO - Started process (PID=5509) to work on /home/krishnaformeera/Sumitomo/datapipeline/venv/lib/python3.11/site-packages/airflow/example_dags/example_short_circuit_operator.py
[2025-08-31T18:35:31.293+0000] {processor.py:914} INFO - Processing file /home/krishnaformeera/Sumitomo/datapipeline/venv/lib/python3.11/site-packages/airflow/example_dags/example_short_circuit_operator.py for tasks to queue
[2025-08-31T18:35:31.295+0000] {logging_mixin.py:190} INFO - [2025-08-31T18:35:31.294+0000] {dagbag.py:588} INFO - Filling up the DagBag from /home/krishnaformeera/Sumitomo/datapipeline/venv/lib/python3.11/site-packages/airflow/example_dags/example_short_circuit_operator.py
[2025-08-31T18:35:31.304+0000] {processor.py:925} INFO - DAG(s) 'example_short_circuit_operator' retrieved from /home/krishnaformeera/Sumitomo/datapipeline/venv/lib/python3.11/site-packages/airflow/example_dags/example_short_circuit_operator.py
[2025-08-31T18:35:31.321+0000] {logging_mixin.py:190} INFO - [2025-08-31T18:35:31.321+0000] {dag.py:3239} INFO - Sync 1 DAGs
[2025-08-31T18:35:31.333+0000] {logging_mixin.py:190} INFO - [2025-08-31T18:35:31.332+0000] {dag.py:4180} INFO - Setting next_dagrun for example_short_circuit_operator to None, run_after=None
[2025-08-31T18:35:31.353+0000] {processor.py:208} INFO - Processing /home/krishnaformeera/Sumitomo/datapipeline/venv/lib/python3.11/site-packages/airflow/example_dags/example_short_circuit_operator.py took 0.068 seconds
[2025-08-31T18:36:21.716+0000] {processor.py:186} INFO - Started process (PID=5587) to work on /home/krishnaformeera/Sumitomo/datapipeline/venv/lib/python3.11/site-packages/airflow/example_dags/example_short_circuit_operator.py
[2025-08-31T18:36:21.717+0000] {processor.py:914} INFO - Processing file /home/krishnaformeera/Sumitomo/datapipeline/venv/lib/python3.11/site-packages/airflow/example_dags/example_short_circuit_operator.py for tasks to queue
[2025-08-31T18:36:21.720+0000] {logging_mixin.py:190} INFO - [2025-08-31T18:36:21.719+0000] {dagbag.py:588} INFO - Filling up the DagBag from /home/krishnaformeera/Sumitomo/datapipeline/venv/lib/python3.11/site-packages/airflow/example_dags/example_short_circuit_operator.py
[2025-08-31T18:36:21.731+0000] {processor.py:925} INFO - DAG(s) 'example_short_circuit_operator' retrieved from /home/krishnaformeera/Sumitomo/datapipeline/venv/lib/python3.11/site-packages/airflow/example_dags/example_short_circuit_operator.py
[2025-08-31T18:36:21.752+0000] {logging_mixin.py:190} INFO - [2025-08-31T18:36:21.752+0000] {dag.py:3239} INFO - Sync 1 DAGs
[2025-08-31T18:36:21.765+0000] {logging_mixin.py:190} INFO - [2025-08-31T18:36:21.765+0000] {dag.py:4180} INFO - Setting next_dagrun for example_short_circuit_operator to None, run_after=None
[2025-08-31T18:36:21.791+0000] {processor.py:208} INFO - Processing /home/krishnaformeera/Sumitomo/datapipeline/venv/lib/python3.11/site-packages/airflow/example_dags/example_short_circuit_operator.py took 0.082 seconds
[2025-08-31T18:37:12.810+0000] {processor.py:186} INFO - Started process (PID=5639) to work on /home/krishnaformeera/Sumitomo/datapipeline/venv/lib/python3.11/site-packages/airflow/example_dags/example_short_circuit_operator.py
[2025-08-31T18:37:12.811+0000] {processor.py:914} INFO - Processing file /home/krishnaformeera/Sumitomo/datapipeline/venv/lib/python3.11/site-packages/airflow/example_dags/example_short_circuit_operator.py for tasks to queue
[2025-08-31T18:37:12.813+0000] {logging_mixin.py:190} INFO - [2025-08-31T18:37:12.813+0000] {dagbag.py:588} INFO - Filling up the DagBag from /home/krishnaformeera/Sumitomo/datapipeline/venv/lib/python3.11/site-packages/airflow/example_dags/example_short_circuit_operator.py
[2025-08-31T18:37:12.823+0000] {processor.py:925} INFO - DAG(s) 'example_short_circuit_operator' retrieved from /home/krishnaformeera/Sumitomo/datapipeline/venv/lib/python3.11/site-packages/airflow/example_dags/example_short_circuit_operator.py
[2025-08-31T18:37:12.840+0000] {logging_mixin.py:190} INFO - [2025-08-31T18:37:12.840+0000] {dag.py:3239} INFO - Sync 1 DAGs
[2025-08-31T18:37:12.852+0000] {logging_mixin.py:190} INFO - [2025-08-31T18:37:12.852+0000] {dag.py:4180} INFO - Setting next_dagrun for example_short_circuit_operator to None, run_after=None
[2025-08-31T18:37:12.874+0000] {processor.py:208} INFO - Processing /home/krishnaformeera/Sumitomo/datapipeline/venv/lib/python3.11/site-packages/airflow/example_dags/example_short_circuit_operator.py took 0.071 seconds
[2025-08-31T18:40:09.692+0000] {processor.py:186} INFO - Started process (PID=6089) to work on /home/krishnaformeera/Sumitomo/datapipeline/venv/lib/python3.11/site-packages/airflow/example_dags/example_short_circuit_operator.py
[2025-08-31T18:40:09.694+0000] {processor.py:914} INFO - Processing file /home/krishnaformeera/Sumitomo/datapipeline/venv/lib/python3.11/site-packages/airflow/example_dags/example_short_circuit_operator.py for tasks to queue
[2025-08-31T18:40:09.697+0000] {logging_mixin.py:190} INFO - [2025-08-31T18:40:09.697+0000] {dagbag.py:588} INFO - Filling up the DagBag from /home/krishnaformeera/Sumitomo/datapipeline/venv/lib/python3.11/site-packages/airflow/example_dags/example_short_circuit_operator.py
[2025-08-31T18:40:09.712+0000] {processor.py:925} INFO - DAG(s) 'example_short_circuit_operator' retrieved from /home/krishnaformeera/Sumitomo/datapipeline/venv/lib/python3.11/site-packages/airflow/example_dags/example_short_circuit_operator.py
[2025-08-31T18:40:09.738+0000] {logging_mixin.py:190} INFO - [2025-08-31T18:40:09.737+0000] {dag.py:3239} INFO - Sync 1 DAGs
[2025-08-31T18:40:09.754+0000] {logging_mixin.py:190} INFO - [2025-08-31T18:40:09.753+0000] {dag.py:4180} INFO - Setting next_dagrun for example_short_circuit_operator to None, run_after=None
[2025-08-31T18:40:09.778+0000] {processor.py:208} INFO - Processing /home/krishnaformeera/Sumitomo/datapipeline/venv/lib/python3.11/site-packages/airflow/example_dags/example_short_circuit_operator.py took 0.095 seconds
[2025-08-31T18:41:04.407+0000] {processor.py:186} INFO - Started process (PID=6327) to work on /home/krishnaformeera/Sumitomo/datapipeline/venv/lib/python3.11/site-packages/airflow/example_dags/example_short_circuit_operator.py
[2025-08-31T18:41:04.408+0000] {processor.py:914} INFO - Processing file /home/krishnaformeera/Sumitomo/datapipeline/venv/lib/python3.11/site-packages/airflow/example_dags/example_short_circuit_operator.py for tasks to queue
[2025-08-31T18:41:04.410+0000] {logging_mixin.py:190} INFO - [2025-08-31T18:41:04.410+0000] {dagbag.py:588} INFO - Filling up the DagBag from /home/krishnaformeera/Sumitomo/datapipeline/venv/lib/python3.11/site-packages/airflow/example_dags/example_short_circuit_operator.py
[2025-08-31T18:41:04.419+0000] {processor.py:925} INFO - DAG(s) 'example_short_circuit_operator' retrieved from /home/krishnaformeera/Sumitomo/datapipeline/venv/lib/python3.11/site-packages/airflow/example_dags/example_short_circuit_operator.py
[2025-08-31T18:41:04.436+0000] {logging_mixin.py:190} INFO - [2025-08-31T18:41:04.436+0000] {dag.py:3239} INFO - Sync 1 DAGs
[2025-08-31T18:41:04.447+0000] {logging_mixin.py:190} INFO - [2025-08-31T18:41:04.447+0000] {dag.py:4180} INFO - Setting next_dagrun for example_short_circuit_operator to None, run_after=None
[2025-08-31T18:41:04.469+0000] {processor.py:208} INFO - Processing /home/krishnaformeera/Sumitomo/datapipeline/venv/lib/python3.11/site-packages/airflow/example_dags/example_short_circuit_operator.py took 0.069 seconds
[2025-08-31T18:41:56.043+0000] {processor.py:186} INFO - Started process (PID=6518) to work on /home/krishnaformeera/Sumitomo/datapipeline/venv/lib/python3.11/site-packages/airflow/example_dags/example_short_circuit_operator.py
[2025-08-31T18:41:56.044+0000] {processor.py:914} INFO - Processing file /home/krishnaformeera/Sumitomo/datapipeline/venv/lib/python3.11/site-packages/airflow/example_dags/example_short_circuit_operator.py for tasks to queue
[2025-08-31T18:41:56.047+0000] {logging_mixin.py:190} INFO - [2025-08-31T18:41:56.046+0000] {dagbag.py:588} INFO - Filling up the DagBag from /home/krishnaformeera/Sumitomo/datapipeline/venv/lib/python3.11/site-packages/airflow/example_dags/example_short_circuit_operator.py
[2025-08-31T18:41:56.061+0000] {processor.py:925} INFO - DAG(s) 'example_short_circuit_operator' retrieved from /home/krishnaformeera/Sumitomo/datapipeline/venv/lib/python3.11/site-packages/airflow/example_dags/example_short_circuit_operator.py
[2025-08-31T18:41:56.090+0000] {logging_mixin.py:190} INFO - [2025-08-31T18:41:56.089+0000] {dag.py:3239} INFO - Sync 1 DAGs
[2025-08-31T18:41:56.107+0000] {logging_mixin.py:190} INFO - [2025-08-31T18:41:56.107+0000] {dag.py:4180} INFO - Setting next_dagrun for example_short_circuit_operator to None, run_after=None
[2025-08-31T18:41:56.136+0000] {processor.py:208} INFO - Processing /home/krishnaformeera/Sumitomo/datapipeline/venv/lib/python3.11/site-packages/airflow/example_dags/example_short_circuit_operator.py took 0.102 seconds
[2025-08-31T18:42:51.211+0000] {processor.py:186} INFO - Started process (PID=6698) to work on /home/krishnaformeera/Sumitomo/datapipeline/venv/lib/python3.11/site-packages/airflow/example_dags/example_short_circuit_operator.py
[2025-08-31T18:42:51.213+0000] {processor.py:914} INFO - Processing file /home/krishnaformeera/Sumitomo/datapipeline/venv/lib/python3.11/site-packages/airflow/example_dags/example_short_circuit_operator.py for tasks to queue
[2025-08-31T18:42:51.215+0000] {logging_mixin.py:190} INFO - [2025-08-31T18:42:51.214+0000] {dagbag.py:588} INFO - Filling up the DagBag from /home/krishnaformeera/Sumitomo/datapipeline/venv/lib/python3.11/site-packages/airflow/example_dags/example_short_circuit_operator.py
[2025-08-31T18:42:51.224+0000] {processor.py:925} INFO - DAG(s) 'example_short_circuit_operator' retrieved from /home/krishnaformeera/Sumitomo/datapipeline/venv/lib/python3.11/site-packages/airflow/example_dags/example_short_circuit_operator.py
[2025-08-31T18:42:51.333+0000] {logging_mixin.py:190} INFO - [2025-08-31T18:42:51.333+0000] {dag.py:3239} INFO - Sync 1 DAGs
[2025-08-31T18:42:51.342+0000] {logging_mixin.py:190} INFO - [2025-08-31T18:42:51.342+0000] {dag.py:4180} INFO - Setting next_dagrun for example_short_circuit_operator to None, run_after=None
[2025-08-31T18:42:51.360+0000] {processor.py:208} INFO - Processing /home/krishnaformeera/Sumitomo/datapipeline/venv/lib/python3.11/site-packages/airflow/example_dags/example_short_circuit_operator.py took 0.155 seconds
[2025-08-31T18:43:50.391+0000] {processor.py:186} INFO - Started process (PID=6947) to work on /home/krishnaformeera/Sumitomo/datapipeline/venv/lib/python3.11/site-packages/airflow/example_dags/example_short_circuit_operator.py
[2025-08-31T18:43:50.392+0000] {processor.py:914} INFO - Processing file /home/krishnaformeera/Sumitomo/datapipeline/venv/lib/python3.11/site-packages/airflow/example_dags/example_short_circuit_operator.py for tasks to queue
[2025-08-31T18:43:50.394+0000] {logging_mixin.py:190} INFO - [2025-08-31T18:43:50.394+0000] {dagbag.py:588} INFO - Filling up the DagBag from /home/krishnaformeera/Sumitomo/datapipeline/venv/lib/python3.11/site-packages/airflow/example_dags/example_short_circuit_operator.py
[2025-08-31T18:43:50.404+0000] {processor.py:925} INFO - DAG(s) 'example_short_circuit_operator' retrieved from /home/krishnaformeera/Sumitomo/datapipeline/venv/lib/python3.11/site-packages/airflow/example_dags/example_short_circuit_operator.py
[2025-08-31T18:43:50.424+0000] {logging_mixin.py:190} INFO - [2025-08-31T18:43:50.424+0000] {dag.py:3239} INFO - Sync 1 DAGs
[2025-08-31T18:43:50.438+0000] {logging_mixin.py:190} INFO - [2025-08-31T18:43:50.438+0000] {dag.py:4180} INFO - Setting next_dagrun for example_short_circuit_operator to None, run_after=None
[2025-08-31T18:43:50.464+0000] {processor.py:208} INFO - Processing /home/krishnaformeera/Sumitomo/datapipeline/venv/lib/python3.11/site-packages/airflow/example_dags/example_short_circuit_operator.py took 0.080 seconds
[2025-08-31T18:44:40.798+0000] {processor.py:186} INFO - Started process (PID=7145) to work on /home/krishnaformeera/Sumitomo/datapipeline/venv/lib/python3.11/site-packages/airflow/example_dags/example_short_circuit_operator.py
[2025-08-31T18:44:40.800+0000] {processor.py:914} INFO - Processing file /home/krishnaformeera/Sumitomo/datapipeline/venv/lib/python3.11/site-packages/airflow/example_dags/example_short_circuit_operator.py for tasks to queue
[2025-08-31T18:44:40.802+0000] {logging_mixin.py:190} INFO - [2025-08-31T18:44:40.802+0000] {dagbag.py:588} INFO - Filling up the DagBag from /home/krishnaformeera/Sumitomo/datapipeline/venv/lib/python3.11/site-packages/airflow/example_dags/example_short_circuit_operator.py
[2025-08-31T18:44:40.812+0000] {processor.py:925} INFO - DAG(s) 'example_short_circuit_operator' retrieved from /home/krishnaformeera/Sumitomo/datapipeline/venv/lib/python3.11/site-packages/airflow/example_dags/example_short_circuit_operator.py
[2025-08-31T18:44:40.832+0000] {logging_mixin.py:190} INFO - [2025-08-31T18:44:40.832+0000] {dag.py:3239} INFO - Sync 1 DAGs
[2025-08-31T18:44:40.845+0000] {logging_mixin.py:190} INFO - [2025-08-31T18:44:40.845+0000] {dag.py:4180} INFO - Setting next_dagrun for example_short_circuit_operator to None, run_after=None
[2025-08-31T18:44:40.871+0000] {processor.py:208} INFO - Processing /home/krishnaformeera/Sumitomo/datapipeline/venv/lib/python3.11/site-packages/airflow/example_dags/example_short_circuit_operator.py took 0.080 seconds
[2025-08-31T18:45:31.194+0000] {processor.py:186} INFO - Started process (PID=7399) to work on /home/krishnaformeera/Sumitomo/datapipeline/venv/lib/python3.11/site-packages/airflow/example_dags/example_short_circuit_operator.py
[2025-08-31T18:45:31.195+0000] {processor.py:914} INFO - Processing file /home/krishnaformeera/Sumitomo/datapipeline/venv/lib/python3.11/site-packages/airflow/example_dags/example_short_circuit_operator.py for tasks to queue
[2025-08-31T18:45:31.197+0000] {logging_mixin.py:190} INFO - [2025-08-31T18:45:31.197+0000] {dagbag.py:588} INFO - Filling up the DagBag from /home/krishnaformeera/Sumitomo/datapipeline/venv/lib/python3.11/site-packages/airflow/example_dags/example_short_circuit_operator.py
[2025-08-31T18:45:31.206+0000] {processor.py:925} INFO - DAG(s) 'example_short_circuit_operator' retrieved from /home/krishnaformeera/Sumitomo/datapipeline/venv/lib/python3.11/site-packages/airflow/example_dags/example_short_circuit_operator.py
[2025-08-31T18:45:31.223+0000] {logging_mixin.py:190} INFO - [2025-08-31T18:45:31.223+0000] {dag.py:3239} INFO - Sync 1 DAGs
[2025-08-31T18:45:31.234+0000] {logging_mixin.py:190} INFO - [2025-08-31T18:45:31.234+0000] {dag.py:4180} INFO - Setting next_dagrun for example_short_circuit_operator to None, run_after=None
[2025-08-31T18:45:31.255+0000] {processor.py:208} INFO - Processing /home/krishnaformeera/Sumitomo/datapipeline/venv/lib/python3.11/site-packages/airflow/example_dags/example_short_circuit_operator.py took 0.067 seconds
[2025-08-31T18:46:24.389+0000] {processor.py:186} INFO - Started process (PID=7643) to work on /home/krishnaformeera/Sumitomo/datapipeline/venv/lib/python3.11/site-packages/airflow/example_dags/example_short_circuit_operator.py
[2025-08-31T18:46:24.390+0000] {processor.py:914} INFO - Processing file /home/krishnaformeera/Sumitomo/datapipeline/venv/lib/python3.11/site-packages/airflow/example_dags/example_short_circuit_operator.py for tasks to queue
[2025-08-31T18:46:24.393+0000] {logging_mixin.py:190} INFO - [2025-08-31T18:46:24.392+0000] {dagbag.py:588} INFO - Filling up the DagBag from /home/krishnaformeera/Sumitomo/datapipeline/venv/lib/python3.11/site-packages/airflow/example_dags/example_short_circuit_operator.py
[2025-08-31T18:46:24.402+0000] {processor.py:925} INFO - DAG(s) 'example_short_circuit_operator' retrieved from /home/krishnaformeera/Sumitomo/datapipeline/venv/lib/python3.11/site-packages/airflow/example_dags/example_short_circuit_operator.py
[2025-08-31T18:46:24.421+0000] {logging_mixin.py:190} INFO - [2025-08-31T18:46:24.421+0000] {dag.py:3239} INFO - Sync 1 DAGs
[2025-08-31T18:46:24.434+0000] {logging_mixin.py:190} INFO - [2025-08-31T18:46:24.434+0000] {dag.py:4180} INFO - Setting next_dagrun for example_short_circuit_operator to None, run_after=None
[2025-08-31T18:46:24.476+0000] {processor.py:208} INFO - Processing /home/krishnaformeera/Sumitomo/datapipeline/venv/lib/python3.11/site-packages/airflow/example_dags/example_short_circuit_operator.py took 0.094 seconds
[2025-08-31T18:47:16.264+0000] {processor.py:186} INFO - Started process (PID=7783) to work on /home/krishnaformeera/Sumitomo/datapipeline/venv/lib/python3.11/site-packages/airflow/example_dags/example_short_circuit_operator.py
[2025-08-31T18:47:16.265+0000] {processor.py:914} INFO - Processing file /home/krishnaformeera/Sumitomo/datapipeline/venv/lib/python3.11/site-packages/airflow/example_dags/example_short_circuit_operator.py for tasks to queue
[2025-08-31T18:47:16.268+0000] {logging_mixin.py:190} INFO - [2025-08-31T18:47:16.267+0000] {dagbag.py:588} INFO - Filling up the DagBag from /home/krishnaformeera/Sumitomo/datapipeline/venv/lib/python3.11/site-packages/airflow/example_dags/example_short_circuit_operator.py
[2025-08-31T18:47:16.283+0000] {processor.py:925} INFO - DAG(s) 'example_short_circuit_operator' retrieved from /home/krishnaformeera/Sumitomo/datapipeline/venv/lib/python3.11/site-packages/airflow/example_dags/example_short_circuit_operator.py
[2025-08-31T18:47:16.316+0000] {logging_mixin.py:190} INFO - [2025-08-31T18:47:16.316+0000] {dag.py:3239} INFO - Sync 1 DAGs
[2025-08-31T18:47:16.335+0000] {logging_mixin.py:190} INFO - [2025-08-31T18:47:16.334+0000] {dag.py:4180} INFO - Setting next_dagrun for example_short_circuit_operator to None, run_after=None
[2025-08-31T18:47:16.369+0000] {processor.py:208} INFO - Processing /home/krishnaformeera/Sumitomo/datapipeline/venv/lib/python3.11/site-packages/airflow/example_dags/example_short_circuit_operator.py took 0.114 seconds
[2025-08-31T18:48:07.513+0000] {processor.py:186} INFO - Started process (PID=7839) to work on /home/krishnaformeera/Sumitomo/datapipeline/venv/lib/python3.11/site-packages/airflow/example_dags/example_short_circuit_operator.py
[2025-08-31T18:48:07.515+0000] {processor.py:914} INFO - Processing file /home/krishnaformeera/Sumitomo/datapipeline/venv/lib/python3.11/site-packages/airflow/example_dags/example_short_circuit_operator.py for tasks to queue
[2025-08-31T18:48:07.517+0000] {logging_mixin.py:190} INFO - [2025-08-31T18:48:07.517+0000] {dagbag.py:588} INFO - Filling up the DagBag from /home/krishnaformeera/Sumitomo/datapipeline/venv/lib/python3.11/site-packages/airflow/example_dags/example_short_circuit_operator.py
[2025-08-31T18:48:07.528+0000] {processor.py:925} INFO - DAG(s) 'example_short_circuit_operator' retrieved from /home/krishnaformeera/Sumitomo/datapipeline/venv/lib/python3.11/site-packages/airflow/example_dags/example_short_circuit_operator.py
[2025-08-31T18:48:07.546+0000] {logging_mixin.py:190} INFO - [2025-08-31T18:48:07.546+0000] {dag.py:3239} INFO - Sync 1 DAGs
[2025-08-31T18:48:07.559+0000] {logging_mixin.py:190} INFO - [2025-08-31T18:48:07.559+0000] {dag.py:4180} INFO - Setting next_dagrun for example_short_circuit_operator to None, run_after=None
[2025-08-31T18:48:07.582+0000] {processor.py:208} INFO - Processing /home/krishnaformeera/Sumitomo/datapipeline/venv/lib/python3.11/site-packages/airflow/example_dags/example_short_circuit_operator.py took 0.077 seconds
[2025-08-31T18:48:56.698+0000] {processor.py:186} INFO - Started process (PID=7894) to work on /home/krishnaformeera/Sumitomo/datapipeline/venv/lib/python3.11/site-packages/airflow/example_dags/example_short_circuit_operator.py
[2025-08-31T18:48:56.699+0000] {processor.py:914} INFO - Processing file /home/krishnaformeera/Sumitomo/datapipeline/venv/lib/python3.11/site-packages/airflow/example_dags/example_short_circuit_operator.py for tasks to queue
[2025-08-31T18:48:56.702+0000] {logging_mixin.py:190} INFO - [2025-08-31T18:48:56.701+0000] {dagbag.py:588} INFO - Filling up the DagBag from /home/krishnaformeera/Sumitomo/datapipeline/venv/lib/python3.11/site-packages/airflow/example_dags/example_short_circuit_operator.py
[2025-08-31T18:48:56.712+0000] {processor.py:925} INFO - DAG(s) 'example_short_circuit_operator' retrieved from /home/krishnaformeera/Sumitomo/datapipeline/venv/lib/python3.11/site-packages/airflow/example_dags/example_short_circuit_operator.py
[2025-08-31T18:48:56.729+0000] {logging_mixin.py:190} INFO - [2025-08-31T18:48:56.729+0000] {dag.py:3239} INFO - Sync 1 DAGs
[2025-08-31T18:48:56.741+0000] {logging_mixin.py:190} INFO - [2025-08-31T18:48:56.741+0000] {dag.py:4180} INFO - Setting next_dagrun for example_short_circuit_operator to None, run_after=None
[2025-08-31T18:48:56.770+0000] {processor.py:208} INFO - Processing /home/krishnaformeera/Sumitomo/datapipeline/venv/lib/python3.11/site-packages/airflow/example_dags/example_short_circuit_operator.py took 0.080 seconds
[2025-08-31T18:49:48.625+0000] {processor.py:186} INFO - Started process (PID=7962) to work on /home/krishnaformeera/Sumitomo/datapipeline/venv/lib/python3.11/site-packages/airflow/example_dags/example_short_circuit_operator.py
[2025-08-31T18:49:48.626+0000] {processor.py:914} INFO - Processing file /home/krishnaformeera/Sumitomo/datapipeline/venv/lib/python3.11/site-packages/airflow/example_dags/example_short_circuit_operator.py for tasks to queue
[2025-08-31T18:49:48.629+0000] {logging_mixin.py:190} INFO - [2025-08-31T18:49:48.628+0000] {dagbag.py:588} INFO - Filling up the DagBag from /home/krishnaformeera/Sumitomo/datapipeline/venv/lib/python3.11/site-packages/airflow/example_dags/example_short_circuit_operator.py
[2025-08-31T18:49:48.638+0000] {processor.py:925} INFO - DAG(s) 'example_short_circuit_operator' retrieved from /home/krishnaformeera/Sumitomo/datapipeline/venv/lib/python3.11/site-packages/airflow/example_dags/example_short_circuit_operator.py
[2025-08-31T18:49:48.654+0000] {logging_mixin.py:190} INFO - [2025-08-31T18:49:48.654+0000] {dag.py:3239} INFO - Sync 1 DAGs
[2025-08-31T18:49:48.666+0000] {logging_mixin.py:190} INFO - [2025-08-31T18:49:48.665+0000] {dag.py:4180} INFO - Setting next_dagrun for example_short_circuit_operator to None, run_after=None
[2025-08-31T18:49:48.688+0000] {processor.py:208} INFO - Processing /home/krishnaformeera/Sumitomo/datapipeline/venv/lib/python3.11/site-packages/airflow/example_dags/example_short_circuit_operator.py took 0.069 seconds
[2025-08-31T18:50:41.542+0000] {processor.py:186} INFO - Started process (PID=8075) to work on /home/krishnaformeera/Sumitomo/datapipeline/venv/lib/python3.11/site-packages/airflow/example_dags/example_short_circuit_operator.py
[2025-08-31T18:50:41.544+0000] {processor.py:914} INFO - Processing file /home/krishnaformeera/Sumitomo/datapipeline/venv/lib/python3.11/site-packages/airflow/example_dags/example_short_circuit_operator.py for tasks to queue
[2025-08-31T18:50:41.551+0000] {logging_mixin.py:190} INFO - [2025-08-31T18:50:41.550+0000] {dagbag.py:588} INFO - Filling up the DagBag from /home/krishnaformeera/Sumitomo/datapipeline/venv/lib/python3.11/site-packages/airflow/example_dags/example_short_circuit_operator.py
[2025-08-31T18:50:41.573+0000] {processor.py:925} INFO - DAG(s) 'example_short_circuit_operator' retrieved from /home/krishnaformeera/Sumitomo/datapipeline/venv/lib/python3.11/site-packages/airflow/example_dags/example_short_circuit_operator.py
[2025-08-31T18:50:41.601+0000] {logging_mixin.py:190} INFO - [2025-08-31T18:50:41.601+0000] {dag.py:3239} INFO - Sync 1 DAGs
[2025-08-31T18:50:41.618+0000] {logging_mixin.py:190} INFO - [2025-08-31T18:50:41.617+0000] {dag.py:4180} INFO - Setting next_dagrun for example_short_circuit_operator to None, run_after=None
[2025-08-31T18:50:41.646+0000] {processor.py:208} INFO - Processing /home/krishnaformeera/Sumitomo/datapipeline/venv/lib/python3.11/site-packages/airflow/example_dags/example_short_circuit_operator.py took 0.117 seconds
[2025-08-31T18:51:33.531+0000] {processor.py:186} INFO - Started process (PID=8155) to work on /home/krishnaformeera/Sumitomo/datapipeline/venv/lib/python3.11/site-packages/airflow/example_dags/example_short_circuit_operator.py
[2025-08-31T18:51:33.532+0000] {processor.py:914} INFO - Processing file /home/krishnaformeera/Sumitomo/datapipeline/venv/lib/python3.11/site-packages/airflow/example_dags/example_short_circuit_operator.py for tasks to queue
[2025-08-31T18:51:33.535+0000] {logging_mixin.py:190} INFO - [2025-08-31T18:51:33.534+0000] {dagbag.py:588} INFO - Filling up the DagBag from /home/krishnaformeera/Sumitomo/datapipeline/venv/lib/python3.11/site-packages/airflow/example_dags/example_short_circuit_operator.py
[2025-08-31T18:51:33.544+0000] {processor.py:925} INFO - DAG(s) 'example_short_circuit_operator' retrieved from /home/krishnaformeera/Sumitomo/datapipeline/venv/lib/python3.11/site-packages/airflow/example_dags/example_short_circuit_operator.py
[2025-08-31T18:51:33.563+0000] {logging_mixin.py:190} INFO - [2025-08-31T18:51:33.563+0000] {dag.py:3239} INFO - Sync 1 DAGs
[2025-08-31T18:51:33.574+0000] {logging_mixin.py:190} INFO - [2025-08-31T18:51:33.574+0000] {dag.py:4180} INFO - Setting next_dagrun for example_short_circuit_operator to None, run_after=None
[2025-08-31T18:51:33.597+0000] {processor.py:208} INFO - Processing /home/krishnaformeera/Sumitomo/datapipeline/venv/lib/python3.11/site-packages/airflow/example_dags/example_short_circuit_operator.py took 0.072 seconds
[2025-08-31T18:52:22.950+0000] {processor.py:186} INFO - Started process (PID=8227) to work on /home/krishnaformeera/Sumitomo/datapipeline/venv/lib/python3.11/site-packages/airflow/example_dags/example_short_circuit_operator.py
[2025-08-31T18:52:22.951+0000] {processor.py:914} INFO - Processing file /home/krishnaformeera/Sumitomo/datapipeline/venv/lib/python3.11/site-packages/airflow/example_dags/example_short_circuit_operator.py for tasks to queue
[2025-08-31T18:52:22.954+0000] {logging_mixin.py:190} INFO - [2025-08-31T18:52:22.953+0000] {dagbag.py:588} INFO - Filling up the DagBag from /home/krishnaformeera/Sumitomo/datapipeline/venv/lib/python3.11/site-packages/airflow/example_dags/example_short_circuit_operator.py
[2025-08-31T18:52:22.965+0000] {processor.py:925} INFO - DAG(s) 'example_short_circuit_operator' retrieved from /home/krishnaformeera/Sumitomo/datapipeline/venv/lib/python3.11/site-packages/airflow/example_dags/example_short_circuit_operator.py
[2025-08-31T18:52:22.985+0000] {logging_mixin.py:190} INFO - [2025-08-31T18:52:22.984+0000] {dag.py:3239} INFO - Sync 1 DAGs
[2025-08-31T18:52:22.997+0000] {logging_mixin.py:190} INFO - [2025-08-31T18:52:22.997+0000] {dag.py:4180} INFO - Setting next_dagrun for example_short_circuit_operator to None, run_after=None
[2025-08-31T18:52:23.026+0000] {processor.py:208} INFO - Processing /home/krishnaformeera/Sumitomo/datapipeline/venv/lib/python3.11/site-packages/airflow/example_dags/example_short_circuit_operator.py took 0.084 seconds
[2025-08-31T18:53:18.697+0000] {processor.py:186} INFO - Started process (PID=8291) to work on /home/krishnaformeera/Sumitomo/datapipeline/venv/lib/python3.11/site-packages/airflow/example_dags/example_short_circuit_operator.py
[2025-08-31T18:53:18.698+0000] {processor.py:914} INFO - Processing file /home/krishnaformeera/Sumitomo/datapipeline/venv/lib/python3.11/site-packages/airflow/example_dags/example_short_circuit_operator.py for tasks to queue
[2025-08-31T18:53:18.700+0000] {logging_mixin.py:190} INFO - [2025-08-31T18:53:18.700+0000] {dagbag.py:588} INFO - Filling up the DagBag from /home/krishnaformeera/Sumitomo/datapipeline/venv/lib/python3.11/site-packages/airflow/example_dags/example_short_circuit_operator.py
[2025-08-31T18:53:18.710+0000] {processor.py:925} INFO - DAG(s) 'example_short_circuit_operator' retrieved from /home/krishnaformeera/Sumitomo/datapipeline/venv/lib/python3.11/site-packages/airflow/example_dags/example_short_circuit_operator.py
[2025-08-31T18:53:18.728+0000] {logging_mixin.py:190} INFO - [2025-08-31T18:53:18.728+0000] {dag.py:3239} INFO - Sync 1 DAGs
[2025-08-31T18:53:18.740+0000] {logging_mixin.py:190} INFO - [2025-08-31T18:53:18.740+0000] {dag.py:4180} INFO - Setting next_dagrun for example_short_circuit_operator to None, run_after=None
[2025-08-31T18:53:18.764+0000] {processor.py:208} INFO - Processing /home/krishnaformeera/Sumitomo/datapipeline/venv/lib/python3.11/site-packages/airflow/example_dags/example_short_circuit_operator.py took 0.076 seconds
[2025-08-31T18:54:06.567+0000] {processor.py:186} INFO - Started process (PID=8483) to work on /home/krishnaformeera/Sumitomo/datapipeline/venv/lib/python3.11/site-packages/airflow/example_dags/example_short_circuit_operator.py
[2025-08-31T18:54:06.568+0000] {processor.py:914} INFO - Processing file /home/krishnaformeera/Sumitomo/datapipeline/venv/lib/python3.11/site-packages/airflow/example_dags/example_short_circuit_operator.py for tasks to queue
[2025-08-31T18:54:06.571+0000] {logging_mixin.py:190} INFO - [2025-08-31T18:54:06.570+0000] {dagbag.py:588} INFO - Filling up the DagBag from /home/krishnaformeera/Sumitomo/datapipeline/venv/lib/python3.11/site-packages/airflow/example_dags/example_short_circuit_operator.py
[2025-08-31T18:54:06.581+0000] {processor.py:925} INFO - DAG(s) 'example_short_circuit_operator' retrieved from /home/krishnaformeera/Sumitomo/datapipeline/venv/lib/python3.11/site-packages/airflow/example_dags/example_short_circuit_operator.py
[2025-08-31T18:54:06.598+0000] {logging_mixin.py:190} INFO - [2025-08-31T18:54:06.598+0000] {dag.py:3239} INFO - Sync 1 DAGs
[2025-08-31T18:54:06.610+0000] {logging_mixin.py:190} INFO - [2025-08-31T18:54:06.609+0000] {dag.py:4180} INFO - Setting next_dagrun for example_short_circuit_operator to None, run_after=None
[2025-08-31T18:54:06.632+0000] {processor.py:208} INFO - Processing /home/krishnaformeera/Sumitomo/datapipeline/venv/lib/python3.11/site-packages/airflow/example_dags/example_short_circuit_operator.py took 0.071 seconds
[2025-08-31T18:54:58.368+0000] {processor.py:186} INFO - Started process (PID=8563) to work on /home/krishnaformeera/Sumitomo/datapipeline/venv/lib/python3.11/site-packages/airflow/example_dags/example_short_circuit_operator.py
[2025-08-31T18:54:58.369+0000] {processor.py:914} INFO - Processing file /home/krishnaformeera/Sumitomo/datapipeline/venv/lib/python3.11/site-packages/airflow/example_dags/example_short_circuit_operator.py for tasks to queue
[2025-08-31T18:54:58.371+0000] {logging_mixin.py:190} INFO - [2025-08-31T18:54:58.371+0000] {dagbag.py:588} INFO - Filling up the DagBag from /home/krishnaformeera/Sumitomo/datapipeline/venv/lib/python3.11/site-packages/airflow/example_dags/example_short_circuit_operator.py
[2025-08-31T18:54:58.382+0000] {processor.py:925} INFO - DAG(s) 'example_short_circuit_operator' retrieved from /home/krishnaformeera/Sumitomo/datapipeline/venv/lib/python3.11/site-packages/airflow/example_dags/example_short_circuit_operator.py
[2025-08-31T18:54:58.400+0000] {logging_mixin.py:190} INFO - [2025-08-31T18:54:58.400+0000] {dag.py:3239} INFO - Sync 1 DAGs
[2025-08-31T18:54:58.412+0000] {logging_mixin.py:190} INFO - [2025-08-31T18:54:58.412+0000] {dag.py:4180} INFO - Setting next_dagrun for example_short_circuit_operator to None, run_after=None
[2025-08-31T18:54:58.434+0000] {processor.py:208} INFO - Processing /home/krishnaformeera/Sumitomo/datapipeline/venv/lib/python3.11/site-packages/airflow/example_dags/example_short_circuit_operator.py took 0.072 seconds
[2025-08-31T18:55:52.143+0000] {processor.py:186} INFO - Started process (PID=8615) to work on /home/krishnaformeera/Sumitomo/datapipeline/venv/lib/python3.11/site-packages/airflow/example_dags/example_short_circuit_operator.py
[2025-08-31T18:55:52.144+0000] {processor.py:914} INFO - Processing file /home/krishnaformeera/Sumitomo/datapipeline/venv/lib/python3.11/site-packages/airflow/example_dags/example_short_circuit_operator.py for tasks to queue
[2025-08-31T18:55:52.146+0000] {logging_mixin.py:190} INFO - [2025-08-31T18:55:52.145+0000] {dagbag.py:588} INFO - Filling up the DagBag from /home/krishnaformeera/Sumitomo/datapipeline/venv/lib/python3.11/site-packages/airflow/example_dags/example_short_circuit_operator.py
[2025-08-31T18:55:52.155+0000] {processor.py:925} INFO - DAG(s) 'example_short_circuit_operator' retrieved from /home/krishnaformeera/Sumitomo/datapipeline/venv/lib/python3.11/site-packages/airflow/example_dags/example_short_circuit_operator.py
[2025-08-31T18:55:52.173+0000] {logging_mixin.py:190} INFO - [2025-08-31T18:55:52.172+0000] {dag.py:3239} INFO - Sync 1 DAGs
[2025-08-31T18:55:52.184+0000] {logging_mixin.py:190} INFO - [2025-08-31T18:55:52.184+0000] {dag.py:4180} INFO - Setting next_dagrun for example_short_circuit_operator to None, run_after=None
[2025-08-31T18:55:52.206+0000] {processor.py:208} INFO - Processing /home/krishnaformeera/Sumitomo/datapipeline/venv/lib/python3.11/site-packages/airflow/example_dags/example_short_circuit_operator.py took 0.070 seconds
[2025-08-31T18:56:45.331+0000] {processor.py:186} INFO - Started process (PID=8683) to work on /home/krishnaformeera/Sumitomo/datapipeline/venv/lib/python3.11/site-packages/airflow/example_dags/example_short_circuit_operator.py
[2025-08-31T18:56:45.332+0000] {processor.py:914} INFO - Processing file /home/krishnaformeera/Sumitomo/datapipeline/venv/lib/python3.11/site-packages/airflow/example_dags/example_short_circuit_operator.py for tasks to queue
[2025-08-31T18:56:45.335+0000] {logging_mixin.py:190} INFO - [2025-08-31T18:56:45.335+0000] {dagbag.py:588} INFO - Filling up the DagBag from /home/krishnaformeera/Sumitomo/datapipeline/venv/lib/python3.11/site-packages/airflow/example_dags/example_short_circuit_operator.py
[2025-08-31T18:56:45.346+0000] {processor.py:925} INFO - DAG(s) 'example_short_circuit_operator' retrieved from /home/krishnaformeera/Sumitomo/datapipeline/venv/lib/python3.11/site-packages/airflow/example_dags/example_short_circuit_operator.py
[2025-08-31T18:56:45.368+0000] {logging_mixin.py:190} INFO - [2025-08-31T18:56:45.368+0000] {dag.py:3239} INFO - Sync 1 DAGs
[2025-08-31T18:56:45.382+0000] {logging_mixin.py:190} INFO - [2025-08-31T18:56:45.382+0000] {dag.py:4180} INFO - Setting next_dagrun for example_short_circuit_operator to None, run_after=None
[2025-08-31T18:56:45.408+0000] {processor.py:208} INFO - Processing /home/krishnaformeera/Sumitomo/datapipeline/venv/lib/python3.11/site-packages/airflow/example_dags/example_short_circuit_operator.py took 0.085 seconds
[2025-08-31T18:57:38.138+0000] {processor.py:186} INFO - Started process (PID=8737) to work on /home/krishnaformeera/Sumitomo/datapipeline/venv/lib/python3.11/site-packages/airflow/example_dags/example_short_circuit_operator.py
[2025-08-31T18:57:38.139+0000] {processor.py:914} INFO - Processing file /home/krishnaformeera/Sumitomo/datapipeline/venv/lib/python3.11/site-packages/airflow/example_dags/example_short_circuit_operator.py for tasks to queue
[2025-08-31T18:57:38.141+0000] {logging_mixin.py:190} INFO - [2025-08-31T18:57:38.141+0000] {dagbag.py:588} INFO - Filling up the DagBag from /home/krishnaformeera/Sumitomo/datapipeline/venv/lib/python3.11/site-packages/airflow/example_dags/example_short_circuit_operator.py
[2025-08-31T18:57:38.151+0000] {processor.py:925} INFO - DAG(s) 'example_short_circuit_operator' retrieved from /home/krishnaformeera/Sumitomo/datapipeline/venv/lib/python3.11/site-packages/airflow/example_dags/example_short_circuit_operator.py
[2025-08-31T18:57:38.168+0000] {logging_mixin.py:190} INFO - [2025-08-31T18:57:38.168+0000] {dag.py:3239} INFO - Sync 1 DAGs
[2025-08-31T18:57:38.180+0000] {logging_mixin.py:190} INFO - [2025-08-31T18:57:38.180+0000] {dag.py:4180} INFO - Setting next_dagrun for example_short_circuit_operator to None, run_after=None
[2025-08-31T18:57:38.203+0000] {processor.py:208} INFO - Processing /home/krishnaformeera/Sumitomo/datapipeline/venv/lib/python3.11/site-packages/airflow/example_dags/example_short_circuit_operator.py took 0.072 seconds
[2025-08-31T18:58:30.224+0000] {processor.py:186} INFO - Started process (PID=8790) to work on /home/krishnaformeera/Sumitomo/datapipeline/venv/lib/python3.11/site-packages/airflow/example_dags/example_short_circuit_operator.py
[2025-08-31T18:58:30.225+0000] {processor.py:914} INFO - Processing file /home/krishnaformeera/Sumitomo/datapipeline/venv/lib/python3.11/site-packages/airflow/example_dags/example_short_circuit_operator.py for tasks to queue
[2025-08-31T18:58:30.227+0000] {logging_mixin.py:190} INFO - [2025-08-31T18:58:30.227+0000] {dagbag.py:588} INFO - Filling up the DagBag from /home/krishnaformeera/Sumitomo/datapipeline/venv/lib/python3.11/site-packages/airflow/example_dags/example_short_circuit_operator.py
[2025-08-31T18:58:30.237+0000] {processor.py:925} INFO - DAG(s) 'example_short_circuit_operator' retrieved from /home/krishnaformeera/Sumitomo/datapipeline/venv/lib/python3.11/site-packages/airflow/example_dags/example_short_circuit_operator.py
[2025-08-31T18:58:30.255+0000] {logging_mixin.py:190} INFO - [2025-08-31T18:58:30.254+0000] {dag.py:3239} INFO - Sync 1 DAGs
[2025-08-31T18:58:30.266+0000] {logging_mixin.py:190} INFO - [2025-08-31T18:58:30.266+0000] {dag.py:4180} INFO - Setting next_dagrun for example_short_circuit_operator to None, run_after=None
[2025-08-31T18:58:30.286+0000] {processor.py:208} INFO - Processing /home/krishnaformeera/Sumitomo/datapipeline/venv/lib/python3.11/site-packages/airflow/example_dags/example_short_circuit_operator.py took 0.069 seconds
[2025-08-31T18:59:23.066+0000] {processor.py:186} INFO - Started process (PID=8876) to work on /home/krishnaformeera/Sumitomo/datapipeline/venv/lib/python3.11/site-packages/airflow/example_dags/example_short_circuit_operator.py
[2025-08-31T18:59:23.067+0000] {processor.py:914} INFO - Processing file /home/krishnaformeera/Sumitomo/datapipeline/venv/lib/python3.11/site-packages/airflow/example_dags/example_short_circuit_operator.py for tasks to queue
[2025-08-31T18:59:23.069+0000] {logging_mixin.py:190} INFO - [2025-08-31T18:59:23.069+0000] {dagbag.py:588} INFO - Filling up the DagBag from /home/krishnaformeera/Sumitomo/datapipeline/venv/lib/python3.11/site-packages/airflow/example_dags/example_short_circuit_operator.py
[2025-08-31T18:59:23.078+0000] {processor.py:925} INFO - DAG(s) 'example_short_circuit_operator' retrieved from /home/krishnaformeera/Sumitomo/datapipeline/venv/lib/python3.11/site-packages/airflow/example_dags/example_short_circuit_operator.py
[2025-08-31T18:59:23.096+0000] {logging_mixin.py:190} INFO - [2025-08-31T18:59:23.096+0000] {dag.py:3239} INFO - Sync 1 DAGs
[2025-08-31T18:59:23.108+0000] {logging_mixin.py:190} INFO - [2025-08-31T18:59:23.108+0000] {dag.py:4180} INFO - Setting next_dagrun for example_short_circuit_operator to None, run_after=None
[2025-08-31T18:59:23.129+0000] {processor.py:208} INFO - Processing /home/krishnaformeera/Sumitomo/datapipeline/venv/lib/python3.11/site-packages/airflow/example_dags/example_short_circuit_operator.py took 0.069 seconds
