[2025-08-31T18:31:32.026+0000] {processor.py:186} INFO - Started process (PID=5268) to work on /home/krishnaformeera/Sumitomo/datapipeline/venv/lib/python3.11/site-packages/airflow/example_dags/example_branch_datetime_operator.py
[2025-08-31T18:31:32.027+0000] {processor.py:914} INFO - Processing file /home/krishnaformeera/Sumitomo/datapipeline/venv/lib/python3.11/site-packages/airflow/example_dags/example_branch_datetime_operator.py for tasks to queue
[2025-08-31T18:31:32.029+0000] {logging_mixin.py:190} INFO - [2025-08-31T18:31:32.029+0000] {dagbag.py:588} INFO - Filling up the DagBag from /home/krishnaformeera/Sumitomo/datapipeline/venv/lib/python3.11/site-packages/airflow/example_dags/example_branch_datetime_operator.py
[2025-08-31T18:31:32.040+0000] {processor.py:925} INFO - DAG(s) 'example_branch_datetime_operator_2', 'example_branch_datetime_operator_3', 'example_branch_datetime_operator' retrieved from /home/krishnaformeera/Sumitomo/datapipeline/venv/lib/python3.11/site-packages/airflow/example_dags/example_branch_datetime_operator.py
[2025-08-31T18:31:32.130+0000] {logging_mixin.py:190} INFO - [2025-08-31T18:31:32.130+0000] {override.py:1900} INFO - Created Permission View: can edit on DAG:example_branch_datetime_operator_2
[2025-08-31T18:31:32.143+0000] {logging_mixin.py:190} INFO - [2025-08-31T18:31:32.143+0000] {override.py:1900} INFO - Created Permission View: can read on DAG:example_branch_datetime_operator_2
[2025-08-31T18:31:32.153+0000] {logging_mixin.py:190} INFO - [2025-08-31T18:31:32.153+0000] {override.py:1900} INFO - Created Permission View: can delete on DAG:example_branch_datetime_operator_2
[2025-08-31T18:31:32.168+0000] {logging_mixin.py:190} INFO - [2025-08-31T18:31:32.168+0000] {override.py:1900} INFO - Created Permission View: menu access on DAG Run:example_branch_datetime_operator_2
[2025-08-31T18:31:32.177+0000] {logging_mixin.py:190} INFO - [2025-08-31T18:31:32.176+0000] {override.py:1900} INFO - Created Permission View: can read on DAG Run:example_branch_datetime_operator_2
[2025-08-31T18:31:32.185+0000] {logging_mixin.py:190} INFO - [2025-08-31T18:31:32.185+0000] {override.py:1900} INFO - Created Permission View: can create on DAG Run:example_branch_datetime_operator_2
[2025-08-31T18:31:32.194+0000] {logging_mixin.py:190} INFO - [2025-08-31T18:31:32.194+0000] {override.py:1900} INFO - Created Permission View: can delete on DAG Run:example_branch_datetime_operator_2
[2025-08-31T18:31:32.212+0000] {logging_mixin.py:190} INFO - [2025-08-31T18:31:32.212+0000] {override.py:1900} INFO - Created Permission View: can edit on DAG:example_branch_datetime_operator_3
[2025-08-31T18:31:32.221+0000] {logging_mixin.py:190} INFO - [2025-08-31T18:31:32.220+0000] {override.py:1900} INFO - Created Permission View: can read on DAG:example_branch_datetime_operator_3
[2025-08-31T18:31:32.229+0000] {logging_mixin.py:190} INFO - [2025-08-31T18:31:32.229+0000] {override.py:1900} INFO - Created Permission View: can delete on DAG:example_branch_datetime_operator_3
[2025-08-31T18:31:32.243+0000] {logging_mixin.py:190} INFO - [2025-08-31T18:31:32.242+0000] {override.py:1900} INFO - Created Permission View: menu access on DAG Run:example_branch_datetime_operator_3
[2025-08-31T18:31:32.251+0000] {logging_mixin.py:190} INFO - [2025-08-31T18:31:32.251+0000] {override.py:1900} INFO - Created Permission View: can read on DAG Run:example_branch_datetime_operator_3
[2025-08-31T18:31:32.260+0000] {logging_mixin.py:190} INFO - [2025-08-31T18:31:32.260+0000] {override.py:1900} INFO - Created Permission View: can create on DAG Run:example_branch_datetime_operator_3
[2025-08-31T18:31:32.268+0000] {logging_mixin.py:190} INFO - [2025-08-31T18:31:32.268+0000] {override.py:1900} INFO - Created Permission View: can delete on DAG Run:example_branch_datetime_operator_3
[2025-08-31T18:31:32.287+0000] {logging_mixin.py:190} INFO - [2025-08-31T18:31:32.286+0000] {override.py:1900} INFO - Created Permission View: can edit on DAG:example_branch_datetime_operator
[2025-08-31T18:31:32.295+0000] {logging_mixin.py:190} INFO - [2025-08-31T18:31:32.295+0000] {override.py:1900} INFO - Created Permission View: can read on DAG:example_branch_datetime_operator
[2025-08-31T18:31:32.304+0000] {logging_mixin.py:190} INFO - [2025-08-31T18:31:32.304+0000] {override.py:1900} INFO - Created Permission View: can delete on DAG:example_branch_datetime_operator
[2025-08-31T18:31:32.318+0000] {logging_mixin.py:190} INFO - [2025-08-31T18:31:32.318+0000] {override.py:1900} INFO - Created Permission View: menu access on DAG Run:example_branch_datetime_operator
[2025-08-31T18:31:32.327+0000] {logging_mixin.py:190} INFO - [2025-08-31T18:31:32.327+0000] {override.py:1900} INFO - Created Permission View: can read on DAG Run:example_branch_datetime_operator
[2025-08-31T18:31:32.336+0000] {logging_mixin.py:190} INFO - [2025-08-31T18:31:32.335+0000] {override.py:1900} INFO - Created Permission View: can create on DAG Run:example_branch_datetime_operator
[2025-08-31T18:31:32.345+0000] {logging_mixin.py:190} INFO - [2025-08-31T18:31:32.344+0000] {override.py:1900} INFO - Created Permission View: can delete on DAG Run:example_branch_datetime_operator
[2025-08-31T18:31:32.345+0000] {logging_mixin.py:190} INFO - [2025-08-31T18:31:32.345+0000] {dag.py:3239} INFO - Sync 3 DAGs
[2025-08-31T18:31:32.355+0000] {logging_mixin.py:190} INFO - [2025-08-31T18:31:32.355+0000] {dag.py:3262} INFO - Creating ORM DAG for example_branch_datetime_operator_2
[2025-08-31T18:31:32.356+0000] {logging_mixin.py:190} INFO - [2025-08-31T18:31:32.356+0000] {dag.py:3262} INFO - Creating ORM DAG for example_branch_datetime_operator_3
[2025-08-31T18:31:32.356+0000] {logging_mixin.py:190} INFO - [2025-08-31T18:31:32.356+0000] {dag.py:3262} INFO - Creating ORM DAG for example_branch_datetime_operator
[2025-08-31T18:31:32.450+0000] {logging_mixin.py:190} INFO - [2025-08-31T18:31:32.450+0000] {dag.py:4180} INFO - Setting next_dagrun for example_branch_datetime_operator to 2025-08-30 00:00:00+00:00, run_after=2025-08-31 00:00:00+00:00
[2025-08-31T18:31:32.451+0000] {logging_mixin.py:190} INFO - [2025-08-31T18:31:32.451+0000] {dag.py:4180} INFO - Setting next_dagrun for example_branch_datetime_operator_2 to 2025-08-30 00:00:00+00:00, run_after=2025-08-31 00:00:00+00:00
[2025-08-31T18:31:32.453+0000] {logging_mixin.py:190} INFO - [2025-08-31T18:31:32.452+0000] {dag.py:4180} INFO - Setting next_dagrun for example_branch_datetime_operator_3 to 2025-08-30 00:00:00+00:00, run_after=2025-08-31 00:00:00+00:00
[2025-08-31T18:31:32.469+0000] {processor.py:208} INFO - Processing /home/krishnaformeera/Sumitomo/datapipeline/venv/lib/python3.11/site-packages/airflow/example_dags/example_branch_datetime_operator.py took 0.451 seconds
[2025-08-31T18:32:32.923+0000] {processor.py:186} INFO - Started process (PID=5328) to work on /home/krishnaformeera/Sumitomo/datapipeline/venv/lib/python3.11/site-packages/airflow/example_dags/example_branch_datetime_operator.py
[2025-08-31T18:32:32.924+0000] {processor.py:914} INFO - Processing file /home/krishnaformeera/Sumitomo/datapipeline/venv/lib/python3.11/site-packages/airflow/example_dags/example_branch_datetime_operator.py for tasks to queue
[2025-08-31T18:32:32.927+0000] {logging_mixin.py:190} INFO - [2025-08-31T18:32:32.926+0000] {dagbag.py:588} INFO - Filling up the DagBag from /home/krishnaformeera/Sumitomo/datapipeline/venv/lib/python3.11/site-packages/airflow/example_dags/example_branch_datetime_operator.py
[2025-08-31T18:32:32.938+0000] {processor.py:925} INFO - DAG(s) 'example_branch_datetime_operator_2', 'example_branch_datetime_operator_3', 'example_branch_datetime_operator' retrieved from /home/krishnaformeera/Sumitomo/datapipeline/venv/lib/python3.11/site-packages/airflow/example_dags/example_branch_datetime_operator.py
[2025-08-31T18:32:32.958+0000] {logging_mixin.py:190} INFO - [2025-08-31T18:32:32.957+0000] {dag.py:3239} INFO - Sync 3 DAGs
[2025-08-31T18:32:32.977+0000] {logging_mixin.py:190} INFO - [2025-08-31T18:32:32.977+0000] {dag.py:4180} INFO - Setting next_dagrun for example_branch_datetime_operator to 2025-08-30 00:00:00+00:00, run_after=2025-08-31 00:00:00+00:00
[2025-08-31T18:32:32.980+0000] {logging_mixin.py:190} INFO - [2025-08-31T18:32:32.980+0000] {dag.py:4180} INFO - Setting next_dagrun for example_branch_datetime_operator_2 to 2025-08-30 00:00:00+00:00, run_after=2025-08-31 00:00:00+00:00
[2025-08-31T18:32:32.982+0000] {logging_mixin.py:190} INFO - [2025-08-31T18:32:32.982+0000] {dag.py:4180} INFO - Setting next_dagrun for example_branch_datetime_operator_3 to 2025-08-30 00:00:00+00:00, run_after=2025-08-31 00:00:00+00:00
[2025-08-31T18:32:33.001+0000] {processor.py:208} INFO - Processing /home/krishnaformeera/Sumitomo/datapipeline/venv/lib/python3.11/site-packages/airflow/example_dags/example_branch_datetime_operator.py took 0.084 seconds
[2025-08-31T18:33:48.357+0000] {processor.py:186} INFO - Started process (PID=5404) to work on /home/krishnaformeera/Sumitomo/datapipeline/venv/lib/python3.11/site-packages/airflow/example_dags/example_branch_datetime_operator.py
[2025-08-31T18:33:48.358+0000] {processor.py:914} INFO - Processing file /home/krishnaformeera/Sumitomo/datapipeline/venv/lib/python3.11/site-packages/airflow/example_dags/example_branch_datetime_operator.py for tasks to queue
[2025-08-31T18:33:48.360+0000] {logging_mixin.py:190} INFO - [2025-08-31T18:33:48.360+0000] {dagbag.py:588} INFO - Filling up the DagBag from /home/krishnaformeera/Sumitomo/datapipeline/venv/lib/python3.11/site-packages/airflow/example_dags/example_branch_datetime_operator.py
[2025-08-31T18:33:48.374+0000] {processor.py:925} INFO - DAG(s) 'example_branch_datetime_operator_2', 'example_branch_datetime_operator_3', 'example_branch_datetime_operator' retrieved from /home/krishnaformeera/Sumitomo/datapipeline/venv/lib/python3.11/site-packages/airflow/example_dags/example_branch_datetime_operator.py
[2025-08-31T18:33:48.518+0000] {logging_mixin.py:190} INFO - [2025-08-31T18:33:48.518+0000] {dag.py:3239} INFO - Sync 3 DAGs
[2025-08-31T18:33:48.534+0000] {logging_mixin.py:190} INFO - [2025-08-31T18:33:48.534+0000] {dag.py:4180} INFO - Setting next_dagrun for example_branch_datetime_operator to 2025-08-30 00:00:00+00:00, run_after=2025-08-31 00:00:00+00:00
[2025-08-31T18:33:48.538+0000] {logging_mixin.py:190} INFO - [2025-08-31T18:33:48.537+0000] {dag.py:4180} INFO - Setting next_dagrun for example_branch_datetime_operator_2 to 2025-08-30 00:00:00+00:00, run_after=2025-08-31 00:00:00+00:00
[2025-08-31T18:33:48.539+0000] {logging_mixin.py:190} INFO - [2025-08-31T18:33:48.539+0000] {dag.py:4180} INFO - Setting next_dagrun for example_branch_datetime_operator_3 to 2025-08-30 00:00:00+00:00, run_after=2025-08-31 00:00:00+00:00
[2025-08-31T18:33:48.558+0000] {processor.py:208} INFO - Processing /home/krishnaformeera/Sumitomo/datapipeline/venv/lib/python3.11/site-packages/airflow/example_dags/example_branch_datetime_operator.py took 0.209 seconds
[2025-08-31T18:34:43.388+0000] {processor.py:186} INFO - Started process (PID=5461) to work on /home/krishnaformeera/Sumitomo/datapipeline/venv/lib/python3.11/site-packages/airflow/example_dags/example_branch_datetime_operator.py
[2025-08-31T18:34:43.389+0000] {processor.py:914} INFO - Processing file /home/krishnaformeera/Sumitomo/datapipeline/venv/lib/python3.11/site-packages/airflow/example_dags/example_branch_datetime_operator.py for tasks to queue
[2025-08-31T18:34:43.391+0000] {logging_mixin.py:190} INFO - [2025-08-31T18:34:43.391+0000] {dagbag.py:588} INFO - Filling up the DagBag from /home/krishnaformeera/Sumitomo/datapipeline/venv/lib/python3.11/site-packages/airflow/example_dags/example_branch_datetime_operator.py
[2025-08-31T18:34:43.403+0000] {processor.py:925} INFO - DAG(s) 'example_branch_datetime_operator', 'example_branch_datetime_operator_2', 'example_branch_datetime_operator_3' retrieved from /home/krishnaformeera/Sumitomo/datapipeline/venv/lib/python3.11/site-packages/airflow/example_dags/example_branch_datetime_operator.py
[2025-08-31T18:34:43.423+0000] {logging_mixin.py:190} INFO - [2025-08-31T18:34:43.423+0000] {dag.py:3239} INFO - Sync 3 DAGs
[2025-08-31T18:34:43.443+0000] {logging_mixin.py:190} INFO - [2025-08-31T18:34:43.443+0000] {dag.py:4180} INFO - Setting next_dagrun for example_branch_datetime_operator to 2025-08-30 00:00:00+00:00, run_after=2025-08-31 00:00:00+00:00
[2025-08-31T18:34:43.447+0000] {logging_mixin.py:190} INFO - [2025-08-31T18:34:43.447+0000] {dag.py:4180} INFO - Setting next_dagrun for example_branch_datetime_operator_2 to 2025-08-30 00:00:00+00:00, run_after=2025-08-31 00:00:00+00:00
[2025-08-31T18:34:43.449+0000] {logging_mixin.py:190} INFO - [2025-08-31T18:34:43.448+0000] {dag.py:4180} INFO - Setting next_dagrun for example_branch_datetime_operator_3 to 2025-08-30 00:00:00+00:00, run_after=2025-08-31 00:00:00+00:00
[2025-08-31T18:34:43.468+0000] {processor.py:208} INFO - Processing /home/krishnaformeera/Sumitomo/datapipeline/venv/lib/python3.11/site-packages/airflow/example_dags/example_branch_datetime_operator.py took 0.086 seconds
[2025-08-31T18:35:38.032+0000] {processor.py:186} INFO - Started process (PID=5517) to work on /home/krishnaformeera/Sumitomo/datapipeline/venv/lib/python3.11/site-packages/airflow/example_dags/example_branch_datetime_operator.py
[2025-08-31T18:35:38.035+0000] {processor.py:914} INFO - Processing file /home/krishnaformeera/Sumitomo/datapipeline/venv/lib/python3.11/site-packages/airflow/example_dags/example_branch_datetime_operator.py for tasks to queue
[2025-08-31T18:35:38.038+0000] {logging_mixin.py:190} INFO - [2025-08-31T18:35:38.037+0000] {dagbag.py:588} INFO - Filling up the DagBag from /home/krishnaformeera/Sumitomo/datapipeline/venv/lib/python3.11/site-packages/airflow/example_dags/example_branch_datetime_operator.py
[2025-08-31T18:35:38.049+0000] {processor.py:925} INFO - DAG(s) 'example_branch_datetime_operator_2', 'example_branch_datetime_operator_3', 'example_branch_datetime_operator' retrieved from /home/krishnaformeera/Sumitomo/datapipeline/venv/lib/python3.11/site-packages/airflow/example_dags/example_branch_datetime_operator.py
[2025-08-31T18:35:38.069+0000] {logging_mixin.py:190} INFO - [2025-08-31T18:35:38.068+0000] {dag.py:3239} INFO - Sync 3 DAGs
[2025-08-31T18:35:38.088+0000] {logging_mixin.py:190} INFO - [2025-08-31T18:35:38.088+0000] {dag.py:4180} INFO - Setting next_dagrun for example_branch_datetime_operator to 2025-08-30 00:00:00+00:00, run_after=2025-08-31 00:00:00+00:00
[2025-08-31T18:35:38.092+0000] {logging_mixin.py:190} INFO - [2025-08-31T18:35:38.092+0000] {dag.py:4180} INFO - Setting next_dagrun for example_branch_datetime_operator_2 to 2025-08-30 00:00:00+00:00, run_after=2025-08-31 00:00:00+00:00
[2025-08-31T18:35:38.094+0000] {logging_mixin.py:190} INFO - [2025-08-31T18:35:38.094+0000] {dag.py:4180} INFO - Setting next_dagrun for example_branch_datetime_operator_3 to 2025-08-30 00:00:00+00:00, run_after=2025-08-31 00:00:00+00:00
[2025-08-31T18:35:38.113+0000] {processor.py:208} INFO - Processing /home/krishnaformeera/Sumitomo/datapipeline/venv/lib/python3.11/site-packages/airflow/example_dags/example_branch_datetime_operator.py took 0.087 seconds
[2025-08-31T18:36:55.222+0000] {processor.py:186} INFO - Started process (PID=5621) to work on /home/krishnaformeera/Sumitomo/datapipeline/venv/lib/python3.11/site-packages/airflow/example_dags/example_branch_datetime_operator.py
[2025-08-31T18:36:55.223+0000] {processor.py:914} INFO - Processing file /home/krishnaformeera/Sumitomo/datapipeline/venv/lib/python3.11/site-packages/airflow/example_dags/example_branch_datetime_operator.py for tasks to queue
[2025-08-31T18:36:55.225+0000] {logging_mixin.py:190} INFO - [2025-08-31T18:36:55.224+0000] {dagbag.py:588} INFO - Filling up the DagBag from /home/krishnaformeera/Sumitomo/datapipeline/venv/lib/python3.11/site-packages/airflow/example_dags/example_branch_datetime_operator.py
[2025-08-31T18:36:55.238+0000] {processor.py:925} INFO - DAG(s) 'example_branch_datetime_operator_3', 'example_branch_datetime_operator_2', 'example_branch_datetime_operator' retrieved from /home/krishnaformeera/Sumitomo/datapipeline/venv/lib/python3.11/site-packages/airflow/example_dags/example_branch_datetime_operator.py
[2025-08-31T18:36:55.258+0000] {logging_mixin.py:190} INFO - [2025-08-31T18:36:55.258+0000] {dag.py:3239} INFO - Sync 3 DAGs
[2025-08-31T18:36:55.280+0000] {logging_mixin.py:190} INFO - [2025-08-31T18:36:55.279+0000] {dag.py:4180} INFO - Setting next_dagrun for example_branch_datetime_operator to 2025-08-30 00:00:00+00:00, run_after=2025-08-31 00:00:00+00:00
[2025-08-31T18:36:55.285+0000] {logging_mixin.py:190} INFO - [2025-08-31T18:36:55.285+0000] {dag.py:4180} INFO - Setting next_dagrun for example_branch_datetime_operator_2 to 2025-08-30 00:00:00+00:00, run_after=2025-08-31 00:00:00+00:00
[2025-08-31T18:36:55.287+0000] {logging_mixin.py:190} INFO - [2025-08-31T18:36:55.286+0000] {dag.py:4180} INFO - Setting next_dagrun for example_branch_datetime_operator_3 to 2025-08-30 00:00:00+00:00, run_after=2025-08-31 00:00:00+00:00
[2025-08-31T18:36:55.309+0000] {processor.py:208} INFO - Processing /home/krishnaformeera/Sumitomo/datapipeline/venv/lib/python3.11/site-packages/airflow/example_dags/example_branch_datetime_operator.py took 0.094 seconds
[2025-08-31T18:40:39.720+0000] {processor.py:186} INFO - Started process (PID=6223) to work on /home/krishnaformeera/Sumitomo/datapipeline/venv/lib/python3.11/site-packages/airflow/example_dags/example_branch_datetime_operator.py
[2025-08-31T18:40:39.721+0000] {processor.py:914} INFO - Processing file /home/krishnaformeera/Sumitomo/datapipeline/venv/lib/python3.11/site-packages/airflow/example_dags/example_branch_datetime_operator.py for tasks to queue
[2025-08-31T18:40:39.724+0000] {logging_mixin.py:190} INFO - [2025-08-31T18:40:39.724+0000] {dagbag.py:588} INFO - Filling up the DagBag from /home/krishnaformeera/Sumitomo/datapipeline/venv/lib/python3.11/site-packages/airflow/example_dags/example_branch_datetime_operator.py
[2025-08-31T18:40:39.738+0000] {processor.py:925} INFO - DAG(s) 'example_branch_datetime_operator', 'example_branch_datetime_operator_3', 'example_branch_datetime_operator_2' retrieved from /home/krishnaformeera/Sumitomo/datapipeline/venv/lib/python3.11/site-packages/airflow/example_dags/example_branch_datetime_operator.py
[2025-08-31T18:40:39.762+0000] {logging_mixin.py:190} INFO - [2025-08-31T18:40:39.762+0000] {dag.py:3239} INFO - Sync 3 DAGs
[2025-08-31T18:40:39.782+0000] {logging_mixin.py:190} INFO - [2025-08-31T18:40:39.782+0000] {dag.py:4180} INFO - Setting next_dagrun for example_branch_datetime_operator to 2025-08-30 00:00:00+00:00, run_after=2025-08-31 00:00:00+00:00
[2025-08-31T18:40:39.785+0000] {logging_mixin.py:190} INFO - [2025-08-31T18:40:39.785+0000] {dag.py:4180} INFO - Setting next_dagrun for example_branch_datetime_operator_2 to 2025-08-30 00:00:00+00:00, run_after=2025-08-31 00:00:00+00:00
[2025-08-31T18:40:39.787+0000] {logging_mixin.py:190} INFO - [2025-08-31T18:40:39.787+0000] {dag.py:4180} INFO - Setting next_dagrun for example_branch_datetime_operator_3 to 2025-08-30 00:00:00+00:00, run_after=2025-08-31 00:00:00+00:00
[2025-08-31T18:40:39.807+0000] {processor.py:208} INFO - Processing /home/krishnaformeera/Sumitomo/datapipeline/venv/lib/python3.11/site-packages/airflow/example_dags/example_branch_datetime_operator.py took 0.095 seconds
[2025-08-31T18:41:33.579+0000] {processor.py:186} INFO - Started process (PID=6425) to work on /home/krishnaformeera/Sumitomo/datapipeline/venv/lib/python3.11/site-packages/airflow/example_dags/example_branch_datetime_operator.py
[2025-08-31T18:41:33.580+0000] {processor.py:914} INFO - Processing file /home/krishnaformeera/Sumitomo/datapipeline/venv/lib/python3.11/site-packages/airflow/example_dags/example_branch_datetime_operator.py for tasks to queue
[2025-08-31T18:41:33.582+0000] {logging_mixin.py:190} INFO - [2025-08-31T18:41:33.582+0000] {dagbag.py:588} INFO - Filling up the DagBag from /home/krishnaformeera/Sumitomo/datapipeline/venv/lib/python3.11/site-packages/airflow/example_dags/example_branch_datetime_operator.py
[2025-08-31T18:41:33.593+0000] {processor.py:925} INFO - DAG(s) 'example_branch_datetime_operator_3', 'example_branch_datetime_operator_2', 'example_branch_datetime_operator' retrieved from /home/krishnaformeera/Sumitomo/datapipeline/venv/lib/python3.11/site-packages/airflow/example_dags/example_branch_datetime_operator.py
[2025-08-31T18:41:33.612+0000] {logging_mixin.py:190} INFO - [2025-08-31T18:41:33.612+0000] {dag.py:3239} INFO - Sync 3 DAGs
[2025-08-31T18:41:33.632+0000] {logging_mixin.py:190} INFO - [2025-08-31T18:41:33.631+0000] {dag.py:4180} INFO - Setting next_dagrun for example_branch_datetime_operator to 2025-08-30 00:00:00+00:00, run_after=2025-08-31 00:00:00+00:00
[2025-08-31T18:41:33.635+0000] {logging_mixin.py:190} INFO - [2025-08-31T18:41:33.635+0000] {dag.py:4180} INFO - Setting next_dagrun for example_branch_datetime_operator_2 to 2025-08-30 00:00:00+00:00, run_after=2025-08-31 00:00:00+00:00
[2025-08-31T18:41:33.637+0000] {logging_mixin.py:190} INFO - [2025-08-31T18:41:33.637+0000] {dag.py:4180} INFO - Setting next_dagrun for example_branch_datetime_operator_3 to 2025-08-30 00:00:00+00:00, run_after=2025-08-31 00:00:00+00:00
[2025-08-31T18:41:33.659+0000] {processor.py:208} INFO - Processing /home/krishnaformeera/Sumitomo/datapipeline/venv/lib/python3.11/site-packages/airflow/example_dags/example_branch_datetime_operator.py took 0.086 seconds
[2025-08-31T18:42:55.453+0000] {processor.py:186} INFO - Started process (PID=6729) to work on /home/krishnaformeera/Sumitomo/datapipeline/venv/lib/python3.11/site-packages/airflow/example_dags/example_branch_datetime_operator.py
[2025-08-31T18:42:55.454+0000] {processor.py:914} INFO - Processing file /home/krishnaformeera/Sumitomo/datapipeline/venv/lib/python3.11/site-packages/airflow/example_dags/example_branch_datetime_operator.py for tasks to queue
[2025-08-31T18:42:55.458+0000] {logging_mixin.py:190} INFO - [2025-08-31T18:42:55.457+0000] {dagbag.py:588} INFO - Filling up the DagBag from /home/krishnaformeera/Sumitomo/datapipeline/venv/lib/python3.11/site-packages/airflow/example_dags/example_branch_datetime_operator.py
[2025-08-31T18:42:55.475+0000] {processor.py:925} INFO - DAG(s) 'example_branch_datetime_operator', 'example_branch_datetime_operator_3', 'example_branch_datetime_operator_2' retrieved from /home/krishnaformeera/Sumitomo/datapipeline/venv/lib/python3.11/site-packages/airflow/example_dags/example_branch_datetime_operator.py
[2025-08-31T18:42:55.603+0000] {logging_mixin.py:190} INFO - [2025-08-31T18:42:55.603+0000] {dag.py:3239} INFO - Sync 3 DAGs
[2025-08-31T18:42:55.625+0000] {logging_mixin.py:190} INFO - [2025-08-31T18:42:55.625+0000] {dag.py:4180} INFO - Setting next_dagrun for example_branch_datetime_operator to 2025-08-30 00:00:00+00:00, run_after=2025-08-31 00:00:00+00:00
[2025-08-31T18:42:55.629+0000] {logging_mixin.py:190} INFO - [2025-08-31T18:42:55.629+0000] {dag.py:4180} INFO - Setting next_dagrun for example_branch_datetime_operator_2 to 2025-08-30 00:00:00+00:00, run_after=2025-08-31 00:00:00+00:00
[2025-08-31T18:42:55.631+0000] {logging_mixin.py:190} INFO - [2025-08-31T18:42:55.631+0000] {dag.py:4180} INFO - Setting next_dagrun for example_branch_datetime_operator_3 to 2025-08-30 00:00:00+00:00, run_after=2025-08-31 00:00:00+00:00
[2025-08-31T18:42:55.649+0000] {processor.py:208} INFO - Processing /home/krishnaformeera/Sumitomo/datapipeline/venv/lib/python3.11/site-packages/airflow/example_dags/example_branch_datetime_operator.py took 0.207 seconds
[2025-08-31T18:43:53.790+0000] {processor.py:186} INFO - Started process (PID=6972) to work on /home/krishnaformeera/Sumitomo/datapipeline/venv/lib/python3.11/site-packages/airflow/example_dags/example_branch_datetime_operator.py
[2025-08-31T18:43:53.792+0000] {processor.py:914} INFO - Processing file /home/krishnaformeera/Sumitomo/datapipeline/venv/lib/python3.11/site-packages/airflow/example_dags/example_branch_datetime_operator.py for tasks to queue
[2025-08-31T18:43:53.798+0000] {logging_mixin.py:190} INFO - [2025-08-31T18:43:53.797+0000] {dagbag.py:588} INFO - Filling up the DagBag from /home/krishnaformeera/Sumitomo/datapipeline/venv/lib/python3.11/site-packages/airflow/example_dags/example_branch_datetime_operator.py
[2025-08-31T18:43:53.817+0000] {processor.py:925} INFO - DAG(s) 'example_branch_datetime_operator_3', 'example_branch_datetime_operator_2', 'example_branch_datetime_operator' retrieved from /home/krishnaformeera/Sumitomo/datapipeline/venv/lib/python3.11/site-packages/airflow/example_dags/example_branch_datetime_operator.py
[2025-08-31T18:43:53.843+0000] {logging_mixin.py:190} INFO - [2025-08-31T18:43:53.842+0000] {dag.py:3239} INFO - Sync 3 DAGs
[2025-08-31T18:43:53.872+0000] {logging_mixin.py:190} INFO - [2025-08-31T18:43:53.872+0000] {dag.py:4180} INFO - Setting next_dagrun for example_branch_datetime_operator to 2025-08-30 00:00:00+00:00, run_after=2025-08-31 00:00:00+00:00
[2025-08-31T18:43:53.877+0000] {logging_mixin.py:190} INFO - [2025-08-31T18:43:53.877+0000] {dag.py:4180} INFO - Setting next_dagrun for example_branch_datetime_operator_2 to 2025-08-30 00:00:00+00:00, run_after=2025-08-31 00:00:00+00:00
[2025-08-31T18:43:53.880+0000] {logging_mixin.py:190} INFO - [2025-08-31T18:43:53.880+0000] {dag.py:4180} INFO - Setting next_dagrun for example_branch_datetime_operator_3 to 2025-08-30 00:00:00+00:00, run_after=2025-08-31 00:00:00+00:00
[2025-08-31T18:43:53.907+0000] {processor.py:208} INFO - Processing /home/krishnaformeera/Sumitomo/datapipeline/venv/lib/python3.11/site-packages/airflow/example_dags/example_branch_datetime_operator.py took 0.129 seconds
[2025-08-31T18:45:07.085+0000] {processor.py:186} INFO - Started process (PID=7317) to work on /home/krishnaformeera/Sumitomo/datapipeline/venv/lib/python3.11/site-packages/airflow/example_dags/example_branch_datetime_operator.py
[2025-08-31T18:45:07.088+0000] {processor.py:914} INFO - Processing file /home/krishnaformeera/Sumitomo/datapipeline/venv/lib/python3.11/site-packages/airflow/example_dags/example_branch_datetime_operator.py for tasks to queue
[2025-08-31T18:45:07.090+0000] {logging_mixin.py:190} INFO - [2025-08-31T18:45:07.090+0000] {dagbag.py:588} INFO - Filling up the DagBag from /home/krishnaformeera/Sumitomo/datapipeline/venv/lib/python3.11/site-packages/airflow/example_dags/example_branch_datetime_operator.py
[2025-08-31T18:45:07.102+0000] {processor.py:925} INFO - DAG(s) 'example_branch_datetime_operator_3', 'example_branch_datetime_operator_2', 'example_branch_datetime_operator' retrieved from /home/krishnaformeera/Sumitomo/datapipeline/venv/lib/python3.11/site-packages/airflow/example_dags/example_branch_datetime_operator.py
[2025-08-31T18:45:07.122+0000] {logging_mixin.py:190} INFO - [2025-08-31T18:45:07.122+0000] {dag.py:3239} INFO - Sync 3 DAGs
[2025-08-31T18:45:07.144+0000] {logging_mixin.py:190} INFO - [2025-08-31T18:45:07.143+0000] {dag.py:4180} INFO - Setting next_dagrun for example_branch_datetime_operator to 2025-08-30 00:00:00+00:00, run_after=2025-08-31 00:00:00+00:00
[2025-08-31T18:45:07.148+0000] {logging_mixin.py:190} INFO - [2025-08-31T18:45:07.147+0000] {dag.py:4180} INFO - Setting next_dagrun for example_branch_datetime_operator_2 to 2025-08-30 00:00:00+00:00, run_after=2025-08-31 00:00:00+00:00
[2025-08-31T18:45:07.150+0000] {logging_mixin.py:190} INFO - [2025-08-31T18:45:07.149+0000] {dag.py:4180} INFO - Setting next_dagrun for example_branch_datetime_operator_3 to 2025-08-30 00:00:00+00:00, run_after=2025-08-31 00:00:00+00:00
[2025-08-31T18:45:07.170+0000] {processor.py:208} INFO - Processing /home/krishnaformeera/Sumitomo/datapipeline/venv/lib/python3.11/site-packages/airflow/example_dags/example_branch_datetime_operator.py took 0.092 seconds
[2025-08-31T18:46:02.376+0000] {processor.py:186} INFO - Started process (PID=7607) to work on /home/krishnaformeera/Sumitomo/datapipeline/venv/lib/python3.11/site-packages/airflow/example_dags/example_branch_datetime_operator.py
[2025-08-31T18:46:02.377+0000] {processor.py:914} INFO - Processing file /home/krishnaformeera/Sumitomo/datapipeline/venv/lib/python3.11/site-packages/airflow/example_dags/example_branch_datetime_operator.py for tasks to queue
[2025-08-31T18:46:02.380+0000] {logging_mixin.py:190} INFO - [2025-08-31T18:46:02.380+0000] {dagbag.py:588} INFO - Filling up the DagBag from /home/krishnaformeera/Sumitomo/datapipeline/venv/lib/python3.11/site-packages/airflow/example_dags/example_branch_datetime_operator.py
[2025-08-31T18:46:02.397+0000] {processor.py:925} INFO - DAG(s) 'example_branch_datetime_operator', 'example_branch_datetime_operator_3', 'example_branch_datetime_operator_2' retrieved from /home/krishnaformeera/Sumitomo/datapipeline/venv/lib/python3.11/site-packages/airflow/example_dags/example_branch_datetime_operator.py
[2025-08-31T18:46:02.421+0000] {logging_mixin.py:190} INFO - [2025-08-31T18:46:02.421+0000] {dag.py:3239} INFO - Sync 3 DAGs
[2025-08-31T18:46:02.445+0000] {logging_mixin.py:190} INFO - [2025-08-31T18:46:02.445+0000] {dag.py:4180} INFO - Setting next_dagrun for example_branch_datetime_operator to 2025-08-30 00:00:00+00:00, run_after=2025-08-31 00:00:00+00:00
[2025-08-31T18:46:02.451+0000] {logging_mixin.py:190} INFO - [2025-08-31T18:46:02.450+0000] {dag.py:4180} INFO - Setting next_dagrun for example_branch_datetime_operator_2 to 2025-08-30 00:00:00+00:00, run_after=2025-08-31 00:00:00+00:00
[2025-08-31T18:46:02.453+0000] {logging_mixin.py:190} INFO - [2025-08-31T18:46:02.453+0000] {dag.py:4180} INFO - Setting next_dagrun for example_branch_datetime_operator_3 to 2025-08-30 00:00:00+00:00, run_after=2025-08-31 00:00:00+00:00
[2025-08-31T18:46:02.475+0000] {processor.py:208} INFO - Processing /home/krishnaformeera/Sumitomo/datapipeline/venv/lib/python3.11/site-packages/airflow/example_dags/example_branch_datetime_operator.py took 0.107 seconds
[2025-08-31T18:47:21.530+0000] {processor.py:186} INFO - Started process (PID=7790) to work on /home/krishnaformeera/Sumitomo/datapipeline/venv/lib/python3.11/site-packages/airflow/example_dags/example_branch_datetime_operator.py
[2025-08-31T18:47:21.533+0000] {processor.py:914} INFO - Processing file /home/krishnaformeera/Sumitomo/datapipeline/venv/lib/python3.11/site-packages/airflow/example_dags/example_branch_datetime_operator.py for tasks to queue
[2025-08-31T18:47:21.535+0000] {logging_mixin.py:190} INFO - [2025-08-31T18:47:21.535+0000] {dagbag.py:588} INFO - Filling up the DagBag from /home/krishnaformeera/Sumitomo/datapipeline/venv/lib/python3.11/site-packages/airflow/example_dags/example_branch_datetime_operator.py
[2025-08-31T18:47:21.547+0000] {processor.py:925} INFO - DAG(s) 'example_branch_datetime_operator_3', 'example_branch_datetime_operator_2', 'example_branch_datetime_operator' retrieved from /home/krishnaformeera/Sumitomo/datapipeline/venv/lib/python3.11/site-packages/airflow/example_dags/example_branch_datetime_operator.py
[2025-08-31T18:47:21.569+0000] {logging_mixin.py:190} INFO - [2025-08-31T18:47:21.569+0000] {dag.py:3239} INFO - Sync 3 DAGs
[2025-08-31T18:47:21.590+0000] {logging_mixin.py:190} INFO - [2025-08-31T18:47:21.590+0000] {dag.py:4180} INFO - Setting next_dagrun for example_branch_datetime_operator to 2025-08-30 00:00:00+00:00, run_after=2025-08-31 00:00:00+00:00
[2025-08-31T18:47:21.594+0000] {logging_mixin.py:190} INFO - [2025-08-31T18:47:21.594+0000] {dag.py:4180} INFO - Setting next_dagrun for example_branch_datetime_operator_2 to 2025-08-30 00:00:00+00:00, run_after=2025-08-31 00:00:00+00:00
[2025-08-31T18:47:21.596+0000] {logging_mixin.py:190} INFO - [2025-08-31T18:47:21.595+0000] {dag.py:4180} INFO - Setting next_dagrun for example_branch_datetime_operator_3 to 2025-08-30 00:00:00+00:00, run_after=2025-08-31 00:00:00+00:00
[2025-08-31T18:47:21.617+0000] {processor.py:208} INFO - Processing /home/krishnaformeera/Sumitomo/datapipeline/venv/lib/python3.11/site-packages/airflow/example_dags/example_branch_datetime_operator.py took 0.093 seconds
[2025-08-31T18:48:36.163+0000] {processor.py:186} INFO - Started process (PID=7868) to work on /home/krishnaformeera/Sumitomo/datapipeline/venv/lib/python3.11/site-packages/airflow/example_dags/example_branch_datetime_operator.py
[2025-08-31T18:48:36.164+0000] {processor.py:914} INFO - Processing file /home/krishnaformeera/Sumitomo/datapipeline/venv/lib/python3.11/site-packages/airflow/example_dags/example_branch_datetime_operator.py for tasks to queue
[2025-08-31T18:48:36.167+0000] {logging_mixin.py:190} INFO - [2025-08-31T18:48:36.166+0000] {dagbag.py:588} INFO - Filling up the DagBag from /home/krishnaformeera/Sumitomo/datapipeline/venv/lib/python3.11/site-packages/airflow/example_dags/example_branch_datetime_operator.py
[2025-08-31T18:48:36.181+0000] {processor.py:925} INFO - DAG(s) 'example_branch_datetime_operator', 'example_branch_datetime_operator_2', 'example_branch_datetime_operator_3' retrieved from /home/krishnaformeera/Sumitomo/datapipeline/venv/lib/python3.11/site-packages/airflow/example_dags/example_branch_datetime_operator.py
[2025-08-31T18:48:36.205+0000] {logging_mixin.py:190} INFO - [2025-08-31T18:48:36.205+0000] {dag.py:3239} INFO - Sync 3 DAGs
[2025-08-31T18:48:36.230+0000] {logging_mixin.py:190} INFO - [2025-08-31T18:48:36.230+0000] {dag.py:4180} INFO - Setting next_dagrun for example_branch_datetime_operator to 2025-08-30 00:00:00+00:00, run_after=2025-08-31 00:00:00+00:00
[2025-08-31T18:48:36.237+0000] {logging_mixin.py:190} INFO - [2025-08-31T18:48:36.236+0000] {dag.py:4180} INFO - Setting next_dagrun for example_branch_datetime_operator_2 to 2025-08-30 00:00:00+00:00, run_after=2025-08-31 00:00:00+00:00
[2025-08-31T18:48:36.239+0000] {logging_mixin.py:190} INFO - [2025-08-31T18:48:36.239+0000] {dag.py:4180} INFO - Setting next_dagrun for example_branch_datetime_operator_3 to 2025-08-30 00:00:00+00:00, run_after=2025-08-31 00:00:00+00:00
[2025-08-31T18:48:36.260+0000] {processor.py:208} INFO - Processing /home/krishnaformeera/Sumitomo/datapipeline/venv/lib/python3.11/site-packages/airflow/example_dags/example_branch_datetime_operator.py took 0.104 seconds
[2025-08-31T18:49:53.760+0000] {processor.py:186} INFO - Started process (PID=7995) to work on /home/krishnaformeera/Sumitomo/datapipeline/venv/lib/python3.11/site-packages/airflow/example_dags/example_branch_datetime_operator.py
[2025-08-31T18:49:53.761+0000] {processor.py:914} INFO - Processing file /home/krishnaformeera/Sumitomo/datapipeline/venv/lib/python3.11/site-packages/airflow/example_dags/example_branch_datetime_operator.py for tasks to queue
[2025-08-31T18:49:53.763+0000] {logging_mixin.py:190} INFO - [2025-08-31T18:49:53.763+0000] {dagbag.py:588} INFO - Filling up the DagBag from /home/krishnaformeera/Sumitomo/datapipeline/venv/lib/python3.11/site-packages/airflow/example_dags/example_branch_datetime_operator.py
[2025-08-31T18:49:53.780+0000] {processor.py:925} INFO - DAG(s) 'example_branch_datetime_operator_2', 'example_branch_datetime_operator', 'example_branch_datetime_operator_3' retrieved from /home/krishnaformeera/Sumitomo/datapipeline/venv/lib/python3.11/site-packages/airflow/example_dags/example_branch_datetime_operator.py
[2025-08-31T18:49:53.810+0000] {logging_mixin.py:190} INFO - [2025-08-31T18:49:53.810+0000] {dag.py:3239} INFO - Sync 3 DAGs
[2025-08-31T18:49:53.836+0000] {logging_mixin.py:190} INFO - [2025-08-31T18:49:53.835+0000] {dag.py:4180} INFO - Setting next_dagrun for example_branch_datetime_operator to 2025-08-30 00:00:00+00:00, run_after=2025-08-31 00:00:00+00:00
[2025-08-31T18:49:53.840+0000] {logging_mixin.py:190} INFO - [2025-08-31T18:49:53.840+0000] {dag.py:4180} INFO - Setting next_dagrun for example_branch_datetime_operator_2 to 2025-08-30 00:00:00+00:00, run_after=2025-08-31 00:00:00+00:00
[2025-08-31T18:49:53.843+0000] {logging_mixin.py:190} INFO - [2025-08-31T18:49:53.842+0000] {dag.py:4180} INFO - Setting next_dagrun for example_branch_datetime_operator_3 to 2025-08-30 00:00:00+00:00, run_after=2025-08-31 00:00:00+00:00
[2025-08-31T18:49:53.865+0000] {processor.py:208} INFO - Processing /home/krishnaformeera/Sumitomo/datapipeline/venv/lib/python3.11/site-packages/airflow/example_dags/example_branch_datetime_operator.py took 0.113 seconds
[2025-08-31T18:51:12.113+0000] {processor.py:186} INFO - Started process (PID=8126) to work on /home/krishnaformeera/Sumitomo/datapipeline/venv/lib/python3.11/site-packages/airflow/example_dags/example_branch_datetime_operator.py
[2025-08-31T18:51:12.114+0000] {processor.py:914} INFO - Processing file /home/krishnaformeera/Sumitomo/datapipeline/venv/lib/python3.11/site-packages/airflow/example_dags/example_branch_datetime_operator.py for tasks to queue
[2025-08-31T18:51:12.117+0000] {logging_mixin.py:190} INFO - [2025-08-31T18:51:12.116+0000] {dagbag.py:588} INFO - Filling up the DagBag from /home/krishnaformeera/Sumitomo/datapipeline/venv/lib/python3.11/site-packages/airflow/example_dags/example_branch_datetime_operator.py
[2025-08-31T18:51:12.129+0000] {processor.py:925} INFO - DAG(s) 'example_branch_datetime_operator_2', 'example_branch_datetime_operator', 'example_branch_datetime_operator_3' retrieved from /home/krishnaformeera/Sumitomo/datapipeline/venv/lib/python3.11/site-packages/airflow/example_dags/example_branch_datetime_operator.py
[2025-08-31T18:51:12.150+0000] {logging_mixin.py:190} INFO - [2025-08-31T18:51:12.150+0000] {dag.py:3239} INFO - Sync 3 DAGs
[2025-08-31T18:51:12.171+0000] {logging_mixin.py:190} INFO - [2025-08-31T18:51:12.171+0000] {dag.py:4180} INFO - Setting next_dagrun for example_branch_datetime_operator to 2025-08-30 00:00:00+00:00, run_after=2025-08-31 00:00:00+00:00
[2025-08-31T18:51:12.175+0000] {logging_mixin.py:190} INFO - [2025-08-31T18:51:12.175+0000] {dag.py:4180} INFO - Setting next_dagrun for example_branch_datetime_operator_2 to 2025-08-30 00:00:00+00:00, run_after=2025-08-31 00:00:00+00:00
[2025-08-31T18:51:12.177+0000] {logging_mixin.py:190} INFO - [2025-08-31T18:51:12.176+0000] {dag.py:4180} INFO - Setting next_dagrun for example_branch_datetime_operator_3 to 2025-08-30 00:00:00+00:00, run_after=2025-08-31 00:00:00+00:00
[2025-08-31T18:51:12.198+0000] {processor.py:208} INFO - Processing /home/krishnaformeera/Sumitomo/datapipeline/venv/lib/python3.11/site-packages/airflow/example_dags/example_branch_datetime_operator.py took 0.092 seconds
[2025-08-31T18:52:25.438+0000] {processor.py:186} INFO - Started process (PID=8231) to work on /home/krishnaformeera/Sumitomo/datapipeline/venv/lib/python3.11/site-packages/airflow/example_dags/example_branch_datetime_operator.py
[2025-08-31T18:52:25.439+0000] {processor.py:914} INFO - Processing file /home/krishnaformeera/Sumitomo/datapipeline/venv/lib/python3.11/site-packages/airflow/example_dags/example_branch_datetime_operator.py for tasks to queue
[2025-08-31T18:52:25.441+0000] {logging_mixin.py:190} INFO - [2025-08-31T18:52:25.441+0000] {dagbag.py:588} INFO - Filling up the DagBag from /home/krishnaformeera/Sumitomo/datapipeline/venv/lib/python3.11/site-packages/airflow/example_dags/example_branch_datetime_operator.py
[2025-08-31T18:52:25.453+0000] {processor.py:925} INFO - DAG(s) 'example_branch_datetime_operator_3', 'example_branch_datetime_operator', 'example_branch_datetime_operator_2' retrieved from /home/krishnaformeera/Sumitomo/datapipeline/venv/lib/python3.11/site-packages/airflow/example_dags/example_branch_datetime_operator.py
[2025-08-31T18:52:25.473+0000] {logging_mixin.py:190} INFO - [2025-08-31T18:52:25.473+0000] {dag.py:3239} INFO - Sync 3 DAGs
[2025-08-31T18:52:25.494+0000] {logging_mixin.py:190} INFO - [2025-08-31T18:52:25.493+0000] {dag.py:4180} INFO - Setting next_dagrun for example_branch_datetime_operator to 2025-08-30 00:00:00+00:00, run_after=2025-08-31 00:00:00+00:00
[2025-08-31T18:52:25.497+0000] {logging_mixin.py:190} INFO - [2025-08-31T18:52:25.497+0000] {dag.py:4180} INFO - Setting next_dagrun for example_branch_datetime_operator_2 to 2025-08-30 00:00:00+00:00, run_after=2025-08-31 00:00:00+00:00
[2025-08-31T18:52:25.499+0000] {logging_mixin.py:190} INFO - [2025-08-31T18:52:25.499+0000] {dag.py:4180} INFO - Setting next_dagrun for example_branch_datetime_operator_3 to 2025-08-30 00:00:00+00:00, run_after=2025-08-31 00:00:00+00:00
[2025-08-31T18:52:25.519+0000] {processor.py:208} INFO - Processing /home/krishnaformeera/Sumitomo/datapipeline/venv/lib/python3.11/site-packages/airflow/example_dags/example_branch_datetime_operator.py took 0.088 seconds
[2025-08-31T18:53:39.351+0000] {processor.py:186} INFO - Started process (PID=8454) to work on /home/krishnaformeera/Sumitomo/datapipeline/venv/lib/python3.11/site-packages/airflow/example_dags/example_branch_datetime_operator.py
[2025-08-31T18:53:39.352+0000] {processor.py:914} INFO - Processing file /home/krishnaformeera/Sumitomo/datapipeline/venv/lib/python3.11/site-packages/airflow/example_dags/example_branch_datetime_operator.py for tasks to queue
[2025-08-31T18:53:39.355+0000] {logging_mixin.py:190} INFO - [2025-08-31T18:53:39.355+0000] {dagbag.py:588} INFO - Filling up the DagBag from /home/krishnaformeera/Sumitomo/datapipeline/venv/lib/python3.11/site-packages/airflow/example_dags/example_branch_datetime_operator.py
[2025-08-31T18:53:39.370+0000] {processor.py:925} INFO - DAG(s) 'example_branch_datetime_operator', 'example_branch_datetime_operator_3', 'example_branch_datetime_operator_2' retrieved from /home/krishnaformeera/Sumitomo/datapipeline/venv/lib/python3.11/site-packages/airflow/example_dags/example_branch_datetime_operator.py
[2025-08-31T18:53:39.394+0000] {logging_mixin.py:190} INFO - [2025-08-31T18:53:39.394+0000] {dag.py:3239} INFO - Sync 3 DAGs
[2025-08-31T18:53:39.421+0000] {logging_mixin.py:190} INFO - [2025-08-31T18:53:39.421+0000] {dag.py:4180} INFO - Setting next_dagrun for example_branch_datetime_operator to 2025-08-30 00:00:00+00:00, run_after=2025-08-31 00:00:00+00:00
[2025-08-31T18:53:39.425+0000] {logging_mixin.py:190} INFO - [2025-08-31T18:53:39.425+0000] {dag.py:4180} INFO - Setting next_dagrun for example_branch_datetime_operator_2 to 2025-08-30 00:00:00+00:00, run_after=2025-08-31 00:00:00+00:00
[2025-08-31T18:53:39.428+0000] {logging_mixin.py:190} INFO - [2025-08-31T18:53:39.427+0000] {dag.py:4180} INFO - Setting next_dagrun for example_branch_datetime_operator_3 to 2025-08-30 00:00:00+00:00, run_after=2025-08-31 00:00:00+00:00
[2025-08-31T18:53:39.452+0000] {processor.py:208} INFO - Processing /home/krishnaformeera/Sumitomo/datapipeline/venv/lib/python3.11/site-packages/airflow/example_dags/example_branch_datetime_operator.py took 0.109 seconds
[2025-08-31T18:54:54.519+0000] {processor.py:186} INFO - Started process (PID=8559) to work on /home/krishnaformeera/Sumitomo/datapipeline/venv/lib/python3.11/site-packages/airflow/example_dags/example_branch_datetime_operator.py
[2025-08-31T18:54:54.520+0000] {processor.py:914} INFO - Processing file /home/krishnaformeera/Sumitomo/datapipeline/venv/lib/python3.11/site-packages/airflow/example_dags/example_branch_datetime_operator.py for tasks to queue
[2025-08-31T18:54:54.523+0000] {logging_mixin.py:190} INFO - [2025-08-31T18:54:54.522+0000] {dagbag.py:588} INFO - Filling up the DagBag from /home/krishnaformeera/Sumitomo/datapipeline/venv/lib/python3.11/site-packages/airflow/example_dags/example_branch_datetime_operator.py
[2025-08-31T18:54:54.536+0000] {processor.py:925} INFO - DAG(s) 'example_branch_datetime_operator_2', 'example_branch_datetime_operator', 'example_branch_datetime_operator_3' retrieved from /home/krishnaformeera/Sumitomo/datapipeline/venv/lib/python3.11/site-packages/airflow/example_dags/example_branch_datetime_operator.py
[2025-08-31T18:54:54.558+0000] {logging_mixin.py:190} INFO - [2025-08-31T18:54:54.558+0000] {dag.py:3239} INFO - Sync 3 DAGs
[2025-08-31T18:54:54.580+0000] {logging_mixin.py:190} INFO - [2025-08-31T18:54:54.580+0000] {dag.py:4180} INFO - Setting next_dagrun for example_branch_datetime_operator to 2025-08-30 00:00:00+00:00, run_after=2025-08-31 00:00:00+00:00
[2025-08-31T18:54:54.585+0000] {logging_mixin.py:190} INFO - [2025-08-31T18:54:54.585+0000] {dag.py:4180} INFO - Setting next_dagrun for example_branch_datetime_operator_2 to 2025-08-30 00:00:00+00:00, run_after=2025-08-31 00:00:00+00:00
[2025-08-31T18:54:54.588+0000] {logging_mixin.py:190} INFO - [2025-08-31T18:54:54.587+0000] {dag.py:4180} INFO - Setting next_dagrun for example_branch_datetime_operator_3 to 2025-08-30 00:00:00+00:00, run_after=2025-08-31 00:00:00+00:00
[2025-08-31T18:54:54.610+0000] {processor.py:208} INFO - Processing /home/krishnaformeera/Sumitomo/datapipeline/venv/lib/python3.11/site-packages/airflow/example_dags/example_branch_datetime_operator.py took 0.099 seconds
[2025-08-31T18:56:14.656+0000] {processor.py:186} INFO - Started process (PID=8653) to work on /home/krishnaformeera/Sumitomo/datapipeline/venv/lib/python3.11/site-packages/airflow/example_dags/example_branch_datetime_operator.py
[2025-08-31T18:56:14.657+0000] {processor.py:914} INFO - Processing file /home/krishnaformeera/Sumitomo/datapipeline/venv/lib/python3.11/site-packages/airflow/example_dags/example_branch_datetime_operator.py for tasks to queue
[2025-08-31T18:56:14.659+0000] {logging_mixin.py:190} INFO - [2025-08-31T18:56:14.659+0000] {dagbag.py:588} INFO - Filling up the DagBag from /home/krishnaformeera/Sumitomo/datapipeline/venv/lib/python3.11/site-packages/airflow/example_dags/example_branch_datetime_operator.py
[2025-08-31T18:56:14.673+0000] {processor.py:925} INFO - DAG(s) 'example_branch_datetime_operator_3', 'example_branch_datetime_operator', 'example_branch_datetime_operator_2' retrieved from /home/krishnaformeera/Sumitomo/datapipeline/venv/lib/python3.11/site-packages/airflow/example_dags/example_branch_datetime_operator.py
[2025-08-31T18:56:14.693+0000] {logging_mixin.py:190} INFO - [2025-08-31T18:56:14.693+0000] {dag.py:3239} INFO - Sync 3 DAGs
[2025-08-31T18:56:14.713+0000] {logging_mixin.py:190} INFO - [2025-08-31T18:56:14.713+0000] {dag.py:4180} INFO - Setting next_dagrun for example_branch_datetime_operator to 2025-08-30 00:00:00+00:00, run_after=2025-08-31 00:00:00+00:00
[2025-08-31T18:56:14.719+0000] {logging_mixin.py:190} INFO - [2025-08-31T18:56:14.719+0000] {dag.py:4180} INFO - Setting next_dagrun for example_branch_datetime_operator_2 to 2025-08-30 00:00:00+00:00, run_after=2025-08-31 00:00:00+00:00
[2025-08-31T18:56:14.721+0000] {logging_mixin.py:190} INFO - [2025-08-31T18:56:14.721+0000] {dag.py:4180} INFO - Setting next_dagrun for example_branch_datetime_operator_3 to 2025-08-30 00:00:00+00:00, run_after=2025-08-31 00:00:00+00:00
[2025-08-31T18:56:14.742+0000] {processor.py:208} INFO - Processing /home/krishnaformeera/Sumitomo/datapipeline/venv/lib/python3.11/site-packages/airflow/example_dags/example_branch_datetime_operator.py took 0.094 seconds
[2025-08-31T18:57:34.883+0000] {processor.py:186} INFO - Started process (PID=8733) to work on /home/krishnaformeera/Sumitomo/datapipeline/venv/lib/python3.11/site-packages/airflow/example_dags/example_branch_datetime_operator.py
[2025-08-31T18:57:34.885+0000] {processor.py:914} INFO - Processing file /home/krishnaformeera/Sumitomo/datapipeline/venv/lib/python3.11/site-packages/airflow/example_dags/example_branch_datetime_operator.py for tasks to queue
[2025-08-31T18:57:34.887+0000] {logging_mixin.py:190} INFO - [2025-08-31T18:57:34.886+0000] {dagbag.py:588} INFO - Filling up the DagBag from /home/krishnaformeera/Sumitomo/datapipeline/venv/lib/python3.11/site-packages/airflow/example_dags/example_branch_datetime_operator.py
[2025-08-31T18:57:34.899+0000] {processor.py:925} INFO - DAG(s) 'example_branch_datetime_operator_3', 'example_branch_datetime_operator', 'example_branch_datetime_operator_2' retrieved from /home/krishnaformeera/Sumitomo/datapipeline/venv/lib/python3.11/site-packages/airflow/example_dags/example_branch_datetime_operator.py
[2025-08-31T18:57:34.923+0000] {logging_mixin.py:190} INFO - [2025-08-31T18:57:34.923+0000] {dag.py:3239} INFO - Sync 3 DAGs
[2025-08-31T18:57:34.953+0000] {logging_mixin.py:190} INFO - [2025-08-31T18:57:34.952+0000] {dag.py:4180} INFO - Setting next_dagrun for example_branch_datetime_operator to 2025-08-30 00:00:00+00:00, run_after=2025-08-31 00:00:00+00:00
[2025-08-31T18:57:34.957+0000] {logging_mixin.py:190} INFO - [2025-08-31T18:57:34.957+0000] {dag.py:4180} INFO - Setting next_dagrun for example_branch_datetime_operator_2 to 2025-08-30 00:00:00+00:00, run_after=2025-08-31 00:00:00+00:00
[2025-08-31T18:57:34.959+0000] {logging_mixin.py:190} INFO - [2025-08-31T18:57:34.959+0000] {dag.py:4180} INFO - Setting next_dagrun for example_branch_datetime_operator_3 to 2025-08-30 00:00:00+00:00, run_after=2025-08-31 00:00:00+00:00
[2025-08-31T18:57:34.981+0000] {processor.py:208} INFO - Processing /home/krishnaformeera/Sumitomo/datapipeline/venv/lib/python3.11/site-packages/airflow/example_dags/example_branch_datetime_operator.py took 0.106 seconds
[2025-08-31T18:58:53.231+0000] {processor.py:186} INFO - Started process (PID=8813) to work on /home/krishnaformeera/Sumitomo/datapipeline/venv/lib/python3.11/site-packages/airflow/example_dags/example_branch_datetime_operator.py
[2025-08-31T18:58:53.233+0000] {processor.py:914} INFO - Processing file /home/krishnaformeera/Sumitomo/datapipeline/venv/lib/python3.11/site-packages/airflow/example_dags/example_branch_datetime_operator.py for tasks to queue
[2025-08-31T18:58:53.236+0000] {logging_mixin.py:190} INFO - [2025-08-31T18:58:53.235+0000] {dagbag.py:588} INFO - Filling up the DagBag from /home/krishnaformeera/Sumitomo/datapipeline/venv/lib/python3.11/site-packages/airflow/example_dags/example_branch_datetime_operator.py
[2025-08-31T18:58:53.249+0000] {processor.py:925} INFO - DAG(s) 'example_branch_datetime_operator_3', 'example_branch_datetime_operator', 'example_branch_datetime_operator_2' retrieved from /home/krishnaformeera/Sumitomo/datapipeline/venv/lib/python3.11/site-packages/airflow/example_dags/example_branch_datetime_operator.py
[2025-08-31T18:58:53.273+0000] {logging_mixin.py:190} INFO - [2025-08-31T18:58:53.272+0000] {dag.py:3239} INFO - Sync 3 DAGs
[2025-08-31T18:58:53.295+0000] {logging_mixin.py:190} INFO - [2025-08-31T18:58:53.295+0000] {dag.py:4180} INFO - Setting next_dagrun for example_branch_datetime_operator to 2025-08-30 00:00:00+00:00, run_after=2025-08-31 00:00:00+00:00
[2025-08-31T18:58:53.298+0000] {logging_mixin.py:190} INFO - [2025-08-31T18:58:53.298+0000] {dag.py:4180} INFO - Setting next_dagrun for example_branch_datetime_operator_2 to 2025-08-30 00:00:00+00:00, run_after=2025-08-31 00:00:00+00:00
[2025-08-31T18:58:53.301+0000] {logging_mixin.py:190} INFO - [2025-08-31T18:58:53.300+0000] {dag.py:4180} INFO - Setting next_dagrun for example_branch_datetime_operator_3 to 2025-08-30 00:00:00+00:00, run_after=2025-08-31 00:00:00+00:00
[2025-08-31T18:58:53.322+0000] {processor.py:208} INFO - Processing /home/krishnaformeera/Sumitomo/datapipeline/venv/lib/python3.11/site-packages/airflow/example_dags/example_branch_datetime_operator.py took 0.098 seconds
