[2025-08-31T18:30:13.854+0000] {processor.py:186} INFO - Started process (PID=5103) to work on /home/krishnaformeera/Sumitomo/datapipeline/venv/lib/python3.11/site-packages/airflow/example_dags/example_trigger_target_dag.py
[2025-08-31T18:30:13.855+0000] {processor.py:914} INFO - Processing file /home/krishnaformeera/Sumitomo/datapipeline/venv/lib/python3.11/site-packages/airflow/example_dags/example_trigger_target_dag.py for tasks to queue
[2025-08-31T18:30:13.857+0000] {logging_mixin.py:190} INFO - [2025-08-31T18:30:13.857+0000] {dagbag.py:588} INFO - Filling up the DagBag from /home/krishnaformeera/Sumitomo/datapipeline/venv/lib/python3.11/site-packages/airflow/example_dags/example_trigger_target_dag.py
[2025-08-31T18:30:13.867+0000] {processor.py:925} INFO - DAG(s) 'example_trigger_target_dag' retrieved from /home/krishnaformeera/Sumitomo/datapipeline/venv/lib/python3.11/site-packages/airflow/example_dags/example_trigger_target_dag.py
[2025-08-31T18:30:14.117+0000] {logging_mixin.py:190} INFO - [2025-08-31T18:30:14.116+0000] {override.py:1900} INFO - Created Permission View: can delete on DAG:example_trigger_target_dag
[2025-08-31T18:30:14.130+0000] {logging_mixin.py:190} INFO - [2025-08-31T18:30:14.129+0000] {override.py:1900} INFO - Created Permission View: can read on DAG:example_trigger_target_dag
[2025-08-31T18:30:14.139+0000] {logging_mixin.py:190} INFO - [2025-08-31T18:30:14.139+0000] {override.py:1900} INFO - Created Permission View: can edit on DAG:example_trigger_target_dag
[2025-08-31T18:30:14.153+0000] {logging_mixin.py:190} INFO - [2025-08-31T18:30:14.153+0000] {override.py:1900} INFO - Created Permission View: can delete on DAG Run:example_trigger_target_dag
[2025-08-31T18:30:14.164+0000] {logging_mixin.py:190} INFO - [2025-08-31T18:30:14.164+0000] {override.py:1900} INFO - Created Permission View: can read on DAG Run:example_trigger_target_dag
[2025-08-31T18:30:14.174+0000] {logging_mixin.py:190} INFO - [2025-08-31T18:30:14.174+0000] {override.py:1900} INFO - Created Permission View: can create on DAG Run:example_trigger_target_dag
[2025-08-31T18:30:14.186+0000] {logging_mixin.py:190} INFO - [2025-08-31T18:30:14.185+0000] {override.py:1900} INFO - Created Permission View: menu access on DAG Run:example_trigger_target_dag
[2025-08-31T18:30:14.186+0000] {logging_mixin.py:190} INFO - [2025-08-31T18:30:14.186+0000] {dag.py:3239} INFO - Sync 1 DAGs
[2025-08-31T18:30:14.198+0000] {logging_mixin.py:190} INFO - [2025-08-31T18:30:14.198+0000] {dag.py:3262} INFO - Creating ORM DAG for example_trigger_target_dag
[2025-08-31T18:30:14.199+0000] {logging_mixin.py:190} INFO - [2025-08-31T18:30:14.199+0000] {dag.py:4180} INFO - Setting next_dagrun for example_trigger_target_dag to None, run_after=None
[2025-08-31T18:30:14.222+0000] {processor.py:208} INFO - Processing /home/krishnaformeera/Sumitomo/datapipeline/venv/lib/python3.11/site-packages/airflow/example_dags/example_trigger_target_dag.py took 0.377 seconds
[2025-08-31T18:30:51.984+0000] {processor.py:186} INFO - Started process (PID=5218) to work on /home/krishnaformeera/Sumitomo/datapipeline/venv/lib/python3.11/site-packages/airflow/example_dags/example_trigger_target_dag.py
[2025-08-31T18:30:51.985+0000] {processor.py:914} INFO - Processing file /home/krishnaformeera/Sumitomo/datapipeline/venv/lib/python3.11/site-packages/airflow/example_dags/example_trigger_target_dag.py for tasks to queue
[2025-08-31T18:30:51.988+0000] {logging_mixin.py:190} INFO - [2025-08-31T18:30:51.987+0000] {dagbag.py:588} INFO - Filling up the DagBag from /home/krishnaformeera/Sumitomo/datapipeline/venv/lib/python3.11/site-packages/airflow/example_dags/example_trigger_target_dag.py
[2025-08-31T18:30:51.996+0000] {processor.py:925} INFO - DAG(s) 'example_trigger_target_dag' retrieved from /home/krishnaformeera/Sumitomo/datapipeline/venv/lib/python3.11/site-packages/airflow/example_dags/example_trigger_target_dag.py
[2025-08-31T18:30:52.013+0000] {logging_mixin.py:190} INFO - [2025-08-31T18:30:52.013+0000] {dag.py:3239} INFO - Sync 1 DAGs
[2025-08-31T18:30:52.026+0000] {logging_mixin.py:190} INFO - [2025-08-31T18:30:52.025+0000] {dag.py:4180} INFO - Setting next_dagrun for example_trigger_target_dag to None, run_after=None
[2025-08-31T18:30:52.060+0000] {processor.py:208} INFO - Processing /home/krishnaformeera/Sumitomo/datapipeline/venv/lib/python3.11/site-packages/airflow/example_dags/example_trigger_target_dag.py took 0.083 seconds
[2025-08-31T18:31:55.498+0000] {processor.py:186} INFO - Started process (PID=5290) to work on /home/krishnaformeera/Sumitomo/datapipeline/venv/lib/python3.11/site-packages/airflow/example_dags/example_trigger_target_dag.py
[2025-08-31T18:31:55.501+0000] {processor.py:914} INFO - Processing file /home/krishnaformeera/Sumitomo/datapipeline/venv/lib/python3.11/site-packages/airflow/example_dags/example_trigger_target_dag.py for tasks to queue
[2025-08-31T18:31:55.504+0000] {logging_mixin.py:190} INFO - [2025-08-31T18:31:55.503+0000] {dagbag.py:588} INFO - Filling up the DagBag from /home/krishnaformeera/Sumitomo/datapipeline/venv/lib/python3.11/site-packages/airflow/example_dags/example_trigger_target_dag.py
[2025-08-31T18:31:55.513+0000] {processor.py:925} INFO - DAG(s) 'example_trigger_target_dag' retrieved from /home/krishnaformeera/Sumitomo/datapipeline/venv/lib/python3.11/site-packages/airflow/example_dags/example_trigger_target_dag.py
[2025-08-31T18:31:55.531+0000] {logging_mixin.py:190} INFO - [2025-08-31T18:31:55.531+0000] {dag.py:3239} INFO - Sync 1 DAGs
[2025-08-31T18:31:55.545+0000] {logging_mixin.py:190} INFO - [2025-08-31T18:31:55.544+0000] {dag.py:4180} INFO - Setting next_dagrun for example_trigger_target_dag to None, run_after=None
[2025-08-31T18:31:55.569+0000] {processor.py:208} INFO - Processing /home/krishnaformeera/Sumitomo/datapipeline/venv/lib/python3.11/site-packages/airflow/example_dags/example_trigger_target_dag.py took 0.079 seconds
[2025-08-31T18:32:50.196+0000] {processor.py:186} INFO - Started process (PID=5347) to work on /home/krishnaformeera/Sumitomo/datapipeline/venv/lib/python3.11/site-packages/airflow/example_dags/example_trigger_target_dag.py
[2025-08-31T18:32:50.197+0000] {processor.py:914} INFO - Processing file /home/krishnaformeera/Sumitomo/datapipeline/venv/lib/python3.11/site-packages/airflow/example_dags/example_trigger_target_dag.py for tasks to queue
[2025-08-31T18:32:50.199+0000] {logging_mixin.py:190} INFO - [2025-08-31T18:32:50.199+0000] {dagbag.py:588} INFO - Filling up the DagBag from /home/krishnaformeera/Sumitomo/datapipeline/venv/lib/python3.11/site-packages/airflow/example_dags/example_trigger_target_dag.py
[2025-08-31T18:32:50.207+0000] {processor.py:925} INFO - DAG(s) 'example_trigger_target_dag' retrieved from /home/krishnaformeera/Sumitomo/datapipeline/venv/lib/python3.11/site-packages/airflow/example_dags/example_trigger_target_dag.py
[2025-08-31T18:32:50.222+0000] {logging_mixin.py:190} INFO - [2025-08-31T18:32:50.222+0000] {dag.py:3239} INFO - Sync 1 DAGs
[2025-08-31T18:32:50.233+0000] {logging_mixin.py:190} INFO - [2025-08-31T18:32:50.233+0000] {dag.py:4180} INFO - Setting next_dagrun for example_trigger_target_dag to None, run_after=None
[2025-08-31T18:32:50.260+0000] {processor.py:208} INFO - Processing /home/krishnaformeera/Sumitomo/datapipeline/venv/lib/python3.11/site-packages/airflow/example_dags/example_trigger_target_dag.py took 0.071 seconds
[2025-08-31T18:33:40.610+0000] {processor.py:186} INFO - Started process (PID=5397) to work on /home/krishnaformeera/Sumitomo/datapipeline/venv/lib/python3.11/site-packages/airflow/example_dags/example_trigger_target_dag.py
[2025-08-31T18:33:40.611+0000] {processor.py:914} INFO - Processing file /home/krishnaformeera/Sumitomo/datapipeline/venv/lib/python3.11/site-packages/airflow/example_dags/example_trigger_target_dag.py for tasks to queue
[2025-08-31T18:33:40.613+0000] {logging_mixin.py:190} INFO - [2025-08-31T18:33:40.612+0000] {dagbag.py:588} INFO - Filling up the DagBag from /home/krishnaformeera/Sumitomo/datapipeline/venv/lib/python3.11/site-packages/airflow/example_dags/example_trigger_target_dag.py
[2025-08-31T18:33:40.620+0000] {processor.py:925} INFO - DAG(s) 'example_trigger_target_dag' retrieved from /home/krishnaformeera/Sumitomo/datapipeline/venv/lib/python3.11/site-packages/airflow/example_dags/example_trigger_target_dag.py
[2025-08-31T18:33:40.723+0000] {logging_mixin.py:190} INFO - [2025-08-31T18:33:40.722+0000] {dag.py:3239} INFO - Sync 1 DAGs
[2025-08-31T18:33:40.731+0000] {logging_mixin.py:190} INFO - [2025-08-31T18:33:40.731+0000] {dag.py:4180} INFO - Setting next_dagrun for example_trigger_target_dag to None, run_after=None
[2025-08-31T18:33:40.752+0000] {processor.py:208} INFO - Processing /home/krishnaformeera/Sumitomo/datapipeline/venv/lib/python3.11/site-packages/airflow/example_dags/example_trigger_target_dag.py took 0.149 seconds
[2025-08-31T18:34:36.347+0000] {processor.py:186} INFO - Started process (PID=5453) to work on /home/krishnaformeera/Sumitomo/datapipeline/venv/lib/python3.11/site-packages/airflow/example_dags/example_trigger_target_dag.py
[2025-08-31T18:34:36.348+0000] {processor.py:914} INFO - Processing file /home/krishnaformeera/Sumitomo/datapipeline/venv/lib/python3.11/site-packages/airflow/example_dags/example_trigger_target_dag.py for tasks to queue
[2025-08-31T18:34:36.350+0000] {logging_mixin.py:190} INFO - [2025-08-31T18:34:36.350+0000] {dagbag.py:588} INFO - Filling up the DagBag from /home/krishnaformeera/Sumitomo/datapipeline/venv/lib/python3.11/site-packages/airflow/example_dags/example_trigger_target_dag.py
[2025-08-31T18:34:36.359+0000] {processor.py:925} INFO - DAG(s) 'example_trigger_target_dag' retrieved from /home/krishnaformeera/Sumitomo/datapipeline/venv/lib/python3.11/site-packages/airflow/example_dags/example_trigger_target_dag.py
[2025-08-31T18:34:36.375+0000] {logging_mixin.py:190} INFO - [2025-08-31T18:34:36.375+0000] {dag.py:3239} INFO - Sync 1 DAGs
[2025-08-31T18:34:36.388+0000] {logging_mixin.py:190} INFO - [2025-08-31T18:34:36.387+0000] {dag.py:4180} INFO - Setting next_dagrun for example_trigger_target_dag to None, run_after=None
[2025-08-31T18:34:36.408+0000] {processor.py:208} INFO - Processing /home/krishnaformeera/Sumitomo/datapipeline/venv/lib/python3.11/site-packages/airflow/example_dags/example_trigger_target_dag.py took 0.068 seconds
[2025-08-31T18:35:26.866+0000] {processor.py:186} INFO - Started process (PID=5505) to work on /home/krishnaformeera/Sumitomo/datapipeline/venv/lib/python3.11/site-packages/airflow/example_dags/example_trigger_target_dag.py
[2025-08-31T18:35:26.867+0000] {processor.py:914} INFO - Processing file /home/krishnaformeera/Sumitomo/datapipeline/venv/lib/python3.11/site-packages/airflow/example_dags/example_trigger_target_dag.py for tasks to queue
[2025-08-31T18:35:26.869+0000] {logging_mixin.py:190} INFO - [2025-08-31T18:35:26.869+0000] {dagbag.py:588} INFO - Filling up the DagBag from /home/krishnaformeera/Sumitomo/datapipeline/venv/lib/python3.11/site-packages/airflow/example_dags/example_trigger_target_dag.py
[2025-08-31T18:35:26.877+0000] {processor.py:925} INFO - DAG(s) 'example_trigger_target_dag' retrieved from /home/krishnaformeera/Sumitomo/datapipeline/venv/lib/python3.11/site-packages/airflow/example_dags/example_trigger_target_dag.py
[2025-08-31T18:35:26.892+0000] {logging_mixin.py:190} INFO - [2025-08-31T18:35:26.892+0000] {dag.py:3239} INFO - Sync 1 DAGs
[2025-08-31T18:35:26.904+0000] {logging_mixin.py:190} INFO - [2025-08-31T18:35:26.903+0000] {dag.py:4180} INFO - Setting next_dagrun for example_trigger_target_dag to None, run_after=None
[2025-08-31T18:35:26.924+0000] {processor.py:208} INFO - Processing /home/krishnaformeera/Sumitomo/datapipeline/venv/lib/python3.11/site-packages/airflow/example_dags/example_trigger_target_dag.py took 0.065 seconds
[2025-08-31T18:36:17.707+0000] {processor.py:186} INFO - Started process (PID=5583) to work on /home/krishnaformeera/Sumitomo/datapipeline/venv/lib/python3.11/site-packages/airflow/example_dags/example_trigger_target_dag.py
[2025-08-31T18:36:17.708+0000] {processor.py:914} INFO - Processing file /home/krishnaformeera/Sumitomo/datapipeline/venv/lib/python3.11/site-packages/airflow/example_dags/example_trigger_target_dag.py for tasks to queue
[2025-08-31T18:36:17.711+0000] {logging_mixin.py:190} INFO - [2025-08-31T18:36:17.711+0000] {dagbag.py:588} INFO - Filling up the DagBag from /home/krishnaformeera/Sumitomo/datapipeline/venv/lib/python3.11/site-packages/airflow/example_dags/example_trigger_target_dag.py
[2025-08-31T18:36:17.720+0000] {processor.py:925} INFO - DAG(s) 'example_trigger_target_dag' retrieved from /home/krishnaformeera/Sumitomo/datapipeline/venv/lib/python3.11/site-packages/airflow/example_dags/example_trigger_target_dag.py
[2025-08-31T18:36:17.739+0000] {logging_mixin.py:190} INFO - [2025-08-31T18:36:17.738+0000] {dag.py:3239} INFO - Sync 1 DAGs
[2025-08-31T18:36:17.751+0000] {logging_mixin.py:190} INFO - [2025-08-31T18:36:17.751+0000] {dag.py:4180} INFO - Setting next_dagrun for example_trigger_target_dag to None, run_after=None
[2025-08-31T18:36:17.777+0000] {processor.py:208} INFO - Processing /home/krishnaformeera/Sumitomo/datapipeline/venv/lib/python3.11/site-packages/airflow/example_dags/example_trigger_target_dag.py took 0.078 seconds
[2025-08-31T18:37:09.437+0000] {processor.py:186} INFO - Started process (PID=5635) to work on /home/krishnaformeera/Sumitomo/datapipeline/venv/lib/python3.11/site-packages/airflow/example_dags/example_trigger_target_dag.py
[2025-08-31T18:37:09.438+0000] {processor.py:914} INFO - Processing file /home/krishnaformeera/Sumitomo/datapipeline/venv/lib/python3.11/site-packages/airflow/example_dags/example_trigger_target_dag.py for tasks to queue
[2025-08-31T18:37:09.441+0000] {logging_mixin.py:190} INFO - [2025-08-31T18:37:09.441+0000] {dagbag.py:588} INFO - Filling up the DagBag from /home/krishnaformeera/Sumitomo/datapipeline/venv/lib/python3.11/site-packages/airflow/example_dags/example_trigger_target_dag.py
[2025-08-31T18:37:09.454+0000] {processor.py:925} INFO - DAG(s) 'example_trigger_target_dag' retrieved from /home/krishnaformeera/Sumitomo/datapipeline/venv/lib/python3.11/site-packages/airflow/example_dags/example_trigger_target_dag.py
[2025-08-31T18:37:09.473+0000] {logging_mixin.py:190} INFO - [2025-08-31T18:37:09.472+0000] {dag.py:3239} INFO - Sync 1 DAGs
[2025-08-31T18:37:09.486+0000] {logging_mixin.py:190} INFO - [2025-08-31T18:37:09.485+0000] {dag.py:4180} INFO - Setting next_dagrun for example_trigger_target_dag to None, run_after=None
[2025-08-31T18:37:09.510+0000] {processor.py:208} INFO - Processing /home/krishnaformeera/Sumitomo/datapipeline/venv/lib/python3.11/site-packages/airflow/example_dags/example_trigger_target_dag.py took 0.083 seconds
[2025-08-31T18:40:05.903+0000] {processor.py:186} INFO - Started process (PID=6072) to work on /home/krishnaformeera/Sumitomo/datapipeline/venv/lib/python3.11/site-packages/airflow/example_dags/example_trigger_target_dag.py
[2025-08-31T18:40:05.904+0000] {processor.py:914} INFO - Processing file /home/krishnaformeera/Sumitomo/datapipeline/venv/lib/python3.11/site-packages/airflow/example_dags/example_trigger_target_dag.py for tasks to queue
[2025-08-31T18:40:05.906+0000] {logging_mixin.py:190} INFO - [2025-08-31T18:40:05.906+0000] {dagbag.py:588} INFO - Filling up the DagBag from /home/krishnaformeera/Sumitomo/datapipeline/venv/lib/python3.11/site-packages/airflow/example_dags/example_trigger_target_dag.py
[2025-08-31T18:40:05.914+0000] {processor.py:925} INFO - DAG(s) 'example_trigger_target_dag' retrieved from /home/krishnaformeera/Sumitomo/datapipeline/venv/lib/python3.11/site-packages/airflow/example_dags/example_trigger_target_dag.py
[2025-08-31T18:40:05.931+0000] {logging_mixin.py:190} INFO - [2025-08-31T18:40:05.930+0000] {dag.py:3239} INFO - Sync 1 DAGs
[2025-08-31T18:40:05.943+0000] {logging_mixin.py:190} INFO - [2025-08-31T18:40:05.943+0000] {dag.py:4180} INFO - Setting next_dagrun for example_trigger_target_dag to None, run_after=None
[2025-08-31T18:40:05.967+0000] {processor.py:208} INFO - Processing /home/krishnaformeera/Sumitomo/datapipeline/venv/lib/python3.11/site-packages/airflow/example_dags/example_trigger_target_dag.py took 0.070 seconds
[2025-08-31T18:41:01.539+0000] {processor.py:186} INFO - Started process (PID=6322) to work on /home/krishnaformeera/Sumitomo/datapipeline/venv/lib/python3.11/site-packages/airflow/example_dags/example_trigger_target_dag.py
[2025-08-31T18:41:01.540+0000] {processor.py:914} INFO - Processing file /home/krishnaformeera/Sumitomo/datapipeline/venv/lib/python3.11/site-packages/airflow/example_dags/example_trigger_target_dag.py for tasks to queue
[2025-08-31T18:41:01.542+0000] {logging_mixin.py:190} INFO - [2025-08-31T18:41:01.542+0000] {dagbag.py:588} INFO - Filling up the DagBag from /home/krishnaformeera/Sumitomo/datapipeline/venv/lib/python3.11/site-packages/airflow/example_dags/example_trigger_target_dag.py
[2025-08-31T18:41:01.552+0000] {processor.py:925} INFO - DAG(s) 'example_trigger_target_dag' retrieved from /home/krishnaformeera/Sumitomo/datapipeline/venv/lib/python3.11/site-packages/airflow/example_dags/example_trigger_target_dag.py
[2025-08-31T18:41:01.575+0000] {logging_mixin.py:190} INFO - [2025-08-31T18:41:01.575+0000] {dag.py:3239} INFO - Sync 1 DAGs
[2025-08-31T18:41:01.589+0000] {logging_mixin.py:190} INFO - [2025-08-31T18:41:01.589+0000] {dag.py:4180} INFO - Setting next_dagrun for example_trigger_target_dag to None, run_after=None
[2025-08-31T18:41:01.618+0000] {processor.py:208} INFO - Processing /home/krishnaformeera/Sumitomo/datapipeline/venv/lib/python3.11/site-packages/airflow/example_dags/example_trigger_target_dag.py took 0.088 seconds
[2025-08-31T18:41:52.216+0000] {processor.py:186} INFO - Started process (PID=6497) to work on /home/krishnaformeera/Sumitomo/datapipeline/venv/lib/python3.11/site-packages/airflow/example_dags/example_trigger_target_dag.py
[2025-08-31T18:41:52.217+0000] {processor.py:914} INFO - Processing file /home/krishnaformeera/Sumitomo/datapipeline/venv/lib/python3.11/site-packages/airflow/example_dags/example_trigger_target_dag.py for tasks to queue
[2025-08-31T18:41:52.219+0000] {logging_mixin.py:190} INFO - [2025-08-31T18:41:52.219+0000] {dagbag.py:588} INFO - Filling up the DagBag from /home/krishnaformeera/Sumitomo/datapipeline/venv/lib/python3.11/site-packages/airflow/example_dags/example_trigger_target_dag.py
[2025-08-31T18:41:52.228+0000] {processor.py:925} INFO - DAG(s) 'example_trigger_target_dag' retrieved from /home/krishnaformeera/Sumitomo/datapipeline/venv/lib/python3.11/site-packages/airflow/example_dags/example_trigger_target_dag.py
[2025-08-31T18:41:52.243+0000] {logging_mixin.py:190} INFO - [2025-08-31T18:41:52.242+0000] {dag.py:3239} INFO - Sync 1 DAGs
[2025-08-31T18:41:52.255+0000] {logging_mixin.py:190} INFO - [2025-08-31T18:41:52.254+0000] {dag.py:4180} INFO - Setting next_dagrun for example_trigger_target_dag to None, run_after=None
[2025-08-31T18:41:52.278+0000] {processor.py:208} INFO - Processing /home/krishnaformeera/Sumitomo/datapipeline/venv/lib/python3.11/site-packages/airflow/example_dags/example_trigger_target_dag.py took 0.067 seconds
[2025-08-31T18:42:46.946+0000] {processor.py:186} INFO - Started process (PID=6682) to work on /home/krishnaformeera/Sumitomo/datapipeline/venv/lib/python3.11/site-packages/airflow/example_dags/example_trigger_target_dag.py
[2025-08-31T18:42:46.947+0000] {processor.py:914} INFO - Processing file /home/krishnaformeera/Sumitomo/datapipeline/venv/lib/python3.11/site-packages/airflow/example_dags/example_trigger_target_dag.py for tasks to queue
[2025-08-31T18:42:46.950+0000] {logging_mixin.py:190} INFO - [2025-08-31T18:42:46.950+0000] {dagbag.py:588} INFO - Filling up the DagBag from /home/krishnaformeera/Sumitomo/datapipeline/venv/lib/python3.11/site-packages/airflow/example_dags/example_trigger_target_dag.py
[2025-08-31T18:42:46.959+0000] {processor.py:925} INFO - DAG(s) 'example_trigger_target_dag' retrieved from /home/krishnaformeera/Sumitomo/datapipeline/venv/lib/python3.11/site-packages/airflow/example_dags/example_trigger_target_dag.py
[2025-08-31T18:42:47.074+0000] {logging_mixin.py:190} INFO - [2025-08-31T18:42:47.074+0000] {dag.py:3239} INFO - Sync 1 DAGs
[2025-08-31T18:42:47.083+0000] {logging_mixin.py:190} INFO - [2025-08-31T18:42:47.083+0000] {dag.py:4180} INFO - Setting next_dagrun for example_trigger_target_dag to None, run_after=None
[2025-08-31T18:42:47.102+0000] {processor.py:208} INFO - Processing /home/krishnaformeera/Sumitomo/datapipeline/venv/lib/python3.11/site-packages/airflow/example_dags/example_trigger_target_dag.py took 0.163 seconds
[2025-08-31T18:43:46.211+0000] {processor.py:186} INFO - Started process (PID=6929) to work on /home/krishnaformeera/Sumitomo/datapipeline/venv/lib/python3.11/site-packages/airflow/example_dags/example_trigger_target_dag.py
[2025-08-31T18:43:46.212+0000] {processor.py:914} INFO - Processing file /home/krishnaformeera/Sumitomo/datapipeline/venv/lib/python3.11/site-packages/airflow/example_dags/example_trigger_target_dag.py for tasks to queue
[2025-08-31T18:43:46.214+0000] {logging_mixin.py:190} INFO - [2025-08-31T18:43:46.214+0000] {dagbag.py:588} INFO - Filling up the DagBag from /home/krishnaformeera/Sumitomo/datapipeline/venv/lib/python3.11/site-packages/airflow/example_dags/example_trigger_target_dag.py
[2025-08-31T18:43:46.222+0000] {processor.py:925} INFO - DAG(s) 'example_trigger_target_dag' retrieved from /home/krishnaformeera/Sumitomo/datapipeline/venv/lib/python3.11/site-packages/airflow/example_dags/example_trigger_target_dag.py
[2025-08-31T18:43:46.238+0000] {logging_mixin.py:190} INFO - [2025-08-31T18:43:46.238+0000] {dag.py:3239} INFO - Sync 1 DAGs
[2025-08-31T18:43:46.250+0000] {logging_mixin.py:190} INFO - [2025-08-31T18:43:46.250+0000] {dag.py:4180} INFO - Setting next_dagrun for example_trigger_target_dag to None, run_after=None
[2025-08-31T18:43:46.271+0000] {processor.py:208} INFO - Processing /home/krishnaformeera/Sumitomo/datapipeline/venv/lib/python3.11/site-packages/airflow/example_dags/example_trigger_target_dag.py took 0.067 seconds
[2025-08-31T18:44:36.050+0000] {processor.py:186} INFO - Started process (PID=7141) to work on /home/krishnaformeera/Sumitomo/datapipeline/venv/lib/python3.11/site-packages/airflow/example_dags/example_trigger_target_dag.py
[2025-08-31T18:44:36.052+0000] {processor.py:914} INFO - Processing file /home/krishnaformeera/Sumitomo/datapipeline/venv/lib/python3.11/site-packages/airflow/example_dags/example_trigger_target_dag.py for tasks to queue
[2025-08-31T18:44:36.055+0000] {logging_mixin.py:190} INFO - [2025-08-31T18:44:36.054+0000] {dagbag.py:588} INFO - Filling up the DagBag from /home/krishnaformeera/Sumitomo/datapipeline/venv/lib/python3.11/site-packages/airflow/example_dags/example_trigger_target_dag.py
[2025-08-31T18:44:36.063+0000] {processor.py:925} INFO - DAG(s) 'example_trigger_target_dag' retrieved from /home/krishnaformeera/Sumitomo/datapipeline/venv/lib/python3.11/site-packages/airflow/example_dags/example_trigger_target_dag.py
[2025-08-31T18:44:36.079+0000] {logging_mixin.py:190} INFO - [2025-08-31T18:44:36.079+0000] {dag.py:3239} INFO - Sync 1 DAGs
[2025-08-31T18:44:36.092+0000] {logging_mixin.py:190} INFO - [2025-08-31T18:44:36.092+0000] {dag.py:4180} INFO - Setting next_dagrun for example_trigger_target_dag to None, run_after=None
[2025-08-31T18:44:36.114+0000] {processor.py:208} INFO - Processing /home/krishnaformeera/Sumitomo/datapipeline/venv/lib/python3.11/site-packages/airflow/example_dags/example_trigger_target_dag.py took 0.072 seconds
[2025-08-31T18:45:26.574+0000] {processor.py:186} INFO - Started process (PID=7383) to work on /home/krishnaformeera/Sumitomo/datapipeline/venv/lib/python3.11/site-packages/airflow/example_dags/example_trigger_target_dag.py
[2025-08-31T18:45:26.575+0000] {processor.py:914} INFO - Processing file /home/krishnaformeera/Sumitomo/datapipeline/venv/lib/python3.11/site-packages/airflow/example_dags/example_trigger_target_dag.py for tasks to queue
[2025-08-31T18:45:26.578+0000] {logging_mixin.py:190} INFO - [2025-08-31T18:45:26.577+0000] {dagbag.py:588} INFO - Filling up the DagBag from /home/krishnaformeera/Sumitomo/datapipeline/venv/lib/python3.11/site-packages/airflow/example_dags/example_trigger_target_dag.py
[2025-08-31T18:45:26.585+0000] {processor.py:925} INFO - DAG(s) 'example_trigger_target_dag' retrieved from /home/krishnaformeera/Sumitomo/datapipeline/venv/lib/python3.11/site-packages/airflow/example_dags/example_trigger_target_dag.py
[2025-08-31T18:45:26.600+0000] {logging_mixin.py:190} INFO - [2025-08-31T18:45:26.600+0000] {dag.py:3239} INFO - Sync 1 DAGs
[2025-08-31T18:45:26.611+0000] {logging_mixin.py:190} INFO - [2025-08-31T18:45:26.611+0000] {dag.py:4180} INFO - Setting next_dagrun for example_trigger_target_dag to None, run_after=None
[2025-08-31T18:45:26.631+0000] {processor.py:208} INFO - Processing /home/krishnaformeera/Sumitomo/datapipeline/venv/lib/python3.11/site-packages/airflow/example_dags/example_trigger_target_dag.py took 0.064 seconds
[2025-08-31T18:46:20.389+0000] {processor.py:186} INFO - Started process (PID=7639) to work on /home/krishnaformeera/Sumitomo/datapipeline/venv/lib/python3.11/site-packages/airflow/example_dags/example_trigger_target_dag.py
[2025-08-31T18:46:20.392+0000] {processor.py:914} INFO - Processing file /home/krishnaformeera/Sumitomo/datapipeline/venv/lib/python3.11/site-packages/airflow/example_dags/example_trigger_target_dag.py for tasks to queue
[2025-08-31T18:46:20.396+0000] {logging_mixin.py:190} INFO - [2025-08-31T18:46:20.395+0000] {dagbag.py:588} INFO - Filling up the DagBag from /home/krishnaformeera/Sumitomo/datapipeline/venv/lib/python3.11/site-packages/airflow/example_dags/example_trigger_target_dag.py
[2025-08-31T18:46:20.405+0000] {processor.py:925} INFO - DAG(s) 'example_trigger_target_dag' retrieved from /home/krishnaformeera/Sumitomo/datapipeline/venv/lib/python3.11/site-packages/airflow/example_dags/example_trigger_target_dag.py
[2025-08-31T18:46:20.420+0000] {logging_mixin.py:190} INFO - [2025-08-31T18:46:20.420+0000] {dag.py:3239} INFO - Sync 1 DAGs
[2025-08-31T18:46:20.432+0000] {logging_mixin.py:190} INFO - [2025-08-31T18:46:20.432+0000] {dag.py:4180} INFO - Setting next_dagrun for example_trigger_target_dag to None, run_after=None
[2025-08-31T18:46:20.453+0000] {processor.py:208} INFO - Processing /home/krishnaformeera/Sumitomo/datapipeline/venv/lib/python3.11/site-packages/airflow/example_dags/example_trigger_target_dag.py took 0.070 seconds
[2025-08-31T18:47:12.487+0000] {processor.py:186} INFO - Started process (PID=7779) to work on /home/krishnaformeera/Sumitomo/datapipeline/venv/lib/python3.11/site-packages/airflow/example_dags/example_trigger_target_dag.py
[2025-08-31T18:47:12.488+0000] {processor.py:914} INFO - Processing file /home/krishnaformeera/Sumitomo/datapipeline/venv/lib/python3.11/site-packages/airflow/example_dags/example_trigger_target_dag.py for tasks to queue
[2025-08-31T18:47:12.491+0000] {logging_mixin.py:190} INFO - [2025-08-31T18:47:12.491+0000] {dagbag.py:588} INFO - Filling up the DagBag from /home/krishnaformeera/Sumitomo/datapipeline/venv/lib/python3.11/site-packages/airflow/example_dags/example_trigger_target_dag.py
[2025-08-31T18:47:12.500+0000] {processor.py:925} INFO - DAG(s) 'example_trigger_target_dag' retrieved from /home/krishnaformeera/Sumitomo/datapipeline/venv/lib/python3.11/site-packages/airflow/example_dags/example_trigger_target_dag.py
[2025-08-31T18:47:12.518+0000] {logging_mixin.py:190} INFO - [2025-08-31T18:47:12.517+0000] {dag.py:3239} INFO - Sync 1 DAGs
[2025-08-31T18:47:12.532+0000] {logging_mixin.py:190} INFO - [2025-08-31T18:47:12.531+0000] {dag.py:4180} INFO - Setting next_dagrun for example_trigger_target_dag to None, run_after=None
[2025-08-31T18:47:12.556+0000] {processor.py:208} INFO - Processing /home/krishnaformeera/Sumitomo/datapipeline/venv/lib/python3.11/site-packages/airflow/example_dags/example_trigger_target_dag.py took 0.076 seconds
[2025-08-31T18:48:02.921+0000] {processor.py:186} INFO - Started process (PID=7835) to work on /home/krishnaformeera/Sumitomo/datapipeline/venv/lib/python3.11/site-packages/airflow/example_dags/example_trigger_target_dag.py
[2025-08-31T18:48:02.922+0000] {processor.py:914} INFO - Processing file /home/krishnaformeera/Sumitomo/datapipeline/venv/lib/python3.11/site-packages/airflow/example_dags/example_trigger_target_dag.py for tasks to queue
[2025-08-31T18:48:02.925+0000] {logging_mixin.py:190} INFO - [2025-08-31T18:48:02.924+0000] {dagbag.py:588} INFO - Filling up the DagBag from /home/krishnaformeera/Sumitomo/datapipeline/venv/lib/python3.11/site-packages/airflow/example_dags/example_trigger_target_dag.py
[2025-08-31T18:48:02.933+0000] {processor.py:925} INFO - DAG(s) 'example_trigger_target_dag' retrieved from /home/krishnaformeera/Sumitomo/datapipeline/venv/lib/python3.11/site-packages/airflow/example_dags/example_trigger_target_dag.py
[2025-08-31T18:48:02.948+0000] {logging_mixin.py:190} INFO - [2025-08-31T18:48:02.948+0000] {dag.py:3239} INFO - Sync 1 DAGs
[2025-08-31T18:48:02.959+0000] {logging_mixin.py:190} INFO - [2025-08-31T18:48:02.959+0000] {dag.py:4180} INFO - Setting next_dagrun for example_trigger_target_dag to None, run_after=None
[2025-08-31T18:48:02.981+0000] {processor.py:208} INFO - Processing /home/krishnaformeera/Sumitomo/datapipeline/venv/lib/python3.11/site-packages/airflow/example_dags/example_trigger_target_dag.py took 0.067 seconds
[2025-08-31T18:48:52.306+0000] {processor.py:186} INFO - Started process (PID=7890) to work on /home/krishnaformeera/Sumitomo/datapipeline/venv/lib/python3.11/site-packages/airflow/example_dags/example_trigger_target_dag.py
[2025-08-31T18:48:52.307+0000] {processor.py:914} INFO - Processing file /home/krishnaformeera/Sumitomo/datapipeline/venv/lib/python3.11/site-packages/airflow/example_dags/example_trigger_target_dag.py for tasks to queue
[2025-08-31T18:48:52.310+0000] {logging_mixin.py:190} INFO - [2025-08-31T18:48:52.309+0000] {dagbag.py:588} INFO - Filling up the DagBag from /home/krishnaformeera/Sumitomo/datapipeline/venv/lib/python3.11/site-packages/airflow/example_dags/example_trigger_target_dag.py
[2025-08-31T18:48:52.317+0000] {processor.py:925} INFO - DAG(s) 'example_trigger_target_dag' retrieved from /home/krishnaformeera/Sumitomo/datapipeline/venv/lib/python3.11/site-packages/airflow/example_dags/example_trigger_target_dag.py
[2025-08-31T18:48:52.332+0000] {logging_mixin.py:190} INFO - [2025-08-31T18:48:52.332+0000] {dag.py:3239} INFO - Sync 1 DAGs
[2025-08-31T18:48:52.345+0000] {logging_mixin.py:190} INFO - [2025-08-31T18:48:52.345+0000] {dag.py:4180} INFO - Setting next_dagrun for example_trigger_target_dag to None, run_after=None
[2025-08-31T18:48:52.368+0000] {processor.py:208} INFO - Processing /home/krishnaformeera/Sumitomo/datapipeline/venv/lib/python3.11/site-packages/airflow/example_dags/example_trigger_target_dag.py took 0.068 seconds
[2025-08-31T18:49:44.158+0000] {processor.py:186} INFO - Started process (PID=7958) to work on /home/krishnaformeera/Sumitomo/datapipeline/venv/lib/python3.11/site-packages/airflow/example_dags/example_trigger_target_dag.py
[2025-08-31T18:49:44.159+0000] {processor.py:914} INFO - Processing file /home/krishnaformeera/Sumitomo/datapipeline/venv/lib/python3.11/site-packages/airflow/example_dags/example_trigger_target_dag.py for tasks to queue
[2025-08-31T18:49:44.162+0000] {logging_mixin.py:190} INFO - [2025-08-31T18:49:44.161+0000] {dagbag.py:588} INFO - Filling up the DagBag from /home/krishnaformeera/Sumitomo/datapipeline/venv/lib/python3.11/site-packages/airflow/example_dags/example_trigger_target_dag.py
[2025-08-31T18:49:44.171+0000] {processor.py:925} INFO - DAG(s) 'example_trigger_target_dag' retrieved from /home/krishnaformeera/Sumitomo/datapipeline/venv/lib/python3.11/site-packages/airflow/example_dags/example_trigger_target_dag.py
[2025-08-31T18:49:44.188+0000] {logging_mixin.py:190} INFO - [2025-08-31T18:49:44.188+0000] {dag.py:3239} INFO - Sync 1 DAGs
[2025-08-31T18:49:44.202+0000] {logging_mixin.py:190} INFO - [2025-08-31T18:49:44.201+0000] {dag.py:4180} INFO - Setting next_dagrun for example_trigger_target_dag to None, run_after=None
[2025-08-31T18:49:44.226+0000] {processor.py:208} INFO - Processing /home/krishnaformeera/Sumitomo/datapipeline/venv/lib/python3.11/site-packages/airflow/example_dags/example_trigger_target_dag.py took 0.076 seconds
[2025-08-31T18:50:37.822+0000] {processor.py:186} INFO - Started process (PID=8068) to work on /home/krishnaformeera/Sumitomo/datapipeline/venv/lib/python3.11/site-packages/airflow/example_dags/example_trigger_target_dag.py
[2025-08-31T18:50:37.823+0000] {processor.py:914} INFO - Processing file /home/krishnaformeera/Sumitomo/datapipeline/venv/lib/python3.11/site-packages/airflow/example_dags/example_trigger_target_dag.py for tasks to queue
[2025-08-31T18:50:37.826+0000] {logging_mixin.py:190} INFO - [2025-08-31T18:50:37.826+0000] {dagbag.py:588} INFO - Filling up the DagBag from /home/krishnaformeera/Sumitomo/datapipeline/venv/lib/python3.11/site-packages/airflow/example_dags/example_trigger_target_dag.py
[2025-08-31T18:50:37.835+0000] {processor.py:925} INFO - DAG(s) 'example_trigger_target_dag' retrieved from /home/krishnaformeera/Sumitomo/datapipeline/venv/lib/python3.11/site-packages/airflow/example_dags/example_trigger_target_dag.py
[2025-08-31T18:50:37.849+0000] {logging_mixin.py:190} INFO - [2025-08-31T18:50:37.849+0000] {dag.py:3239} INFO - Sync 1 DAGs
[2025-08-31T18:50:37.861+0000] {logging_mixin.py:190} INFO - [2025-08-31T18:50:37.860+0000] {dag.py:4180} INFO - Setting next_dagrun for example_trigger_target_dag to None, run_after=None
[2025-08-31T18:50:37.882+0000] {processor.py:208} INFO - Processing /home/krishnaformeera/Sumitomo/datapipeline/venv/lib/python3.11/site-packages/airflow/example_dags/example_trigger_target_dag.py took 0.066 seconds
[2025-08-31T18:51:28.970+0000] {processor.py:186} INFO - Started process (PID=8148) to work on /home/krishnaformeera/Sumitomo/datapipeline/venv/lib/python3.11/site-packages/airflow/example_dags/example_trigger_target_dag.py
[2025-08-31T18:51:28.972+0000] {processor.py:914} INFO - Processing file /home/krishnaformeera/Sumitomo/datapipeline/venv/lib/python3.11/site-packages/airflow/example_dags/example_trigger_target_dag.py for tasks to queue
[2025-08-31T18:51:28.975+0000] {logging_mixin.py:190} INFO - [2025-08-31T18:51:28.974+0000] {dagbag.py:588} INFO - Filling up the DagBag from /home/krishnaformeera/Sumitomo/datapipeline/venv/lib/python3.11/site-packages/airflow/example_dags/example_trigger_target_dag.py
[2025-08-31T18:51:28.983+0000] {processor.py:925} INFO - DAG(s) 'example_trigger_target_dag' retrieved from /home/krishnaformeera/Sumitomo/datapipeline/venv/lib/python3.11/site-packages/airflow/example_dags/example_trigger_target_dag.py
[2025-08-31T18:51:28.998+0000] {logging_mixin.py:190} INFO - [2025-08-31T18:51:28.998+0000] {dag.py:3239} INFO - Sync 1 DAGs
[2025-08-31T18:51:29.010+0000] {logging_mixin.py:190} INFO - [2025-08-31T18:51:29.010+0000] {dag.py:4180} INFO - Setting next_dagrun for example_trigger_target_dag to None, run_after=None
[2025-08-31T18:51:29.033+0000] {processor.py:208} INFO - Processing /home/krishnaformeera/Sumitomo/datapipeline/venv/lib/python3.11/site-packages/airflow/example_dags/example_trigger_target_dag.py took 0.072 seconds
[2025-08-31T18:52:18.924+0000] {processor.py:186} INFO - Started process (PID=8223) to work on /home/krishnaformeera/Sumitomo/datapipeline/venv/lib/python3.11/site-packages/airflow/example_dags/example_trigger_target_dag.py
[2025-08-31T18:52:18.925+0000] {processor.py:914} INFO - Processing file /home/krishnaformeera/Sumitomo/datapipeline/venv/lib/python3.11/site-packages/airflow/example_dags/example_trigger_target_dag.py for tasks to queue
[2025-08-31T18:52:18.927+0000] {logging_mixin.py:190} INFO - [2025-08-31T18:52:18.927+0000] {dagbag.py:588} INFO - Filling up the DagBag from /home/krishnaformeera/Sumitomo/datapipeline/venv/lib/python3.11/site-packages/airflow/example_dags/example_trigger_target_dag.py
[2025-08-31T18:52:18.935+0000] {processor.py:925} INFO - DAG(s) 'example_trigger_target_dag' retrieved from /home/krishnaformeera/Sumitomo/datapipeline/venv/lib/python3.11/site-packages/airflow/example_dags/example_trigger_target_dag.py
[2025-08-31T18:52:18.951+0000] {logging_mixin.py:190} INFO - [2025-08-31T18:52:18.950+0000] {dag.py:3239} INFO - Sync 1 DAGs
[2025-08-31T18:52:18.963+0000] {logging_mixin.py:190} INFO - [2025-08-31T18:52:18.963+0000] {dag.py:4180} INFO - Setting next_dagrun for example_trigger_target_dag to None, run_after=None
[2025-08-31T18:52:18.985+0000] {processor.py:208} INFO - Processing /home/krishnaformeera/Sumitomo/datapipeline/venv/lib/python3.11/site-packages/airflow/example_dags/example_trigger_target_dag.py took 0.068 seconds
[2025-08-31T18:53:07.157+0000] {processor.py:186} INFO - Started process (PID=8278) to work on /home/krishnaformeera/Sumitomo/datapipeline/venv/lib/python3.11/site-packages/airflow/example_dags/example_trigger_target_dag.py
[2025-08-31T18:53:07.159+0000] {processor.py:914} INFO - Processing file /home/krishnaformeera/Sumitomo/datapipeline/venv/lib/python3.11/site-packages/airflow/example_dags/example_trigger_target_dag.py for tasks to queue
[2025-08-31T18:53:07.162+0000] {logging_mixin.py:190} INFO - [2025-08-31T18:53:07.162+0000] {dagbag.py:588} INFO - Filling up the DagBag from /home/krishnaformeera/Sumitomo/datapipeline/venv/lib/python3.11/site-packages/airflow/example_dags/example_trigger_target_dag.py
[2025-08-31T18:53:07.172+0000] {processor.py:925} INFO - DAG(s) 'example_trigger_target_dag' retrieved from /home/krishnaformeera/Sumitomo/datapipeline/venv/lib/python3.11/site-packages/airflow/example_dags/example_trigger_target_dag.py
[2025-08-31T18:53:07.191+0000] {logging_mixin.py:190} INFO - [2025-08-31T18:53:07.191+0000] {dag.py:3239} INFO - Sync 1 DAGs
[2025-08-31T18:53:07.205+0000] {logging_mixin.py:190} INFO - [2025-08-31T18:53:07.204+0000] {dag.py:4180} INFO - Setting next_dagrun for example_trigger_target_dag to None, run_after=None
[2025-08-31T18:53:07.231+0000] {processor.py:208} INFO - Processing /home/krishnaformeera/Sumitomo/datapipeline/venv/lib/python3.11/site-packages/airflow/example_dags/example_trigger_target_dag.py took 0.081 seconds
[2025-08-31T18:53:56.230+0000] {processor.py:186} INFO - Started process (PID=8472) to work on /home/krishnaformeera/Sumitomo/datapipeline/venv/lib/python3.11/site-packages/airflow/example_dags/example_trigger_target_dag.py
[2025-08-31T18:53:56.231+0000] {processor.py:914} INFO - Processing file /home/krishnaformeera/Sumitomo/datapipeline/venv/lib/python3.11/site-packages/airflow/example_dags/example_trigger_target_dag.py for tasks to queue
[2025-08-31T18:53:56.234+0000] {logging_mixin.py:190} INFO - [2025-08-31T18:53:56.234+0000] {dagbag.py:588} INFO - Filling up the DagBag from /home/krishnaformeera/Sumitomo/datapipeline/venv/lib/python3.11/site-packages/airflow/example_dags/example_trigger_target_dag.py
[2025-08-31T18:53:56.243+0000] {processor.py:925} INFO - DAG(s) 'example_trigger_target_dag' retrieved from /home/krishnaformeera/Sumitomo/datapipeline/venv/lib/python3.11/site-packages/airflow/example_dags/example_trigger_target_dag.py
[2025-08-31T18:53:56.261+0000] {logging_mixin.py:190} INFO - [2025-08-31T18:53:56.261+0000] {dag.py:3239} INFO - Sync 1 DAGs
[2025-08-31T18:53:56.275+0000] {logging_mixin.py:190} INFO - [2025-08-31T18:53:56.274+0000] {dag.py:4180} INFO - Setting next_dagrun for example_trigger_target_dag to None, run_after=None
[2025-08-31T18:53:56.298+0000] {processor.py:208} INFO - Processing /home/krishnaformeera/Sumitomo/datapipeline/venv/lib/python3.11/site-packages/airflow/example_dags/example_trigger_target_dag.py took 0.078 seconds
[2025-08-31T18:54:45.205+0000] {processor.py:186} INFO - Started process (PID=8522) to work on /home/krishnaformeera/Sumitomo/datapipeline/venv/lib/python3.11/site-packages/airflow/example_dags/example_trigger_target_dag.py
[2025-08-31T18:54:45.206+0000] {processor.py:914} INFO - Processing file /home/krishnaformeera/Sumitomo/datapipeline/venv/lib/python3.11/site-packages/airflow/example_dags/example_trigger_target_dag.py for tasks to queue
[2025-08-31T18:54:45.209+0000] {logging_mixin.py:190} INFO - [2025-08-31T18:54:45.208+0000] {dagbag.py:588} INFO - Filling up the DagBag from /home/krishnaformeera/Sumitomo/datapipeline/venv/lib/python3.11/site-packages/airflow/example_dags/example_trigger_target_dag.py
[2025-08-31T18:54:45.217+0000] {processor.py:925} INFO - DAG(s) 'example_trigger_target_dag' retrieved from /home/krishnaformeera/Sumitomo/datapipeline/venv/lib/python3.11/site-packages/airflow/example_dags/example_trigger_target_dag.py
[2025-08-31T18:54:45.232+0000] {logging_mixin.py:190} INFO - [2025-08-31T18:54:45.232+0000] {dag.py:3239} INFO - Sync 1 DAGs
[2025-08-31T18:54:45.244+0000] {logging_mixin.py:190} INFO - [2025-08-31T18:54:45.244+0000] {dag.py:4180} INFO - Setting next_dagrun for example_trigger_target_dag to None, run_after=None
[2025-08-31T18:54:45.265+0000] {processor.py:208} INFO - Processing /home/krishnaformeera/Sumitomo/datapipeline/venv/lib/python3.11/site-packages/airflow/example_dags/example_trigger_target_dag.py took 0.066 seconds
[2025-08-31T18:55:38.436+0000] {processor.py:186} INFO - Started process (PID=8602) to work on /home/krishnaformeera/Sumitomo/datapipeline/venv/lib/python3.11/site-packages/airflow/example_dags/example_trigger_target_dag.py
[2025-08-31T18:55:38.438+0000] {processor.py:914} INFO - Processing file /home/krishnaformeera/Sumitomo/datapipeline/venv/lib/python3.11/site-packages/airflow/example_dags/example_trigger_target_dag.py for tasks to queue
[2025-08-31T18:55:38.440+0000] {logging_mixin.py:190} INFO - [2025-08-31T18:55:38.440+0000] {dagbag.py:588} INFO - Filling up the DagBag from /home/krishnaformeera/Sumitomo/datapipeline/venv/lib/python3.11/site-packages/airflow/example_dags/example_trigger_target_dag.py
[2025-08-31T18:55:38.448+0000] {processor.py:925} INFO - DAG(s) 'example_trigger_target_dag' retrieved from /home/krishnaformeera/Sumitomo/datapipeline/venv/lib/python3.11/site-packages/airflow/example_dags/example_trigger_target_dag.py
[2025-08-31T18:55:38.463+0000] {logging_mixin.py:190} INFO - [2025-08-31T18:55:38.463+0000] {dag.py:3239} INFO - Sync 1 DAGs
[2025-08-31T18:55:38.475+0000] {logging_mixin.py:190} INFO - [2025-08-31T18:55:38.475+0000] {dag.py:4180} INFO - Setting next_dagrun for example_trigger_target_dag to None, run_after=None
[2025-08-31T18:55:38.499+0000] {processor.py:208} INFO - Processing /home/krishnaformeera/Sumitomo/datapipeline/venv/lib/python3.11/site-packages/airflow/example_dags/example_trigger_target_dag.py took 0.069 seconds
[2025-08-31T18:56:31.977+0000] {processor.py:186} INFO - Started process (PID=8671) to work on /home/krishnaformeera/Sumitomo/datapipeline/venv/lib/python3.11/site-packages/airflow/example_dags/example_trigger_target_dag.py
[2025-08-31T18:56:31.978+0000] {processor.py:914} INFO - Processing file /home/krishnaformeera/Sumitomo/datapipeline/venv/lib/python3.11/site-packages/airflow/example_dags/example_trigger_target_dag.py for tasks to queue
[2025-08-31T18:56:31.981+0000] {logging_mixin.py:190} INFO - [2025-08-31T18:56:31.980+0000] {dagbag.py:588} INFO - Filling up the DagBag from /home/krishnaformeera/Sumitomo/datapipeline/venv/lib/python3.11/site-packages/airflow/example_dags/example_trigger_target_dag.py
[2025-08-31T18:56:31.989+0000] {processor.py:925} INFO - DAG(s) 'example_trigger_target_dag' retrieved from /home/krishnaformeera/Sumitomo/datapipeline/venv/lib/python3.11/site-packages/airflow/example_dags/example_trigger_target_dag.py
[2025-08-31T18:56:32.005+0000] {logging_mixin.py:190} INFO - [2025-08-31T18:56:32.005+0000] {dag.py:3239} INFO - Sync 1 DAGs
[2025-08-31T18:56:32.018+0000] {logging_mixin.py:190} INFO - [2025-08-31T18:56:32.017+0000] {dag.py:4180} INFO - Setting next_dagrun for example_trigger_target_dag to None, run_after=None
[2025-08-31T18:56:32.040+0000] {processor.py:208} INFO - Processing /home/krishnaformeera/Sumitomo/datapipeline/venv/lib/python3.11/site-packages/airflow/example_dags/example_trigger_target_dag.py took 0.072 seconds
[2025-08-31T18:57:25.494+0000] {processor.py:186} INFO - Started process (PID=8724) to work on /home/krishnaformeera/Sumitomo/datapipeline/venv/lib/python3.11/site-packages/airflow/example_dags/example_trigger_target_dag.py
[2025-08-31T18:57:25.495+0000] {processor.py:914} INFO - Processing file /home/krishnaformeera/Sumitomo/datapipeline/venv/lib/python3.11/site-packages/airflow/example_dags/example_trigger_target_dag.py for tasks to queue
[2025-08-31T18:57:25.498+0000] {logging_mixin.py:190} INFO - [2025-08-31T18:57:25.498+0000] {dagbag.py:588} INFO - Filling up the DagBag from /home/krishnaformeera/Sumitomo/datapipeline/venv/lib/python3.11/site-packages/airflow/example_dags/example_trigger_target_dag.py
[2025-08-31T18:57:25.508+0000] {processor.py:925} INFO - DAG(s) 'example_trigger_target_dag' retrieved from /home/krishnaformeera/Sumitomo/datapipeline/venv/lib/python3.11/site-packages/airflow/example_dags/example_trigger_target_dag.py
[2025-08-31T18:57:25.525+0000] {logging_mixin.py:190} INFO - [2025-08-31T18:57:25.525+0000] {dag.py:3239} INFO - Sync 1 DAGs
[2025-08-31T18:57:25.539+0000] {logging_mixin.py:190} INFO - [2025-08-31T18:57:25.539+0000] {dag.py:4180} INFO - Setting next_dagrun for example_trigger_target_dag to None, run_after=None
[2025-08-31T18:57:25.565+0000] {processor.py:208} INFO - Processing /home/krishnaformeera/Sumitomo/datapipeline/venv/lib/python3.11/site-packages/airflow/example_dags/example_trigger_target_dag.py took 0.078 seconds
[2025-08-31T18:58:17.956+0000] {processor.py:186} INFO - Started process (PID=8778) to work on /home/krishnaformeera/Sumitomo/datapipeline/venv/lib/python3.11/site-packages/airflow/example_dags/example_trigger_target_dag.py
[2025-08-31T18:58:17.957+0000] {processor.py:914} INFO - Processing file /home/krishnaformeera/Sumitomo/datapipeline/venv/lib/python3.11/site-packages/airflow/example_dags/example_trigger_target_dag.py for tasks to queue
[2025-08-31T18:58:17.960+0000] {logging_mixin.py:190} INFO - [2025-08-31T18:58:17.960+0000] {dagbag.py:588} INFO - Filling up the DagBag from /home/krishnaformeera/Sumitomo/datapipeline/venv/lib/python3.11/site-packages/airflow/example_dags/example_trigger_target_dag.py
[2025-08-31T18:58:17.970+0000] {processor.py:925} INFO - DAG(s) 'example_trigger_target_dag' retrieved from /home/krishnaformeera/Sumitomo/datapipeline/venv/lib/python3.11/site-packages/airflow/example_dags/example_trigger_target_dag.py
[2025-08-31T18:58:17.986+0000] {logging_mixin.py:190} INFO - [2025-08-31T18:58:17.986+0000] {dag.py:3239} INFO - Sync 1 DAGs
[2025-08-31T18:58:18.000+0000] {logging_mixin.py:190} INFO - [2025-08-31T18:58:17.999+0000] {dag.py:4180} INFO - Setting next_dagrun for example_trigger_target_dag to None, run_after=None
[2025-08-31T18:58:18.026+0000] {processor.py:208} INFO - Processing /home/krishnaformeera/Sumitomo/datapipeline/venv/lib/python3.11/site-packages/airflow/example_dags/example_trigger_target_dag.py took 0.078 seconds
[2025-08-31T18:59:10.312+0000] {processor.py:186} INFO - Started process (PID=8832) to work on /home/krishnaformeera/Sumitomo/datapipeline/venv/lib/python3.11/site-packages/airflow/example_dags/example_trigger_target_dag.py
[2025-08-31T18:59:10.313+0000] {processor.py:914} INFO - Processing file /home/krishnaformeera/Sumitomo/datapipeline/venv/lib/python3.11/site-packages/airflow/example_dags/example_trigger_target_dag.py for tasks to queue
[2025-08-31T18:59:10.316+0000] {logging_mixin.py:190} INFO - [2025-08-31T18:59:10.316+0000] {dagbag.py:588} INFO - Filling up the DagBag from /home/krishnaformeera/Sumitomo/datapipeline/venv/lib/python3.11/site-packages/airflow/example_dags/example_trigger_target_dag.py
[2025-08-31T18:59:10.326+0000] {processor.py:925} INFO - DAG(s) 'example_trigger_target_dag' retrieved from /home/krishnaformeera/Sumitomo/datapipeline/venv/lib/python3.11/site-packages/airflow/example_dags/example_trigger_target_dag.py
[2025-08-31T18:59:10.344+0000] {logging_mixin.py:190} INFO - [2025-08-31T18:59:10.344+0000] {dag.py:3239} INFO - Sync 1 DAGs
[2025-08-31T18:59:10.359+0000] {logging_mixin.py:190} INFO - [2025-08-31T18:59:10.358+0000] {dag.py:4180} INFO - Setting next_dagrun for example_trigger_target_dag to None, run_after=None
[2025-08-31T18:59:10.383+0000] {processor.py:208} INFO - Processing /home/krishnaformeera/Sumitomo/datapipeline/venv/lib/python3.11/site-packages/airflow/example_dags/example_trigger_target_dag.py took 0.078 seconds
