[2025-08-31T18:31:18.357+0000] {processor.py:186} INFO - Started process (PID=5258) to work on /home/krishnaformeera/Sumitomo/datapipeline/venv/lib/python3.11/site-packages/airflow/example_dags/example_external_task_marker_dag.py
[2025-08-31T18:31:18.358+0000] {processor.py:914} INFO - Processing file /home/krishnaformeera/Sumitomo/datapipeline/venv/lib/python3.11/site-packages/airflow/example_dags/example_external_task_marker_dag.py for tasks to queue
[2025-08-31T18:31:18.363+0000] {logging_mixin.py:190} INFO - [2025-08-31T18:31:18.362+0000] {dagbag.py:588} INFO - Filling up the DagBag from /home/krishnaformeera/Sumitomo/datapipeline/venv/lib/python3.11/site-packages/airflow/example_dags/example_external_task_marker_dag.py
[2025-08-31T18:31:18.380+0000] {processor.py:925} INFO - DAG(s) 'example_external_task_marker_child', 'example_external_task_marker_parent' retrieved from /home/krishnaformeera/Sumitomo/datapipeline/venv/lib/python3.11/site-packages/airflow/example_dags/example_external_task_marker_dag.py
[2025-08-31T18:31:18.531+0000] {logging_mixin.py:190} INFO - [2025-08-31T18:31:18.530+0000] {override.py:1900} INFO - Created Permission View: can edit on DAG:example_external_task_marker_child
[2025-08-31T18:31:18.549+0000] {logging_mixin.py:190} INFO - [2025-08-31T18:31:18.549+0000] {override.py:1900} INFO - Created Permission View: can read on DAG:example_external_task_marker_child
[2025-08-31T18:31:18.563+0000] {logging_mixin.py:190} INFO - [2025-08-31T18:31:18.563+0000] {override.py:1900} INFO - Created Permission View: can delete on DAG:example_external_task_marker_child
[2025-08-31T18:31:18.583+0000] {logging_mixin.py:190} INFO - [2025-08-31T18:31:18.583+0000] {override.py:1900} INFO - Created Permission View: menu access on DAG Run:example_external_task_marker_child
[2025-08-31T18:31:18.596+0000] {logging_mixin.py:190} INFO - [2025-08-31T18:31:18.595+0000] {override.py:1900} INFO - Created Permission View: can read on DAG Run:example_external_task_marker_child
[2025-08-31T18:31:18.608+0000] {logging_mixin.py:190} INFO - [2025-08-31T18:31:18.607+0000] {override.py:1900} INFO - Created Permission View: can create on DAG Run:example_external_task_marker_child
[2025-08-31T18:31:18.620+0000] {logging_mixin.py:190} INFO - [2025-08-31T18:31:18.619+0000] {override.py:1900} INFO - Created Permission View: can delete on DAG Run:example_external_task_marker_child
[2025-08-31T18:31:18.644+0000] {logging_mixin.py:190} INFO - [2025-08-31T18:31:18.643+0000] {override.py:1900} INFO - Created Permission View: can edit on DAG:example_external_task_marker_parent
[2025-08-31T18:31:18.653+0000] {logging_mixin.py:190} INFO - [2025-08-31T18:31:18.652+0000] {override.py:1900} INFO - Created Permission View: can read on DAG:example_external_task_marker_parent
[2025-08-31T18:31:18.661+0000] {logging_mixin.py:190} INFO - [2025-08-31T18:31:18.661+0000] {override.py:1900} INFO - Created Permission View: can delete on DAG:example_external_task_marker_parent
[2025-08-31T18:31:18.675+0000] {logging_mixin.py:190} INFO - [2025-08-31T18:31:18.675+0000] {override.py:1900} INFO - Created Permission View: menu access on DAG Run:example_external_task_marker_parent
[2025-08-31T18:31:18.684+0000] {logging_mixin.py:190} INFO - [2025-08-31T18:31:18.683+0000] {override.py:1900} INFO - Created Permission View: can read on DAG Run:example_external_task_marker_parent
[2025-08-31T18:31:18.693+0000] {logging_mixin.py:190} INFO - [2025-08-31T18:31:18.692+0000] {override.py:1900} INFO - Created Permission View: can create on DAG Run:example_external_task_marker_parent
[2025-08-31T18:31:18.702+0000] {logging_mixin.py:190} INFO - [2025-08-31T18:31:18.702+0000] {override.py:1900} INFO - Created Permission View: can delete on DAG Run:example_external_task_marker_parent
[2025-08-31T18:31:18.703+0000] {logging_mixin.py:190} INFO - [2025-08-31T18:31:18.703+0000] {dag.py:3239} INFO - Sync 2 DAGs
[2025-08-31T18:31:18.716+0000] {logging_mixin.py:190} INFO - [2025-08-31T18:31:18.716+0000] {dag.py:3262} INFO - Creating ORM DAG for example_external_task_marker_child
[2025-08-31T18:31:18.717+0000] {logging_mixin.py:190} INFO - [2025-08-31T18:31:18.717+0000] {dag.py:3262} INFO - Creating ORM DAG for example_external_task_marker_parent
[2025-08-31T18:31:18.718+0000] {logging_mixin.py:190} INFO - [2025-08-31T18:31:18.717+0000] {dag.py:4180} INFO - Setting next_dagrun for example_external_task_marker_child to None, run_after=None
[2025-08-31T18:31:18.718+0000] {logging_mixin.py:190} INFO - [2025-08-31T18:31:18.718+0000] {dag.py:4180} INFO - Setting next_dagrun for example_external_task_marker_parent to None, run_after=None
[2025-08-31T18:31:18.745+0000] {processor.py:208} INFO - Processing /home/krishnaformeera/Sumitomo/datapipeline/venv/lib/python3.11/site-packages/airflow/example_dags/example_external_task_marker_dag.py took 0.401 seconds
[2025-08-31T18:32:22.410+0000] {processor.py:186} INFO - Started process (PID=5318) to work on /home/krishnaformeera/Sumitomo/datapipeline/venv/lib/python3.11/site-packages/airflow/example_dags/example_external_task_marker_dag.py
[2025-08-31T18:32:22.412+0000] {processor.py:914} INFO - Processing file /home/krishnaformeera/Sumitomo/datapipeline/venv/lib/python3.11/site-packages/airflow/example_dags/example_external_task_marker_dag.py for tasks to queue
[2025-08-31T18:32:22.414+0000] {logging_mixin.py:190} INFO - [2025-08-31T18:32:22.414+0000] {dagbag.py:588} INFO - Filling up the DagBag from /home/krishnaformeera/Sumitomo/datapipeline/venv/lib/python3.11/site-packages/airflow/example_dags/example_external_task_marker_dag.py
[2025-08-31T18:32:22.423+0000] {processor.py:925} INFO - DAG(s) 'example_external_task_marker_parent', 'example_external_task_marker_child' retrieved from /home/krishnaformeera/Sumitomo/datapipeline/venv/lib/python3.11/site-packages/airflow/example_dags/example_external_task_marker_dag.py
[2025-08-31T18:32:22.441+0000] {logging_mixin.py:190} INFO - [2025-08-31T18:32:22.440+0000] {dag.py:3239} INFO - Sync 2 DAGs
[2025-08-31T18:32:22.452+0000] {logging_mixin.py:190} INFO - [2025-08-31T18:32:22.452+0000] {dag.py:4180} INFO - Setting next_dagrun for example_external_task_marker_child to None, run_after=None
[2025-08-31T18:32:22.455+0000] {logging_mixin.py:190} INFO - [2025-08-31T18:32:22.455+0000] {dag.py:4180} INFO - Setting next_dagrun for example_external_task_marker_parent to None, run_after=None
[2025-08-31T18:32:22.475+0000] {processor.py:208} INFO - Processing /home/krishnaformeera/Sumitomo/datapipeline/venv/lib/python3.11/site-packages/airflow/example_dags/example_external_task_marker_dag.py took 0.071 seconds
[2025-08-31T18:33:16.898+0000] {processor.py:186} INFO - Started process (PID=5374) to work on /home/krishnaformeera/Sumitomo/datapipeline/venv/lib/python3.11/site-packages/airflow/example_dags/example_external_task_marker_dag.py
[2025-08-31T18:33:16.899+0000] {processor.py:914} INFO - Processing file /home/krishnaformeera/Sumitomo/datapipeline/venv/lib/python3.11/site-packages/airflow/example_dags/example_external_task_marker_dag.py for tasks to queue
[2025-08-31T18:33:16.901+0000] {logging_mixin.py:190} INFO - [2025-08-31T18:33:16.901+0000] {dagbag.py:588} INFO - Filling up the DagBag from /home/krishnaformeera/Sumitomo/datapipeline/venv/lib/python3.11/site-packages/airflow/example_dags/example_external_task_marker_dag.py
[2025-08-31T18:33:16.909+0000] {processor.py:925} INFO - DAG(s) 'example_external_task_marker_child', 'example_external_task_marker_parent' retrieved from /home/krishnaformeera/Sumitomo/datapipeline/venv/lib/python3.11/site-packages/airflow/example_dags/example_external_task_marker_dag.py
[2025-08-31T18:33:16.927+0000] {logging_mixin.py:190} INFO - [2025-08-31T18:33:16.927+0000] {dag.py:3239} INFO - Sync 2 DAGs
[2025-08-31T18:33:17.045+0000] {logging_mixin.py:190} INFO - [2025-08-31T18:33:17.044+0000] {dag.py:4180} INFO - Setting next_dagrun for example_external_task_marker_child to None, run_after=None
[2025-08-31T18:33:17.047+0000] {logging_mixin.py:190} INFO - [2025-08-31T18:33:17.047+0000] {dag.py:4180} INFO - Setting next_dagrun for example_external_task_marker_parent to None, run_after=None
[2025-08-31T18:33:17.063+0000] {processor.py:208} INFO - Processing /home/krishnaformeera/Sumitomo/datapipeline/venv/lib/python3.11/site-packages/airflow/example_dags/example_external_task_marker_dag.py took 0.172 seconds
[2025-08-31T18:34:14.088+0000] {processor.py:186} INFO - Started process (PID=5431) to work on /home/krishnaformeera/Sumitomo/datapipeline/venv/lib/python3.11/site-packages/airflow/example_dags/example_external_task_marker_dag.py
[2025-08-31T18:34:14.089+0000] {processor.py:914} INFO - Processing file /home/krishnaformeera/Sumitomo/datapipeline/venv/lib/python3.11/site-packages/airflow/example_dags/example_external_task_marker_dag.py for tasks to queue
[2025-08-31T18:34:14.091+0000] {logging_mixin.py:190} INFO - [2025-08-31T18:34:14.091+0000] {dagbag.py:588} INFO - Filling up the DagBag from /home/krishnaformeera/Sumitomo/datapipeline/venv/lib/python3.11/site-packages/airflow/example_dags/example_external_task_marker_dag.py
[2025-08-31T18:34:14.100+0000] {processor.py:925} INFO - DAG(s) 'example_external_task_marker_child', 'example_external_task_marker_parent' retrieved from /home/krishnaformeera/Sumitomo/datapipeline/venv/lib/python3.11/site-packages/airflow/example_dags/example_external_task_marker_dag.py
[2025-08-31T18:34:14.118+0000] {logging_mixin.py:190} INFO - [2025-08-31T18:34:14.117+0000] {dag.py:3239} INFO - Sync 2 DAGs
[2025-08-31T18:34:14.129+0000] {logging_mixin.py:190} INFO - [2025-08-31T18:34:14.129+0000] {dag.py:4180} INFO - Setting next_dagrun for example_external_task_marker_child to None, run_after=None
[2025-08-31T18:34:14.132+0000] {logging_mixin.py:190} INFO - [2025-08-31T18:34:14.132+0000] {dag.py:4180} INFO - Setting next_dagrun for example_external_task_marker_parent to None, run_after=None
[2025-08-31T18:34:14.154+0000] {processor.py:208} INFO - Processing /home/krishnaformeera/Sumitomo/datapipeline/venv/lib/python3.11/site-packages/airflow/example_dags/example_external_task_marker_dag.py took 0.072 seconds
[2025-08-31T18:35:08.305+0000] {processor.py:186} INFO - Started process (PID=5486) to work on /home/krishnaformeera/Sumitomo/datapipeline/venv/lib/python3.11/site-packages/airflow/example_dags/example_external_task_marker_dag.py
[2025-08-31T18:35:08.307+0000] {processor.py:914} INFO - Processing file /home/krishnaformeera/Sumitomo/datapipeline/venv/lib/python3.11/site-packages/airflow/example_dags/example_external_task_marker_dag.py for tasks to queue
[2025-08-31T18:35:08.310+0000] {logging_mixin.py:190} INFO - [2025-08-31T18:35:08.309+0000] {dagbag.py:588} INFO - Filling up the DagBag from /home/krishnaformeera/Sumitomo/datapipeline/venv/lib/python3.11/site-packages/airflow/example_dags/example_external_task_marker_dag.py
[2025-08-31T18:35:08.320+0000] {processor.py:925} INFO - DAG(s) 'example_external_task_marker_child', 'example_external_task_marker_parent' retrieved from /home/krishnaformeera/Sumitomo/datapipeline/venv/lib/python3.11/site-packages/airflow/example_dags/example_external_task_marker_dag.py
[2025-08-31T18:35:08.342+0000] {logging_mixin.py:190} INFO - [2025-08-31T18:35:08.341+0000] {dag.py:3239} INFO - Sync 2 DAGs
[2025-08-31T18:35:08.356+0000] {logging_mixin.py:190} INFO - [2025-08-31T18:35:08.355+0000] {dag.py:4180} INFO - Setting next_dagrun for example_external_task_marker_child to None, run_after=None
[2025-08-31T18:35:08.359+0000] {logging_mixin.py:190} INFO - [2025-08-31T18:35:08.358+0000] {dag.py:4180} INFO - Setting next_dagrun for example_external_task_marker_parent to None, run_after=None
[2025-08-31T18:35:08.381+0000] {processor.py:208} INFO - Processing /home/krishnaformeera/Sumitomo/datapipeline/venv/lib/python3.11/site-packages/airflow/example_dags/example_external_task_marker_dag.py took 0.084 seconds
[2025-08-31T18:35:58.769+0000] {processor.py:186} INFO - Started process (PID=5550) to work on /home/krishnaformeera/Sumitomo/datapipeline/venv/lib/python3.11/site-packages/airflow/example_dags/example_external_task_marker_dag.py
[2025-08-31T18:35:58.770+0000] {processor.py:914} INFO - Processing file /home/krishnaformeera/Sumitomo/datapipeline/venv/lib/python3.11/site-packages/airflow/example_dags/example_external_task_marker_dag.py for tasks to queue
[2025-08-31T18:35:58.773+0000] {logging_mixin.py:190} INFO - [2025-08-31T18:35:58.773+0000] {dagbag.py:588} INFO - Filling up the DagBag from /home/krishnaformeera/Sumitomo/datapipeline/venv/lib/python3.11/site-packages/airflow/example_dags/example_external_task_marker_dag.py
[2025-08-31T18:35:58.783+0000] {processor.py:925} INFO - DAG(s) 'example_external_task_marker_parent', 'example_external_task_marker_child' retrieved from /home/krishnaformeera/Sumitomo/datapipeline/venv/lib/python3.11/site-packages/airflow/example_dags/example_external_task_marker_dag.py
[2025-08-31T18:35:58.805+0000] {logging_mixin.py:190} INFO - [2025-08-31T18:35:58.804+0000] {dag.py:3239} INFO - Sync 2 DAGs
[2025-08-31T18:35:58.818+0000] {logging_mixin.py:190} INFO - [2025-08-31T18:35:58.817+0000] {dag.py:4180} INFO - Setting next_dagrun for example_external_task_marker_child to None, run_after=None
[2025-08-31T18:35:58.821+0000] {logging_mixin.py:190} INFO - [2025-08-31T18:35:58.820+0000] {dag.py:4180} INFO - Setting next_dagrun for example_external_task_marker_parent to None, run_after=None
[2025-08-31T18:35:58.843+0000] {processor.py:208} INFO - Processing /home/krishnaformeera/Sumitomo/datapipeline/venv/lib/python3.11/site-packages/airflow/example_dags/example_external_task_marker_dag.py took 0.081 seconds
[2025-08-31T18:36:48.699+0000] {processor.py:186} INFO - Started process (PID=5615) to work on /home/krishnaformeera/Sumitomo/datapipeline/venv/lib/python3.11/site-packages/airflow/example_dags/example_external_task_marker_dag.py
[2025-08-31T18:36:48.700+0000] {processor.py:914} INFO - Processing file /home/krishnaformeera/Sumitomo/datapipeline/venv/lib/python3.11/site-packages/airflow/example_dags/example_external_task_marker_dag.py for tasks to queue
[2025-08-31T18:36:48.703+0000] {logging_mixin.py:190} INFO - [2025-08-31T18:36:48.702+0000] {dagbag.py:588} INFO - Filling up the DagBag from /home/krishnaformeera/Sumitomo/datapipeline/venv/lib/python3.11/site-packages/airflow/example_dags/example_external_task_marker_dag.py
[2025-08-31T18:36:48.713+0000] {processor.py:925} INFO - DAG(s) 'example_external_task_marker_parent', 'example_external_task_marker_child' retrieved from /home/krishnaformeera/Sumitomo/datapipeline/venv/lib/python3.11/site-packages/airflow/example_dags/example_external_task_marker_dag.py
[2025-08-31T18:36:48.734+0000] {logging_mixin.py:190} INFO - [2025-08-31T18:36:48.733+0000] {dag.py:3239} INFO - Sync 2 DAGs
[2025-08-31T18:36:48.747+0000] {logging_mixin.py:190} INFO - [2025-08-31T18:36:48.747+0000] {dag.py:4180} INFO - Setting next_dagrun for example_external_task_marker_child to None, run_after=None
[2025-08-31T18:36:48.750+0000] {logging_mixin.py:190} INFO - [2025-08-31T18:36:48.750+0000] {dag.py:4180} INFO - Setting next_dagrun for example_external_task_marker_parent to None, run_after=None
[2025-08-31T18:36:48.773+0000] {processor.py:208} INFO - Processing /home/krishnaformeera/Sumitomo/datapipeline/venv/lib/python3.11/site-packages/airflow/example_dags/example_external_task_marker_dag.py took 0.081 seconds
[2025-08-31T18:37:40.309+0000] {processor.py:186} INFO - Started process (PID=5667) to work on /home/krishnaformeera/Sumitomo/datapipeline/venv/lib/python3.11/site-packages/airflow/example_dags/example_external_task_marker_dag.py
[2025-08-31T18:37:40.310+0000] {processor.py:914} INFO - Processing file /home/krishnaformeera/Sumitomo/datapipeline/venv/lib/python3.11/site-packages/airflow/example_dags/example_external_task_marker_dag.py for tasks to queue
[2025-08-31T18:37:40.313+0000] {logging_mixin.py:190} INFO - [2025-08-31T18:37:40.312+0000] {dagbag.py:588} INFO - Filling up the DagBag from /home/krishnaformeera/Sumitomo/datapipeline/venv/lib/python3.11/site-packages/airflow/example_dags/example_external_task_marker_dag.py
[2025-08-31T18:37:40.323+0000] {processor.py:925} INFO - DAG(s) 'example_external_task_marker_child', 'example_external_task_marker_parent' retrieved from /home/krishnaformeera/Sumitomo/datapipeline/venv/lib/python3.11/site-packages/airflow/example_dags/example_external_task_marker_dag.py
[2025-08-31T18:37:40.344+0000] {logging_mixin.py:190} INFO - [2025-08-31T18:37:40.344+0000] {dag.py:3239} INFO - Sync 2 DAGs
[2025-08-31T18:37:40.358+0000] {logging_mixin.py:190} INFO - [2025-08-31T18:37:40.358+0000] {dag.py:4180} INFO - Setting next_dagrun for example_external_task_marker_child to None, run_after=None
[2025-08-31T18:37:40.361+0000] {logging_mixin.py:190} INFO - [2025-08-31T18:37:40.361+0000] {dag.py:4180} INFO - Setting next_dagrun for example_external_task_marker_parent to None, run_after=None
[2025-08-31T18:37:40.383+0000] {processor.py:208} INFO - Processing /home/krishnaformeera/Sumitomo/datapipeline/venv/lib/python3.11/site-packages/airflow/example_dags/example_external_task_marker_dag.py took 0.081 seconds
[2025-08-31T18:40:29.406+0000] {processor.py:186} INFO - Started process (PID=6213) to work on /home/krishnaformeera/Sumitomo/datapipeline/venv/lib/python3.11/site-packages/airflow/example_dags/example_external_task_marker_dag.py
[2025-08-31T18:40:29.407+0000] {processor.py:914} INFO - Processing file /home/krishnaformeera/Sumitomo/datapipeline/venv/lib/python3.11/site-packages/airflow/example_dags/example_external_task_marker_dag.py for tasks to queue
[2025-08-31T18:40:29.410+0000] {logging_mixin.py:190} INFO - [2025-08-31T18:40:29.410+0000] {dagbag.py:588} INFO - Filling up the DagBag from /home/krishnaformeera/Sumitomo/datapipeline/venv/lib/python3.11/site-packages/airflow/example_dags/example_external_task_marker_dag.py
[2025-08-31T18:40:29.419+0000] {processor.py:925} INFO - DAG(s) 'example_external_task_marker_parent', 'example_external_task_marker_child' retrieved from /home/krishnaformeera/Sumitomo/datapipeline/venv/lib/python3.11/site-packages/airflow/example_dags/example_external_task_marker_dag.py
[2025-08-31T18:40:29.436+0000] {logging_mixin.py:190} INFO - [2025-08-31T18:40:29.436+0000] {dag.py:3239} INFO - Sync 2 DAGs
[2025-08-31T18:40:29.447+0000] {logging_mixin.py:190} INFO - [2025-08-31T18:40:29.447+0000] {dag.py:4180} INFO - Setting next_dagrun for example_external_task_marker_child to None, run_after=None
[2025-08-31T18:40:29.450+0000] {logging_mixin.py:190} INFO - [2025-08-31T18:40:29.450+0000] {dag.py:4180} INFO - Setting next_dagrun for example_external_task_marker_parent to None, run_after=None
[2025-08-31T18:40:29.470+0000] {processor.py:208} INFO - Processing /home/krishnaformeera/Sumitomo/datapipeline/venv/lib/python3.11/site-packages/airflow/example_dags/example_external_task_marker_dag.py took 0.070 seconds
[2025-08-31T18:41:23.443+0000] {processor.py:186} INFO - Started process (PID=6388) to work on /home/krishnaformeera/Sumitomo/datapipeline/venv/lib/python3.11/site-packages/airflow/example_dags/example_external_task_marker_dag.py
[2025-08-31T18:41:23.445+0000] {processor.py:914} INFO - Processing file /home/krishnaformeera/Sumitomo/datapipeline/venv/lib/python3.11/site-packages/airflow/example_dags/example_external_task_marker_dag.py for tasks to queue
[2025-08-31T18:41:23.447+0000] {logging_mixin.py:190} INFO - [2025-08-31T18:41:23.447+0000] {dagbag.py:588} INFO - Filling up the DagBag from /home/krishnaformeera/Sumitomo/datapipeline/venv/lib/python3.11/site-packages/airflow/example_dags/example_external_task_marker_dag.py
[2025-08-31T18:41:23.459+0000] {processor.py:925} INFO - DAG(s) 'example_external_task_marker_parent', 'example_external_task_marker_child' retrieved from /home/krishnaformeera/Sumitomo/datapipeline/venv/lib/python3.11/site-packages/airflow/example_dags/example_external_task_marker_dag.py
[2025-08-31T18:41:23.486+0000] {logging_mixin.py:190} INFO - [2025-08-31T18:41:23.485+0000] {dag.py:3239} INFO - Sync 2 DAGs
[2025-08-31T18:41:23.505+0000] {logging_mixin.py:190} INFO - [2025-08-31T18:41:23.505+0000] {dag.py:4180} INFO - Setting next_dagrun for example_external_task_marker_child to None, run_after=None
[2025-08-31T18:41:23.510+0000] {logging_mixin.py:190} INFO - [2025-08-31T18:41:23.510+0000] {dag.py:4180} INFO - Setting next_dagrun for example_external_task_marker_parent to None, run_after=None
[2025-08-31T18:41:23.539+0000] {processor.py:208} INFO - Processing /home/krishnaformeera/Sumitomo/datapipeline/venv/lib/python3.11/site-packages/airflow/example_dags/example_external_task_marker_dag.py took 0.103 seconds
[2025-08-31T18:42:22.086+0000] {processor.py:186} INFO - Started process (PID=6578) to work on /home/krishnaformeera/Sumitomo/datapipeline/venv/lib/python3.11/site-packages/airflow/example_dags/example_external_task_marker_dag.py
[2025-08-31T18:42:22.087+0000] {processor.py:914} INFO - Processing file /home/krishnaformeera/Sumitomo/datapipeline/venv/lib/python3.11/site-packages/airflow/example_dags/example_external_task_marker_dag.py for tasks to queue
[2025-08-31T18:42:22.089+0000] {logging_mixin.py:190} INFO - [2025-08-31T18:42:22.088+0000] {dagbag.py:588} INFO - Filling up the DagBag from /home/krishnaformeera/Sumitomo/datapipeline/venv/lib/python3.11/site-packages/airflow/example_dags/example_external_task_marker_dag.py
[2025-08-31T18:42:22.097+0000] {processor.py:925} INFO - DAG(s) 'example_external_task_marker_parent', 'example_external_task_marker_child' retrieved from /home/krishnaformeera/Sumitomo/datapipeline/venv/lib/python3.11/site-packages/airflow/example_dags/example_external_task_marker_dag.py
[2025-08-31T18:42:22.115+0000] {logging_mixin.py:190} INFO - [2025-08-31T18:42:22.115+0000] {dag.py:3239} INFO - Sync 2 DAGs
[2025-08-31T18:42:22.218+0000] {logging_mixin.py:190} INFO - [2025-08-31T18:42:22.218+0000] {dag.py:4180} INFO - Setting next_dagrun for example_external_task_marker_child to None, run_after=None
[2025-08-31T18:42:22.221+0000] {logging_mixin.py:190} INFO - [2025-08-31T18:42:22.221+0000] {dag.py:4180} INFO - Setting next_dagrun for example_external_task_marker_parent to None, run_after=None
[2025-08-31T18:42:22.241+0000] {processor.py:208} INFO - Processing /home/krishnaformeera/Sumitomo/datapipeline/venv/lib/python3.11/site-packages/airflow/example_dags/example_external_task_marker_dag.py took 0.161 seconds
[2025-08-31T18:43:22.753+0000] {processor.py:186} INFO - Started process (PID=6837) to work on /home/krishnaformeera/Sumitomo/datapipeline/venv/lib/python3.11/site-packages/airflow/example_dags/example_external_task_marker_dag.py
[2025-08-31T18:43:22.755+0000] {processor.py:914} INFO - Processing file /home/krishnaformeera/Sumitomo/datapipeline/venv/lib/python3.11/site-packages/airflow/example_dags/example_external_task_marker_dag.py for tasks to queue
[2025-08-31T18:43:22.757+0000] {logging_mixin.py:190} INFO - [2025-08-31T18:43:22.757+0000] {dagbag.py:588} INFO - Filling up the DagBag from /home/krishnaformeera/Sumitomo/datapipeline/venv/lib/python3.11/site-packages/airflow/example_dags/example_external_task_marker_dag.py
[2025-08-31T18:43:22.768+0000] {processor.py:925} INFO - DAG(s) 'example_external_task_marker_parent', 'example_external_task_marker_child' retrieved from /home/krishnaformeera/Sumitomo/datapipeline/venv/lib/python3.11/site-packages/airflow/example_dags/example_external_task_marker_dag.py
[2025-08-31T18:43:22.790+0000] {logging_mixin.py:190} INFO - [2025-08-31T18:43:22.789+0000] {dag.py:3239} INFO - Sync 2 DAGs
[2025-08-31T18:43:22.803+0000] {logging_mixin.py:190} INFO - [2025-08-31T18:43:22.803+0000] {dag.py:4180} INFO - Setting next_dagrun for example_external_task_marker_child to None, run_after=None
[2025-08-31T18:43:22.806+0000] {logging_mixin.py:190} INFO - [2025-08-31T18:43:22.806+0000] {dag.py:4180} INFO - Setting next_dagrun for example_external_task_marker_parent to None, run_after=None
[2025-08-31T18:43:22.828+0000] {processor.py:208} INFO - Processing /home/krishnaformeera/Sumitomo/datapipeline/venv/lib/python3.11/site-packages/airflow/example_dags/example_external_task_marker_dag.py took 0.084 seconds
[2025-08-31T18:44:15.523+0000] {processor.py:186} INFO - Started process (PID=7060) to work on /home/krishnaformeera/Sumitomo/datapipeline/venv/lib/python3.11/site-packages/airflow/example_dags/example_external_task_marker_dag.py
[2025-08-31T18:44:15.524+0000] {processor.py:914} INFO - Processing file /home/krishnaformeera/Sumitomo/datapipeline/venv/lib/python3.11/site-packages/airflow/example_dags/example_external_task_marker_dag.py for tasks to queue
[2025-08-31T18:44:15.528+0000] {logging_mixin.py:190} INFO - [2025-08-31T18:44:15.527+0000] {dagbag.py:588} INFO - Filling up the DagBag from /home/krishnaformeera/Sumitomo/datapipeline/venv/lib/python3.11/site-packages/airflow/example_dags/example_external_task_marker_dag.py
[2025-08-31T18:44:15.540+0000] {processor.py:925} INFO - DAG(s) 'example_external_task_marker_parent', 'example_external_task_marker_child' retrieved from /home/krishnaformeera/Sumitomo/datapipeline/venv/lib/python3.11/site-packages/airflow/example_dags/example_external_task_marker_dag.py
[2025-08-31T18:44:15.561+0000] {logging_mixin.py:190} INFO - [2025-08-31T18:44:15.561+0000] {dag.py:3239} INFO - Sync 2 DAGs
[2025-08-31T18:44:15.576+0000] {logging_mixin.py:190} INFO - [2025-08-31T18:44:15.576+0000] {dag.py:4180} INFO - Setting next_dagrun for example_external_task_marker_child to None, run_after=None
[2025-08-31T18:44:15.579+0000] {logging_mixin.py:190} INFO - [2025-08-31T18:44:15.578+0000] {dag.py:4180} INFO - Setting next_dagrun for example_external_task_marker_parent to None, run_after=None
[2025-08-31T18:44:15.603+0000] {processor.py:208} INFO - Processing /home/krishnaformeera/Sumitomo/datapipeline/venv/lib/python3.11/site-packages/airflow/example_dags/example_external_task_marker_dag.py took 0.089 seconds
[2025-08-31T18:45:06.258+0000] {processor.py:186} INFO - Started process (PID=7316) to work on /home/krishnaformeera/Sumitomo/datapipeline/venv/lib/python3.11/site-packages/airflow/example_dags/example_external_task_marker_dag.py
[2025-08-31T18:45:06.260+0000] {processor.py:914} INFO - Processing file /home/krishnaformeera/Sumitomo/datapipeline/venv/lib/python3.11/site-packages/airflow/example_dags/example_external_task_marker_dag.py for tasks to queue
[2025-08-31T18:45:06.262+0000] {logging_mixin.py:190} INFO - [2025-08-31T18:45:06.261+0000] {dagbag.py:588} INFO - Filling up the DagBag from /home/krishnaformeera/Sumitomo/datapipeline/venv/lib/python3.11/site-packages/airflow/example_dags/example_external_task_marker_dag.py
[2025-08-31T18:45:06.272+0000] {processor.py:925} INFO - DAG(s) 'example_external_task_marker_child', 'example_external_task_marker_parent' retrieved from /home/krishnaformeera/Sumitomo/datapipeline/venv/lib/python3.11/site-packages/airflow/example_dags/example_external_task_marker_dag.py
[2025-08-31T18:45:06.292+0000] {logging_mixin.py:190} INFO - [2025-08-31T18:45:06.292+0000] {dag.py:3239} INFO - Sync 2 DAGs
[2025-08-31T18:45:06.305+0000] {logging_mixin.py:190} INFO - [2025-08-31T18:45:06.305+0000] {dag.py:4180} INFO - Setting next_dagrun for example_external_task_marker_child to None, run_after=None
[2025-08-31T18:45:06.309+0000] {logging_mixin.py:190} INFO - [2025-08-31T18:45:06.309+0000] {dag.py:4180} INFO - Setting next_dagrun for example_external_task_marker_parent to None, run_after=None
[2025-08-31T18:45:06.333+0000] {processor.py:208} INFO - Processing /home/krishnaformeera/Sumitomo/datapipeline/venv/lib/python3.11/site-packages/airflow/example_dags/example_external_task_marker_dag.py took 0.083 seconds
[2025-08-31T18:45:57.137+0000] {processor.py:186} INFO - Started process (PID=7602) to work on /home/krishnaformeera/Sumitomo/datapipeline/venv/lib/python3.11/site-packages/airflow/example_dags/example_external_task_marker_dag.py
[2025-08-31T18:45:57.140+0000] {processor.py:914} INFO - Processing file /home/krishnaformeera/Sumitomo/datapipeline/venv/lib/python3.11/site-packages/airflow/example_dags/example_external_task_marker_dag.py for tasks to queue
[2025-08-31T18:45:57.143+0000] {logging_mixin.py:190} INFO - [2025-08-31T18:45:57.142+0000] {dagbag.py:588} INFO - Filling up the DagBag from /home/krishnaformeera/Sumitomo/datapipeline/venv/lib/python3.11/site-packages/airflow/example_dags/example_external_task_marker_dag.py
[2025-08-31T18:45:57.152+0000] {processor.py:925} INFO - DAG(s) 'example_external_task_marker_child', 'example_external_task_marker_parent' retrieved from /home/krishnaformeera/Sumitomo/datapipeline/venv/lib/python3.11/site-packages/airflow/example_dags/example_external_task_marker_dag.py
[2025-08-31T18:45:57.171+0000] {logging_mixin.py:190} INFO - [2025-08-31T18:45:57.171+0000] {dag.py:3239} INFO - Sync 2 DAGs
[2025-08-31T18:45:57.184+0000] {logging_mixin.py:190} INFO - [2025-08-31T18:45:57.184+0000] {dag.py:4180} INFO - Setting next_dagrun for example_external_task_marker_child to None, run_after=None
[2025-08-31T18:45:57.187+0000] {logging_mixin.py:190} INFO - [2025-08-31T18:45:57.187+0000] {dag.py:4180} INFO - Setting next_dagrun for example_external_task_marker_parent to None, run_after=None
[2025-08-31T18:45:57.209+0000] {processor.py:208} INFO - Processing /home/krishnaformeera/Sumitomo/datapipeline/venv/lib/python3.11/site-packages/airflow/example_dags/example_external_task_marker_dag.py took 0.078 seconds
[2025-08-31T18:46:50.331+0000] {processor.py:186} INFO - Started process (PID=7756) to work on /home/krishnaformeera/Sumitomo/datapipeline/venv/lib/python3.11/site-packages/airflow/example_dags/example_external_task_marker_dag.py
[2025-08-31T18:46:50.334+0000] {processor.py:914} INFO - Processing file /home/krishnaformeera/Sumitomo/datapipeline/venv/lib/python3.11/site-packages/airflow/example_dags/example_external_task_marker_dag.py for tasks to queue
[2025-08-31T18:46:50.337+0000] {logging_mixin.py:190} INFO - [2025-08-31T18:46:50.337+0000] {dagbag.py:588} INFO - Filling up the DagBag from /home/krishnaformeera/Sumitomo/datapipeline/venv/lib/python3.11/site-packages/airflow/example_dags/example_external_task_marker_dag.py
[2025-08-31T18:46:50.346+0000] {processor.py:925} INFO - DAG(s) 'example_external_task_marker_child', 'example_external_task_marker_parent' retrieved from /home/krishnaformeera/Sumitomo/datapipeline/venv/lib/python3.11/site-packages/airflow/example_dags/example_external_task_marker_dag.py
[2025-08-31T18:46:50.367+0000] {logging_mixin.py:190} INFO - [2025-08-31T18:46:50.367+0000] {dag.py:3239} INFO - Sync 2 DAGs
[2025-08-31T18:46:50.380+0000] {logging_mixin.py:190} INFO - [2025-08-31T18:46:50.380+0000] {dag.py:4180} INFO - Setting next_dagrun for example_external_task_marker_child to None, run_after=None
[2025-08-31T18:46:50.383+0000] {logging_mixin.py:190} INFO - [2025-08-31T18:46:50.383+0000] {dag.py:4180} INFO - Setting next_dagrun for example_external_task_marker_parent to None, run_after=None
[2025-08-31T18:46:50.401+0000] {processor.py:208} INFO - Processing /home/krishnaformeera/Sumitomo/datapipeline/venv/lib/python3.11/site-packages/airflow/example_dags/example_external_task_marker_dag.py took 0.077 seconds
[2025-08-31T18:47:42.176+0000] {processor.py:186} INFO - Started process (PID=7812) to work on /home/krishnaformeera/Sumitomo/datapipeline/venv/lib/python3.11/site-packages/airflow/example_dags/example_external_task_marker_dag.py
[2025-08-31T18:47:42.178+0000] {processor.py:914} INFO - Processing file /home/krishnaformeera/Sumitomo/datapipeline/venv/lib/python3.11/site-packages/airflow/example_dags/example_external_task_marker_dag.py for tasks to queue
[2025-08-31T18:47:42.181+0000] {logging_mixin.py:190} INFO - [2025-08-31T18:47:42.180+0000] {dagbag.py:588} INFO - Filling up the DagBag from /home/krishnaformeera/Sumitomo/datapipeline/venv/lib/python3.11/site-packages/airflow/example_dags/example_external_task_marker_dag.py
[2025-08-31T18:47:42.192+0000] {processor.py:925} INFO - DAG(s) 'example_external_task_marker_child', 'example_external_task_marker_parent' retrieved from /home/krishnaformeera/Sumitomo/datapipeline/venv/lib/python3.11/site-packages/airflow/example_dags/example_external_task_marker_dag.py
[2025-08-31T18:47:42.220+0000] {logging_mixin.py:190} INFO - [2025-08-31T18:47:42.220+0000] {dag.py:3239} INFO - Sync 2 DAGs
[2025-08-31T18:47:42.240+0000] {logging_mixin.py:190} INFO - [2025-08-31T18:47:42.240+0000] {dag.py:4180} INFO - Setting next_dagrun for example_external_task_marker_child to None, run_after=None
[2025-08-31T18:47:42.246+0000] {logging_mixin.py:190} INFO - [2025-08-31T18:47:42.245+0000] {dag.py:4180} INFO - Setting next_dagrun for example_external_task_marker_parent to None, run_after=None
[2025-08-31T18:47:42.281+0000] {processor.py:208} INFO - Processing /home/krishnaformeera/Sumitomo/datapipeline/venv/lib/python3.11/site-packages/airflow/example_dags/example_external_task_marker_dag.py took 0.116 seconds
[2025-08-31T18:48:32.832+0000] {processor.py:186} INFO - Started process (PID=7865) to work on /home/krishnaformeera/Sumitomo/datapipeline/venv/lib/python3.11/site-packages/airflow/example_dags/example_external_task_marker_dag.py
[2025-08-31T18:48:32.833+0000] {processor.py:914} INFO - Processing file /home/krishnaformeera/Sumitomo/datapipeline/venv/lib/python3.11/site-packages/airflow/example_dags/example_external_task_marker_dag.py for tasks to queue
[2025-08-31T18:48:32.835+0000] {logging_mixin.py:190} INFO - [2025-08-31T18:48:32.835+0000] {dagbag.py:588} INFO - Filling up the DagBag from /home/krishnaformeera/Sumitomo/datapipeline/venv/lib/python3.11/site-packages/airflow/example_dags/example_external_task_marker_dag.py
[2025-08-31T18:48:32.843+0000] {processor.py:925} INFO - DAG(s) 'example_external_task_marker_parent', 'example_external_task_marker_child' retrieved from /home/krishnaformeera/Sumitomo/datapipeline/venv/lib/python3.11/site-packages/airflow/example_dags/example_external_task_marker_dag.py
[2025-08-31T18:48:32.861+0000] {logging_mixin.py:190} INFO - [2025-08-31T18:48:32.861+0000] {dag.py:3239} INFO - Sync 2 DAGs
[2025-08-31T18:48:32.872+0000] {logging_mixin.py:190} INFO - [2025-08-31T18:48:32.872+0000] {dag.py:4180} INFO - Setting next_dagrun for example_external_task_marker_child to None, run_after=None
[2025-08-31T18:48:32.875+0000] {logging_mixin.py:190} INFO - [2025-08-31T18:48:32.875+0000] {dag.py:4180} INFO - Setting next_dagrun for example_external_task_marker_parent to None, run_after=None
[2025-08-31T18:48:32.894+0000] {processor.py:208} INFO - Processing /home/krishnaformeera/Sumitomo/datapipeline/venv/lib/python3.11/site-packages/airflow/example_dags/example_external_task_marker_dag.py took 0.069 seconds
[2025-08-31T18:49:23.608+0000] {processor.py:186} INFO - Started process (PID=7924) to work on /home/krishnaformeera/Sumitomo/datapipeline/venv/lib/python3.11/site-packages/airflow/example_dags/example_external_task_marker_dag.py
[2025-08-31T18:49:23.609+0000] {processor.py:914} INFO - Processing file /home/krishnaformeera/Sumitomo/datapipeline/venv/lib/python3.11/site-packages/airflow/example_dags/example_external_task_marker_dag.py for tasks to queue
[2025-08-31T18:49:23.613+0000] {logging_mixin.py:190} INFO - [2025-08-31T18:49:23.612+0000] {dagbag.py:588} INFO - Filling up the DagBag from /home/krishnaformeera/Sumitomo/datapipeline/venv/lib/python3.11/site-packages/airflow/example_dags/example_external_task_marker_dag.py
[2025-08-31T18:49:23.626+0000] {processor.py:925} INFO - DAG(s) 'example_external_task_marker_child', 'example_external_task_marker_parent' retrieved from /home/krishnaformeera/Sumitomo/datapipeline/venv/lib/python3.11/site-packages/airflow/example_dags/example_external_task_marker_dag.py
[2025-08-31T18:49:23.663+0000] {logging_mixin.py:190} INFO - [2025-08-31T18:49:23.663+0000] {dag.py:3239} INFO - Sync 2 DAGs
[2025-08-31T18:49:23.684+0000] {logging_mixin.py:190} INFO - [2025-08-31T18:49:23.684+0000] {dag.py:4180} INFO - Setting next_dagrun for example_external_task_marker_child to None, run_after=None
[2025-08-31T18:49:23.690+0000] {logging_mixin.py:190} INFO - [2025-08-31T18:49:23.689+0000] {dag.py:4180} INFO - Setting next_dagrun for example_external_task_marker_parent to None, run_after=None
[2025-08-31T18:49:23.724+0000] {processor.py:208} INFO - Processing /home/krishnaformeera/Sumitomo/datapipeline/venv/lib/python3.11/site-packages/airflow/example_dags/example_external_task_marker_dag.py took 0.124 seconds
[2025-08-31T18:50:15.520+0000] {processor.py:186} INFO - Started process (PID=8036) to work on /home/krishnaformeera/Sumitomo/datapipeline/venv/lib/python3.11/site-packages/airflow/example_dags/example_external_task_marker_dag.py
[2025-08-31T18:50:15.522+0000] {processor.py:914} INFO - Processing file /home/krishnaformeera/Sumitomo/datapipeline/venv/lib/python3.11/site-packages/airflow/example_dags/example_external_task_marker_dag.py for tasks to queue
[2025-08-31T18:50:15.525+0000] {logging_mixin.py:190} INFO - [2025-08-31T18:50:15.524+0000] {dagbag.py:588} INFO - Filling up the DagBag from /home/krishnaformeera/Sumitomo/datapipeline/venv/lib/python3.11/site-packages/airflow/example_dags/example_external_task_marker_dag.py
[2025-08-31T18:50:15.537+0000] {processor.py:925} INFO - DAG(s) 'example_external_task_marker_child', 'example_external_task_marker_parent' retrieved from /home/krishnaformeera/Sumitomo/datapipeline/venv/lib/python3.11/site-packages/airflow/example_dags/example_external_task_marker_dag.py
[2025-08-31T18:50:15.561+0000] {logging_mixin.py:190} INFO - [2025-08-31T18:50:15.561+0000] {dag.py:3239} INFO - Sync 2 DAGs
[2025-08-31T18:50:15.578+0000] {logging_mixin.py:190} INFO - [2025-08-31T18:50:15.578+0000] {dag.py:4180} INFO - Setting next_dagrun for example_external_task_marker_child to None, run_after=None
[2025-08-31T18:50:15.582+0000] {logging_mixin.py:190} INFO - [2025-08-31T18:50:15.581+0000] {dag.py:4180} INFO - Setting next_dagrun for example_external_task_marker_parent to None, run_after=None
[2025-08-31T18:50:15.609+0000] {processor.py:208} INFO - Processing /home/krishnaformeera/Sumitomo/datapipeline/venv/lib/python3.11/site-packages/airflow/example_dags/example_external_task_marker_dag.py took 0.103 seconds
[2025-08-31T18:51:08.773+0000] {processor.py:186} INFO - Started process (PID=8107) to work on /home/krishnaformeera/Sumitomo/datapipeline/venv/lib/python3.11/site-packages/airflow/example_dags/example_external_task_marker_dag.py
[2025-08-31T18:51:08.774+0000] {processor.py:914} INFO - Processing file /home/krishnaformeera/Sumitomo/datapipeline/venv/lib/python3.11/site-packages/airflow/example_dags/example_external_task_marker_dag.py for tasks to queue
[2025-08-31T18:51:08.776+0000] {logging_mixin.py:190} INFO - [2025-08-31T18:51:08.776+0000] {dagbag.py:588} INFO - Filling up the DagBag from /home/krishnaformeera/Sumitomo/datapipeline/venv/lib/python3.11/site-packages/airflow/example_dags/example_external_task_marker_dag.py
[2025-08-31T18:51:08.785+0000] {processor.py:925} INFO - DAG(s) 'example_external_task_marker_parent', 'example_external_task_marker_child' retrieved from /home/krishnaformeera/Sumitomo/datapipeline/venv/lib/python3.11/site-packages/airflow/example_dags/example_external_task_marker_dag.py
[2025-08-31T18:51:08.805+0000] {logging_mixin.py:190} INFO - [2025-08-31T18:51:08.804+0000] {dag.py:3239} INFO - Sync 2 DAGs
[2025-08-31T18:51:08.820+0000] {logging_mixin.py:190} INFO - [2025-08-31T18:51:08.820+0000] {dag.py:4180} INFO - Setting next_dagrun for example_external_task_marker_child to None, run_after=None
[2025-08-31T18:51:08.824+0000] {logging_mixin.py:190} INFO - [2025-08-31T18:51:08.823+0000] {dag.py:4180} INFO - Setting next_dagrun for example_external_task_marker_parent to None, run_after=None
[2025-08-31T18:51:08.850+0000] {processor.py:208} INFO - Processing /home/krishnaformeera/Sumitomo/datapipeline/venv/lib/python3.11/site-packages/airflow/example_dags/example_external_task_marker_dag.py took 0.084 seconds
[2025-08-31T18:51:57.154+0000] {processor.py:186} INFO - Started process (PID=8187) to work on /home/krishnaformeera/Sumitomo/datapipeline/venv/lib/python3.11/site-packages/airflow/example_dags/example_external_task_marker_dag.py
[2025-08-31T18:51:57.155+0000] {processor.py:914} INFO - Processing file /home/krishnaformeera/Sumitomo/datapipeline/venv/lib/python3.11/site-packages/airflow/example_dags/example_external_task_marker_dag.py for tasks to queue
[2025-08-31T18:51:57.157+0000] {logging_mixin.py:190} INFO - [2025-08-31T18:51:57.157+0000] {dagbag.py:588} INFO - Filling up the DagBag from /home/krishnaformeera/Sumitomo/datapipeline/venv/lib/python3.11/site-packages/airflow/example_dags/example_external_task_marker_dag.py
[2025-08-31T18:51:57.165+0000] {processor.py:925} INFO - DAG(s) 'example_external_task_marker_child', 'example_external_task_marker_parent' retrieved from /home/krishnaformeera/Sumitomo/datapipeline/venv/lib/python3.11/site-packages/airflow/example_dags/example_external_task_marker_dag.py
[2025-08-31T18:51:57.182+0000] {logging_mixin.py:190} INFO - [2025-08-31T18:51:57.182+0000] {dag.py:3239} INFO - Sync 2 DAGs
[2025-08-31T18:51:57.194+0000] {logging_mixin.py:190} INFO - [2025-08-31T18:51:57.193+0000] {dag.py:4180} INFO - Setting next_dagrun for example_external_task_marker_child to None, run_after=None
[2025-08-31T18:51:57.196+0000] {logging_mixin.py:190} INFO - [2025-08-31T18:51:57.196+0000] {dag.py:4180} INFO - Setting next_dagrun for example_external_task_marker_parent to None, run_after=None
[2025-08-31T18:51:57.216+0000] {processor.py:208} INFO - Processing /home/krishnaformeera/Sumitomo/datapipeline/venv/lib/python3.11/site-packages/airflow/example_dags/example_external_task_marker_dag.py took 0.067 seconds
[2025-08-31T18:52:47.579+0000] {processor.py:186} INFO - Started process (PID=8258) to work on /home/krishnaformeera/Sumitomo/datapipeline/venv/lib/python3.11/site-packages/airflow/example_dags/example_external_task_marker_dag.py
[2025-08-31T18:52:47.580+0000] {processor.py:914} INFO - Processing file /home/krishnaformeera/Sumitomo/datapipeline/venv/lib/python3.11/site-packages/airflow/example_dags/example_external_task_marker_dag.py for tasks to queue
[2025-08-31T18:52:47.583+0000] {logging_mixin.py:190} INFO - [2025-08-31T18:52:47.582+0000] {dagbag.py:588} INFO - Filling up the DagBag from /home/krishnaformeera/Sumitomo/datapipeline/venv/lib/python3.11/site-packages/airflow/example_dags/example_external_task_marker_dag.py
[2025-08-31T18:52:47.594+0000] {processor.py:925} INFO - DAG(s) 'example_external_task_marker_parent', 'example_external_task_marker_child' retrieved from /home/krishnaformeera/Sumitomo/datapipeline/venv/lib/python3.11/site-packages/airflow/example_dags/example_external_task_marker_dag.py
[2025-08-31T18:52:47.615+0000] {logging_mixin.py:190} INFO - [2025-08-31T18:52:47.615+0000] {dag.py:3239} INFO - Sync 2 DAGs
[2025-08-31T18:52:47.630+0000] {logging_mixin.py:190} INFO - [2025-08-31T18:52:47.630+0000] {dag.py:4180} INFO - Setting next_dagrun for example_external_task_marker_child to None, run_after=None
[2025-08-31T18:52:47.635+0000] {logging_mixin.py:190} INFO - [2025-08-31T18:52:47.635+0000] {dag.py:4180} INFO - Setting next_dagrun for example_external_task_marker_parent to None, run_after=None
[2025-08-31T18:52:47.663+0000] {processor.py:208} INFO - Processing /home/krishnaformeera/Sumitomo/datapipeline/venv/lib/python3.11/site-packages/airflow/example_dags/example_external_task_marker_dag.py took 0.093 seconds
[2025-08-31T18:54:00.233+0000] {processor.py:186} INFO - Started process (PID=8476) to work on /home/krishnaformeera/Sumitomo/datapipeline/venv/lib/python3.11/site-packages/airflow/example_dags/example_external_task_marker_dag.py
[2025-08-31T18:54:00.234+0000] {processor.py:914} INFO - Processing file /home/krishnaformeera/Sumitomo/datapipeline/venv/lib/python3.11/site-packages/airflow/example_dags/example_external_task_marker_dag.py for tasks to queue
[2025-08-31T18:54:00.237+0000] {logging_mixin.py:190} INFO - [2025-08-31T18:54:00.236+0000] {dagbag.py:588} INFO - Filling up the DagBag from /home/krishnaformeera/Sumitomo/datapipeline/venv/lib/python3.11/site-packages/airflow/example_dags/example_external_task_marker_dag.py
[2025-08-31T18:54:00.245+0000] {processor.py:925} INFO - DAG(s) 'example_external_task_marker_parent', 'example_external_task_marker_child' retrieved from /home/krishnaformeera/Sumitomo/datapipeline/venv/lib/python3.11/site-packages/airflow/example_dags/example_external_task_marker_dag.py
[2025-08-31T18:54:00.264+0000] {logging_mixin.py:190} INFO - [2025-08-31T18:54:00.263+0000] {dag.py:3239} INFO - Sync 2 DAGs
[2025-08-31T18:54:00.275+0000] {logging_mixin.py:190} INFO - [2025-08-31T18:54:00.275+0000] {dag.py:4180} INFO - Setting next_dagrun for example_external_task_marker_child to None, run_after=None
[2025-08-31T18:54:00.278+0000] {logging_mixin.py:190} INFO - [2025-08-31T18:54:00.278+0000] {dag.py:4180} INFO - Setting next_dagrun for example_external_task_marker_parent to None, run_after=None
[2025-08-31T18:54:00.298+0000] {processor.py:208} INFO - Processing /home/krishnaformeera/Sumitomo/datapipeline/venv/lib/python3.11/site-packages/airflow/example_dags/example_external_task_marker_dag.py took 0.073 seconds
[2025-08-31T18:54:50.363+0000] {processor.py:186} INFO - Started process (PID=8528) to work on /home/krishnaformeera/Sumitomo/datapipeline/venv/lib/python3.11/site-packages/airflow/example_dags/example_external_task_marker_dag.py
[2025-08-31T18:54:50.364+0000] {processor.py:914} INFO - Processing file /home/krishnaformeera/Sumitomo/datapipeline/venv/lib/python3.11/site-packages/airflow/example_dags/example_external_task_marker_dag.py for tasks to queue
[2025-08-31T18:54:50.366+0000] {logging_mixin.py:190} INFO - [2025-08-31T18:54:50.366+0000] {dagbag.py:588} INFO - Filling up the DagBag from /home/krishnaformeera/Sumitomo/datapipeline/venv/lib/python3.11/site-packages/airflow/example_dags/example_external_task_marker_dag.py
[2025-08-31T18:54:50.375+0000] {processor.py:925} INFO - DAG(s) 'example_external_task_marker_parent', 'example_external_task_marker_child' retrieved from /home/krishnaformeera/Sumitomo/datapipeline/venv/lib/python3.11/site-packages/airflow/example_dags/example_external_task_marker_dag.py
[2025-08-31T18:54:50.393+0000] {logging_mixin.py:190} INFO - [2025-08-31T18:54:50.393+0000] {dag.py:3239} INFO - Sync 2 DAGs
[2025-08-31T18:54:50.405+0000] {logging_mixin.py:190} INFO - [2025-08-31T18:54:50.405+0000] {dag.py:4180} INFO - Setting next_dagrun for example_external_task_marker_child to None, run_after=None
[2025-08-31T18:54:50.408+0000] {logging_mixin.py:190} INFO - [2025-08-31T18:54:50.408+0000] {dag.py:4180} INFO - Setting next_dagrun for example_external_task_marker_parent to None, run_after=None
[2025-08-31T18:54:50.427+0000] {processor.py:208} INFO - Processing /home/krishnaformeera/Sumitomo/datapipeline/venv/lib/python3.11/site-packages/airflow/example_dags/example_external_task_marker_dag.py took 0.070 seconds
[2025-08-31T18:55:44.761+0000] {processor.py:186} INFO - Started process (PID=8608) to work on /home/krishnaformeera/Sumitomo/datapipeline/venv/lib/python3.11/site-packages/airflow/example_dags/example_external_task_marker_dag.py
[2025-08-31T18:55:44.763+0000] {processor.py:914} INFO - Processing file /home/krishnaformeera/Sumitomo/datapipeline/venv/lib/python3.11/site-packages/airflow/example_dags/example_external_task_marker_dag.py for tasks to queue
[2025-08-31T18:55:44.765+0000] {logging_mixin.py:190} INFO - [2025-08-31T18:55:44.764+0000] {dagbag.py:588} INFO - Filling up the DagBag from /home/krishnaformeera/Sumitomo/datapipeline/venv/lib/python3.11/site-packages/airflow/example_dags/example_external_task_marker_dag.py
[2025-08-31T18:55:44.773+0000] {processor.py:925} INFO - DAG(s) 'example_external_task_marker_parent', 'example_external_task_marker_child' retrieved from /home/krishnaformeera/Sumitomo/datapipeline/venv/lib/python3.11/site-packages/airflow/example_dags/example_external_task_marker_dag.py
[2025-08-31T18:55:44.795+0000] {logging_mixin.py:190} INFO - [2025-08-31T18:55:44.794+0000] {dag.py:3239} INFO - Sync 2 DAGs
[2025-08-31T18:55:44.809+0000] {logging_mixin.py:190} INFO - [2025-08-31T18:55:44.808+0000] {dag.py:4180} INFO - Setting next_dagrun for example_external_task_marker_child to None, run_after=None
[2025-08-31T18:55:44.812+0000] {logging_mixin.py:190} INFO - [2025-08-31T18:55:44.811+0000] {dag.py:4180} INFO - Setting next_dagrun for example_external_task_marker_parent to None, run_after=None
[2025-08-31T18:55:44.831+0000] {processor.py:208} INFO - Processing /home/krishnaformeera/Sumitomo/datapipeline/venv/lib/python3.11/site-packages/airflow/example_dags/example_external_task_marker_dag.py took 0.079 seconds
[2025-08-31T18:56:38.395+0000] {processor.py:186} INFO - Started process (PID=8677) to work on /home/krishnaformeera/Sumitomo/datapipeline/venv/lib/python3.11/site-packages/airflow/example_dags/example_external_task_marker_dag.py
[2025-08-31T18:56:38.396+0000] {processor.py:914} INFO - Processing file /home/krishnaformeera/Sumitomo/datapipeline/venv/lib/python3.11/site-packages/airflow/example_dags/example_external_task_marker_dag.py for tasks to queue
[2025-08-31T18:56:38.398+0000] {logging_mixin.py:190} INFO - [2025-08-31T18:56:38.398+0000] {dagbag.py:588} INFO - Filling up the DagBag from /home/krishnaformeera/Sumitomo/datapipeline/venv/lib/python3.11/site-packages/airflow/example_dags/example_external_task_marker_dag.py
[2025-08-31T18:56:38.407+0000] {processor.py:925} INFO - DAG(s) 'example_external_task_marker_parent', 'example_external_task_marker_child' retrieved from /home/krishnaformeera/Sumitomo/datapipeline/venv/lib/python3.11/site-packages/airflow/example_dags/example_external_task_marker_dag.py
[2025-08-31T18:56:38.428+0000] {logging_mixin.py:190} INFO - [2025-08-31T18:56:38.428+0000] {dag.py:3239} INFO - Sync 2 DAGs
[2025-08-31T18:56:38.450+0000] {logging_mixin.py:190} INFO - [2025-08-31T18:56:38.449+0000] {dag.py:4180} INFO - Setting next_dagrun for example_external_task_marker_child to None, run_after=None
[2025-08-31T18:56:38.456+0000] {logging_mixin.py:190} INFO - [2025-08-31T18:56:38.456+0000] {dag.py:4180} INFO - Setting next_dagrun for example_external_task_marker_parent to None, run_after=None
[2025-08-31T18:56:38.486+0000] {processor.py:208} INFO - Processing /home/krishnaformeera/Sumitomo/datapipeline/venv/lib/python3.11/site-packages/airflow/example_dags/example_external_task_marker_dag.py took 0.098 seconds
[2025-08-31T18:57:31.445+0000] {processor.py:186} INFO - Started process (PID=8730) to work on /home/krishnaformeera/Sumitomo/datapipeline/venv/lib/python3.11/site-packages/airflow/example_dags/example_external_task_marker_dag.py
[2025-08-31T18:57:31.446+0000] {processor.py:914} INFO - Processing file /home/krishnaformeera/Sumitomo/datapipeline/venv/lib/python3.11/site-packages/airflow/example_dags/example_external_task_marker_dag.py for tasks to queue
[2025-08-31T18:57:31.448+0000] {logging_mixin.py:190} INFO - [2025-08-31T18:57:31.448+0000] {dagbag.py:588} INFO - Filling up the DagBag from /home/krishnaformeera/Sumitomo/datapipeline/venv/lib/python3.11/site-packages/airflow/example_dags/example_external_task_marker_dag.py
[2025-08-31T18:57:31.457+0000] {processor.py:925} INFO - DAG(s) 'example_external_task_marker_child', 'example_external_task_marker_parent' retrieved from /home/krishnaformeera/Sumitomo/datapipeline/venv/lib/python3.11/site-packages/airflow/example_dags/example_external_task_marker_dag.py
[2025-08-31T18:57:31.474+0000] {logging_mixin.py:190} INFO - [2025-08-31T18:57:31.474+0000] {dag.py:3239} INFO - Sync 2 DAGs
[2025-08-31T18:57:31.485+0000] {logging_mixin.py:190} INFO - [2025-08-31T18:57:31.485+0000] {dag.py:4180} INFO - Setting next_dagrun for example_external_task_marker_child to None, run_after=None
[2025-08-31T18:57:31.489+0000] {logging_mixin.py:190} INFO - [2025-08-31T18:57:31.488+0000] {dag.py:4180} INFO - Setting next_dagrun for example_external_task_marker_parent to None, run_after=None
[2025-08-31T18:57:31.509+0000] {processor.py:208} INFO - Processing /home/krishnaformeera/Sumitomo/datapipeline/venv/lib/python3.11/site-packages/airflow/example_dags/example_external_task_marker_dag.py took 0.072 seconds
[2025-08-31T18:58:24.057+0000] {processor.py:186} INFO - Started process (PID=8784) to work on /home/krishnaformeera/Sumitomo/datapipeline/venv/lib/python3.11/site-packages/airflow/example_dags/example_external_task_marker_dag.py
[2025-08-31T18:58:24.058+0000] {processor.py:914} INFO - Processing file /home/krishnaformeera/Sumitomo/datapipeline/venv/lib/python3.11/site-packages/airflow/example_dags/example_external_task_marker_dag.py for tasks to queue
[2025-08-31T18:58:24.061+0000] {logging_mixin.py:190} INFO - [2025-08-31T18:58:24.060+0000] {dagbag.py:588} INFO - Filling up the DagBag from /home/krishnaformeera/Sumitomo/datapipeline/venv/lib/python3.11/site-packages/airflow/example_dags/example_external_task_marker_dag.py
[2025-08-31T18:58:24.071+0000] {processor.py:925} INFO - DAG(s) 'example_external_task_marker_child', 'example_external_task_marker_parent' retrieved from /home/krishnaformeera/Sumitomo/datapipeline/venv/lib/python3.11/site-packages/airflow/example_dags/example_external_task_marker_dag.py
[2025-08-31T18:58:24.092+0000] {logging_mixin.py:190} INFO - [2025-08-31T18:58:24.092+0000] {dag.py:3239} INFO - Sync 2 DAGs
[2025-08-31T18:58:24.107+0000] {logging_mixin.py:190} INFO - [2025-08-31T18:58:24.107+0000] {dag.py:4180} INFO - Setting next_dagrun for example_external_task_marker_child to None, run_after=None
[2025-08-31T18:58:24.110+0000] {logging_mixin.py:190} INFO - [2025-08-31T18:58:24.110+0000] {dag.py:4180} INFO - Setting next_dagrun for example_external_task_marker_parent to None, run_after=None
[2025-08-31T18:58:24.131+0000] {processor.py:208} INFO - Processing /home/krishnaformeera/Sumitomo/datapipeline/venv/lib/python3.11/site-packages/airflow/example_dags/example_external_task_marker_dag.py took 0.082 seconds
[2025-08-31T18:59:16.739+0000] {processor.py:186} INFO - Started process (PID=8864) to work on /home/krishnaformeera/Sumitomo/datapipeline/venv/lib/python3.11/site-packages/airflow/example_dags/example_external_task_marker_dag.py
[2025-08-31T18:59:16.741+0000] {processor.py:914} INFO - Processing file /home/krishnaformeera/Sumitomo/datapipeline/venv/lib/python3.11/site-packages/airflow/example_dags/example_external_task_marker_dag.py for tasks to queue
[2025-08-31T18:59:16.744+0000] {logging_mixin.py:190} INFO - [2025-08-31T18:59:16.743+0000] {dagbag.py:588} INFO - Filling up the DagBag from /home/krishnaformeera/Sumitomo/datapipeline/venv/lib/python3.11/site-packages/airflow/example_dags/example_external_task_marker_dag.py
[2025-08-31T18:59:16.761+0000] {processor.py:925} INFO - DAG(s) 'example_external_task_marker_parent', 'example_external_task_marker_child' retrieved from /home/krishnaformeera/Sumitomo/datapipeline/venv/lib/python3.11/site-packages/airflow/example_dags/example_external_task_marker_dag.py
[2025-08-31T18:59:16.792+0000] {logging_mixin.py:190} INFO - [2025-08-31T18:59:16.792+0000] {dag.py:3239} INFO - Sync 2 DAGs
[2025-08-31T18:59:16.817+0000] {logging_mixin.py:190} INFO - [2025-08-31T18:59:16.816+0000] {dag.py:4180} INFO - Setting next_dagrun for example_external_task_marker_child to None, run_after=None
[2025-08-31T18:59:16.824+0000] {logging_mixin.py:190} INFO - [2025-08-31T18:59:16.823+0000] {dag.py:4180} INFO - Setting next_dagrun for example_external_task_marker_parent to None, run_after=None
[2025-08-31T18:59:16.860+0000] {processor.py:208} INFO - Processing /home/krishnaformeera/Sumitomo/datapipeline/venv/lib/python3.11/site-packages/airflow/example_dags/example_external_task_marker_dag.py took 0.130 seconds
