[2025-08-31T18:30:14.379+0000] {processor.py:186} INFO - Started process (PID=5104) to work on /home/krishnaformeera/Sumitomo/datapipeline/venv/lib/python3.11/site-packages/airflow/example_dags/example_subdag_operator.py
[2025-08-31T18:30:14.380+0000] {processor.py:914} INFO - Processing file /home/krishnaformeera/Sumitomo/datapipeline/venv/lib/python3.11/site-packages/airflow/example_dags/example_subdag_operator.py for tasks to queue
[2025-08-31T18:30:14.382+0000] {logging_mixin.py:190} INFO - [2025-08-31T18:30:14.381+0000] {dagbag.py:588} INFO - Filling up the DagBag from /home/krishnaformeera/Sumitomo/datapipeline/venv/lib/python3.11/site-packages/airflow/example_dags/example_subdag_operator.py
[2025-08-31T18:30:14.407+0000] {processor.py:925} INFO - DAG(s) 'example_subdag_operator.section-1', 'example_subdag_operator.section-2', 'example_subdag_operator' retrieved from /home/krishnaformeera/Sumitomo/datapipeline/venv/lib/python3.11/site-packages/airflow/example_dags/example_subdag_operator.py
[2025-08-31T18:30:14.619+0000] {logging_mixin.py:190} INFO - [2025-08-31T18:30:14.618+0000] {override.py:1900} INFO - Created Permission View: can delete on DAG:example_subdag_operator
[2025-08-31T18:30:14.630+0000] {logging_mixin.py:190} INFO - [2025-08-31T18:30:14.630+0000] {override.py:1900} INFO - Created Permission View: can read on DAG:example_subdag_operator
[2025-08-31T18:30:14.640+0000] {logging_mixin.py:190} INFO - [2025-08-31T18:30:14.639+0000] {override.py:1900} INFO - Created Permission View: can edit on DAG:example_subdag_operator
[2025-08-31T18:30:14.655+0000] {logging_mixin.py:190} INFO - [2025-08-31T18:30:14.654+0000] {override.py:1900} INFO - Created Permission View: can delete on DAG Run:example_subdag_operator
[2025-08-31T18:30:14.664+0000] {logging_mixin.py:190} INFO - [2025-08-31T18:30:14.664+0000] {override.py:1900} INFO - Created Permission View: can read on DAG Run:example_subdag_operator
[2025-08-31T18:30:14.674+0000] {logging_mixin.py:190} INFO - [2025-08-31T18:30:14.673+0000] {override.py:1900} INFO - Created Permission View: can create on DAG Run:example_subdag_operator
[2025-08-31T18:30:14.684+0000] {logging_mixin.py:190} INFO - [2025-08-31T18:30:14.684+0000] {override.py:1900} INFO - Created Permission View: menu access on DAG Run:example_subdag_operator
[2025-08-31T18:30:14.685+0000] {logging_mixin.py:190} INFO - [2025-08-31T18:30:14.684+0000] {dag.py:3239} INFO - Sync 3 DAGs
[2025-08-31T18:30:14.695+0000] {logging_mixin.py:190} INFO - [2025-08-31T18:30:14.695+0000] {dag.py:3262} INFO - Creating ORM DAG for example_subdag_operator.section-1
[2025-08-31T18:30:14.696+0000] {logging_mixin.py:190} INFO - [2025-08-31T18:30:14.696+0000] {dag.py:3262} INFO - Creating ORM DAG for example_subdag_operator.section-2
[2025-08-31T18:30:14.696+0000] {logging_mixin.py:190} INFO - [2025-08-31T18:30:14.696+0000] {dag.py:3262} INFO - Creating ORM DAG for example_subdag_operator
[2025-08-31T18:30:14.705+0000] {logging_mixin.py:190} INFO - [2025-08-31T18:30:14.705+0000] {dag.py:4180} INFO - Setting next_dagrun for example_subdag_operator to 2022-01-01 00:00:00+00:00, run_after=2022-01-01 00:00:00+00:00
[2025-08-31T18:30:14.706+0000] {logging_mixin.py:190} INFO - [2025-08-31T18:30:14.706+0000] {dag.py:4180} INFO - Setting next_dagrun for example_subdag_operator.section-1 to None, run_after=None
[2025-08-31T18:30:14.706+0000] {logging_mixin.py:190} INFO - [2025-08-31T18:30:14.706+0000] {dag.py:4180} INFO - Setting next_dagrun for example_subdag_operator.section-2 to None, run_after=None
[2025-08-31T18:30:14.712+0000] {logging_mixin.py:190} INFO - [2025-08-31T18:30:14.711+0000] {dag.py:3239} INFO - Sync 2 DAGs
[2025-08-31T18:30:14.717+0000] {logging_mixin.py:190} INFO - [2025-08-31T18:30:14.717+0000] {dag.py:4180} INFO - Setting next_dagrun for example_subdag_operator.section-1 to None, run_after=None
[2025-08-31T18:30:14.719+0000] {logging_mixin.py:190} INFO - [2025-08-31T18:30:14.719+0000] {dag.py:4180} INFO - Setting next_dagrun for example_subdag_operator.section-2 to None, run_after=None
[2025-08-31T18:30:14.737+0000] {processor.py:208} INFO - Processing /home/krishnaformeera/Sumitomo/datapipeline/venv/lib/python3.11/site-packages/airflow/example_dags/example_subdag_operator.py took 0.365 seconds
[2025-08-31T18:30:52.298+0000] {processor.py:186} INFO - Started process (PID=5219) to work on /home/krishnaformeera/Sumitomo/datapipeline/venv/lib/python3.11/site-packages/airflow/example_dags/example_subdag_operator.py
[2025-08-31T18:30:52.299+0000] {processor.py:914} INFO - Processing file /home/krishnaformeera/Sumitomo/datapipeline/venv/lib/python3.11/site-packages/airflow/example_dags/example_subdag_operator.py for tasks to queue
[2025-08-31T18:30:52.301+0000] {logging_mixin.py:190} INFO - [2025-08-31T18:30:52.301+0000] {dagbag.py:588} INFO - Filling up the DagBag from /home/krishnaformeera/Sumitomo/datapipeline/venv/lib/python3.11/site-packages/airflow/example_dags/example_subdag_operator.py
[2025-08-31T18:30:52.324+0000] {processor.py:925} INFO - DAG(s) 'example_subdag_operator.section-1', 'example_subdag_operator.section-2', 'example_subdag_operator' retrieved from /home/krishnaformeera/Sumitomo/datapipeline/venv/lib/python3.11/site-packages/airflow/example_dags/example_subdag_operator.py
[2025-08-31T18:30:52.339+0000] {logging_mixin.py:190} INFO - [2025-08-31T18:30:52.339+0000] {dag.py:3239} INFO - Sync 3 DAGs
[2025-08-31T18:30:52.358+0000] {logging_mixin.py:190} INFO - [2025-08-31T18:30:52.358+0000] {dag.py:4180} INFO - Setting next_dagrun for example_subdag_operator to 2022-01-01 00:00:00+00:00, run_after=2022-01-01 00:00:00+00:00
[2025-08-31T18:30:52.360+0000] {logging_mixin.py:190} INFO - [2025-08-31T18:30:52.360+0000] {dag.py:4180} INFO - Setting next_dagrun for example_subdag_operator.section-1 to None, run_after=None
[2025-08-31T18:30:52.361+0000] {logging_mixin.py:190} INFO - [2025-08-31T18:30:52.361+0000] {dag.py:4180} INFO - Setting next_dagrun for example_subdag_operator.section-2 to None, run_after=None
[2025-08-31T18:30:52.366+0000] {logging_mixin.py:190} INFO - [2025-08-31T18:30:52.366+0000] {dag.py:3239} INFO - Sync 2 DAGs
[2025-08-31T18:30:52.370+0000] {logging_mixin.py:190} INFO - [2025-08-31T18:30:52.369+0000] {dag.py:4180} INFO - Setting next_dagrun for example_subdag_operator.section-1 to None, run_after=None
[2025-08-31T18:30:52.370+0000] {logging_mixin.py:190} INFO - [2025-08-31T18:30:52.370+0000] {dag.py:4180} INFO - Setting next_dagrun for example_subdag_operator.section-2 to None, run_after=None
[2025-08-31T18:30:52.387+0000] {processor.py:208} INFO - Processing /home/krishnaformeera/Sumitomo/datapipeline/venv/lib/python3.11/site-packages/airflow/example_dags/example_subdag_operator.py took 0.094 seconds
[2025-08-31T18:31:56.659+0000] {processor.py:186} INFO - Started process (PID=5291) to work on /home/krishnaformeera/Sumitomo/datapipeline/venv/lib/python3.11/site-packages/airflow/example_dags/example_subdag_operator.py
[2025-08-31T18:31:56.660+0000] {processor.py:914} INFO - Processing file /home/krishnaformeera/Sumitomo/datapipeline/venv/lib/python3.11/site-packages/airflow/example_dags/example_subdag_operator.py for tasks to queue
[2025-08-31T18:31:56.663+0000] {logging_mixin.py:190} INFO - [2025-08-31T18:31:56.662+0000] {dagbag.py:588} INFO - Filling up the DagBag from /home/krishnaformeera/Sumitomo/datapipeline/venv/lib/python3.11/site-packages/airflow/example_dags/example_subdag_operator.py
[2025-08-31T18:31:56.689+0000] {processor.py:925} INFO - DAG(s) 'example_subdag_operator.section-1', 'example_subdag_operator.section-2', 'example_subdag_operator' retrieved from /home/krishnaformeera/Sumitomo/datapipeline/venv/lib/python3.11/site-packages/airflow/example_dags/example_subdag_operator.py
[2025-08-31T18:31:56.703+0000] {logging_mixin.py:190} INFO - [2025-08-31T18:31:56.703+0000] {dag.py:3239} INFO - Sync 3 DAGs
[2025-08-31T18:31:56.723+0000] {logging_mixin.py:190} INFO - [2025-08-31T18:31:56.723+0000] {dag.py:4180} INFO - Setting next_dagrun for example_subdag_operator to 2022-01-01 00:00:00+00:00, run_after=2022-01-01 00:00:00+00:00
[2025-08-31T18:31:56.726+0000] {logging_mixin.py:190} INFO - [2025-08-31T18:31:56.726+0000] {dag.py:4180} INFO - Setting next_dagrun for example_subdag_operator.section-1 to None, run_after=None
[2025-08-31T18:31:56.727+0000] {logging_mixin.py:190} INFO - [2025-08-31T18:31:56.727+0000] {dag.py:4180} INFO - Setting next_dagrun for example_subdag_operator.section-2 to None, run_after=None
[2025-08-31T18:31:56.733+0000] {logging_mixin.py:190} INFO - [2025-08-31T18:31:56.733+0000] {dag.py:3239} INFO - Sync 2 DAGs
[2025-08-31T18:31:56.737+0000] {logging_mixin.py:190} INFO - [2025-08-31T18:31:56.736+0000] {dag.py:4180} INFO - Setting next_dagrun for example_subdag_operator.section-1 to None, run_after=None
[2025-08-31T18:31:56.737+0000] {logging_mixin.py:190} INFO - [2025-08-31T18:31:56.737+0000] {dag.py:4180} INFO - Setting next_dagrun for example_subdag_operator.section-2 to None, run_after=None
[2025-08-31T18:31:56.754+0000] {processor.py:208} INFO - Processing /home/krishnaformeera/Sumitomo/datapipeline/venv/lib/python3.11/site-packages/airflow/example_dags/example_subdag_operator.py took 0.102 seconds
[2025-08-31T18:32:51.345+0000] {processor.py:186} INFO - Started process (PID=5348) to work on /home/krishnaformeera/Sumitomo/datapipeline/venv/lib/python3.11/site-packages/airflow/example_dags/example_subdag_operator.py
[2025-08-31T18:32:51.346+0000] {processor.py:914} INFO - Processing file /home/krishnaformeera/Sumitomo/datapipeline/venv/lib/python3.11/site-packages/airflow/example_dags/example_subdag_operator.py for tasks to queue
[2025-08-31T18:32:51.348+0000] {logging_mixin.py:190} INFO - [2025-08-31T18:32:51.348+0000] {dagbag.py:588} INFO - Filling up the DagBag from /home/krishnaformeera/Sumitomo/datapipeline/venv/lib/python3.11/site-packages/airflow/example_dags/example_subdag_operator.py
[2025-08-31T18:32:51.372+0000] {processor.py:925} INFO - DAG(s) 'example_subdag_operator.section-1', 'example_subdag_operator.section-2', 'example_subdag_operator' retrieved from /home/krishnaformeera/Sumitomo/datapipeline/venv/lib/python3.11/site-packages/airflow/example_dags/example_subdag_operator.py
[2025-08-31T18:32:51.385+0000] {logging_mixin.py:190} INFO - [2025-08-31T18:32:51.385+0000] {dag.py:3239} INFO - Sync 3 DAGs
[2025-08-31T18:32:51.403+0000] {logging_mixin.py:190} INFO - [2025-08-31T18:32:51.403+0000] {dag.py:4180} INFO - Setting next_dagrun for example_subdag_operator to 2022-01-01 00:00:00+00:00, run_after=2022-01-01 00:00:00+00:00
[2025-08-31T18:32:51.405+0000] {logging_mixin.py:190} INFO - [2025-08-31T18:32:51.405+0000] {dag.py:4180} INFO - Setting next_dagrun for example_subdag_operator.section-1 to None, run_after=None
[2025-08-31T18:32:51.406+0000] {logging_mixin.py:190} INFO - [2025-08-31T18:32:51.406+0000] {dag.py:4180} INFO - Setting next_dagrun for example_subdag_operator.section-2 to None, run_after=None
[2025-08-31T18:32:51.411+0000] {logging_mixin.py:190} INFO - [2025-08-31T18:32:51.411+0000] {dag.py:3239} INFO - Sync 2 DAGs
[2025-08-31T18:32:51.415+0000] {logging_mixin.py:190} INFO - [2025-08-31T18:32:51.415+0000] {dag.py:4180} INFO - Setting next_dagrun for example_subdag_operator.section-1 to None, run_after=None
[2025-08-31T18:32:51.416+0000] {logging_mixin.py:190} INFO - [2025-08-31T18:32:51.416+0000] {dag.py:4180} INFO - Setting next_dagrun for example_subdag_operator.section-2 to None, run_after=None
[2025-08-31T18:32:51.432+0000] {processor.py:208} INFO - Processing /home/krishnaformeera/Sumitomo/datapipeline/venv/lib/python3.11/site-packages/airflow/example_dags/example_subdag_operator.py took 0.093 seconds
[2025-08-31T18:33:41.249+0000] {processor.py:186} INFO - Started process (PID=5398) to work on /home/krishnaformeera/Sumitomo/datapipeline/venv/lib/python3.11/site-packages/airflow/example_dags/example_subdag_operator.py
[2025-08-31T18:33:41.250+0000] {processor.py:914} INFO - Processing file /home/krishnaformeera/Sumitomo/datapipeline/venv/lib/python3.11/site-packages/airflow/example_dags/example_subdag_operator.py for tasks to queue
[2025-08-31T18:33:41.253+0000] {logging_mixin.py:190} INFO - [2025-08-31T18:33:41.252+0000] {dagbag.py:588} INFO - Filling up the DagBag from /home/krishnaformeera/Sumitomo/datapipeline/venv/lib/python3.11/site-packages/airflow/example_dags/example_subdag_operator.py
[2025-08-31T18:33:41.280+0000] {processor.py:925} INFO - DAG(s) 'example_subdag_operator.section-1', 'example_subdag_operator.section-2', 'example_subdag_operator' retrieved from /home/krishnaformeera/Sumitomo/datapipeline/venv/lib/python3.11/site-packages/airflow/example_dags/example_subdag_operator.py
[2025-08-31T18:33:41.392+0000] {logging_mixin.py:190} INFO - [2025-08-31T18:33:41.391+0000] {dag.py:3239} INFO - Sync 3 DAGs
[2025-08-31T18:33:41.406+0000] {logging_mixin.py:190} INFO - [2025-08-31T18:33:41.405+0000] {dag.py:4180} INFO - Setting next_dagrun for example_subdag_operator to 2022-01-01 00:00:00+00:00, run_after=2022-01-01 00:00:00+00:00
[2025-08-31T18:33:41.408+0000] {logging_mixin.py:190} INFO - [2025-08-31T18:33:41.408+0000] {dag.py:4180} INFO - Setting next_dagrun for example_subdag_operator.section-1 to None, run_after=None
[2025-08-31T18:33:41.409+0000] {logging_mixin.py:190} INFO - [2025-08-31T18:33:41.408+0000] {dag.py:4180} INFO - Setting next_dagrun for example_subdag_operator.section-2 to None, run_after=None
[2025-08-31T18:33:41.413+0000] {logging_mixin.py:190} INFO - [2025-08-31T18:33:41.413+0000] {dag.py:3239} INFO - Sync 2 DAGs
[2025-08-31T18:33:41.416+0000] {logging_mixin.py:190} INFO - [2025-08-31T18:33:41.416+0000] {dag.py:4180} INFO - Setting next_dagrun for example_subdag_operator.section-1 to None, run_after=None
[2025-08-31T18:33:41.416+0000] {logging_mixin.py:190} INFO - [2025-08-31T18:33:41.416+0000] {dag.py:4180} INFO - Setting next_dagrun for example_subdag_operator.section-2 to None, run_after=None
[2025-08-31T18:33:41.432+0000] {processor.py:208} INFO - Processing /home/krishnaformeera/Sumitomo/datapipeline/venv/lib/python3.11/site-packages/airflow/example_dags/example_subdag_operator.py took 0.191 seconds
[2025-08-31T18:34:37.105+0000] {processor.py:186} INFO - Started process (PID=5454) to work on /home/krishnaformeera/Sumitomo/datapipeline/venv/lib/python3.11/site-packages/airflow/example_dags/example_subdag_operator.py
[2025-08-31T18:34:37.106+0000] {processor.py:914} INFO - Processing file /home/krishnaformeera/Sumitomo/datapipeline/venv/lib/python3.11/site-packages/airflow/example_dags/example_subdag_operator.py for tasks to queue
[2025-08-31T18:34:37.108+0000] {logging_mixin.py:190} INFO - [2025-08-31T18:34:37.108+0000] {dagbag.py:588} INFO - Filling up the DagBag from /home/krishnaformeera/Sumitomo/datapipeline/venv/lib/python3.11/site-packages/airflow/example_dags/example_subdag_operator.py
[2025-08-31T18:34:37.136+0000] {processor.py:925} INFO - DAG(s) 'example_subdag_operator.section-1', 'example_subdag_operator.section-2', 'example_subdag_operator' retrieved from /home/krishnaformeera/Sumitomo/datapipeline/venv/lib/python3.11/site-packages/airflow/example_dags/example_subdag_operator.py
[2025-08-31T18:34:37.151+0000] {logging_mixin.py:190} INFO - [2025-08-31T18:34:37.151+0000] {dag.py:3239} INFO - Sync 3 DAGs
[2025-08-31T18:34:37.172+0000] {logging_mixin.py:190} INFO - [2025-08-31T18:34:37.171+0000] {dag.py:4180} INFO - Setting next_dagrun for example_subdag_operator to 2022-01-01 00:00:00+00:00, run_after=2022-01-01 00:00:00+00:00
[2025-08-31T18:34:37.175+0000] {logging_mixin.py:190} INFO - [2025-08-31T18:34:37.175+0000] {dag.py:4180} INFO - Setting next_dagrun for example_subdag_operator.section-1 to None, run_after=None
[2025-08-31T18:34:37.175+0000] {logging_mixin.py:190} INFO - [2025-08-31T18:34:37.175+0000] {dag.py:4180} INFO - Setting next_dagrun for example_subdag_operator.section-2 to None, run_after=None
[2025-08-31T18:34:37.181+0000] {logging_mixin.py:190} INFO - [2025-08-31T18:34:37.181+0000] {dag.py:3239} INFO - Sync 2 DAGs
[2025-08-31T18:34:37.184+0000] {logging_mixin.py:190} INFO - [2025-08-31T18:34:37.184+0000] {dag.py:4180} INFO - Setting next_dagrun for example_subdag_operator.section-1 to None, run_after=None
[2025-08-31T18:34:37.185+0000] {logging_mixin.py:190} INFO - [2025-08-31T18:34:37.185+0000] {dag.py:4180} INFO - Setting next_dagrun for example_subdag_operator.section-2 to None, run_after=None
[2025-08-31T18:34:37.200+0000] {processor.py:208} INFO - Processing /home/krishnaformeera/Sumitomo/datapipeline/venv/lib/python3.11/site-packages/airflow/example_dags/example_subdag_operator.py took 0.102 seconds
[2025-08-31T18:35:27.871+0000] {processor.py:186} INFO - Started process (PID=5506) to work on /home/krishnaformeera/Sumitomo/datapipeline/venv/lib/python3.11/site-packages/airflow/example_dags/example_subdag_operator.py
[2025-08-31T18:35:27.873+0000] {processor.py:914} INFO - Processing file /home/krishnaformeera/Sumitomo/datapipeline/venv/lib/python3.11/site-packages/airflow/example_dags/example_subdag_operator.py for tasks to queue
[2025-08-31T18:35:27.875+0000] {logging_mixin.py:190} INFO - [2025-08-31T18:35:27.875+0000] {dagbag.py:588} INFO - Filling up the DagBag from /home/krishnaformeera/Sumitomo/datapipeline/venv/lib/python3.11/site-packages/airflow/example_dags/example_subdag_operator.py
[2025-08-31T18:35:27.898+0000] {processor.py:925} INFO - DAG(s) 'example_subdag_operator.section-1', 'example_subdag_operator.section-2', 'example_subdag_operator' retrieved from /home/krishnaformeera/Sumitomo/datapipeline/venv/lib/python3.11/site-packages/airflow/example_dags/example_subdag_operator.py
[2025-08-31T18:35:27.911+0000] {logging_mixin.py:190} INFO - [2025-08-31T18:35:27.911+0000] {dag.py:3239} INFO - Sync 3 DAGs
[2025-08-31T18:35:27.929+0000] {logging_mixin.py:190} INFO - [2025-08-31T18:35:27.928+0000] {dag.py:4180} INFO - Setting next_dagrun for example_subdag_operator to 2022-01-01 00:00:00+00:00, run_after=2022-01-01 00:00:00+00:00
[2025-08-31T18:35:27.931+0000] {logging_mixin.py:190} INFO - [2025-08-31T18:35:27.931+0000] {dag.py:4180} INFO - Setting next_dagrun for example_subdag_operator.section-1 to None, run_after=None
[2025-08-31T18:35:27.932+0000] {logging_mixin.py:190} INFO - [2025-08-31T18:35:27.932+0000] {dag.py:4180} INFO - Setting next_dagrun for example_subdag_operator.section-2 to None, run_after=None
[2025-08-31T18:35:27.937+0000] {logging_mixin.py:190} INFO - [2025-08-31T18:35:27.937+0000] {dag.py:3239} INFO - Sync 2 DAGs
[2025-08-31T18:35:27.941+0000] {logging_mixin.py:190} INFO - [2025-08-31T18:35:27.941+0000] {dag.py:4180} INFO - Setting next_dagrun for example_subdag_operator.section-1 to None, run_after=None
[2025-08-31T18:35:27.942+0000] {logging_mixin.py:190} INFO - [2025-08-31T18:35:27.941+0000] {dag.py:4180} INFO - Setting next_dagrun for example_subdag_operator.section-2 to None, run_after=None
[2025-08-31T18:35:27.955+0000] {processor.py:208} INFO - Processing /home/krishnaformeera/Sumitomo/datapipeline/venv/lib/python3.11/site-packages/airflow/example_dags/example_subdag_operator.py took 0.091 seconds
[2025-08-31T18:36:18.861+0000] {processor.py:186} INFO - Started process (PID=5584) to work on /home/krishnaformeera/Sumitomo/datapipeline/venv/lib/python3.11/site-packages/airflow/example_dags/example_subdag_operator.py
[2025-08-31T18:36:18.863+0000] {processor.py:914} INFO - Processing file /home/krishnaformeera/Sumitomo/datapipeline/venv/lib/python3.11/site-packages/airflow/example_dags/example_subdag_operator.py for tasks to queue
[2025-08-31T18:36:18.865+0000] {logging_mixin.py:190} INFO - [2025-08-31T18:36:18.865+0000] {dagbag.py:588} INFO - Filling up the DagBag from /home/krishnaformeera/Sumitomo/datapipeline/venv/lib/python3.11/site-packages/airflow/example_dags/example_subdag_operator.py
[2025-08-31T18:36:18.893+0000] {processor.py:925} INFO - DAG(s) 'example_subdag_operator.section-1', 'example_subdag_operator.section-2', 'example_subdag_operator' retrieved from /home/krishnaformeera/Sumitomo/datapipeline/venv/lib/python3.11/site-packages/airflow/example_dags/example_subdag_operator.py
[2025-08-31T18:36:18.907+0000] {logging_mixin.py:190} INFO - [2025-08-31T18:36:18.907+0000] {dag.py:3239} INFO - Sync 3 DAGs
[2025-08-31T18:36:18.927+0000] {logging_mixin.py:190} INFO - [2025-08-31T18:36:18.927+0000] {dag.py:4180} INFO - Setting next_dagrun for example_subdag_operator to 2022-01-01 00:00:00+00:00, run_after=2022-01-01 00:00:00+00:00
[2025-08-31T18:36:18.930+0000] {logging_mixin.py:190} INFO - [2025-08-31T18:36:18.929+0000] {dag.py:4180} INFO - Setting next_dagrun for example_subdag_operator.section-1 to None, run_after=None
[2025-08-31T18:36:18.930+0000] {logging_mixin.py:190} INFO - [2025-08-31T18:36:18.930+0000] {dag.py:4180} INFO - Setting next_dagrun for example_subdag_operator.section-2 to None, run_after=None
[2025-08-31T18:36:18.936+0000] {logging_mixin.py:190} INFO - [2025-08-31T18:36:18.936+0000] {dag.py:3239} INFO - Sync 2 DAGs
[2025-08-31T18:36:18.940+0000] {logging_mixin.py:190} INFO - [2025-08-31T18:36:18.940+0000] {dag.py:4180} INFO - Setting next_dagrun for example_subdag_operator.section-1 to None, run_after=None
[2025-08-31T18:36:18.940+0000] {logging_mixin.py:190} INFO - [2025-08-31T18:36:18.940+0000] {dag.py:4180} INFO - Setting next_dagrun for example_subdag_operator.section-2 to None, run_after=None
[2025-08-31T18:36:18.959+0000] {processor.py:208} INFO - Processing /home/krishnaformeera/Sumitomo/datapipeline/venv/lib/python3.11/site-packages/airflow/example_dags/example_subdag_operator.py took 0.106 seconds
[2025-08-31T18:37:10.581+0000] {processor.py:186} INFO - Started process (PID=5636) to work on /home/krishnaformeera/Sumitomo/datapipeline/venv/lib/python3.11/site-packages/airflow/example_dags/example_subdag_operator.py
[2025-08-31T18:37:10.583+0000] {processor.py:914} INFO - Processing file /home/krishnaformeera/Sumitomo/datapipeline/venv/lib/python3.11/site-packages/airflow/example_dags/example_subdag_operator.py for tasks to queue
[2025-08-31T18:37:10.585+0000] {logging_mixin.py:190} INFO - [2025-08-31T18:37:10.585+0000] {dagbag.py:588} INFO - Filling up the DagBag from /home/krishnaformeera/Sumitomo/datapipeline/venv/lib/python3.11/site-packages/airflow/example_dags/example_subdag_operator.py
[2025-08-31T18:37:10.612+0000] {processor.py:925} INFO - DAG(s) 'example_subdag_operator.section-1', 'example_subdag_operator.section-2', 'example_subdag_operator' retrieved from /home/krishnaformeera/Sumitomo/datapipeline/venv/lib/python3.11/site-packages/airflow/example_dags/example_subdag_operator.py
[2025-08-31T18:37:10.627+0000] {logging_mixin.py:190} INFO - [2025-08-31T18:37:10.627+0000] {dag.py:3239} INFO - Sync 3 DAGs
[2025-08-31T18:37:10.648+0000] {logging_mixin.py:190} INFO - [2025-08-31T18:37:10.648+0000] {dag.py:4180} INFO - Setting next_dagrun for example_subdag_operator to 2022-01-01 00:00:00+00:00, run_after=2022-01-01 00:00:00+00:00
[2025-08-31T18:37:10.651+0000] {logging_mixin.py:190} INFO - [2025-08-31T18:37:10.650+0000] {dag.py:4180} INFO - Setting next_dagrun for example_subdag_operator.section-1 to None, run_after=None
[2025-08-31T18:37:10.651+0000] {logging_mixin.py:190} INFO - [2025-08-31T18:37:10.651+0000] {dag.py:4180} INFO - Setting next_dagrun for example_subdag_operator.section-2 to None, run_after=None
[2025-08-31T18:37:10.658+0000] {logging_mixin.py:190} INFO - [2025-08-31T18:37:10.657+0000] {dag.py:3239} INFO - Sync 2 DAGs
[2025-08-31T18:37:10.661+0000] {logging_mixin.py:190} INFO - [2025-08-31T18:37:10.661+0000] {dag.py:4180} INFO - Setting next_dagrun for example_subdag_operator.section-1 to None, run_after=None
[2025-08-31T18:37:10.661+0000] {logging_mixin.py:190} INFO - [2025-08-31T18:37:10.661+0000] {dag.py:4180} INFO - Setting next_dagrun for example_subdag_operator.section-2 to None, run_after=None
[2025-08-31T18:37:10.679+0000] {processor.py:208} INFO - Processing /home/krishnaformeera/Sumitomo/datapipeline/venv/lib/python3.11/site-packages/airflow/example_dags/example_subdag_operator.py took 0.106 seconds
[2025-08-31T18:40:06.232+0000] {processor.py:186} INFO - Started process (PID=6073) to work on /home/krishnaformeera/Sumitomo/datapipeline/venv/lib/python3.11/site-packages/airflow/example_dags/example_subdag_operator.py
[2025-08-31T18:40:06.233+0000] {processor.py:914} INFO - Processing file /home/krishnaformeera/Sumitomo/datapipeline/venv/lib/python3.11/site-packages/airflow/example_dags/example_subdag_operator.py for tasks to queue
[2025-08-31T18:40:06.236+0000] {logging_mixin.py:190} INFO - [2025-08-31T18:40:06.235+0000] {dagbag.py:588} INFO - Filling up the DagBag from /home/krishnaformeera/Sumitomo/datapipeline/venv/lib/python3.11/site-packages/airflow/example_dags/example_subdag_operator.py
[2025-08-31T18:40:06.261+0000] {processor.py:925} INFO - DAG(s) 'example_subdag_operator.section-1', 'example_subdag_operator.section-2', 'example_subdag_operator' retrieved from /home/krishnaformeera/Sumitomo/datapipeline/venv/lib/python3.11/site-packages/airflow/example_dags/example_subdag_operator.py
[2025-08-31T18:40:06.276+0000] {logging_mixin.py:190} INFO - [2025-08-31T18:40:06.275+0000] {dag.py:3239} INFO - Sync 3 DAGs
[2025-08-31T18:40:06.295+0000] {logging_mixin.py:190} INFO - [2025-08-31T18:40:06.295+0000] {dag.py:4180} INFO - Setting next_dagrun for example_subdag_operator to 2022-01-01 00:00:00+00:00, run_after=2022-01-01 00:00:00+00:00
[2025-08-31T18:40:06.297+0000] {logging_mixin.py:190} INFO - [2025-08-31T18:40:06.297+0000] {dag.py:4180} INFO - Setting next_dagrun for example_subdag_operator.section-1 to None, run_after=None
[2025-08-31T18:40:06.298+0000] {logging_mixin.py:190} INFO - [2025-08-31T18:40:06.298+0000] {dag.py:4180} INFO - Setting next_dagrun for example_subdag_operator.section-2 to None, run_after=None
[2025-08-31T18:40:06.303+0000] {logging_mixin.py:190} INFO - [2025-08-31T18:40:06.303+0000] {dag.py:3239} INFO - Sync 2 DAGs
[2025-08-31T18:40:06.306+0000] {logging_mixin.py:190} INFO - [2025-08-31T18:40:06.306+0000] {dag.py:4180} INFO - Setting next_dagrun for example_subdag_operator.section-1 to None, run_after=None
[2025-08-31T18:40:06.306+0000] {logging_mixin.py:190} INFO - [2025-08-31T18:40:06.306+0000] {dag.py:4180} INFO - Setting next_dagrun for example_subdag_operator.section-2 to None, run_after=None
[2025-08-31T18:40:06.321+0000] {processor.py:208} INFO - Processing /home/krishnaformeera/Sumitomo/datapipeline/venv/lib/python3.11/site-packages/airflow/example_dags/example_subdag_operator.py took 0.094 seconds
[2025-08-31T18:41:01.758+0000] {processor.py:186} INFO - Started process (PID=6324) to work on /home/krishnaformeera/Sumitomo/datapipeline/venv/lib/python3.11/site-packages/airflow/example_dags/example_subdag_operator.py
[2025-08-31T18:41:01.759+0000] {processor.py:914} INFO - Processing file /home/krishnaformeera/Sumitomo/datapipeline/venv/lib/python3.11/site-packages/airflow/example_dags/example_subdag_operator.py for tasks to queue
[2025-08-31T18:41:01.761+0000] {logging_mixin.py:190} INFO - [2025-08-31T18:41:01.761+0000] {dagbag.py:588} INFO - Filling up the DagBag from /home/krishnaformeera/Sumitomo/datapipeline/venv/lib/python3.11/site-packages/airflow/example_dags/example_subdag_operator.py
[2025-08-31T18:41:01.790+0000] {processor.py:925} INFO - DAG(s) 'example_subdag_operator.section-1', 'example_subdag_operator.section-2', 'example_subdag_operator' retrieved from /home/krishnaformeera/Sumitomo/datapipeline/venv/lib/python3.11/site-packages/airflow/example_dags/example_subdag_operator.py
[2025-08-31T18:41:01.808+0000] {logging_mixin.py:190} INFO - [2025-08-31T18:41:01.807+0000] {dag.py:3239} INFO - Sync 3 DAGs
[2025-08-31T18:41:01.832+0000] {logging_mixin.py:190} INFO - [2025-08-31T18:41:01.832+0000] {dag.py:4180} INFO - Setting next_dagrun for example_subdag_operator to 2022-01-01 00:00:00+00:00, run_after=2022-01-01 00:00:00+00:00
[2025-08-31T18:41:01.836+0000] {logging_mixin.py:190} INFO - [2025-08-31T18:41:01.835+0000] {dag.py:4180} INFO - Setting next_dagrun for example_subdag_operator.section-1 to None, run_after=None
[2025-08-31T18:41:01.836+0000] {logging_mixin.py:190} INFO - [2025-08-31T18:41:01.836+0000] {dag.py:4180} INFO - Setting next_dagrun for example_subdag_operator.section-2 to None, run_after=None
[2025-08-31T18:41:01.843+0000] {logging_mixin.py:190} INFO - [2025-08-31T18:41:01.842+0000] {dag.py:3239} INFO - Sync 2 DAGs
[2025-08-31T18:41:01.847+0000] {logging_mixin.py:190} INFO - [2025-08-31T18:41:01.847+0000] {dag.py:4180} INFO - Setting next_dagrun for example_subdag_operator.section-1 to None, run_after=None
[2025-08-31T18:41:01.848+0000] {logging_mixin.py:190} INFO - [2025-08-31T18:41:01.848+0000] {dag.py:4180} INFO - Setting next_dagrun for example_subdag_operator.section-2 to None, run_after=None
[2025-08-31T18:41:01.863+0000] {processor.py:208} INFO - Processing /home/krishnaformeera/Sumitomo/datapipeline/venv/lib/python3.11/site-packages/airflow/example_dags/example_subdag_operator.py took 0.112 seconds
[2025-08-31T18:41:52.736+0000] {processor.py:186} INFO - Started process (PID=6503) to work on /home/krishnaformeera/Sumitomo/datapipeline/venv/lib/python3.11/site-packages/airflow/example_dags/example_subdag_operator.py
[2025-08-31T18:41:52.737+0000] {processor.py:914} INFO - Processing file /home/krishnaformeera/Sumitomo/datapipeline/venv/lib/python3.11/site-packages/airflow/example_dags/example_subdag_operator.py for tasks to queue
[2025-08-31T18:41:52.739+0000] {logging_mixin.py:190} INFO - [2025-08-31T18:41:52.739+0000] {dagbag.py:588} INFO - Filling up the DagBag from /home/krishnaformeera/Sumitomo/datapipeline/venv/lib/python3.11/site-packages/airflow/example_dags/example_subdag_operator.py
[2025-08-31T18:41:52.762+0000] {processor.py:925} INFO - DAG(s) 'example_subdag_operator.section-1', 'example_subdag_operator.section-2', 'example_subdag_operator' retrieved from /home/krishnaformeera/Sumitomo/datapipeline/venv/lib/python3.11/site-packages/airflow/example_dags/example_subdag_operator.py
[2025-08-31T18:41:52.774+0000] {logging_mixin.py:190} INFO - [2025-08-31T18:41:52.774+0000] {dag.py:3239} INFO - Sync 3 DAGs
[2025-08-31T18:41:52.792+0000] {logging_mixin.py:190} INFO - [2025-08-31T18:41:52.791+0000] {dag.py:4180} INFO - Setting next_dagrun for example_subdag_operator to 2022-01-01 00:00:00+00:00, run_after=2022-01-01 00:00:00+00:00
[2025-08-31T18:41:52.796+0000] {logging_mixin.py:190} INFO - [2025-08-31T18:41:52.796+0000] {dag.py:4180} INFO - Setting next_dagrun for example_subdag_operator.section-1 to None, run_after=None
[2025-08-31T18:41:52.797+0000] {logging_mixin.py:190} INFO - [2025-08-31T18:41:52.797+0000] {dag.py:4180} INFO - Setting next_dagrun for example_subdag_operator.section-2 to None, run_after=None
[2025-08-31T18:41:52.806+0000] {logging_mixin.py:190} INFO - [2025-08-31T18:41:52.805+0000] {dag.py:3239} INFO - Sync 2 DAGs
[2025-08-31T18:41:52.810+0000] {logging_mixin.py:190} INFO - [2025-08-31T18:41:52.810+0000] {dag.py:4180} INFO - Setting next_dagrun for example_subdag_operator.section-1 to None, run_after=None
[2025-08-31T18:41:52.811+0000] {logging_mixin.py:190} INFO - [2025-08-31T18:41:52.810+0000] {dag.py:4180} INFO - Setting next_dagrun for example_subdag_operator.section-2 to None, run_after=None
[2025-08-31T18:41:52.831+0000] {processor.py:208} INFO - Processing /home/krishnaformeera/Sumitomo/datapipeline/venv/lib/python3.11/site-packages/airflow/example_dags/example_subdag_operator.py took 0.103 seconds
[2025-08-31T18:42:48.205+0000] {processor.py:186} INFO - Started process (PID=6683) to work on /home/krishnaformeera/Sumitomo/datapipeline/venv/lib/python3.11/site-packages/airflow/example_dags/example_subdag_operator.py
[2025-08-31T18:42:48.206+0000] {processor.py:914} INFO - Processing file /home/krishnaformeera/Sumitomo/datapipeline/venv/lib/python3.11/site-packages/airflow/example_dags/example_subdag_operator.py for tasks to queue
[2025-08-31T18:42:48.208+0000] {logging_mixin.py:190} INFO - [2025-08-31T18:42:48.208+0000] {dagbag.py:588} INFO - Filling up the DagBag from /home/krishnaformeera/Sumitomo/datapipeline/venv/lib/python3.11/site-packages/airflow/example_dags/example_subdag_operator.py
[2025-08-31T18:42:48.230+0000] {processor.py:925} INFO - DAG(s) 'example_subdag_operator.section-1', 'example_subdag_operator.section-2', 'example_subdag_operator' retrieved from /home/krishnaformeera/Sumitomo/datapipeline/venv/lib/python3.11/site-packages/airflow/example_dags/example_subdag_operator.py
[2025-08-31T18:42:48.336+0000] {logging_mixin.py:190} INFO - [2025-08-31T18:42:48.336+0000] {dag.py:3239} INFO - Sync 3 DAGs
[2025-08-31T18:42:48.353+0000] {logging_mixin.py:190} INFO - [2025-08-31T18:42:48.353+0000] {dag.py:4180} INFO - Setting next_dagrun for example_subdag_operator to 2022-01-01 00:00:00+00:00, run_after=2022-01-01 00:00:00+00:00
[2025-08-31T18:42:48.355+0000] {logging_mixin.py:190} INFO - [2025-08-31T18:42:48.355+0000] {dag.py:4180} INFO - Setting next_dagrun for example_subdag_operator.section-1 to None, run_after=None
[2025-08-31T18:42:48.356+0000] {logging_mixin.py:190} INFO - [2025-08-31T18:42:48.356+0000] {dag.py:4180} INFO - Setting next_dagrun for example_subdag_operator.section-2 to None, run_after=None
[2025-08-31T18:42:48.361+0000] {logging_mixin.py:190} INFO - [2025-08-31T18:42:48.360+0000] {dag.py:3239} INFO - Sync 2 DAGs
[2025-08-31T18:42:48.364+0000] {logging_mixin.py:190} INFO - [2025-08-31T18:42:48.363+0000] {dag.py:4180} INFO - Setting next_dagrun for example_subdag_operator.section-1 to None, run_after=None
[2025-08-31T18:42:48.364+0000] {logging_mixin.py:190} INFO - [2025-08-31T18:42:48.364+0000] {dag.py:4180} INFO - Setting next_dagrun for example_subdag_operator.section-2 to None, run_after=None
[2025-08-31T18:42:48.378+0000] {processor.py:208} INFO - Processing /home/krishnaformeera/Sumitomo/datapipeline/venv/lib/python3.11/site-packages/airflow/example_dags/example_subdag_operator.py took 0.179 seconds
[2025-08-31T18:43:47.357+0000] {processor.py:186} INFO - Started process (PID=6930) to work on /home/krishnaformeera/Sumitomo/datapipeline/venv/lib/python3.11/site-packages/airflow/example_dags/example_subdag_operator.py
[2025-08-31T18:43:47.358+0000] {processor.py:914} INFO - Processing file /home/krishnaformeera/Sumitomo/datapipeline/venv/lib/python3.11/site-packages/airflow/example_dags/example_subdag_operator.py for tasks to queue
[2025-08-31T18:43:47.361+0000] {logging_mixin.py:190} INFO - [2025-08-31T18:43:47.360+0000] {dagbag.py:588} INFO - Filling up the DagBag from /home/krishnaformeera/Sumitomo/datapipeline/venv/lib/python3.11/site-packages/airflow/example_dags/example_subdag_operator.py
[2025-08-31T18:43:47.391+0000] {processor.py:925} INFO - DAG(s) 'example_subdag_operator.section-1', 'example_subdag_operator.section-2', 'example_subdag_operator' retrieved from /home/krishnaformeera/Sumitomo/datapipeline/venv/lib/python3.11/site-packages/airflow/example_dags/example_subdag_operator.py
[2025-08-31T18:43:47.409+0000] {logging_mixin.py:190} INFO - [2025-08-31T18:43:47.408+0000] {dag.py:3239} INFO - Sync 3 DAGs
[2025-08-31T18:43:47.435+0000] {logging_mixin.py:190} INFO - [2025-08-31T18:43:47.435+0000] {dag.py:4180} INFO - Setting next_dagrun for example_subdag_operator to 2022-01-01 00:00:00+00:00, run_after=2022-01-01 00:00:00+00:00
[2025-08-31T18:43:47.439+0000] {logging_mixin.py:190} INFO - [2025-08-31T18:43:47.439+0000] {dag.py:4180} INFO - Setting next_dagrun for example_subdag_operator.section-1 to None, run_after=None
[2025-08-31T18:43:47.441+0000] {logging_mixin.py:190} INFO - [2025-08-31T18:43:47.441+0000] {dag.py:4180} INFO - Setting next_dagrun for example_subdag_operator.section-2 to None, run_after=None
[2025-08-31T18:43:47.450+0000] {logging_mixin.py:190} INFO - [2025-08-31T18:43:47.450+0000] {dag.py:3239} INFO - Sync 2 DAGs
[2025-08-31T18:43:47.455+0000] {logging_mixin.py:190} INFO - [2025-08-31T18:43:47.455+0000] {dag.py:4180} INFO - Setting next_dagrun for example_subdag_operator.section-1 to None, run_after=None
[2025-08-31T18:43:47.456+0000] {logging_mixin.py:190} INFO - [2025-08-31T18:43:47.456+0000] {dag.py:4180} INFO - Setting next_dagrun for example_subdag_operator.section-2 to None, run_after=None
[2025-08-31T18:43:47.483+0000] {processor.py:208} INFO - Processing /home/krishnaformeera/Sumitomo/datapipeline/venv/lib/python3.11/site-packages/airflow/example_dags/example_subdag_operator.py took 0.133 seconds
[2025-08-31T18:44:37.215+0000] {processor.py:186} INFO - Started process (PID=7142) to work on /home/krishnaformeera/Sumitomo/datapipeline/venv/lib/python3.11/site-packages/airflow/example_dags/example_subdag_operator.py
[2025-08-31T18:44:37.216+0000] {processor.py:914} INFO - Processing file /home/krishnaformeera/Sumitomo/datapipeline/venv/lib/python3.11/site-packages/airflow/example_dags/example_subdag_operator.py for tasks to queue
[2025-08-31T18:44:37.218+0000] {logging_mixin.py:190} INFO - [2025-08-31T18:44:37.218+0000] {dagbag.py:588} INFO - Filling up the DagBag from /home/krishnaformeera/Sumitomo/datapipeline/venv/lib/python3.11/site-packages/airflow/example_dags/example_subdag_operator.py
[2025-08-31T18:44:37.242+0000] {processor.py:925} INFO - DAG(s) 'example_subdag_operator.section-1', 'example_subdag_operator.section-2', 'example_subdag_operator' retrieved from /home/krishnaformeera/Sumitomo/datapipeline/venv/lib/python3.11/site-packages/airflow/example_dags/example_subdag_operator.py
[2025-08-31T18:44:37.257+0000] {logging_mixin.py:190} INFO - [2025-08-31T18:44:37.257+0000] {dag.py:3239} INFO - Sync 3 DAGs
[2025-08-31T18:44:37.276+0000] {logging_mixin.py:190} INFO - [2025-08-31T18:44:37.276+0000] {dag.py:4180} INFO - Setting next_dagrun for example_subdag_operator to 2022-01-01 00:00:00+00:00, run_after=2022-01-01 00:00:00+00:00
[2025-08-31T18:44:37.279+0000] {logging_mixin.py:190} INFO - [2025-08-31T18:44:37.278+0000] {dag.py:4180} INFO - Setting next_dagrun for example_subdag_operator.section-1 to None, run_after=None
[2025-08-31T18:44:37.279+0000] {logging_mixin.py:190} INFO - [2025-08-31T18:44:37.279+0000] {dag.py:4180} INFO - Setting next_dagrun for example_subdag_operator.section-2 to None, run_after=None
[2025-08-31T18:44:37.286+0000] {logging_mixin.py:190} INFO - [2025-08-31T18:44:37.286+0000] {dag.py:3239} INFO - Sync 2 DAGs
[2025-08-31T18:44:37.291+0000] {logging_mixin.py:190} INFO - [2025-08-31T18:44:37.291+0000] {dag.py:4180} INFO - Setting next_dagrun for example_subdag_operator.section-1 to None, run_after=None
[2025-08-31T18:44:37.291+0000] {logging_mixin.py:190} INFO - [2025-08-31T18:44:37.291+0000] {dag.py:4180} INFO - Setting next_dagrun for example_subdag_operator.section-2 to None, run_after=None
[2025-08-31T18:44:37.308+0000] {processor.py:208} INFO - Processing /home/krishnaformeera/Sumitomo/datapipeline/venv/lib/python3.11/site-packages/airflow/example_dags/example_subdag_operator.py took 0.101 seconds
[2025-08-31T18:45:27.726+0000] {processor.py:186} INFO - Started process (PID=7393) to work on /home/krishnaformeera/Sumitomo/datapipeline/venv/lib/python3.11/site-packages/airflow/example_dags/example_subdag_operator.py
[2025-08-31T18:45:27.727+0000] {processor.py:914} INFO - Processing file /home/krishnaformeera/Sumitomo/datapipeline/venv/lib/python3.11/site-packages/airflow/example_dags/example_subdag_operator.py for tasks to queue
[2025-08-31T18:45:27.730+0000] {logging_mixin.py:190} INFO - [2025-08-31T18:45:27.730+0000] {dagbag.py:588} INFO - Filling up the DagBag from /home/krishnaformeera/Sumitomo/datapipeline/venv/lib/python3.11/site-packages/airflow/example_dags/example_subdag_operator.py
[2025-08-31T18:45:27.753+0000] {processor.py:925} INFO - DAG(s) 'example_subdag_operator.section-1', 'example_subdag_operator.section-2', 'example_subdag_operator' retrieved from /home/krishnaformeera/Sumitomo/datapipeline/venv/lib/python3.11/site-packages/airflow/example_dags/example_subdag_operator.py
[2025-08-31T18:45:27.765+0000] {logging_mixin.py:190} INFO - [2025-08-31T18:45:27.765+0000] {dag.py:3239} INFO - Sync 3 DAGs
[2025-08-31T18:45:27.783+0000] {logging_mixin.py:190} INFO - [2025-08-31T18:45:27.783+0000] {dag.py:4180} INFO - Setting next_dagrun for example_subdag_operator to 2022-01-01 00:00:00+00:00, run_after=2022-01-01 00:00:00+00:00
[2025-08-31T18:45:27.785+0000] {logging_mixin.py:190} INFO - [2025-08-31T18:45:27.785+0000] {dag.py:4180} INFO - Setting next_dagrun for example_subdag_operator.section-1 to None, run_after=None
[2025-08-31T18:45:27.786+0000] {logging_mixin.py:190} INFO - [2025-08-31T18:45:27.786+0000] {dag.py:4180} INFO - Setting next_dagrun for example_subdag_operator.section-2 to None, run_after=None
[2025-08-31T18:45:27.791+0000] {logging_mixin.py:190} INFO - [2025-08-31T18:45:27.791+0000] {dag.py:3239} INFO - Sync 2 DAGs
[2025-08-31T18:45:27.794+0000] {logging_mixin.py:190} INFO - [2025-08-31T18:45:27.794+0000] {dag.py:4180} INFO - Setting next_dagrun for example_subdag_operator.section-1 to None, run_after=None
[2025-08-31T18:45:27.794+0000] {logging_mixin.py:190} INFO - [2025-08-31T18:45:27.794+0000] {dag.py:4180} INFO - Setting next_dagrun for example_subdag_operator.section-2 to None, run_after=None
[2025-08-31T18:45:27.810+0000] {processor.py:208} INFO - Processing /home/krishnaformeera/Sumitomo/datapipeline/venv/lib/python3.11/site-packages/airflow/example_dags/example_subdag_operator.py took 0.090 seconds
[2025-08-31T18:46:21.541+0000] {processor.py:186} INFO - Started process (PID=7640) to work on /home/krishnaformeera/Sumitomo/datapipeline/venv/lib/python3.11/site-packages/airflow/example_dags/example_subdag_operator.py
[2025-08-31T18:46:21.542+0000] {processor.py:914} INFO - Processing file /home/krishnaformeera/Sumitomo/datapipeline/venv/lib/python3.11/site-packages/airflow/example_dags/example_subdag_operator.py for tasks to queue
[2025-08-31T18:46:21.544+0000] {logging_mixin.py:190} INFO - [2025-08-31T18:46:21.544+0000] {dagbag.py:588} INFO - Filling up the DagBag from /home/krishnaformeera/Sumitomo/datapipeline/venv/lib/python3.11/site-packages/airflow/example_dags/example_subdag_operator.py
[2025-08-31T18:46:21.567+0000] {processor.py:925} INFO - DAG(s) 'example_subdag_operator.section-1', 'example_subdag_operator.section-2', 'example_subdag_operator' retrieved from /home/krishnaformeera/Sumitomo/datapipeline/venv/lib/python3.11/site-packages/airflow/example_dags/example_subdag_operator.py
[2025-08-31T18:46:21.580+0000] {logging_mixin.py:190} INFO - [2025-08-31T18:46:21.580+0000] {dag.py:3239} INFO - Sync 3 DAGs
[2025-08-31T18:46:21.598+0000] {logging_mixin.py:190} INFO - [2025-08-31T18:46:21.598+0000] {dag.py:4180} INFO - Setting next_dagrun for example_subdag_operator to 2022-01-01 00:00:00+00:00, run_after=2022-01-01 00:00:00+00:00
[2025-08-31T18:46:21.601+0000] {logging_mixin.py:190} INFO - [2025-08-31T18:46:21.601+0000] {dag.py:4180} INFO - Setting next_dagrun for example_subdag_operator.section-1 to None, run_after=None
[2025-08-31T18:46:21.602+0000] {logging_mixin.py:190} INFO - [2025-08-31T18:46:21.602+0000] {dag.py:4180} INFO - Setting next_dagrun for example_subdag_operator.section-2 to None, run_after=None
[2025-08-31T18:46:21.608+0000] {logging_mixin.py:190} INFO - [2025-08-31T18:46:21.608+0000] {dag.py:3239} INFO - Sync 2 DAGs
[2025-08-31T18:46:21.611+0000] {logging_mixin.py:190} INFO - [2025-08-31T18:46:21.611+0000] {dag.py:4180} INFO - Setting next_dagrun for example_subdag_operator.section-1 to None, run_after=None
[2025-08-31T18:46:21.612+0000] {logging_mixin.py:190} INFO - [2025-08-31T18:46:21.612+0000] {dag.py:4180} INFO - Setting next_dagrun for example_subdag_operator.section-2 to None, run_after=None
[2025-08-31T18:46:21.629+0000] {processor.py:208} INFO - Processing /home/krishnaformeera/Sumitomo/datapipeline/venv/lib/python3.11/site-packages/airflow/example_dags/example_subdag_operator.py took 0.094 seconds
[2025-08-31T18:47:13.640+0000] {processor.py:186} INFO - Started process (PID=7780) to work on /home/krishnaformeera/Sumitomo/datapipeline/venv/lib/python3.11/site-packages/airflow/example_dags/example_subdag_operator.py
[2025-08-31T18:47:13.641+0000] {processor.py:914} INFO - Processing file /home/krishnaformeera/Sumitomo/datapipeline/venv/lib/python3.11/site-packages/airflow/example_dags/example_subdag_operator.py for tasks to queue
[2025-08-31T18:47:13.645+0000] {logging_mixin.py:190} INFO - [2025-08-31T18:47:13.644+0000] {dagbag.py:588} INFO - Filling up the DagBag from /home/krishnaformeera/Sumitomo/datapipeline/venv/lib/python3.11/site-packages/airflow/example_dags/example_subdag_operator.py
[2025-08-31T18:47:13.671+0000] {processor.py:925} INFO - DAG(s) 'example_subdag_operator.section-1', 'example_subdag_operator.section-2', 'example_subdag_operator' retrieved from /home/krishnaformeera/Sumitomo/datapipeline/venv/lib/python3.11/site-packages/airflow/example_dags/example_subdag_operator.py
[2025-08-31T18:47:13.686+0000] {logging_mixin.py:190} INFO - [2025-08-31T18:47:13.685+0000] {dag.py:3239} INFO - Sync 3 DAGs
[2025-08-31T18:47:13.705+0000] {logging_mixin.py:190} INFO - [2025-08-31T18:47:13.704+0000] {dag.py:4180} INFO - Setting next_dagrun for example_subdag_operator to 2022-01-01 00:00:00+00:00, run_after=2022-01-01 00:00:00+00:00
[2025-08-31T18:47:13.707+0000] {logging_mixin.py:190} INFO - [2025-08-31T18:47:13.707+0000] {dag.py:4180} INFO - Setting next_dagrun for example_subdag_operator.section-1 to None, run_after=None
[2025-08-31T18:47:13.708+0000] {logging_mixin.py:190} INFO - [2025-08-31T18:47:13.708+0000] {dag.py:4180} INFO - Setting next_dagrun for example_subdag_operator.section-2 to None, run_after=None
[2025-08-31T18:47:13.714+0000] {logging_mixin.py:190} INFO - [2025-08-31T18:47:13.714+0000] {dag.py:3239} INFO - Sync 2 DAGs
[2025-08-31T18:47:13.717+0000] {logging_mixin.py:190} INFO - [2025-08-31T18:47:13.717+0000] {dag.py:4180} INFO - Setting next_dagrun for example_subdag_operator.section-1 to None, run_after=None
[2025-08-31T18:47:13.717+0000] {logging_mixin.py:190} INFO - [2025-08-31T18:47:13.717+0000] {dag.py:4180} INFO - Setting next_dagrun for example_subdag_operator.section-2 to None, run_after=None
[2025-08-31T18:47:13.732+0000] {processor.py:208} INFO - Processing /home/krishnaformeera/Sumitomo/datapipeline/venv/lib/python3.11/site-packages/airflow/example_dags/example_subdag_operator.py took 0.098 seconds
[2025-08-31T18:48:04.079+0000] {processor.py:186} INFO - Started process (PID=7836) to work on /home/krishnaformeera/Sumitomo/datapipeline/venv/lib/python3.11/site-packages/airflow/example_dags/example_subdag_operator.py
[2025-08-31T18:48:04.080+0000] {processor.py:914} INFO - Processing file /home/krishnaformeera/Sumitomo/datapipeline/venv/lib/python3.11/site-packages/airflow/example_dags/example_subdag_operator.py for tasks to queue
[2025-08-31T18:48:04.083+0000] {logging_mixin.py:190} INFO - [2025-08-31T18:48:04.083+0000] {dagbag.py:588} INFO - Filling up the DagBag from /home/krishnaformeera/Sumitomo/datapipeline/venv/lib/python3.11/site-packages/airflow/example_dags/example_subdag_operator.py
[2025-08-31T18:48:04.106+0000] {processor.py:925} INFO - DAG(s) 'example_subdag_operator.section-1', 'example_subdag_operator.section-2', 'example_subdag_operator' retrieved from /home/krishnaformeera/Sumitomo/datapipeline/venv/lib/python3.11/site-packages/airflow/example_dags/example_subdag_operator.py
[2025-08-31T18:48:04.119+0000] {logging_mixin.py:190} INFO - [2025-08-31T18:48:04.118+0000] {dag.py:3239} INFO - Sync 3 DAGs
[2025-08-31T18:48:04.136+0000] {logging_mixin.py:190} INFO - [2025-08-31T18:48:04.136+0000] {dag.py:4180} INFO - Setting next_dagrun for example_subdag_operator to 2022-01-01 00:00:00+00:00, run_after=2022-01-01 00:00:00+00:00
[2025-08-31T18:48:04.139+0000] {logging_mixin.py:190} INFO - [2025-08-31T18:48:04.139+0000] {dag.py:4180} INFO - Setting next_dagrun for example_subdag_operator.section-1 to None, run_after=None
[2025-08-31T18:48:04.140+0000] {logging_mixin.py:190} INFO - [2025-08-31T18:48:04.139+0000] {dag.py:4180} INFO - Setting next_dagrun for example_subdag_operator.section-2 to None, run_after=None
[2025-08-31T18:48:04.145+0000] {logging_mixin.py:190} INFO - [2025-08-31T18:48:04.145+0000] {dag.py:3239} INFO - Sync 2 DAGs
[2025-08-31T18:48:04.148+0000] {logging_mixin.py:190} INFO - [2025-08-31T18:48:04.148+0000] {dag.py:4180} INFO - Setting next_dagrun for example_subdag_operator.section-1 to None, run_after=None
[2025-08-31T18:48:04.148+0000] {logging_mixin.py:190} INFO - [2025-08-31T18:48:04.148+0000] {dag.py:4180} INFO - Setting next_dagrun for example_subdag_operator.section-2 to None, run_after=None
[2025-08-31T18:48:04.165+0000] {processor.py:208} INFO - Processing /home/krishnaformeera/Sumitomo/datapipeline/venv/lib/python3.11/site-packages/airflow/example_dags/example_subdag_operator.py took 0.092 seconds
[2025-08-31T18:48:53.459+0000] {processor.py:186} INFO - Started process (PID=7891) to work on /home/krishnaformeera/Sumitomo/datapipeline/venv/lib/python3.11/site-packages/airflow/example_dags/example_subdag_operator.py
[2025-08-31T18:48:53.460+0000] {processor.py:914} INFO - Processing file /home/krishnaformeera/Sumitomo/datapipeline/venv/lib/python3.11/site-packages/airflow/example_dags/example_subdag_operator.py for tasks to queue
[2025-08-31T18:48:53.463+0000] {logging_mixin.py:190} INFO - [2025-08-31T18:48:53.462+0000] {dagbag.py:588} INFO - Filling up the DagBag from /home/krishnaformeera/Sumitomo/datapipeline/venv/lib/python3.11/site-packages/airflow/example_dags/example_subdag_operator.py
[2025-08-31T18:48:53.484+0000] {processor.py:925} INFO - DAG(s) 'example_subdag_operator.section-1', 'example_subdag_operator.section-2', 'example_subdag_operator' retrieved from /home/krishnaformeera/Sumitomo/datapipeline/venv/lib/python3.11/site-packages/airflow/example_dags/example_subdag_operator.py
[2025-08-31T18:48:53.496+0000] {logging_mixin.py:190} INFO - [2025-08-31T18:48:53.496+0000] {dag.py:3239} INFO - Sync 3 DAGs
[2025-08-31T18:48:53.514+0000] {logging_mixin.py:190} INFO - [2025-08-31T18:48:53.513+0000] {dag.py:4180} INFO - Setting next_dagrun for example_subdag_operator to 2022-01-01 00:00:00+00:00, run_after=2022-01-01 00:00:00+00:00
[2025-08-31T18:48:53.516+0000] {logging_mixin.py:190} INFO - [2025-08-31T18:48:53.516+0000] {dag.py:4180} INFO - Setting next_dagrun for example_subdag_operator.section-1 to None, run_after=None
[2025-08-31T18:48:53.517+0000] {logging_mixin.py:190} INFO - [2025-08-31T18:48:53.516+0000] {dag.py:4180} INFO - Setting next_dagrun for example_subdag_operator.section-2 to None, run_after=None
[2025-08-31T18:48:53.522+0000] {logging_mixin.py:190} INFO - [2025-08-31T18:48:53.521+0000] {dag.py:3239} INFO - Sync 2 DAGs
[2025-08-31T18:48:53.524+0000] {logging_mixin.py:190} INFO - [2025-08-31T18:48:53.524+0000] {dag.py:4180} INFO - Setting next_dagrun for example_subdag_operator.section-1 to None, run_after=None
[2025-08-31T18:48:53.525+0000] {logging_mixin.py:190} INFO - [2025-08-31T18:48:53.525+0000] {dag.py:4180} INFO - Setting next_dagrun for example_subdag_operator.section-2 to None, run_after=None
[2025-08-31T18:48:53.541+0000] {processor.py:208} INFO - Processing /home/krishnaformeera/Sumitomo/datapipeline/venv/lib/python3.11/site-packages/airflow/example_dags/example_subdag_operator.py took 0.088 seconds
[2025-08-31T18:49:45.309+0000] {processor.py:186} INFO - Started process (PID=7959) to work on /home/krishnaformeera/Sumitomo/datapipeline/venv/lib/python3.11/site-packages/airflow/example_dags/example_subdag_operator.py
[2025-08-31T18:49:45.310+0000] {processor.py:914} INFO - Processing file /home/krishnaformeera/Sumitomo/datapipeline/venv/lib/python3.11/site-packages/airflow/example_dags/example_subdag_operator.py for tasks to queue
[2025-08-31T18:49:45.314+0000] {logging_mixin.py:190} INFO - [2025-08-31T18:49:45.313+0000] {dagbag.py:588} INFO - Filling up the DagBag from /home/krishnaformeera/Sumitomo/datapipeline/venv/lib/python3.11/site-packages/airflow/example_dags/example_subdag_operator.py
[2025-08-31T18:49:45.336+0000] {processor.py:925} INFO - DAG(s) 'example_subdag_operator.section-1', 'example_subdag_operator.section-2', 'example_subdag_operator' retrieved from /home/krishnaformeera/Sumitomo/datapipeline/venv/lib/python3.11/site-packages/airflow/example_dags/example_subdag_operator.py
[2025-08-31T18:49:45.351+0000] {logging_mixin.py:190} INFO - [2025-08-31T18:49:45.351+0000] {dag.py:3239} INFO - Sync 3 DAGs
[2025-08-31T18:49:45.371+0000] {logging_mixin.py:190} INFO - [2025-08-31T18:49:45.371+0000] {dag.py:4180} INFO - Setting next_dagrun for example_subdag_operator to 2022-01-01 00:00:00+00:00, run_after=2022-01-01 00:00:00+00:00
[2025-08-31T18:49:45.374+0000] {logging_mixin.py:190} INFO - [2025-08-31T18:49:45.374+0000] {dag.py:4180} INFO - Setting next_dagrun for example_subdag_operator.section-1 to None, run_after=None
[2025-08-31T18:49:45.376+0000] {logging_mixin.py:190} INFO - [2025-08-31T18:49:45.375+0000] {dag.py:4180} INFO - Setting next_dagrun for example_subdag_operator.section-2 to None, run_after=None
[2025-08-31T18:49:45.383+0000] {logging_mixin.py:190} INFO - [2025-08-31T18:49:45.382+0000] {dag.py:3239} INFO - Sync 2 DAGs
[2025-08-31T18:49:45.387+0000] {logging_mixin.py:190} INFO - [2025-08-31T18:49:45.387+0000] {dag.py:4180} INFO - Setting next_dagrun for example_subdag_operator.section-1 to None, run_after=None
[2025-08-31T18:49:45.387+0000] {logging_mixin.py:190} INFO - [2025-08-31T18:49:45.387+0000] {dag.py:4180} INFO - Setting next_dagrun for example_subdag_operator.section-2 to None, run_after=None
[2025-08-31T18:49:45.403+0000] {processor.py:208} INFO - Processing /home/krishnaformeera/Sumitomo/datapipeline/venv/lib/python3.11/site-packages/airflow/example_dags/example_subdag_operator.py took 0.101 seconds
[2025-08-31T18:50:38.264+0000] {processor.py:186} INFO - Started process (PID=8069) to work on /home/krishnaformeera/Sumitomo/datapipeline/venv/lib/python3.11/site-packages/airflow/example_dags/example_subdag_operator.py
[2025-08-31T18:50:38.265+0000] {processor.py:914} INFO - Processing file /home/krishnaformeera/Sumitomo/datapipeline/venv/lib/python3.11/site-packages/airflow/example_dags/example_subdag_operator.py for tasks to queue
[2025-08-31T18:50:38.268+0000] {logging_mixin.py:190} INFO - [2025-08-31T18:50:38.267+0000] {dagbag.py:588} INFO - Filling up the DagBag from /home/krishnaformeera/Sumitomo/datapipeline/venv/lib/python3.11/site-packages/airflow/example_dags/example_subdag_operator.py
[2025-08-31T18:50:38.290+0000] {processor.py:925} INFO - DAG(s) 'example_subdag_operator.section-1', 'example_subdag_operator.section-2', 'example_subdag_operator' retrieved from /home/krishnaformeera/Sumitomo/datapipeline/venv/lib/python3.11/site-packages/airflow/example_dags/example_subdag_operator.py
[2025-08-31T18:50:38.304+0000] {logging_mixin.py:190} INFO - [2025-08-31T18:50:38.304+0000] {dag.py:3239} INFO - Sync 3 DAGs
[2025-08-31T18:50:38.328+0000] {logging_mixin.py:190} INFO - [2025-08-31T18:50:38.328+0000] {dag.py:4180} INFO - Setting next_dagrun for example_subdag_operator to 2022-01-01 00:00:00+00:00, run_after=2022-01-01 00:00:00+00:00
[2025-08-31T18:50:38.331+0000] {logging_mixin.py:190} INFO - [2025-08-31T18:50:38.330+0000] {dag.py:4180} INFO - Setting next_dagrun for example_subdag_operator.section-1 to None, run_after=None
[2025-08-31T18:50:38.332+0000] {logging_mixin.py:190} INFO - [2025-08-31T18:50:38.331+0000] {dag.py:4180} INFO - Setting next_dagrun for example_subdag_operator.section-2 to None, run_after=None
[2025-08-31T18:50:38.337+0000] {logging_mixin.py:190} INFO - [2025-08-31T18:50:38.337+0000] {dag.py:3239} INFO - Sync 2 DAGs
[2025-08-31T18:50:38.340+0000] {logging_mixin.py:190} INFO - [2025-08-31T18:50:38.340+0000] {dag.py:4180} INFO - Setting next_dagrun for example_subdag_operator.section-1 to None, run_after=None
[2025-08-31T18:50:38.340+0000] {logging_mixin.py:190} INFO - [2025-08-31T18:50:38.340+0000] {dag.py:4180} INFO - Setting next_dagrun for example_subdag_operator.section-2 to None, run_after=None
[2025-08-31T18:50:38.355+0000] {processor.py:208} INFO - Processing /home/krishnaformeera/Sumitomo/datapipeline/venv/lib/python3.11/site-packages/airflow/example_dags/example_subdag_operator.py took 0.098 seconds
[2025-08-31T18:51:29.959+0000] {processor.py:186} INFO - Started process (PID=8150) to work on /home/krishnaformeera/Sumitomo/datapipeline/venv/lib/python3.11/site-packages/airflow/example_dags/example_subdag_operator.py
[2025-08-31T18:51:29.960+0000] {processor.py:914} INFO - Processing file /home/krishnaformeera/Sumitomo/datapipeline/venv/lib/python3.11/site-packages/airflow/example_dags/example_subdag_operator.py for tasks to queue
[2025-08-31T18:51:29.964+0000] {logging_mixin.py:190} INFO - [2025-08-31T18:51:29.964+0000] {dagbag.py:588} INFO - Filling up the DagBag from /home/krishnaformeera/Sumitomo/datapipeline/venv/lib/python3.11/site-packages/airflow/example_dags/example_subdag_operator.py
[2025-08-31T18:51:29.997+0000] {processor.py:925} INFO - DAG(s) 'example_subdag_operator.section-1', 'example_subdag_operator.section-2', 'example_subdag_operator' retrieved from /home/krishnaformeera/Sumitomo/datapipeline/venv/lib/python3.11/site-packages/airflow/example_dags/example_subdag_operator.py
[2025-08-31T18:51:30.019+0000] {logging_mixin.py:190} INFO - [2025-08-31T18:51:30.019+0000] {dag.py:3239} INFO - Sync 3 DAGs
[2025-08-31T18:51:30.048+0000] {logging_mixin.py:190} INFO - [2025-08-31T18:51:30.048+0000] {dag.py:4180} INFO - Setting next_dagrun for example_subdag_operator to 2022-01-01 00:00:00+00:00, run_after=2022-01-01 00:00:00+00:00
[2025-08-31T18:51:30.052+0000] {logging_mixin.py:190} INFO - [2025-08-31T18:51:30.051+0000] {dag.py:4180} INFO - Setting next_dagrun for example_subdag_operator.section-1 to None, run_after=None
[2025-08-31T18:51:30.053+0000] {logging_mixin.py:190} INFO - [2025-08-31T18:51:30.053+0000] {dag.py:4180} INFO - Setting next_dagrun for example_subdag_operator.section-2 to None, run_after=None
[2025-08-31T18:51:30.063+0000] {logging_mixin.py:190} INFO - [2025-08-31T18:51:30.062+0000] {dag.py:3239} INFO - Sync 2 DAGs
[2025-08-31T18:51:30.069+0000] {logging_mixin.py:190} INFO - [2025-08-31T18:51:30.069+0000] {dag.py:4180} INFO - Setting next_dagrun for example_subdag_operator.section-1 to None, run_after=None
[2025-08-31T18:51:30.070+0000] {logging_mixin.py:190} INFO - [2025-08-31T18:51:30.069+0000] {dag.py:4180} INFO - Setting next_dagrun for example_subdag_operator.section-2 to None, run_after=None
[2025-08-31T18:51:30.086+0000] {processor.py:208} INFO - Processing /home/krishnaformeera/Sumitomo/datapipeline/venv/lib/python3.11/site-packages/airflow/example_dags/example_subdag_operator.py took 0.134 seconds
[2025-08-31T18:52:20.076+0000] {processor.py:186} INFO - Started process (PID=8224) to work on /home/krishnaformeera/Sumitomo/datapipeline/venv/lib/python3.11/site-packages/airflow/example_dags/example_subdag_operator.py
[2025-08-31T18:52:20.077+0000] {processor.py:914} INFO - Processing file /home/krishnaformeera/Sumitomo/datapipeline/venv/lib/python3.11/site-packages/airflow/example_dags/example_subdag_operator.py for tasks to queue
[2025-08-31T18:52:20.079+0000] {logging_mixin.py:190} INFO - [2025-08-31T18:52:20.079+0000] {dagbag.py:588} INFO - Filling up the DagBag from /home/krishnaformeera/Sumitomo/datapipeline/venv/lib/python3.11/site-packages/airflow/example_dags/example_subdag_operator.py
[2025-08-31T18:52:20.103+0000] {processor.py:925} INFO - DAG(s) 'example_subdag_operator.section-1', 'example_subdag_operator.section-2', 'example_subdag_operator' retrieved from /home/krishnaformeera/Sumitomo/datapipeline/venv/lib/python3.11/site-packages/airflow/example_dags/example_subdag_operator.py
[2025-08-31T18:52:20.115+0000] {logging_mixin.py:190} INFO - [2025-08-31T18:52:20.115+0000] {dag.py:3239} INFO - Sync 3 DAGs
[2025-08-31T18:52:20.133+0000] {logging_mixin.py:190} INFO - [2025-08-31T18:52:20.133+0000] {dag.py:4180} INFO - Setting next_dagrun for example_subdag_operator to 2022-01-01 00:00:00+00:00, run_after=2022-01-01 00:00:00+00:00
[2025-08-31T18:52:20.136+0000] {logging_mixin.py:190} INFO - [2025-08-31T18:52:20.136+0000] {dag.py:4180} INFO - Setting next_dagrun for example_subdag_operator.section-1 to None, run_after=None
[2025-08-31T18:52:20.136+0000] {logging_mixin.py:190} INFO - [2025-08-31T18:52:20.136+0000] {dag.py:4180} INFO - Setting next_dagrun for example_subdag_operator.section-2 to None, run_after=None
[2025-08-31T18:52:20.142+0000] {logging_mixin.py:190} INFO - [2025-08-31T18:52:20.141+0000] {dag.py:3239} INFO - Sync 2 DAGs
[2025-08-31T18:52:20.145+0000] {logging_mixin.py:190} INFO - [2025-08-31T18:52:20.145+0000] {dag.py:4180} INFO - Setting next_dagrun for example_subdag_operator.section-1 to None, run_after=None
[2025-08-31T18:52:20.145+0000] {logging_mixin.py:190} INFO - [2025-08-31T18:52:20.145+0000] {dag.py:4180} INFO - Setting next_dagrun for example_subdag_operator.section-2 to None, run_after=None
[2025-08-31T18:52:20.161+0000] {processor.py:208} INFO - Processing /home/krishnaformeera/Sumitomo/datapipeline/venv/lib/python3.11/site-packages/airflow/example_dags/example_subdag_operator.py took 0.093 seconds
[2025-08-31T18:53:08.304+0000] {processor.py:186} INFO - Started process (PID=8279) to work on /home/krishnaformeera/Sumitomo/datapipeline/venv/lib/python3.11/site-packages/airflow/example_dags/example_subdag_operator.py
[2025-08-31T18:53:08.306+0000] {processor.py:914} INFO - Processing file /home/krishnaformeera/Sumitomo/datapipeline/venv/lib/python3.11/site-packages/airflow/example_dags/example_subdag_operator.py for tasks to queue
[2025-08-31T18:53:08.309+0000] {logging_mixin.py:190} INFO - [2025-08-31T18:53:08.309+0000] {dagbag.py:588} INFO - Filling up the DagBag from /home/krishnaformeera/Sumitomo/datapipeline/venv/lib/python3.11/site-packages/airflow/example_dags/example_subdag_operator.py
[2025-08-31T18:53:08.342+0000] {processor.py:925} INFO - DAG(s) 'example_subdag_operator.section-1', 'example_subdag_operator.section-2', 'example_subdag_operator' retrieved from /home/krishnaformeera/Sumitomo/datapipeline/venv/lib/python3.11/site-packages/airflow/example_dags/example_subdag_operator.py
[2025-08-31T18:53:08.360+0000] {logging_mixin.py:190} INFO - [2025-08-31T18:53:08.359+0000] {dag.py:3239} INFO - Sync 3 DAGs
[2025-08-31T18:53:08.386+0000] {logging_mixin.py:190} INFO - [2025-08-31T18:53:08.385+0000] {dag.py:4180} INFO - Setting next_dagrun for example_subdag_operator to 2022-01-01 00:00:00+00:00, run_after=2022-01-01 00:00:00+00:00
[2025-08-31T18:53:08.390+0000] {logging_mixin.py:190} INFO - [2025-08-31T18:53:08.390+0000] {dag.py:4180} INFO - Setting next_dagrun for example_subdag_operator.section-1 to None, run_after=None
[2025-08-31T18:53:08.391+0000] {logging_mixin.py:190} INFO - [2025-08-31T18:53:08.391+0000] {dag.py:4180} INFO - Setting next_dagrun for example_subdag_operator.section-2 to None, run_after=None
[2025-08-31T18:53:08.400+0000] {logging_mixin.py:190} INFO - [2025-08-31T18:53:08.399+0000] {dag.py:3239} INFO - Sync 2 DAGs
[2025-08-31T18:53:08.406+0000] {logging_mixin.py:190} INFO - [2025-08-31T18:53:08.405+0000] {dag.py:4180} INFO - Setting next_dagrun for example_subdag_operator.section-1 to None, run_after=None
[2025-08-31T18:53:08.406+0000] {logging_mixin.py:190} INFO - [2025-08-31T18:53:08.406+0000] {dag.py:4180} INFO - Setting next_dagrun for example_subdag_operator.section-2 to None, run_after=None
[2025-08-31T18:53:08.426+0000] {processor.py:208} INFO - Processing /home/krishnaformeera/Sumitomo/datapipeline/venv/lib/python3.11/site-packages/airflow/example_dags/example_subdag_operator.py took 0.130 seconds
[2025-08-31T18:53:57.375+0000] {processor.py:186} INFO - Started process (PID=8473) to work on /home/krishnaformeera/Sumitomo/datapipeline/venv/lib/python3.11/site-packages/airflow/example_dags/example_subdag_operator.py
[2025-08-31T18:53:57.376+0000] {processor.py:914} INFO - Processing file /home/krishnaformeera/Sumitomo/datapipeline/venv/lib/python3.11/site-packages/airflow/example_dags/example_subdag_operator.py for tasks to queue
[2025-08-31T18:53:57.379+0000] {logging_mixin.py:190} INFO - [2025-08-31T18:53:57.379+0000] {dagbag.py:588} INFO - Filling up the DagBag from /home/krishnaformeera/Sumitomo/datapipeline/venv/lib/python3.11/site-packages/airflow/example_dags/example_subdag_operator.py
[2025-08-31T18:53:57.407+0000] {processor.py:925} INFO - DAG(s) 'example_subdag_operator.section-1', 'example_subdag_operator.section-2', 'example_subdag_operator' retrieved from /home/krishnaformeera/Sumitomo/datapipeline/venv/lib/python3.11/site-packages/airflow/example_dags/example_subdag_operator.py
[2025-08-31T18:53:57.423+0000] {logging_mixin.py:190} INFO - [2025-08-31T18:53:57.422+0000] {dag.py:3239} INFO - Sync 3 DAGs
[2025-08-31T18:53:57.443+0000] {logging_mixin.py:190} INFO - [2025-08-31T18:53:57.442+0000] {dag.py:4180} INFO - Setting next_dagrun for example_subdag_operator to 2022-01-01 00:00:00+00:00, run_after=2022-01-01 00:00:00+00:00
[2025-08-31T18:53:57.445+0000] {logging_mixin.py:190} INFO - [2025-08-31T18:53:57.445+0000] {dag.py:4180} INFO - Setting next_dagrun for example_subdag_operator.section-1 to None, run_after=None
[2025-08-31T18:53:57.446+0000] {logging_mixin.py:190} INFO - [2025-08-31T18:53:57.446+0000] {dag.py:4180} INFO - Setting next_dagrun for example_subdag_operator.section-2 to None, run_after=None
[2025-08-31T18:53:57.452+0000] {logging_mixin.py:190} INFO - [2025-08-31T18:53:57.452+0000] {dag.py:3239} INFO - Sync 2 DAGs
[2025-08-31T18:53:57.456+0000] {logging_mixin.py:190} INFO - [2025-08-31T18:53:57.456+0000] {dag.py:4180} INFO - Setting next_dagrun for example_subdag_operator.section-1 to None, run_after=None
[2025-08-31T18:53:57.457+0000] {logging_mixin.py:190} INFO - [2025-08-31T18:53:57.457+0000] {dag.py:4180} INFO - Setting next_dagrun for example_subdag_operator.section-2 to None, run_after=None
[2025-08-31T18:53:57.474+0000] {processor.py:208} INFO - Processing /home/krishnaformeera/Sumitomo/datapipeline/venv/lib/python3.11/site-packages/airflow/example_dags/example_subdag_operator.py took 0.106 seconds
[2025-08-31T18:54:45.398+0000] {processor.py:186} INFO - Started process (PID=8523) to work on /home/krishnaformeera/Sumitomo/datapipeline/venv/lib/python3.11/site-packages/airflow/example_dags/example_subdag_operator.py
[2025-08-31T18:54:45.399+0000] {processor.py:914} INFO - Processing file /home/krishnaformeera/Sumitomo/datapipeline/venv/lib/python3.11/site-packages/airflow/example_dags/example_subdag_operator.py for tasks to queue
[2025-08-31T18:54:45.402+0000] {logging_mixin.py:190} INFO - [2025-08-31T18:54:45.401+0000] {dagbag.py:588} INFO - Filling up the DagBag from /home/krishnaformeera/Sumitomo/datapipeline/venv/lib/python3.11/site-packages/airflow/example_dags/example_subdag_operator.py
[2025-08-31T18:54:45.424+0000] {processor.py:925} INFO - DAG(s) 'example_subdag_operator.section-1', 'example_subdag_operator.section-2', 'example_subdag_operator' retrieved from /home/krishnaformeera/Sumitomo/datapipeline/venv/lib/python3.11/site-packages/airflow/example_dags/example_subdag_operator.py
[2025-08-31T18:54:45.437+0000] {logging_mixin.py:190} INFO - [2025-08-31T18:54:45.437+0000] {dag.py:3239} INFO - Sync 3 DAGs
[2025-08-31T18:54:45.454+0000] {logging_mixin.py:190} INFO - [2025-08-31T18:54:45.454+0000] {dag.py:4180} INFO - Setting next_dagrun for example_subdag_operator to 2022-01-01 00:00:00+00:00, run_after=2022-01-01 00:00:00+00:00
[2025-08-31T18:54:45.457+0000] {logging_mixin.py:190} INFO - [2025-08-31T18:54:45.457+0000] {dag.py:4180} INFO - Setting next_dagrun for example_subdag_operator.section-1 to None, run_after=None
[2025-08-31T18:54:45.458+0000] {logging_mixin.py:190} INFO - [2025-08-31T18:54:45.457+0000] {dag.py:4180} INFO - Setting next_dagrun for example_subdag_operator.section-2 to None, run_after=None
[2025-08-31T18:54:45.463+0000] {logging_mixin.py:190} INFO - [2025-08-31T18:54:45.463+0000] {dag.py:3239} INFO - Sync 2 DAGs
[2025-08-31T18:54:45.466+0000] {logging_mixin.py:190} INFO - [2025-08-31T18:54:45.466+0000] {dag.py:4180} INFO - Setting next_dagrun for example_subdag_operator.section-1 to None, run_after=None
[2025-08-31T18:54:45.467+0000] {logging_mixin.py:190} INFO - [2025-08-31T18:54:45.467+0000] {dag.py:4180} INFO - Setting next_dagrun for example_subdag_operator.section-2 to None, run_after=None
[2025-08-31T18:54:45.482+0000] {processor.py:208} INFO - Processing /home/krishnaformeera/Sumitomo/datapipeline/venv/lib/python3.11/site-packages/airflow/example_dags/example_subdag_operator.py took 0.091 seconds
[2025-08-31T18:55:39.600+0000] {processor.py:186} INFO - Started process (PID=8603) to work on /home/krishnaformeera/Sumitomo/datapipeline/venv/lib/python3.11/site-packages/airflow/example_dags/example_subdag_operator.py
[2025-08-31T18:55:39.602+0000] {processor.py:914} INFO - Processing file /home/krishnaformeera/Sumitomo/datapipeline/venv/lib/python3.11/site-packages/airflow/example_dags/example_subdag_operator.py for tasks to queue
[2025-08-31T18:55:39.605+0000] {logging_mixin.py:190} INFO - [2025-08-31T18:55:39.605+0000] {dagbag.py:588} INFO - Filling up the DagBag from /home/krishnaformeera/Sumitomo/datapipeline/venv/lib/python3.11/site-packages/airflow/example_dags/example_subdag_operator.py
[2025-08-31T18:55:39.629+0000] {processor.py:925} INFO - DAG(s) 'example_subdag_operator.section-1', 'example_subdag_operator.section-2', 'example_subdag_operator' retrieved from /home/krishnaformeera/Sumitomo/datapipeline/venv/lib/python3.11/site-packages/airflow/example_dags/example_subdag_operator.py
[2025-08-31T18:55:39.642+0000] {logging_mixin.py:190} INFO - [2025-08-31T18:55:39.642+0000] {dag.py:3239} INFO - Sync 3 DAGs
[2025-08-31T18:55:39.660+0000] {logging_mixin.py:190} INFO - [2025-08-31T18:55:39.660+0000] {dag.py:4180} INFO - Setting next_dagrun for example_subdag_operator to 2022-01-01 00:00:00+00:00, run_after=2022-01-01 00:00:00+00:00
[2025-08-31T18:55:39.662+0000] {logging_mixin.py:190} INFO - [2025-08-31T18:55:39.662+0000] {dag.py:4180} INFO - Setting next_dagrun for example_subdag_operator.section-1 to None, run_after=None
[2025-08-31T18:55:39.663+0000] {logging_mixin.py:190} INFO - [2025-08-31T18:55:39.663+0000] {dag.py:4180} INFO - Setting next_dagrun for example_subdag_operator.section-2 to None, run_after=None
[2025-08-31T18:55:39.668+0000] {logging_mixin.py:190} INFO - [2025-08-31T18:55:39.668+0000] {dag.py:3239} INFO - Sync 2 DAGs
[2025-08-31T18:55:39.671+0000] {logging_mixin.py:190} INFO - [2025-08-31T18:55:39.671+0000] {dag.py:4180} INFO - Setting next_dagrun for example_subdag_operator.section-1 to None, run_after=None
[2025-08-31T18:55:39.672+0000] {logging_mixin.py:190} INFO - [2025-08-31T18:55:39.672+0000] {dag.py:4180} INFO - Setting next_dagrun for example_subdag_operator.section-2 to None, run_after=None
[2025-08-31T18:55:39.689+0000] {processor.py:208} INFO - Processing /home/krishnaformeera/Sumitomo/datapipeline/venv/lib/python3.11/site-packages/airflow/example_dags/example_subdag_operator.py took 0.097 seconds
[2025-08-31T18:56:33.130+0000] {processor.py:186} INFO - Started process (PID=8672) to work on /home/krishnaformeera/Sumitomo/datapipeline/venv/lib/python3.11/site-packages/airflow/example_dags/example_subdag_operator.py
[2025-08-31T18:56:33.131+0000] {processor.py:914} INFO - Processing file /home/krishnaformeera/Sumitomo/datapipeline/venv/lib/python3.11/site-packages/airflow/example_dags/example_subdag_operator.py for tasks to queue
[2025-08-31T18:56:33.134+0000] {logging_mixin.py:190} INFO - [2025-08-31T18:56:33.134+0000] {dagbag.py:588} INFO - Filling up the DagBag from /home/krishnaformeera/Sumitomo/datapipeline/venv/lib/python3.11/site-packages/airflow/example_dags/example_subdag_operator.py
[2025-08-31T18:56:33.159+0000] {processor.py:925} INFO - DAG(s) 'example_subdag_operator.section-1', 'example_subdag_operator.section-2', 'example_subdag_operator' retrieved from /home/krishnaformeera/Sumitomo/datapipeline/venv/lib/python3.11/site-packages/airflow/example_dags/example_subdag_operator.py
[2025-08-31T18:56:33.173+0000] {logging_mixin.py:190} INFO - [2025-08-31T18:56:33.173+0000] {dag.py:3239} INFO - Sync 3 DAGs
[2025-08-31T18:56:33.196+0000] {logging_mixin.py:190} INFO - [2025-08-31T18:56:33.196+0000] {dag.py:4180} INFO - Setting next_dagrun for example_subdag_operator to 2022-01-01 00:00:00+00:00, run_after=2022-01-01 00:00:00+00:00
[2025-08-31T18:56:33.199+0000] {logging_mixin.py:190} INFO - [2025-08-31T18:56:33.199+0000] {dag.py:4180} INFO - Setting next_dagrun for example_subdag_operator.section-1 to None, run_after=None
[2025-08-31T18:56:33.201+0000] {logging_mixin.py:190} INFO - [2025-08-31T18:56:33.200+0000] {dag.py:4180} INFO - Setting next_dagrun for example_subdag_operator.section-2 to None, run_after=None
[2025-08-31T18:56:33.210+0000] {logging_mixin.py:190} INFO - [2025-08-31T18:56:33.209+0000] {dag.py:3239} INFO - Sync 2 DAGs
[2025-08-31T18:56:33.213+0000] {logging_mixin.py:190} INFO - [2025-08-31T18:56:33.213+0000] {dag.py:4180} INFO - Setting next_dagrun for example_subdag_operator.section-1 to None, run_after=None
[2025-08-31T18:56:33.213+0000] {logging_mixin.py:190} INFO - [2025-08-31T18:56:33.213+0000] {dag.py:4180} INFO - Setting next_dagrun for example_subdag_operator.section-2 to None, run_after=None
[2025-08-31T18:56:33.232+0000] {processor.py:208} INFO - Processing /home/krishnaformeera/Sumitomo/datapipeline/venv/lib/python3.11/site-packages/airflow/example_dags/example_subdag_operator.py took 0.108 seconds
[2025-08-31T18:57:26.646+0000] {processor.py:186} INFO - Started process (PID=8725) to work on /home/krishnaformeera/Sumitomo/datapipeline/venv/lib/python3.11/site-packages/airflow/example_dags/example_subdag_operator.py
[2025-08-31T18:57:26.647+0000] {processor.py:914} INFO - Processing file /home/krishnaformeera/Sumitomo/datapipeline/venv/lib/python3.11/site-packages/airflow/example_dags/example_subdag_operator.py for tasks to queue
[2025-08-31T18:57:26.649+0000] {logging_mixin.py:190} INFO - [2025-08-31T18:57:26.649+0000] {dagbag.py:588} INFO - Filling up the DagBag from /home/krishnaformeera/Sumitomo/datapipeline/venv/lib/python3.11/site-packages/airflow/example_dags/example_subdag_operator.py
[2025-08-31T18:57:26.672+0000] {processor.py:925} INFO - DAG(s) 'example_subdag_operator.section-1', 'example_subdag_operator.section-2', 'example_subdag_operator' retrieved from /home/krishnaformeera/Sumitomo/datapipeline/venv/lib/python3.11/site-packages/airflow/example_dags/example_subdag_operator.py
[2025-08-31T18:57:26.686+0000] {logging_mixin.py:190} INFO - [2025-08-31T18:57:26.686+0000] {dag.py:3239} INFO - Sync 3 DAGs
[2025-08-31T18:57:26.708+0000] {logging_mixin.py:190} INFO - [2025-08-31T18:57:26.708+0000] {dag.py:4180} INFO - Setting next_dagrun for example_subdag_operator to 2022-01-01 00:00:00+00:00, run_after=2022-01-01 00:00:00+00:00
[2025-08-31T18:57:26.711+0000] {logging_mixin.py:190} INFO - [2025-08-31T18:57:26.711+0000] {dag.py:4180} INFO - Setting next_dagrun for example_subdag_operator.section-1 to None, run_after=None
[2025-08-31T18:57:26.712+0000] {logging_mixin.py:190} INFO - [2025-08-31T18:57:26.711+0000] {dag.py:4180} INFO - Setting next_dagrun for example_subdag_operator.section-2 to None, run_after=None
[2025-08-31T18:57:26.717+0000] {logging_mixin.py:190} INFO - [2025-08-31T18:57:26.717+0000] {dag.py:3239} INFO - Sync 2 DAGs
[2025-08-31T18:57:26.720+0000] {logging_mixin.py:190} INFO - [2025-08-31T18:57:26.720+0000] {dag.py:4180} INFO - Setting next_dagrun for example_subdag_operator.section-1 to None, run_after=None
[2025-08-31T18:57:26.720+0000] {logging_mixin.py:190} INFO - [2025-08-31T18:57:26.720+0000] {dag.py:4180} INFO - Setting next_dagrun for example_subdag_operator.section-2 to None, run_after=None
[2025-08-31T18:57:26.736+0000] {processor.py:208} INFO - Processing /home/krishnaformeera/Sumitomo/datapipeline/venv/lib/python3.11/site-packages/airflow/example_dags/example_subdag_operator.py took 0.098 seconds
[2025-08-31T18:58:18.776+0000] {processor.py:186} INFO - Started process (PID=8779) to work on /home/krishnaformeera/Sumitomo/datapipeline/venv/lib/python3.11/site-packages/airflow/example_dags/example_subdag_operator.py
[2025-08-31T18:58:18.777+0000] {processor.py:914} INFO - Processing file /home/krishnaformeera/Sumitomo/datapipeline/venv/lib/python3.11/site-packages/airflow/example_dags/example_subdag_operator.py for tasks to queue
[2025-08-31T18:58:18.781+0000] {logging_mixin.py:190} INFO - [2025-08-31T18:58:18.780+0000] {dagbag.py:588} INFO - Filling up the DagBag from /home/krishnaformeera/Sumitomo/datapipeline/venv/lib/python3.11/site-packages/airflow/example_dags/example_subdag_operator.py
[2025-08-31T18:58:18.807+0000] {processor.py:925} INFO - DAG(s) 'example_subdag_operator.section-1', 'example_subdag_operator.section-2', 'example_subdag_operator' retrieved from /home/krishnaformeera/Sumitomo/datapipeline/venv/lib/python3.11/site-packages/airflow/example_dags/example_subdag_operator.py
[2025-08-31T18:58:18.822+0000] {logging_mixin.py:190} INFO - [2025-08-31T18:58:18.822+0000] {dag.py:3239} INFO - Sync 3 DAGs
[2025-08-31T18:58:18.843+0000] {logging_mixin.py:190} INFO - [2025-08-31T18:58:18.842+0000] {dag.py:4180} INFO - Setting next_dagrun for example_subdag_operator to 2022-01-01 00:00:00+00:00, run_after=2022-01-01 00:00:00+00:00
[2025-08-31T18:58:18.846+0000] {logging_mixin.py:190} INFO - [2025-08-31T18:58:18.845+0000] {dag.py:4180} INFO - Setting next_dagrun for example_subdag_operator.section-1 to None, run_after=None
[2025-08-31T18:58:18.846+0000] {logging_mixin.py:190} INFO - [2025-08-31T18:58:18.846+0000] {dag.py:4180} INFO - Setting next_dagrun for example_subdag_operator.section-2 to None, run_after=None
[2025-08-31T18:58:18.852+0000] {logging_mixin.py:190} INFO - [2025-08-31T18:58:18.852+0000] {dag.py:3239} INFO - Sync 2 DAGs
[2025-08-31T18:58:18.856+0000] {logging_mixin.py:190} INFO - [2025-08-31T18:58:18.856+0000] {dag.py:4180} INFO - Setting next_dagrun for example_subdag_operator.section-1 to None, run_after=None
[2025-08-31T18:58:18.856+0000] {logging_mixin.py:190} INFO - [2025-08-31T18:58:18.856+0000] {dag.py:4180} INFO - Setting next_dagrun for example_subdag_operator.section-2 to None, run_after=None
[2025-08-31T18:58:18.874+0000] {processor.py:208} INFO - Processing /home/krishnaformeera/Sumitomo/datapipeline/venv/lib/python3.11/site-packages/airflow/example_dags/example_subdag_operator.py took 0.105 seconds
[2025-08-31T18:59:11.480+0000] {processor.py:186} INFO - Started process (PID=8833) to work on /home/krishnaformeera/Sumitomo/datapipeline/venv/lib/python3.11/site-packages/airflow/example_dags/example_subdag_operator.py
[2025-08-31T18:59:11.481+0000] {processor.py:914} INFO - Processing file /home/krishnaformeera/Sumitomo/datapipeline/venv/lib/python3.11/site-packages/airflow/example_dags/example_subdag_operator.py for tasks to queue
[2025-08-31T18:59:11.484+0000] {logging_mixin.py:190} INFO - [2025-08-31T18:59:11.483+0000] {dagbag.py:588} INFO - Filling up the DagBag from /home/krishnaformeera/Sumitomo/datapipeline/venv/lib/python3.11/site-packages/airflow/example_dags/example_subdag_operator.py
[2025-08-31T18:59:11.509+0000] {processor.py:925} INFO - DAG(s) 'example_subdag_operator.section-1', 'example_subdag_operator.section-2', 'example_subdag_operator' retrieved from /home/krishnaformeera/Sumitomo/datapipeline/venv/lib/python3.11/site-packages/airflow/example_dags/example_subdag_operator.py
[2025-08-31T18:59:11.523+0000] {logging_mixin.py:190} INFO - [2025-08-31T18:59:11.523+0000] {dag.py:3239} INFO - Sync 3 DAGs
[2025-08-31T18:59:11.540+0000] {logging_mixin.py:190} INFO - [2025-08-31T18:59:11.540+0000] {dag.py:4180} INFO - Setting next_dagrun for example_subdag_operator to 2022-01-01 00:00:00+00:00, run_after=2022-01-01 00:00:00+00:00
[2025-08-31T18:59:11.543+0000] {logging_mixin.py:190} INFO - [2025-08-31T18:59:11.543+0000] {dag.py:4180} INFO - Setting next_dagrun for example_subdag_operator.section-1 to None, run_after=None
[2025-08-31T18:59:11.543+0000] {logging_mixin.py:190} INFO - [2025-08-31T18:59:11.543+0000] {dag.py:4180} INFO - Setting next_dagrun for example_subdag_operator.section-2 to None, run_after=None
[2025-08-31T18:59:11.549+0000] {logging_mixin.py:190} INFO - [2025-08-31T18:59:11.549+0000] {dag.py:3239} INFO - Sync 2 DAGs
[2025-08-31T18:59:11.552+0000] {logging_mixin.py:190} INFO - [2025-08-31T18:59:11.552+0000] {dag.py:4180} INFO - Setting next_dagrun for example_subdag_operator.section-1 to None, run_after=None
[2025-08-31T18:59:11.552+0000] {logging_mixin.py:190} INFO - [2025-08-31T18:59:11.552+0000] {dag.py:4180} INFO - Setting next_dagrun for example_subdag_operator.section-2 to None, run_after=None
[2025-08-31T18:59:11.572+0000] {processor.py:208} INFO - Processing /home/krishnaformeera/Sumitomo/datapipeline/venv/lib/python3.11/site-packages/airflow/example_dags/example_subdag_operator.py took 0.100 seconds
