[2025-08-31T18:31:22.488+0000] {processor.py:186} INFO - Started process (PID=5261) to work on /home/krishnaformeera/Sumitomo/datapipeline/venv/lib/python3.11/site-packages/airflow/example_dags/example_complex.py
[2025-08-31T18:31:22.489+0000] {processor.py:914} INFO - Processing file /home/krishnaformeera/Sumitomo/datapipeline/venv/lib/python3.11/site-packages/airflow/example_dags/example_complex.py for tasks to queue
[2025-08-31T18:31:22.491+0000] {logging_mixin.py:190} INFO - [2025-08-31T18:31:22.491+0000] {dagbag.py:588} INFO - Filling up the DagBag from /home/krishnaformeera/Sumitomo/datapipeline/venv/lib/python3.11/site-packages/airflow/example_dags/example_complex.py
[2025-08-31T18:31:22.503+0000] {processor.py:925} INFO - DAG(s) 'example_complex' retrieved from /home/krishnaformeera/Sumitomo/datapipeline/venv/lib/python3.11/site-packages/airflow/example_dags/example_complex.py
[2025-08-31T18:31:22.601+0000] {logging_mixin.py:190} INFO - [2025-08-31T18:31:22.601+0000] {override.py:1900} INFO - Created Permission View: can edit on DAG:example_complex
[2025-08-31T18:31:22.613+0000] {logging_mixin.py:190} INFO - [2025-08-31T18:31:22.613+0000] {override.py:1900} INFO - Created Permission View: can read on DAG:example_complex
[2025-08-31T18:31:22.622+0000] {logging_mixin.py:190} INFO - [2025-08-31T18:31:22.622+0000] {override.py:1900} INFO - Created Permission View: can delete on DAG:example_complex
[2025-08-31T18:31:22.637+0000] {logging_mixin.py:190} INFO - [2025-08-31T18:31:22.636+0000] {override.py:1900} INFO - Created Permission View: menu access on DAG Run:example_complex
[2025-08-31T18:31:22.646+0000] {logging_mixin.py:190} INFO - [2025-08-31T18:31:22.645+0000] {override.py:1900} INFO - Created Permission View: can read on DAG Run:example_complex
[2025-08-31T18:31:22.654+0000] {logging_mixin.py:190} INFO - [2025-08-31T18:31:22.654+0000] {override.py:1900} INFO - Created Permission View: can create on DAG Run:example_complex
[2025-08-31T18:31:22.664+0000] {logging_mixin.py:190} INFO - [2025-08-31T18:31:22.663+0000] {override.py:1900} INFO - Created Permission View: can delete on DAG Run:example_complex
[2025-08-31T18:31:22.664+0000] {logging_mixin.py:190} INFO - [2025-08-31T18:31:22.664+0000] {dag.py:3239} INFO - Sync 1 DAGs
[2025-08-31T18:31:22.675+0000] {logging_mixin.py:190} INFO - [2025-08-31T18:31:22.675+0000] {dag.py:3262} INFO - Creating ORM DAG for example_complex
[2025-08-31T18:31:22.676+0000] {logging_mixin.py:190} INFO - [2025-08-31T18:31:22.676+0000] {dag.py:4180} INFO - Setting next_dagrun for example_complex to None, run_after=None
[2025-08-31T18:31:22.696+0000] {processor.py:208} INFO - Processing /home/krishnaformeera/Sumitomo/datapipeline/venv/lib/python3.11/site-packages/airflow/example_dags/example_complex.py took 0.214 seconds
[2025-08-31T18:32:25.804+0000] {processor.py:186} INFO - Started process (PID=5321) to work on /home/krishnaformeera/Sumitomo/datapipeline/venv/lib/python3.11/site-packages/airflow/example_dags/example_complex.py
[2025-08-31T18:32:25.805+0000] {processor.py:914} INFO - Processing file /home/krishnaformeera/Sumitomo/datapipeline/venv/lib/python3.11/site-packages/airflow/example_dags/example_complex.py for tasks to queue
[2025-08-31T18:32:25.808+0000] {logging_mixin.py:190} INFO - [2025-08-31T18:32:25.807+0000] {dagbag.py:588} INFO - Filling up the DagBag from /home/krishnaformeera/Sumitomo/datapipeline/venv/lib/python3.11/site-packages/airflow/example_dags/example_complex.py
[2025-08-31T18:32:25.822+0000] {processor.py:925} INFO - DAG(s) 'example_complex' retrieved from /home/krishnaformeera/Sumitomo/datapipeline/venv/lib/python3.11/site-packages/airflow/example_dags/example_complex.py
[2025-08-31T18:32:25.850+0000] {logging_mixin.py:190} INFO - [2025-08-31T18:32:25.850+0000] {dag.py:3239} INFO - Sync 1 DAGs
[2025-08-31T18:32:25.863+0000] {logging_mixin.py:190} INFO - [2025-08-31T18:32:25.863+0000] {dag.py:4180} INFO - Setting next_dagrun for example_complex to None, run_after=None
[2025-08-31T18:32:25.889+0000] {processor.py:208} INFO - Processing /home/krishnaformeera/Sumitomo/datapipeline/venv/lib/python3.11/site-packages/airflow/example_dags/example_complex.py took 0.092 seconds
[2025-08-31T18:33:19.655+0000] {processor.py:186} INFO - Started process (PID=5377) to work on /home/krishnaformeera/Sumitomo/datapipeline/venv/lib/python3.11/site-packages/airflow/example_dags/example_complex.py
[2025-08-31T18:33:19.656+0000] {processor.py:914} INFO - Processing file /home/krishnaformeera/Sumitomo/datapipeline/venv/lib/python3.11/site-packages/airflow/example_dags/example_complex.py for tasks to queue
[2025-08-31T18:33:19.659+0000] {logging_mixin.py:190} INFO - [2025-08-31T18:33:19.658+0000] {dagbag.py:588} INFO - Filling up the DagBag from /home/krishnaformeera/Sumitomo/datapipeline/venv/lib/python3.11/site-packages/airflow/example_dags/example_complex.py
[2025-08-31T18:33:19.670+0000] {processor.py:925} INFO - DAG(s) 'example_complex' retrieved from /home/krishnaformeera/Sumitomo/datapipeline/venv/lib/python3.11/site-packages/airflow/example_dags/example_complex.py
[2025-08-31T18:33:19.694+0000] {logging_mixin.py:190} INFO - [2025-08-31T18:33:19.693+0000] {dag.py:3239} INFO - Sync 1 DAGs
[2025-08-31T18:33:19.795+0000] {logging_mixin.py:190} INFO - [2025-08-31T18:33:19.795+0000] {dag.py:4180} INFO - Setting next_dagrun for example_complex to None, run_after=None
[2025-08-31T18:33:19.815+0000] {processor.py:208} INFO - Processing /home/krishnaformeera/Sumitomo/datapipeline/venv/lib/python3.11/site-packages/airflow/example_dags/example_complex.py took 0.166 seconds
[2025-08-31T18:34:16.768+0000] {processor.py:186} INFO - Started process (PID=5434) to work on /home/krishnaformeera/Sumitomo/datapipeline/venv/lib/python3.11/site-packages/airflow/example_dags/example_complex.py
[2025-08-31T18:34:16.769+0000] {processor.py:914} INFO - Processing file /home/krishnaformeera/Sumitomo/datapipeline/venv/lib/python3.11/site-packages/airflow/example_dags/example_complex.py for tasks to queue
[2025-08-31T18:34:16.771+0000] {logging_mixin.py:190} INFO - [2025-08-31T18:34:16.771+0000] {dagbag.py:588} INFO - Filling up the DagBag from /home/krishnaformeera/Sumitomo/datapipeline/venv/lib/python3.11/site-packages/airflow/example_dags/example_complex.py
[2025-08-31T18:34:16.783+0000] {processor.py:925} INFO - DAG(s) 'example_complex' retrieved from /home/krishnaformeera/Sumitomo/datapipeline/venv/lib/python3.11/site-packages/airflow/example_dags/example_complex.py
[2025-08-31T18:34:16.806+0000] {logging_mixin.py:190} INFO - [2025-08-31T18:34:16.806+0000] {dag.py:3239} INFO - Sync 1 DAGs
[2025-08-31T18:34:16.818+0000] {logging_mixin.py:190} INFO - [2025-08-31T18:34:16.818+0000] {dag.py:4180} INFO - Setting next_dagrun for example_complex to None, run_after=None
[2025-08-31T18:34:16.840+0000] {processor.py:208} INFO - Processing /home/krishnaformeera/Sumitomo/datapipeline/venv/lib/python3.11/site-packages/airflow/example_dags/example_complex.py took 0.078 seconds
[2025-08-31T18:35:11.737+0000] {processor.py:186} INFO - Started process (PID=5489) to work on /home/krishnaformeera/Sumitomo/datapipeline/venv/lib/python3.11/site-packages/airflow/example_dags/example_complex.py
[2025-08-31T18:35:11.738+0000] {processor.py:914} INFO - Processing file /home/krishnaformeera/Sumitomo/datapipeline/venv/lib/python3.11/site-packages/airflow/example_dags/example_complex.py for tasks to queue
[2025-08-31T18:35:11.740+0000] {logging_mixin.py:190} INFO - [2025-08-31T18:35:11.740+0000] {dagbag.py:588} INFO - Filling up the DagBag from /home/krishnaformeera/Sumitomo/datapipeline/venv/lib/python3.11/site-packages/airflow/example_dags/example_complex.py
[2025-08-31T18:35:11.754+0000] {processor.py:925} INFO - DAG(s) 'example_complex' retrieved from /home/krishnaformeera/Sumitomo/datapipeline/venv/lib/python3.11/site-packages/airflow/example_dags/example_complex.py
[2025-08-31T18:35:11.780+0000] {logging_mixin.py:190} INFO - [2025-08-31T18:35:11.780+0000] {dag.py:3239} INFO - Sync 1 DAGs
[2025-08-31T18:35:11.793+0000] {logging_mixin.py:190} INFO - [2025-08-31T18:35:11.793+0000] {dag.py:4180} INFO - Setting next_dagrun for example_complex to None, run_after=None
[2025-08-31T18:35:11.819+0000] {processor.py:208} INFO - Processing /home/krishnaformeera/Sumitomo/datapipeline/venv/lib/python3.11/site-packages/airflow/example_dags/example_complex.py took 0.090 seconds
[2025-08-31T18:36:26.225+0000] {processor.py:186} INFO - Started process (PID=5592) to work on /home/krishnaformeera/Sumitomo/datapipeline/venv/lib/python3.11/site-packages/airflow/example_dags/example_complex.py
[2025-08-31T18:36:26.225+0000] {processor.py:914} INFO - Processing file /home/krishnaformeera/Sumitomo/datapipeline/venv/lib/python3.11/site-packages/airflow/example_dags/example_complex.py for tasks to queue
[2025-08-31T18:36:26.227+0000] {logging_mixin.py:190} INFO - [2025-08-31T18:36:26.227+0000] {dagbag.py:588} INFO - Filling up the DagBag from /home/krishnaformeera/Sumitomo/datapipeline/venv/lib/python3.11/site-packages/airflow/example_dags/example_complex.py
[2025-08-31T18:36:26.239+0000] {processor.py:925} INFO - DAG(s) 'example_complex' retrieved from /home/krishnaformeera/Sumitomo/datapipeline/venv/lib/python3.11/site-packages/airflow/example_dags/example_complex.py
[2025-08-31T18:36:26.262+0000] {logging_mixin.py:190} INFO - [2025-08-31T18:36:26.262+0000] {dag.py:3239} INFO - Sync 1 DAGs
[2025-08-31T18:36:26.273+0000] {logging_mixin.py:190} INFO - [2025-08-31T18:36:26.273+0000] {dag.py:4180} INFO - Setting next_dagrun for example_complex to None, run_after=None
[2025-08-31T18:36:26.295+0000] {processor.py:208} INFO - Processing /home/krishnaformeera/Sumitomo/datapipeline/venv/lib/python3.11/site-packages/airflow/example_dags/example_complex.py took 0.076 seconds
[2025-08-31T18:37:41.962+0000] {processor.py:186} INFO - Started process (PID=5669) to work on /home/krishnaformeera/Sumitomo/datapipeline/venv/lib/python3.11/site-packages/airflow/example_dags/example_complex.py
[2025-08-31T18:37:41.963+0000] {processor.py:914} INFO - Processing file /home/krishnaformeera/Sumitomo/datapipeline/venv/lib/python3.11/site-packages/airflow/example_dags/example_complex.py for tasks to queue
[2025-08-31T18:37:41.966+0000] {logging_mixin.py:190} INFO - [2025-08-31T18:37:41.965+0000] {dagbag.py:588} INFO - Filling up the DagBag from /home/krishnaformeera/Sumitomo/datapipeline/venv/lib/python3.11/site-packages/airflow/example_dags/example_complex.py
[2025-08-31T18:37:41.979+0000] {processor.py:925} INFO - DAG(s) 'example_complex' retrieved from /home/krishnaformeera/Sumitomo/datapipeline/venv/lib/python3.11/site-packages/airflow/example_dags/example_complex.py
[2025-08-31T18:37:42.006+0000] {logging_mixin.py:190} INFO - [2025-08-31T18:37:42.006+0000] {dag.py:3239} INFO - Sync 1 DAGs
[2025-08-31T18:37:42.019+0000] {logging_mixin.py:190} INFO - [2025-08-31T18:37:42.019+0000] {dag.py:4180} INFO - Setting next_dagrun for example_complex to None, run_after=None
[2025-08-31T18:37:42.044+0000] {processor.py:208} INFO - Processing /home/krishnaformeera/Sumitomo/datapipeline/venv/lib/python3.11/site-packages/airflow/example_dags/example_complex.py took 0.089 seconds
[2025-08-31T18:40:32.250+0000] {processor.py:186} INFO - Started process (PID=6216) to work on /home/krishnaformeera/Sumitomo/datapipeline/venv/lib/python3.11/site-packages/airflow/example_dags/example_complex.py
[2025-08-31T18:40:32.251+0000] {processor.py:914} INFO - Processing file /home/krishnaformeera/Sumitomo/datapipeline/venv/lib/python3.11/site-packages/airflow/example_dags/example_complex.py for tasks to queue
[2025-08-31T18:40:32.253+0000] {logging_mixin.py:190} INFO - [2025-08-31T18:40:32.252+0000] {dagbag.py:588} INFO - Filling up the DagBag from /home/krishnaformeera/Sumitomo/datapipeline/venv/lib/python3.11/site-packages/airflow/example_dags/example_complex.py
[2025-08-31T18:40:32.265+0000] {processor.py:925} INFO - DAG(s) 'example_complex' retrieved from /home/krishnaformeera/Sumitomo/datapipeline/venv/lib/python3.11/site-packages/airflow/example_dags/example_complex.py
[2025-08-31T18:40:32.287+0000] {logging_mixin.py:190} INFO - [2025-08-31T18:40:32.287+0000] {dag.py:3239} INFO - Sync 1 DAGs
[2025-08-31T18:40:32.300+0000] {logging_mixin.py:190} INFO - [2025-08-31T18:40:32.300+0000] {dag.py:4180} INFO - Setting next_dagrun for example_complex to None, run_after=None
[2025-08-31T18:40:32.323+0000] {processor.py:208} INFO - Processing /home/krishnaformeera/Sumitomo/datapipeline/venv/lib/python3.11/site-packages/airflow/example_dags/example_complex.py took 0.079 seconds
[2025-08-31T18:41:26.192+0000] {processor.py:186} INFO - Started process (PID=6406) to work on /home/krishnaformeera/Sumitomo/datapipeline/venv/lib/python3.11/site-packages/airflow/example_dags/example_complex.py
[2025-08-31T18:41:26.193+0000] {processor.py:914} INFO - Processing file /home/krishnaformeera/Sumitomo/datapipeline/venv/lib/python3.11/site-packages/airflow/example_dags/example_complex.py for tasks to queue
[2025-08-31T18:41:26.196+0000] {logging_mixin.py:190} INFO - [2025-08-31T18:41:26.195+0000] {dagbag.py:588} INFO - Filling up the DagBag from /home/krishnaformeera/Sumitomo/datapipeline/venv/lib/python3.11/site-packages/airflow/example_dags/example_complex.py
[2025-08-31T18:41:26.208+0000] {processor.py:925} INFO - DAG(s) 'example_complex' retrieved from /home/krishnaformeera/Sumitomo/datapipeline/venv/lib/python3.11/site-packages/airflow/example_dags/example_complex.py
[2025-08-31T18:41:26.231+0000] {logging_mixin.py:190} INFO - [2025-08-31T18:41:26.231+0000] {dag.py:3239} INFO - Sync 1 DAGs
[2025-08-31T18:41:26.244+0000] {logging_mixin.py:190} INFO - [2025-08-31T18:41:26.244+0000] {dag.py:4180} INFO - Setting next_dagrun for example_complex to None, run_after=None
[2025-08-31T18:41:26.268+0000] {processor.py:208} INFO - Processing /home/krishnaformeera/Sumitomo/datapipeline/venv/lib/python3.11/site-packages/airflow/example_dags/example_complex.py took 0.082 seconds
[2025-08-31T18:42:24.782+0000] {processor.py:186} INFO - Started process (PID=6581) to work on /home/krishnaformeera/Sumitomo/datapipeline/venv/lib/python3.11/site-packages/airflow/example_dags/example_complex.py
[2025-08-31T18:42:24.783+0000] {processor.py:914} INFO - Processing file /home/krishnaformeera/Sumitomo/datapipeline/venv/lib/python3.11/site-packages/airflow/example_dags/example_complex.py for tasks to queue
[2025-08-31T18:42:24.786+0000] {logging_mixin.py:190} INFO - [2025-08-31T18:42:24.785+0000] {dagbag.py:588} INFO - Filling up the DagBag from /home/krishnaformeera/Sumitomo/datapipeline/venv/lib/python3.11/site-packages/airflow/example_dags/example_complex.py
[2025-08-31T18:42:24.800+0000] {processor.py:925} INFO - DAG(s) 'example_complex' retrieved from /home/krishnaformeera/Sumitomo/datapipeline/venv/lib/python3.11/site-packages/airflow/example_dags/example_complex.py
[2025-08-31T18:42:24.824+0000] {logging_mixin.py:190} INFO - [2025-08-31T18:42:24.824+0000] {dag.py:3239} INFO - Sync 1 DAGs
[2025-08-31T18:42:24.934+0000] {logging_mixin.py:190} INFO - [2025-08-31T18:42:24.934+0000] {dag.py:4180} INFO - Setting next_dagrun for example_complex to None, run_after=None
[2025-08-31T18:42:24.956+0000] {processor.py:208} INFO - Processing /home/krishnaformeera/Sumitomo/datapipeline/venv/lib/python3.11/site-packages/airflow/example_dags/example_complex.py took 0.184 seconds
[2025-08-31T18:43:24.827+0000] {processor.py:186} INFO - Started process (PID=6840) to work on /home/krishnaformeera/Sumitomo/datapipeline/venv/lib/python3.11/site-packages/airflow/example_dags/example_complex.py
[2025-08-31T18:43:24.828+0000] {processor.py:914} INFO - Processing file /home/krishnaformeera/Sumitomo/datapipeline/venv/lib/python3.11/site-packages/airflow/example_dags/example_complex.py for tasks to queue
[2025-08-31T18:43:24.830+0000] {logging_mixin.py:190} INFO - [2025-08-31T18:43:24.830+0000] {dagbag.py:588} INFO - Filling up the DagBag from /home/krishnaformeera/Sumitomo/datapipeline/venv/lib/python3.11/site-packages/airflow/example_dags/example_complex.py
[2025-08-31T18:43:24.842+0000] {processor.py:925} INFO - DAG(s) 'example_complex' retrieved from /home/krishnaformeera/Sumitomo/datapipeline/venv/lib/python3.11/site-packages/airflow/example_dags/example_complex.py
[2025-08-31T18:43:24.865+0000] {logging_mixin.py:190} INFO - [2025-08-31T18:43:24.864+0000] {dag.py:3239} INFO - Sync 1 DAGs
[2025-08-31T18:43:24.877+0000] {logging_mixin.py:190} INFO - [2025-08-31T18:43:24.876+0000] {dag.py:4180} INFO - Setting next_dagrun for example_complex to None, run_after=None
[2025-08-31T18:43:24.899+0000] {processor.py:208} INFO - Processing /home/krishnaformeera/Sumitomo/datapipeline/venv/lib/python3.11/site-packages/airflow/example_dags/example_complex.py took 0.079 seconds
[2025-08-31T18:44:18.963+0000] {processor.py:186} INFO - Started process (PID=7063) to work on /home/krishnaformeera/Sumitomo/datapipeline/venv/lib/python3.11/site-packages/airflow/example_dags/example_complex.py
[2025-08-31T18:44:18.964+0000] {processor.py:914} INFO - Processing file /home/krishnaformeera/Sumitomo/datapipeline/venv/lib/python3.11/site-packages/airflow/example_dags/example_complex.py for tasks to queue
[2025-08-31T18:44:18.966+0000] {logging_mixin.py:190} INFO - [2025-08-31T18:44:18.965+0000] {dagbag.py:588} INFO - Filling up the DagBag from /home/krishnaformeera/Sumitomo/datapipeline/venv/lib/python3.11/site-packages/airflow/example_dags/example_complex.py
[2025-08-31T18:44:18.978+0000] {processor.py:925} INFO - DAG(s) 'example_complex' retrieved from /home/krishnaformeera/Sumitomo/datapipeline/venv/lib/python3.11/site-packages/airflow/example_dags/example_complex.py
[2025-08-31T18:44:19.002+0000] {logging_mixin.py:190} INFO - [2025-08-31T18:44:19.001+0000] {dag.py:3239} INFO - Sync 1 DAGs
[2025-08-31T18:44:19.013+0000] {logging_mixin.py:190} INFO - [2025-08-31T18:44:19.013+0000] {dag.py:4180} INFO - Setting next_dagrun for example_complex to None, run_after=None
[2025-08-31T18:44:19.034+0000] {processor.py:208} INFO - Processing /home/krishnaformeera/Sumitomo/datapipeline/venv/lib/python3.11/site-packages/airflow/example_dags/example_complex.py took 0.078 seconds
[2025-08-31T18:45:35.206+0000] {processor.py:186} INFO - Started process (PID=7415) to work on /home/krishnaformeera/Sumitomo/datapipeline/venv/lib/python3.11/site-packages/airflow/example_dags/example_complex.py
[2025-08-31T18:45:35.207+0000] {processor.py:914} INFO - Processing file /home/krishnaformeera/Sumitomo/datapipeline/venv/lib/python3.11/site-packages/airflow/example_dags/example_complex.py for tasks to queue
[2025-08-31T18:45:35.210+0000] {logging_mixin.py:190} INFO - [2025-08-31T18:45:35.209+0000] {dagbag.py:588} INFO - Filling up the DagBag from /home/krishnaformeera/Sumitomo/datapipeline/venv/lib/python3.11/site-packages/airflow/example_dags/example_complex.py
[2025-08-31T18:45:35.222+0000] {processor.py:925} INFO - DAG(s) 'example_complex' retrieved from /home/krishnaformeera/Sumitomo/datapipeline/venv/lib/python3.11/site-packages/airflow/example_dags/example_complex.py
[2025-08-31T18:45:35.247+0000] {logging_mixin.py:190} INFO - [2025-08-31T18:45:35.247+0000] {dag.py:3239} INFO - Sync 1 DAGs
[2025-08-31T18:45:35.259+0000] {logging_mixin.py:190} INFO - [2025-08-31T18:45:35.259+0000] {dag.py:4180} INFO - Setting next_dagrun for example_complex to None, run_after=None
[2025-08-31T18:45:35.282+0000] {processor.py:208} INFO - Processing /home/krishnaformeera/Sumitomo/datapipeline/venv/lib/python3.11/site-packages/airflow/example_dags/example_complex.py took 0.083 seconds
[2025-08-31T18:46:51.483+0000] {processor.py:186} INFO - Started process (PID=7757) to work on /home/krishnaformeera/Sumitomo/datapipeline/venv/lib/python3.11/site-packages/airflow/example_dags/example_complex.py
[2025-08-31T18:46:51.486+0000] {processor.py:914} INFO - Processing file /home/krishnaformeera/Sumitomo/datapipeline/venv/lib/python3.11/site-packages/airflow/example_dags/example_complex.py for tasks to queue
[2025-08-31T18:46:51.489+0000] {logging_mixin.py:190} INFO - [2025-08-31T18:46:51.489+0000] {dagbag.py:588} INFO - Filling up the DagBag from /home/krishnaformeera/Sumitomo/datapipeline/venv/lib/python3.11/site-packages/airflow/example_dags/example_complex.py
[2025-08-31T18:46:51.501+0000] {processor.py:925} INFO - DAG(s) 'example_complex' retrieved from /home/krishnaformeera/Sumitomo/datapipeline/venv/lib/python3.11/site-packages/airflow/example_dags/example_complex.py
[2025-08-31T18:46:51.524+0000] {logging_mixin.py:190} INFO - [2025-08-31T18:46:51.524+0000] {dag.py:3239} INFO - Sync 1 DAGs
[2025-08-31T18:46:51.535+0000] {logging_mixin.py:190} INFO - [2025-08-31T18:46:51.535+0000] {dag.py:4180} INFO - Setting next_dagrun for example_complex to None, run_after=None
[2025-08-31T18:46:51.559+0000] {processor.py:208} INFO - Processing /home/krishnaformeera/Sumitomo/datapipeline/venv/lib/python3.11/site-packages/airflow/example_dags/example_complex.py took 0.082 seconds
[2025-08-31T18:47:43.443+0000] {processor.py:186} INFO - Started process (PID=7814) to work on /home/krishnaformeera/Sumitomo/datapipeline/venv/lib/python3.11/site-packages/airflow/example_dags/example_complex.py
[2025-08-31T18:47:43.444+0000] {processor.py:914} INFO - Processing file /home/krishnaformeera/Sumitomo/datapipeline/venv/lib/python3.11/site-packages/airflow/example_dags/example_complex.py for tasks to queue
[2025-08-31T18:47:43.446+0000] {logging_mixin.py:190} INFO - [2025-08-31T18:47:43.445+0000] {dagbag.py:588} INFO - Filling up the DagBag from /home/krishnaformeera/Sumitomo/datapipeline/venv/lib/python3.11/site-packages/airflow/example_dags/example_complex.py
[2025-08-31T18:47:43.458+0000] {processor.py:925} INFO - DAG(s) 'example_complex' retrieved from /home/krishnaformeera/Sumitomo/datapipeline/venv/lib/python3.11/site-packages/airflow/example_dags/example_complex.py
[2025-08-31T18:47:43.482+0000] {logging_mixin.py:190} INFO - [2025-08-31T18:47:43.481+0000] {dag.py:3239} INFO - Sync 1 DAGs
[2025-08-31T18:47:43.493+0000] {logging_mixin.py:190} INFO - [2025-08-31T18:47:43.493+0000] {dag.py:4180} INFO - Setting next_dagrun for example_complex to None, run_after=None
[2025-08-31T18:47:43.516+0000] {processor.py:208} INFO - Processing /home/krishnaformeera/Sumitomo/datapipeline/venv/lib/python3.11/site-packages/airflow/example_dags/example_complex.py took 0.079 seconds
[2025-08-31T18:48:58.473+0000] {processor.py:186} INFO - Started process (PID=7896) to work on /home/krishnaformeera/Sumitomo/datapipeline/venv/lib/python3.11/site-packages/airflow/example_dags/example_complex.py
[2025-08-31T18:48:58.475+0000] {processor.py:914} INFO - Processing file /home/krishnaformeera/Sumitomo/datapipeline/venv/lib/python3.11/site-packages/airflow/example_dags/example_complex.py for tasks to queue
[2025-08-31T18:48:58.477+0000] {logging_mixin.py:190} INFO - [2025-08-31T18:48:58.476+0000] {dagbag.py:588} INFO - Filling up the DagBag from /home/krishnaformeera/Sumitomo/datapipeline/venv/lib/python3.11/site-packages/airflow/example_dags/example_complex.py
[2025-08-31T18:48:58.488+0000] {processor.py:925} INFO - DAG(s) 'example_complex' retrieved from /home/krishnaformeera/Sumitomo/datapipeline/venv/lib/python3.11/site-packages/airflow/example_dags/example_complex.py
[2025-08-31T18:48:58.510+0000] {logging_mixin.py:190} INFO - [2025-08-31T18:48:58.510+0000] {dag.py:3239} INFO - Sync 1 DAGs
[2025-08-31T18:48:58.523+0000] {logging_mixin.py:190} INFO - [2025-08-31T18:48:58.522+0000] {dag.py:4180} INFO - Setting next_dagrun for example_complex to None, run_after=None
[2025-08-31T18:48:58.544+0000] {processor.py:208} INFO - Processing /home/krishnaformeera/Sumitomo/datapipeline/venv/lib/python3.11/site-packages/airflow/example_dags/example_complex.py took 0.079 seconds
[2025-08-31T18:49:50.761+0000] {processor.py:186} INFO - Started process (PID=7964) to work on /home/krishnaformeera/Sumitomo/datapipeline/venv/lib/python3.11/site-packages/airflow/example_dags/example_complex.py
[2025-08-31T18:49:50.762+0000] {processor.py:914} INFO - Processing file /home/krishnaformeera/Sumitomo/datapipeline/venv/lib/python3.11/site-packages/airflow/example_dags/example_complex.py for tasks to queue
[2025-08-31T18:49:50.764+0000] {logging_mixin.py:190} INFO - [2025-08-31T18:49:50.764+0000] {dagbag.py:588} INFO - Filling up the DagBag from /home/krishnaformeera/Sumitomo/datapipeline/venv/lib/python3.11/site-packages/airflow/example_dags/example_complex.py
[2025-08-31T18:49:50.778+0000] {processor.py:925} INFO - DAG(s) 'example_complex' retrieved from /home/krishnaformeera/Sumitomo/datapipeline/venv/lib/python3.11/site-packages/airflow/example_dags/example_complex.py
[2025-08-31T18:49:50.804+0000] {logging_mixin.py:190} INFO - [2025-08-31T18:49:50.803+0000] {dag.py:3239} INFO - Sync 1 DAGs
[2025-08-31T18:49:50.818+0000] {logging_mixin.py:190} INFO - [2025-08-31T18:49:50.818+0000] {dag.py:4180} INFO - Setting next_dagrun for example_complex to None, run_after=None
[2025-08-31T18:49:50.848+0000] {processor.py:208} INFO - Processing /home/krishnaformeera/Sumitomo/datapipeline/venv/lib/python3.11/site-packages/airflow/example_dags/example_complex.py took 0.094 seconds
[2025-08-31T18:50:43.511+0000] {processor.py:186} INFO - Started process (PID=8078) to work on /home/krishnaformeera/Sumitomo/datapipeline/venv/lib/python3.11/site-packages/airflow/example_dags/example_complex.py
[2025-08-31T18:50:43.512+0000] {processor.py:914} INFO - Processing file /home/krishnaformeera/Sumitomo/datapipeline/venv/lib/python3.11/site-packages/airflow/example_dags/example_complex.py for tasks to queue
[2025-08-31T18:50:43.514+0000] {logging_mixin.py:190} INFO - [2025-08-31T18:50:43.514+0000] {dagbag.py:588} INFO - Filling up the DagBag from /home/krishnaformeera/Sumitomo/datapipeline/venv/lib/python3.11/site-packages/airflow/example_dags/example_complex.py
[2025-08-31T18:50:43.526+0000] {processor.py:925} INFO - DAG(s) 'example_complex' retrieved from /home/krishnaformeera/Sumitomo/datapipeline/venv/lib/python3.11/site-packages/airflow/example_dags/example_complex.py
[2025-08-31T18:50:43.549+0000] {logging_mixin.py:190} INFO - [2025-08-31T18:50:43.549+0000] {dag.py:3239} INFO - Sync 1 DAGs
[2025-08-31T18:50:43.562+0000] {logging_mixin.py:190} INFO - [2025-08-31T18:50:43.562+0000] {dag.py:4180} INFO - Setting next_dagrun for example_complex to None, run_after=None
[2025-08-31T18:50:43.583+0000] {processor.py:208} INFO - Processing /home/krishnaformeera/Sumitomo/datapipeline/venv/lib/python3.11/site-packages/airflow/example_dags/example_complex.py took 0.079 seconds
[2025-08-31T18:51:35.229+0000] {processor.py:186} INFO - Started process (PID=8157) to work on /home/krishnaformeera/Sumitomo/datapipeline/venv/lib/python3.11/site-packages/airflow/example_dags/example_complex.py
[2025-08-31T18:51:35.231+0000] {processor.py:914} INFO - Processing file /home/krishnaformeera/Sumitomo/datapipeline/venv/lib/python3.11/site-packages/airflow/example_dags/example_complex.py for tasks to queue
[2025-08-31T18:51:35.233+0000] {logging_mixin.py:190} INFO - [2025-08-31T18:51:35.233+0000] {dagbag.py:588} INFO - Filling up the DagBag from /home/krishnaformeera/Sumitomo/datapipeline/venv/lib/python3.11/site-packages/airflow/example_dags/example_complex.py
[2025-08-31T18:51:35.245+0000] {processor.py:925} INFO - DAG(s) 'example_complex' retrieved from /home/krishnaformeera/Sumitomo/datapipeline/venv/lib/python3.11/site-packages/airflow/example_dags/example_complex.py
[2025-08-31T18:51:35.268+0000] {logging_mixin.py:190} INFO - [2025-08-31T18:51:35.268+0000] {dag.py:3239} INFO - Sync 1 DAGs
[2025-08-31T18:51:35.280+0000] {logging_mixin.py:190} INFO - [2025-08-31T18:51:35.280+0000] {dag.py:4180} INFO - Setting next_dagrun for example_complex to None, run_after=None
[2025-08-31T18:51:35.302+0000] {processor.py:208} INFO - Processing /home/krishnaformeera/Sumitomo/datapipeline/venv/lib/python3.11/site-packages/airflow/example_dags/example_complex.py took 0.079 seconds
[2025-08-31T18:52:48.752+0000] {processor.py:186} INFO - Started process (PID=8259) to work on /home/krishnaformeera/Sumitomo/datapipeline/venv/lib/python3.11/site-packages/airflow/example_dags/example_complex.py
[2025-08-31T18:52:48.754+0000] {processor.py:914} INFO - Processing file /home/krishnaformeera/Sumitomo/datapipeline/venv/lib/python3.11/site-packages/airflow/example_dags/example_complex.py for tasks to queue
[2025-08-31T18:52:48.757+0000] {logging_mixin.py:190} INFO - [2025-08-31T18:52:48.757+0000] {dagbag.py:588} INFO - Filling up the DagBag from /home/krishnaformeera/Sumitomo/datapipeline/venv/lib/python3.11/site-packages/airflow/example_dags/example_complex.py
[2025-08-31T18:52:48.771+0000] {processor.py:925} INFO - DAG(s) 'example_complex' retrieved from /home/krishnaformeera/Sumitomo/datapipeline/venv/lib/python3.11/site-packages/airflow/example_dags/example_complex.py
[2025-08-31T18:52:48.797+0000] {logging_mixin.py:190} INFO - [2025-08-31T18:52:48.797+0000] {dag.py:3239} INFO - Sync 1 DAGs
[2025-08-31T18:52:48.809+0000] {logging_mixin.py:190} INFO - [2025-08-31T18:52:48.809+0000] {dag.py:4180} INFO - Setting next_dagrun for example_complex to None, run_after=None
[2025-08-31T18:52:48.832+0000] {processor.py:208} INFO - Processing /home/krishnaformeera/Sumitomo/datapipeline/venv/lib/python3.11/site-packages/airflow/example_dags/example_complex.py took 0.088 seconds
[2025-08-31T18:54:01.844+0000] {processor.py:186} INFO - Started process (PID=8478) to work on /home/krishnaformeera/Sumitomo/datapipeline/venv/lib/python3.11/site-packages/airflow/example_dags/example_complex.py
[2025-08-31T18:54:01.845+0000] {processor.py:914} INFO - Processing file /home/krishnaformeera/Sumitomo/datapipeline/venv/lib/python3.11/site-packages/airflow/example_dags/example_complex.py for tasks to queue
[2025-08-31T18:54:01.847+0000] {logging_mixin.py:190} INFO - [2025-08-31T18:54:01.847+0000] {dagbag.py:588} INFO - Filling up the DagBag from /home/krishnaformeera/Sumitomo/datapipeline/venv/lib/python3.11/site-packages/airflow/example_dags/example_complex.py
[2025-08-31T18:54:01.859+0000] {processor.py:925} INFO - DAG(s) 'example_complex' retrieved from /home/krishnaformeera/Sumitomo/datapipeline/venv/lib/python3.11/site-packages/airflow/example_dags/example_complex.py
[2025-08-31T18:54:01.883+0000] {logging_mixin.py:190} INFO - [2025-08-31T18:54:01.883+0000] {dag.py:3239} INFO - Sync 1 DAGs
[2025-08-31T18:54:01.894+0000] {logging_mixin.py:190} INFO - [2025-08-31T18:54:01.894+0000] {dag.py:4180} INFO - Setting next_dagrun for example_complex to None, run_after=None
[2025-08-31T18:54:01.914+0000] {processor.py:208} INFO - Processing /home/krishnaformeera/Sumitomo/datapipeline/venv/lib/python3.11/site-packages/airflow/example_dags/example_complex.py took 0.076 seconds
[2025-08-31T18:55:16.326+0000] {processor.py:186} INFO - Started process (PID=8581) to work on /home/krishnaformeera/Sumitomo/datapipeline/venv/lib/python3.11/site-packages/airflow/example_dags/example_complex.py
[2025-08-31T18:55:16.327+0000] {processor.py:914} INFO - Processing file /home/krishnaformeera/Sumitomo/datapipeline/venv/lib/python3.11/site-packages/airflow/example_dags/example_complex.py for tasks to queue
[2025-08-31T18:55:16.330+0000] {logging_mixin.py:190} INFO - [2025-08-31T18:55:16.329+0000] {dagbag.py:588} INFO - Filling up the DagBag from /home/krishnaformeera/Sumitomo/datapipeline/venv/lib/python3.11/site-packages/airflow/example_dags/example_complex.py
[2025-08-31T18:55:16.345+0000] {processor.py:925} INFO - DAG(s) 'example_complex' retrieved from /home/krishnaformeera/Sumitomo/datapipeline/venv/lib/python3.11/site-packages/airflow/example_dags/example_complex.py
[2025-08-31T18:55:16.371+0000] {logging_mixin.py:190} INFO - [2025-08-31T18:55:16.371+0000] {dag.py:3239} INFO - Sync 1 DAGs
[2025-08-31T18:55:16.389+0000] {logging_mixin.py:190} INFO - [2025-08-31T18:55:16.389+0000] {dag.py:4180} INFO - Setting next_dagrun for example_complex to None, run_after=None
[2025-08-31T18:55:16.418+0000] {processor.py:208} INFO - Processing /home/krishnaformeera/Sumitomo/datapipeline/venv/lib/python3.11/site-packages/airflow/example_dags/example_complex.py took 0.099 seconds
[2025-08-31T18:56:09.105+0000] {processor.py:186} INFO - Started process (PID=8633) to work on /home/krishnaformeera/Sumitomo/datapipeline/venv/lib/python3.11/site-packages/airflow/example_dags/example_complex.py
[2025-08-31T18:56:09.106+0000] {processor.py:914} INFO - Processing file /home/krishnaformeera/Sumitomo/datapipeline/venv/lib/python3.11/site-packages/airflow/example_dags/example_complex.py for tasks to queue
[2025-08-31T18:56:09.108+0000] {logging_mixin.py:190} INFO - [2025-08-31T18:56:09.108+0000] {dagbag.py:588} INFO - Filling up the DagBag from /home/krishnaformeera/Sumitomo/datapipeline/venv/lib/python3.11/site-packages/airflow/example_dags/example_complex.py
[2025-08-31T18:56:09.120+0000] {processor.py:925} INFO - DAG(s) 'example_complex' retrieved from /home/krishnaformeera/Sumitomo/datapipeline/venv/lib/python3.11/site-packages/airflow/example_dags/example_complex.py
[2025-08-31T18:56:09.143+0000] {logging_mixin.py:190} INFO - [2025-08-31T18:56:09.143+0000] {dag.py:3239} INFO - Sync 1 DAGs
[2025-08-31T18:56:09.154+0000] {logging_mixin.py:190} INFO - [2025-08-31T18:56:09.154+0000] {dag.py:4180} INFO - Setting next_dagrun for example_complex to None, run_after=None
[2025-08-31T18:56:09.177+0000] {processor.py:208} INFO - Processing /home/krishnaformeera/Sumitomo/datapipeline/venv/lib/python3.11/site-packages/airflow/example_dags/example_complex.py took 0.077 seconds
[2025-08-31T18:57:02.181+0000] {processor.py:186} INFO - Started process (PID=8701) to work on /home/krishnaformeera/Sumitomo/datapipeline/venv/lib/python3.11/site-packages/airflow/example_dags/example_complex.py
[2025-08-31T18:57:02.182+0000] {processor.py:914} INFO - Processing file /home/krishnaformeera/Sumitomo/datapipeline/venv/lib/python3.11/site-packages/airflow/example_dags/example_complex.py for tasks to queue
[2025-08-31T18:57:02.184+0000] {logging_mixin.py:190} INFO - [2025-08-31T18:57:02.184+0000] {dagbag.py:588} INFO - Filling up the DagBag from /home/krishnaformeera/Sumitomo/datapipeline/venv/lib/python3.11/site-packages/airflow/example_dags/example_complex.py
[2025-08-31T18:57:02.198+0000] {processor.py:925} INFO - DAG(s) 'example_complex' retrieved from /home/krishnaformeera/Sumitomo/datapipeline/venv/lib/python3.11/site-packages/airflow/example_dags/example_complex.py
[2025-08-31T18:57:02.226+0000] {logging_mixin.py:190} INFO - [2025-08-31T18:57:02.225+0000] {dag.py:3239} INFO - Sync 1 DAGs
[2025-08-31T18:57:02.240+0000] {logging_mixin.py:190} INFO - [2025-08-31T18:57:02.240+0000] {dag.py:4180} INFO - Setting next_dagrun for example_complex to None, run_after=None
[2025-08-31T18:57:02.265+0000] {processor.py:208} INFO - Processing /home/krishnaformeera/Sumitomo/datapipeline/venv/lib/python3.11/site-packages/airflow/example_dags/example_complex.py took 0.092 seconds
[2025-08-31T18:57:54.972+0000] {processor.py:186} INFO - Started process (PID=8755) to work on /home/krishnaformeera/Sumitomo/datapipeline/venv/lib/python3.11/site-packages/airflow/example_dags/example_complex.py
[2025-08-31T18:57:54.974+0000] {processor.py:914} INFO - Processing file /home/krishnaformeera/Sumitomo/datapipeline/venv/lib/python3.11/site-packages/airflow/example_dags/example_complex.py for tasks to queue
[2025-08-31T18:57:54.977+0000] {logging_mixin.py:190} INFO - [2025-08-31T18:57:54.976+0000] {dagbag.py:588} INFO - Filling up the DagBag from /home/krishnaformeera/Sumitomo/datapipeline/venv/lib/python3.11/site-packages/airflow/example_dags/example_complex.py
[2025-08-31T18:57:54.990+0000] {processor.py:925} INFO - DAG(s) 'example_complex' retrieved from /home/krishnaformeera/Sumitomo/datapipeline/venv/lib/python3.11/site-packages/airflow/example_dags/example_complex.py
[2025-08-31T18:57:55.021+0000] {logging_mixin.py:190} INFO - [2025-08-31T18:57:55.021+0000] {dag.py:3239} INFO - Sync 1 DAGs
[2025-08-31T18:57:55.037+0000] {logging_mixin.py:190} INFO - [2025-08-31T18:57:55.036+0000] {dag.py:4180} INFO - Setting next_dagrun for example_complex to None, run_after=None
[2025-08-31T18:57:55.064+0000] {processor.py:208} INFO - Processing /home/krishnaformeera/Sumitomo/datapipeline/venv/lib/python3.11/site-packages/airflow/example_dags/example_complex.py took 0.099 seconds
[2025-08-31T18:58:49.400+0000] {processor.py:186} INFO - Started process (PID=8809) to work on /home/krishnaformeera/Sumitomo/datapipeline/venv/lib/python3.11/site-packages/airflow/example_dags/example_complex.py
[2025-08-31T18:58:49.401+0000] {processor.py:914} INFO - Processing file /home/krishnaformeera/Sumitomo/datapipeline/venv/lib/python3.11/site-packages/airflow/example_dags/example_complex.py for tasks to queue
[2025-08-31T18:58:49.403+0000] {logging_mixin.py:190} INFO - [2025-08-31T18:58:49.403+0000] {dagbag.py:588} INFO - Filling up the DagBag from /home/krishnaformeera/Sumitomo/datapipeline/venv/lib/python3.11/site-packages/airflow/example_dags/example_complex.py
[2025-08-31T18:58:49.416+0000] {processor.py:925} INFO - DAG(s) 'example_complex' retrieved from /home/krishnaformeera/Sumitomo/datapipeline/venv/lib/python3.11/site-packages/airflow/example_dags/example_complex.py
[2025-08-31T18:58:49.439+0000] {logging_mixin.py:190} INFO - [2025-08-31T18:58:49.439+0000] {dag.py:3239} INFO - Sync 1 DAGs
[2025-08-31T18:58:49.451+0000] {logging_mixin.py:190} INFO - [2025-08-31T18:58:49.451+0000] {dag.py:4180} INFO - Setting next_dagrun for example_complex to None, run_after=None
[2025-08-31T18:58:49.473+0000] {processor.py:208} INFO - Processing /home/krishnaformeera/Sumitomo/datapipeline/venv/lib/python3.11/site-packages/airflow/example_dags/example_complex.py took 0.081 seconds
