[2025-08-31T18:30:21.979+0000] {processor.py:186} INFO - Started process (PID=5110) to work on /home/krishnaformeera/Sumitomo/datapipeline/venv/lib/python3.11/site-packages/airflow/example_dags/example_sensors.py
[2025-08-31T18:30:21.979+0000] {processor.py:914} INFO - Processing file /home/krishnaformeera/Sumitomo/datapipeline/venv/lib/python3.11/site-packages/airflow/example_dags/example_sensors.py for tasks to queue
[2025-08-31T18:30:21.981+0000] {logging_mixin.py:190} INFO - [2025-08-31T18:30:21.980+0000] {dagbag.py:588} INFO - Filling up the DagBag from /home/krishnaformeera/Sumitomo/datapipeline/venv/lib/python3.11/site-packages/airflow/example_dags/example_sensors.py
[2025-08-31T18:30:21.994+0000] {processor.py:925} INFO - DAG(s) 'example_sensors' retrieved from /home/krishnaformeera/Sumitomo/datapipeline/venv/lib/python3.11/site-packages/airflow/example_dags/example_sensors.py
[2025-08-31T18:30:22.188+0000] {logging_mixin.py:190} INFO - [2025-08-31T18:30:22.187+0000] {override.py:1900} INFO - Created Permission View: can delete on DAG:example_sensors
[2025-08-31T18:30:22.200+0000] {logging_mixin.py:190} INFO - [2025-08-31T18:30:22.199+0000] {override.py:1900} INFO - Created Permission View: can read on DAG:example_sensors
[2025-08-31T18:30:22.209+0000] {logging_mixin.py:190} INFO - [2025-08-31T18:30:22.208+0000] {override.py:1900} INFO - Created Permission View: can edit on DAG:example_sensors
[2025-08-31T18:30:22.223+0000] {logging_mixin.py:190} INFO - [2025-08-31T18:30:22.223+0000] {override.py:1900} INFO - Created Permission View: can delete on DAG Run:example_sensors
[2025-08-31T18:30:22.232+0000] {logging_mixin.py:190} INFO - [2025-08-31T18:30:22.232+0000] {override.py:1900} INFO - Created Permission View: can read on DAG Run:example_sensors
[2025-08-31T18:30:22.241+0000] {logging_mixin.py:190} INFO - [2025-08-31T18:30:22.240+0000] {override.py:1900} INFO - Created Permission View: can create on DAG Run:example_sensors
[2025-08-31T18:30:22.250+0000] {logging_mixin.py:190} INFO - [2025-08-31T18:30:22.250+0000] {override.py:1900} INFO - Created Permission View: menu access on DAG Run:example_sensors
[2025-08-31T18:30:22.250+0000] {logging_mixin.py:190} INFO - [2025-08-31T18:30:22.250+0000] {dag.py:3239} INFO - Sync 1 DAGs
[2025-08-31T18:30:22.259+0000] {logging_mixin.py:190} INFO - [2025-08-31T18:30:22.259+0000] {dag.py:3262} INFO - Creating ORM DAG for example_sensors
[2025-08-31T18:30:22.260+0000] {logging_mixin.py:190} INFO - [2025-08-31T18:30:22.260+0000] {dag.py:4180} INFO - Setting next_dagrun for example_sensors to None, run_after=None
[2025-08-31T18:30:22.277+0000] {processor.py:208} INFO - Processing /home/krishnaformeera/Sumitomo/datapipeline/venv/lib/python3.11/site-packages/airflow/example_dags/example_sensors.py took 0.304 seconds
[2025-08-31T18:30:57.454+0000] {processor.py:186} INFO - Started process (PID=5225) to work on /home/krishnaformeera/Sumitomo/datapipeline/venv/lib/python3.11/site-packages/airflow/example_dags/example_sensors.py
[2025-08-31T18:30:57.455+0000] {processor.py:914} INFO - Processing file /home/krishnaformeera/Sumitomo/datapipeline/venv/lib/python3.11/site-packages/airflow/example_dags/example_sensors.py for tasks to queue
[2025-08-31T18:30:57.458+0000] {logging_mixin.py:190} INFO - [2025-08-31T18:30:57.457+0000] {dagbag.py:588} INFO - Filling up the DagBag from /home/krishnaformeera/Sumitomo/datapipeline/venv/lib/python3.11/site-packages/airflow/example_dags/example_sensors.py
[2025-08-31T18:30:57.469+0000] {processor.py:925} INFO - DAG(s) 'example_sensors' retrieved from /home/krishnaformeera/Sumitomo/datapipeline/venv/lib/python3.11/site-packages/airflow/example_dags/example_sensors.py
[2025-08-31T18:30:57.492+0000] {logging_mixin.py:190} INFO - [2025-08-31T18:30:57.492+0000] {dag.py:3239} INFO - Sync 1 DAGs
[2025-08-31T18:30:57.503+0000] {logging_mixin.py:190} INFO - [2025-08-31T18:30:57.503+0000] {dag.py:4180} INFO - Setting next_dagrun for example_sensors to None, run_after=None
[2025-08-31T18:30:57.525+0000] {processor.py:208} INFO - Processing /home/krishnaformeera/Sumitomo/datapipeline/venv/lib/python3.11/site-packages/airflow/example_dags/example_sensors.py took 0.078 seconds
[2025-08-31T18:32:02.912+0000] {processor.py:186} INFO - Started process (PID=5297) to work on /home/krishnaformeera/Sumitomo/datapipeline/venv/lib/python3.11/site-packages/airflow/example_dags/example_sensors.py
[2025-08-31T18:32:02.913+0000] {processor.py:914} INFO - Processing file /home/krishnaformeera/Sumitomo/datapipeline/venv/lib/python3.11/site-packages/airflow/example_dags/example_sensors.py for tasks to queue
[2025-08-31T18:32:02.915+0000] {logging_mixin.py:190} INFO - [2025-08-31T18:32:02.915+0000] {dagbag.py:588} INFO - Filling up the DagBag from /home/krishnaformeera/Sumitomo/datapipeline/venv/lib/python3.11/site-packages/airflow/example_dags/example_sensors.py
[2025-08-31T18:32:02.926+0000] {processor.py:925} INFO - DAG(s) 'example_sensors' retrieved from /home/krishnaformeera/Sumitomo/datapipeline/venv/lib/python3.11/site-packages/airflow/example_dags/example_sensors.py
[2025-08-31T18:32:02.946+0000] {logging_mixin.py:190} INFO - [2025-08-31T18:32:02.945+0000] {dag.py:3239} INFO - Sync 1 DAGs
[2025-08-31T18:32:02.957+0000] {logging_mixin.py:190} INFO - [2025-08-31T18:32:02.957+0000] {dag.py:4180} INFO - Setting next_dagrun for example_sensors to None, run_after=None
[2025-08-31T18:32:02.977+0000] {processor.py:208} INFO - Processing /home/krishnaformeera/Sumitomo/datapipeline/venv/lib/python3.11/site-packages/airflow/example_dags/example_sensors.py took 0.071 seconds
[2025-08-31T18:32:57.253+0000] {processor.py:186} INFO - Started process (PID=5354) to work on /home/krishnaformeera/Sumitomo/datapipeline/venv/lib/python3.11/site-packages/airflow/example_dags/example_sensors.py
[2025-08-31T18:32:57.254+0000] {processor.py:914} INFO - Processing file /home/krishnaformeera/Sumitomo/datapipeline/venv/lib/python3.11/site-packages/airflow/example_dags/example_sensors.py for tasks to queue
[2025-08-31T18:32:57.256+0000] {logging_mixin.py:190} INFO - [2025-08-31T18:32:57.256+0000] {dagbag.py:588} INFO - Filling up the DagBag from /home/krishnaformeera/Sumitomo/datapipeline/venv/lib/python3.11/site-packages/airflow/example_dags/example_sensors.py
[2025-08-31T18:32:57.270+0000] {processor.py:925} INFO - DAG(s) 'example_sensors' retrieved from /home/krishnaformeera/Sumitomo/datapipeline/venv/lib/python3.11/site-packages/airflow/example_dags/example_sensors.py
[2025-08-31T18:32:57.294+0000] {logging_mixin.py:190} INFO - [2025-08-31T18:32:57.293+0000] {dag.py:3239} INFO - Sync 1 DAGs
[2025-08-31T18:32:57.307+0000] {logging_mixin.py:190} INFO - [2025-08-31T18:32:57.306+0000] {dag.py:4180} INFO - Setting next_dagrun for example_sensors to None, run_after=None
[2025-08-31T18:32:57.331+0000] {processor.py:208} INFO - Processing /home/krishnaformeera/Sumitomo/datapipeline/venv/lib/python3.11/site-packages/airflow/example_dags/example_sensors.py took 0.085 seconds
[2025-08-31T18:33:57.457+0000] {processor.py:186} INFO - Started process (PID=5413) to work on /home/krishnaformeera/Sumitomo/datapipeline/venv/lib/python3.11/site-packages/airflow/example_dags/example_sensors.py
[2025-08-31T18:33:57.458+0000] {processor.py:914} INFO - Processing file /home/krishnaformeera/Sumitomo/datapipeline/venv/lib/python3.11/site-packages/airflow/example_dags/example_sensors.py for tasks to queue
[2025-08-31T18:33:57.461+0000] {logging_mixin.py:190} INFO - [2025-08-31T18:33:57.460+0000] {dagbag.py:588} INFO - Filling up the DagBag from /home/krishnaformeera/Sumitomo/datapipeline/venv/lib/python3.11/site-packages/airflow/example_dags/example_sensors.py
[2025-08-31T18:33:57.475+0000] {processor.py:925} INFO - DAG(s) 'example_sensors' retrieved from /home/krishnaformeera/Sumitomo/datapipeline/venv/lib/python3.11/site-packages/airflow/example_dags/example_sensors.py
[2025-08-31T18:33:57.499+0000] {logging_mixin.py:190} INFO - [2025-08-31T18:33:57.499+0000] {dag.py:3239} INFO - Sync 1 DAGs
[2025-08-31T18:33:57.512+0000] {logging_mixin.py:190} INFO - [2025-08-31T18:33:57.512+0000] {dag.py:4180} INFO - Setting next_dagrun for example_sensors to None, run_after=None
[2025-08-31T18:33:57.537+0000] {processor.py:208} INFO - Processing /home/krishnaformeera/Sumitomo/datapipeline/venv/lib/python3.11/site-packages/airflow/example_dags/example_sensors.py took 0.089 seconds
[2025-08-31T18:34:51.760+0000] {processor.py:186} INFO - Started process (PID=5469) to work on /home/krishnaformeera/Sumitomo/datapipeline/venv/lib/python3.11/site-packages/airflow/example_dags/example_sensors.py
[2025-08-31T18:34:51.761+0000] {processor.py:914} INFO - Processing file /home/krishnaformeera/Sumitomo/datapipeline/venv/lib/python3.11/site-packages/airflow/example_dags/example_sensors.py for tasks to queue
[2025-08-31T18:34:51.764+0000] {logging_mixin.py:190} INFO - [2025-08-31T18:34:51.763+0000] {dagbag.py:588} INFO - Filling up the DagBag from /home/krishnaformeera/Sumitomo/datapipeline/venv/lib/python3.11/site-packages/airflow/example_dags/example_sensors.py
[2025-08-31T18:34:51.778+0000] {processor.py:925} INFO - DAG(s) 'example_sensors' retrieved from /home/krishnaformeera/Sumitomo/datapipeline/venv/lib/python3.11/site-packages/airflow/example_dags/example_sensors.py
[2025-08-31T18:34:51.801+0000] {logging_mixin.py:190} INFO - [2025-08-31T18:34:51.800+0000] {dag.py:3239} INFO - Sync 1 DAGs
[2025-08-31T18:34:51.814+0000] {logging_mixin.py:190} INFO - [2025-08-31T18:34:51.814+0000] {dag.py:4180} INFO - Setting next_dagrun for example_sensors to None, run_after=None
[2025-08-31T18:34:51.841+0000] {processor.py:208} INFO - Processing /home/krishnaformeera/Sumitomo/datapipeline/venv/lib/python3.11/site-packages/airflow/example_dags/example_sensors.py took 0.088 seconds
[2025-08-31T18:35:42.030+0000] {processor.py:186} INFO - Started process (PID=5533) to work on /home/krishnaformeera/Sumitomo/datapipeline/venv/lib/python3.11/site-packages/airflow/example_dags/example_sensors.py
[2025-08-31T18:35:42.033+0000] {processor.py:914} INFO - Processing file /home/krishnaformeera/Sumitomo/datapipeline/venv/lib/python3.11/site-packages/airflow/example_dags/example_sensors.py for tasks to queue
[2025-08-31T18:35:42.035+0000] {logging_mixin.py:190} INFO - [2025-08-31T18:35:42.035+0000] {dagbag.py:588} INFO - Filling up the DagBag from /home/krishnaformeera/Sumitomo/datapipeline/venv/lib/python3.11/site-packages/airflow/example_dags/example_sensors.py
[2025-08-31T18:35:42.047+0000] {processor.py:925} INFO - DAG(s) 'example_sensors' retrieved from /home/krishnaformeera/Sumitomo/datapipeline/venv/lib/python3.11/site-packages/airflow/example_dags/example_sensors.py
[2025-08-31T18:35:42.066+0000] {logging_mixin.py:190} INFO - [2025-08-31T18:35:42.066+0000] {dag.py:3239} INFO - Sync 1 DAGs
[2025-08-31T18:35:42.077+0000] {logging_mixin.py:190} INFO - [2025-08-31T18:35:42.077+0000] {dag.py:4180} INFO - Setting next_dagrun for example_sensors to None, run_after=None
[2025-08-31T18:35:42.096+0000] {processor.py:208} INFO - Processing /home/krishnaformeera/Sumitomo/datapipeline/venv/lib/python3.11/site-packages/airflow/example_dags/example_sensors.py took 0.073 seconds
[2025-08-31T18:36:33.206+0000] {processor.py:186} INFO - Started process (PID=5598) to work on /home/krishnaformeera/Sumitomo/datapipeline/venv/lib/python3.11/site-packages/airflow/example_dags/example_sensors.py
[2025-08-31T18:36:33.207+0000] {processor.py:914} INFO - Processing file /home/krishnaformeera/Sumitomo/datapipeline/venv/lib/python3.11/site-packages/airflow/example_dags/example_sensors.py for tasks to queue
[2025-08-31T18:36:33.209+0000] {logging_mixin.py:190} INFO - [2025-08-31T18:36:33.209+0000] {dagbag.py:588} INFO - Filling up the DagBag from /home/krishnaformeera/Sumitomo/datapipeline/venv/lib/python3.11/site-packages/airflow/example_dags/example_sensors.py
[2025-08-31T18:36:33.223+0000] {processor.py:925} INFO - DAG(s) 'example_sensors' retrieved from /home/krishnaformeera/Sumitomo/datapipeline/venv/lib/python3.11/site-packages/airflow/example_dags/example_sensors.py
[2025-08-31T18:36:33.247+0000] {logging_mixin.py:190} INFO - [2025-08-31T18:36:33.247+0000] {dag.py:3239} INFO - Sync 1 DAGs
[2025-08-31T18:36:33.261+0000] {logging_mixin.py:190} INFO - [2025-08-31T18:36:33.261+0000] {dag.py:4180} INFO - Setting next_dagrun for example_sensors to None, run_after=None
[2025-08-31T18:36:33.285+0000] {processor.py:208} INFO - Processing /home/krishnaformeera/Sumitomo/datapipeline/venv/lib/python3.11/site-packages/airflow/example_dags/example_sensors.py took 0.086 seconds
[2025-08-31T18:37:23.791+0000] {processor.py:186} INFO - Started process (PID=5650) to work on /home/krishnaformeera/Sumitomo/datapipeline/venv/lib/python3.11/site-packages/airflow/example_dags/example_sensors.py
[2025-08-31T18:37:23.792+0000] {processor.py:914} INFO - Processing file /home/krishnaformeera/Sumitomo/datapipeline/venv/lib/python3.11/site-packages/airflow/example_dags/example_sensors.py for tasks to queue
[2025-08-31T18:37:23.795+0000] {logging_mixin.py:190} INFO - [2025-08-31T18:37:23.794+0000] {dagbag.py:588} INFO - Filling up the DagBag from /home/krishnaformeera/Sumitomo/datapipeline/venv/lib/python3.11/site-packages/airflow/example_dags/example_sensors.py
[2025-08-31T18:37:23.808+0000] {processor.py:925} INFO - DAG(s) 'example_sensors' retrieved from /home/krishnaformeera/Sumitomo/datapipeline/venv/lib/python3.11/site-packages/airflow/example_dags/example_sensors.py
[2025-08-31T18:37:23.832+0000] {logging_mixin.py:190} INFO - [2025-08-31T18:37:23.832+0000] {dag.py:3239} INFO - Sync 1 DAGs
[2025-08-31T18:37:23.845+0000] {logging_mixin.py:190} INFO - [2025-08-31T18:37:23.844+0000] {dag.py:4180} INFO - Setting next_dagrun for example_sensors to None, run_after=None
[2025-08-31T18:37:23.869+0000] {processor.py:208} INFO - Processing /home/krishnaformeera/Sumitomo/datapipeline/venv/lib/python3.11/site-packages/airflow/example_dags/example_sensors.py took 0.087 seconds
[2025-08-31T18:40:11.388+0000] {processor.py:186} INFO - Started process (PID=6092) to work on /home/krishnaformeera/Sumitomo/datapipeline/venv/lib/python3.11/site-packages/airflow/example_dags/example_sensors.py
[2025-08-31T18:40:11.389+0000] {processor.py:914} INFO - Processing file /home/krishnaformeera/Sumitomo/datapipeline/venv/lib/python3.11/site-packages/airflow/example_dags/example_sensors.py for tasks to queue
[2025-08-31T18:40:11.392+0000] {logging_mixin.py:190} INFO - [2025-08-31T18:40:11.391+0000] {dagbag.py:588} INFO - Filling up the DagBag from /home/krishnaformeera/Sumitomo/datapipeline/venv/lib/python3.11/site-packages/airflow/example_dags/example_sensors.py
[2025-08-31T18:40:11.403+0000] {processor.py:925} INFO - DAG(s) 'example_sensors' retrieved from /home/krishnaformeera/Sumitomo/datapipeline/venv/lib/python3.11/site-packages/airflow/example_dags/example_sensors.py
[2025-08-31T18:40:11.427+0000] {logging_mixin.py:190} INFO - [2025-08-31T18:40:11.427+0000] {dag.py:3239} INFO - Sync 1 DAGs
[2025-08-31T18:40:11.438+0000] {logging_mixin.py:190} INFO - [2025-08-31T18:40:11.438+0000] {dag.py:4180} INFO - Setting next_dagrun for example_sensors to None, run_after=None
[2025-08-31T18:40:11.460+0000] {processor.py:208} INFO - Processing /home/krishnaformeera/Sumitomo/datapipeline/venv/lib/python3.11/site-packages/airflow/example_dags/example_sensors.py took 0.078 seconds
[2025-08-31T18:41:07.953+0000] {processor.py:186} INFO - Started process (PID=6330) to work on /home/krishnaformeera/Sumitomo/datapipeline/venv/lib/python3.11/site-packages/airflow/example_dags/example_sensors.py
[2025-08-31T18:41:07.954+0000] {processor.py:914} INFO - Processing file /home/krishnaformeera/Sumitomo/datapipeline/venv/lib/python3.11/site-packages/airflow/example_dags/example_sensors.py for tasks to queue
[2025-08-31T18:41:07.956+0000] {logging_mixin.py:190} INFO - [2025-08-31T18:41:07.956+0000] {dagbag.py:588} INFO - Filling up the DagBag from /home/krishnaformeera/Sumitomo/datapipeline/venv/lib/python3.11/site-packages/airflow/example_dags/example_sensors.py
[2025-08-31T18:41:07.968+0000] {processor.py:925} INFO - DAG(s) 'example_sensors' retrieved from /home/krishnaformeera/Sumitomo/datapipeline/venv/lib/python3.11/site-packages/airflow/example_dags/example_sensors.py
[2025-08-31T18:41:07.990+0000] {logging_mixin.py:190} INFO - [2025-08-31T18:41:07.989+0000] {dag.py:3239} INFO - Sync 1 DAGs
[2025-08-31T18:41:08.001+0000] {logging_mixin.py:190} INFO - [2025-08-31T18:41:08.001+0000] {dag.py:4180} INFO - Setting next_dagrun for example_sensors to None, run_after=None
[2025-08-31T18:41:08.021+0000] {processor.py:208} INFO - Processing /home/krishnaformeera/Sumitomo/datapipeline/venv/lib/python3.11/site-packages/airflow/example_dags/example_sensors.py took 0.075 seconds
[2025-08-31T18:42:02.445+0000] {processor.py:186} INFO - Started process (PID=6536) to work on /home/krishnaformeera/Sumitomo/datapipeline/venv/lib/python3.11/site-packages/airflow/example_dags/example_sensors.py
[2025-08-31T18:42:02.447+0000] {processor.py:914} INFO - Processing file /home/krishnaformeera/Sumitomo/datapipeline/venv/lib/python3.11/site-packages/airflow/example_dags/example_sensors.py for tasks to queue
[2025-08-31T18:42:02.449+0000] {logging_mixin.py:190} INFO - [2025-08-31T18:42:02.449+0000] {dagbag.py:588} INFO - Filling up the DagBag from /home/krishnaformeera/Sumitomo/datapipeline/venv/lib/python3.11/site-packages/airflow/example_dags/example_sensors.py
[2025-08-31T18:42:02.464+0000] {processor.py:925} INFO - DAG(s) 'example_sensors' retrieved from /home/krishnaformeera/Sumitomo/datapipeline/venv/lib/python3.11/site-packages/airflow/example_dags/example_sensors.py
[2025-08-31T18:42:02.487+0000] {logging_mixin.py:190} INFO - [2025-08-31T18:42:02.487+0000] {dag.py:3239} INFO - Sync 1 DAGs
[2025-08-31T18:42:02.500+0000] {logging_mixin.py:190} INFO - [2025-08-31T18:42:02.500+0000] {dag.py:4180} INFO - Setting next_dagrun for example_sensors to None, run_after=None
[2025-08-31T18:42:02.525+0000] {processor.py:208} INFO - Processing /home/krishnaformeera/Sumitomo/datapipeline/venv/lib/python3.11/site-packages/airflow/example_dags/example_sensors.py took 0.087 seconds
[2025-08-31T18:43:04.429+0000] {processor.py:186} INFO - Started process (PID=6759) to work on /home/krishnaformeera/Sumitomo/datapipeline/venv/lib/python3.11/site-packages/airflow/example_dags/example_sensors.py
[2025-08-31T18:43:04.430+0000] {processor.py:914} INFO - Processing file /home/krishnaformeera/Sumitomo/datapipeline/venv/lib/python3.11/site-packages/airflow/example_dags/example_sensors.py for tasks to queue
[2025-08-31T18:43:04.432+0000] {logging_mixin.py:190} INFO - [2025-08-31T18:43:04.432+0000] {dagbag.py:588} INFO - Filling up the DagBag from /home/krishnaformeera/Sumitomo/datapipeline/venv/lib/python3.11/site-packages/airflow/example_dags/example_sensors.py
[2025-08-31T18:43:04.536+0000] {processor.py:925} INFO - DAG(s) 'example_sensors' retrieved from /home/krishnaformeera/Sumitomo/datapipeline/venv/lib/python3.11/site-packages/airflow/example_dags/example_sensors.py
[2025-08-31T18:43:04.551+0000] {logging_mixin.py:190} INFO - [2025-08-31T18:43:04.551+0000] {dag.py:3239} INFO - Sync 1 DAGs
[2025-08-31T18:43:04.560+0000] {logging_mixin.py:190} INFO - [2025-08-31T18:43:04.560+0000] {dag.py:4180} INFO - Setting next_dagrun for example_sensors to None, run_after=None
[2025-08-31T18:43:04.579+0000] {processor.py:208} INFO - Processing /home/krishnaformeera/Sumitomo/datapipeline/venv/lib/python3.11/site-packages/airflow/example_dags/example_sensors.py took 0.156 seconds
[2025-08-31T18:43:59.553+0000] {processor.py:186} INFO - Started process (PID=7006) to work on /home/krishnaformeera/Sumitomo/datapipeline/venv/lib/python3.11/site-packages/airflow/example_dags/example_sensors.py
[2025-08-31T18:43:59.554+0000] {processor.py:914} INFO - Processing file /home/krishnaformeera/Sumitomo/datapipeline/venv/lib/python3.11/site-packages/airflow/example_dags/example_sensors.py for tasks to queue
[2025-08-31T18:43:59.556+0000] {logging_mixin.py:190} INFO - [2025-08-31T18:43:59.555+0000] {dagbag.py:588} INFO - Filling up the DagBag from /home/krishnaformeera/Sumitomo/datapipeline/venv/lib/python3.11/site-packages/airflow/example_dags/example_sensors.py
[2025-08-31T18:43:59.571+0000] {processor.py:925} INFO - DAG(s) 'example_sensors' retrieved from /home/krishnaformeera/Sumitomo/datapipeline/venv/lib/python3.11/site-packages/airflow/example_dags/example_sensors.py
[2025-08-31T18:43:59.600+0000] {logging_mixin.py:190} INFO - [2025-08-31T18:43:59.600+0000] {dag.py:3239} INFO - Sync 1 DAGs
[2025-08-31T18:43:59.616+0000] {logging_mixin.py:190} INFO - [2025-08-31T18:43:59.616+0000] {dag.py:4180} INFO - Setting next_dagrun for example_sensors to None, run_after=None
[2025-08-31T18:43:59.647+0000] {processor.py:208} INFO - Processing /home/krishnaformeera/Sumitomo/datapipeline/venv/lib/python3.11/site-packages/airflow/example_dags/example_sensors.py took 0.103 seconds
[2025-08-31T18:44:48.788+0000] {processor.py:186} INFO - Started process (PID=7179) to work on /home/krishnaformeera/Sumitomo/datapipeline/venv/lib/python3.11/site-packages/airflow/example_dags/example_sensors.py
[2025-08-31T18:44:48.789+0000] {processor.py:914} INFO - Processing file /home/krishnaformeera/Sumitomo/datapipeline/venv/lib/python3.11/site-packages/airflow/example_dags/example_sensors.py for tasks to queue
[2025-08-31T18:44:48.791+0000] {logging_mixin.py:190} INFO - [2025-08-31T18:44:48.791+0000] {dagbag.py:588} INFO - Filling up the DagBag from /home/krishnaformeera/Sumitomo/datapipeline/venv/lib/python3.11/site-packages/airflow/example_dags/example_sensors.py
[2025-08-31T18:44:48.803+0000] {processor.py:925} INFO - DAG(s) 'example_sensors' retrieved from /home/krishnaformeera/Sumitomo/datapipeline/venv/lib/python3.11/site-packages/airflow/example_dags/example_sensors.py
[2025-08-31T18:44:48.823+0000] {logging_mixin.py:190} INFO - [2025-08-31T18:44:48.823+0000] {dag.py:3239} INFO - Sync 1 DAGs
[2025-08-31T18:44:48.834+0000] {logging_mixin.py:190} INFO - [2025-08-31T18:44:48.834+0000] {dag.py:4180} INFO - Setting next_dagrun for example_sensors to None, run_after=None
[2025-08-31T18:44:48.856+0000] {processor.py:208} INFO - Processing /home/krishnaformeera/Sumitomo/datapipeline/venv/lib/python3.11/site-packages/airflow/example_dags/example_sensors.py took 0.074 seconds
[2025-08-31T18:45:41.542+0000] {processor.py:186} INFO - Started process (PID=7452) to work on /home/krishnaformeera/Sumitomo/datapipeline/venv/lib/python3.11/site-packages/airflow/example_dags/example_sensors.py
[2025-08-31T18:45:41.543+0000] {processor.py:914} INFO - Processing file /home/krishnaformeera/Sumitomo/datapipeline/venv/lib/python3.11/site-packages/airflow/example_dags/example_sensors.py for tasks to queue
[2025-08-31T18:45:41.545+0000] {logging_mixin.py:190} INFO - [2025-08-31T18:45:41.545+0000] {dagbag.py:588} INFO - Filling up the DagBag from /home/krishnaformeera/Sumitomo/datapipeline/venv/lib/python3.11/site-packages/airflow/example_dags/example_sensors.py
[2025-08-31T18:45:41.556+0000] {processor.py:925} INFO - DAG(s) 'example_sensors' retrieved from /home/krishnaformeera/Sumitomo/datapipeline/venv/lib/python3.11/site-packages/airflow/example_dags/example_sensors.py
[2025-08-31T18:45:41.577+0000] {logging_mixin.py:190} INFO - [2025-08-31T18:45:41.577+0000] {dag.py:3239} INFO - Sync 1 DAGs
[2025-08-31T18:45:41.590+0000] {logging_mixin.py:190} INFO - [2025-08-31T18:45:41.590+0000] {dag.py:4180} INFO - Setting next_dagrun for example_sensors to None, run_after=None
[2025-08-31T18:45:41.613+0000] {processor.py:208} INFO - Processing /home/krishnaformeera/Sumitomo/datapipeline/venv/lib/python3.11/site-packages/airflow/example_dags/example_sensors.py took 0.078 seconds
[2025-08-31T18:46:33.139+0000] {processor.py:186} INFO - Started process (PID=7657) to work on /home/krishnaformeera/Sumitomo/datapipeline/venv/lib/python3.11/site-packages/airflow/example_dags/example_sensors.py
[2025-08-31T18:46:33.140+0000] {processor.py:914} INFO - Processing file /home/krishnaformeera/Sumitomo/datapipeline/venv/lib/python3.11/site-packages/airflow/example_dags/example_sensors.py for tasks to queue
[2025-08-31T18:46:33.144+0000] {logging_mixin.py:190} INFO - [2025-08-31T18:46:33.143+0000] {dagbag.py:588} INFO - Filling up the DagBag from /home/krishnaformeera/Sumitomo/datapipeline/venv/lib/python3.11/site-packages/airflow/example_dags/example_sensors.py
[2025-08-31T18:46:33.162+0000] {processor.py:925} INFO - DAG(s) 'example_sensors' retrieved from /home/krishnaformeera/Sumitomo/datapipeline/venv/lib/python3.11/site-packages/airflow/example_dags/example_sensors.py
[2025-08-31T18:46:33.200+0000] {logging_mixin.py:190} INFO - [2025-08-31T18:46:33.200+0000] {dag.py:3239} INFO - Sync 1 DAGs
[2025-08-31T18:46:33.246+0000] {logging_mixin.py:190} INFO - [2025-08-31T18:46:33.245+0000] {dag.py:4180} INFO - Setting next_dagrun for example_sensors to None, run_after=None
[2025-08-31T18:46:33.289+0000] {processor.py:208} INFO - Processing /home/krishnaformeera/Sumitomo/datapipeline/venv/lib/python3.11/site-packages/airflow/example_dags/example_sensors.py took 0.161 seconds
[2025-08-31T18:47:26.486+0000] {processor.py:186} INFO - Started process (PID=7795) to work on /home/krishnaformeera/Sumitomo/datapipeline/venv/lib/python3.11/site-packages/airflow/example_dags/example_sensors.py
[2025-08-31T18:47:26.487+0000] {processor.py:914} INFO - Processing file /home/krishnaformeera/Sumitomo/datapipeline/venv/lib/python3.11/site-packages/airflow/example_dags/example_sensors.py for tasks to queue
[2025-08-31T18:47:26.489+0000] {logging_mixin.py:190} INFO - [2025-08-31T18:47:26.489+0000] {dagbag.py:588} INFO - Filling up the DagBag from /home/krishnaformeera/Sumitomo/datapipeline/venv/lib/python3.11/site-packages/airflow/example_dags/example_sensors.py
[2025-08-31T18:47:26.500+0000] {processor.py:925} INFO - DAG(s) 'example_sensors' retrieved from /home/krishnaformeera/Sumitomo/datapipeline/venv/lib/python3.11/site-packages/airflow/example_dags/example_sensors.py
[2025-08-31T18:47:26.519+0000] {logging_mixin.py:190} INFO - [2025-08-31T18:47:26.519+0000] {dag.py:3239} INFO - Sync 1 DAGs
[2025-08-31T18:47:26.531+0000] {logging_mixin.py:190} INFO - [2025-08-31T18:47:26.530+0000] {dag.py:4180} INFO - Setting next_dagrun for example_sensors to None, run_after=None
[2025-08-31T18:47:26.552+0000] {processor.py:208} INFO - Processing /home/krishnaformeera/Sumitomo/datapipeline/venv/lib/python3.11/site-packages/airflow/example_dags/example_sensors.py took 0.071 seconds
[2025-08-31T18:48:15.395+0000] {processor.py:186} INFO - Started process (PID=7848) to work on /home/krishnaformeera/Sumitomo/datapipeline/venv/lib/python3.11/site-packages/airflow/example_dags/example_sensors.py
[2025-08-31T18:48:15.396+0000] {processor.py:914} INFO - Processing file /home/krishnaformeera/Sumitomo/datapipeline/venv/lib/python3.11/site-packages/airflow/example_dags/example_sensors.py for tasks to queue
[2025-08-31T18:48:15.398+0000] {logging_mixin.py:190} INFO - [2025-08-31T18:48:15.398+0000] {dagbag.py:588} INFO - Filling up the DagBag from /home/krishnaformeera/Sumitomo/datapipeline/venv/lib/python3.11/site-packages/airflow/example_dags/example_sensors.py
[2025-08-31T18:48:15.410+0000] {processor.py:925} INFO - DAG(s) 'example_sensors' retrieved from /home/krishnaformeera/Sumitomo/datapipeline/venv/lib/python3.11/site-packages/airflow/example_dags/example_sensors.py
[2025-08-31T18:48:15.442+0000] {logging_mixin.py:190} INFO - [2025-08-31T18:48:15.442+0000] {dag.py:3239} INFO - Sync 1 DAGs
[2025-08-31T18:48:15.463+0000] {logging_mixin.py:190} INFO - [2025-08-31T18:48:15.462+0000] {dag.py:4180} INFO - Setting next_dagrun for example_sensors to None, run_after=None
[2025-08-31T18:48:15.489+0000] {processor.py:208} INFO - Processing /home/krishnaformeera/Sumitomo/datapipeline/venv/lib/python3.11/site-packages/airflow/example_dags/example_sensors.py took 0.100 seconds
[2025-08-31T18:49:05.971+0000] {processor.py:186} INFO - Started process (PID=7904) to work on /home/krishnaformeera/Sumitomo/datapipeline/venv/lib/python3.11/site-packages/airflow/example_dags/example_sensors.py
[2025-08-31T18:49:05.972+0000] {processor.py:914} INFO - Processing file /home/krishnaformeera/Sumitomo/datapipeline/venv/lib/python3.11/site-packages/airflow/example_dags/example_sensors.py for tasks to queue
[2025-08-31T18:49:05.975+0000] {logging_mixin.py:190} INFO - [2025-08-31T18:49:05.974+0000] {dagbag.py:588} INFO - Filling up the DagBag from /home/krishnaformeera/Sumitomo/datapipeline/venv/lib/python3.11/site-packages/airflow/example_dags/example_sensors.py
[2025-08-31T18:49:05.986+0000] {processor.py:925} INFO - DAG(s) 'example_sensors' retrieved from /home/krishnaformeera/Sumitomo/datapipeline/venv/lib/python3.11/site-packages/airflow/example_dags/example_sensors.py
[2025-08-31T18:49:06.005+0000] {logging_mixin.py:190} INFO - [2025-08-31T18:49:06.005+0000] {dag.py:3239} INFO - Sync 1 DAGs
[2025-08-31T18:49:06.016+0000] {logging_mixin.py:190} INFO - [2025-08-31T18:49:06.015+0000] {dag.py:4180} INFO - Setting next_dagrun for example_sensors to None, run_after=None
[2025-08-31T18:49:06.036+0000] {processor.py:208} INFO - Processing /home/krishnaformeera/Sumitomo/datapipeline/venv/lib/python3.11/site-packages/airflow/example_dags/example_sensors.py took 0.071 seconds
[2025-08-31T18:49:59.190+0000] {processor.py:186} INFO - Started process (PID=8006) to work on /home/krishnaformeera/Sumitomo/datapipeline/venv/lib/python3.11/site-packages/airflow/example_dags/example_sensors.py
[2025-08-31T18:49:59.191+0000] {processor.py:914} INFO - Processing file /home/krishnaformeera/Sumitomo/datapipeline/venv/lib/python3.11/site-packages/airflow/example_dags/example_sensors.py for tasks to queue
[2025-08-31T18:49:59.194+0000] {logging_mixin.py:190} INFO - [2025-08-31T18:49:59.194+0000] {dagbag.py:588} INFO - Filling up the DagBag from /home/krishnaformeera/Sumitomo/datapipeline/venv/lib/python3.11/site-packages/airflow/example_dags/example_sensors.py
[2025-08-31T18:49:59.209+0000] {processor.py:925} INFO - DAG(s) 'example_sensors' retrieved from /home/krishnaformeera/Sumitomo/datapipeline/venv/lib/python3.11/site-packages/airflow/example_dags/example_sensors.py
[2025-08-31T18:49:59.240+0000] {logging_mixin.py:190} INFO - [2025-08-31T18:49:59.239+0000] {dag.py:3239} INFO - Sync 1 DAGs
[2025-08-31T18:49:59.261+0000] {logging_mixin.py:190} INFO - [2025-08-31T18:49:59.260+0000] {dag.py:4180} INFO - Setting next_dagrun for example_sensors to None, run_after=None
[2025-08-31T18:49:59.307+0000] {processor.py:208} INFO - Processing /home/krishnaformeera/Sumitomo/datapipeline/venv/lib/python3.11/site-packages/airflow/example_dags/example_sensors.py took 0.124 seconds
[2025-08-31T18:50:51.797+0000] {processor.py:186} INFO - Started process (PID=8087) to work on /home/krishnaformeera/Sumitomo/datapipeline/venv/lib/python3.11/site-packages/airflow/example_dags/example_sensors.py
[2025-08-31T18:50:51.798+0000] {processor.py:914} INFO - Processing file /home/krishnaformeera/Sumitomo/datapipeline/venv/lib/python3.11/site-packages/airflow/example_dags/example_sensors.py for tasks to queue
[2025-08-31T18:50:51.800+0000] {logging_mixin.py:190} INFO - [2025-08-31T18:50:51.799+0000] {dagbag.py:588} INFO - Filling up the DagBag from /home/krishnaformeera/Sumitomo/datapipeline/venv/lib/python3.11/site-packages/airflow/example_dags/example_sensors.py
[2025-08-31T18:50:51.812+0000] {processor.py:925} INFO - DAG(s) 'example_sensors' retrieved from /home/krishnaformeera/Sumitomo/datapipeline/venv/lib/python3.11/site-packages/airflow/example_dags/example_sensors.py
[2025-08-31T18:50:51.832+0000] {logging_mixin.py:190} INFO - [2025-08-31T18:50:51.832+0000] {dag.py:3239} INFO - Sync 1 DAGs
[2025-08-31T18:50:51.845+0000] {logging_mixin.py:190} INFO - [2025-08-31T18:50:51.845+0000] {dag.py:4180} INFO - Setting next_dagrun for example_sensors to None, run_after=None
[2025-08-31T18:50:51.869+0000] {processor.py:208} INFO - Processing /home/krishnaformeera/Sumitomo/datapipeline/venv/lib/python3.11/site-packages/airflow/example_dags/example_sensors.py took 0.079 seconds
[2025-08-31T18:51:41.555+0000] {processor.py:186} INFO - Started process (PID=8166) to work on /home/krishnaformeera/Sumitomo/datapipeline/venv/lib/python3.11/site-packages/airflow/example_dags/example_sensors.py
[2025-08-31T18:51:41.556+0000] {processor.py:914} INFO - Processing file /home/krishnaformeera/Sumitomo/datapipeline/venv/lib/python3.11/site-packages/airflow/example_dags/example_sensors.py for tasks to queue
[2025-08-31T18:51:41.558+0000] {logging_mixin.py:190} INFO - [2025-08-31T18:51:41.558+0000] {dagbag.py:588} INFO - Filling up the DagBag from /home/krishnaformeera/Sumitomo/datapipeline/venv/lib/python3.11/site-packages/airflow/example_dags/example_sensors.py
[2025-08-31T18:51:41.569+0000] {processor.py:925} INFO - DAG(s) 'example_sensors' retrieved from /home/krishnaformeera/Sumitomo/datapipeline/venv/lib/python3.11/site-packages/airflow/example_dags/example_sensors.py
[2025-08-31T18:51:41.589+0000] {logging_mixin.py:190} INFO - [2025-08-31T18:51:41.589+0000] {dag.py:3239} INFO - Sync 1 DAGs
[2025-08-31T18:51:41.601+0000] {logging_mixin.py:190} INFO - [2025-08-31T18:51:41.601+0000] {dag.py:4180} INFO - Setting next_dagrun for example_sensors to None, run_after=None
[2025-08-31T18:51:41.622+0000] {processor.py:208} INFO - Processing /home/krishnaformeera/Sumitomo/datapipeline/venv/lib/python3.11/site-packages/airflow/example_dags/example_sensors.py took 0.073 seconds
[2025-08-31T18:52:30.939+0000] {processor.py:186} INFO - Started process (PID=8237) to work on /home/krishnaformeera/Sumitomo/datapipeline/venv/lib/python3.11/site-packages/airflow/example_dags/example_sensors.py
[2025-08-31T18:52:30.940+0000] {processor.py:914} INFO - Processing file /home/krishnaformeera/Sumitomo/datapipeline/venv/lib/python3.11/site-packages/airflow/example_dags/example_sensors.py for tasks to queue
[2025-08-31T18:52:30.942+0000] {logging_mixin.py:190} INFO - [2025-08-31T18:52:30.942+0000] {dagbag.py:588} INFO - Filling up the DagBag from /home/krishnaformeera/Sumitomo/datapipeline/venv/lib/python3.11/site-packages/airflow/example_dags/example_sensors.py
[2025-08-31T18:52:30.953+0000] {processor.py:925} INFO - DAG(s) 'example_sensors' retrieved from /home/krishnaformeera/Sumitomo/datapipeline/venv/lib/python3.11/site-packages/airflow/example_dags/example_sensors.py
[2025-08-31T18:52:30.974+0000] {logging_mixin.py:190} INFO - [2025-08-31T18:52:30.973+0000] {dag.py:3239} INFO - Sync 1 DAGs
[2025-08-31T18:52:30.986+0000] {logging_mixin.py:190} INFO - [2025-08-31T18:52:30.985+0000] {dag.py:4180} INFO - Setting next_dagrun for example_sensors to None, run_after=None
[2025-08-31T18:52:31.007+0000] {processor.py:208} INFO - Processing /home/krishnaformeera/Sumitomo/datapipeline/venv/lib/python3.11/site-packages/airflow/example_dags/example_sensors.py took 0.075 seconds
[2025-08-31T18:53:22.135+0000] {processor.py:186} INFO - Started process (PID=8294) to work on /home/krishnaformeera/Sumitomo/datapipeline/venv/lib/python3.11/site-packages/airflow/example_dags/example_sensors.py
[2025-08-31T18:53:22.136+0000] {processor.py:914} INFO - Processing file /home/krishnaformeera/Sumitomo/datapipeline/venv/lib/python3.11/site-packages/airflow/example_dags/example_sensors.py for tasks to queue
[2025-08-31T18:53:22.138+0000] {logging_mixin.py:190} INFO - [2025-08-31T18:53:22.138+0000] {dagbag.py:588} INFO - Filling up the DagBag from /home/krishnaformeera/Sumitomo/datapipeline/venv/lib/python3.11/site-packages/airflow/example_dags/example_sensors.py
[2025-08-31T18:53:22.150+0000] {processor.py:925} INFO - DAG(s) 'example_sensors' retrieved from /home/krishnaformeera/Sumitomo/datapipeline/venv/lib/python3.11/site-packages/airflow/example_dags/example_sensors.py
[2025-08-31T18:53:22.170+0000] {logging_mixin.py:190} INFO - [2025-08-31T18:53:22.170+0000] {dag.py:3239} INFO - Sync 1 DAGs
[2025-08-31T18:53:22.181+0000] {logging_mixin.py:190} INFO - [2025-08-31T18:53:22.181+0000] {dag.py:4180} INFO - Setting next_dagrun for example_sensors to None, run_after=None
[2025-08-31T18:53:22.202+0000] {processor.py:208} INFO - Processing /home/krishnaformeera/Sumitomo/datapipeline/venv/lib/python3.11/site-packages/airflow/example_dags/example_sensors.py took 0.074 seconds
[2025-08-31T18:54:10.127+0000] {processor.py:186} INFO - Started process (PID=8487) to work on /home/krishnaformeera/Sumitomo/datapipeline/venv/lib/python3.11/site-packages/airflow/example_dags/example_sensors.py
[2025-08-31T18:54:10.128+0000] {processor.py:914} INFO - Processing file /home/krishnaformeera/Sumitomo/datapipeline/venv/lib/python3.11/site-packages/airflow/example_dags/example_sensors.py for tasks to queue
[2025-08-31T18:54:10.130+0000] {logging_mixin.py:190} INFO - [2025-08-31T18:54:10.130+0000] {dagbag.py:588} INFO - Filling up the DagBag from /home/krishnaformeera/Sumitomo/datapipeline/venv/lib/python3.11/site-packages/airflow/example_dags/example_sensors.py
[2025-08-31T18:54:10.144+0000] {processor.py:925} INFO - DAG(s) 'example_sensors' retrieved from /home/krishnaformeera/Sumitomo/datapipeline/venv/lib/python3.11/site-packages/airflow/example_dags/example_sensors.py
[2025-08-31T18:54:10.164+0000] {logging_mixin.py:190} INFO - [2025-08-31T18:54:10.164+0000] {dag.py:3239} INFO - Sync 1 DAGs
[2025-08-31T18:54:10.176+0000] {logging_mixin.py:190} INFO - [2025-08-31T18:54:10.175+0000] {dag.py:4180} INFO - Setting next_dagrun for example_sensors to None, run_after=None
[2025-08-31T18:54:10.197+0000] {processor.py:208} INFO - Processing /home/krishnaformeera/Sumitomo/datapipeline/venv/lib/python3.11/site-packages/airflow/example_dags/example_sensors.py took 0.077 seconds
[2025-08-31T18:55:01.176+0000] {processor.py:186} INFO - Started process (PID=8566) to work on /home/krishnaformeera/Sumitomo/datapipeline/venv/lib/python3.11/site-packages/airflow/example_dags/example_sensors.py
[2025-08-31T18:55:01.177+0000] {processor.py:914} INFO - Processing file /home/krishnaformeera/Sumitomo/datapipeline/venv/lib/python3.11/site-packages/airflow/example_dags/example_sensors.py for tasks to queue
[2025-08-31T18:55:01.180+0000] {logging_mixin.py:190} INFO - [2025-08-31T18:55:01.179+0000] {dagbag.py:588} INFO - Filling up the DagBag from /home/krishnaformeera/Sumitomo/datapipeline/venv/lib/python3.11/site-packages/airflow/example_dags/example_sensors.py
[2025-08-31T18:55:01.192+0000] {processor.py:925} INFO - DAG(s) 'example_sensors' retrieved from /home/krishnaformeera/Sumitomo/datapipeline/venv/lib/python3.11/site-packages/airflow/example_dags/example_sensors.py
[2025-08-31T18:55:01.215+0000] {logging_mixin.py:190} INFO - [2025-08-31T18:55:01.214+0000] {dag.py:3239} INFO - Sync 1 DAGs
[2025-08-31T18:55:01.226+0000] {logging_mixin.py:190} INFO - [2025-08-31T18:55:01.226+0000] {dag.py:4180} INFO - Setting next_dagrun for example_sensors to None, run_after=None
[2025-08-31T18:55:01.252+0000] {processor.py:208} INFO - Processing /home/krishnaformeera/Sumitomo/datapipeline/venv/lib/python3.11/site-packages/airflow/example_dags/example_sensors.py took 0.085 seconds
[2025-08-31T18:55:54.073+0000] {processor.py:186} INFO - Started process (PID=8618) to work on /home/krishnaformeera/Sumitomo/datapipeline/venv/lib/python3.11/site-packages/airflow/example_dags/example_sensors.py
[2025-08-31T18:55:54.074+0000] {processor.py:914} INFO - Processing file /home/krishnaformeera/Sumitomo/datapipeline/venv/lib/python3.11/site-packages/airflow/example_dags/example_sensors.py for tasks to queue
[2025-08-31T18:55:54.077+0000] {logging_mixin.py:190} INFO - [2025-08-31T18:55:54.077+0000] {dagbag.py:588} INFO - Filling up the DagBag from /home/krishnaformeera/Sumitomo/datapipeline/venv/lib/python3.11/site-packages/airflow/example_dags/example_sensors.py
[2025-08-31T18:55:54.092+0000] {processor.py:925} INFO - DAG(s) 'example_sensors' retrieved from /home/krishnaformeera/Sumitomo/datapipeline/venv/lib/python3.11/site-packages/airflow/example_dags/example_sensors.py
[2025-08-31T18:55:54.116+0000] {logging_mixin.py:190} INFO - [2025-08-31T18:55:54.115+0000] {dag.py:3239} INFO - Sync 1 DAGs
[2025-08-31T18:55:54.132+0000] {logging_mixin.py:190} INFO - [2025-08-31T18:55:54.131+0000] {dag.py:4180} INFO - Setting next_dagrun for example_sensors to None, run_after=None
[2025-08-31T18:55:54.190+0000] {processor.py:208} INFO - Processing /home/krishnaformeera/Sumitomo/datapipeline/venv/lib/python3.11/site-packages/airflow/example_dags/example_sensors.py took 0.139 seconds
[2025-08-31T18:56:47.392+0000] {processor.py:186} INFO - Started process (PID=8686) to work on /home/krishnaformeera/Sumitomo/datapipeline/venv/lib/python3.11/site-packages/airflow/example_dags/example_sensors.py
[2025-08-31T18:56:47.393+0000] {processor.py:914} INFO - Processing file /home/krishnaformeera/Sumitomo/datapipeline/venv/lib/python3.11/site-packages/airflow/example_dags/example_sensors.py for tasks to queue
[2025-08-31T18:56:47.395+0000] {logging_mixin.py:190} INFO - [2025-08-31T18:56:47.395+0000] {dagbag.py:588} INFO - Filling up the DagBag from /home/krishnaformeera/Sumitomo/datapipeline/venv/lib/python3.11/site-packages/airflow/example_dags/example_sensors.py
[2025-08-31T18:56:47.407+0000] {processor.py:925} INFO - DAG(s) 'example_sensors' retrieved from /home/krishnaformeera/Sumitomo/datapipeline/venv/lib/python3.11/site-packages/airflow/example_dags/example_sensors.py
[2025-08-31T18:56:47.430+0000] {logging_mixin.py:190} INFO - [2025-08-31T18:56:47.430+0000] {dag.py:3239} INFO - Sync 1 DAGs
[2025-08-31T18:56:47.444+0000] {logging_mixin.py:190} INFO - [2025-08-31T18:56:47.444+0000] {dag.py:4180} INFO - Setting next_dagrun for example_sensors to None, run_after=None
[2025-08-31T18:56:47.472+0000] {processor.py:208} INFO - Processing /home/krishnaformeera/Sumitomo/datapipeline/venv/lib/python3.11/site-packages/airflow/example_dags/example_sensors.py took 0.089 seconds
[2025-08-31T18:57:41.586+0000] {processor.py:186} INFO - Started process (PID=8740) to work on /home/krishnaformeera/Sumitomo/datapipeline/venv/lib/python3.11/site-packages/airflow/example_dags/example_sensors.py
[2025-08-31T18:57:41.587+0000] {processor.py:914} INFO - Processing file /home/krishnaformeera/Sumitomo/datapipeline/venv/lib/python3.11/site-packages/airflow/example_dags/example_sensors.py for tasks to queue
[2025-08-31T18:57:41.589+0000] {logging_mixin.py:190} INFO - [2025-08-31T18:57:41.589+0000] {dagbag.py:588} INFO - Filling up the DagBag from /home/krishnaformeera/Sumitomo/datapipeline/venv/lib/python3.11/site-packages/airflow/example_dags/example_sensors.py
[2025-08-31T18:57:41.600+0000] {processor.py:925} INFO - DAG(s) 'example_sensors' retrieved from /home/krishnaformeera/Sumitomo/datapipeline/venv/lib/python3.11/site-packages/airflow/example_dags/example_sensors.py
[2025-08-31T18:57:41.620+0000] {logging_mixin.py:190} INFO - [2025-08-31T18:57:41.620+0000] {dag.py:3239} INFO - Sync 1 DAGs
[2025-08-31T18:57:41.631+0000] {logging_mixin.py:190} INFO - [2025-08-31T18:57:41.631+0000] {dag.py:4180} INFO - Setting next_dagrun for example_sensors to None, run_after=None
[2025-08-31T18:57:41.656+0000] {processor.py:208} INFO - Processing /home/krishnaformeera/Sumitomo/datapipeline/venv/lib/python3.11/site-packages/airflow/example_dags/example_sensors.py took 0.077 seconds
[2025-08-31T18:58:33.106+0000] {processor.py:186} INFO - Started process (PID=8793) to work on /home/krishnaformeera/Sumitomo/datapipeline/venv/lib/python3.11/site-packages/airflow/example_dags/example_sensors.py
[2025-08-31T18:58:33.107+0000] {processor.py:914} INFO - Processing file /home/krishnaformeera/Sumitomo/datapipeline/venv/lib/python3.11/site-packages/airflow/example_dags/example_sensors.py for tasks to queue
[2025-08-31T18:58:33.110+0000] {logging_mixin.py:190} INFO - [2025-08-31T18:58:33.109+0000] {dagbag.py:588} INFO - Filling up the DagBag from /home/krishnaformeera/Sumitomo/datapipeline/venv/lib/python3.11/site-packages/airflow/example_dags/example_sensors.py
[2025-08-31T18:58:33.123+0000] {processor.py:925} INFO - DAG(s) 'example_sensors' retrieved from /home/krishnaformeera/Sumitomo/datapipeline/venv/lib/python3.11/site-packages/airflow/example_dags/example_sensors.py
[2025-08-31T18:58:33.146+0000] {logging_mixin.py:190} INFO - [2025-08-31T18:58:33.146+0000] {dag.py:3239} INFO - Sync 1 DAGs
[2025-08-31T18:58:33.160+0000] {logging_mixin.py:190} INFO - [2025-08-31T18:58:33.160+0000] {dag.py:4180} INFO - Setting next_dagrun for example_sensors to None, run_after=None
[2025-08-31T18:58:33.189+0000] {processor.py:208} INFO - Processing /home/krishnaformeera/Sumitomo/datapipeline/venv/lib/python3.11/site-packages/airflow/example_dags/example_sensors.py took 0.091 seconds
[2025-08-31T18:59:25.914+0000] {processor.py:186} INFO - Started process (PID=8892) to work on /home/krishnaformeera/Sumitomo/datapipeline/venv/lib/python3.11/site-packages/airflow/example_dags/example_sensors.py
[2025-08-31T18:59:25.916+0000] {processor.py:914} INFO - Processing file /home/krishnaformeera/Sumitomo/datapipeline/venv/lib/python3.11/site-packages/airflow/example_dags/example_sensors.py for tasks to queue
[2025-08-31T18:59:25.918+0000] {logging_mixin.py:190} INFO - [2025-08-31T18:59:25.917+0000] {dagbag.py:588} INFO - Filling up the DagBag from /home/krishnaformeera/Sumitomo/datapipeline/venv/lib/python3.11/site-packages/airflow/example_dags/example_sensors.py
[2025-08-31T18:59:25.929+0000] {processor.py:925} INFO - DAG(s) 'example_sensors' retrieved from /home/krishnaformeera/Sumitomo/datapipeline/venv/lib/python3.11/site-packages/airflow/example_dags/example_sensors.py
[2025-08-31T18:59:25.949+0000] {logging_mixin.py:190} INFO - [2025-08-31T18:59:25.949+0000] {dag.py:3239} INFO - Sync 1 DAGs
[2025-08-31T18:59:25.960+0000] {logging_mixin.py:190} INFO - [2025-08-31T18:59:25.960+0000] {dag.py:4180} INFO - Setting next_dagrun for example_sensors to None, run_after=None
[2025-08-31T18:59:25.982+0000] {processor.py:208} INFO - Processing /home/krishnaformeera/Sumitomo/datapipeline/venv/lib/python3.11/site-packages/airflow/example_dags/example_sensors.py took 0.075 seconds
