[2025-08-31T18:30:15.047+0000] {processor.py:186} INFO - Started process (PID=5105) to work on /home/krishnaformeera/Sumitomo/datapipeline/venv/lib/python3.11/site-packages/airflow/example_dags/example_task_group.py
[2025-08-31T18:30:15.048+0000] {processor.py:914} INFO - Processing file /home/krishnaformeera/Sumitomo/datapipeline/venv/lib/python3.11/site-packages/airflow/example_dags/example_task_group.py for tasks to queue
[2025-08-31T18:30:15.049+0000] {logging_mixin.py:190} INFO - [2025-08-31T18:30:15.049+0000] {dagbag.py:588} INFO - Filling up the DagBag from /home/krishnaformeera/Sumitomo/datapipeline/venv/lib/python3.11/site-packages/airflow/example_dags/example_task_group.py
[2025-08-31T18:30:15.059+0000] {processor.py:925} INFO - DAG(s) 'example_task_group' retrieved from /home/krishnaformeera/Sumitomo/datapipeline/venv/lib/python3.11/site-packages/airflow/example_dags/example_task_group.py
[2025-08-31T18:30:15.254+0000] {logging_mixin.py:190} INFO - [2025-08-31T18:30:15.253+0000] {override.py:1900} INFO - Created Permission View: can delete on DAG:example_task_group
[2025-08-31T18:30:15.265+0000] {logging_mixin.py:190} INFO - [2025-08-31T18:30:15.265+0000] {override.py:1900} INFO - Created Permission View: can read on DAG:example_task_group
[2025-08-31T18:30:15.274+0000] {logging_mixin.py:190} INFO - [2025-08-31T18:30:15.274+0000] {override.py:1900} INFO - Created Permission View: can edit on DAG:example_task_group
[2025-08-31T18:30:15.288+0000] {logging_mixin.py:190} INFO - [2025-08-31T18:30:15.288+0000] {override.py:1900} INFO - Created Permission View: can delete on DAG Run:example_task_group
[2025-08-31T18:30:15.297+0000] {logging_mixin.py:190} INFO - [2025-08-31T18:30:15.296+0000] {override.py:1900} INFO - Created Permission View: can read on DAG Run:example_task_group
[2025-08-31T18:30:15.305+0000] {logging_mixin.py:190} INFO - [2025-08-31T18:30:15.305+0000] {override.py:1900} INFO - Created Permission View: can create on DAG Run:example_task_group
[2025-08-31T18:30:15.313+0000] {logging_mixin.py:190} INFO - [2025-08-31T18:30:15.313+0000] {override.py:1900} INFO - Created Permission View: menu access on DAG Run:example_task_group
[2025-08-31T18:30:15.314+0000] {logging_mixin.py:190} INFO - [2025-08-31T18:30:15.314+0000] {dag.py:3239} INFO - Sync 1 DAGs
[2025-08-31T18:30:15.323+0000] {logging_mixin.py:190} INFO - [2025-08-31T18:30:15.322+0000] {dag.py:3262} INFO - Creating ORM DAG for example_task_group
[2025-08-31T18:30:15.323+0000] {logging_mixin.py:190} INFO - [2025-08-31T18:30:15.323+0000] {dag.py:4180} INFO - Setting next_dagrun for example_task_group to None, run_after=None
[2025-08-31T18:30:15.339+0000] {processor.py:208} INFO - Processing /home/krishnaformeera/Sumitomo/datapipeline/venv/lib/python3.11/site-packages/airflow/example_dags/example_task_group.py took 0.301 seconds
[2025-08-31T18:30:53.450+0000] {processor.py:186} INFO - Started process (PID=5220) to work on /home/krishnaformeera/Sumitomo/datapipeline/venv/lib/python3.11/site-packages/airflow/example_dags/example_task_group.py
[2025-08-31T18:30:53.451+0000] {processor.py:914} INFO - Processing file /home/krishnaformeera/Sumitomo/datapipeline/venv/lib/python3.11/site-packages/airflow/example_dags/example_task_group.py for tasks to queue
[2025-08-31T18:30:53.453+0000] {logging_mixin.py:190} INFO - [2025-08-31T18:30:53.452+0000] {dagbag.py:588} INFO - Filling up the DagBag from /home/krishnaformeera/Sumitomo/datapipeline/venv/lib/python3.11/site-packages/airflow/example_dags/example_task_group.py
[2025-08-31T18:30:53.461+0000] {processor.py:925} INFO - DAG(s) 'example_task_group' retrieved from /home/krishnaformeera/Sumitomo/datapipeline/venv/lib/python3.11/site-packages/airflow/example_dags/example_task_group.py
[2025-08-31T18:30:53.480+0000] {logging_mixin.py:190} INFO - [2025-08-31T18:30:53.479+0000] {dag.py:3239} INFO - Sync 1 DAGs
[2025-08-31T18:30:53.493+0000] {logging_mixin.py:190} INFO - [2025-08-31T18:30:53.492+0000] {dag.py:4180} INFO - Setting next_dagrun for example_task_group to None, run_after=None
[2025-08-31T18:30:53.515+0000] {processor.py:208} INFO - Processing /home/krishnaformeera/Sumitomo/datapipeline/venv/lib/python3.11/site-packages/airflow/example_dags/example_task_group.py took 0.071 seconds
[2025-08-31T18:31:57.907+0000] {processor.py:186} INFO - Started process (PID=5292) to work on /home/krishnaformeera/Sumitomo/datapipeline/venv/lib/python3.11/site-packages/airflow/example_dags/example_task_group.py
[2025-08-31T18:31:57.910+0000] {processor.py:914} INFO - Processing file /home/krishnaformeera/Sumitomo/datapipeline/venv/lib/python3.11/site-packages/airflow/example_dags/example_task_group.py for tasks to queue
[2025-08-31T18:31:57.912+0000] {logging_mixin.py:190} INFO - [2025-08-31T18:31:57.912+0000] {dagbag.py:588} INFO - Filling up the DagBag from /home/krishnaformeera/Sumitomo/datapipeline/venv/lib/python3.11/site-packages/airflow/example_dags/example_task_group.py
[2025-08-31T18:31:57.923+0000] {processor.py:925} INFO - DAG(s) 'example_task_group' retrieved from /home/krishnaformeera/Sumitomo/datapipeline/venv/lib/python3.11/site-packages/airflow/example_dags/example_task_group.py
[2025-08-31T18:31:57.943+0000] {logging_mixin.py:190} INFO - [2025-08-31T18:31:57.942+0000] {dag.py:3239} INFO - Sync 1 DAGs
[2025-08-31T18:31:57.957+0000] {logging_mixin.py:190} INFO - [2025-08-31T18:31:57.956+0000] {dag.py:4180} INFO - Setting next_dagrun for example_task_group to None, run_after=None
[2025-08-31T18:31:57.980+0000] {processor.py:208} INFO - Processing /home/krishnaformeera/Sumitomo/datapipeline/venv/lib/python3.11/site-packages/airflow/example_dags/example_task_group.py took 0.080 seconds
[2025-08-31T18:32:52.409+0000] {processor.py:186} INFO - Started process (PID=5349) to work on /home/krishnaformeera/Sumitomo/datapipeline/venv/lib/python3.11/site-packages/airflow/example_dags/example_task_group.py
[2025-08-31T18:32:52.410+0000] {processor.py:914} INFO - Processing file /home/krishnaformeera/Sumitomo/datapipeline/venv/lib/python3.11/site-packages/airflow/example_dags/example_task_group.py for tasks to queue
[2025-08-31T18:32:52.413+0000] {logging_mixin.py:190} INFO - [2025-08-31T18:32:52.412+0000] {dagbag.py:588} INFO - Filling up the DagBag from /home/krishnaformeera/Sumitomo/datapipeline/venv/lib/python3.11/site-packages/airflow/example_dags/example_task_group.py
[2025-08-31T18:32:52.422+0000] {processor.py:925} INFO - DAG(s) 'example_task_group' retrieved from /home/krishnaformeera/Sumitomo/datapipeline/venv/lib/python3.11/site-packages/airflow/example_dags/example_task_group.py
[2025-08-31T18:32:52.439+0000] {logging_mixin.py:190} INFO - [2025-08-31T18:32:52.439+0000] {dag.py:3239} INFO - Sync 1 DAGs
[2025-08-31T18:32:52.450+0000] {logging_mixin.py:190} INFO - [2025-08-31T18:32:52.450+0000] {dag.py:4180} INFO - Setting next_dagrun for example_task_group to None, run_after=None
[2025-08-31T18:32:52.472+0000] {processor.py:208} INFO - Processing /home/krishnaformeera/Sumitomo/datapipeline/venv/lib/python3.11/site-packages/airflow/example_dags/example_task_group.py took 0.069 seconds
[2025-08-31T18:33:42.490+0000] {processor.py:186} INFO - Started process (PID=5399) to work on /home/krishnaformeera/Sumitomo/datapipeline/venv/lib/python3.11/site-packages/airflow/example_dags/example_task_group.py
[2025-08-31T18:33:42.491+0000] {processor.py:914} INFO - Processing file /home/krishnaformeera/Sumitomo/datapipeline/venv/lib/python3.11/site-packages/airflow/example_dags/example_task_group.py for tasks to queue
[2025-08-31T18:33:42.493+0000] {logging_mixin.py:190} INFO - [2025-08-31T18:33:42.493+0000] {dagbag.py:588} INFO - Filling up the DagBag from /home/krishnaformeera/Sumitomo/datapipeline/venv/lib/python3.11/site-packages/airflow/example_dags/example_task_group.py
[2025-08-31T18:33:42.503+0000] {processor.py:925} INFO - DAG(s) 'example_task_group' retrieved from /home/krishnaformeera/Sumitomo/datapipeline/venv/lib/python3.11/site-packages/airflow/example_dags/example_task_group.py
[2025-08-31T18:33:42.606+0000] {logging_mixin.py:190} INFO - [2025-08-31T18:33:42.606+0000] {dag.py:3239} INFO - Sync 1 DAGs
[2025-08-31T18:33:42.615+0000] {logging_mixin.py:190} INFO - [2025-08-31T18:33:42.615+0000] {dag.py:4180} INFO - Setting next_dagrun for example_task_group to None, run_after=None
[2025-08-31T18:33:42.635+0000] {processor.py:208} INFO - Processing /home/krishnaformeera/Sumitomo/datapipeline/venv/lib/python3.11/site-packages/airflow/example_dags/example_task_group.py took 0.151 seconds
[2025-08-31T18:34:37.538+0000] {processor.py:186} INFO - Started process (PID=5455) to work on /home/krishnaformeera/Sumitomo/datapipeline/venv/lib/python3.11/site-packages/airflow/example_dags/example_task_group.py
[2025-08-31T18:34:37.539+0000] {processor.py:914} INFO - Processing file /home/krishnaformeera/Sumitomo/datapipeline/venv/lib/python3.11/site-packages/airflow/example_dags/example_task_group.py for tasks to queue
[2025-08-31T18:34:37.541+0000] {logging_mixin.py:190} INFO - [2025-08-31T18:34:37.541+0000] {dagbag.py:588} INFO - Filling up the DagBag from /home/krishnaformeera/Sumitomo/datapipeline/venv/lib/python3.11/site-packages/airflow/example_dags/example_task_group.py
[2025-08-31T18:34:37.550+0000] {processor.py:925} INFO - DAG(s) 'example_task_group' retrieved from /home/krishnaformeera/Sumitomo/datapipeline/venv/lib/python3.11/site-packages/airflow/example_dags/example_task_group.py
[2025-08-31T18:34:37.567+0000] {logging_mixin.py:190} INFO - [2025-08-31T18:34:37.567+0000] {dag.py:3239} INFO - Sync 1 DAGs
[2025-08-31T18:34:37.579+0000] {logging_mixin.py:190} INFO - [2025-08-31T18:34:37.579+0000] {dag.py:4180} INFO - Setting next_dagrun for example_task_group to None, run_after=None
[2025-08-31T18:34:37.600+0000] {processor.py:208} INFO - Processing /home/krishnaformeera/Sumitomo/datapipeline/venv/lib/python3.11/site-packages/airflow/example_dags/example_task_group.py took 0.068 seconds
[2025-08-31T18:35:29.018+0000] {processor.py:186} INFO - Started process (PID=5507) to work on /home/krishnaformeera/Sumitomo/datapipeline/venv/lib/python3.11/site-packages/airflow/example_dags/example_task_group.py
[2025-08-31T18:35:29.021+0000] {processor.py:914} INFO - Processing file /home/krishnaformeera/Sumitomo/datapipeline/venv/lib/python3.11/site-packages/airflow/example_dags/example_task_group.py for tasks to queue
[2025-08-31T18:35:29.023+0000] {logging_mixin.py:190} INFO - [2025-08-31T18:35:29.023+0000] {dagbag.py:588} INFO - Filling up the DagBag from /home/krishnaformeera/Sumitomo/datapipeline/venv/lib/python3.11/site-packages/airflow/example_dags/example_task_group.py
[2025-08-31T18:35:29.032+0000] {processor.py:925} INFO - DAG(s) 'example_task_group' retrieved from /home/krishnaformeera/Sumitomo/datapipeline/venv/lib/python3.11/site-packages/airflow/example_dags/example_task_group.py
[2025-08-31T18:35:29.049+0000] {logging_mixin.py:190} INFO - [2025-08-31T18:35:29.049+0000] {dag.py:3239} INFO - Sync 1 DAGs
[2025-08-31T18:35:29.061+0000] {logging_mixin.py:190} INFO - [2025-08-31T18:35:29.061+0000] {dag.py:4180} INFO - Setting next_dagrun for example_task_group to None, run_after=None
[2025-08-31T18:35:29.081+0000] {processor.py:208} INFO - Processing /home/krishnaformeera/Sumitomo/datapipeline/venv/lib/python3.11/site-packages/airflow/example_dags/example_task_group.py took 0.069 seconds
[2025-08-31T18:36:19.416+0000] {processor.py:186} INFO - Started process (PID=5585) to work on /home/krishnaformeera/Sumitomo/datapipeline/venv/lib/python3.11/site-packages/airflow/example_dags/example_task_group.py
[2025-08-31T18:36:19.417+0000] {processor.py:914} INFO - Processing file /home/krishnaformeera/Sumitomo/datapipeline/venv/lib/python3.11/site-packages/airflow/example_dags/example_task_group.py for tasks to queue
[2025-08-31T18:36:19.420+0000] {logging_mixin.py:190} INFO - [2025-08-31T18:36:19.419+0000] {dagbag.py:588} INFO - Filling up the DagBag from /home/krishnaformeera/Sumitomo/datapipeline/venv/lib/python3.11/site-packages/airflow/example_dags/example_task_group.py
[2025-08-31T18:36:19.430+0000] {processor.py:925} INFO - DAG(s) 'example_task_group' retrieved from /home/krishnaformeera/Sumitomo/datapipeline/venv/lib/python3.11/site-packages/airflow/example_dags/example_task_group.py
[2025-08-31T18:36:19.451+0000] {logging_mixin.py:190} INFO - [2025-08-31T18:36:19.450+0000] {dag.py:3239} INFO - Sync 1 DAGs
[2025-08-31T18:36:19.464+0000] {logging_mixin.py:190} INFO - [2025-08-31T18:36:19.464+0000] {dag.py:4180} INFO - Setting next_dagrun for example_task_group to None, run_after=None
[2025-08-31T18:36:19.488+0000] {processor.py:208} INFO - Processing /home/krishnaformeera/Sumitomo/datapipeline/venv/lib/python3.11/site-packages/airflow/example_dags/example_task_group.py took 0.081 seconds
[2025-08-31T18:37:11.145+0000] {processor.py:186} INFO - Started process (PID=5637) to work on /home/krishnaformeera/Sumitomo/datapipeline/venv/lib/python3.11/site-packages/airflow/example_dags/example_task_group.py
[2025-08-31T18:37:11.146+0000] {processor.py:914} INFO - Processing file /home/krishnaformeera/Sumitomo/datapipeline/venv/lib/python3.11/site-packages/airflow/example_dags/example_task_group.py for tasks to queue
[2025-08-31T18:37:11.149+0000] {logging_mixin.py:190} INFO - [2025-08-31T18:37:11.148+0000] {dagbag.py:588} INFO - Filling up the DagBag from /home/krishnaformeera/Sumitomo/datapipeline/venv/lib/python3.11/site-packages/airflow/example_dags/example_task_group.py
[2025-08-31T18:37:11.159+0000] {processor.py:925} INFO - DAG(s) 'example_task_group' retrieved from /home/krishnaformeera/Sumitomo/datapipeline/venv/lib/python3.11/site-packages/airflow/example_dags/example_task_group.py
[2025-08-31T18:37:11.179+0000] {logging_mixin.py:190} INFO - [2025-08-31T18:37:11.179+0000] {dag.py:3239} INFO - Sync 1 DAGs
[2025-08-31T18:37:11.192+0000] {logging_mixin.py:190} INFO - [2025-08-31T18:37:11.192+0000] {dag.py:4180} INFO - Setting next_dagrun for example_task_group to None, run_after=None
[2025-08-31T18:37:11.218+0000] {processor.py:208} INFO - Processing /home/krishnaformeera/Sumitomo/datapipeline/venv/lib/python3.11/site-packages/airflow/example_dags/example_task_group.py took 0.081 seconds
[2025-08-31T18:40:07.388+0000] {processor.py:186} INFO - Started process (PID=6074) to work on /home/krishnaformeera/Sumitomo/datapipeline/venv/lib/python3.11/site-packages/airflow/example_dags/example_task_group.py
[2025-08-31T18:40:07.389+0000] {processor.py:914} INFO - Processing file /home/krishnaformeera/Sumitomo/datapipeline/venv/lib/python3.11/site-packages/airflow/example_dags/example_task_group.py for tasks to queue
[2025-08-31T18:40:07.391+0000] {logging_mixin.py:190} INFO - [2025-08-31T18:40:07.391+0000] {dagbag.py:588} INFO - Filling up the DagBag from /home/krishnaformeera/Sumitomo/datapipeline/venv/lib/python3.11/site-packages/airflow/example_dags/example_task_group.py
[2025-08-31T18:40:07.401+0000] {processor.py:925} INFO - DAG(s) 'example_task_group' retrieved from /home/krishnaformeera/Sumitomo/datapipeline/venv/lib/python3.11/site-packages/airflow/example_dags/example_task_group.py
[2025-08-31T18:40:07.420+0000] {logging_mixin.py:190} INFO - [2025-08-31T18:40:07.419+0000] {dag.py:3239} INFO - Sync 1 DAGs
[2025-08-31T18:40:07.435+0000] {logging_mixin.py:190} INFO - [2025-08-31T18:40:07.435+0000] {dag.py:4180} INFO - Setting next_dagrun for example_task_group to None, run_after=None
[2025-08-31T18:40:07.457+0000] {processor.py:208} INFO - Processing /home/krishnaformeera/Sumitomo/datapipeline/venv/lib/python3.11/site-packages/airflow/example_dags/example_task_group.py took 0.077 seconds
[2025-08-31T18:41:03.023+0000] {processor.py:186} INFO - Started process (PID=6325) to work on /home/krishnaformeera/Sumitomo/datapipeline/venv/lib/python3.11/site-packages/airflow/example_dags/example_task_group.py
[2025-08-31T18:41:03.024+0000] {processor.py:914} INFO - Processing file /home/krishnaformeera/Sumitomo/datapipeline/venv/lib/python3.11/site-packages/airflow/example_dags/example_task_group.py for tasks to queue
[2025-08-31T18:41:03.028+0000] {logging_mixin.py:190} INFO - [2025-08-31T18:41:03.027+0000] {dagbag.py:588} INFO - Filling up the DagBag from /home/krishnaformeera/Sumitomo/datapipeline/venv/lib/python3.11/site-packages/airflow/example_dags/example_task_group.py
[2025-08-31T18:41:03.039+0000] {processor.py:925} INFO - DAG(s) 'example_task_group' retrieved from /home/krishnaformeera/Sumitomo/datapipeline/venv/lib/python3.11/site-packages/airflow/example_dags/example_task_group.py
[2025-08-31T18:41:03.057+0000] {logging_mixin.py:190} INFO - [2025-08-31T18:41:03.056+0000] {dag.py:3239} INFO - Sync 1 DAGs
[2025-08-31T18:41:03.069+0000] {logging_mixin.py:190} INFO - [2025-08-31T18:41:03.069+0000] {dag.py:4180} INFO - Setting next_dagrun for example_task_group to None, run_after=None
[2025-08-31T18:41:03.092+0000] {processor.py:208} INFO - Processing /home/krishnaformeera/Sumitomo/datapipeline/venv/lib/python3.11/site-packages/airflow/example_dags/example_task_group.py took 0.076 seconds
[2025-08-31T18:41:54.007+0000] {processor.py:186} INFO - Started process (PID=6513) to work on /home/krishnaformeera/Sumitomo/datapipeline/venv/lib/python3.11/site-packages/airflow/example_dags/example_task_group.py
[2025-08-31T18:41:54.008+0000] {processor.py:914} INFO - Processing file /home/krishnaformeera/Sumitomo/datapipeline/venv/lib/python3.11/site-packages/airflow/example_dags/example_task_group.py for tasks to queue
[2025-08-31T18:41:54.011+0000] {logging_mixin.py:190} INFO - [2025-08-31T18:41:54.010+0000] {dagbag.py:588} INFO - Filling up the DagBag from /home/krishnaformeera/Sumitomo/datapipeline/venv/lib/python3.11/site-packages/airflow/example_dags/example_task_group.py
[2025-08-31T18:41:54.019+0000] {processor.py:925} INFO - DAG(s) 'example_task_group' retrieved from /home/krishnaformeera/Sumitomo/datapipeline/venv/lib/python3.11/site-packages/airflow/example_dags/example_task_group.py
[2025-08-31T18:41:54.036+0000] {logging_mixin.py:190} INFO - [2025-08-31T18:41:54.035+0000] {dag.py:3239} INFO - Sync 1 DAGs
[2025-08-31T18:41:54.047+0000] {logging_mixin.py:190} INFO - [2025-08-31T18:41:54.047+0000] {dag.py:4180} INFO - Setting next_dagrun for example_task_group to None, run_after=None
[2025-08-31T18:41:54.069+0000] {processor.py:208} INFO - Processing /home/krishnaformeera/Sumitomo/datapipeline/venv/lib/python3.11/site-packages/airflow/example_dags/example_task_group.py took 0.068 seconds
[2025-08-31T18:42:49.455+0000] {processor.py:186} INFO - Started process (PID=6684) to work on /home/krishnaformeera/Sumitomo/datapipeline/venv/lib/python3.11/site-packages/airflow/example_dags/example_task_group.py
[2025-08-31T18:42:49.456+0000] {processor.py:914} INFO - Processing file /home/krishnaformeera/Sumitomo/datapipeline/venv/lib/python3.11/site-packages/airflow/example_dags/example_task_group.py for tasks to queue
[2025-08-31T18:42:49.458+0000] {logging_mixin.py:190} INFO - [2025-08-31T18:42:49.458+0000] {dagbag.py:588} INFO - Filling up the DagBag from /home/krishnaformeera/Sumitomo/datapipeline/venv/lib/python3.11/site-packages/airflow/example_dags/example_task_group.py
[2025-08-31T18:42:49.470+0000] {processor.py:925} INFO - DAG(s) 'example_task_group' retrieved from /home/krishnaformeera/Sumitomo/datapipeline/venv/lib/python3.11/site-packages/airflow/example_dags/example_task_group.py
[2025-08-31T18:42:49.601+0000] {logging_mixin.py:190} INFO - [2025-08-31T18:42:49.601+0000] {dag.py:3239} INFO - Sync 1 DAGs
[2025-08-31T18:42:49.611+0000] {logging_mixin.py:190} INFO - [2025-08-31T18:42:49.611+0000] {dag.py:4180} INFO - Setting next_dagrun for example_task_group to None, run_after=None
[2025-08-31T18:42:49.632+0000] {processor.py:208} INFO - Processing /home/krishnaformeera/Sumitomo/datapipeline/venv/lib/python3.11/site-packages/airflow/example_dags/example_task_group.py took 0.185 seconds
[2025-08-31T18:43:48.611+0000] {processor.py:186} INFO - Started process (PID=6940) to work on /home/krishnaformeera/Sumitomo/datapipeline/venv/lib/python3.11/site-packages/airflow/example_dags/example_task_group.py
[2025-08-31T18:43:48.621+0000] {processor.py:914} INFO - Processing file /home/krishnaformeera/Sumitomo/datapipeline/venv/lib/python3.11/site-packages/airflow/example_dags/example_task_group.py for tasks to queue
[2025-08-31T18:43:48.635+0000] {logging_mixin.py:190} INFO - [2025-08-31T18:43:48.634+0000] {dagbag.py:588} INFO - Filling up the DagBag from /home/krishnaformeera/Sumitomo/datapipeline/venv/lib/python3.11/site-packages/airflow/example_dags/example_task_group.py
[2025-08-31T18:43:48.658+0000] {processor.py:925} INFO - DAG(s) 'example_task_group' retrieved from /home/krishnaformeera/Sumitomo/datapipeline/venv/lib/python3.11/site-packages/airflow/example_dags/example_task_group.py
[2025-08-31T18:43:48.683+0000] {logging_mixin.py:190} INFO - [2025-08-31T18:43:48.682+0000] {dag.py:3239} INFO - Sync 1 DAGs
[2025-08-31T18:43:48.699+0000] {logging_mixin.py:190} INFO - [2025-08-31T18:43:48.699+0000] {dag.py:4180} INFO - Setting next_dagrun for example_task_group to None, run_after=None
[2025-08-31T18:43:48.726+0000] {processor.py:208} INFO - Processing /home/krishnaformeera/Sumitomo/datapipeline/venv/lib/python3.11/site-packages/airflow/example_dags/example_task_group.py took 0.128 seconds
[2025-08-31T18:44:38.473+0000] {processor.py:186} INFO - Started process (PID=7143) to work on /home/krishnaformeera/Sumitomo/datapipeline/venv/lib/python3.11/site-packages/airflow/example_dags/example_task_group.py
[2025-08-31T18:44:38.474+0000] {processor.py:914} INFO - Processing file /home/krishnaformeera/Sumitomo/datapipeline/venv/lib/python3.11/site-packages/airflow/example_dags/example_task_group.py for tasks to queue
[2025-08-31T18:44:38.477+0000] {logging_mixin.py:190} INFO - [2025-08-31T18:44:38.476+0000] {dagbag.py:588} INFO - Filling up the DagBag from /home/krishnaformeera/Sumitomo/datapipeline/venv/lib/python3.11/site-packages/airflow/example_dags/example_task_group.py
[2025-08-31T18:44:38.488+0000] {processor.py:925} INFO - DAG(s) 'example_task_group' retrieved from /home/krishnaformeera/Sumitomo/datapipeline/venv/lib/python3.11/site-packages/airflow/example_dags/example_task_group.py
[2025-08-31T18:44:38.506+0000] {logging_mixin.py:190} INFO - [2025-08-31T18:44:38.506+0000] {dag.py:3239} INFO - Sync 1 DAGs
[2025-08-31T18:44:38.519+0000] {logging_mixin.py:190} INFO - [2025-08-31T18:44:38.519+0000] {dag.py:4180} INFO - Setting next_dagrun for example_task_group to None, run_after=None
[2025-08-31T18:44:38.544+0000] {processor.py:208} INFO - Processing /home/krishnaformeera/Sumitomo/datapipeline/venv/lib/python3.11/site-packages/airflow/example_dags/example_task_group.py took 0.080 seconds
[2025-08-31T18:45:28.898+0000] {processor.py:186} INFO - Started process (PID=7397) to work on /home/krishnaformeera/Sumitomo/datapipeline/venv/lib/python3.11/site-packages/airflow/example_dags/example_task_group.py
[2025-08-31T18:45:28.900+0000] {processor.py:914} INFO - Processing file /home/krishnaformeera/Sumitomo/datapipeline/venv/lib/python3.11/site-packages/airflow/example_dags/example_task_group.py for tasks to queue
[2025-08-31T18:45:28.903+0000] {logging_mixin.py:190} INFO - [2025-08-31T18:45:28.903+0000] {dagbag.py:588} INFO - Filling up the DagBag from /home/krishnaformeera/Sumitomo/datapipeline/venv/lib/python3.11/site-packages/airflow/example_dags/example_task_group.py
[2025-08-31T18:45:28.914+0000] {processor.py:925} INFO - DAG(s) 'example_task_group' retrieved from /home/krishnaformeera/Sumitomo/datapipeline/venv/lib/python3.11/site-packages/airflow/example_dags/example_task_group.py
[2025-08-31T18:45:28.934+0000] {logging_mixin.py:190} INFO - [2025-08-31T18:45:28.934+0000] {dag.py:3239} INFO - Sync 1 DAGs
[2025-08-31T18:45:28.946+0000] {logging_mixin.py:190} INFO - [2025-08-31T18:45:28.946+0000] {dag.py:4180} INFO - Setting next_dagrun for example_task_group to None, run_after=None
[2025-08-31T18:45:28.966+0000] {processor.py:208} INFO - Processing /home/krishnaformeera/Sumitomo/datapipeline/venv/lib/python3.11/site-packages/airflow/example_dags/example_task_group.py took 0.075 seconds
[2025-08-31T18:46:22.688+0000] {processor.py:186} INFO - Started process (PID=7641) to work on /home/krishnaformeera/Sumitomo/datapipeline/venv/lib/python3.11/site-packages/airflow/example_dags/example_task_group.py
[2025-08-31T18:46:22.690+0000] {processor.py:914} INFO - Processing file /home/krishnaformeera/Sumitomo/datapipeline/venv/lib/python3.11/site-packages/airflow/example_dags/example_task_group.py for tasks to queue
[2025-08-31T18:46:22.694+0000] {logging_mixin.py:190} INFO - [2025-08-31T18:46:22.693+0000] {dagbag.py:588} INFO - Filling up the DagBag from /home/krishnaformeera/Sumitomo/datapipeline/venv/lib/python3.11/site-packages/airflow/example_dags/example_task_group.py
[2025-08-31T18:46:22.706+0000] {processor.py:925} INFO - DAG(s) 'example_task_group' retrieved from /home/krishnaformeera/Sumitomo/datapipeline/venv/lib/python3.11/site-packages/airflow/example_dags/example_task_group.py
[2025-08-31T18:46:22.727+0000] {logging_mixin.py:190} INFO - [2025-08-31T18:46:22.726+0000] {dag.py:3239} INFO - Sync 1 DAGs
[2025-08-31T18:46:22.741+0000] {logging_mixin.py:190} INFO - [2025-08-31T18:46:22.741+0000] {dag.py:4180} INFO - Setting next_dagrun for example_task_group to None, run_after=None
[2025-08-31T18:46:22.762+0000] {processor.py:208} INFO - Processing /home/krishnaformeera/Sumitomo/datapipeline/venv/lib/python3.11/site-packages/airflow/example_dags/example_task_group.py took 0.084 seconds
[2025-08-31T18:47:14.890+0000] {processor.py:186} INFO - Started process (PID=7781) to work on /home/krishnaformeera/Sumitomo/datapipeline/venv/lib/python3.11/site-packages/airflow/example_dags/example_task_group.py
[2025-08-31T18:47:14.891+0000] {processor.py:914} INFO - Processing file /home/krishnaformeera/Sumitomo/datapipeline/venv/lib/python3.11/site-packages/airflow/example_dags/example_task_group.py for tasks to queue
[2025-08-31T18:47:14.894+0000] {logging_mixin.py:190} INFO - [2025-08-31T18:47:14.893+0000] {dagbag.py:588} INFO - Filling up the DagBag from /home/krishnaformeera/Sumitomo/datapipeline/venv/lib/python3.11/site-packages/airflow/example_dags/example_task_group.py
[2025-08-31T18:47:14.903+0000] {processor.py:925} INFO - DAG(s) 'example_task_group' retrieved from /home/krishnaformeera/Sumitomo/datapipeline/venv/lib/python3.11/site-packages/airflow/example_dags/example_task_group.py
[2025-08-31T18:47:14.922+0000] {logging_mixin.py:190} INFO - [2025-08-31T18:47:14.921+0000] {dag.py:3239} INFO - Sync 1 DAGs
[2025-08-31T18:47:14.933+0000] {logging_mixin.py:190} INFO - [2025-08-31T18:47:14.933+0000] {dag.py:4180} INFO - Setting next_dagrun for example_task_group to None, run_after=None
[2025-08-31T18:47:14.953+0000] {processor.py:208} INFO - Processing /home/krishnaformeera/Sumitomo/datapipeline/venv/lib/python3.11/site-packages/airflow/example_dags/example_task_group.py took 0.071 seconds
[2025-08-31T18:48:05.225+0000] {processor.py:186} INFO - Started process (PID=7837) to work on /home/krishnaformeera/Sumitomo/datapipeline/venv/lib/python3.11/site-packages/airflow/example_dags/example_task_group.py
[2025-08-31T18:48:05.226+0000] {processor.py:914} INFO - Processing file /home/krishnaformeera/Sumitomo/datapipeline/venv/lib/python3.11/site-packages/airflow/example_dags/example_task_group.py for tasks to queue
[2025-08-31T18:48:05.230+0000] {logging_mixin.py:190} INFO - [2025-08-31T18:48:05.229+0000] {dagbag.py:588} INFO - Filling up the DagBag from /home/krishnaformeera/Sumitomo/datapipeline/venv/lib/python3.11/site-packages/airflow/example_dags/example_task_group.py
[2025-08-31T18:48:05.241+0000] {processor.py:925} INFO - DAG(s) 'example_task_group' retrieved from /home/krishnaformeera/Sumitomo/datapipeline/venv/lib/python3.11/site-packages/airflow/example_dags/example_task_group.py
[2025-08-31T18:48:05.262+0000] {logging_mixin.py:190} INFO - [2025-08-31T18:48:05.262+0000] {dag.py:3239} INFO - Sync 1 DAGs
[2025-08-31T18:48:05.277+0000] {logging_mixin.py:190} INFO - [2025-08-31T18:48:05.277+0000] {dag.py:4180} INFO - Setting next_dagrun for example_task_group to None, run_after=None
[2025-08-31T18:48:05.304+0000] {processor.py:208} INFO - Processing /home/krishnaformeera/Sumitomo/datapipeline/venv/lib/python3.11/site-packages/airflow/example_dags/example_task_group.py took 0.086 seconds
[2025-08-31T18:48:54.392+0000] {processor.py:186} INFO - Started process (PID=7892) to work on /home/krishnaformeera/Sumitomo/datapipeline/venv/lib/python3.11/site-packages/airflow/example_dags/example_task_group.py
[2025-08-31T18:48:54.393+0000] {processor.py:914} INFO - Processing file /home/krishnaformeera/Sumitomo/datapipeline/venv/lib/python3.11/site-packages/airflow/example_dags/example_task_group.py for tasks to queue
[2025-08-31T18:48:54.396+0000] {logging_mixin.py:190} INFO - [2025-08-31T18:48:54.396+0000] {dagbag.py:588} INFO - Filling up the DagBag from /home/krishnaformeera/Sumitomo/datapipeline/venv/lib/python3.11/site-packages/airflow/example_dags/example_task_group.py
[2025-08-31T18:48:54.405+0000] {processor.py:925} INFO - DAG(s) 'example_task_group' retrieved from /home/krishnaformeera/Sumitomo/datapipeline/venv/lib/python3.11/site-packages/airflow/example_dags/example_task_group.py
[2025-08-31T18:48:54.421+0000] {logging_mixin.py:190} INFO - [2025-08-31T18:48:54.421+0000] {dag.py:3239} INFO - Sync 1 DAGs
[2025-08-31T18:48:54.433+0000] {logging_mixin.py:190} INFO - [2025-08-31T18:48:54.433+0000] {dag.py:4180} INFO - Setting next_dagrun for example_task_group to None, run_after=None
[2025-08-31T18:48:54.454+0000] {processor.py:208} INFO - Processing /home/krishnaformeera/Sumitomo/datapipeline/venv/lib/python3.11/site-packages/airflow/example_dags/example_task_group.py took 0.068 seconds
[2025-08-31T18:49:46.318+0000] {processor.py:186} INFO - Started process (PID=7960) to work on /home/krishnaformeera/Sumitomo/datapipeline/venv/lib/python3.11/site-packages/airflow/example_dags/example_task_group.py
[2025-08-31T18:49:46.319+0000] {processor.py:914} INFO - Processing file /home/krishnaformeera/Sumitomo/datapipeline/venv/lib/python3.11/site-packages/airflow/example_dags/example_task_group.py for tasks to queue
[2025-08-31T18:49:46.322+0000] {logging_mixin.py:190} INFO - [2025-08-31T18:49:46.322+0000] {dagbag.py:588} INFO - Filling up the DagBag from /home/krishnaformeera/Sumitomo/datapipeline/venv/lib/python3.11/site-packages/airflow/example_dags/example_task_group.py
[2025-08-31T18:49:46.332+0000] {processor.py:925} INFO - DAG(s) 'example_task_group' retrieved from /home/krishnaformeera/Sumitomo/datapipeline/venv/lib/python3.11/site-packages/airflow/example_dags/example_task_group.py
[2025-08-31T18:49:46.350+0000] {logging_mixin.py:190} INFO - [2025-08-31T18:49:46.350+0000] {dag.py:3239} INFO - Sync 1 DAGs
[2025-08-31T18:49:46.363+0000] {logging_mixin.py:190} INFO - [2025-08-31T18:49:46.363+0000] {dag.py:4180} INFO - Setting next_dagrun for example_task_group to None, run_after=None
[2025-08-31T18:49:46.388+0000] {processor.py:208} INFO - Processing /home/krishnaformeera/Sumitomo/datapipeline/venv/lib/python3.11/site-packages/airflow/example_dags/example_task_group.py took 0.076 seconds
[2025-08-31T18:50:39.540+0000] {processor.py:186} INFO - Started process (PID=8071) to work on /home/krishnaformeera/Sumitomo/datapipeline/venv/lib/python3.11/site-packages/airflow/example_dags/example_task_group.py
[2025-08-31T18:50:39.542+0000] {processor.py:914} INFO - Processing file /home/krishnaformeera/Sumitomo/datapipeline/venv/lib/python3.11/site-packages/airflow/example_dags/example_task_group.py for tasks to queue
[2025-08-31T18:50:39.550+0000] {logging_mixin.py:190} INFO - [2025-08-31T18:50:39.549+0000] {dagbag.py:588} INFO - Filling up the DagBag from /home/krishnaformeera/Sumitomo/datapipeline/venv/lib/python3.11/site-packages/airflow/example_dags/example_task_group.py
[2025-08-31T18:50:39.564+0000] {processor.py:925} INFO - DAG(s) 'example_task_group' retrieved from /home/krishnaformeera/Sumitomo/datapipeline/venv/lib/python3.11/site-packages/airflow/example_dags/example_task_group.py
[2025-08-31T18:50:39.585+0000] {logging_mixin.py:190} INFO - [2025-08-31T18:50:39.585+0000] {dag.py:3239} INFO - Sync 1 DAGs
[2025-08-31T18:50:39.597+0000] {logging_mixin.py:190} INFO - [2025-08-31T18:50:39.597+0000] {dag.py:4180} INFO - Setting next_dagrun for example_task_group to None, run_after=None
[2025-08-31T18:50:39.623+0000] {processor.py:208} INFO - Processing /home/krishnaformeera/Sumitomo/datapipeline/venv/lib/python3.11/site-packages/airflow/example_dags/example_task_group.py took 0.094 seconds
[2025-08-31T18:51:31.230+0000] {processor.py:186} INFO - Started process (PID=8151) to work on /home/krishnaformeera/Sumitomo/datapipeline/venv/lib/python3.11/site-packages/airflow/example_dags/example_task_group.py
[2025-08-31T18:51:31.231+0000] {processor.py:914} INFO - Processing file /home/krishnaformeera/Sumitomo/datapipeline/venv/lib/python3.11/site-packages/airflow/example_dags/example_task_group.py for tasks to queue
[2025-08-31T18:51:31.235+0000] {logging_mixin.py:190} INFO - [2025-08-31T18:51:31.235+0000] {dagbag.py:588} INFO - Filling up the DagBag from /home/krishnaformeera/Sumitomo/datapipeline/venv/lib/python3.11/site-packages/airflow/example_dags/example_task_group.py
[2025-08-31T18:51:31.246+0000] {processor.py:925} INFO - DAG(s) 'example_task_group' retrieved from /home/krishnaformeera/Sumitomo/datapipeline/venv/lib/python3.11/site-packages/airflow/example_dags/example_task_group.py
[2025-08-31T18:51:31.269+0000] {logging_mixin.py:190} INFO - [2025-08-31T18:51:31.269+0000] {dag.py:3239} INFO - Sync 1 DAGs
[2025-08-31T18:51:31.285+0000] {logging_mixin.py:190} INFO - [2025-08-31T18:51:31.284+0000] {dag.py:4180} INFO - Setting next_dagrun for example_task_group to None, run_after=None
[2025-08-31T18:51:31.313+0000] {processor.py:208} INFO - Processing /home/krishnaformeera/Sumitomo/datapipeline/venv/lib/python3.11/site-packages/airflow/example_dags/example_task_group.py took 0.091 seconds
[2025-08-31T18:52:21.215+0000] {processor.py:186} INFO - Started process (PID=8225) to work on /home/krishnaformeera/Sumitomo/datapipeline/venv/lib/python3.11/site-packages/airflow/example_dags/example_task_group.py
[2025-08-31T18:52:21.216+0000] {processor.py:914} INFO - Processing file /home/krishnaformeera/Sumitomo/datapipeline/venv/lib/python3.11/site-packages/airflow/example_dags/example_task_group.py for tasks to queue
[2025-08-31T18:52:21.219+0000] {logging_mixin.py:190} INFO - [2025-08-31T18:52:21.218+0000] {dagbag.py:588} INFO - Filling up the DagBag from /home/krishnaformeera/Sumitomo/datapipeline/venv/lib/python3.11/site-packages/airflow/example_dags/example_task_group.py
[2025-08-31T18:52:21.227+0000] {processor.py:925} INFO - DAG(s) 'example_task_group' retrieved from /home/krishnaformeera/Sumitomo/datapipeline/venv/lib/python3.11/site-packages/airflow/example_dags/example_task_group.py
[2025-08-31T18:52:21.243+0000] {logging_mixin.py:190} INFO - [2025-08-31T18:52:21.243+0000] {dag.py:3239} INFO - Sync 1 DAGs
[2025-08-31T18:52:21.255+0000] {logging_mixin.py:190} INFO - [2025-08-31T18:52:21.255+0000] {dag.py:4180} INFO - Setting next_dagrun for example_task_group to None, run_after=None
[2025-08-31T18:52:21.276+0000] {processor.py:208} INFO - Processing /home/krishnaformeera/Sumitomo/datapipeline/venv/lib/python3.11/site-packages/airflow/example_dags/example_task_group.py took 0.068 seconds
[2025-08-31T18:53:09.565+0000] {processor.py:186} INFO - Started process (PID=8280) to work on /home/krishnaformeera/Sumitomo/datapipeline/venv/lib/python3.11/site-packages/airflow/example_dags/example_task_group.py
[2025-08-31T18:53:09.566+0000] {processor.py:914} INFO - Processing file /home/krishnaformeera/Sumitomo/datapipeline/venv/lib/python3.11/site-packages/airflow/example_dags/example_task_group.py for tasks to queue
[2025-08-31T18:53:09.570+0000] {logging_mixin.py:190} INFO - [2025-08-31T18:53:09.570+0000] {dagbag.py:588} INFO - Filling up the DagBag from /home/krishnaformeera/Sumitomo/datapipeline/venv/lib/python3.11/site-packages/airflow/example_dags/example_task_group.py
[2025-08-31T18:53:09.580+0000] {processor.py:925} INFO - DAG(s) 'example_task_group' retrieved from /home/krishnaformeera/Sumitomo/datapipeline/venv/lib/python3.11/site-packages/airflow/example_dags/example_task_group.py
[2025-08-31T18:53:09.600+0000] {logging_mixin.py:190} INFO - [2025-08-31T18:53:09.600+0000] {dag.py:3239} INFO - Sync 1 DAGs
[2025-08-31T18:53:09.614+0000] {logging_mixin.py:190} INFO - [2025-08-31T18:53:09.614+0000] {dag.py:4180} INFO - Setting next_dagrun for example_task_group to None, run_after=None
[2025-08-31T18:53:09.641+0000] {processor.py:208} INFO - Processing /home/krishnaformeera/Sumitomo/datapipeline/venv/lib/python3.11/site-packages/airflow/example_dags/example_task_group.py took 0.083 seconds
[2025-08-31T18:53:58.624+0000] {processor.py:186} INFO - Started process (PID=8474) to work on /home/krishnaformeera/Sumitomo/datapipeline/venv/lib/python3.11/site-packages/airflow/example_dags/example_task_group.py
[2025-08-31T18:53:58.625+0000] {processor.py:914} INFO - Processing file /home/krishnaformeera/Sumitomo/datapipeline/venv/lib/python3.11/site-packages/airflow/example_dags/example_task_group.py for tasks to queue
[2025-08-31T18:53:58.628+0000] {logging_mixin.py:190} INFO - [2025-08-31T18:53:58.627+0000] {dagbag.py:588} INFO - Filling up the DagBag from /home/krishnaformeera/Sumitomo/datapipeline/venv/lib/python3.11/site-packages/airflow/example_dags/example_task_group.py
[2025-08-31T18:53:58.637+0000] {processor.py:925} INFO - DAG(s) 'example_task_group' retrieved from /home/krishnaformeera/Sumitomo/datapipeline/venv/lib/python3.11/site-packages/airflow/example_dags/example_task_group.py
[2025-08-31T18:53:58.654+0000] {logging_mixin.py:190} INFO - [2025-08-31T18:53:58.654+0000] {dag.py:3239} INFO - Sync 1 DAGs
[2025-08-31T18:53:58.665+0000] {logging_mixin.py:190} INFO - [2025-08-31T18:53:58.665+0000] {dag.py:4180} INFO - Setting next_dagrun for example_task_group to None, run_after=None
[2025-08-31T18:53:58.686+0000] {processor.py:208} INFO - Processing /home/krishnaformeera/Sumitomo/datapipeline/venv/lib/python3.11/site-packages/airflow/example_dags/example_task_group.py took 0.069 seconds
[2025-08-31T18:54:46.020+0000] {processor.py:186} INFO - Started process (PID=8524) to work on /home/krishnaformeera/Sumitomo/datapipeline/venv/lib/python3.11/site-packages/airflow/example_dags/example_task_group.py
[2025-08-31T18:54:46.021+0000] {processor.py:914} INFO - Processing file /home/krishnaformeera/Sumitomo/datapipeline/venv/lib/python3.11/site-packages/airflow/example_dags/example_task_group.py for tasks to queue
[2025-08-31T18:54:46.024+0000] {logging_mixin.py:190} INFO - [2025-08-31T18:54:46.023+0000] {dagbag.py:588} INFO - Filling up the DagBag from /home/krishnaformeera/Sumitomo/datapipeline/venv/lib/python3.11/site-packages/airflow/example_dags/example_task_group.py
[2025-08-31T18:54:46.034+0000] {processor.py:925} INFO - DAG(s) 'example_task_group' retrieved from /home/krishnaformeera/Sumitomo/datapipeline/venv/lib/python3.11/site-packages/airflow/example_dags/example_task_group.py
[2025-08-31T18:54:46.057+0000] {logging_mixin.py:190} INFO - [2025-08-31T18:54:46.056+0000] {dag.py:3239} INFO - Sync 1 DAGs
[2025-08-31T18:54:46.074+0000] {logging_mixin.py:190} INFO - [2025-08-31T18:54:46.073+0000] {dag.py:4180} INFO - Setting next_dagrun for example_task_group to None, run_after=None
[2025-08-31T18:54:46.101+0000] {processor.py:208} INFO - Processing /home/krishnaformeera/Sumitomo/datapipeline/venv/lib/python3.11/site-packages/airflow/example_dags/example_task_group.py took 0.087 seconds
[2025-08-31T18:55:40.849+0000] {processor.py:186} INFO - Started process (PID=8604) to work on /home/krishnaformeera/Sumitomo/datapipeline/venv/lib/python3.11/site-packages/airflow/example_dags/example_task_group.py
[2025-08-31T18:55:40.850+0000] {processor.py:914} INFO - Processing file /home/krishnaformeera/Sumitomo/datapipeline/venv/lib/python3.11/site-packages/airflow/example_dags/example_task_group.py for tasks to queue
[2025-08-31T18:55:40.853+0000] {logging_mixin.py:190} INFO - [2025-08-31T18:55:40.852+0000] {dagbag.py:588} INFO - Filling up the DagBag from /home/krishnaformeera/Sumitomo/datapipeline/venv/lib/python3.11/site-packages/airflow/example_dags/example_task_group.py
[2025-08-31T18:55:40.861+0000] {processor.py:925} INFO - DAG(s) 'example_task_group' retrieved from /home/krishnaformeera/Sumitomo/datapipeline/venv/lib/python3.11/site-packages/airflow/example_dags/example_task_group.py
[2025-08-31T18:55:40.880+0000] {logging_mixin.py:190} INFO - [2025-08-31T18:55:40.879+0000] {dag.py:3239} INFO - Sync 1 DAGs
[2025-08-31T18:55:40.893+0000] {logging_mixin.py:190} INFO - [2025-08-31T18:55:40.892+0000] {dag.py:4180} INFO - Setting next_dagrun for example_task_group to None, run_after=None
[2025-08-31T18:55:40.917+0000] {processor.py:208} INFO - Processing /home/krishnaformeera/Sumitomo/datapipeline/venv/lib/python3.11/site-packages/airflow/example_dags/example_task_group.py took 0.074 seconds
[2025-08-31T18:56:34.388+0000] {processor.py:186} INFO - Started process (PID=8673) to work on /home/krishnaformeera/Sumitomo/datapipeline/venv/lib/python3.11/site-packages/airflow/example_dags/example_task_group.py
[2025-08-31T18:56:34.390+0000] {processor.py:914} INFO - Processing file /home/krishnaformeera/Sumitomo/datapipeline/venv/lib/python3.11/site-packages/airflow/example_dags/example_task_group.py for tasks to queue
[2025-08-31T18:56:34.393+0000] {logging_mixin.py:190} INFO - [2025-08-31T18:56:34.392+0000] {dagbag.py:588} INFO - Filling up the DagBag from /home/krishnaformeera/Sumitomo/datapipeline/venv/lib/python3.11/site-packages/airflow/example_dags/example_task_group.py
[2025-08-31T18:56:34.404+0000] {processor.py:925} INFO - DAG(s) 'example_task_group' retrieved from /home/krishnaformeera/Sumitomo/datapipeline/venv/lib/python3.11/site-packages/airflow/example_dags/example_task_group.py
[2025-08-31T18:56:34.424+0000] {logging_mixin.py:190} INFO - [2025-08-31T18:56:34.423+0000] {dag.py:3239} INFO - Sync 1 DAGs
[2025-08-31T18:56:34.437+0000] {logging_mixin.py:190} INFO - [2025-08-31T18:56:34.437+0000] {dag.py:4180} INFO - Setting next_dagrun for example_task_group to None, run_after=None
[2025-08-31T18:56:34.463+0000] {processor.py:208} INFO - Processing /home/krishnaformeera/Sumitomo/datapipeline/venv/lib/python3.11/site-packages/airflow/example_dags/example_task_group.py took 0.083 seconds
[2025-08-31T18:57:27.180+0000] {processor.py:186} INFO - Started process (PID=8726) to work on /home/krishnaformeera/Sumitomo/datapipeline/venv/lib/python3.11/site-packages/airflow/example_dags/example_task_group.py
[2025-08-31T18:57:27.181+0000] {processor.py:914} INFO - Processing file /home/krishnaformeera/Sumitomo/datapipeline/venv/lib/python3.11/site-packages/airflow/example_dags/example_task_group.py for tasks to queue
[2025-08-31T18:57:27.185+0000] {logging_mixin.py:190} INFO - [2025-08-31T18:57:27.184+0000] {dagbag.py:588} INFO - Filling up the DagBag from /home/krishnaformeera/Sumitomo/datapipeline/venv/lib/python3.11/site-packages/airflow/example_dags/example_task_group.py
[2025-08-31T18:57:27.198+0000] {processor.py:925} INFO - DAG(s) 'example_task_group' retrieved from /home/krishnaformeera/Sumitomo/datapipeline/venv/lib/python3.11/site-packages/airflow/example_dags/example_task_group.py
[2025-08-31T18:57:27.232+0000] {logging_mixin.py:190} INFO - [2025-08-31T18:57:27.232+0000] {dag.py:3239} INFO - Sync 1 DAGs
[2025-08-31T18:57:27.251+0000] {logging_mixin.py:190} INFO - [2025-08-31T18:57:27.250+0000] {dag.py:4180} INFO - Setting next_dagrun for example_task_group to None, run_after=None
[2025-08-31T18:57:27.276+0000] {processor.py:208} INFO - Processing /home/krishnaformeera/Sumitomo/datapipeline/venv/lib/python3.11/site-packages/airflow/example_dags/example_task_group.py took 0.103 seconds
[2025-08-31T18:58:20.047+0000] {processor.py:186} INFO - Started process (PID=8780) to work on /home/krishnaformeera/Sumitomo/datapipeline/venv/lib/python3.11/site-packages/airflow/example_dags/example_task_group.py
[2025-08-31T18:58:20.048+0000] {processor.py:914} INFO - Processing file /home/krishnaformeera/Sumitomo/datapipeline/venv/lib/python3.11/site-packages/airflow/example_dags/example_task_group.py for tasks to queue
[2025-08-31T18:58:20.051+0000] {logging_mixin.py:190} INFO - [2025-08-31T18:58:20.051+0000] {dagbag.py:588} INFO - Filling up the DagBag from /home/krishnaformeera/Sumitomo/datapipeline/venv/lib/python3.11/site-packages/airflow/example_dags/example_task_group.py
[2025-08-31T18:58:20.062+0000] {processor.py:925} INFO - DAG(s) 'example_task_group' retrieved from /home/krishnaformeera/Sumitomo/datapipeline/venv/lib/python3.11/site-packages/airflow/example_dags/example_task_group.py
[2025-08-31T18:58:20.079+0000] {logging_mixin.py:190} INFO - [2025-08-31T18:58:20.079+0000] {dag.py:3239} INFO - Sync 1 DAGs
[2025-08-31T18:58:20.091+0000] {logging_mixin.py:190} INFO - [2025-08-31T18:58:20.091+0000] {dag.py:4180} INFO - Setting next_dagrun for example_task_group to None, run_after=None
[2025-08-31T18:58:20.113+0000] {processor.py:208} INFO - Processing /home/krishnaformeera/Sumitomo/datapipeline/venv/lib/python3.11/site-packages/airflow/example_dags/example_task_group.py took 0.073 seconds
[2025-08-31T18:59:12.738+0000] {processor.py:186} INFO - Started process (PID=8834) to work on /home/krishnaformeera/Sumitomo/datapipeline/venv/lib/python3.11/site-packages/airflow/example_dags/example_task_group.py
[2025-08-31T18:59:12.740+0000] {processor.py:914} INFO - Processing file /home/krishnaformeera/Sumitomo/datapipeline/venv/lib/python3.11/site-packages/airflow/example_dags/example_task_group.py for tasks to queue
[2025-08-31T18:59:12.743+0000] {logging_mixin.py:190} INFO - [2025-08-31T18:59:12.743+0000] {dagbag.py:588} INFO - Filling up the DagBag from /home/krishnaformeera/Sumitomo/datapipeline/venv/lib/python3.11/site-packages/airflow/example_dags/example_task_group.py
[2025-08-31T18:59:12.752+0000] {processor.py:925} INFO - DAG(s) 'example_task_group' retrieved from /home/krishnaformeera/Sumitomo/datapipeline/venv/lib/python3.11/site-packages/airflow/example_dags/example_task_group.py
[2025-08-31T18:59:12.771+0000] {logging_mixin.py:190} INFO - [2025-08-31T18:59:12.771+0000] {dag.py:3239} INFO - Sync 1 DAGs
[2025-08-31T18:59:12.789+0000] {logging_mixin.py:190} INFO - [2025-08-31T18:59:12.788+0000] {dag.py:4180} INFO - Setting next_dagrun for example_task_group to None, run_after=None
[2025-08-31T18:59:12.814+0000] {processor.py:208} INFO - Processing /home/krishnaformeera/Sumitomo/datapipeline/venv/lib/python3.11/site-packages/airflow/example_dags/example_task_group.py took 0.084 seconds
