[2025-08-31T18:31:14.348+0000] {processor.py:186} INFO - Started process (PID=5255) to work on /home/krishnaformeera/Sumitomo/datapipeline/venv/lib/python3.11/site-packages/airflow/example_dags/example_latest_only.py
[2025-08-31T18:31:14.349+0000] {processor.py:914} INFO - Processing file /home/krishnaformeera/Sumitomo/datapipeline/venv/lib/python3.11/site-packages/airflow/example_dags/example_latest_only.py for tasks to queue
[2025-08-31T18:31:14.352+0000] {logging_mixin.py:190} INFO - [2025-08-31T18:31:14.352+0000] {dagbag.py:588} INFO - Filling up the DagBag from /home/krishnaformeera/Sumitomo/datapipeline/venv/lib/python3.11/site-packages/airflow/example_dags/example_latest_only.py
[2025-08-31T18:31:14.362+0000] {processor.py:925} INFO - DAG(s) 'latest_only' retrieved from /home/krishnaformeera/Sumitomo/datapipeline/venv/lib/python3.11/site-packages/airflow/example_dags/example_latest_only.py
[2025-08-31T18:31:14.504+0000] {logging_mixin.py:190} INFO - [2025-08-31T18:31:14.503+0000] {override.py:1900} INFO - Created Permission View: can edit on DAG:latest_only
[2025-08-31T18:31:14.521+0000] {logging_mixin.py:190} INFO - [2025-08-31T18:31:14.520+0000] {override.py:1900} INFO - Created Permission View: can read on DAG:latest_only
[2025-08-31T18:31:14.534+0000] {logging_mixin.py:190} INFO - [2025-08-31T18:31:14.533+0000] {override.py:1900} INFO - Created Permission View: can delete on DAG:latest_only
[2025-08-31T18:31:14.553+0000] {logging_mixin.py:190} INFO - [2025-08-31T18:31:14.552+0000] {override.py:1900} INFO - Created Permission View: menu access on DAG Run:latest_only
[2025-08-31T18:31:14.565+0000] {logging_mixin.py:190} INFO - [2025-08-31T18:31:14.564+0000] {override.py:1900} INFO - Created Permission View: can read on DAG Run:latest_only
[2025-08-31T18:31:14.577+0000] {logging_mixin.py:190} INFO - [2025-08-31T18:31:14.577+0000] {override.py:1900} INFO - Created Permission View: can create on DAG Run:latest_only
[2025-08-31T18:31:14.589+0000] {logging_mixin.py:190} INFO - [2025-08-31T18:31:14.589+0000] {override.py:1900} INFO - Created Permission View: can delete on DAG Run:latest_only
[2025-08-31T18:31:14.590+0000] {logging_mixin.py:190} INFO - [2025-08-31T18:31:14.590+0000] {dag.py:3239} INFO - Sync 1 DAGs
[2025-08-31T18:31:14.606+0000] {logging_mixin.py:190} INFO - [2025-08-31T18:31:14.606+0000] {dag.py:3262} INFO - Creating ORM DAG for latest_only
[2025-08-31T18:31:14.620+0000] {logging_mixin.py:190} INFO - [2025-08-31T18:31:14.620+0000] {dag.py:4180} INFO - Setting next_dagrun for latest_only to 2025-08-31 12:00:00+00:00, run_after=2025-08-31 16:00:00+00:00
[2025-08-31T18:31:14.645+0000] {processor.py:208} INFO - Processing /home/krishnaformeera/Sumitomo/datapipeline/venv/lib/python3.11/site-packages/airflow/example_dags/example_latest_only.py took 0.304 seconds
[2025-08-31T18:32:19.545+0000] {processor.py:186} INFO - Started process (PID=5315) to work on /home/krishnaformeera/Sumitomo/datapipeline/venv/lib/python3.11/site-packages/airflow/example_dags/example_latest_only.py
[2025-08-31T18:32:19.546+0000] {processor.py:914} INFO - Processing file /home/krishnaformeera/Sumitomo/datapipeline/venv/lib/python3.11/site-packages/airflow/example_dags/example_latest_only.py for tasks to queue
[2025-08-31T18:32:19.548+0000] {logging_mixin.py:190} INFO - [2025-08-31T18:32:19.548+0000] {dagbag.py:588} INFO - Filling up the DagBag from /home/krishnaformeera/Sumitomo/datapipeline/venv/lib/python3.11/site-packages/airflow/example_dags/example_latest_only.py
[2025-08-31T18:32:19.557+0000] {processor.py:925} INFO - DAG(s) 'latest_only' retrieved from /home/krishnaformeera/Sumitomo/datapipeline/venv/lib/python3.11/site-packages/airflow/example_dags/example_latest_only.py
[2025-08-31T18:32:19.576+0000] {logging_mixin.py:190} INFO - [2025-08-31T18:32:19.576+0000] {dag.py:3239} INFO - Sync 1 DAGs
[2025-08-31T18:32:19.598+0000] {logging_mixin.py:190} INFO - [2025-08-31T18:32:19.597+0000] {dag.py:4180} INFO - Setting next_dagrun for latest_only to 2025-08-31 12:00:00+00:00, run_after=2025-08-31 16:00:00+00:00
[2025-08-31T18:32:19.622+0000] {processor.py:208} INFO - Processing /home/krishnaformeera/Sumitomo/datapipeline/venv/lib/python3.11/site-packages/airflow/example_dags/example_latest_only.py took 0.085 seconds
[2025-08-31T18:33:13.143+0000] {processor.py:186} INFO - Started process (PID=5371) to work on /home/krishnaformeera/Sumitomo/datapipeline/venv/lib/python3.11/site-packages/airflow/example_dags/example_latest_only.py
[2025-08-31T18:33:13.144+0000] {processor.py:914} INFO - Processing file /home/krishnaformeera/Sumitomo/datapipeline/venv/lib/python3.11/site-packages/airflow/example_dags/example_latest_only.py for tasks to queue
[2025-08-31T18:33:13.146+0000] {logging_mixin.py:190} INFO - [2025-08-31T18:33:13.146+0000] {dagbag.py:588} INFO - Filling up the DagBag from /home/krishnaformeera/Sumitomo/datapipeline/venv/lib/python3.11/site-packages/airflow/example_dags/example_latest_only.py
[2025-08-31T18:33:13.155+0000] {processor.py:925} INFO - DAG(s) 'latest_only' retrieved from /home/krishnaformeera/Sumitomo/datapipeline/venv/lib/python3.11/site-packages/airflow/example_dags/example_latest_only.py
[2025-08-31T18:33:13.174+0000] {logging_mixin.py:190} INFO - [2025-08-31T18:33:13.174+0000] {dag.py:3239} INFO - Sync 1 DAGs
[2025-08-31T18:33:13.285+0000] {logging_mixin.py:190} INFO - [2025-08-31T18:33:13.285+0000] {dag.py:4180} INFO - Setting next_dagrun for latest_only to 2025-08-31 12:00:00+00:00, run_after=2025-08-31 16:00:00+00:00
[2025-08-31T18:33:13.303+0000] {processor.py:208} INFO - Processing /home/krishnaformeera/Sumitomo/datapipeline/venv/lib/python3.11/site-packages/airflow/example_dags/example_latest_only.py took 0.169 seconds
[2025-08-31T18:34:11.611+0000] {processor.py:186} INFO - Started process (PID=5428) to work on /home/krishnaformeera/Sumitomo/datapipeline/venv/lib/python3.11/site-packages/airflow/example_dags/example_latest_only.py
[2025-08-31T18:34:11.613+0000] {processor.py:914} INFO - Processing file /home/krishnaformeera/Sumitomo/datapipeline/venv/lib/python3.11/site-packages/airflow/example_dags/example_latest_only.py for tasks to queue
[2025-08-31T18:34:11.615+0000] {logging_mixin.py:190} INFO - [2025-08-31T18:34:11.614+0000] {dagbag.py:588} INFO - Filling up the DagBag from /home/krishnaformeera/Sumitomo/datapipeline/venv/lib/python3.11/site-packages/airflow/example_dags/example_latest_only.py
[2025-08-31T18:34:11.622+0000] {processor.py:925} INFO - DAG(s) 'latest_only' retrieved from /home/krishnaformeera/Sumitomo/datapipeline/venv/lib/python3.11/site-packages/airflow/example_dags/example_latest_only.py
[2025-08-31T18:34:11.637+0000] {logging_mixin.py:190} INFO - [2025-08-31T18:34:11.637+0000] {dag.py:3239} INFO - Sync 1 DAGs
[2025-08-31T18:34:11.656+0000] {logging_mixin.py:190} INFO - [2025-08-31T18:34:11.656+0000] {dag.py:4180} INFO - Setting next_dagrun for latest_only to 2025-08-31 12:00:00+00:00, run_after=2025-08-31 16:00:00+00:00
[2025-08-31T18:34:11.680+0000] {processor.py:208} INFO - Processing /home/krishnaformeera/Sumitomo/datapipeline/venv/lib/python3.11/site-packages/airflow/example_dags/example_latest_only.py took 0.075 seconds
[2025-08-31T18:35:04.853+0000] {processor.py:186} INFO - Started process (PID=5483) to work on /home/krishnaformeera/Sumitomo/datapipeline/venv/lib/python3.11/site-packages/airflow/example_dags/example_latest_only.py
[2025-08-31T18:35:04.854+0000] {processor.py:914} INFO - Processing file /home/krishnaformeera/Sumitomo/datapipeline/venv/lib/python3.11/site-packages/airflow/example_dags/example_latest_only.py for tasks to queue
[2025-08-31T18:35:04.857+0000] {logging_mixin.py:190} INFO - [2025-08-31T18:35:04.856+0000] {dagbag.py:588} INFO - Filling up the DagBag from /home/krishnaformeera/Sumitomo/datapipeline/venv/lib/python3.11/site-packages/airflow/example_dags/example_latest_only.py
[2025-08-31T18:35:04.866+0000] {processor.py:925} INFO - DAG(s) 'latest_only' retrieved from /home/krishnaformeera/Sumitomo/datapipeline/venv/lib/python3.11/site-packages/airflow/example_dags/example_latest_only.py
[2025-08-31T18:35:04.885+0000] {logging_mixin.py:190} INFO - [2025-08-31T18:35:04.884+0000] {dag.py:3239} INFO - Sync 1 DAGs
[2025-08-31T18:35:04.906+0000] {logging_mixin.py:190} INFO - [2025-08-31T18:35:04.906+0000] {dag.py:4180} INFO - Setting next_dagrun for latest_only to 2025-08-31 12:00:00+00:00, run_after=2025-08-31 16:00:00+00:00
[2025-08-31T18:35:04.929+0000] {processor.py:208} INFO - Processing /home/krishnaformeera/Sumitomo/datapipeline/venv/lib/python3.11/site-packages/airflow/example_dags/example_latest_only.py took 0.083 seconds
[2025-08-31T18:35:55.929+0000] {processor.py:186} INFO - Started process (PID=5547) to work on /home/krishnaformeera/Sumitomo/datapipeline/venv/lib/python3.11/site-packages/airflow/example_dags/example_latest_only.py
[2025-08-31T18:35:55.930+0000] {processor.py:914} INFO - Processing file /home/krishnaformeera/Sumitomo/datapipeline/venv/lib/python3.11/site-packages/airflow/example_dags/example_latest_only.py for tasks to queue
[2025-08-31T18:35:55.932+0000] {logging_mixin.py:190} INFO - [2025-08-31T18:35:55.932+0000] {dagbag.py:588} INFO - Filling up the DagBag from /home/krishnaformeera/Sumitomo/datapipeline/venv/lib/python3.11/site-packages/airflow/example_dags/example_latest_only.py
[2025-08-31T18:35:55.941+0000] {processor.py:925} INFO - DAG(s) 'latest_only' retrieved from /home/krishnaformeera/Sumitomo/datapipeline/venv/lib/python3.11/site-packages/airflow/example_dags/example_latest_only.py
[2025-08-31T18:35:55.960+0000] {logging_mixin.py:190} INFO - [2025-08-31T18:35:55.960+0000] {dag.py:3239} INFO - Sync 1 DAGs
[2025-08-31T18:35:55.980+0000] {logging_mixin.py:190} INFO - [2025-08-31T18:35:55.980+0000] {dag.py:4180} INFO - Setting next_dagrun for latest_only to 2025-08-31 12:00:00+00:00, run_after=2025-08-31 16:00:00+00:00
[2025-08-31T18:35:56.005+0000] {processor.py:208} INFO - Processing /home/krishnaformeera/Sumitomo/datapipeline/venv/lib/python3.11/site-packages/airflow/example_dags/example_latest_only.py took 0.083 seconds
[2025-08-31T18:36:45.244+0000] {processor.py:186} INFO - Started process (PID=5612) to work on /home/krishnaformeera/Sumitomo/datapipeline/venv/lib/python3.11/site-packages/airflow/example_dags/example_latest_only.py
[2025-08-31T18:36:45.245+0000] {processor.py:914} INFO - Processing file /home/krishnaformeera/Sumitomo/datapipeline/venv/lib/python3.11/site-packages/airflow/example_dags/example_latest_only.py for tasks to queue
[2025-08-31T18:36:45.248+0000] {logging_mixin.py:190} INFO - [2025-08-31T18:36:45.247+0000] {dagbag.py:588} INFO - Filling up the DagBag from /home/krishnaformeera/Sumitomo/datapipeline/venv/lib/python3.11/site-packages/airflow/example_dags/example_latest_only.py
[2025-08-31T18:36:45.257+0000] {processor.py:925} INFO - DAG(s) 'latest_only' retrieved from /home/krishnaformeera/Sumitomo/datapipeline/venv/lib/python3.11/site-packages/airflow/example_dags/example_latest_only.py
[2025-08-31T18:36:45.276+0000] {logging_mixin.py:190} INFO - [2025-08-31T18:36:45.275+0000] {dag.py:3239} INFO - Sync 1 DAGs
[2025-08-31T18:36:45.296+0000] {logging_mixin.py:190} INFO - [2025-08-31T18:36:45.296+0000] {dag.py:4180} INFO - Setting next_dagrun for latest_only to 2025-08-31 12:00:00+00:00, run_after=2025-08-31 16:00:00+00:00
[2025-08-31T18:36:45.322+0000] {processor.py:208} INFO - Processing /home/krishnaformeera/Sumitomo/datapipeline/venv/lib/python3.11/site-packages/airflow/example_dags/example_latest_only.py took 0.086 seconds
[2025-08-31T18:37:36.941+0000] {processor.py:186} INFO - Started process (PID=5664) to work on /home/krishnaformeera/Sumitomo/datapipeline/venv/lib/python3.11/site-packages/airflow/example_dags/example_latest_only.py
[2025-08-31T18:37:36.943+0000] {processor.py:914} INFO - Processing file /home/krishnaformeera/Sumitomo/datapipeline/venv/lib/python3.11/site-packages/airflow/example_dags/example_latest_only.py for tasks to queue
[2025-08-31T18:37:36.945+0000] {logging_mixin.py:190} INFO - [2025-08-31T18:37:36.945+0000] {dagbag.py:588} INFO - Filling up the DagBag from /home/krishnaformeera/Sumitomo/datapipeline/venv/lib/python3.11/site-packages/airflow/example_dags/example_latest_only.py
[2025-08-31T18:37:36.954+0000] {processor.py:925} INFO - DAG(s) 'latest_only' retrieved from /home/krishnaformeera/Sumitomo/datapipeline/venv/lib/python3.11/site-packages/airflow/example_dags/example_latest_only.py
[2025-08-31T18:37:36.973+0000] {logging_mixin.py:190} INFO - [2025-08-31T18:37:36.972+0000] {dag.py:3239} INFO - Sync 1 DAGs
[2025-08-31T18:37:36.993+0000] {logging_mixin.py:190} INFO - [2025-08-31T18:37:36.993+0000] {dag.py:4180} INFO - Setting next_dagrun for latest_only to 2025-08-31 12:00:00+00:00, run_after=2025-08-31 16:00:00+00:00
[2025-08-31T18:37:37.016+0000] {processor.py:208} INFO - Processing /home/krishnaformeera/Sumitomo/datapipeline/venv/lib/python3.11/site-packages/airflow/example_dags/example_latest_only.py took 0.082 seconds
[2025-08-31T18:40:26.429+0000] {processor.py:186} INFO - Started process (PID=6180) to work on /home/krishnaformeera/Sumitomo/datapipeline/venv/lib/python3.11/site-packages/airflow/example_dags/example_latest_only.py
[2025-08-31T18:40:26.430+0000] {processor.py:914} INFO - Processing file /home/krishnaformeera/Sumitomo/datapipeline/venv/lib/python3.11/site-packages/airflow/example_dags/example_latest_only.py for tasks to queue
[2025-08-31T18:40:26.432+0000] {logging_mixin.py:190} INFO - [2025-08-31T18:40:26.432+0000] {dagbag.py:588} INFO - Filling up the DagBag from /home/krishnaformeera/Sumitomo/datapipeline/venv/lib/python3.11/site-packages/airflow/example_dags/example_latest_only.py
[2025-08-31T18:40:26.441+0000] {processor.py:925} INFO - DAG(s) 'latest_only' retrieved from /home/krishnaformeera/Sumitomo/datapipeline/venv/lib/python3.11/site-packages/airflow/example_dags/example_latest_only.py
[2025-08-31T18:40:26.463+0000] {logging_mixin.py:190} INFO - [2025-08-31T18:40:26.463+0000] {dag.py:3239} INFO - Sync 1 DAGs
[2025-08-31T18:40:26.485+0000] {logging_mixin.py:190} INFO - [2025-08-31T18:40:26.484+0000] {dag.py:4180} INFO - Setting next_dagrun for latest_only to 2025-08-31 12:00:00+00:00, run_after=2025-08-31 16:00:00+00:00
[2025-08-31T18:40:26.511+0000] {processor.py:208} INFO - Processing /home/krishnaformeera/Sumitomo/datapipeline/venv/lib/python3.11/site-packages/airflow/example_dags/example_latest_only.py took 0.090 seconds
[2025-08-31T18:41:21.038+0000] {processor.py:186} INFO - Started process (PID=6373) to work on /home/krishnaformeera/Sumitomo/datapipeline/venv/lib/python3.11/site-packages/airflow/example_dags/example_latest_only.py
[2025-08-31T18:41:21.040+0000] {processor.py:914} INFO - Processing file /home/krishnaformeera/Sumitomo/datapipeline/venv/lib/python3.11/site-packages/airflow/example_dags/example_latest_only.py for tasks to queue
[2025-08-31T18:41:21.045+0000] {logging_mixin.py:190} INFO - [2025-08-31T18:41:21.044+0000] {dagbag.py:588} INFO - Filling up the DagBag from /home/krishnaformeera/Sumitomo/datapipeline/venv/lib/python3.11/site-packages/airflow/example_dags/example_latest_only.py
[2025-08-31T18:41:21.061+0000] {processor.py:925} INFO - DAG(s) 'latest_only' retrieved from /home/krishnaformeera/Sumitomo/datapipeline/venv/lib/python3.11/site-packages/airflow/example_dags/example_latest_only.py
[2025-08-31T18:41:21.091+0000] {logging_mixin.py:190} INFO - [2025-08-31T18:41:21.091+0000] {dag.py:3239} INFO - Sync 1 DAGs
[2025-08-31T18:41:21.119+0000] {logging_mixin.py:190} INFO - [2025-08-31T18:41:21.118+0000] {dag.py:4180} INFO - Setting next_dagrun for latest_only to 2025-08-31 12:00:00+00:00, run_after=2025-08-31 16:00:00+00:00
[2025-08-31T18:41:21.145+0000] {processor.py:208} INFO - Processing /home/krishnaformeera/Sumitomo/datapipeline/venv/lib/python3.11/site-packages/airflow/example_dags/example_latest_only.py took 0.116 seconds
[2025-08-31T18:42:18.207+0000] {processor.py:186} INFO - Started process (PID=6575) to work on /home/krishnaformeera/Sumitomo/datapipeline/venv/lib/python3.11/site-packages/airflow/example_dags/example_latest_only.py
[2025-08-31T18:42:18.208+0000] {processor.py:914} INFO - Processing file /home/krishnaformeera/Sumitomo/datapipeline/venv/lib/python3.11/site-packages/airflow/example_dags/example_latest_only.py for tasks to queue
[2025-08-31T18:42:18.211+0000] {logging_mixin.py:190} INFO - [2025-08-31T18:42:18.210+0000] {dagbag.py:588} INFO - Filling up the DagBag from /home/krishnaformeera/Sumitomo/datapipeline/venv/lib/python3.11/site-packages/airflow/example_dags/example_latest_only.py
[2025-08-31T18:42:18.218+0000] {processor.py:925} INFO - DAG(s) 'latest_only' retrieved from /home/krishnaformeera/Sumitomo/datapipeline/venv/lib/python3.11/site-packages/airflow/example_dags/example_latest_only.py
[2025-08-31T18:42:18.233+0000] {logging_mixin.py:190} INFO - [2025-08-31T18:42:18.233+0000] {dag.py:3239} INFO - Sync 1 DAGs
[2025-08-31T18:42:18.358+0000] {logging_mixin.py:190} INFO - [2025-08-31T18:42:18.358+0000] {dag.py:4180} INFO - Setting next_dagrun for latest_only to 2025-08-31 12:00:00+00:00, run_after=2025-08-31 16:00:00+00:00
[2025-08-31T18:42:18.380+0000] {processor.py:208} INFO - Processing /home/krishnaformeera/Sumitomo/datapipeline/venv/lib/python3.11/site-packages/airflow/example_dags/example_latest_only.py took 0.178 seconds
[2025-08-31T18:43:19.313+0000] {processor.py:186} INFO - Started process (PID=6831) to work on /home/krishnaformeera/Sumitomo/datapipeline/venv/lib/python3.11/site-packages/airflow/example_dags/example_latest_only.py
[2025-08-31T18:43:19.315+0000] {processor.py:914} INFO - Processing file /home/krishnaformeera/Sumitomo/datapipeline/venv/lib/python3.11/site-packages/airflow/example_dags/example_latest_only.py for tasks to queue
[2025-08-31T18:43:19.317+0000] {logging_mixin.py:190} INFO - [2025-08-31T18:43:19.317+0000] {dagbag.py:588} INFO - Filling up the DagBag from /home/krishnaformeera/Sumitomo/datapipeline/venv/lib/python3.11/site-packages/airflow/example_dags/example_latest_only.py
[2025-08-31T18:43:19.326+0000] {processor.py:925} INFO - DAG(s) 'latest_only' retrieved from /home/krishnaformeera/Sumitomo/datapipeline/venv/lib/python3.11/site-packages/airflow/example_dags/example_latest_only.py
[2025-08-31T18:43:19.345+0000] {logging_mixin.py:190} INFO - [2025-08-31T18:43:19.345+0000] {dag.py:3239} INFO - Sync 1 DAGs
[2025-08-31T18:43:19.366+0000] {logging_mixin.py:190} INFO - [2025-08-31T18:43:19.366+0000] {dag.py:4180} INFO - Setting next_dagrun for latest_only to 2025-08-31 12:00:00+00:00, run_after=2025-08-31 16:00:00+00:00
[2025-08-31T18:43:19.391+0000] {processor.py:208} INFO - Processing /home/krishnaformeera/Sumitomo/datapipeline/venv/lib/python3.11/site-packages/airflow/example_dags/example_latest_only.py took 0.086 seconds
[2025-08-31T18:44:13.611+0000] {processor.py:186} INFO - Started process (PID=7057) to work on /home/krishnaformeera/Sumitomo/datapipeline/venv/lib/python3.11/site-packages/airflow/example_dags/example_latest_only.py
[2025-08-31T18:44:13.612+0000] {processor.py:914} INFO - Processing file /home/krishnaformeera/Sumitomo/datapipeline/venv/lib/python3.11/site-packages/airflow/example_dags/example_latest_only.py for tasks to queue
[2025-08-31T18:44:13.616+0000] {logging_mixin.py:190} INFO - [2025-08-31T18:44:13.615+0000] {dagbag.py:588} INFO - Filling up the DagBag from /home/krishnaformeera/Sumitomo/datapipeline/venv/lib/python3.11/site-packages/airflow/example_dags/example_latest_only.py
[2025-08-31T18:44:13.627+0000] {processor.py:925} INFO - DAG(s) 'latest_only' retrieved from /home/krishnaformeera/Sumitomo/datapipeline/venv/lib/python3.11/site-packages/airflow/example_dags/example_latest_only.py
[2025-08-31T18:44:13.649+0000] {logging_mixin.py:190} INFO - [2025-08-31T18:44:13.648+0000] {dag.py:3239} INFO - Sync 1 DAGs
[2025-08-31T18:44:13.677+0000] {logging_mixin.py:190} INFO - [2025-08-31T18:44:13.677+0000] {dag.py:4180} INFO - Setting next_dagrun for latest_only to 2025-08-31 12:00:00+00:00, run_after=2025-08-31 16:00:00+00:00
[2025-08-31T18:44:13.710+0000] {processor.py:208} INFO - Processing /home/krishnaformeera/Sumitomo/datapipeline/venv/lib/python3.11/site-packages/airflow/example_dags/example_latest_only.py took 0.109 seconds
[2025-08-31T18:45:03.086+0000] {processor.py:186} INFO - Started process (PID=7283) to work on /home/krishnaformeera/Sumitomo/datapipeline/venv/lib/python3.11/site-packages/airflow/example_dags/example_latest_only.py
[2025-08-31T18:45:03.087+0000] {processor.py:914} INFO - Processing file /home/krishnaformeera/Sumitomo/datapipeline/venv/lib/python3.11/site-packages/airflow/example_dags/example_latest_only.py for tasks to queue
[2025-08-31T18:45:03.090+0000] {logging_mixin.py:190} INFO - [2025-08-31T18:45:03.089+0000] {dagbag.py:588} INFO - Filling up the DagBag from /home/krishnaformeera/Sumitomo/datapipeline/venv/lib/python3.11/site-packages/airflow/example_dags/example_latest_only.py
[2025-08-31T18:45:03.098+0000] {processor.py:925} INFO - DAG(s) 'latest_only' retrieved from /home/krishnaformeera/Sumitomo/datapipeline/venv/lib/python3.11/site-packages/airflow/example_dags/example_latest_only.py
[2025-08-31T18:45:03.116+0000] {logging_mixin.py:190} INFO - [2025-08-31T18:45:03.115+0000] {dag.py:3239} INFO - Sync 1 DAGs
[2025-08-31T18:45:03.134+0000] {logging_mixin.py:190} INFO - [2025-08-31T18:45:03.134+0000] {dag.py:4180} INFO - Setting next_dagrun for latest_only to 2025-08-31 12:00:00+00:00, run_after=2025-08-31 16:00:00+00:00
[2025-08-31T18:45:03.155+0000] {processor.py:208} INFO - Processing /home/krishnaformeera/Sumitomo/datapipeline/venv/lib/python3.11/site-packages/airflow/example_dags/example_latest_only.py took 0.077 seconds
[2025-08-31T18:45:54.576+0000] {processor.py:186} INFO - Started process (PID=7569) to work on /home/krishnaformeera/Sumitomo/datapipeline/venv/lib/python3.11/site-packages/airflow/example_dags/example_latest_only.py
[2025-08-31T18:45:54.578+0000] {processor.py:914} INFO - Processing file /home/krishnaformeera/Sumitomo/datapipeline/venv/lib/python3.11/site-packages/airflow/example_dags/example_latest_only.py for tasks to queue
[2025-08-31T18:45:54.581+0000] {logging_mixin.py:190} INFO - [2025-08-31T18:45:54.581+0000] {dagbag.py:588} INFO - Filling up the DagBag from /home/krishnaformeera/Sumitomo/datapipeline/venv/lib/python3.11/site-packages/airflow/example_dags/example_latest_only.py
[2025-08-31T18:45:54.590+0000] {processor.py:925} INFO - DAG(s) 'latest_only' retrieved from /home/krishnaformeera/Sumitomo/datapipeline/venv/lib/python3.11/site-packages/airflow/example_dags/example_latest_only.py
[2025-08-31T18:45:54.608+0000] {logging_mixin.py:190} INFO - [2025-08-31T18:45:54.608+0000] {dag.py:3239} INFO - Sync 1 DAGs
[2025-08-31T18:45:54.629+0000] {logging_mixin.py:190} INFO - [2025-08-31T18:45:54.629+0000] {dag.py:4180} INFO - Setting next_dagrun for latest_only to 2025-08-31 12:00:00+00:00, run_after=2025-08-31 16:00:00+00:00
[2025-08-31T18:45:54.654+0000] {processor.py:208} INFO - Processing /home/krishnaformeera/Sumitomo/datapipeline/venv/lib/python3.11/site-packages/airflow/example_dags/example_latest_only.py took 0.086 seconds
[2025-08-31T18:46:47.596+0000] {processor.py:186} INFO - Started process (PID=7753) to work on /home/krishnaformeera/Sumitomo/datapipeline/venv/lib/python3.11/site-packages/airflow/example_dags/example_latest_only.py
[2025-08-31T18:46:47.600+0000] {processor.py:914} INFO - Processing file /home/krishnaformeera/Sumitomo/datapipeline/venv/lib/python3.11/site-packages/airflow/example_dags/example_latest_only.py for tasks to queue
[2025-08-31T18:46:47.603+0000] {logging_mixin.py:190} INFO - [2025-08-31T18:46:47.602+0000] {dagbag.py:588} INFO - Filling up the DagBag from /home/krishnaformeera/Sumitomo/datapipeline/venv/lib/python3.11/site-packages/airflow/example_dags/example_latest_only.py
[2025-08-31T18:46:47.612+0000] {processor.py:925} INFO - DAG(s) 'latest_only' retrieved from /home/krishnaformeera/Sumitomo/datapipeline/venv/lib/python3.11/site-packages/airflow/example_dags/example_latest_only.py
[2025-08-31T18:46:47.634+0000] {logging_mixin.py:190} INFO - [2025-08-31T18:46:47.634+0000] {dag.py:3239} INFO - Sync 1 DAGs
[2025-08-31T18:46:47.655+0000] {logging_mixin.py:190} INFO - [2025-08-31T18:46:47.654+0000] {dag.py:4180} INFO - Setting next_dagrun for latest_only to 2025-08-31 12:00:00+00:00, run_after=2025-08-31 16:00:00+00:00
[2025-08-31T18:46:47.676+0000] {processor.py:208} INFO - Processing /home/krishnaformeera/Sumitomo/datapipeline/venv/lib/python3.11/site-packages/airflow/example_dags/example_latest_only.py took 0.087 seconds
[2025-08-31T18:47:39.848+0000] {processor.py:186} INFO - Started process (PID=7809) to work on /home/krishnaformeera/Sumitomo/datapipeline/venv/lib/python3.11/site-packages/airflow/example_dags/example_latest_only.py
[2025-08-31T18:47:39.849+0000] {processor.py:914} INFO - Processing file /home/krishnaformeera/Sumitomo/datapipeline/venv/lib/python3.11/site-packages/airflow/example_dags/example_latest_only.py for tasks to queue
[2025-08-31T18:47:39.853+0000] {logging_mixin.py:190} INFO - [2025-08-31T18:47:39.852+0000] {dagbag.py:588} INFO - Filling up the DagBag from /home/krishnaformeera/Sumitomo/datapipeline/venv/lib/python3.11/site-packages/airflow/example_dags/example_latest_only.py
[2025-08-31T18:47:39.863+0000] {processor.py:925} INFO - DAG(s) 'latest_only' retrieved from /home/krishnaformeera/Sumitomo/datapipeline/venv/lib/python3.11/site-packages/airflow/example_dags/example_latest_only.py
[2025-08-31T18:47:39.884+0000] {logging_mixin.py:190} INFO - [2025-08-31T18:47:39.883+0000] {dag.py:3239} INFO - Sync 1 DAGs
[2025-08-31T18:47:39.908+0000] {logging_mixin.py:190} INFO - [2025-08-31T18:47:39.908+0000] {dag.py:4180} INFO - Setting next_dagrun for latest_only to 2025-08-31 12:00:00+00:00, run_after=2025-08-31 16:00:00+00:00
[2025-08-31T18:47:39.934+0000] {processor.py:208} INFO - Processing /home/krishnaformeera/Sumitomo/datapipeline/venv/lib/python3.11/site-packages/airflow/example_dags/example_latest_only.py took 0.093 seconds
[2025-08-31T18:48:29.387+0000] {processor.py:186} INFO - Started process (PID=7862) to work on /home/krishnaformeera/Sumitomo/datapipeline/venv/lib/python3.11/site-packages/airflow/example_dags/example_latest_only.py
[2025-08-31T18:48:29.388+0000] {processor.py:914} INFO - Processing file /home/krishnaformeera/Sumitomo/datapipeline/venv/lib/python3.11/site-packages/airflow/example_dags/example_latest_only.py for tasks to queue
[2025-08-31T18:48:29.390+0000] {logging_mixin.py:190} INFO - [2025-08-31T18:48:29.390+0000] {dagbag.py:588} INFO - Filling up the DagBag from /home/krishnaformeera/Sumitomo/datapipeline/venv/lib/python3.11/site-packages/airflow/example_dags/example_latest_only.py
[2025-08-31T18:48:29.398+0000] {processor.py:925} INFO - DAG(s) 'latest_only' retrieved from /home/krishnaformeera/Sumitomo/datapipeline/venv/lib/python3.11/site-packages/airflow/example_dags/example_latest_only.py
[2025-08-31T18:48:29.413+0000] {logging_mixin.py:190} INFO - [2025-08-31T18:48:29.413+0000] {dag.py:3239} INFO - Sync 1 DAGs
[2025-08-31T18:48:29.432+0000] {logging_mixin.py:190} INFO - [2025-08-31T18:48:29.431+0000] {dag.py:4180} INFO - Setting next_dagrun for latest_only to 2025-08-31 12:00:00+00:00, run_after=2025-08-31 16:00:00+00:00
[2025-08-31T18:48:29.455+0000] {processor.py:208} INFO - Processing /home/krishnaformeera/Sumitomo/datapipeline/venv/lib/python3.11/site-packages/airflow/example_dags/example_latest_only.py took 0.076 seconds
[2025-08-31T18:49:20.152+0000] {processor.py:186} INFO - Started process (PID=7920) to work on /home/krishnaformeera/Sumitomo/datapipeline/venv/lib/python3.11/site-packages/airflow/example_dags/example_latest_only.py
[2025-08-31T18:49:20.153+0000] {processor.py:914} INFO - Processing file /home/krishnaformeera/Sumitomo/datapipeline/venv/lib/python3.11/site-packages/airflow/example_dags/example_latest_only.py for tasks to queue
[2025-08-31T18:49:20.155+0000] {logging_mixin.py:190} INFO - [2025-08-31T18:49:20.155+0000] {dagbag.py:588} INFO - Filling up the DagBag from /home/krishnaformeera/Sumitomo/datapipeline/venv/lib/python3.11/site-packages/airflow/example_dags/example_latest_only.py
[2025-08-31T18:49:20.162+0000] {processor.py:925} INFO - DAG(s) 'latest_only' retrieved from /home/krishnaformeera/Sumitomo/datapipeline/venv/lib/python3.11/site-packages/airflow/example_dags/example_latest_only.py
[2025-08-31T18:49:20.177+0000] {logging_mixin.py:190} INFO - [2025-08-31T18:49:20.177+0000] {dag.py:3239} INFO - Sync 1 DAGs
[2025-08-31T18:49:20.194+0000] {logging_mixin.py:190} INFO - [2025-08-31T18:49:20.194+0000] {dag.py:4180} INFO - Setting next_dagrun for latest_only to 2025-08-31 12:00:00+00:00, run_after=2025-08-31 16:00:00+00:00
[2025-08-31T18:49:20.218+0000] {processor.py:208} INFO - Processing /home/krishnaformeera/Sumitomo/datapipeline/venv/lib/python3.11/site-packages/airflow/example_dags/example_latest_only.py took 0.072 seconds
[2025-08-31T18:50:12.456+0000] {processor.py:186} INFO - Started process (PID=8028) to work on /home/krishnaformeera/Sumitomo/datapipeline/venv/lib/python3.11/site-packages/airflow/example_dags/example_latest_only.py
[2025-08-31T18:50:12.457+0000] {processor.py:914} INFO - Processing file /home/krishnaformeera/Sumitomo/datapipeline/venv/lib/python3.11/site-packages/airflow/example_dags/example_latest_only.py for tasks to queue
[2025-08-31T18:50:12.459+0000] {logging_mixin.py:190} INFO - [2025-08-31T18:50:12.459+0000] {dagbag.py:588} INFO - Filling up the DagBag from /home/krishnaformeera/Sumitomo/datapipeline/venv/lib/python3.11/site-packages/airflow/example_dags/example_latest_only.py
[2025-08-31T18:50:12.468+0000] {processor.py:925} INFO - DAG(s) 'latest_only' retrieved from /home/krishnaformeera/Sumitomo/datapipeline/venv/lib/python3.11/site-packages/airflow/example_dags/example_latest_only.py
[2025-08-31T18:50:12.486+0000] {logging_mixin.py:190} INFO - [2025-08-31T18:50:12.486+0000] {dag.py:3239} INFO - Sync 1 DAGs
[2025-08-31T18:50:12.506+0000] {logging_mixin.py:190} INFO - [2025-08-31T18:50:12.506+0000] {dag.py:4180} INFO - Setting next_dagrun for latest_only to 2025-08-31 12:00:00+00:00, run_after=2025-08-31 16:00:00+00:00
[2025-08-31T18:50:12.529+0000] {processor.py:208} INFO - Processing /home/krishnaformeera/Sumitomo/datapipeline/venv/lib/python3.11/site-packages/airflow/example_dags/example_latest_only.py took 0.081 seconds
[2025-08-31T18:51:05.329+0000] {processor.py:186} INFO - Started process (PID=8103) to work on /home/krishnaformeera/Sumitomo/datapipeline/venv/lib/python3.11/site-packages/airflow/example_dags/example_latest_only.py
[2025-08-31T18:51:05.330+0000] {processor.py:914} INFO - Processing file /home/krishnaformeera/Sumitomo/datapipeline/venv/lib/python3.11/site-packages/airflow/example_dags/example_latest_only.py for tasks to queue
[2025-08-31T18:51:05.333+0000] {logging_mixin.py:190} INFO - [2025-08-31T18:51:05.332+0000] {dagbag.py:588} INFO - Filling up the DagBag from /home/krishnaformeera/Sumitomo/datapipeline/venv/lib/python3.11/site-packages/airflow/example_dags/example_latest_only.py
[2025-08-31T18:51:05.341+0000] {processor.py:925} INFO - DAG(s) 'latest_only' retrieved from /home/krishnaformeera/Sumitomo/datapipeline/venv/lib/python3.11/site-packages/airflow/example_dags/example_latest_only.py
[2025-08-31T18:51:05.360+0000] {logging_mixin.py:190} INFO - [2025-08-31T18:51:05.360+0000] {dag.py:3239} INFO - Sync 1 DAGs
[2025-08-31T18:51:05.384+0000] {logging_mixin.py:190} INFO - [2025-08-31T18:51:05.384+0000] {dag.py:4180} INFO - Setting next_dagrun for latest_only to 2025-08-31 12:00:00+00:00, run_after=2025-08-31 16:00:00+00:00
[2025-08-31T18:51:05.409+0000] {processor.py:208} INFO - Processing /home/krishnaformeera/Sumitomo/datapipeline/venv/lib/python3.11/site-packages/airflow/example_dags/example_latest_only.py took 0.089 seconds
[2025-08-31T18:51:54.063+0000] {processor.py:186} INFO - Started process (PID=8184) to work on /home/krishnaformeera/Sumitomo/datapipeline/venv/lib/python3.11/site-packages/airflow/example_dags/example_latest_only.py
[2025-08-31T18:51:54.064+0000] {processor.py:914} INFO - Processing file /home/krishnaformeera/Sumitomo/datapipeline/venv/lib/python3.11/site-packages/airflow/example_dags/example_latest_only.py for tasks to queue
[2025-08-31T18:51:54.066+0000] {logging_mixin.py:190} INFO - [2025-08-31T18:51:54.066+0000] {dagbag.py:588} INFO - Filling up the DagBag from /home/krishnaformeera/Sumitomo/datapipeline/venv/lib/python3.11/site-packages/airflow/example_dags/example_latest_only.py
[2025-08-31T18:51:54.073+0000] {processor.py:925} INFO - DAG(s) 'latest_only' retrieved from /home/krishnaformeera/Sumitomo/datapipeline/venv/lib/python3.11/site-packages/airflow/example_dags/example_latest_only.py
[2025-08-31T18:51:54.089+0000] {logging_mixin.py:190} INFO - [2025-08-31T18:51:54.088+0000] {dag.py:3239} INFO - Sync 1 DAGs
[2025-08-31T18:51:54.107+0000] {logging_mixin.py:190} INFO - [2025-08-31T18:51:54.107+0000] {dag.py:4180} INFO - Setting next_dagrun for latest_only to 2025-08-31 12:00:00+00:00, run_after=2025-08-31 16:00:00+00:00
[2025-08-31T18:51:54.127+0000] {processor.py:208} INFO - Processing /home/krishnaformeera/Sumitomo/datapipeline/venv/lib/python3.11/site-packages/airflow/example_dags/example_latest_only.py took 0.072 seconds
[2025-08-31T18:52:44.935+0000] {processor.py:186} INFO - Started process (PID=8255) to work on /home/krishnaformeera/Sumitomo/datapipeline/venv/lib/python3.11/site-packages/airflow/example_dags/example_latest_only.py
[2025-08-31T18:52:44.936+0000] {processor.py:914} INFO - Processing file /home/krishnaformeera/Sumitomo/datapipeline/venv/lib/python3.11/site-packages/airflow/example_dags/example_latest_only.py for tasks to queue
[2025-08-31T18:52:44.938+0000] {logging_mixin.py:190} INFO - [2025-08-31T18:52:44.937+0000] {dagbag.py:588} INFO - Filling up the DagBag from /home/krishnaformeera/Sumitomo/datapipeline/venv/lib/python3.11/site-packages/airflow/example_dags/example_latest_only.py
[2025-08-31T18:52:44.945+0000] {processor.py:925} INFO - DAG(s) 'latest_only' retrieved from /home/krishnaformeera/Sumitomo/datapipeline/venv/lib/python3.11/site-packages/airflow/example_dags/example_latest_only.py
[2025-08-31T18:52:44.959+0000] {logging_mixin.py:190} INFO - [2025-08-31T18:52:44.959+0000] {dag.py:3239} INFO - Sync 1 DAGs
[2025-08-31T18:52:44.977+0000] {logging_mixin.py:190} INFO - [2025-08-31T18:52:44.976+0000] {dag.py:4180} INFO - Setting next_dagrun for latest_only to 2025-08-31 12:00:00+00:00, run_after=2025-08-31 16:00:00+00:00
[2025-08-31T18:52:44.998+0000] {processor.py:208} INFO - Processing /home/krishnaformeera/Sumitomo/datapipeline/venv/lib/python3.11/site-packages/airflow/example_dags/example_latest_only.py took 0.069 seconds
[2025-08-31T18:53:34.180+0000] {processor.py:186} INFO - Started process (PID=8379) to work on /home/krishnaformeera/Sumitomo/datapipeline/venv/lib/python3.11/site-packages/airflow/example_dags/example_latest_only.py
[2025-08-31T18:53:34.181+0000] {processor.py:914} INFO - Processing file /home/krishnaformeera/Sumitomo/datapipeline/venv/lib/python3.11/site-packages/airflow/example_dags/example_latest_only.py for tasks to queue
[2025-08-31T18:53:34.185+0000] {logging_mixin.py:190} INFO - [2025-08-31T18:53:34.185+0000] {dagbag.py:588} INFO - Filling up the DagBag from /home/krishnaformeera/Sumitomo/datapipeline/venv/lib/python3.11/site-packages/airflow/example_dags/example_latest_only.py
[2025-08-31T18:53:34.194+0000] {processor.py:925} INFO - DAG(s) 'latest_only' retrieved from /home/krishnaformeera/Sumitomo/datapipeline/venv/lib/python3.11/site-packages/airflow/example_dags/example_latest_only.py
[2025-08-31T18:53:34.212+0000] {logging_mixin.py:190} INFO - [2025-08-31T18:53:34.212+0000] {dag.py:3239} INFO - Sync 1 DAGs
[2025-08-31T18:53:34.236+0000] {logging_mixin.py:190} INFO - [2025-08-31T18:53:34.235+0000] {dag.py:4180} INFO - Setting next_dagrun for latest_only to 2025-08-31 12:00:00+00:00, run_after=2025-08-31 16:00:00+00:00
[2025-08-31T18:53:34.262+0000] {processor.py:208} INFO - Processing /home/krishnaformeera/Sumitomo/datapipeline/venv/lib/python3.11/site-packages/airflow/example_dags/example_latest_only.py took 0.088 seconds
[2025-08-31T18:54:24.427+0000] {processor.py:186} INFO - Started process (PID=8501) to work on /home/krishnaformeera/Sumitomo/datapipeline/venv/lib/python3.11/site-packages/airflow/example_dags/example_latest_only.py
[2025-08-31T18:54:24.428+0000] {processor.py:914} INFO - Processing file /home/krishnaformeera/Sumitomo/datapipeline/venv/lib/python3.11/site-packages/airflow/example_dags/example_latest_only.py for tasks to queue
[2025-08-31T18:54:24.430+0000] {logging_mixin.py:190} INFO - [2025-08-31T18:54:24.430+0000] {dagbag.py:588} INFO - Filling up the DagBag from /home/krishnaformeera/Sumitomo/datapipeline/venv/lib/python3.11/site-packages/airflow/example_dags/example_latest_only.py
[2025-08-31T18:54:24.438+0000] {processor.py:925} INFO - DAG(s) 'latest_only' retrieved from /home/krishnaformeera/Sumitomo/datapipeline/venv/lib/python3.11/site-packages/airflow/example_dags/example_latest_only.py
[2025-08-31T18:54:24.457+0000] {logging_mixin.py:190} INFO - [2025-08-31T18:54:24.456+0000] {dag.py:3239} INFO - Sync 1 DAGs
[2025-08-31T18:54:24.480+0000] {logging_mixin.py:190} INFO - [2025-08-31T18:54:24.479+0000] {dag.py:4180} INFO - Setting next_dagrun for latest_only to 2025-08-31 12:00:00+00:00, run_after=2025-08-31 16:00:00+00:00
[2025-08-31T18:54:24.505+0000] {processor.py:208} INFO - Processing /home/krishnaformeera/Sumitomo/datapipeline/venv/lib/python3.11/site-packages/airflow/example_dags/example_latest_only.py took 0.086 seconds
[2025-08-31T18:55:15.866+0000] {processor.py:186} INFO - Started process (PID=8580) to work on /home/krishnaformeera/Sumitomo/datapipeline/venv/lib/python3.11/site-packages/airflow/example_dags/example_latest_only.py
[2025-08-31T18:55:15.872+0000] {processor.py:914} INFO - Processing file /home/krishnaformeera/Sumitomo/datapipeline/venv/lib/python3.11/site-packages/airflow/example_dags/example_latest_only.py for tasks to queue
[2025-08-31T18:55:15.880+0000] {logging_mixin.py:190} INFO - [2025-08-31T18:55:15.880+0000] {dagbag.py:588} INFO - Filling up the DagBag from /home/krishnaformeera/Sumitomo/datapipeline/venv/lib/python3.11/site-packages/airflow/example_dags/example_latest_only.py
[2025-08-31T18:55:15.896+0000] {processor.py:925} INFO - DAG(s) 'latest_only' retrieved from /home/krishnaformeera/Sumitomo/datapipeline/venv/lib/python3.11/site-packages/airflow/example_dags/example_latest_only.py
[2025-08-31T18:55:15.920+0000] {logging_mixin.py:190} INFO - [2025-08-31T18:55:15.919+0000] {dag.py:3239} INFO - Sync 1 DAGs
[2025-08-31T18:55:15.946+0000] {logging_mixin.py:190} INFO - [2025-08-31T18:55:15.946+0000] {dag.py:4180} INFO - Setting next_dagrun for latest_only to 2025-08-31 12:00:00+00:00, run_after=2025-08-31 16:00:00+00:00
[2025-08-31T18:55:15.977+0000] {processor.py:208} INFO - Processing /home/krishnaformeera/Sumitomo/datapipeline/venv/lib/python3.11/site-packages/airflow/example_dags/example_latest_only.py took 0.136 seconds
[2025-08-31T18:56:07.954+0000] {processor.py:186} INFO - Started process (PID=8632) to work on /home/krishnaformeera/Sumitomo/datapipeline/venv/lib/python3.11/site-packages/airflow/example_dags/example_latest_only.py
[2025-08-31T18:56:07.955+0000] {processor.py:914} INFO - Processing file /home/krishnaformeera/Sumitomo/datapipeline/venv/lib/python3.11/site-packages/airflow/example_dags/example_latest_only.py for tasks to queue
[2025-08-31T18:56:07.958+0000] {logging_mixin.py:190} INFO - [2025-08-31T18:56:07.957+0000] {dagbag.py:588} INFO - Filling up the DagBag from /home/krishnaformeera/Sumitomo/datapipeline/venv/lib/python3.11/site-packages/airflow/example_dags/example_latest_only.py
[2025-08-31T18:56:07.965+0000] {processor.py:925} INFO - DAG(s) 'latest_only' retrieved from /home/krishnaformeera/Sumitomo/datapipeline/venv/lib/python3.11/site-packages/airflow/example_dags/example_latest_only.py
[2025-08-31T18:56:07.984+0000] {logging_mixin.py:190} INFO - [2025-08-31T18:56:07.983+0000] {dag.py:3239} INFO - Sync 1 DAGs
[2025-08-31T18:56:08.008+0000] {logging_mixin.py:190} INFO - [2025-08-31T18:56:08.008+0000] {dag.py:4180} INFO - Setting next_dagrun for latest_only to 2025-08-31 12:00:00+00:00, run_after=2025-08-31 16:00:00+00:00
[2025-08-31T18:56:08.030+0000] {processor.py:208} INFO - Processing /home/krishnaformeera/Sumitomo/datapipeline/venv/lib/python3.11/site-packages/airflow/example_dags/example_latest_only.py took 0.084 seconds
[2025-08-31T18:57:01.221+0000] {processor.py:186} INFO - Started process (PID=8700) to work on /home/krishnaformeera/Sumitomo/datapipeline/venv/lib/python3.11/site-packages/airflow/example_dags/example_latest_only.py
[2025-08-31T18:57:01.223+0000] {processor.py:914} INFO - Processing file /home/krishnaformeera/Sumitomo/datapipeline/venv/lib/python3.11/site-packages/airflow/example_dags/example_latest_only.py for tasks to queue
[2025-08-31T18:57:01.225+0000] {logging_mixin.py:190} INFO - [2025-08-31T18:57:01.225+0000] {dagbag.py:588} INFO - Filling up the DagBag from /home/krishnaformeera/Sumitomo/datapipeline/venv/lib/python3.11/site-packages/airflow/example_dags/example_latest_only.py
[2025-08-31T18:57:01.236+0000] {processor.py:925} INFO - DAG(s) 'latest_only' retrieved from /home/krishnaformeera/Sumitomo/datapipeline/venv/lib/python3.11/site-packages/airflow/example_dags/example_latest_only.py
[2025-08-31T18:57:01.257+0000] {logging_mixin.py:190} INFO - [2025-08-31T18:57:01.257+0000] {dag.py:3239} INFO - Sync 1 DAGs
[2025-08-31T18:57:01.281+0000] {logging_mixin.py:190} INFO - [2025-08-31T18:57:01.281+0000] {dag.py:4180} INFO - Setting next_dagrun for latest_only to 2025-08-31 12:00:00+00:00, run_after=2025-08-31 16:00:00+00:00
[2025-08-31T18:57:01.307+0000] {processor.py:208} INFO - Processing /home/krishnaformeera/Sumitomo/datapipeline/venv/lib/python3.11/site-packages/airflow/example_dags/example_latest_only.py took 0.095 seconds
[2025-08-31T18:57:53.815+0000] {processor.py:186} INFO - Started process (PID=8754) to work on /home/krishnaformeera/Sumitomo/datapipeline/venv/lib/python3.11/site-packages/airflow/example_dags/example_latest_only.py
[2025-08-31T18:57:53.817+0000] {processor.py:914} INFO - Processing file /home/krishnaformeera/Sumitomo/datapipeline/venv/lib/python3.11/site-packages/airflow/example_dags/example_latest_only.py for tasks to queue
[2025-08-31T18:57:53.820+0000] {logging_mixin.py:190} INFO - [2025-08-31T18:57:53.820+0000] {dagbag.py:588} INFO - Filling up the DagBag from /home/krishnaformeera/Sumitomo/datapipeline/venv/lib/python3.11/site-packages/airflow/example_dags/example_latest_only.py
[2025-08-31T18:57:53.829+0000] {processor.py:925} INFO - DAG(s) 'latest_only' retrieved from /home/krishnaformeera/Sumitomo/datapipeline/venv/lib/python3.11/site-packages/airflow/example_dags/example_latest_only.py
[2025-08-31T18:57:53.846+0000] {logging_mixin.py:190} INFO - [2025-08-31T18:57:53.846+0000] {dag.py:3239} INFO - Sync 1 DAGs
[2025-08-31T18:57:53.864+0000] {logging_mixin.py:190} INFO - [2025-08-31T18:57:53.864+0000] {dag.py:4180} INFO - Setting next_dagrun for latest_only to 2025-08-31 12:00:00+00:00, run_after=2025-08-31 16:00:00+00:00
[2025-08-31T18:57:53.886+0000] {processor.py:208} INFO - Processing /home/krishnaformeera/Sumitomo/datapipeline/venv/lib/python3.11/site-packages/airflow/example_dags/example_latest_only.py took 0.078 seconds
[2025-08-31T18:58:47.875+0000] {processor.py:186} INFO - Started process (PID=8807) to work on /home/krishnaformeera/Sumitomo/datapipeline/venv/lib/python3.11/site-packages/airflow/example_dags/example_latest_only.py
[2025-08-31T18:58:47.876+0000] {processor.py:914} INFO - Processing file /home/krishnaformeera/Sumitomo/datapipeline/venv/lib/python3.11/site-packages/airflow/example_dags/example_latest_only.py for tasks to queue
[2025-08-31T18:58:47.878+0000] {logging_mixin.py:190} INFO - [2025-08-31T18:58:47.878+0000] {dagbag.py:588} INFO - Filling up the DagBag from /home/krishnaformeera/Sumitomo/datapipeline/venv/lib/python3.11/site-packages/airflow/example_dags/example_latest_only.py
[2025-08-31T18:58:47.886+0000] {processor.py:925} INFO - DAG(s) 'latest_only' retrieved from /home/krishnaformeera/Sumitomo/datapipeline/venv/lib/python3.11/site-packages/airflow/example_dags/example_latest_only.py
[2025-08-31T18:58:47.902+0000] {logging_mixin.py:190} INFO - [2025-08-31T18:58:47.902+0000] {dag.py:3239} INFO - Sync 1 DAGs
[2025-08-31T18:58:47.921+0000] {logging_mixin.py:190} INFO - [2025-08-31T18:58:47.920+0000] {dag.py:4180} INFO - Setting next_dagrun for latest_only to 2025-08-31 12:00:00+00:00, run_after=2025-08-31 16:00:00+00:00
[2025-08-31T18:58:47.942+0000] {processor.py:208} INFO - Processing /home/krishnaformeera/Sumitomo/datapipeline/venv/lib/python3.11/site-packages/airflow/example_dags/example_latest_only.py took 0.074 seconds
