[2025-08-31T18:31:01.298+0000] {processor.py:186} INFO - Started process (PID=5228) to work on /home/krishnaformeera/Sumitomo/datapipeline/venv/lib/python3.11/site-packages/airflow/example_dags/example_python_operator.py
[2025-08-31T18:31:01.298+0000] {processor.py:914} INFO - Processing file /home/krishnaformeera/Sumitomo/datapipeline/venv/lib/python3.11/site-packages/airflow/example_dags/example_python_operator.py for tasks to queue
[2025-08-31T18:31:01.300+0000] {logging_mixin.py:190} INFO - [2025-08-31T18:31:01.300+0000] {dagbag.py:588} INFO - Filling up the DagBag from /home/krishnaformeera/Sumitomo/datapipeline/venv/lib/python3.11/site-packages/airflow/example_dags/example_python_operator.py
[2025-08-31T18:31:01.307+0000] {logging_mixin.py:190} INFO - [2025-08-31T18:31:01.307+0000] {example_python_operator.py:93} WARNING - The virtalenv_python example task requires virtualenv, please install it.
[2025-08-31T18:31:01.310+0000] {processor.py:925} INFO - DAG(s) 'example_python_operator' retrieved from /home/krishnaformeera/Sumitomo/datapipeline/venv/lib/python3.11/site-packages/airflow/example_dags/example_python_operator.py
[2025-08-31T18:31:01.406+0000] {logging_mixin.py:190} INFO - [2025-08-31T18:31:01.406+0000] {override.py:1900} INFO - Created Permission View: can edit on DAG:example_python_operator
[2025-08-31T18:31:01.420+0000] {logging_mixin.py:190} INFO - [2025-08-31T18:31:01.420+0000] {override.py:1900} INFO - Created Permission View: can read on DAG:example_python_operator
[2025-08-31T18:31:01.430+0000] {logging_mixin.py:190} INFO - [2025-08-31T18:31:01.429+0000] {override.py:1900} INFO - Created Permission View: can delete on DAG:example_python_operator
[2025-08-31T18:31:01.445+0000] {logging_mixin.py:190} INFO - [2025-08-31T18:31:01.445+0000] {override.py:1900} INFO - Created Permission View: menu access on DAG Run:example_python_operator
[2025-08-31T18:31:01.455+0000] {logging_mixin.py:190} INFO - [2025-08-31T18:31:01.455+0000] {override.py:1900} INFO - Created Permission View: can read on DAG Run:example_python_operator
[2025-08-31T18:31:01.464+0000] {logging_mixin.py:190} INFO - [2025-08-31T18:31:01.464+0000] {override.py:1900} INFO - Created Permission View: can create on DAG Run:example_python_operator
[2025-08-31T18:31:01.475+0000] {logging_mixin.py:190} INFO - [2025-08-31T18:31:01.474+0000] {override.py:1900} INFO - Created Permission View: can delete on DAG Run:example_python_operator
[2025-08-31T18:31:01.475+0000] {logging_mixin.py:190} INFO - [2025-08-31T18:31:01.475+0000] {dag.py:3239} INFO - Sync 1 DAGs
[2025-08-31T18:31:01.487+0000] {logging_mixin.py:190} INFO - [2025-08-31T18:31:01.486+0000] {dag.py:3262} INFO - Creating ORM DAG for example_python_operator
[2025-08-31T18:31:01.487+0000] {logging_mixin.py:190} INFO - [2025-08-31T18:31:01.487+0000] {dag.py:4180} INFO - Setting next_dagrun for example_python_operator to None, run_after=None
[2025-08-31T18:31:01.505+0000] {processor.py:208} INFO - Processing /home/krishnaformeera/Sumitomo/datapipeline/venv/lib/python3.11/site-packages/airflow/example_dags/example_python_operator.py took 0.214 seconds
[2025-08-31T18:32:05.771+0000] {processor.py:186} INFO - Started process (PID=5300) to work on /home/krishnaformeera/Sumitomo/datapipeline/venv/lib/python3.11/site-packages/airflow/example_dags/example_python_operator.py
[2025-08-31T18:32:05.772+0000] {processor.py:914} INFO - Processing file /home/krishnaformeera/Sumitomo/datapipeline/venv/lib/python3.11/site-packages/airflow/example_dags/example_python_operator.py for tasks to queue
[2025-08-31T18:32:05.774+0000] {logging_mixin.py:190} INFO - [2025-08-31T18:32:05.774+0000] {dagbag.py:588} INFO - Filling up the DagBag from /home/krishnaformeera/Sumitomo/datapipeline/venv/lib/python3.11/site-packages/airflow/example_dags/example_python_operator.py
[2025-08-31T18:32:05.782+0000] {logging_mixin.py:190} INFO - [2025-08-31T18:32:05.781+0000] {example_python_operator.py:93} WARNING - The virtalenv_python example task requires virtualenv, please install it.
[2025-08-31T18:32:05.785+0000] {processor.py:925} INFO - DAG(s) 'example_python_operator' retrieved from /home/krishnaformeera/Sumitomo/datapipeline/venv/lib/python3.11/site-packages/airflow/example_dags/example_python_operator.py
[2025-08-31T18:32:05.803+0000] {logging_mixin.py:190} INFO - [2025-08-31T18:32:05.803+0000] {dag.py:3239} INFO - Sync 1 DAGs
[2025-08-31T18:32:05.817+0000] {logging_mixin.py:190} INFO - [2025-08-31T18:32:05.816+0000] {dag.py:4180} INFO - Setting next_dagrun for example_python_operator to None, run_after=None
[2025-08-31T18:32:05.843+0000] {processor.py:208} INFO - Processing /home/krishnaformeera/Sumitomo/datapipeline/venv/lib/python3.11/site-packages/airflow/example_dags/example_python_operator.py took 0.079 seconds
[2025-08-31T18:32:59.869+0000] {processor.py:186} INFO - Started process (PID=5357) to work on /home/krishnaformeera/Sumitomo/datapipeline/venv/lib/python3.11/site-packages/airflow/example_dags/example_python_operator.py
[2025-08-31T18:32:59.870+0000] {processor.py:914} INFO - Processing file /home/krishnaformeera/Sumitomo/datapipeline/venv/lib/python3.11/site-packages/airflow/example_dags/example_python_operator.py for tasks to queue
[2025-08-31T18:32:59.872+0000] {logging_mixin.py:190} INFO - [2025-08-31T18:32:59.872+0000] {dagbag.py:588} INFO - Filling up the DagBag from /home/krishnaformeera/Sumitomo/datapipeline/venv/lib/python3.11/site-packages/airflow/example_dags/example_python_operator.py
[2025-08-31T18:32:59.879+0000] {logging_mixin.py:190} INFO - [2025-08-31T18:32:59.878+0000] {example_python_operator.py:93} WARNING - The virtalenv_python example task requires virtualenv, please install it.
[2025-08-31T18:32:59.881+0000] {processor.py:925} INFO - DAG(s) 'example_python_operator' retrieved from /home/krishnaformeera/Sumitomo/datapipeline/venv/lib/python3.11/site-packages/airflow/example_dags/example_python_operator.py
[2025-08-31T18:32:59.897+0000] {logging_mixin.py:190} INFO - [2025-08-31T18:32:59.897+0000] {dag.py:3239} INFO - Sync 1 DAGs
[2025-08-31T18:32:59.909+0000] {logging_mixin.py:190} INFO - [2025-08-31T18:32:59.909+0000] {dag.py:4180} INFO - Setting next_dagrun for example_python_operator to None, run_after=None
[2025-08-31T18:32:59.931+0000] {processor.py:208} INFO - Processing /home/krishnaformeera/Sumitomo/datapipeline/venv/lib/python3.11/site-packages/airflow/example_dags/example_python_operator.py took 0.070 seconds
[2025-08-31T18:34:00.220+0000] {processor.py:186} INFO - Started process (PID=5416) to work on /home/krishnaformeera/Sumitomo/datapipeline/venv/lib/python3.11/site-packages/airflow/example_dags/example_python_operator.py
[2025-08-31T18:34:00.221+0000] {processor.py:914} INFO - Processing file /home/krishnaformeera/Sumitomo/datapipeline/venv/lib/python3.11/site-packages/airflow/example_dags/example_python_operator.py for tasks to queue
[2025-08-31T18:34:00.224+0000] {logging_mixin.py:190} INFO - [2025-08-31T18:34:00.223+0000] {dagbag.py:588} INFO - Filling up the DagBag from /home/krishnaformeera/Sumitomo/datapipeline/venv/lib/python3.11/site-packages/airflow/example_dags/example_python_operator.py
[2025-08-31T18:34:00.231+0000] {logging_mixin.py:190} INFO - [2025-08-31T18:34:00.231+0000] {example_python_operator.py:93} WARNING - The virtalenv_python example task requires virtualenv, please install it.
[2025-08-31T18:34:00.235+0000] {processor.py:925} INFO - DAG(s) 'example_python_operator' retrieved from /home/krishnaformeera/Sumitomo/datapipeline/venv/lib/python3.11/site-packages/airflow/example_dags/example_python_operator.py
[2025-08-31T18:34:00.255+0000] {logging_mixin.py:190} INFO - [2025-08-31T18:34:00.255+0000] {dag.py:3239} INFO - Sync 1 DAGs
[2025-08-31T18:34:00.268+0000] {logging_mixin.py:190} INFO - [2025-08-31T18:34:00.268+0000] {dag.py:4180} INFO - Setting next_dagrun for example_python_operator to None, run_after=None
[2025-08-31T18:34:00.293+0000] {processor.py:208} INFO - Processing /home/krishnaformeera/Sumitomo/datapipeline/venv/lib/python3.11/site-packages/airflow/example_dags/example_python_operator.py took 0.080 seconds
[2025-08-31T18:34:54.688+0000] {processor.py:186} INFO - Started process (PID=5472) to work on /home/krishnaformeera/Sumitomo/datapipeline/venv/lib/python3.11/site-packages/airflow/example_dags/example_python_operator.py
[2025-08-31T18:34:54.689+0000] {processor.py:914} INFO - Processing file /home/krishnaformeera/Sumitomo/datapipeline/venv/lib/python3.11/site-packages/airflow/example_dags/example_python_operator.py for tasks to queue
[2025-08-31T18:34:54.692+0000] {logging_mixin.py:190} INFO - [2025-08-31T18:34:54.691+0000] {dagbag.py:588} INFO - Filling up the DagBag from /home/krishnaformeera/Sumitomo/datapipeline/venv/lib/python3.11/site-packages/airflow/example_dags/example_python_operator.py
[2025-08-31T18:34:54.700+0000] {logging_mixin.py:190} INFO - [2025-08-31T18:34:54.700+0000] {example_python_operator.py:93} WARNING - The virtalenv_python example task requires virtualenv, please install it.
[2025-08-31T18:34:54.703+0000] {processor.py:925} INFO - DAG(s) 'example_python_operator' retrieved from /home/krishnaformeera/Sumitomo/datapipeline/venv/lib/python3.11/site-packages/airflow/example_dags/example_python_operator.py
[2025-08-31T18:34:54.724+0000] {logging_mixin.py:190} INFO - [2025-08-31T18:34:54.723+0000] {dag.py:3239} INFO - Sync 1 DAGs
[2025-08-31T18:34:54.737+0000] {logging_mixin.py:190} INFO - [2025-08-31T18:34:54.737+0000] {dag.py:4180} INFO - Setting next_dagrun for example_python_operator to None, run_after=None
[2025-08-31T18:34:54.762+0000] {processor.py:208} INFO - Processing /home/krishnaformeera/Sumitomo/datapipeline/venv/lib/python3.11/site-packages/airflow/example_dags/example_python_operator.py took 0.082 seconds
[2025-08-31T18:35:44.347+0000] {processor.py:186} INFO - Started process (PID=5536) to work on /home/krishnaformeera/Sumitomo/datapipeline/venv/lib/python3.11/site-packages/airflow/example_dags/example_python_operator.py
[2025-08-31T18:35:44.348+0000] {processor.py:914} INFO - Processing file /home/krishnaformeera/Sumitomo/datapipeline/venv/lib/python3.11/site-packages/airflow/example_dags/example_python_operator.py for tasks to queue
[2025-08-31T18:35:44.350+0000] {logging_mixin.py:190} INFO - [2025-08-31T18:35:44.350+0000] {dagbag.py:588} INFO - Filling up the DagBag from /home/krishnaformeera/Sumitomo/datapipeline/venv/lib/python3.11/site-packages/airflow/example_dags/example_python_operator.py
[2025-08-31T18:35:44.357+0000] {logging_mixin.py:190} INFO - [2025-08-31T18:35:44.357+0000] {example_python_operator.py:93} WARNING - The virtalenv_python example task requires virtualenv, please install it.
[2025-08-31T18:35:44.359+0000] {processor.py:925} INFO - DAG(s) 'example_python_operator' retrieved from /home/krishnaformeera/Sumitomo/datapipeline/venv/lib/python3.11/site-packages/airflow/example_dags/example_python_operator.py
[2025-08-31T18:35:44.375+0000] {logging_mixin.py:190} INFO - [2025-08-31T18:35:44.375+0000] {dag.py:3239} INFO - Sync 1 DAGs
[2025-08-31T18:35:44.386+0000] {logging_mixin.py:190} INFO - [2025-08-31T18:35:44.386+0000] {dag.py:4180} INFO - Setting next_dagrun for example_python_operator to None, run_after=None
[2025-08-31T18:35:44.408+0000] {processor.py:208} INFO - Processing /home/krishnaformeera/Sumitomo/datapipeline/venv/lib/python3.11/site-packages/airflow/example_dags/example_python_operator.py took 0.069 seconds
[2025-08-31T18:36:35.977+0000] {processor.py:186} INFO - Started process (PID=5601) to work on /home/krishnaformeera/Sumitomo/datapipeline/venv/lib/python3.11/site-packages/airflow/example_dags/example_python_operator.py
[2025-08-31T18:36:35.978+0000] {processor.py:914} INFO - Processing file /home/krishnaformeera/Sumitomo/datapipeline/venv/lib/python3.11/site-packages/airflow/example_dags/example_python_operator.py for tasks to queue
[2025-08-31T18:36:35.980+0000] {logging_mixin.py:190} INFO - [2025-08-31T18:36:35.980+0000] {dagbag.py:588} INFO - Filling up the DagBag from /home/krishnaformeera/Sumitomo/datapipeline/venv/lib/python3.11/site-packages/airflow/example_dags/example_python_operator.py
[2025-08-31T18:36:35.987+0000] {logging_mixin.py:190} INFO - [2025-08-31T18:36:35.987+0000] {example_python_operator.py:93} WARNING - The virtalenv_python example task requires virtualenv, please install it.
[2025-08-31T18:36:35.990+0000] {processor.py:925} INFO - DAG(s) 'example_python_operator' retrieved from /home/krishnaformeera/Sumitomo/datapipeline/venv/lib/python3.11/site-packages/airflow/example_dags/example_python_operator.py
[2025-08-31T18:36:36.006+0000] {logging_mixin.py:190} INFO - [2025-08-31T18:36:36.006+0000] {dag.py:3239} INFO - Sync 1 DAGs
[2025-08-31T18:36:36.017+0000] {logging_mixin.py:190} INFO - [2025-08-31T18:36:36.017+0000] {dag.py:4180} INFO - Setting next_dagrun for example_python_operator to None, run_after=None
[2025-08-31T18:36:36.039+0000] {processor.py:208} INFO - Processing /home/krishnaformeera/Sumitomo/datapipeline/venv/lib/python3.11/site-packages/airflow/example_dags/example_python_operator.py took 0.068 seconds
[2025-08-31T18:37:26.626+0000] {processor.py:186} INFO - Started process (PID=5653) to work on /home/krishnaformeera/Sumitomo/datapipeline/venv/lib/python3.11/site-packages/airflow/example_dags/example_python_operator.py
[2025-08-31T18:37:26.628+0000] {processor.py:914} INFO - Processing file /home/krishnaformeera/Sumitomo/datapipeline/venv/lib/python3.11/site-packages/airflow/example_dags/example_python_operator.py for tasks to queue
[2025-08-31T18:37:26.631+0000] {logging_mixin.py:190} INFO - [2025-08-31T18:37:26.630+0000] {dagbag.py:588} INFO - Filling up the DagBag from /home/krishnaformeera/Sumitomo/datapipeline/venv/lib/python3.11/site-packages/airflow/example_dags/example_python_operator.py
[2025-08-31T18:37:26.638+0000] {logging_mixin.py:190} INFO - [2025-08-31T18:37:26.638+0000] {example_python_operator.py:93} WARNING - The virtalenv_python example task requires virtualenv, please install it.
[2025-08-31T18:37:26.641+0000] {processor.py:925} INFO - DAG(s) 'example_python_operator' retrieved from /home/krishnaformeera/Sumitomo/datapipeline/venv/lib/python3.11/site-packages/airflow/example_dags/example_python_operator.py
[2025-08-31T18:37:26.657+0000] {logging_mixin.py:190} INFO - [2025-08-31T18:37:26.657+0000] {dag.py:3239} INFO - Sync 1 DAGs
[2025-08-31T18:37:26.669+0000] {logging_mixin.py:190} INFO - [2025-08-31T18:37:26.669+0000] {dag.py:4180} INFO - Setting next_dagrun for example_python_operator to None, run_after=None
[2025-08-31T18:37:26.690+0000] {processor.py:208} INFO - Processing /home/krishnaformeera/Sumitomo/datapipeline/venv/lib/python3.11/site-packages/airflow/example_dags/example_python_operator.py took 0.070 seconds
[2025-08-31T18:40:15.070+0000] {processor.py:186} INFO - Started process (PID=6114) to work on /home/krishnaformeera/Sumitomo/datapipeline/venv/lib/python3.11/site-packages/airflow/example_dags/example_python_operator.py
[2025-08-31T18:40:15.072+0000] {processor.py:914} INFO - Processing file /home/krishnaformeera/Sumitomo/datapipeline/venv/lib/python3.11/site-packages/airflow/example_dags/example_python_operator.py for tasks to queue
[2025-08-31T18:40:15.077+0000] {logging_mixin.py:190} INFO - [2025-08-31T18:40:15.076+0000] {dagbag.py:588} INFO - Filling up the DagBag from /home/krishnaformeera/Sumitomo/datapipeline/venv/lib/python3.11/site-packages/airflow/example_dags/example_python_operator.py
[2025-08-31T18:40:15.092+0000] {logging_mixin.py:190} INFO - [2025-08-31T18:40:15.092+0000] {example_python_operator.py:93} WARNING - The virtalenv_python example task requires virtualenv, please install it.
[2025-08-31T18:40:15.099+0000] {processor.py:925} INFO - DAG(s) 'example_python_operator' retrieved from /home/krishnaformeera/Sumitomo/datapipeline/venv/lib/python3.11/site-packages/airflow/example_dags/example_python_operator.py
[2025-08-31T18:40:15.129+0000] {logging_mixin.py:190} INFO - [2025-08-31T18:40:15.128+0000] {dag.py:3239} INFO - Sync 1 DAGs
[2025-08-31T18:40:15.147+0000] {logging_mixin.py:190} INFO - [2025-08-31T18:40:15.146+0000] {dag.py:4180} INFO - Setting next_dagrun for example_python_operator to None, run_after=None
[2025-08-31T18:40:15.191+0000] {processor.py:208} INFO - Processing /home/krishnaformeera/Sumitomo/datapipeline/venv/lib/python3.11/site-packages/airflow/example_dags/example_python_operator.py took 0.135 seconds
[2025-08-31T18:41:10.707+0000] {processor.py:186} INFO - Started process (PID=6347) to work on /home/krishnaformeera/Sumitomo/datapipeline/venv/lib/python3.11/site-packages/airflow/example_dags/example_python_operator.py
[2025-08-31T18:41:10.708+0000] {processor.py:914} INFO - Processing file /home/krishnaformeera/Sumitomo/datapipeline/venv/lib/python3.11/site-packages/airflow/example_dags/example_python_operator.py for tasks to queue
[2025-08-31T18:41:10.711+0000] {logging_mixin.py:190} INFO - [2025-08-31T18:41:10.711+0000] {dagbag.py:588} INFO - Filling up the DagBag from /home/krishnaformeera/Sumitomo/datapipeline/venv/lib/python3.11/site-packages/airflow/example_dags/example_python_operator.py
[2025-08-31T18:41:10.718+0000] {logging_mixin.py:190} INFO - [2025-08-31T18:41:10.717+0000] {example_python_operator.py:93} WARNING - The virtalenv_python example task requires virtualenv, please install it.
[2025-08-31T18:41:10.720+0000] {processor.py:925} INFO - DAG(s) 'example_python_operator' retrieved from /home/krishnaformeera/Sumitomo/datapipeline/venv/lib/python3.11/site-packages/airflow/example_dags/example_python_operator.py
[2025-08-31T18:41:10.736+0000] {logging_mixin.py:190} INFO - [2025-08-31T18:41:10.736+0000] {dag.py:3239} INFO - Sync 1 DAGs
[2025-08-31T18:41:10.748+0000] {logging_mixin.py:190} INFO - [2025-08-31T18:41:10.748+0000] {dag.py:4180} INFO - Setting next_dagrun for example_python_operator to None, run_after=None
[2025-08-31T18:41:10.770+0000] {processor.py:208} INFO - Processing /home/krishnaformeera/Sumitomo/datapipeline/venv/lib/python3.11/site-packages/airflow/example_dags/example_python_operator.py took 0.068 seconds
[2025-08-31T18:42:05.290+0000] {processor.py:186} INFO - Started process (PID=6539) to work on /home/krishnaformeera/Sumitomo/datapipeline/venv/lib/python3.11/site-packages/airflow/example_dags/example_python_operator.py
[2025-08-31T18:42:05.291+0000] {processor.py:914} INFO - Processing file /home/krishnaformeera/Sumitomo/datapipeline/venv/lib/python3.11/site-packages/airflow/example_dags/example_python_operator.py for tasks to queue
[2025-08-31T18:42:05.294+0000] {logging_mixin.py:190} INFO - [2025-08-31T18:42:05.293+0000] {dagbag.py:588} INFO - Filling up the DagBag from /home/krishnaformeera/Sumitomo/datapipeline/venv/lib/python3.11/site-packages/airflow/example_dags/example_python_operator.py
[2025-08-31T18:42:05.302+0000] {logging_mixin.py:190} INFO - [2025-08-31T18:42:05.301+0000] {example_python_operator.py:93} WARNING - The virtalenv_python example task requires virtualenv, please install it.
[2025-08-31T18:42:05.305+0000] {processor.py:925} INFO - DAG(s) 'example_python_operator' retrieved from /home/krishnaformeera/Sumitomo/datapipeline/venv/lib/python3.11/site-packages/airflow/example_dags/example_python_operator.py
[2025-08-31T18:42:05.326+0000] {logging_mixin.py:190} INFO - [2025-08-31T18:42:05.325+0000] {dag.py:3239} INFO - Sync 1 DAGs
[2025-08-31T18:42:05.339+0000] {logging_mixin.py:190} INFO - [2025-08-31T18:42:05.339+0000] {dag.py:4180} INFO - Setting next_dagrun for example_python_operator to None, run_after=None
[2025-08-31T18:42:05.361+0000] {processor.py:208} INFO - Processing /home/krishnaformeera/Sumitomo/datapipeline/venv/lib/python3.11/site-packages/airflow/example_dags/example_python_operator.py took 0.078 seconds
[2025-08-31T18:43:07.836+0000] {processor.py:186} INFO - Started process (PID=6762) to work on /home/krishnaformeera/Sumitomo/datapipeline/venv/lib/python3.11/site-packages/airflow/example_dags/example_python_operator.py
[2025-08-31T18:43:07.837+0000] {processor.py:914} INFO - Processing file /home/krishnaformeera/Sumitomo/datapipeline/venv/lib/python3.11/site-packages/airflow/example_dags/example_python_operator.py for tasks to queue
[2025-08-31T18:43:07.840+0000] {logging_mixin.py:190} INFO - [2025-08-31T18:43:07.839+0000] {dagbag.py:588} INFO - Filling up the DagBag from /home/krishnaformeera/Sumitomo/datapipeline/venv/lib/python3.11/site-packages/airflow/example_dags/example_python_operator.py
[2025-08-31T18:43:07.846+0000] {logging_mixin.py:190} INFO - [2025-08-31T18:43:07.846+0000] {example_python_operator.py:93} WARNING - The virtalenv_python example task requires virtualenv, please install it.
[2025-08-31T18:43:07.849+0000] {processor.py:925} INFO - DAG(s) 'example_python_operator' retrieved from /home/krishnaformeera/Sumitomo/datapipeline/venv/lib/python3.11/site-packages/airflow/example_dags/example_python_operator.py
[2025-08-31T18:43:07.866+0000] {logging_mixin.py:190} INFO - [2025-08-31T18:43:07.865+0000] {dag.py:3239} INFO - Sync 1 DAGs
[2025-08-31T18:43:07.877+0000] {logging_mixin.py:190} INFO - [2025-08-31T18:43:07.877+0000] {dag.py:4180} INFO - Setting next_dagrun for example_python_operator to None, run_after=None
[2025-08-31T18:43:07.898+0000] {processor.py:208} INFO - Processing /home/krishnaformeera/Sumitomo/datapipeline/venv/lib/python3.11/site-packages/airflow/example_dags/example_python_operator.py took 0.067 seconds
[2025-08-31T18:44:03.158+0000] {processor.py:186} INFO - Started process (PID=7009) to work on /home/krishnaformeera/Sumitomo/datapipeline/venv/lib/python3.11/site-packages/airflow/example_dags/example_python_operator.py
[2025-08-31T18:44:03.159+0000] {processor.py:914} INFO - Processing file /home/krishnaformeera/Sumitomo/datapipeline/venv/lib/python3.11/site-packages/airflow/example_dags/example_python_operator.py for tasks to queue
[2025-08-31T18:44:03.161+0000] {logging_mixin.py:190} INFO - [2025-08-31T18:44:03.161+0000] {dagbag.py:588} INFO - Filling up the DagBag from /home/krishnaformeera/Sumitomo/datapipeline/venv/lib/python3.11/site-packages/airflow/example_dags/example_python_operator.py
[2025-08-31T18:44:03.169+0000] {logging_mixin.py:190} INFO - [2025-08-31T18:44:03.169+0000] {example_python_operator.py:93} WARNING - The virtalenv_python example task requires virtualenv, please install it.
[2025-08-31T18:44:03.172+0000] {processor.py:925} INFO - DAG(s) 'example_python_operator' retrieved from /home/krishnaformeera/Sumitomo/datapipeline/venv/lib/python3.11/site-packages/airflow/example_dags/example_python_operator.py
[2025-08-31T18:44:03.189+0000] {logging_mixin.py:190} INFO - [2025-08-31T18:44:03.189+0000] {dag.py:3239} INFO - Sync 1 DAGs
[2025-08-31T18:44:03.201+0000] {logging_mixin.py:190} INFO - [2025-08-31T18:44:03.201+0000] {dag.py:4180} INFO - Setting next_dagrun for example_python_operator to None, run_after=None
[2025-08-31T18:44:03.221+0000] {processor.py:208} INFO - Processing /home/krishnaformeera/Sumitomo/datapipeline/venv/lib/python3.11/site-packages/airflow/example_dags/example_python_operator.py took 0.070 seconds
[2025-08-31T18:44:51.577+0000] {processor.py:186} INFO - Started process (PID=7197) to work on /home/krishnaformeera/Sumitomo/datapipeline/venv/lib/python3.11/site-packages/airflow/example_dags/example_python_operator.py
[2025-08-31T18:44:51.579+0000] {processor.py:914} INFO - Processing file /home/krishnaformeera/Sumitomo/datapipeline/venv/lib/python3.11/site-packages/airflow/example_dags/example_python_operator.py for tasks to queue
[2025-08-31T18:44:51.582+0000] {logging_mixin.py:190} INFO - [2025-08-31T18:44:51.581+0000] {dagbag.py:588} INFO - Filling up the DagBag from /home/krishnaformeera/Sumitomo/datapipeline/venv/lib/python3.11/site-packages/airflow/example_dags/example_python_operator.py
[2025-08-31T18:44:51.590+0000] {logging_mixin.py:190} INFO - [2025-08-31T18:44:51.590+0000] {example_python_operator.py:93} WARNING - The virtalenv_python example task requires virtualenv, please install it.
[2025-08-31T18:44:51.594+0000] {processor.py:925} INFO - DAG(s) 'example_python_operator' retrieved from /home/krishnaformeera/Sumitomo/datapipeline/venv/lib/python3.11/site-packages/airflow/example_dags/example_python_operator.py
[2025-08-31T18:44:51.613+0000] {logging_mixin.py:190} INFO - [2025-08-31T18:44:51.613+0000] {dag.py:3239} INFO - Sync 1 DAGs
[2025-08-31T18:44:51.627+0000] {logging_mixin.py:190} INFO - [2025-08-31T18:44:51.626+0000] {dag.py:4180} INFO - Setting next_dagrun for example_python_operator to None, run_after=None
[2025-08-31T18:44:51.658+0000] {processor.py:208} INFO - Processing /home/krishnaformeera/Sumitomo/datapipeline/venv/lib/python3.11/site-packages/airflow/example_dags/example_python_operator.py took 0.088 seconds
[2025-08-31T18:45:44.303+0000] {processor.py:186} INFO - Started process (PID=7479) to work on /home/krishnaformeera/Sumitomo/datapipeline/venv/lib/python3.11/site-packages/airflow/example_dags/example_python_operator.py
[2025-08-31T18:45:44.306+0000] {processor.py:914} INFO - Processing file /home/krishnaformeera/Sumitomo/datapipeline/venv/lib/python3.11/site-packages/airflow/example_dags/example_python_operator.py for tasks to queue
[2025-08-31T18:45:44.309+0000] {logging_mixin.py:190} INFO - [2025-08-31T18:45:44.308+0000] {dagbag.py:588} INFO - Filling up the DagBag from /home/krishnaformeera/Sumitomo/datapipeline/venv/lib/python3.11/site-packages/airflow/example_dags/example_python_operator.py
[2025-08-31T18:45:44.317+0000] {logging_mixin.py:190} INFO - [2025-08-31T18:45:44.316+0000] {example_python_operator.py:93} WARNING - The virtalenv_python example task requires virtualenv, please install it.
[2025-08-31T18:45:44.320+0000] {processor.py:925} INFO - DAG(s) 'example_python_operator' retrieved from /home/krishnaformeera/Sumitomo/datapipeline/venv/lib/python3.11/site-packages/airflow/example_dags/example_python_operator.py
[2025-08-31T18:45:44.338+0000] {logging_mixin.py:190} INFO - [2025-08-31T18:45:44.337+0000] {dag.py:3239} INFO - Sync 1 DAGs
[2025-08-31T18:45:44.350+0000] {logging_mixin.py:190} INFO - [2025-08-31T18:45:44.349+0000] {dag.py:4180} INFO - Setting next_dagrun for example_python_operator to None, run_after=None
[2025-08-31T18:45:44.371+0000] {processor.py:208} INFO - Processing /home/krishnaformeera/Sumitomo/datapipeline/venv/lib/python3.11/site-packages/airflow/example_dags/example_python_operator.py took 0.074 seconds
[2025-08-31T18:46:35.893+0000] {processor.py:186} INFO - Started process (PID=7669) to work on /home/krishnaformeera/Sumitomo/datapipeline/venv/lib/python3.11/site-packages/airflow/example_dags/example_python_operator.py
[2025-08-31T18:46:35.894+0000] {processor.py:914} INFO - Processing file /home/krishnaformeera/Sumitomo/datapipeline/venv/lib/python3.11/site-packages/airflow/example_dags/example_python_operator.py for tasks to queue
[2025-08-31T18:46:35.897+0000] {logging_mixin.py:190} INFO - [2025-08-31T18:46:35.897+0000] {dagbag.py:588} INFO - Filling up the DagBag from /home/krishnaformeera/Sumitomo/datapipeline/venv/lib/python3.11/site-packages/airflow/example_dags/example_python_operator.py
[2025-08-31T18:46:35.907+0000] {logging_mixin.py:190} INFO - [2025-08-31T18:46:35.907+0000] {example_python_operator.py:93} WARNING - The virtalenv_python example task requires virtualenv, please install it.
[2025-08-31T18:46:35.910+0000] {processor.py:925} INFO - DAG(s) 'example_python_operator' retrieved from /home/krishnaformeera/Sumitomo/datapipeline/venv/lib/python3.11/site-packages/airflow/example_dags/example_python_operator.py
[2025-08-31T18:46:35.930+0000] {logging_mixin.py:190} INFO - [2025-08-31T18:46:35.930+0000] {dag.py:3239} INFO - Sync 1 DAGs
[2025-08-31T18:46:35.948+0000] {logging_mixin.py:190} INFO - [2025-08-31T18:46:35.948+0000] {dag.py:4180} INFO - Setting next_dagrun for example_python_operator to None, run_after=None
[2025-08-31T18:46:35.976+0000] {processor.py:208} INFO - Processing /home/krishnaformeera/Sumitomo/datapipeline/venv/lib/python3.11/site-packages/airflow/example_dags/example_python_operator.py took 0.091 seconds
[2025-08-31T18:47:28.526+0000] {processor.py:186} INFO - Started process (PID=7798) to work on /home/krishnaformeera/Sumitomo/datapipeline/venv/lib/python3.11/site-packages/airflow/example_dags/example_python_operator.py
[2025-08-31T18:47:28.528+0000] {processor.py:914} INFO - Processing file /home/krishnaformeera/Sumitomo/datapipeline/venv/lib/python3.11/site-packages/airflow/example_dags/example_python_operator.py for tasks to queue
[2025-08-31T18:47:28.530+0000] {logging_mixin.py:190} INFO - [2025-08-31T18:47:28.529+0000] {dagbag.py:588} INFO - Filling up the DagBag from /home/krishnaformeera/Sumitomo/datapipeline/venv/lib/python3.11/site-packages/airflow/example_dags/example_python_operator.py
[2025-08-31T18:47:28.538+0000] {logging_mixin.py:190} INFO - [2025-08-31T18:47:28.538+0000] {example_python_operator.py:93} WARNING - The virtalenv_python example task requires virtualenv, please install it.
[2025-08-31T18:47:28.541+0000] {processor.py:925} INFO - DAG(s) 'example_python_operator' retrieved from /home/krishnaformeera/Sumitomo/datapipeline/venv/lib/python3.11/site-packages/airflow/example_dags/example_python_operator.py
[2025-08-31T18:47:28.560+0000] {logging_mixin.py:190} INFO - [2025-08-31T18:47:28.559+0000] {dag.py:3239} INFO - Sync 1 DAGs
[2025-08-31T18:47:28.573+0000] {logging_mixin.py:190} INFO - [2025-08-31T18:47:28.573+0000] {dag.py:4180} INFO - Setting next_dagrun for example_python_operator to None, run_after=None
[2025-08-31T18:47:28.598+0000] {processor.py:208} INFO - Processing /home/krishnaformeera/Sumitomo/datapipeline/venv/lib/python3.11/site-packages/airflow/example_dags/example_python_operator.py took 0.079 seconds
[2025-08-31T18:48:18.253+0000] {processor.py:186} INFO - Started process (PID=7851) to work on /home/krishnaformeera/Sumitomo/datapipeline/venv/lib/python3.11/site-packages/airflow/example_dags/example_python_operator.py
[2025-08-31T18:48:18.254+0000] {processor.py:914} INFO - Processing file /home/krishnaformeera/Sumitomo/datapipeline/venv/lib/python3.11/site-packages/airflow/example_dags/example_python_operator.py for tasks to queue
[2025-08-31T18:48:18.256+0000] {logging_mixin.py:190} INFO - [2025-08-31T18:48:18.256+0000] {dagbag.py:588} INFO - Filling up the DagBag from /home/krishnaformeera/Sumitomo/datapipeline/venv/lib/python3.11/site-packages/airflow/example_dags/example_python_operator.py
[2025-08-31T18:48:18.263+0000] {logging_mixin.py:190} INFO - [2025-08-31T18:48:18.263+0000] {example_python_operator.py:93} WARNING - The virtalenv_python example task requires virtualenv, please install it.
[2025-08-31T18:48:18.267+0000] {processor.py:925} INFO - DAG(s) 'example_python_operator' retrieved from /home/krishnaformeera/Sumitomo/datapipeline/venv/lib/python3.11/site-packages/airflow/example_dags/example_python_operator.py
[2025-08-31T18:48:18.286+0000] {logging_mixin.py:190} INFO - [2025-08-31T18:48:18.286+0000] {dag.py:3239} INFO - Sync 1 DAGs
[2025-08-31T18:48:18.298+0000] {logging_mixin.py:190} INFO - [2025-08-31T18:48:18.298+0000] {dag.py:4180} INFO - Setting next_dagrun for example_python_operator to None, run_after=None
[2025-08-31T18:48:18.323+0000] {processor.py:208} INFO - Processing /home/krishnaformeera/Sumitomo/datapipeline/venv/lib/python3.11/site-packages/airflow/example_dags/example_python_operator.py took 0.078 seconds
[2025-08-31T18:49:09.414+0000] {processor.py:186} INFO - Started process (PID=7907) to work on /home/krishnaformeera/Sumitomo/datapipeline/venv/lib/python3.11/site-packages/airflow/example_dags/example_python_operator.py
[2025-08-31T18:49:09.416+0000] {processor.py:914} INFO - Processing file /home/krishnaformeera/Sumitomo/datapipeline/venv/lib/python3.11/site-packages/airflow/example_dags/example_python_operator.py for tasks to queue
[2025-08-31T18:49:09.419+0000] {logging_mixin.py:190} INFO - [2025-08-31T18:49:09.418+0000] {dagbag.py:588} INFO - Filling up the DagBag from /home/krishnaformeera/Sumitomo/datapipeline/venv/lib/python3.11/site-packages/airflow/example_dags/example_python_operator.py
[2025-08-31T18:49:09.426+0000] {logging_mixin.py:190} INFO - [2025-08-31T18:49:09.426+0000] {example_python_operator.py:93} WARNING - The virtalenv_python example task requires virtualenv, please install it.
[2025-08-31T18:49:09.429+0000] {processor.py:925} INFO - DAG(s) 'example_python_operator' retrieved from /home/krishnaformeera/Sumitomo/datapipeline/venv/lib/python3.11/site-packages/airflow/example_dags/example_python_operator.py
[2025-08-31T18:49:09.449+0000] {logging_mixin.py:190} INFO - [2025-08-31T18:49:09.449+0000] {dag.py:3239} INFO - Sync 1 DAGs
[2025-08-31T18:49:09.464+0000] {logging_mixin.py:190} INFO - [2025-08-31T18:49:09.463+0000] {dag.py:4180} INFO - Setting next_dagrun for example_python_operator to None, run_after=None
[2025-08-31T18:49:09.489+0000] {processor.py:208} INFO - Processing /home/krishnaformeera/Sumitomo/datapipeline/venv/lib/python3.11/site-packages/airflow/example_dags/example_python_operator.py took 0.082 seconds
[2025-08-31T18:50:02.025+0000] {processor.py:186} INFO - Started process (PID=8010) to work on /home/krishnaformeera/Sumitomo/datapipeline/venv/lib/python3.11/site-packages/airflow/example_dags/example_python_operator.py
[2025-08-31T18:50:02.026+0000] {processor.py:914} INFO - Processing file /home/krishnaformeera/Sumitomo/datapipeline/venv/lib/python3.11/site-packages/airflow/example_dags/example_python_operator.py for tasks to queue
[2025-08-31T18:50:02.028+0000] {logging_mixin.py:190} INFO - [2025-08-31T18:50:02.028+0000] {dagbag.py:588} INFO - Filling up the DagBag from /home/krishnaformeera/Sumitomo/datapipeline/venv/lib/python3.11/site-packages/airflow/example_dags/example_python_operator.py
[2025-08-31T18:50:02.036+0000] {logging_mixin.py:190} INFO - [2025-08-31T18:50:02.035+0000] {example_python_operator.py:93} WARNING - The virtalenv_python example task requires virtualenv, please install it.
[2025-08-31T18:50:02.038+0000] {processor.py:925} INFO - DAG(s) 'example_python_operator' retrieved from /home/krishnaformeera/Sumitomo/datapipeline/venv/lib/python3.11/site-packages/airflow/example_dags/example_python_operator.py
[2025-08-31T18:50:02.055+0000] {logging_mixin.py:190} INFO - [2025-08-31T18:50:02.055+0000] {dag.py:3239} INFO - Sync 1 DAGs
[2025-08-31T18:50:02.067+0000] {logging_mixin.py:190} INFO - [2025-08-31T18:50:02.067+0000] {dag.py:4180} INFO - Setting next_dagrun for example_python_operator to None, run_after=None
[2025-08-31T18:50:02.089+0000] {processor.py:208} INFO - Processing /home/krishnaformeera/Sumitomo/datapipeline/venv/lib/python3.11/site-packages/airflow/example_dags/example_python_operator.py took 0.072 seconds
[2025-08-31T18:50:54.992+0000] {processor.py:186} INFO - Started process (PID=8091) to work on /home/krishnaformeera/Sumitomo/datapipeline/venv/lib/python3.11/site-packages/airflow/example_dags/example_python_operator.py
[2025-08-31T18:50:54.994+0000] {processor.py:914} INFO - Processing file /home/krishnaformeera/Sumitomo/datapipeline/venv/lib/python3.11/site-packages/airflow/example_dags/example_python_operator.py for tasks to queue
[2025-08-31T18:50:54.996+0000] {logging_mixin.py:190} INFO - [2025-08-31T18:50:54.996+0000] {dagbag.py:588} INFO - Filling up the DagBag from /home/krishnaformeera/Sumitomo/datapipeline/venv/lib/python3.11/site-packages/airflow/example_dags/example_python_operator.py
[2025-08-31T18:50:55.005+0000] {logging_mixin.py:190} INFO - [2025-08-31T18:50:55.004+0000] {example_python_operator.py:93} WARNING - The virtalenv_python example task requires virtualenv, please install it.
[2025-08-31T18:50:55.008+0000] {processor.py:925} INFO - DAG(s) 'example_python_operator' retrieved from /home/krishnaformeera/Sumitomo/datapipeline/venv/lib/python3.11/site-packages/airflow/example_dags/example_python_operator.py
[2025-08-31T18:50:55.028+0000] {logging_mixin.py:190} INFO - [2025-08-31T18:50:55.027+0000] {dag.py:3239} INFO - Sync 1 DAGs
[2025-08-31T18:50:55.040+0000] {logging_mixin.py:190} INFO - [2025-08-31T18:50:55.040+0000] {dag.py:4180} INFO - Setting next_dagrun for example_python_operator to None, run_after=None
[2025-08-31T18:50:55.063+0000] {processor.py:208} INFO - Processing /home/krishnaformeera/Sumitomo/datapipeline/venv/lib/python3.11/site-packages/airflow/example_dags/example_python_operator.py took 0.078 seconds
[2025-08-31T18:51:44.124+0000] {processor.py:186} INFO - Started process (PID=8171) to work on /home/krishnaformeera/Sumitomo/datapipeline/venv/lib/python3.11/site-packages/airflow/example_dags/example_python_operator.py
[2025-08-31T18:51:44.125+0000] {processor.py:914} INFO - Processing file /home/krishnaformeera/Sumitomo/datapipeline/venv/lib/python3.11/site-packages/airflow/example_dags/example_python_operator.py for tasks to queue
[2025-08-31T18:51:44.128+0000] {logging_mixin.py:190} INFO - [2025-08-31T18:51:44.127+0000] {dagbag.py:588} INFO - Filling up the DagBag from /home/krishnaformeera/Sumitomo/datapipeline/venv/lib/python3.11/site-packages/airflow/example_dags/example_python_operator.py
[2025-08-31T18:51:44.137+0000] {logging_mixin.py:190} INFO - [2025-08-31T18:51:44.136+0000] {example_python_operator.py:93} WARNING - The virtalenv_python example task requires virtualenv, please install it.
[2025-08-31T18:51:44.140+0000] {processor.py:925} INFO - DAG(s) 'example_python_operator' retrieved from /home/krishnaformeera/Sumitomo/datapipeline/venv/lib/python3.11/site-packages/airflow/example_dags/example_python_operator.py
[2025-08-31T18:51:44.159+0000] {logging_mixin.py:190} INFO - [2025-08-31T18:51:44.159+0000] {dag.py:3239} INFO - Sync 1 DAGs
[2025-08-31T18:51:44.175+0000] {logging_mixin.py:190} INFO - [2025-08-31T18:51:44.175+0000] {dag.py:4180} INFO - Setting next_dagrun for example_python_operator to None, run_after=None
[2025-08-31T18:51:44.212+0000] {processor.py:208} INFO - Processing /home/krishnaformeera/Sumitomo/datapipeline/venv/lib/python3.11/site-packages/airflow/example_dags/example_python_operator.py took 0.097 seconds
[2025-08-31T18:52:34.410+0000] {processor.py:186} INFO - Started process (PID=8240) to work on /home/krishnaformeera/Sumitomo/datapipeline/venv/lib/python3.11/site-packages/airflow/example_dags/example_python_operator.py
[2025-08-31T18:52:34.411+0000] {processor.py:914} INFO - Processing file /home/krishnaformeera/Sumitomo/datapipeline/venv/lib/python3.11/site-packages/airflow/example_dags/example_python_operator.py for tasks to queue
[2025-08-31T18:52:34.413+0000] {logging_mixin.py:190} INFO - [2025-08-31T18:52:34.413+0000] {dagbag.py:588} INFO - Filling up the DagBag from /home/krishnaformeera/Sumitomo/datapipeline/venv/lib/python3.11/site-packages/airflow/example_dags/example_python_operator.py
[2025-08-31T18:52:34.421+0000] {logging_mixin.py:190} INFO - [2025-08-31T18:52:34.420+0000] {example_python_operator.py:93} WARNING - The virtalenv_python example task requires virtualenv, please install it.
[2025-08-31T18:52:34.423+0000] {processor.py:925} INFO - DAG(s) 'example_python_operator' retrieved from /home/krishnaformeera/Sumitomo/datapipeline/venv/lib/python3.11/site-packages/airflow/example_dags/example_python_operator.py
[2025-08-31T18:52:34.440+0000] {logging_mixin.py:190} INFO - [2025-08-31T18:52:34.440+0000] {dag.py:3239} INFO - Sync 1 DAGs
[2025-08-31T18:52:34.452+0000] {logging_mixin.py:190} INFO - [2025-08-31T18:52:34.451+0000] {dag.py:4180} INFO - Setting next_dagrun for example_python_operator to None, run_after=None
[2025-08-31T18:52:34.474+0000] {processor.py:208} INFO - Processing /home/krishnaformeera/Sumitomo/datapipeline/venv/lib/python3.11/site-packages/airflow/example_dags/example_python_operator.py took 0.070 seconds
[2025-08-31T18:53:24.122+0000] {processor.py:186} INFO - Started process (PID=8297) to work on /home/krishnaformeera/Sumitomo/datapipeline/venv/lib/python3.11/site-packages/airflow/example_dags/example_python_operator.py
[2025-08-31T18:53:24.123+0000] {processor.py:914} INFO - Processing file /home/krishnaformeera/Sumitomo/datapipeline/venv/lib/python3.11/site-packages/airflow/example_dags/example_python_operator.py for tasks to queue
[2025-08-31T18:53:24.125+0000] {logging_mixin.py:190} INFO - [2025-08-31T18:53:24.125+0000] {dagbag.py:588} INFO - Filling up the DagBag from /home/krishnaformeera/Sumitomo/datapipeline/venv/lib/python3.11/site-packages/airflow/example_dags/example_python_operator.py
[2025-08-31T18:53:24.133+0000] {logging_mixin.py:190} INFO - [2025-08-31T18:53:24.132+0000] {example_python_operator.py:93} WARNING - The virtalenv_python example task requires virtualenv, please install it.
[2025-08-31T18:53:24.135+0000] {processor.py:925} INFO - DAG(s) 'example_python_operator' retrieved from /home/krishnaformeera/Sumitomo/datapipeline/venv/lib/python3.11/site-packages/airflow/example_dags/example_python_operator.py
[2025-08-31T18:53:24.152+0000] {logging_mixin.py:190} INFO - [2025-08-31T18:53:24.152+0000] {dag.py:3239} INFO - Sync 1 DAGs
[2025-08-31T18:53:24.164+0000] {logging_mixin.py:190} INFO - [2025-08-31T18:53:24.164+0000] {dag.py:4180} INFO - Setting next_dagrun for example_python_operator to None, run_after=None
[2025-08-31T18:53:24.188+0000] {processor.py:208} INFO - Processing /home/krishnaformeera/Sumitomo/datapipeline/venv/lib/python3.11/site-packages/airflow/example_dags/example_python_operator.py took 0.074 seconds
[2025-08-31T18:54:12.977+0000] {processor.py:186} INFO - Started process (PID=8490) to work on /home/krishnaformeera/Sumitomo/datapipeline/venv/lib/python3.11/site-packages/airflow/example_dags/example_python_operator.py
[2025-08-31T18:54:12.979+0000] {processor.py:914} INFO - Processing file /home/krishnaformeera/Sumitomo/datapipeline/venv/lib/python3.11/site-packages/airflow/example_dags/example_python_operator.py for tasks to queue
[2025-08-31T18:54:12.981+0000] {logging_mixin.py:190} INFO - [2025-08-31T18:54:12.981+0000] {dagbag.py:588} INFO - Filling up the DagBag from /home/krishnaformeera/Sumitomo/datapipeline/venv/lib/python3.11/site-packages/airflow/example_dags/example_python_operator.py
[2025-08-31T18:54:12.992+0000] {logging_mixin.py:190} INFO - [2025-08-31T18:54:12.991+0000] {example_python_operator.py:93} WARNING - The virtalenv_python example task requires virtualenv, please install it.
[2025-08-31T18:54:12.995+0000] {processor.py:925} INFO - DAG(s) 'example_python_operator' retrieved from /home/krishnaformeera/Sumitomo/datapipeline/venv/lib/python3.11/site-packages/airflow/example_dags/example_python_operator.py
[2025-08-31T18:54:13.019+0000] {logging_mixin.py:190} INFO - [2025-08-31T18:54:13.019+0000] {dag.py:3239} INFO - Sync 1 DAGs
[2025-08-31T18:54:13.036+0000] {logging_mixin.py:190} INFO - [2025-08-31T18:54:13.035+0000] {dag.py:4180} INFO - Setting next_dagrun for example_python_operator to None, run_after=None
[2025-08-31T18:54:13.064+0000] {processor.py:208} INFO - Processing /home/krishnaformeera/Sumitomo/datapipeline/venv/lib/python3.11/site-packages/airflow/example_dags/example_python_operator.py took 0.095 seconds
[2025-08-31T18:55:04.651+0000] {processor.py:186} INFO - Started process (PID=8569) to work on /home/krishnaformeera/Sumitomo/datapipeline/venv/lib/python3.11/site-packages/airflow/example_dags/example_python_operator.py
[2025-08-31T18:55:04.652+0000] {processor.py:914} INFO - Processing file /home/krishnaformeera/Sumitomo/datapipeline/venv/lib/python3.11/site-packages/airflow/example_dags/example_python_operator.py for tasks to queue
[2025-08-31T18:55:04.655+0000] {logging_mixin.py:190} INFO - [2025-08-31T18:55:04.654+0000] {dagbag.py:588} INFO - Filling up the DagBag from /home/krishnaformeera/Sumitomo/datapipeline/venv/lib/python3.11/site-packages/airflow/example_dags/example_python_operator.py
[2025-08-31T18:55:04.663+0000] {logging_mixin.py:190} INFO - [2025-08-31T18:55:04.663+0000] {example_python_operator.py:93} WARNING - The virtalenv_python example task requires virtualenv, please install it.
[2025-08-31T18:55:04.666+0000] {processor.py:925} INFO - DAG(s) 'example_python_operator' retrieved from /home/krishnaformeera/Sumitomo/datapipeline/venv/lib/python3.11/site-packages/airflow/example_dags/example_python_operator.py
[2025-08-31T18:55:04.684+0000] {logging_mixin.py:190} INFO - [2025-08-31T18:55:04.684+0000] {dag.py:3239} INFO - Sync 1 DAGs
[2025-08-31T18:55:04.695+0000] {logging_mixin.py:190} INFO - [2025-08-31T18:55:04.695+0000] {dag.py:4180} INFO - Setting next_dagrun for example_python_operator to None, run_after=None
[2025-08-31T18:55:04.749+0000] {processor.py:208} INFO - Processing /home/krishnaformeera/Sumitomo/datapipeline/venv/lib/python3.11/site-packages/airflow/example_dags/example_python_operator.py took 0.106 seconds
[2025-08-31T18:55:56.669+0000] {processor.py:186} INFO - Started process (PID=8621) to work on /home/krishnaformeera/Sumitomo/datapipeline/venv/lib/python3.11/site-packages/airflow/example_dags/example_python_operator.py
[2025-08-31T18:55:56.670+0000] {processor.py:914} INFO - Processing file /home/krishnaformeera/Sumitomo/datapipeline/venv/lib/python3.11/site-packages/airflow/example_dags/example_python_operator.py for tasks to queue
[2025-08-31T18:55:56.673+0000] {logging_mixin.py:190} INFO - [2025-08-31T18:55:56.672+0000] {dagbag.py:588} INFO - Filling up the DagBag from /home/krishnaformeera/Sumitomo/datapipeline/venv/lib/python3.11/site-packages/airflow/example_dags/example_python_operator.py
[2025-08-31T18:55:56.679+0000] {logging_mixin.py:190} INFO - [2025-08-31T18:55:56.679+0000] {example_python_operator.py:93} WARNING - The virtalenv_python example task requires virtualenv, please install it.
[2025-08-31T18:55:56.682+0000] {processor.py:925} INFO - DAG(s) 'example_python_operator' retrieved from /home/krishnaformeera/Sumitomo/datapipeline/venv/lib/python3.11/site-packages/airflow/example_dags/example_python_operator.py
[2025-08-31T18:55:56.698+0000] {logging_mixin.py:190} INFO - [2025-08-31T18:55:56.698+0000] {dag.py:3239} INFO - Sync 1 DAGs
[2025-08-31T18:55:56.710+0000] {logging_mixin.py:190} INFO - [2025-08-31T18:55:56.710+0000] {dag.py:4180} INFO - Setting next_dagrun for example_python_operator to None, run_after=None
[2025-08-31T18:55:56.729+0000] {processor.py:208} INFO - Processing /home/krishnaformeera/Sumitomo/datapipeline/venv/lib/python3.11/site-packages/airflow/example_dags/example_python_operator.py took 0.067 seconds
[2025-08-31T18:56:50.957+0000] {processor.py:186} INFO - Started process (PID=8689) to work on /home/krishnaformeera/Sumitomo/datapipeline/venv/lib/python3.11/site-packages/airflow/example_dags/example_python_operator.py
[2025-08-31T18:56:50.958+0000] {processor.py:914} INFO - Processing file /home/krishnaformeera/Sumitomo/datapipeline/venv/lib/python3.11/site-packages/airflow/example_dags/example_python_operator.py for tasks to queue
[2025-08-31T18:56:50.960+0000] {logging_mixin.py:190} INFO - [2025-08-31T18:56:50.960+0000] {dagbag.py:588} INFO - Filling up the DagBag from /home/krishnaformeera/Sumitomo/datapipeline/venv/lib/python3.11/site-packages/airflow/example_dags/example_python_operator.py
[2025-08-31T18:56:50.967+0000] {logging_mixin.py:190} INFO - [2025-08-31T18:56:50.967+0000] {example_python_operator.py:93} WARNING - The virtalenv_python example task requires virtualenv, please install it.
[2025-08-31T18:56:50.970+0000] {processor.py:925} INFO - DAG(s) 'example_python_operator' retrieved from /home/krishnaformeera/Sumitomo/datapipeline/venv/lib/python3.11/site-packages/airflow/example_dags/example_python_operator.py
[2025-08-31T18:56:50.989+0000] {logging_mixin.py:190} INFO - [2025-08-31T18:56:50.988+0000] {dag.py:3239} INFO - Sync 1 DAGs
[2025-08-31T18:56:51.001+0000] {logging_mixin.py:190} INFO - [2025-08-31T18:56:51.001+0000] {dag.py:4180} INFO - Setting next_dagrun for example_python_operator to None, run_after=None
[2025-08-31T18:56:51.028+0000] {processor.py:208} INFO - Processing /home/krishnaformeera/Sumitomo/datapipeline/venv/lib/python3.11/site-packages/airflow/example_dags/example_python_operator.py took 0.079 seconds
[2025-08-31T18:57:45.050+0000] {processor.py:186} INFO - Started process (PID=8743) to work on /home/krishnaformeera/Sumitomo/datapipeline/venv/lib/python3.11/site-packages/airflow/example_dags/example_python_operator.py
[2025-08-31T18:57:45.051+0000] {processor.py:914} INFO - Processing file /home/krishnaformeera/Sumitomo/datapipeline/venv/lib/python3.11/site-packages/airflow/example_dags/example_python_operator.py for tasks to queue
[2025-08-31T18:57:45.054+0000] {logging_mixin.py:190} INFO - [2025-08-31T18:57:45.053+0000] {dagbag.py:588} INFO - Filling up the DagBag from /home/krishnaformeera/Sumitomo/datapipeline/venv/lib/python3.11/site-packages/airflow/example_dags/example_python_operator.py
[2025-08-31T18:57:45.062+0000] {logging_mixin.py:190} INFO - [2025-08-31T18:57:45.062+0000] {example_python_operator.py:93} WARNING - The virtalenv_python example task requires virtualenv, please install it.
[2025-08-31T18:57:45.065+0000] {processor.py:925} INFO - DAG(s) 'example_python_operator' retrieved from /home/krishnaformeera/Sumitomo/datapipeline/venv/lib/python3.11/site-packages/airflow/example_dags/example_python_operator.py
[2025-08-31T18:57:45.082+0000] {logging_mixin.py:190} INFO - [2025-08-31T18:57:45.082+0000] {dag.py:3239} INFO - Sync 1 DAGs
[2025-08-31T18:57:45.094+0000] {logging_mixin.py:190} INFO - [2025-08-31T18:57:45.093+0000] {dag.py:4180} INFO - Setting next_dagrun for example_python_operator to None, run_after=None
[2025-08-31T18:57:45.116+0000] {processor.py:208} INFO - Processing /home/krishnaformeera/Sumitomo/datapipeline/venv/lib/python3.11/site-packages/airflow/example_dags/example_python_operator.py took 0.074 seconds
[2025-08-31T18:58:36.542+0000] {processor.py:186} INFO - Started process (PID=8796) to work on /home/krishnaformeera/Sumitomo/datapipeline/venv/lib/python3.11/site-packages/airflow/example_dags/example_python_operator.py
[2025-08-31T18:58:36.543+0000] {processor.py:914} INFO - Processing file /home/krishnaformeera/Sumitomo/datapipeline/venv/lib/python3.11/site-packages/airflow/example_dags/example_python_operator.py for tasks to queue
[2025-08-31T18:58:36.545+0000] {logging_mixin.py:190} INFO - [2025-08-31T18:58:36.544+0000] {dagbag.py:588} INFO - Filling up the DagBag from /home/krishnaformeera/Sumitomo/datapipeline/venv/lib/python3.11/site-packages/airflow/example_dags/example_python_operator.py
[2025-08-31T18:58:36.552+0000] {logging_mixin.py:190} INFO - [2025-08-31T18:58:36.551+0000] {example_python_operator.py:93} WARNING - The virtalenv_python example task requires virtualenv, please install it.
[2025-08-31T18:58:36.554+0000] {processor.py:925} INFO - DAG(s) 'example_python_operator' retrieved from /home/krishnaformeera/Sumitomo/datapipeline/venv/lib/python3.11/site-packages/airflow/example_dags/example_python_operator.py
[2025-08-31T18:58:36.571+0000] {logging_mixin.py:190} INFO - [2025-08-31T18:58:36.570+0000] {dag.py:3239} INFO - Sync 1 DAGs
[2025-08-31T18:58:36.582+0000] {logging_mixin.py:190} INFO - [2025-08-31T18:58:36.582+0000] {dag.py:4180} INFO - Setting next_dagrun for example_python_operator to None, run_after=None
[2025-08-31T18:58:36.607+0000] {processor.py:208} INFO - Processing /home/krishnaformeera/Sumitomo/datapipeline/venv/lib/python3.11/site-packages/airflow/example_dags/example_python_operator.py took 0.072 seconds
