[2025-08-31T18:31:26.848+0000] {processor.py:186} INFO - Started process (PID=5264) to work on /home/krishnaformeera/Sumitomo/datapipeline/venv/lib/python3.11/site-packages/airflow/example_dags/example_dataset_alias_with_no_taskflow.py
[2025-08-31T18:31:26.849+0000] {processor.py:914} INFO - Processing file /home/krishnaformeera/Sumitomo/datapipeline/venv/lib/python3.11/site-packages/airflow/example_dags/example_dataset_alias_with_no_taskflow.py for tasks to queue
[2025-08-31T18:31:26.854+0000] {logging_mixin.py:190} INFO - [2025-08-31T18:31:26.853+0000] {dagbag.py:588} INFO - Filling up the DagBag from /home/krishnaformeera/Sumitomo/datapipeline/venv/lib/python3.11/site-packages/airflow/example_dags/example_dataset_alias_with_no_taskflow.py
[2025-08-31T18:31:26.887+0000] {processor.py:925} INFO - DAG(s) 'dataset_s3_bucket_consumer_with_no_taskflow', 'dataset_alias_example_alias_consumer_with_no_taskflow', 'dataset_s3_bucket_producer_with_no_taskflow', 'dataset_alias_example_alias_producer_with_no_taskflow' retrieved from /home/krishnaformeera/Sumitomo/datapipeline/venv/lib/python3.11/site-packages/airflow/example_dags/example_dataset_alias_with_no_taskflow.py
[2025-08-31T18:31:26.975+0000] {logging_mixin.py:190} INFO - [2025-08-31T18:31:26.975+0000] {override.py:1900} INFO - Created Permission View: can edit on DAG:dataset_s3_bucket_consumer_with_no_taskflow
[2025-08-31T18:31:26.989+0000] {logging_mixin.py:190} INFO - [2025-08-31T18:31:26.988+0000] {override.py:1900} INFO - Created Permission View: can read on DAG:dataset_s3_bucket_consumer_with_no_taskflow
[2025-08-31T18:31:26.999+0000] {logging_mixin.py:190} INFO - [2025-08-31T18:31:26.999+0000] {override.py:1900} INFO - Created Permission View: can delete on DAG:dataset_s3_bucket_consumer_with_no_taskflow
[2025-08-31T18:31:27.017+0000] {logging_mixin.py:190} INFO - [2025-08-31T18:31:27.016+0000] {override.py:1900} INFO - Created Permission View: menu access on DAG Run:dataset_s3_bucket_consumer_with_no_taskflow
[2025-08-31T18:31:27.027+0000] {logging_mixin.py:190} INFO - [2025-08-31T18:31:27.026+0000] {override.py:1900} INFO - Created Permission View: can read on DAG Run:dataset_s3_bucket_consumer_with_no_taskflow
[2025-08-31T18:31:27.037+0000] {logging_mixin.py:190} INFO - [2025-08-31T18:31:27.036+0000] {override.py:1900} INFO - Created Permission View: can create on DAG Run:dataset_s3_bucket_consumer_with_no_taskflow
[2025-08-31T18:31:27.048+0000] {logging_mixin.py:190} INFO - [2025-08-31T18:31:27.047+0000] {override.py:1900} INFO - Created Permission View: can delete on DAG Run:dataset_s3_bucket_consumer_with_no_taskflow
[2025-08-31T18:31:27.068+0000] {logging_mixin.py:190} INFO - [2025-08-31T18:31:27.068+0000] {override.py:1900} INFO - Created Permission View: can edit on DAG:dataset_alias_example_alias_consumer_with_no_taskflow
[2025-08-31T18:31:27.083+0000] {logging_mixin.py:190} INFO - [2025-08-31T18:31:27.083+0000] {override.py:1900} INFO - Created Permission View: can read on DAG:dataset_alias_example_alias_consumer_with_no_taskflow
[2025-08-31T18:31:27.097+0000] {logging_mixin.py:190} INFO - [2025-08-31T18:31:27.096+0000] {override.py:1900} INFO - Created Permission View: can delete on DAG:dataset_alias_example_alias_consumer_with_no_taskflow
[2025-08-31T18:31:27.114+0000] {logging_mixin.py:190} INFO - [2025-08-31T18:31:27.114+0000] {override.py:1900} INFO - Created Permission View: menu access on DAG Run:dataset_alias_example_alias_consumer_with_no_taskflow
[2025-08-31T18:31:27.124+0000] {logging_mixin.py:190} INFO - [2025-08-31T18:31:27.124+0000] {override.py:1900} INFO - Created Permission View: can read on DAG Run:dataset_alias_example_alias_consumer_with_no_taskflow
[2025-08-31T18:31:27.134+0000] {logging_mixin.py:190} INFO - [2025-08-31T18:31:27.134+0000] {override.py:1900} INFO - Created Permission View: can create on DAG Run:dataset_alias_example_alias_consumer_with_no_taskflow
[2025-08-31T18:31:27.144+0000] {logging_mixin.py:190} INFO - [2025-08-31T18:31:27.143+0000] {override.py:1900} INFO - Created Permission View: can delete on DAG Run:dataset_alias_example_alias_consumer_with_no_taskflow
[2025-08-31T18:31:27.163+0000] {logging_mixin.py:190} INFO - [2025-08-31T18:31:27.163+0000] {override.py:1900} INFO - Created Permission View: can edit on DAG:dataset_s3_bucket_producer_with_no_taskflow
[2025-08-31T18:31:27.173+0000] {logging_mixin.py:190} INFO - [2025-08-31T18:31:27.172+0000] {override.py:1900} INFO - Created Permission View: can read on DAG:dataset_s3_bucket_producer_with_no_taskflow
[2025-08-31T18:31:27.182+0000] {logging_mixin.py:190} INFO - [2025-08-31T18:31:27.182+0000] {override.py:1900} INFO - Created Permission View: can delete on DAG:dataset_s3_bucket_producer_with_no_taskflow
[2025-08-31T18:31:27.198+0000] {logging_mixin.py:190} INFO - [2025-08-31T18:31:27.198+0000] {override.py:1900} INFO - Created Permission View: menu access on DAG Run:dataset_s3_bucket_producer_with_no_taskflow
[2025-08-31T18:31:27.208+0000] {logging_mixin.py:190} INFO - [2025-08-31T18:31:27.208+0000] {override.py:1900} INFO - Created Permission View: can read on DAG Run:dataset_s3_bucket_producer_with_no_taskflow
[2025-08-31T18:31:27.218+0000] {logging_mixin.py:190} INFO - [2025-08-31T18:31:27.218+0000] {override.py:1900} INFO - Created Permission View: can create on DAG Run:dataset_s3_bucket_producer_with_no_taskflow
[2025-08-31T18:31:27.228+0000] {logging_mixin.py:190} INFO - [2025-08-31T18:31:27.228+0000] {override.py:1900} INFO - Created Permission View: can delete on DAG Run:dataset_s3_bucket_producer_with_no_taskflow
[2025-08-31T18:31:27.250+0000] {logging_mixin.py:190} INFO - [2025-08-31T18:31:27.249+0000] {override.py:1900} INFO - Created Permission View: can edit on DAG:dataset_alias_example_alias_producer_with_no_taskflow
[2025-08-31T18:31:27.260+0000] {logging_mixin.py:190} INFO - [2025-08-31T18:31:27.259+0000] {override.py:1900} INFO - Created Permission View: can read on DAG:dataset_alias_example_alias_producer_with_no_taskflow
[2025-08-31T18:31:27.269+0000] {logging_mixin.py:190} INFO - [2025-08-31T18:31:27.269+0000] {override.py:1900} INFO - Created Permission View: can delete on DAG:dataset_alias_example_alias_producer_with_no_taskflow
[2025-08-31T18:31:27.287+0000] {logging_mixin.py:190} INFO - [2025-08-31T18:31:27.286+0000] {override.py:1900} INFO - Created Permission View: menu access on DAG Run:dataset_alias_example_alias_producer_with_no_taskflow
[2025-08-31T18:31:27.296+0000] {logging_mixin.py:190} INFO - [2025-08-31T18:31:27.296+0000] {override.py:1900} INFO - Created Permission View: can read on DAG Run:dataset_alias_example_alias_producer_with_no_taskflow
[2025-08-31T18:31:27.305+0000] {logging_mixin.py:190} INFO - [2025-08-31T18:31:27.305+0000] {override.py:1900} INFO - Created Permission View: can create on DAG Run:dataset_alias_example_alias_producer_with_no_taskflow
[2025-08-31T18:31:27.314+0000] {logging_mixin.py:190} INFO - [2025-08-31T18:31:27.314+0000] {override.py:1900} INFO - Created Permission View: can delete on DAG Run:dataset_alias_example_alias_producer_with_no_taskflow
[2025-08-31T18:31:27.314+0000] {logging_mixin.py:190} INFO - [2025-08-31T18:31:27.314+0000] {dag.py:3239} INFO - Sync 4 DAGs
[2025-08-31T18:31:27.326+0000] {logging_mixin.py:190} INFO - [2025-08-31T18:31:27.326+0000] {dag.py:3262} INFO - Creating ORM DAG for dataset_s3_bucket_consumer_with_no_taskflow
[2025-08-31T18:31:27.327+0000] {logging_mixin.py:190} INFO - [2025-08-31T18:31:27.327+0000] {dag.py:3262} INFO - Creating ORM DAG for dataset_alias_example_alias_consumer_with_no_taskflow
[2025-08-31T18:31:27.327+0000] {logging_mixin.py:190} INFO - [2025-08-31T18:31:27.327+0000] {dag.py:3262} INFO - Creating ORM DAG for dataset_s3_bucket_producer_with_no_taskflow
[2025-08-31T18:31:27.328+0000] {logging_mixin.py:190} INFO - [2025-08-31T18:31:27.328+0000] {dag.py:3262} INFO - Creating ORM DAG for dataset_alias_example_alias_producer_with_no_taskflow
[2025-08-31T18:31:27.431+0000] {logging_mixin.py:190} INFO - [2025-08-31T18:31:27.431+0000] {dag.py:4180} INFO - Setting next_dagrun for dataset_alias_example_alias_consumer_with_no_taskflow to None, run_after=None
[2025-08-31T18:31:27.432+0000] {logging_mixin.py:190} INFO - [2025-08-31T18:31:27.432+0000] {dag.py:4180} INFO - Setting next_dagrun for dataset_alias_example_alias_producer_with_no_taskflow to None, run_after=None
[2025-08-31T18:31:27.432+0000] {logging_mixin.py:190} INFO - [2025-08-31T18:31:27.432+0000] {dag.py:4180} INFO - Setting next_dagrun for dataset_s3_bucket_consumer_with_no_taskflow to None, run_after=None
[2025-08-31T18:31:27.433+0000] {logging_mixin.py:190} INFO - [2025-08-31T18:31:27.433+0000] {dag.py:4180} INFO - Setting next_dagrun for dataset_s3_bucket_producer_with_no_taskflow to None, run_after=None
[2025-08-31T18:31:27.478+0000] {processor.py:208} INFO - Processing /home/krishnaformeera/Sumitomo/datapipeline/venv/lib/python3.11/site-packages/airflow/example_dags/example_dataset_alias_with_no_taskflow.py took 0.639 seconds
[2025-08-31T18:32:28.917+0000] {processor.py:186} INFO - Started process (PID=5324) to work on /home/krishnaformeera/Sumitomo/datapipeline/venv/lib/python3.11/site-packages/airflow/example_dags/example_dataset_alias_with_no_taskflow.py
[2025-08-31T18:32:28.918+0000] {processor.py:914} INFO - Processing file /home/krishnaformeera/Sumitomo/datapipeline/venv/lib/python3.11/site-packages/airflow/example_dags/example_dataset_alias_with_no_taskflow.py for tasks to queue
[2025-08-31T18:32:28.921+0000] {logging_mixin.py:190} INFO - [2025-08-31T18:32:28.920+0000] {dagbag.py:588} INFO - Filling up the DagBag from /home/krishnaformeera/Sumitomo/datapipeline/venv/lib/python3.11/site-packages/airflow/example_dags/example_dataset_alias_with_no_taskflow.py
[2025-08-31T18:32:28.948+0000] {processor.py:925} INFO - DAG(s) 'dataset_alias_example_alias_consumer_with_no_taskflow', 'dataset_s3_bucket_consumer_with_no_taskflow', 'dataset_s3_bucket_producer_with_no_taskflow', 'dataset_alias_example_alias_producer_with_no_taskflow' retrieved from /home/krishnaformeera/Sumitomo/datapipeline/venv/lib/python3.11/site-packages/airflow/example_dags/example_dataset_alias_with_no_taskflow.py
[2025-08-31T18:32:28.968+0000] {logging_mixin.py:190} INFO - [2025-08-31T18:32:28.968+0000] {dag.py:3239} INFO - Sync 4 DAGs
[2025-08-31T18:32:28.986+0000] {logging_mixin.py:190} INFO - [2025-08-31T18:32:28.986+0000] {dag.py:4180} INFO - Setting next_dagrun for dataset_alias_example_alias_consumer_with_no_taskflow to None, run_after=None
[2025-08-31T18:32:28.988+0000] {logging_mixin.py:190} INFO - [2025-08-31T18:32:28.988+0000] {dag.py:4180} INFO - Setting next_dagrun for dataset_alias_example_alias_producer_with_no_taskflow to None, run_after=None
[2025-08-31T18:32:28.989+0000] {logging_mixin.py:190} INFO - [2025-08-31T18:32:28.989+0000] {dag.py:4180} INFO - Setting next_dagrun for dataset_s3_bucket_consumer_with_no_taskflow to None, run_after=None
[2025-08-31T18:32:28.989+0000] {logging_mixin.py:190} INFO - [2025-08-31T18:32:28.989+0000] {dag.py:4180} INFO - Setting next_dagrun for dataset_s3_bucket_producer_with_no_taskflow to None, run_after=None
[2025-08-31T18:32:29.014+0000] {processor.py:208} INFO - Processing /home/krishnaformeera/Sumitomo/datapipeline/venv/lib/python3.11/site-packages/airflow/example_dags/example_dataset_alias_with_no_taskflow.py took 0.106 seconds
[2025-08-31T18:33:23.240+0000] {processor.py:186} INFO - Started process (PID=5380) to work on /home/krishnaformeera/Sumitomo/datapipeline/venv/lib/python3.11/site-packages/airflow/example_dags/example_dataset_alias_with_no_taskflow.py
[2025-08-31T18:33:23.241+0000] {processor.py:914} INFO - Processing file /home/krishnaformeera/Sumitomo/datapipeline/venv/lib/python3.11/site-packages/airflow/example_dags/example_dataset_alias_with_no_taskflow.py for tasks to queue
[2025-08-31T18:33:23.243+0000] {logging_mixin.py:190} INFO - [2025-08-31T18:33:23.242+0000] {dagbag.py:588} INFO - Filling up the DagBag from /home/krishnaformeera/Sumitomo/datapipeline/venv/lib/python3.11/site-packages/airflow/example_dags/example_dataset_alias_with_no_taskflow.py
[2025-08-31T18:33:23.265+0000] {processor.py:925} INFO - DAG(s) 'dataset_alias_example_alias_producer_with_no_taskflow', 'dataset_s3_bucket_consumer_with_no_taskflow', 'dataset_s3_bucket_producer_with_no_taskflow', 'dataset_alias_example_alias_consumer_with_no_taskflow' retrieved from /home/krishnaformeera/Sumitomo/datapipeline/venv/lib/python3.11/site-packages/airflow/example_dags/example_dataset_alias_with_no_taskflow.py
[2025-08-31T18:33:23.374+0000] {logging_mixin.py:190} INFO - [2025-08-31T18:33:23.374+0000] {dag.py:3239} INFO - Sync 4 DAGs
[2025-08-31T18:33:23.388+0000] {logging_mixin.py:190} INFO - [2025-08-31T18:33:23.388+0000] {dag.py:4180} INFO - Setting next_dagrun for dataset_alias_example_alias_consumer_with_no_taskflow to None, run_after=None
[2025-08-31T18:33:23.390+0000] {logging_mixin.py:190} INFO - [2025-08-31T18:33:23.389+0000] {dag.py:4180} INFO - Setting next_dagrun for dataset_alias_example_alias_producer_with_no_taskflow to None, run_after=None
[2025-08-31T18:33:23.390+0000] {logging_mixin.py:190} INFO - [2025-08-31T18:33:23.390+0000] {dag.py:4180} INFO - Setting next_dagrun for dataset_s3_bucket_consumer_with_no_taskflow to None, run_after=None
[2025-08-31T18:33:23.391+0000] {logging_mixin.py:190} INFO - [2025-08-31T18:33:23.391+0000] {dag.py:4180} INFO - Setting next_dagrun for dataset_s3_bucket_producer_with_no_taskflow to None, run_after=None
[2025-08-31T18:33:23.412+0000] {processor.py:208} INFO - Processing /home/krishnaformeera/Sumitomo/datapipeline/venv/lib/python3.11/site-packages/airflow/example_dags/example_dataset_alias_with_no_taskflow.py took 0.178 seconds
[2025-08-31T18:34:20.307+0000] {processor.py:186} INFO - Started process (PID=5437) to work on /home/krishnaformeera/Sumitomo/datapipeline/venv/lib/python3.11/site-packages/airflow/example_dags/example_dataset_alias_with_no_taskflow.py
[2025-08-31T18:34:20.309+0000] {processor.py:914} INFO - Processing file /home/krishnaformeera/Sumitomo/datapipeline/venv/lib/python3.11/site-packages/airflow/example_dags/example_dataset_alias_with_no_taskflow.py for tasks to queue
[2025-08-31T18:34:20.311+0000] {logging_mixin.py:190} INFO - [2025-08-31T18:34:20.311+0000] {dagbag.py:588} INFO - Filling up the DagBag from /home/krishnaformeera/Sumitomo/datapipeline/venv/lib/python3.11/site-packages/airflow/example_dags/example_dataset_alias_with_no_taskflow.py
[2025-08-31T18:34:20.339+0000] {processor.py:925} INFO - DAG(s) 'dataset_alias_example_alias_producer_with_no_taskflow', 'dataset_s3_bucket_producer_with_no_taskflow', 'dataset_s3_bucket_consumer_with_no_taskflow', 'dataset_alias_example_alias_consumer_with_no_taskflow' retrieved from /home/krishnaformeera/Sumitomo/datapipeline/venv/lib/python3.11/site-packages/airflow/example_dags/example_dataset_alias_with_no_taskflow.py
[2025-08-31T18:34:20.359+0000] {logging_mixin.py:190} INFO - [2025-08-31T18:34:20.359+0000] {dag.py:3239} INFO - Sync 4 DAGs
[2025-08-31T18:34:20.379+0000] {logging_mixin.py:190} INFO - [2025-08-31T18:34:20.379+0000] {dag.py:4180} INFO - Setting next_dagrun for dataset_alias_example_alias_consumer_with_no_taskflow to None, run_after=None
[2025-08-31T18:34:20.381+0000] {logging_mixin.py:190} INFO - [2025-08-31T18:34:20.381+0000] {dag.py:4180} INFO - Setting next_dagrun for dataset_alias_example_alias_producer_with_no_taskflow to None, run_after=None
[2025-08-31T18:34:20.382+0000] {logging_mixin.py:190} INFO - [2025-08-31T18:34:20.382+0000] {dag.py:4180} INFO - Setting next_dagrun for dataset_s3_bucket_consumer_with_no_taskflow to None, run_after=None
[2025-08-31T18:34:20.383+0000] {logging_mixin.py:190} INFO - [2025-08-31T18:34:20.382+0000] {dag.py:4180} INFO - Setting next_dagrun for dataset_s3_bucket_producer_with_no_taskflow to None, run_after=None
[2025-08-31T18:34:20.410+0000] {processor.py:208} INFO - Processing /home/krishnaformeera/Sumitomo/datapipeline/venv/lib/python3.11/site-packages/airflow/example_dags/example_dataset_alias_with_no_taskflow.py took 0.110 seconds
[2025-08-31T18:35:35.171+0000] {processor.py:186} INFO - Started process (PID=5513) to work on /home/krishnaformeera/Sumitomo/datapipeline/venv/lib/python3.11/site-packages/airflow/example_dags/example_dataset_alias_with_no_taskflow.py
[2025-08-31T18:35:35.174+0000] {processor.py:914} INFO - Processing file /home/krishnaformeera/Sumitomo/datapipeline/venv/lib/python3.11/site-packages/airflow/example_dags/example_dataset_alias_with_no_taskflow.py for tasks to queue
[2025-08-31T18:35:35.177+0000] {logging_mixin.py:190} INFO - [2025-08-31T18:35:35.177+0000] {dagbag.py:588} INFO - Filling up the DagBag from /home/krishnaformeera/Sumitomo/datapipeline/venv/lib/python3.11/site-packages/airflow/example_dags/example_dataset_alias_with_no_taskflow.py
[2025-08-31T18:35:35.200+0000] {processor.py:925} INFO - DAG(s) 'dataset_s3_bucket_consumer_with_no_taskflow', 'dataset_alias_example_alias_consumer_with_no_taskflow', 'dataset_alias_example_alias_producer_with_no_taskflow', 'dataset_s3_bucket_producer_with_no_taskflow' retrieved from /home/krishnaformeera/Sumitomo/datapipeline/venv/lib/python3.11/site-packages/airflow/example_dags/example_dataset_alias_with_no_taskflow.py
[2025-08-31T18:35:35.217+0000] {logging_mixin.py:190} INFO - [2025-08-31T18:35:35.217+0000] {dag.py:3239} INFO - Sync 4 DAGs
[2025-08-31T18:35:35.234+0000] {logging_mixin.py:190} INFO - [2025-08-31T18:35:35.234+0000] {dag.py:4180} INFO - Setting next_dagrun for dataset_alias_example_alias_consumer_with_no_taskflow to None, run_after=None
[2025-08-31T18:35:35.237+0000] {logging_mixin.py:190} INFO - [2025-08-31T18:35:35.237+0000] {dag.py:4180} INFO - Setting next_dagrun for dataset_alias_example_alias_producer_with_no_taskflow to None, run_after=None
[2025-08-31T18:35:35.237+0000] {logging_mixin.py:190} INFO - [2025-08-31T18:35:35.237+0000] {dag.py:4180} INFO - Setting next_dagrun for dataset_s3_bucket_consumer_with_no_taskflow to None, run_after=None
[2025-08-31T18:35:35.238+0000] {logging_mixin.py:190} INFO - [2025-08-31T18:35:35.238+0000] {dag.py:4180} INFO - Setting next_dagrun for dataset_s3_bucket_producer_with_no_taskflow to None, run_after=None
[2025-08-31T18:35:35.259+0000] {processor.py:208} INFO - Processing /home/krishnaformeera/Sumitomo/datapipeline/venv/lib/python3.11/site-packages/airflow/example_dags/example_dataset_alias_with_no_taskflow.py took 0.094 seconds
[2025-08-31T18:36:50.401+0000] {processor.py:186} INFO - Started process (PID=5617) to work on /home/krishnaformeera/Sumitomo/datapipeline/venv/lib/python3.11/site-packages/airflow/example_dags/example_dataset_alias_with_no_taskflow.py
[2025-08-31T18:36:50.402+0000] {processor.py:914} INFO - Processing file /home/krishnaformeera/Sumitomo/datapipeline/venv/lib/python3.11/site-packages/airflow/example_dags/example_dataset_alias_with_no_taskflow.py for tasks to queue
[2025-08-31T18:36:50.405+0000] {logging_mixin.py:190} INFO - [2025-08-31T18:36:50.404+0000] {dagbag.py:588} INFO - Filling up the DagBag from /home/krishnaformeera/Sumitomo/datapipeline/venv/lib/python3.11/site-packages/airflow/example_dags/example_dataset_alias_with_no_taskflow.py
[2025-08-31T18:36:50.432+0000] {processor.py:925} INFO - DAG(s) 'dataset_s3_bucket_consumer_with_no_taskflow', 'dataset_alias_example_alias_consumer_with_no_taskflow', 'dataset_alias_example_alias_producer_with_no_taskflow', 'dataset_s3_bucket_producer_with_no_taskflow' retrieved from /home/krishnaformeera/Sumitomo/datapipeline/venv/lib/python3.11/site-packages/airflow/example_dags/example_dataset_alias_with_no_taskflow.py
[2025-08-31T18:36:50.453+0000] {logging_mixin.py:190} INFO - [2025-08-31T18:36:50.453+0000] {dag.py:3239} INFO - Sync 4 DAGs
[2025-08-31T18:36:50.472+0000] {logging_mixin.py:190} INFO - [2025-08-31T18:36:50.472+0000] {dag.py:4180} INFO - Setting next_dagrun for dataset_alias_example_alias_consumer_with_no_taskflow to None, run_after=None
[2025-08-31T18:36:50.474+0000] {logging_mixin.py:190} INFO - [2025-08-31T18:36:50.474+0000] {dag.py:4180} INFO - Setting next_dagrun for dataset_alias_example_alias_producer_with_no_taskflow to None, run_after=None
[2025-08-31T18:36:50.475+0000] {logging_mixin.py:190} INFO - [2025-08-31T18:36:50.474+0000] {dag.py:4180} INFO - Setting next_dagrun for dataset_s3_bucket_consumer_with_no_taskflow to None, run_after=None
[2025-08-31T18:36:50.475+0000] {logging_mixin.py:190} INFO - [2025-08-31T18:36:50.475+0000] {dag.py:4180} INFO - Setting next_dagrun for dataset_s3_bucket_producer_with_no_taskflow to None, run_after=None
[2025-08-31T18:36:50.498+0000] {processor.py:208} INFO - Processing /home/krishnaformeera/Sumitomo/datapipeline/venv/lib/python3.11/site-packages/airflow/example_dags/example_dataset_alias_with_no_taskflow.py took 0.105 seconds
[2025-08-31T18:37:44.816+0000] {processor.py:186} INFO - Started process (PID=5681) to work on /home/krishnaformeera/Sumitomo/datapipeline/venv/lib/python3.11/site-packages/airflow/example_dags/example_dataset_alias_with_no_taskflow.py
[2025-08-31T18:37:44.817+0000] {processor.py:914} INFO - Processing file /home/krishnaformeera/Sumitomo/datapipeline/venv/lib/python3.11/site-packages/airflow/example_dags/example_dataset_alias_with_no_taskflow.py for tasks to queue
[2025-08-31T18:37:44.819+0000] {logging_mixin.py:190} INFO - [2025-08-31T18:37:44.819+0000] {dagbag.py:588} INFO - Filling up the DagBag from /home/krishnaformeera/Sumitomo/datapipeline/venv/lib/python3.11/site-packages/airflow/example_dags/example_dataset_alias_with_no_taskflow.py
[2025-08-31T18:37:44.843+0000] {processor.py:925} INFO - DAG(s) 'dataset_s3_bucket_consumer_with_no_taskflow', 'dataset_alias_example_alias_consumer_with_no_taskflow', 'dataset_alias_example_alias_producer_with_no_taskflow', 'dataset_s3_bucket_producer_with_no_taskflow' retrieved from /home/krishnaformeera/Sumitomo/datapipeline/venv/lib/python3.11/site-packages/airflow/example_dags/example_dataset_alias_with_no_taskflow.py
[2025-08-31T18:37:44.864+0000] {logging_mixin.py:190} INFO - [2025-08-31T18:37:44.864+0000] {dag.py:3239} INFO - Sync 4 DAGs
[2025-08-31T18:37:44.883+0000] {logging_mixin.py:190} INFO - [2025-08-31T18:37:44.883+0000] {dag.py:4180} INFO - Setting next_dagrun for dataset_alias_example_alias_consumer_with_no_taskflow to None, run_after=None
[2025-08-31T18:37:44.885+0000] {logging_mixin.py:190} INFO - [2025-08-31T18:37:44.884+0000] {dag.py:4180} INFO - Setting next_dagrun for dataset_alias_example_alias_producer_with_no_taskflow to None, run_after=None
[2025-08-31T18:37:44.885+0000] {logging_mixin.py:190} INFO - [2025-08-31T18:37:44.885+0000] {dag.py:4180} INFO - Setting next_dagrun for dataset_s3_bucket_consumer_with_no_taskflow to None, run_after=None
[2025-08-31T18:37:44.886+0000] {logging_mixin.py:190} INFO - [2025-08-31T18:37:44.886+0000] {dag.py:4180} INFO - Setting next_dagrun for dataset_s3_bucket_producer_with_no_taskflow to None, run_after=None
[2025-08-31T18:37:44.908+0000] {processor.py:208} INFO - Processing /home/krishnaformeera/Sumitomo/datapipeline/venv/lib/python3.11/site-packages/airflow/example_dags/example_dataset_alias_with_no_taskflow.py took 0.098 seconds
[2025-08-31T18:40:35.980+0000] {processor.py:186} INFO - Started process (PID=6219) to work on /home/krishnaformeera/Sumitomo/datapipeline/venv/lib/python3.11/site-packages/airflow/example_dags/example_dataset_alias_with_no_taskflow.py
[2025-08-31T18:40:35.981+0000] {processor.py:914} INFO - Processing file /home/krishnaformeera/Sumitomo/datapipeline/venv/lib/python3.11/site-packages/airflow/example_dags/example_dataset_alias_with_no_taskflow.py for tasks to queue
[2025-08-31T18:40:35.984+0000] {logging_mixin.py:190} INFO - [2025-08-31T18:40:35.983+0000] {dagbag.py:588} INFO - Filling up the DagBag from /home/krishnaformeera/Sumitomo/datapipeline/venv/lib/python3.11/site-packages/airflow/example_dags/example_dataset_alias_with_no_taskflow.py
[2025-08-31T18:40:36.009+0000] {processor.py:925} INFO - DAG(s) 'dataset_alias_example_alias_producer_with_no_taskflow', 'dataset_alias_example_alias_consumer_with_no_taskflow', 'dataset_s3_bucket_producer_with_no_taskflow', 'dataset_s3_bucket_consumer_with_no_taskflow' retrieved from /home/krishnaformeera/Sumitomo/datapipeline/venv/lib/python3.11/site-packages/airflow/example_dags/example_dataset_alias_with_no_taskflow.py
[2025-08-31T18:40:36.027+0000] {logging_mixin.py:190} INFO - [2025-08-31T18:40:36.027+0000] {dag.py:3239} INFO - Sync 4 DAGs
[2025-08-31T18:40:36.045+0000] {logging_mixin.py:190} INFO - [2025-08-31T18:40:36.045+0000] {dag.py:4180} INFO - Setting next_dagrun for dataset_alias_example_alias_consumer_with_no_taskflow to None, run_after=None
[2025-08-31T18:40:36.047+0000] {logging_mixin.py:190} INFO - [2025-08-31T18:40:36.047+0000] {dag.py:4180} INFO - Setting next_dagrun for dataset_alias_example_alias_producer_with_no_taskflow to None, run_after=None
[2025-08-31T18:40:36.048+0000] {logging_mixin.py:190} INFO - [2025-08-31T18:40:36.048+0000] {dag.py:4180} INFO - Setting next_dagrun for dataset_s3_bucket_consumer_with_no_taskflow to None, run_after=None
[2025-08-31T18:40:36.049+0000] {logging_mixin.py:190} INFO - [2025-08-31T18:40:36.049+0000] {dag.py:4180} INFO - Setting next_dagrun for dataset_s3_bucket_producer_with_no_taskflow to None, run_after=None
[2025-08-31T18:40:36.073+0000] {processor.py:208} INFO - Processing /home/krishnaformeera/Sumitomo/datapipeline/venv/lib/python3.11/site-packages/airflow/example_dags/example_dataset_alias_with_no_taskflow.py took 0.099 seconds
[2025-08-31T18:41:29.040+0000] {processor.py:186} INFO - Started process (PID=6421) to work on /home/krishnaformeera/Sumitomo/datapipeline/venv/lib/python3.11/site-packages/airflow/example_dags/example_dataset_alias_with_no_taskflow.py
[2025-08-31T18:41:29.041+0000] {processor.py:914} INFO - Processing file /home/krishnaformeera/Sumitomo/datapipeline/venv/lib/python3.11/site-packages/airflow/example_dags/example_dataset_alias_with_no_taskflow.py for tasks to queue
[2025-08-31T18:41:29.043+0000] {logging_mixin.py:190} INFO - [2025-08-31T18:41:29.043+0000] {dagbag.py:588} INFO - Filling up the DagBag from /home/krishnaformeera/Sumitomo/datapipeline/venv/lib/python3.11/site-packages/airflow/example_dags/example_dataset_alias_with_no_taskflow.py
[2025-08-31T18:41:29.065+0000] {processor.py:925} INFO - DAG(s) 'dataset_s3_bucket_consumer_with_no_taskflow', 'dataset_alias_example_alias_consumer_with_no_taskflow', 'dataset_s3_bucket_producer_with_no_taskflow', 'dataset_alias_example_alias_producer_with_no_taskflow' retrieved from /home/krishnaformeera/Sumitomo/datapipeline/venv/lib/python3.11/site-packages/airflow/example_dags/example_dataset_alias_with_no_taskflow.py
[2025-08-31T18:41:29.082+0000] {logging_mixin.py:190} INFO - [2025-08-31T18:41:29.082+0000] {dag.py:3239} INFO - Sync 4 DAGs
[2025-08-31T18:41:29.099+0000] {logging_mixin.py:190} INFO - [2025-08-31T18:41:29.099+0000] {dag.py:4180} INFO - Setting next_dagrun for dataset_alias_example_alias_consumer_with_no_taskflow to None, run_after=None
[2025-08-31T18:41:29.101+0000] {logging_mixin.py:190} INFO - [2025-08-31T18:41:29.101+0000] {dag.py:4180} INFO - Setting next_dagrun for dataset_alias_example_alias_producer_with_no_taskflow to None, run_after=None
[2025-08-31T18:41:29.102+0000] {logging_mixin.py:190} INFO - [2025-08-31T18:41:29.102+0000] {dag.py:4180} INFO - Setting next_dagrun for dataset_s3_bucket_consumer_with_no_taskflow to None, run_after=None
[2025-08-31T18:41:29.103+0000] {logging_mixin.py:190} INFO - [2025-08-31T18:41:29.103+0000] {dag.py:4180} INFO - Setting next_dagrun for dataset_s3_bucket_producer_with_no_taskflow to None, run_after=None
[2025-08-31T18:41:29.126+0000] {processor.py:208} INFO - Processing /home/krishnaformeera/Sumitomo/datapipeline/venv/lib/python3.11/site-packages/airflow/example_dags/example_dataset_alias_with_no_taskflow.py took 0.092 seconds
[2025-08-31T18:42:28.544+0000] {processor.py:186} INFO - Started process (PID=6600) to work on /home/krishnaformeera/Sumitomo/datapipeline/venv/lib/python3.11/site-packages/airflow/example_dags/example_dataset_alias_with_no_taskflow.py
[2025-08-31T18:42:28.547+0000] {processor.py:914} INFO - Processing file /home/krishnaformeera/Sumitomo/datapipeline/venv/lib/python3.11/site-packages/airflow/example_dags/example_dataset_alias_with_no_taskflow.py for tasks to queue
[2025-08-31T18:42:28.553+0000] {logging_mixin.py:190} INFO - [2025-08-31T18:42:28.552+0000] {dagbag.py:588} INFO - Filling up the DagBag from /home/krishnaformeera/Sumitomo/datapipeline/venv/lib/python3.11/site-packages/airflow/example_dags/example_dataset_alias_with_no_taskflow.py
[2025-08-31T18:42:28.592+0000] {processor.py:925} INFO - DAG(s) 'dataset_alias_example_alias_consumer_with_no_taskflow', 'dataset_s3_bucket_producer_with_no_taskflow', 'dataset_alias_example_alias_producer_with_no_taskflow', 'dataset_s3_bucket_consumer_with_no_taskflow' retrieved from /home/krishnaformeera/Sumitomo/datapipeline/venv/lib/python3.11/site-packages/airflow/example_dags/example_dataset_alias_with_no_taskflow.py
[2025-08-31T18:42:28.612+0000] {logging_mixin.py:190} INFO - [2025-08-31T18:42:28.612+0000] {dag.py:3239} INFO - Sync 4 DAGs
[2025-08-31T18:42:28.723+0000] {logging_mixin.py:190} INFO - [2025-08-31T18:42:28.722+0000] {dag.py:4180} INFO - Setting next_dagrun for dataset_alias_example_alias_consumer_with_no_taskflow to None, run_after=None
[2025-08-31T18:42:28.724+0000] {logging_mixin.py:190} INFO - [2025-08-31T18:42:28.724+0000] {dag.py:4180} INFO - Setting next_dagrun for dataset_alias_example_alias_producer_with_no_taskflow to None, run_after=None
[2025-08-31T18:42:28.725+0000] {logging_mixin.py:190} INFO - [2025-08-31T18:42:28.725+0000] {dag.py:4180} INFO - Setting next_dagrun for dataset_s3_bucket_consumer_with_no_taskflow to None, run_after=None
[2025-08-31T18:42:28.726+0000] {logging_mixin.py:190} INFO - [2025-08-31T18:42:28.726+0000] {dag.py:4180} INFO - Setting next_dagrun for dataset_s3_bucket_producer_with_no_taskflow to None, run_after=None
[2025-08-31T18:42:28.746+0000] {processor.py:208} INFO - Processing /home/krishnaformeera/Sumitomo/datapipeline/venv/lib/python3.11/site-packages/airflow/example_dags/example_dataset_alias_with_no_taskflow.py took 0.214 seconds
[2025-08-31T18:43:28.470+0000] {processor.py:186} INFO - Started process (PID=6847) to work on /home/krishnaformeera/Sumitomo/datapipeline/venv/lib/python3.11/site-packages/airflow/example_dags/example_dataset_alias_with_no_taskflow.py
[2025-08-31T18:43:28.471+0000] {processor.py:914} INFO - Processing file /home/krishnaformeera/Sumitomo/datapipeline/venv/lib/python3.11/site-packages/airflow/example_dags/example_dataset_alias_with_no_taskflow.py for tasks to queue
[2025-08-31T18:43:28.474+0000] {logging_mixin.py:190} INFO - [2025-08-31T18:43:28.473+0000] {dagbag.py:588} INFO - Filling up the DagBag from /home/krishnaformeera/Sumitomo/datapipeline/venv/lib/python3.11/site-packages/airflow/example_dags/example_dataset_alias_with_no_taskflow.py
[2025-08-31T18:43:28.504+0000] {processor.py:925} INFO - DAG(s) 'dataset_s3_bucket_consumer_with_no_taskflow', 'dataset_alias_example_alias_producer_with_no_taskflow', 'dataset_s3_bucket_producer_with_no_taskflow', 'dataset_alias_example_alias_consumer_with_no_taskflow' retrieved from /home/krishnaformeera/Sumitomo/datapipeline/venv/lib/python3.11/site-packages/airflow/example_dags/example_dataset_alias_with_no_taskflow.py
[2025-08-31T18:43:28.535+0000] {logging_mixin.py:190} INFO - [2025-08-31T18:43:28.535+0000] {dag.py:3239} INFO - Sync 4 DAGs
[2025-08-31T18:43:28.560+0000] {logging_mixin.py:190} INFO - [2025-08-31T18:43:28.560+0000] {dag.py:4180} INFO - Setting next_dagrun for dataset_alias_example_alias_consumer_with_no_taskflow to None, run_after=None
[2025-08-31T18:43:28.562+0000] {logging_mixin.py:190} INFO - [2025-08-31T18:43:28.562+0000] {dag.py:4180} INFO - Setting next_dagrun for dataset_alias_example_alias_producer_with_no_taskflow to None, run_after=None
[2025-08-31T18:43:28.563+0000] {logging_mixin.py:190} INFO - [2025-08-31T18:43:28.563+0000] {dag.py:4180} INFO - Setting next_dagrun for dataset_s3_bucket_consumer_with_no_taskflow to None, run_after=None
[2025-08-31T18:43:28.564+0000] {logging_mixin.py:190} INFO - [2025-08-31T18:43:28.564+0000] {dag.py:4180} INFO - Setting next_dagrun for dataset_s3_bucket_producer_with_no_taskflow to None, run_after=None
[2025-08-31T18:43:28.595+0000] {processor.py:208} INFO - Processing /home/krishnaformeera/Sumitomo/datapipeline/venv/lib/python3.11/site-packages/airflow/example_dags/example_dataset_alias_with_no_taskflow.py took 0.133 seconds
[2025-08-31T18:44:42.384+0000] {processor.py:186} INFO - Started process (PID=7149) to work on /home/krishnaformeera/Sumitomo/datapipeline/venv/lib/python3.11/site-packages/airflow/example_dags/example_dataset_alias_with_no_taskflow.py
[2025-08-31T18:44:42.391+0000] {processor.py:914} INFO - Processing file /home/krishnaformeera/Sumitomo/datapipeline/venv/lib/python3.11/site-packages/airflow/example_dags/example_dataset_alias_with_no_taskflow.py for tasks to queue
[2025-08-31T18:44:42.394+0000] {logging_mixin.py:190} INFO - [2025-08-31T18:44:42.393+0000] {dagbag.py:588} INFO - Filling up the DagBag from /home/krishnaformeera/Sumitomo/datapipeline/venv/lib/python3.11/site-packages/airflow/example_dags/example_dataset_alias_with_no_taskflow.py
[2025-08-31T18:44:42.447+0000] {processor.py:925} INFO - DAG(s) 'dataset_s3_bucket_producer_with_no_taskflow', 'dataset_alias_example_alias_producer_with_no_taskflow', 'dataset_alias_example_alias_consumer_with_no_taskflow', 'dataset_s3_bucket_consumer_with_no_taskflow' retrieved from /home/krishnaformeera/Sumitomo/datapipeline/venv/lib/python3.11/site-packages/airflow/example_dags/example_dataset_alias_with_no_taskflow.py
[2025-08-31T18:44:42.484+0000] {logging_mixin.py:190} INFO - [2025-08-31T18:44:42.483+0000] {dag.py:3239} INFO - Sync 4 DAGs
[2025-08-31T18:44:42.505+0000] {logging_mixin.py:190} INFO - [2025-08-31T18:44:42.505+0000] {dag.py:4180} INFO - Setting next_dagrun for dataset_alias_example_alias_consumer_with_no_taskflow to None, run_after=None
[2025-08-31T18:44:42.509+0000] {logging_mixin.py:190} INFO - [2025-08-31T18:44:42.509+0000] {dag.py:4180} INFO - Setting next_dagrun for dataset_alias_example_alias_producer_with_no_taskflow to None, run_after=None
[2025-08-31T18:44:42.510+0000] {logging_mixin.py:190} INFO - [2025-08-31T18:44:42.510+0000] {dag.py:4180} INFO - Setting next_dagrun for dataset_s3_bucket_consumer_with_no_taskflow to None, run_after=None
[2025-08-31T18:44:42.510+0000] {logging_mixin.py:190} INFO - [2025-08-31T18:44:42.510+0000] {dag.py:4180} INFO - Setting next_dagrun for dataset_s3_bucket_producer_with_no_taskflow to None, run_after=None
[2025-08-31T18:44:42.535+0000] {processor.py:208} INFO - Processing /home/krishnaformeera/Sumitomo/datapipeline/venv/lib/python3.11/site-packages/airflow/example_dags/example_dataset_alias_with_no_taskflow.py took 0.166 seconds
[2025-08-31T18:45:58.289+0000] {processor.py:186} INFO - Started process (PID=7603) to work on /home/krishnaformeera/Sumitomo/datapipeline/venv/lib/python3.11/site-packages/airflow/example_dags/example_dataset_alias_with_no_taskflow.py
[2025-08-31T18:45:58.291+0000] {processor.py:914} INFO - Processing file /home/krishnaformeera/Sumitomo/datapipeline/venv/lib/python3.11/site-packages/airflow/example_dags/example_dataset_alias_with_no_taskflow.py for tasks to queue
[2025-08-31T18:45:58.294+0000] {logging_mixin.py:190} INFO - [2025-08-31T18:45:58.293+0000] {dagbag.py:588} INFO - Filling up the DagBag from /home/krishnaformeera/Sumitomo/datapipeline/venv/lib/python3.11/site-packages/airflow/example_dags/example_dataset_alias_with_no_taskflow.py
[2025-08-31T18:45:58.315+0000] {processor.py:925} INFO - DAG(s) 'dataset_alias_example_alias_producer_with_no_taskflow', 'dataset_s3_bucket_consumer_with_no_taskflow', 'dataset_s3_bucket_producer_with_no_taskflow', 'dataset_alias_example_alias_consumer_with_no_taskflow' retrieved from /home/krishnaformeera/Sumitomo/datapipeline/venv/lib/python3.11/site-packages/airflow/example_dags/example_dataset_alias_with_no_taskflow.py
[2025-08-31T18:45:58.331+0000] {logging_mixin.py:190} INFO - [2025-08-31T18:45:58.331+0000] {dag.py:3239} INFO - Sync 4 DAGs
[2025-08-31T18:45:58.352+0000] {logging_mixin.py:190} INFO - [2025-08-31T18:45:58.352+0000] {dag.py:4180} INFO - Setting next_dagrun for dataset_alias_example_alias_consumer_with_no_taskflow to None, run_after=None
[2025-08-31T18:45:58.354+0000] {logging_mixin.py:190} INFO - [2025-08-31T18:45:58.354+0000] {dag.py:4180} INFO - Setting next_dagrun for dataset_alias_example_alias_producer_with_no_taskflow to None, run_after=None
[2025-08-31T18:45:58.355+0000] {logging_mixin.py:190} INFO - [2025-08-31T18:45:58.355+0000] {dag.py:4180} INFO - Setting next_dagrun for dataset_s3_bucket_consumer_with_no_taskflow to None, run_after=None
[2025-08-31T18:45:58.356+0000] {logging_mixin.py:190} INFO - [2025-08-31T18:45:58.356+0000] {dag.py:4180} INFO - Setting next_dagrun for dataset_s3_bucket_producer_with_no_taskflow to None, run_after=None
[2025-08-31T18:45:58.383+0000] {processor.py:208} INFO - Processing /home/krishnaformeera/Sumitomo/datapipeline/venv/lib/python3.11/site-packages/airflow/example_dags/example_dataset_alias_with_no_taskflow.py took 0.103 seconds
[2025-08-31T18:46:54.311+0000] {processor.py:186} INFO - Started process (PID=7760) to work on /home/krishnaformeera/Sumitomo/datapipeline/venv/lib/python3.11/site-packages/airflow/example_dags/example_dataset_alias_with_no_taskflow.py
[2025-08-31T18:46:54.312+0000] {processor.py:914} INFO - Processing file /home/krishnaformeera/Sumitomo/datapipeline/venv/lib/python3.11/site-packages/airflow/example_dags/example_dataset_alias_with_no_taskflow.py for tasks to queue
[2025-08-31T18:46:54.314+0000] {logging_mixin.py:190} INFO - [2025-08-31T18:46:54.314+0000] {dagbag.py:588} INFO - Filling up the DagBag from /home/krishnaformeera/Sumitomo/datapipeline/venv/lib/python3.11/site-packages/airflow/example_dags/example_dataset_alias_with_no_taskflow.py
[2025-08-31T18:46:54.343+0000] {processor.py:925} INFO - DAG(s) 'dataset_alias_example_alias_producer_with_no_taskflow', 'dataset_s3_bucket_consumer_with_no_taskflow', 'dataset_alias_example_alias_consumer_with_no_taskflow', 'dataset_s3_bucket_producer_with_no_taskflow' retrieved from /home/krishnaformeera/Sumitomo/datapipeline/venv/lib/python3.11/site-packages/airflow/example_dags/example_dataset_alias_with_no_taskflow.py
[2025-08-31T18:46:54.366+0000] {logging_mixin.py:190} INFO - [2025-08-31T18:46:54.366+0000] {dag.py:3239} INFO - Sync 4 DAGs
[2025-08-31T18:46:54.387+0000] {logging_mixin.py:190} INFO - [2025-08-31T18:46:54.386+0000] {dag.py:4180} INFO - Setting next_dagrun for dataset_alias_example_alias_consumer_with_no_taskflow to None, run_after=None
[2025-08-31T18:46:54.389+0000] {logging_mixin.py:190} INFO - [2025-08-31T18:46:54.388+0000] {dag.py:4180} INFO - Setting next_dagrun for dataset_alias_example_alias_producer_with_no_taskflow to None, run_after=None
[2025-08-31T18:46:54.390+0000] {logging_mixin.py:190} INFO - [2025-08-31T18:46:54.390+0000] {dag.py:4180} INFO - Setting next_dagrun for dataset_s3_bucket_consumer_with_no_taskflow to None, run_after=None
[2025-08-31T18:46:54.391+0000] {logging_mixin.py:190} INFO - [2025-08-31T18:46:54.390+0000] {dag.py:4180} INFO - Setting next_dagrun for dataset_s3_bucket_producer_with_no_taskflow to None, run_after=None
[2025-08-31T18:46:54.416+0000] {processor.py:208} INFO - Processing /home/krishnaformeera/Sumitomo/datapipeline/venv/lib/python3.11/site-packages/airflow/example_dags/example_dataset_alias_with_no_taskflow.py took 0.112 seconds
[2025-08-31T18:47:47.095+0000] {processor.py:186} INFO - Started process (PID=7817) to work on /home/krishnaformeera/Sumitomo/datapipeline/venv/lib/python3.11/site-packages/airflow/example_dags/example_dataset_alias_with_no_taskflow.py
[2025-08-31T18:47:47.096+0000] {processor.py:914} INFO - Processing file /home/krishnaformeera/Sumitomo/datapipeline/venv/lib/python3.11/site-packages/airflow/example_dags/example_dataset_alias_with_no_taskflow.py for tasks to queue
[2025-08-31T18:47:47.098+0000] {logging_mixin.py:190} INFO - [2025-08-31T18:47:47.098+0000] {dagbag.py:588} INFO - Filling up the DagBag from /home/krishnaformeera/Sumitomo/datapipeline/venv/lib/python3.11/site-packages/airflow/example_dags/example_dataset_alias_with_no_taskflow.py
[2025-08-31T18:47:47.129+0000] {processor.py:925} INFO - DAG(s) 'dataset_s3_bucket_producer_with_no_taskflow', 'dataset_alias_example_alias_consumer_with_no_taskflow', 'dataset_alias_example_alias_producer_with_no_taskflow', 'dataset_s3_bucket_consumer_with_no_taskflow' retrieved from /home/krishnaformeera/Sumitomo/datapipeline/venv/lib/python3.11/site-packages/airflow/example_dags/example_dataset_alias_with_no_taskflow.py
[2025-08-31T18:47:47.154+0000] {logging_mixin.py:190} INFO - [2025-08-31T18:47:47.153+0000] {dag.py:3239} INFO - Sync 4 DAGs
[2025-08-31T18:47:47.177+0000] {logging_mixin.py:190} INFO - [2025-08-31T18:47:47.177+0000] {dag.py:4180} INFO - Setting next_dagrun for dataset_alias_example_alias_consumer_with_no_taskflow to None, run_after=None
[2025-08-31T18:47:47.179+0000] {logging_mixin.py:190} INFO - [2025-08-31T18:47:47.179+0000] {dag.py:4180} INFO - Setting next_dagrun for dataset_alias_example_alias_producer_with_no_taskflow to None, run_after=None
[2025-08-31T18:47:47.180+0000] {logging_mixin.py:190} INFO - [2025-08-31T18:47:47.180+0000] {dag.py:4180} INFO - Setting next_dagrun for dataset_s3_bucket_consumer_with_no_taskflow to None, run_after=None
[2025-08-31T18:47:47.181+0000] {logging_mixin.py:190} INFO - [2025-08-31T18:47:47.181+0000] {dag.py:4180} INFO - Setting next_dagrun for dataset_s3_bucket_producer_with_no_taskflow to None, run_after=None
[2025-08-31T18:47:47.211+0000] {processor.py:208} INFO - Processing /home/krishnaformeera/Sumitomo/datapipeline/venv/lib/python3.11/site-packages/airflow/example_dags/example_dataset_alias_with_no_taskflow.py took 0.124 seconds
[2025-08-31T18:49:01.021+0000] {processor.py:186} INFO - Started process (PID=7899) to work on /home/krishnaformeera/Sumitomo/datapipeline/venv/lib/python3.11/site-packages/airflow/example_dags/example_dataset_alias_with_no_taskflow.py
[2025-08-31T18:49:01.022+0000] {processor.py:914} INFO - Processing file /home/krishnaformeera/Sumitomo/datapipeline/venv/lib/python3.11/site-packages/airflow/example_dags/example_dataset_alias_with_no_taskflow.py for tasks to queue
[2025-08-31T18:49:01.024+0000] {logging_mixin.py:190} INFO - [2025-08-31T18:49:01.024+0000] {dagbag.py:588} INFO - Filling up the DagBag from /home/krishnaformeera/Sumitomo/datapipeline/venv/lib/python3.11/site-packages/airflow/example_dags/example_dataset_alias_with_no_taskflow.py
[2025-08-31T18:49:01.046+0000] {processor.py:925} INFO - DAG(s) 'dataset_s3_bucket_consumer_with_no_taskflow', 'dataset_alias_example_alias_consumer_with_no_taskflow', 'dataset_alias_example_alias_producer_with_no_taskflow', 'dataset_s3_bucket_producer_with_no_taskflow' retrieved from /home/krishnaformeera/Sumitomo/datapipeline/venv/lib/python3.11/site-packages/airflow/example_dags/example_dataset_alias_with_no_taskflow.py
[2025-08-31T18:49:01.064+0000] {logging_mixin.py:190} INFO - [2025-08-31T18:49:01.064+0000] {dag.py:3239} INFO - Sync 4 DAGs
[2025-08-31T18:49:01.081+0000] {logging_mixin.py:190} INFO - [2025-08-31T18:49:01.080+0000] {dag.py:4180} INFO - Setting next_dagrun for dataset_alias_example_alias_consumer_with_no_taskflow to None, run_after=None
[2025-08-31T18:49:01.082+0000] {logging_mixin.py:190} INFO - [2025-08-31T18:49:01.082+0000] {dag.py:4180} INFO - Setting next_dagrun for dataset_alias_example_alias_producer_with_no_taskflow to None, run_after=None
[2025-08-31T18:49:01.083+0000] {logging_mixin.py:190} INFO - [2025-08-31T18:49:01.083+0000] {dag.py:4180} INFO - Setting next_dagrun for dataset_s3_bucket_consumer_with_no_taskflow to None, run_after=None
[2025-08-31T18:49:01.084+0000] {logging_mixin.py:190} INFO - [2025-08-31T18:49:01.084+0000] {dag.py:4180} INFO - Setting next_dagrun for dataset_s3_bucket_producer_with_no_taskflow to None, run_after=None
[2025-08-31T18:49:01.110+0000] {processor.py:208} INFO - Processing /home/krishnaformeera/Sumitomo/datapipeline/venv/lib/python3.11/site-packages/airflow/example_dags/example_dataset_alias_with_no_taskflow.py took 0.097 seconds
[2025-08-31T18:50:18.780+0000] {processor.py:186} INFO - Started process (PID=8043) to work on /home/krishnaformeera/Sumitomo/datapipeline/venv/lib/python3.11/site-packages/airflow/example_dags/example_dataset_alias_with_no_taskflow.py
[2025-08-31T18:50:18.781+0000] {processor.py:914} INFO - Processing file /home/krishnaformeera/Sumitomo/datapipeline/venv/lib/python3.11/site-packages/airflow/example_dags/example_dataset_alias_with_no_taskflow.py for tasks to queue
[2025-08-31T18:50:18.785+0000] {logging_mixin.py:190} INFO - [2025-08-31T18:50:18.784+0000] {dagbag.py:588} INFO - Filling up the DagBag from /home/krishnaformeera/Sumitomo/datapipeline/venv/lib/python3.11/site-packages/airflow/example_dags/example_dataset_alias_with_no_taskflow.py
[2025-08-31T18:50:18.813+0000] {processor.py:925} INFO - DAG(s) 'dataset_s3_bucket_producer_with_no_taskflow', 'dataset_s3_bucket_consumer_with_no_taskflow', 'dataset_alias_example_alias_consumer_with_no_taskflow', 'dataset_alias_example_alias_producer_with_no_taskflow' retrieved from /home/krishnaformeera/Sumitomo/datapipeline/venv/lib/python3.11/site-packages/airflow/example_dags/example_dataset_alias_with_no_taskflow.py
[2025-08-31T18:50:18.839+0000] {logging_mixin.py:190} INFO - [2025-08-31T18:50:18.839+0000] {dag.py:3239} INFO - Sync 4 DAGs
[2025-08-31T18:50:18.860+0000] {logging_mixin.py:190} INFO - [2025-08-31T18:50:18.859+0000] {dag.py:4180} INFO - Setting next_dagrun for dataset_alias_example_alias_consumer_with_no_taskflow to None, run_after=None
[2025-08-31T18:50:18.861+0000] {logging_mixin.py:190} INFO - [2025-08-31T18:50:18.861+0000] {dag.py:4180} INFO - Setting next_dagrun for dataset_alias_example_alias_producer_with_no_taskflow to None, run_after=None
[2025-08-31T18:50:18.862+0000] {logging_mixin.py:190} INFO - [2025-08-31T18:50:18.862+0000] {dag.py:4180} INFO - Setting next_dagrun for dataset_s3_bucket_consumer_with_no_taskflow to None, run_after=None
[2025-08-31T18:50:18.863+0000] {logging_mixin.py:190} INFO - [2025-08-31T18:50:18.863+0000] {dag.py:4180} INFO - Setting next_dagrun for dataset_s3_bucket_producer_with_no_taskflow to None, run_after=None
[2025-08-31T18:50:18.890+0000] {processor.py:208} INFO - Processing /home/krishnaformeera/Sumitomo/datapipeline/venv/lib/python3.11/site-packages/airflow/example_dags/example_dataset_alias_with_no_taskflow.py took 0.116 seconds
[2025-08-31T18:51:11.618+0000] {processor.py:186} INFO - Started process (PID=8125) to work on /home/krishnaformeera/Sumitomo/datapipeline/venv/lib/python3.11/site-packages/airflow/example_dags/example_dataset_alias_with_no_taskflow.py
[2025-08-31T18:51:11.619+0000] {processor.py:914} INFO - Processing file /home/krishnaformeera/Sumitomo/datapipeline/venv/lib/python3.11/site-packages/airflow/example_dags/example_dataset_alias_with_no_taskflow.py for tasks to queue
[2025-08-31T18:51:11.621+0000] {logging_mixin.py:190} INFO - [2025-08-31T18:51:11.620+0000] {dagbag.py:588} INFO - Filling up the DagBag from /home/krishnaformeera/Sumitomo/datapipeline/venv/lib/python3.11/site-packages/airflow/example_dags/example_dataset_alias_with_no_taskflow.py
[2025-08-31T18:51:11.644+0000] {processor.py:925} INFO - DAG(s) 'dataset_alias_example_alias_consumer_with_no_taskflow', 'dataset_alias_example_alias_producer_with_no_taskflow', 'dataset_s3_bucket_consumer_with_no_taskflow', 'dataset_s3_bucket_producer_with_no_taskflow' retrieved from /home/krishnaformeera/Sumitomo/datapipeline/venv/lib/python3.11/site-packages/airflow/example_dags/example_dataset_alias_with_no_taskflow.py
[2025-08-31T18:51:11.661+0000] {logging_mixin.py:190} INFO - [2025-08-31T18:51:11.661+0000] {dag.py:3239} INFO - Sync 4 DAGs
[2025-08-31T18:51:11.679+0000] {logging_mixin.py:190} INFO - [2025-08-31T18:51:11.679+0000] {dag.py:4180} INFO - Setting next_dagrun for dataset_alias_example_alias_consumer_with_no_taskflow to None, run_after=None
[2025-08-31T18:51:11.681+0000] {logging_mixin.py:190} INFO - [2025-08-31T18:51:11.681+0000] {dag.py:4180} INFO - Setting next_dagrun for dataset_alias_example_alias_producer_with_no_taskflow to None, run_after=None
[2025-08-31T18:51:11.682+0000] {logging_mixin.py:190} INFO - [2025-08-31T18:51:11.682+0000] {dag.py:4180} INFO - Setting next_dagrun for dataset_s3_bucket_consumer_with_no_taskflow to None, run_after=None
[2025-08-31T18:51:11.682+0000] {logging_mixin.py:190} INFO - [2025-08-31T18:51:11.682+0000] {dag.py:4180} INFO - Setting next_dagrun for dataset_s3_bucket_producer_with_no_taskflow to None, run_after=None
[2025-08-31T18:51:11.707+0000] {processor.py:208} INFO - Processing /home/krishnaformeera/Sumitomo/datapipeline/venv/lib/python3.11/site-packages/airflow/example_dags/example_dataset_alias_with_no_taskflow.py took 0.096 seconds
[2025-08-31T18:52:24.296+0000] {processor.py:186} INFO - Started process (PID=8230) to work on /home/krishnaformeera/Sumitomo/datapipeline/venv/lib/python3.11/site-packages/airflow/example_dags/example_dataset_alias_with_no_taskflow.py
[2025-08-31T18:52:24.297+0000] {processor.py:914} INFO - Processing file /home/krishnaformeera/Sumitomo/datapipeline/venv/lib/python3.11/site-packages/airflow/example_dags/example_dataset_alias_with_no_taskflow.py for tasks to queue
[2025-08-31T18:52:24.299+0000] {logging_mixin.py:190} INFO - [2025-08-31T18:52:24.299+0000] {dagbag.py:588} INFO - Filling up the DagBag from /home/krishnaformeera/Sumitomo/datapipeline/venv/lib/python3.11/site-packages/airflow/example_dags/example_dataset_alias_with_no_taskflow.py
[2025-08-31T18:52:24.322+0000] {processor.py:925} INFO - DAG(s) 'dataset_alias_example_alias_producer_with_no_taskflow', 'dataset_s3_bucket_consumer_with_no_taskflow', 'dataset_alias_example_alias_consumer_with_no_taskflow', 'dataset_s3_bucket_producer_with_no_taskflow' retrieved from /home/krishnaformeera/Sumitomo/datapipeline/venv/lib/python3.11/site-packages/airflow/example_dags/example_dataset_alias_with_no_taskflow.py
[2025-08-31T18:52:24.340+0000] {logging_mixin.py:190} INFO - [2025-08-31T18:52:24.339+0000] {dag.py:3239} INFO - Sync 4 DAGs
[2025-08-31T18:52:24.357+0000] {logging_mixin.py:190} INFO - [2025-08-31T18:52:24.357+0000] {dag.py:4180} INFO - Setting next_dagrun for dataset_alias_example_alias_consumer_with_no_taskflow to None, run_after=None
[2025-08-31T18:52:24.359+0000] {logging_mixin.py:190} INFO - [2025-08-31T18:52:24.359+0000] {dag.py:4180} INFO - Setting next_dagrun for dataset_alias_example_alias_producer_with_no_taskflow to None, run_after=None
[2025-08-31T18:52:24.360+0000] {logging_mixin.py:190} INFO - [2025-08-31T18:52:24.360+0000] {dag.py:4180} INFO - Setting next_dagrun for dataset_s3_bucket_consumer_with_no_taskflow to None, run_after=None
[2025-08-31T18:52:24.360+0000] {logging_mixin.py:190} INFO - [2025-08-31T18:52:24.360+0000] {dag.py:4180} INFO - Setting next_dagrun for dataset_s3_bucket_producer_with_no_taskflow to None, run_after=None
[2025-08-31T18:52:24.383+0000] {processor.py:208} INFO - Processing /home/krishnaformeera/Sumitomo/datapipeline/venv/lib/python3.11/site-packages/airflow/example_dags/example_dataset_alias_with_no_taskflow.py took 0.094 seconds
[2025-08-31T18:53:38.800+0000] {processor.py:186} INFO - Started process (PID=8447) to work on /home/krishnaformeera/Sumitomo/datapipeline/venv/lib/python3.11/site-packages/airflow/example_dags/example_dataset_alias_with_no_taskflow.py
[2025-08-31T18:53:38.801+0000] {processor.py:914} INFO - Processing file /home/krishnaformeera/Sumitomo/datapipeline/venv/lib/python3.11/site-packages/airflow/example_dags/example_dataset_alias_with_no_taskflow.py for tasks to queue
[2025-08-31T18:53:38.803+0000] {logging_mixin.py:190} INFO - [2025-08-31T18:53:38.803+0000] {dagbag.py:588} INFO - Filling up the DagBag from /home/krishnaformeera/Sumitomo/datapipeline/venv/lib/python3.11/site-packages/airflow/example_dags/example_dataset_alias_with_no_taskflow.py
[2025-08-31T18:53:38.827+0000] {processor.py:925} INFO - DAG(s) 'dataset_s3_bucket_producer_with_no_taskflow', 'dataset_s3_bucket_consumer_with_no_taskflow', 'dataset_alias_example_alias_producer_with_no_taskflow', 'dataset_alias_example_alias_consumer_with_no_taskflow' retrieved from /home/krishnaformeera/Sumitomo/datapipeline/venv/lib/python3.11/site-packages/airflow/example_dags/example_dataset_alias_with_no_taskflow.py
[2025-08-31T18:53:38.848+0000] {logging_mixin.py:190} INFO - [2025-08-31T18:53:38.847+0000] {dag.py:3239} INFO - Sync 4 DAGs
[2025-08-31T18:53:38.867+0000] {logging_mixin.py:190} INFO - [2025-08-31T18:53:38.866+0000] {dag.py:4180} INFO - Setting next_dagrun for dataset_alias_example_alias_consumer_with_no_taskflow to None, run_after=None
[2025-08-31T18:53:38.869+0000] {logging_mixin.py:190} INFO - [2025-08-31T18:53:38.869+0000] {dag.py:4180} INFO - Setting next_dagrun for dataset_alias_example_alias_producer_with_no_taskflow to None, run_after=None
[2025-08-31T18:53:38.870+0000] {logging_mixin.py:190} INFO - [2025-08-31T18:53:38.870+0000] {dag.py:4180} INFO - Setting next_dagrun for dataset_s3_bucket_consumer_with_no_taskflow to None, run_after=None
[2025-08-31T18:53:38.871+0000] {logging_mixin.py:190} INFO - [2025-08-31T18:53:38.871+0000] {dag.py:4180} INFO - Setting next_dagrun for dataset_s3_bucket_producer_with_no_taskflow to None, run_after=None
[2025-08-31T18:53:38.894+0000] {processor.py:208} INFO - Processing /home/krishnaformeera/Sumitomo/datapipeline/venv/lib/python3.11/site-packages/airflow/example_dags/example_dataset_alias_with_no_taskflow.py took 0.103 seconds
[2025-08-31T18:54:53.247+0000] {processor.py:186} INFO - Started process (PID=8545) to work on /home/krishnaformeera/Sumitomo/datapipeline/venv/lib/python3.11/site-packages/airflow/example_dags/example_dataset_alias_with_no_taskflow.py
[2025-08-31T18:54:53.248+0000] {processor.py:914} INFO - Processing file /home/krishnaformeera/Sumitomo/datapipeline/venv/lib/python3.11/site-packages/airflow/example_dags/example_dataset_alias_with_no_taskflow.py for tasks to queue
[2025-08-31T18:54:53.251+0000] {logging_mixin.py:190} INFO - [2025-08-31T18:54:53.251+0000] {dagbag.py:588} INFO - Filling up the DagBag from /home/krishnaformeera/Sumitomo/datapipeline/venv/lib/python3.11/site-packages/airflow/example_dags/example_dataset_alias_with_no_taskflow.py
[2025-08-31T18:54:53.276+0000] {processor.py:925} INFO - DAG(s) 'dataset_s3_bucket_producer_with_no_taskflow', 'dataset_alias_example_alias_consumer_with_no_taskflow', 'dataset_alias_example_alias_producer_with_no_taskflow', 'dataset_s3_bucket_consumer_with_no_taskflow' retrieved from /home/krishnaformeera/Sumitomo/datapipeline/venv/lib/python3.11/site-packages/airflow/example_dags/example_dataset_alias_with_no_taskflow.py
[2025-08-31T18:54:53.296+0000] {logging_mixin.py:190} INFO - [2025-08-31T18:54:53.296+0000] {dag.py:3239} INFO - Sync 4 DAGs
[2025-08-31T18:54:53.317+0000] {logging_mixin.py:190} INFO - [2025-08-31T18:54:53.317+0000] {dag.py:4180} INFO - Setting next_dagrun for dataset_alias_example_alias_consumer_with_no_taskflow to None, run_after=None
[2025-08-31T18:54:53.320+0000] {logging_mixin.py:190} INFO - [2025-08-31T18:54:53.320+0000] {dag.py:4180} INFO - Setting next_dagrun for dataset_alias_example_alias_producer_with_no_taskflow to None, run_after=None
[2025-08-31T18:54:53.321+0000] {logging_mixin.py:190} INFO - [2025-08-31T18:54:53.321+0000] {dag.py:4180} INFO - Setting next_dagrun for dataset_s3_bucket_consumer_with_no_taskflow to None, run_after=None
[2025-08-31T18:54:53.322+0000] {logging_mixin.py:190} INFO - [2025-08-31T18:54:53.322+0000] {dag.py:4180} INFO - Setting next_dagrun for dataset_s3_bucket_producer_with_no_taskflow to None, run_after=None
[2025-08-31T18:54:53.351+0000] {processor.py:208} INFO - Processing /home/krishnaformeera/Sumitomo/datapipeline/venv/lib/python3.11/site-packages/airflow/example_dags/example_dataset_alias_with_no_taskflow.py took 0.111 seconds
[2025-08-31T18:56:12.168+0000] {processor.py:186} INFO - Started process (PID=8651) to work on /home/krishnaformeera/Sumitomo/datapipeline/venv/lib/python3.11/site-packages/airflow/example_dags/example_dataset_alias_with_no_taskflow.py
[2025-08-31T18:56:12.169+0000] {processor.py:914} INFO - Processing file /home/krishnaformeera/Sumitomo/datapipeline/venv/lib/python3.11/site-packages/airflow/example_dags/example_dataset_alias_with_no_taskflow.py for tasks to queue
[2025-08-31T18:56:12.171+0000] {logging_mixin.py:190} INFO - [2025-08-31T18:56:12.171+0000] {dagbag.py:588} INFO - Filling up the DagBag from /home/krishnaformeera/Sumitomo/datapipeline/venv/lib/python3.11/site-packages/airflow/example_dags/example_dataset_alias_with_no_taskflow.py
[2025-08-31T18:56:12.199+0000] {processor.py:925} INFO - DAG(s) 'dataset_s3_bucket_consumer_with_no_taskflow', 'dataset_s3_bucket_producer_with_no_taskflow', 'dataset_alias_example_alias_producer_with_no_taskflow', 'dataset_alias_example_alias_consumer_with_no_taskflow' retrieved from /home/krishnaformeera/Sumitomo/datapipeline/venv/lib/python3.11/site-packages/airflow/example_dags/example_dataset_alias_with_no_taskflow.py
[2025-08-31T18:56:12.225+0000] {logging_mixin.py:190} INFO - [2025-08-31T18:56:12.225+0000] {dag.py:3239} INFO - Sync 4 DAGs
[2025-08-31T18:56:12.248+0000] {logging_mixin.py:190} INFO - [2025-08-31T18:56:12.247+0000] {dag.py:4180} INFO - Setting next_dagrun for dataset_alias_example_alias_consumer_with_no_taskflow to None, run_after=None
[2025-08-31T18:56:12.251+0000] {logging_mixin.py:190} INFO - [2025-08-31T18:56:12.251+0000] {dag.py:4180} INFO - Setting next_dagrun for dataset_alias_example_alias_producer_with_no_taskflow to None, run_after=None
[2025-08-31T18:56:12.253+0000] {logging_mixin.py:190} INFO - [2025-08-31T18:56:12.252+0000] {dag.py:4180} INFO - Setting next_dagrun for dataset_s3_bucket_consumer_with_no_taskflow to None, run_after=None
[2025-08-31T18:56:12.254+0000] {logging_mixin.py:190} INFO - [2025-08-31T18:56:12.254+0000] {dag.py:4180} INFO - Setting next_dagrun for dataset_s3_bucket_producer_with_no_taskflow to None, run_after=None
[2025-08-31T18:56:12.284+0000] {processor.py:208} INFO - Processing /home/krishnaformeera/Sumitomo/datapipeline/venv/lib/python3.11/site-packages/airflow/example_dags/example_dataset_alias_with_no_taskflow.py took 0.124 seconds
[2025-08-31T18:57:05.743+0000] {processor.py:186} INFO - Started process (PID=8704) to work on /home/krishnaformeera/Sumitomo/datapipeline/venv/lib/python3.11/site-packages/airflow/example_dags/example_dataset_alias_with_no_taskflow.py
[2025-08-31T18:57:05.744+0000] {processor.py:914} INFO - Processing file /home/krishnaformeera/Sumitomo/datapipeline/venv/lib/python3.11/site-packages/airflow/example_dags/example_dataset_alias_with_no_taskflow.py for tasks to queue
[2025-08-31T18:57:05.746+0000] {logging_mixin.py:190} INFO - [2025-08-31T18:57:05.746+0000] {dagbag.py:588} INFO - Filling up the DagBag from /home/krishnaformeera/Sumitomo/datapipeline/venv/lib/python3.11/site-packages/airflow/example_dags/example_dataset_alias_with_no_taskflow.py
[2025-08-31T18:57:05.769+0000] {processor.py:925} INFO - DAG(s) 'dataset_alias_example_alias_producer_with_no_taskflow', 'dataset_alias_example_alias_consumer_with_no_taskflow', 'dataset_s3_bucket_consumer_with_no_taskflow', 'dataset_s3_bucket_producer_with_no_taskflow' retrieved from /home/krishnaformeera/Sumitomo/datapipeline/venv/lib/python3.11/site-packages/airflow/example_dags/example_dataset_alias_with_no_taskflow.py
[2025-08-31T18:57:05.787+0000] {logging_mixin.py:190} INFO - [2025-08-31T18:57:05.787+0000] {dag.py:3239} INFO - Sync 4 DAGs
[2025-08-31T18:57:05.806+0000] {logging_mixin.py:190} INFO - [2025-08-31T18:57:05.806+0000] {dag.py:4180} INFO - Setting next_dagrun for dataset_alias_example_alias_consumer_with_no_taskflow to None, run_after=None
[2025-08-31T18:57:05.808+0000] {logging_mixin.py:190} INFO - [2025-08-31T18:57:05.808+0000] {dag.py:4180} INFO - Setting next_dagrun for dataset_alias_example_alias_producer_with_no_taskflow to None, run_after=None
[2025-08-31T18:57:05.809+0000] {logging_mixin.py:190} INFO - [2025-08-31T18:57:05.808+0000] {dag.py:4180} INFO - Setting next_dagrun for dataset_s3_bucket_consumer_with_no_taskflow to None, run_after=None
[2025-08-31T18:57:05.809+0000] {logging_mixin.py:190} INFO - [2025-08-31T18:57:05.809+0000] {dag.py:4180} INFO - Setting next_dagrun for dataset_s3_bucket_producer_with_no_taskflow to None, run_after=None
[2025-08-31T18:57:05.834+0000] {processor.py:208} INFO - Processing /home/krishnaformeera/Sumitomo/datapipeline/venv/lib/python3.11/site-packages/airflow/example_dags/example_dataset_alias_with_no_taskflow.py took 0.097 seconds
[2025-08-31T18:57:58.334+0000] {processor.py:186} INFO - Started process (PID=8758) to work on /home/krishnaformeera/Sumitomo/datapipeline/venv/lib/python3.11/site-packages/airflow/example_dags/example_dataset_alias_with_no_taskflow.py
[2025-08-31T18:57:58.335+0000] {processor.py:914} INFO - Processing file /home/krishnaformeera/Sumitomo/datapipeline/venv/lib/python3.11/site-packages/airflow/example_dags/example_dataset_alias_with_no_taskflow.py for tasks to queue
[2025-08-31T18:57:58.337+0000] {logging_mixin.py:190} INFO - [2025-08-31T18:57:58.337+0000] {dagbag.py:588} INFO - Filling up the DagBag from /home/krishnaformeera/Sumitomo/datapipeline/venv/lib/python3.11/site-packages/airflow/example_dags/example_dataset_alias_with_no_taskflow.py
[2025-08-31T18:57:58.361+0000] {processor.py:925} INFO - DAG(s) 'dataset_alias_example_alias_producer_with_no_taskflow', 'dataset_s3_bucket_consumer_with_no_taskflow', 'dataset_alias_example_alias_consumer_with_no_taskflow', 'dataset_s3_bucket_producer_with_no_taskflow' retrieved from /home/krishnaformeera/Sumitomo/datapipeline/venv/lib/python3.11/site-packages/airflow/example_dags/example_dataset_alias_with_no_taskflow.py
[2025-08-31T18:57:58.379+0000] {logging_mixin.py:190} INFO - [2025-08-31T18:57:58.379+0000] {dag.py:3239} INFO - Sync 4 DAGs
[2025-08-31T18:57:58.398+0000] {logging_mixin.py:190} INFO - [2025-08-31T18:57:58.397+0000] {dag.py:4180} INFO - Setting next_dagrun for dataset_alias_example_alias_consumer_with_no_taskflow to None, run_after=None
[2025-08-31T18:57:58.399+0000] {logging_mixin.py:190} INFO - [2025-08-31T18:57:58.399+0000] {dag.py:4180} INFO - Setting next_dagrun for dataset_alias_example_alias_producer_with_no_taskflow to None, run_after=None
[2025-08-31T18:57:58.400+0000] {logging_mixin.py:190} INFO - [2025-08-31T18:57:58.400+0000] {dag.py:4180} INFO - Setting next_dagrun for dataset_s3_bucket_consumer_with_no_taskflow to None, run_after=None
[2025-08-31T18:57:58.401+0000] {logging_mixin.py:190} INFO - [2025-08-31T18:57:58.401+0000] {dag.py:4180} INFO - Setting next_dagrun for dataset_s3_bucket_producer_with_no_taskflow to None, run_after=None
[2025-08-31T18:57:58.438+0000] {processor.py:208} INFO - Processing /home/krishnaformeera/Sumitomo/datapipeline/venv/lib/python3.11/site-packages/airflow/example_dags/example_dataset_alias_with_no_taskflow.py took 0.110 seconds
[2025-08-31T18:58:51.964+0000] {processor.py:186} INFO - Started process (PID=8812) to work on /home/krishnaformeera/Sumitomo/datapipeline/venv/lib/python3.11/site-packages/airflow/example_dags/example_dataset_alias_with_no_taskflow.py
[2025-08-31T18:58:51.965+0000] {processor.py:914} INFO - Processing file /home/krishnaformeera/Sumitomo/datapipeline/venv/lib/python3.11/site-packages/airflow/example_dags/example_dataset_alias_with_no_taskflow.py for tasks to queue
[2025-08-31T18:58:51.967+0000] {logging_mixin.py:190} INFO - [2025-08-31T18:58:51.967+0000] {dagbag.py:588} INFO - Filling up the DagBag from /home/krishnaformeera/Sumitomo/datapipeline/venv/lib/python3.11/site-packages/airflow/example_dags/example_dataset_alias_with_no_taskflow.py
[2025-08-31T18:58:51.993+0000] {processor.py:925} INFO - DAG(s) 'dataset_alias_example_alias_consumer_with_no_taskflow', 'dataset_s3_bucket_consumer_with_no_taskflow', 'dataset_s3_bucket_producer_with_no_taskflow', 'dataset_alias_example_alias_producer_with_no_taskflow' retrieved from /home/krishnaformeera/Sumitomo/datapipeline/venv/lib/python3.11/site-packages/airflow/example_dags/example_dataset_alias_with_no_taskflow.py
[2025-08-31T18:58:52.014+0000] {logging_mixin.py:190} INFO - [2025-08-31T18:58:52.014+0000] {dag.py:3239} INFO - Sync 4 DAGs
[2025-08-31T18:58:52.034+0000] {logging_mixin.py:190} INFO - [2025-08-31T18:58:52.034+0000] {dag.py:4180} INFO - Setting next_dagrun for dataset_alias_example_alias_consumer_with_no_taskflow to None, run_after=None
[2025-08-31T18:58:52.036+0000] {logging_mixin.py:190} INFO - [2025-08-31T18:58:52.036+0000] {dag.py:4180} INFO - Setting next_dagrun for dataset_alias_example_alias_producer_with_no_taskflow to None, run_after=None
[2025-08-31T18:58:52.037+0000] {logging_mixin.py:190} INFO - [2025-08-31T18:58:52.037+0000] {dag.py:4180} INFO - Setting next_dagrun for dataset_s3_bucket_consumer_with_no_taskflow to None, run_after=None
[2025-08-31T18:58:52.038+0000] {logging_mixin.py:190} INFO - [2025-08-31T18:58:52.037+0000] {dag.py:4180} INFO - Setting next_dagrun for dataset_s3_bucket_producer_with_no_taskflow to None, run_after=None
[2025-08-31T18:58:52.065+0000] {processor.py:208} INFO - Processing /home/krishnaformeera/Sumitomo/datapipeline/venv/lib/python3.11/site-packages/airflow/example_dags/example_dataset_alias_with_no_taskflow.py took 0.107 seconds
