[2025-08-31T18:31:37.852+0000] {processor.py:186} INFO - Started process (PID=5273) to work on /home/krishnaformeera/Sumitomo/datapipeline/venv/lib/python3.11/site-packages/airflow/example_dags/example_bash_decorator.py
[2025-08-31T18:31:37.853+0000] {processor.py:914} INFO - Processing file /home/krishnaformeera/Sumitomo/datapipeline/venv/lib/python3.11/site-packages/airflow/example_dags/example_bash_decorator.py for tasks to queue
[2025-08-31T18:31:37.855+0000] {logging_mixin.py:190} INFO - [2025-08-31T18:31:37.855+0000] {dagbag.py:588} INFO - Filling up the DagBag from /home/krishnaformeera/Sumitomo/datapipeline/venv/lib/python3.11/site-packages/airflow/example_dags/example_bash_decorator.py
[2025-08-31T18:31:37.872+0000] {processor.py:925} INFO - DAG(s) 'example_bash_decorator' retrieved from /home/krishnaformeera/Sumitomo/datapipeline/venv/lib/python3.11/site-packages/airflow/example_dags/example_bash_decorator.py
[2025-08-31T18:31:37.962+0000] {logging_mixin.py:190} INFO - [2025-08-31T18:31:37.962+0000] {override.py:1900} INFO - Created Permission View: can edit on DAG:example_bash_decorator
[2025-08-31T18:31:37.975+0000] {logging_mixin.py:190} INFO - [2025-08-31T18:31:37.974+0000] {override.py:1900} INFO - Created Permission View: can read on DAG:example_bash_decorator
[2025-08-31T18:31:37.984+0000] {logging_mixin.py:190} INFO - [2025-08-31T18:31:37.984+0000] {override.py:1900} INFO - Created Permission View: can delete on DAG:example_bash_decorator
[2025-08-31T18:31:37.998+0000] {logging_mixin.py:190} INFO - [2025-08-31T18:31:37.998+0000] {override.py:1900} INFO - Created Permission View: menu access on DAG Run:example_bash_decorator
[2025-08-31T18:31:38.006+0000] {logging_mixin.py:190} INFO - [2025-08-31T18:31:38.006+0000] {override.py:1900} INFO - Created Permission View: can read on DAG Run:example_bash_decorator
[2025-08-31T18:31:38.016+0000] {logging_mixin.py:190} INFO - [2025-08-31T18:31:38.015+0000] {override.py:1900} INFO - Created Permission View: can create on DAG Run:example_bash_decorator
[2025-08-31T18:31:38.025+0000] {logging_mixin.py:190} INFO - [2025-08-31T18:31:38.025+0000] {override.py:1900} INFO - Created Permission View: can delete on DAG Run:example_bash_decorator
[2025-08-31T18:31:38.025+0000] {logging_mixin.py:190} INFO - [2025-08-31T18:31:38.025+0000] {dag.py:3239} INFO - Sync 1 DAGs
[2025-08-31T18:31:38.125+0000] {logging_mixin.py:190} INFO - [2025-08-31T18:31:38.125+0000] {dag.py:3262} INFO - Creating ORM DAG for example_bash_decorator
[2025-08-31T18:31:38.125+0000] {logging_mixin.py:190} INFO - [2025-08-31T18:31:38.125+0000] {dag.py:4180} INFO - Setting next_dagrun for example_bash_decorator to None, run_after=None
[2025-08-31T18:31:38.140+0000] {processor.py:208} INFO - Processing /home/krishnaformeera/Sumitomo/datapipeline/venv/lib/python3.11/site-packages/airflow/example_dags/example_bash_decorator.py took 0.297 seconds
[2025-08-31T18:32:37.141+0000] {processor.py:186} INFO - Started process (PID=5333) to work on /home/krishnaformeera/Sumitomo/datapipeline/venv/lib/python3.11/site-packages/airflow/example_dags/example_bash_decorator.py
[2025-08-31T18:32:37.142+0000] {processor.py:914} INFO - Processing file /home/krishnaformeera/Sumitomo/datapipeline/venv/lib/python3.11/site-packages/airflow/example_dags/example_bash_decorator.py for tasks to queue
[2025-08-31T18:32:37.145+0000] {logging_mixin.py:190} INFO - [2025-08-31T18:32:37.144+0000] {dagbag.py:588} INFO - Filling up the DagBag from /home/krishnaformeera/Sumitomo/datapipeline/venv/lib/python3.11/site-packages/airflow/example_dags/example_bash_decorator.py
[2025-08-31T18:32:37.162+0000] {processor.py:925} INFO - DAG(s) 'example_bash_decorator' retrieved from /home/krishnaformeera/Sumitomo/datapipeline/venv/lib/python3.11/site-packages/airflow/example_dags/example_bash_decorator.py
[2025-08-31T18:32:37.183+0000] {logging_mixin.py:190} INFO - [2025-08-31T18:32:37.183+0000] {dag.py:3239} INFO - Sync 1 DAGs
[2025-08-31T18:32:37.194+0000] {logging_mixin.py:190} INFO - [2025-08-31T18:32:37.194+0000] {dag.py:4180} INFO - Setting next_dagrun for example_bash_decorator to None, run_after=None
[2025-08-31T18:32:37.214+0000] {processor.py:208} INFO - Processing /home/krishnaformeera/Sumitomo/datapipeline/venv/lib/python3.11/site-packages/airflow/example_dags/example_bash_decorator.py took 0.081 seconds
[2025-08-31T18:33:53.899+0000] {processor.py:186} INFO - Started process (PID=5409) to work on /home/krishnaformeera/Sumitomo/datapipeline/venv/lib/python3.11/site-packages/airflow/example_dags/example_bash_decorator.py
[2025-08-31T18:33:53.900+0000] {processor.py:914} INFO - Processing file /home/krishnaformeera/Sumitomo/datapipeline/venv/lib/python3.11/site-packages/airflow/example_dags/example_bash_decorator.py for tasks to queue
[2025-08-31T18:33:53.902+0000] {logging_mixin.py:190} INFO - [2025-08-31T18:33:53.902+0000] {dagbag.py:588} INFO - Filling up the DagBag from /home/krishnaformeera/Sumitomo/datapipeline/venv/lib/python3.11/site-packages/airflow/example_dags/example_bash_decorator.py
[2025-08-31T18:33:54.009+0000] {processor.py:925} INFO - DAG(s) 'example_bash_decorator' retrieved from /home/krishnaformeera/Sumitomo/datapipeline/venv/lib/python3.11/site-packages/airflow/example_dags/example_bash_decorator.py
[2025-08-31T18:33:54.023+0000] {logging_mixin.py:190} INFO - [2025-08-31T18:33:54.023+0000] {dag.py:3239} INFO - Sync 1 DAGs
[2025-08-31T18:33:54.032+0000] {logging_mixin.py:190} INFO - [2025-08-31T18:33:54.031+0000] {dag.py:4180} INFO - Setting next_dagrun for example_bash_decorator to None, run_after=None
[2025-08-31T18:33:54.052+0000] {processor.py:208} INFO - Processing /home/krishnaformeera/Sumitomo/datapipeline/venv/lib/python3.11/site-packages/airflow/example_dags/example_bash_decorator.py took 0.159 seconds
[2025-08-31T18:35:12.687+0000] {processor.py:186} INFO - Started process (PID=5491) to work on /home/krishnaformeera/Sumitomo/datapipeline/venv/lib/python3.11/site-packages/airflow/example_dags/example_bash_decorator.py
[2025-08-31T18:35:12.688+0000] {processor.py:914} INFO - Processing file /home/krishnaformeera/Sumitomo/datapipeline/venv/lib/python3.11/site-packages/airflow/example_dags/example_bash_decorator.py for tasks to queue
[2025-08-31T18:35:12.690+0000] {logging_mixin.py:190} INFO - [2025-08-31T18:35:12.689+0000] {dagbag.py:588} INFO - Filling up the DagBag from /home/krishnaformeera/Sumitomo/datapipeline/venv/lib/python3.11/site-packages/airflow/example_dags/example_bash_decorator.py
[2025-08-31T18:35:12.704+0000] {processor.py:925} INFO - DAG(s) 'example_bash_decorator' retrieved from /home/krishnaformeera/Sumitomo/datapipeline/venv/lib/python3.11/site-packages/airflow/example_dags/example_bash_decorator.py
[2025-08-31T18:35:12.721+0000] {logging_mixin.py:190} INFO - [2025-08-31T18:35:12.721+0000] {dag.py:3239} INFO - Sync 1 DAGs
[2025-08-31T18:35:12.733+0000] {logging_mixin.py:190} INFO - [2025-08-31T18:35:12.732+0000] {dag.py:4180} INFO - Setting next_dagrun for example_bash_decorator to None, run_after=None
[2025-08-31T18:35:12.751+0000] {processor.py:208} INFO - Processing /home/krishnaformeera/Sumitomo/datapipeline/venv/lib/python3.11/site-packages/airflow/example_dags/example_bash_decorator.py took 0.071 seconds
[2025-08-31T18:36:28.617+0000] {processor.py:186} INFO - Started process (PID=5594) to work on /home/krishnaformeera/Sumitomo/datapipeline/venv/lib/python3.11/site-packages/airflow/example_dags/example_bash_decorator.py
[2025-08-31T18:36:28.618+0000] {processor.py:914} INFO - Processing file /home/krishnaformeera/Sumitomo/datapipeline/venv/lib/python3.11/site-packages/airflow/example_dags/example_bash_decorator.py for tasks to queue
[2025-08-31T18:36:28.620+0000] {logging_mixin.py:190} INFO - [2025-08-31T18:36:28.620+0000] {dagbag.py:588} INFO - Filling up the DagBag from /home/krishnaformeera/Sumitomo/datapipeline/venv/lib/python3.11/site-packages/airflow/example_dags/example_bash_decorator.py
[2025-08-31T18:36:28.635+0000] {processor.py:925} INFO - DAG(s) 'example_bash_decorator' retrieved from /home/krishnaformeera/Sumitomo/datapipeline/venv/lib/python3.11/site-packages/airflow/example_dags/example_bash_decorator.py
[2025-08-31T18:36:28.653+0000] {logging_mixin.py:190} INFO - [2025-08-31T18:36:28.653+0000] {dag.py:3239} INFO - Sync 1 DAGs
[2025-08-31T18:36:28.664+0000] {logging_mixin.py:190} INFO - [2025-08-31T18:36:28.664+0000] {dag.py:4180} INFO - Setting next_dagrun for example_bash_decorator to None, run_after=None
[2025-08-31T18:36:28.683+0000] {processor.py:208} INFO - Processing /home/krishnaformeera/Sumitomo/datapipeline/venv/lib/python3.11/site-packages/airflow/example_dags/example_bash_decorator.py took 0.073 seconds
[2025-08-31T18:37:46.067+0000] {processor.py:186} INFO - Started process (PID=5685) to work on /home/krishnaformeera/Sumitomo/datapipeline/venv/lib/python3.11/site-packages/airflow/example_dags/example_bash_decorator.py
[2025-08-31T18:37:46.068+0000] {processor.py:914} INFO - Processing file /home/krishnaformeera/Sumitomo/datapipeline/venv/lib/python3.11/site-packages/airflow/example_dags/example_bash_decorator.py for tasks to queue
[2025-08-31T18:37:46.070+0000] {logging_mixin.py:190} INFO - [2025-08-31T18:37:46.070+0000] {dagbag.py:588} INFO - Filling up the DagBag from /home/krishnaformeera/Sumitomo/datapipeline/venv/lib/python3.11/site-packages/airflow/example_dags/example_bash_decorator.py
[2025-08-31T18:37:46.085+0000] {processor.py:925} INFO - DAG(s) 'example_bash_decorator' retrieved from /home/krishnaformeera/Sumitomo/datapipeline/venv/lib/python3.11/site-packages/airflow/example_dags/example_bash_decorator.py
[2025-08-31T18:37:46.103+0000] {logging_mixin.py:190} INFO - [2025-08-31T18:37:46.103+0000] {dag.py:3239} INFO - Sync 1 DAGs
[2025-08-31T18:37:46.114+0000] {logging_mixin.py:190} INFO - [2025-08-31T18:37:46.114+0000] {dag.py:4180} INFO - Setting next_dagrun for example_bash_decorator to None, run_after=None
[2025-08-31T18:37:46.135+0000] {processor.py:208} INFO - Processing /home/krishnaformeera/Sumitomo/datapipeline/venv/lib/python3.11/site-packages/airflow/example_dags/example_bash_decorator.py took 0.074 seconds
[2025-08-31T18:40:44.910+0000] {processor.py:186} INFO - Started process (PID=6271) to work on /home/krishnaformeera/Sumitomo/datapipeline/venv/lib/python3.11/site-packages/airflow/example_dags/example_bash_decorator.py
[2025-08-31T18:40:44.911+0000] {processor.py:914} INFO - Processing file /home/krishnaformeera/Sumitomo/datapipeline/venv/lib/python3.11/site-packages/airflow/example_dags/example_bash_decorator.py for tasks to queue
[2025-08-31T18:40:44.913+0000] {logging_mixin.py:190} INFO - [2025-08-31T18:40:44.913+0000] {dagbag.py:588} INFO - Filling up the DagBag from /home/krishnaformeera/Sumitomo/datapipeline/venv/lib/python3.11/site-packages/airflow/example_dags/example_bash_decorator.py
[2025-08-31T18:40:44.930+0000] {processor.py:925} INFO - DAG(s) 'example_bash_decorator' retrieved from /home/krishnaformeera/Sumitomo/datapipeline/venv/lib/python3.11/site-packages/airflow/example_dags/example_bash_decorator.py
[2025-08-31T18:40:45.040+0000] {logging_mixin.py:190} INFO - [2025-08-31T18:40:45.040+0000] {dag.py:3239} INFO - Sync 1 DAGs
[2025-08-31T18:40:45.170+0000] {logging_mixin.py:190} INFO - [2025-08-31T18:40:45.170+0000] {dag.py:4180} INFO - Setting next_dagrun for example_bash_decorator to None, run_after=None
[2025-08-31T18:40:45.189+0000] {processor.py:208} INFO - Processing /home/krishnaformeera/Sumitomo/datapipeline/venv/lib/python3.11/site-packages/airflow/example_dags/example_bash_decorator.py took 0.287 seconds
[2025-08-31T18:42:00.035+0000] {processor.py:186} INFO - Started process (PID=6534) to work on /home/krishnaformeera/Sumitomo/datapipeline/venv/lib/python3.11/site-packages/airflow/example_dags/example_bash_decorator.py
[2025-08-31T18:42:00.037+0000] {processor.py:914} INFO - Processing file /home/krishnaformeera/Sumitomo/datapipeline/venv/lib/python3.11/site-packages/airflow/example_dags/example_bash_decorator.py for tasks to queue
[2025-08-31T18:42:00.040+0000] {logging_mixin.py:190} INFO - [2025-08-31T18:42:00.040+0000] {dagbag.py:588} INFO - Filling up the DagBag from /home/krishnaformeera/Sumitomo/datapipeline/venv/lib/python3.11/site-packages/airflow/example_dags/example_bash_decorator.py
[2025-08-31T18:42:00.063+0000] {processor.py:925} INFO - DAG(s) 'example_bash_decorator' retrieved from /home/krishnaformeera/Sumitomo/datapipeline/venv/lib/python3.11/site-packages/airflow/example_dags/example_bash_decorator.py
[2025-08-31T18:42:00.088+0000] {logging_mixin.py:190} INFO - [2025-08-31T18:42:00.088+0000] {dag.py:3239} INFO - Sync 1 DAGs
[2025-08-31T18:42:00.102+0000] {logging_mixin.py:190} INFO - [2025-08-31T18:42:00.102+0000] {dag.py:4180} INFO - Setting next_dagrun for example_bash_decorator to None, run_after=None
[2025-08-31T18:42:00.123+0000] {processor.py:208} INFO - Processing /home/krishnaformeera/Sumitomo/datapipeline/venv/lib/python3.11/site-packages/airflow/example_dags/example_bash_decorator.py took 0.097 seconds
[2025-08-31T18:43:01.235+0000] {processor.py:186} INFO - Started process (PID=6756) to work on /home/krishnaformeera/Sumitomo/datapipeline/venv/lib/python3.11/site-packages/airflow/example_dags/example_bash_decorator.py
[2025-08-31T18:43:01.236+0000] {processor.py:914} INFO - Processing file /home/krishnaformeera/Sumitomo/datapipeline/venv/lib/python3.11/site-packages/airflow/example_dags/example_bash_decorator.py for tasks to queue
[2025-08-31T18:43:01.238+0000] {logging_mixin.py:190} INFO - [2025-08-31T18:43:01.238+0000] {dagbag.py:588} INFO - Filling up the DagBag from /home/krishnaformeera/Sumitomo/datapipeline/venv/lib/python3.11/site-packages/airflow/example_dags/example_bash_decorator.py
[2025-08-31T18:43:01.344+0000] {processor.py:925} INFO - DAG(s) 'example_bash_decorator' retrieved from /home/krishnaformeera/Sumitomo/datapipeline/venv/lib/python3.11/site-packages/airflow/example_dags/example_bash_decorator.py
[2025-08-31T18:43:01.357+0000] {logging_mixin.py:190} INFO - [2025-08-31T18:43:01.357+0000] {dag.py:3239} INFO - Sync 1 DAGs
[2025-08-31T18:43:01.366+0000] {logging_mixin.py:190} INFO - [2025-08-31T18:43:01.366+0000] {dag.py:4180} INFO - Setting next_dagrun for example_bash_decorator to None, run_after=None
[2025-08-31T18:43:01.385+0000] {processor.py:208} INFO - Processing /home/krishnaformeera/Sumitomo/datapipeline/venv/lib/python3.11/site-packages/airflow/example_dags/example_bash_decorator.py took 0.155 seconds
[2025-08-31T18:44:21.729+0000] {processor.py:186} INFO - Started process (PID=7083) to work on /home/krishnaformeera/Sumitomo/datapipeline/venv/lib/python3.11/site-packages/airflow/example_dags/example_bash_decorator.py
[2025-08-31T18:44:21.732+0000] {processor.py:914} INFO - Processing file /home/krishnaformeera/Sumitomo/datapipeline/venv/lib/python3.11/site-packages/airflow/example_dags/example_bash_decorator.py for tasks to queue
[2025-08-31T18:44:21.735+0000] {logging_mixin.py:190} INFO - [2025-08-31T18:44:21.734+0000] {dagbag.py:588} INFO - Filling up the DagBag from /home/krishnaformeera/Sumitomo/datapipeline/venv/lib/python3.11/site-packages/airflow/example_dags/example_bash_decorator.py
[2025-08-31T18:44:21.753+0000] {processor.py:925} INFO - DAG(s) 'example_bash_decorator' retrieved from /home/krishnaformeera/Sumitomo/datapipeline/venv/lib/python3.11/site-packages/airflow/example_dags/example_bash_decorator.py
[2025-08-31T18:44:21.778+0000] {logging_mixin.py:190} INFO - [2025-08-31T18:44:21.778+0000] {dag.py:3239} INFO - Sync 1 DAGs
[2025-08-31T18:44:21.808+0000] {logging_mixin.py:190} INFO - [2025-08-31T18:44:21.807+0000] {dag.py:4180} INFO - Setting next_dagrun for example_bash_decorator to None, run_after=None
[2025-08-31T18:44:21.883+0000] {processor.py:208} INFO - Processing /home/krishnaformeera/Sumitomo/datapipeline/venv/lib/python3.11/site-packages/airflow/example_dags/example_bash_decorator.py took 0.164 seconds
[2025-08-31T18:45:37.976+0000] {processor.py:186} INFO - Started process (PID=7430) to work on /home/krishnaformeera/Sumitomo/datapipeline/venv/lib/python3.11/site-packages/airflow/example_dags/example_bash_decorator.py
[2025-08-31T18:45:37.977+0000] {processor.py:914} INFO - Processing file /home/krishnaformeera/Sumitomo/datapipeline/venv/lib/python3.11/site-packages/airflow/example_dags/example_bash_decorator.py for tasks to queue
[2025-08-31T18:45:37.979+0000] {logging_mixin.py:190} INFO - [2025-08-31T18:45:37.979+0000] {dagbag.py:588} INFO - Filling up the DagBag from /home/krishnaformeera/Sumitomo/datapipeline/venv/lib/python3.11/site-packages/airflow/example_dags/example_bash_decorator.py
[2025-08-31T18:45:37.995+0000] {processor.py:925} INFO - DAG(s) 'example_bash_decorator' retrieved from /home/krishnaformeera/Sumitomo/datapipeline/venv/lib/python3.11/site-packages/airflow/example_dags/example_bash_decorator.py
[2025-08-31T18:45:38.014+0000] {logging_mixin.py:190} INFO - [2025-08-31T18:45:38.014+0000] {dag.py:3239} INFO - Sync 1 DAGs
[2025-08-31T18:45:38.026+0000] {logging_mixin.py:190} INFO - [2025-08-31T18:45:38.025+0000] {dag.py:4180} INFO - Setting next_dagrun for example_bash_decorator to None, run_after=None
[2025-08-31T18:45:38.049+0000] {processor.py:208} INFO - Processing /home/krishnaformeera/Sumitomo/datapipeline/venv/lib/python3.11/site-packages/airflow/example_dags/example_bash_decorator.py took 0.080 seconds
[2025-08-31T18:46:57.334+0000] {processor.py:186} INFO - Started process (PID=7763) to work on /home/krishnaformeera/Sumitomo/datapipeline/venv/lib/python3.11/site-packages/airflow/example_dags/example_bash_decorator.py
[2025-08-31T18:46:57.338+0000] {processor.py:914} INFO - Processing file /home/krishnaformeera/Sumitomo/datapipeline/venv/lib/python3.11/site-packages/airflow/example_dags/example_bash_decorator.py for tasks to queue
[2025-08-31T18:46:57.340+0000] {logging_mixin.py:190} INFO - [2025-08-31T18:46:57.340+0000] {dagbag.py:588} INFO - Filling up the DagBag from /home/krishnaformeera/Sumitomo/datapipeline/venv/lib/python3.11/site-packages/airflow/example_dags/example_bash_decorator.py
[2025-08-31T18:46:57.356+0000] {processor.py:925} INFO - DAG(s) 'example_bash_decorator' retrieved from /home/krishnaformeera/Sumitomo/datapipeline/venv/lib/python3.11/site-packages/airflow/example_dags/example_bash_decorator.py
[2025-08-31T18:46:57.373+0000] {logging_mixin.py:190} INFO - [2025-08-31T18:46:57.373+0000] {dag.py:3239} INFO - Sync 1 DAGs
[2025-08-31T18:46:57.387+0000] {logging_mixin.py:190} INFO - [2025-08-31T18:46:57.387+0000] {dag.py:4180} INFO - Setting next_dagrun for example_bash_decorator to None, run_after=None
[2025-08-31T18:46:57.412+0000] {processor.py:208} INFO - Processing /home/krishnaformeera/Sumitomo/datapipeline/venv/lib/python3.11/site-packages/airflow/example_dags/example_bash_decorator.py took 0.085 seconds
[2025-08-31T18:48:11.944+0000] {processor.py:186} INFO - Started process (PID=7845) to work on /home/krishnaformeera/Sumitomo/datapipeline/venv/lib/python3.11/site-packages/airflow/example_dags/example_bash_decorator.py
[2025-08-31T18:48:11.945+0000] {processor.py:914} INFO - Processing file /home/krishnaformeera/Sumitomo/datapipeline/venv/lib/python3.11/site-packages/airflow/example_dags/example_bash_decorator.py for tasks to queue
[2025-08-31T18:48:11.947+0000] {logging_mixin.py:190} INFO - [2025-08-31T18:48:11.946+0000] {dagbag.py:588} INFO - Filling up the DagBag from /home/krishnaformeera/Sumitomo/datapipeline/venv/lib/python3.11/site-packages/airflow/example_dags/example_bash_decorator.py
[2025-08-31T18:48:11.963+0000] {processor.py:925} INFO - DAG(s) 'example_bash_decorator' retrieved from /home/krishnaformeera/Sumitomo/datapipeline/venv/lib/python3.11/site-packages/airflow/example_dags/example_bash_decorator.py
[2025-08-31T18:48:11.983+0000] {logging_mixin.py:190} INFO - [2025-08-31T18:48:11.983+0000] {dag.py:3239} INFO - Sync 1 DAGs
[2025-08-31T18:48:11.995+0000] {logging_mixin.py:190} INFO - [2025-08-31T18:48:11.995+0000] {dag.py:4180} INFO - Setting next_dagrun for example_bash_decorator to None, run_after=None
[2025-08-31T18:48:12.022+0000] {processor.py:208} INFO - Processing /home/krishnaformeera/Sumitomo/datapipeline/venv/lib/python3.11/site-packages/airflow/example_dags/example_bash_decorator.py took 0.086 seconds
[2025-08-31T18:49:28.906+0000] {processor.py:186} INFO - Started process (PID=7932) to work on /home/krishnaformeera/Sumitomo/datapipeline/venv/lib/python3.11/site-packages/airflow/example_dags/example_bash_decorator.py
[2025-08-31T18:49:28.907+0000] {processor.py:914} INFO - Processing file /home/krishnaformeera/Sumitomo/datapipeline/venv/lib/python3.11/site-packages/airflow/example_dags/example_bash_decorator.py for tasks to queue
[2025-08-31T18:49:28.909+0000] {logging_mixin.py:190} INFO - [2025-08-31T18:49:28.909+0000] {dagbag.py:588} INFO - Filling up the DagBag from /home/krishnaformeera/Sumitomo/datapipeline/venv/lib/python3.11/site-packages/airflow/example_dags/example_bash_decorator.py
[2025-08-31T18:49:28.925+0000] {processor.py:925} INFO - DAG(s) 'example_bash_decorator' retrieved from /home/krishnaformeera/Sumitomo/datapipeline/venv/lib/python3.11/site-packages/airflow/example_dags/example_bash_decorator.py
[2025-08-31T18:49:28.943+0000] {logging_mixin.py:190} INFO - [2025-08-31T18:49:28.942+0000] {dag.py:3239} INFO - Sync 1 DAGs
[2025-08-31T18:49:28.954+0000] {logging_mixin.py:190} INFO - [2025-08-31T18:49:28.953+0000] {dag.py:4180} INFO - Setting next_dagrun for example_bash_decorator to None, run_after=None
[2025-08-31T18:49:28.975+0000] {processor.py:208} INFO - Processing /home/krishnaformeera/Sumitomo/datapipeline/venv/lib/python3.11/site-packages/airflow/example_dags/example_bash_decorator.py took 0.076 seconds
[2025-08-31T18:50:48.674+0000] {processor.py:186} INFO - Started process (PID=8084) to work on /home/krishnaformeera/Sumitomo/datapipeline/venv/lib/python3.11/site-packages/airflow/example_dags/example_bash_decorator.py
[2025-08-31T18:50:48.675+0000] {processor.py:914} INFO - Processing file /home/krishnaformeera/Sumitomo/datapipeline/venv/lib/python3.11/site-packages/airflow/example_dags/example_bash_decorator.py for tasks to queue
[2025-08-31T18:50:48.677+0000] {logging_mixin.py:190} INFO - [2025-08-31T18:50:48.677+0000] {dagbag.py:588} INFO - Filling up the DagBag from /home/krishnaformeera/Sumitomo/datapipeline/venv/lib/python3.11/site-packages/airflow/example_dags/example_bash_decorator.py
[2025-08-31T18:50:48.693+0000] {processor.py:925} INFO - DAG(s) 'example_bash_decorator' retrieved from /home/krishnaformeera/Sumitomo/datapipeline/venv/lib/python3.11/site-packages/airflow/example_dags/example_bash_decorator.py
[2025-08-31T18:50:48.710+0000] {logging_mixin.py:190} INFO - [2025-08-31T18:50:48.710+0000] {dag.py:3239} INFO - Sync 1 DAGs
[2025-08-31T18:50:48.721+0000] {logging_mixin.py:190} INFO - [2025-08-31T18:50:48.721+0000] {dag.py:4180} INFO - Setting next_dagrun for example_bash_decorator to None, run_after=None
[2025-08-31T18:50:48.743+0000] {processor.py:208} INFO - Processing /home/krishnaformeera/Sumitomo/datapipeline/venv/lib/python3.11/site-packages/airflow/example_dags/example_bash_decorator.py took 0.077 seconds
[2025-08-31T18:52:02.837+0000] {processor.py:186} INFO - Started process (PID=8196) to work on /home/krishnaformeera/Sumitomo/datapipeline/venv/lib/python3.11/site-packages/airflow/example_dags/example_bash_decorator.py
[2025-08-31T18:52:02.838+0000] {processor.py:914} INFO - Processing file /home/krishnaformeera/Sumitomo/datapipeline/venv/lib/python3.11/site-packages/airflow/example_dags/example_bash_decorator.py for tasks to queue
[2025-08-31T18:52:02.840+0000] {logging_mixin.py:190} INFO - [2025-08-31T18:52:02.840+0000] {dagbag.py:588} INFO - Filling up the DagBag from /home/krishnaformeera/Sumitomo/datapipeline/venv/lib/python3.11/site-packages/airflow/example_dags/example_bash_decorator.py
[2025-08-31T18:52:02.855+0000] {processor.py:925} INFO - DAG(s) 'example_bash_decorator' retrieved from /home/krishnaformeera/Sumitomo/datapipeline/venv/lib/python3.11/site-packages/airflow/example_dags/example_bash_decorator.py
[2025-08-31T18:52:02.874+0000] {logging_mixin.py:190} INFO - [2025-08-31T18:52:02.874+0000] {dag.py:3239} INFO - Sync 1 DAGs
[2025-08-31T18:52:02.885+0000] {logging_mixin.py:190} INFO - [2025-08-31T18:52:02.885+0000] {dag.py:4180} INFO - Setting next_dagrun for example_bash_decorator to None, run_after=None
[2025-08-31T18:52:02.909+0000] {processor.py:208} INFO - Processing /home/krishnaformeera/Sumitomo/datapipeline/venv/lib/python3.11/site-packages/airflow/example_dags/example_bash_decorator.py took 0.079 seconds
[2025-08-31T18:53:16.393+0000] {processor.py:186} INFO - Started process (PID=8289) to work on /home/krishnaformeera/Sumitomo/datapipeline/venv/lib/python3.11/site-packages/airflow/example_dags/example_bash_decorator.py
[2025-08-31T18:53:16.394+0000] {processor.py:914} INFO - Processing file /home/krishnaformeera/Sumitomo/datapipeline/venv/lib/python3.11/site-packages/airflow/example_dags/example_bash_decorator.py for tasks to queue
[2025-08-31T18:53:16.396+0000] {logging_mixin.py:190} INFO - [2025-08-31T18:53:16.395+0000] {dagbag.py:588} INFO - Filling up the DagBag from /home/krishnaformeera/Sumitomo/datapipeline/venv/lib/python3.11/site-packages/airflow/example_dags/example_bash_decorator.py
[2025-08-31T18:53:16.411+0000] {processor.py:925} INFO - DAG(s) 'example_bash_decorator' retrieved from /home/krishnaformeera/Sumitomo/datapipeline/venv/lib/python3.11/site-packages/airflow/example_dags/example_bash_decorator.py
[2025-08-31T18:53:16.429+0000] {logging_mixin.py:190} INFO - [2025-08-31T18:53:16.429+0000] {dag.py:3239} INFO - Sync 1 DAGs
[2025-08-31T18:53:16.440+0000] {logging_mixin.py:190} INFO - [2025-08-31T18:53:16.440+0000] {dag.py:4180} INFO - Setting next_dagrun for example_bash_decorator to None, run_after=None
[2025-08-31T18:53:16.462+0000] {processor.py:208} INFO - Processing /home/krishnaformeera/Sumitomo/datapipeline/venv/lib/python3.11/site-packages/airflow/example_dags/example_bash_decorator.py took 0.076 seconds
[2025-08-31T18:54:29.696+0000] {processor.py:186} INFO - Started process (PID=8506) to work on /home/krishnaformeera/Sumitomo/datapipeline/venv/lib/python3.11/site-packages/airflow/example_dags/example_bash_decorator.py
[2025-08-31T18:54:29.697+0000] {processor.py:914} INFO - Processing file /home/krishnaformeera/Sumitomo/datapipeline/venv/lib/python3.11/site-packages/airflow/example_dags/example_bash_decorator.py for tasks to queue
[2025-08-31T18:54:29.700+0000] {logging_mixin.py:190} INFO - [2025-08-31T18:54:29.699+0000] {dagbag.py:588} INFO - Filling up the DagBag from /home/krishnaformeera/Sumitomo/datapipeline/venv/lib/python3.11/site-packages/airflow/example_dags/example_bash_decorator.py
[2025-08-31T18:54:29.715+0000] {processor.py:925} INFO - DAG(s) 'example_bash_decorator' retrieved from /home/krishnaformeera/Sumitomo/datapipeline/venv/lib/python3.11/site-packages/airflow/example_dags/example_bash_decorator.py
[2025-08-31T18:54:29.734+0000] {logging_mixin.py:190} INFO - [2025-08-31T18:54:29.734+0000] {dag.py:3239} INFO - Sync 1 DAGs
[2025-08-31T18:54:29.745+0000] {logging_mixin.py:190} INFO - [2025-08-31T18:54:29.745+0000] {dag.py:4180} INFO - Setting next_dagrun for example_bash_decorator to None, run_after=None
[2025-08-31T18:54:29.766+0000] {processor.py:208} INFO - Processing /home/krishnaformeera/Sumitomo/datapipeline/venv/lib/python3.11/site-packages/airflow/example_dags/example_bash_decorator.py took 0.076 seconds
[2025-08-31T18:55:50.038+0000] {processor.py:186} INFO - Started process (PID=8613) to work on /home/krishnaformeera/Sumitomo/datapipeline/venv/lib/python3.11/site-packages/airflow/example_dags/example_bash_decorator.py
[2025-08-31T18:55:50.040+0000] {processor.py:914} INFO - Processing file /home/krishnaformeera/Sumitomo/datapipeline/venv/lib/python3.11/site-packages/airflow/example_dags/example_bash_decorator.py for tasks to queue
[2025-08-31T18:55:50.043+0000] {logging_mixin.py:190} INFO - [2025-08-31T18:55:50.042+0000] {dagbag.py:588} INFO - Filling up the DagBag from /home/krishnaformeera/Sumitomo/datapipeline/venv/lib/python3.11/site-packages/airflow/example_dags/example_bash_decorator.py
[2025-08-31T18:55:50.064+0000] {processor.py:925} INFO - DAG(s) 'example_bash_decorator' retrieved from /home/krishnaformeera/Sumitomo/datapipeline/venv/lib/python3.11/site-packages/airflow/example_dags/example_bash_decorator.py
[2025-08-31T18:55:50.087+0000] {logging_mixin.py:190} INFO - [2025-08-31T18:55:50.087+0000] {dag.py:3239} INFO - Sync 1 DAGs
[2025-08-31T18:55:50.101+0000] {logging_mixin.py:190} INFO - [2025-08-31T18:55:50.101+0000] {dag.py:4180} INFO - Setting next_dagrun for example_bash_decorator to None, run_after=None
[2025-08-31T18:55:50.128+0000] {processor.py:208} INFO - Processing /home/krishnaformeera/Sumitomo/datapipeline/venv/lib/python3.11/site-packages/airflow/example_dags/example_bash_decorator.py took 0.099 seconds
[2025-08-31T18:57:09.975+0000] {processor.py:186} INFO - Started process (PID=8708) to work on /home/krishnaformeera/Sumitomo/datapipeline/venv/lib/python3.11/site-packages/airflow/example_dags/example_bash_decorator.py
[2025-08-31T18:57:09.976+0000] {processor.py:914} INFO - Processing file /home/krishnaformeera/Sumitomo/datapipeline/venv/lib/python3.11/site-packages/airflow/example_dags/example_bash_decorator.py for tasks to queue
[2025-08-31T18:57:09.978+0000] {logging_mixin.py:190} INFO - [2025-08-31T18:57:09.978+0000] {dagbag.py:588} INFO - Filling up the DagBag from /home/krishnaformeera/Sumitomo/datapipeline/venv/lib/python3.11/site-packages/airflow/example_dags/example_bash_decorator.py
[2025-08-31T18:57:09.993+0000] {processor.py:925} INFO - DAG(s) 'example_bash_decorator' retrieved from /home/krishnaformeera/Sumitomo/datapipeline/venv/lib/python3.11/site-packages/airflow/example_dags/example_bash_decorator.py
[2025-08-31T18:57:10.011+0000] {logging_mixin.py:190} INFO - [2025-08-31T18:57:10.011+0000] {dag.py:3239} INFO - Sync 1 DAGs
[2025-08-31T18:57:10.022+0000] {logging_mixin.py:190} INFO - [2025-08-31T18:57:10.022+0000] {dag.py:4180} INFO - Setting next_dagrun for example_bash_decorator to None, run_after=None
[2025-08-31T18:57:10.044+0000] {processor.py:208} INFO - Processing /home/krishnaformeera/Sumitomo/datapipeline/venv/lib/python3.11/site-packages/airflow/example_dags/example_bash_decorator.py took 0.075 seconds
[2025-08-31T18:58:28.662+0000] {processor.py:186} INFO - Started process (PID=8788) to work on /home/krishnaformeera/Sumitomo/datapipeline/venv/lib/python3.11/site-packages/airflow/example_dags/example_bash_decorator.py
[2025-08-31T18:58:28.663+0000] {processor.py:914} INFO - Processing file /home/krishnaformeera/Sumitomo/datapipeline/venv/lib/python3.11/site-packages/airflow/example_dags/example_bash_decorator.py for tasks to queue
[2025-08-31T18:58:28.666+0000] {logging_mixin.py:190} INFO - [2025-08-31T18:58:28.665+0000] {dagbag.py:588} INFO - Filling up the DagBag from /home/krishnaformeera/Sumitomo/datapipeline/venv/lib/python3.11/site-packages/airflow/example_dags/example_bash_decorator.py
[2025-08-31T18:58:28.685+0000] {processor.py:925} INFO - DAG(s) 'example_bash_decorator' retrieved from /home/krishnaformeera/Sumitomo/datapipeline/venv/lib/python3.11/site-packages/airflow/example_dags/example_bash_decorator.py
[2025-08-31T18:58:28.707+0000] {logging_mixin.py:190} INFO - [2025-08-31T18:58:28.706+0000] {dag.py:3239} INFO - Sync 1 DAGs
[2025-08-31T18:58:28.721+0000] {logging_mixin.py:190} INFO - [2025-08-31T18:58:28.721+0000] {dag.py:4180} INFO - Setting next_dagrun for example_bash_decorator to None, run_after=None
[2025-08-31T18:58:28.747+0000] {processor.py:208} INFO - Processing /home/krishnaformeera/Sumitomo/datapipeline/venv/lib/python3.11/site-packages/airflow/example_dags/example_bash_decorator.py took 0.093 seconds
