[2025-08-31T18:31:13.178+0000] {processor.py:186} INFO - Started process (PID=5254) to work on /home/krishnaformeera/Sumitomo/datapipeline/venv/lib/python3.11/site-packages/airflow/example_dags/example_kubernetes_executor.py
[2025-08-31T18:31:13.179+0000] {processor.py:914} INFO - Processing file /home/krishnaformeera/Sumitomo/datapipeline/venv/lib/python3.11/site-packages/airflow/example_dags/example_kubernetes_executor.py for tasks to queue
[2025-08-31T18:31:13.183+0000] {logging_mixin.py:190} INFO - [2025-08-31T18:31:13.182+0000] {dagbag.py:588} INFO - Filling up the DagBag from /home/krishnaformeera/Sumitomo/datapipeline/venv/lib/python3.11/site-packages/airflow/example_dags/example_kubernetes_executor.py
[2025-08-31T18:31:13.187+0000] {logging_mixin.py:190} INFO - [2025-08-31T18:31:13.186+0000] {example_kubernetes_executor.py:39} WARNING - The example_kubernetes_executor example DAG requires the kubernetes provider. Please install it with: pip install apache-airflow[cncf.kubernetes]
[2025-08-31T18:31:13.187+0000] {processor.py:927} WARNING - No viable dags retrieved from /home/krishnaformeera/Sumitomo/datapipeline/venv/lib/python3.11/site-packages/airflow/example_dags/example_kubernetes_executor.py
[2025-08-31T18:31:13.202+0000] {processor.py:208} INFO - Processing /home/krishnaformeera/Sumitomo/datapipeline/venv/lib/python3.11/site-packages/airflow/example_dags/example_kubernetes_executor.py took 0.030 seconds
[2025-08-31T18:32:18.394+0000] {processor.py:186} INFO - Started process (PID=5314) to work on /home/krishnaformeera/Sumitomo/datapipeline/venv/lib/python3.11/site-packages/airflow/example_dags/example_kubernetes_executor.py
[2025-08-31T18:32:18.396+0000] {processor.py:914} INFO - Processing file /home/krishnaformeera/Sumitomo/datapipeline/venv/lib/python3.11/site-packages/airflow/example_dags/example_kubernetes_executor.py for tasks to queue
[2025-08-31T18:32:18.398+0000] {logging_mixin.py:190} INFO - [2025-08-31T18:32:18.398+0000] {dagbag.py:588} INFO - Filling up the DagBag from /home/krishnaformeera/Sumitomo/datapipeline/venv/lib/python3.11/site-packages/airflow/example_dags/example_kubernetes_executor.py
[2025-08-31T18:32:18.401+0000] {logging_mixin.py:190} INFO - [2025-08-31T18:32:18.401+0000] {example_kubernetes_executor.py:39} WARNING - The example_kubernetes_executor example DAG requires the kubernetes provider. Please install it with: pip install apache-airflow[cncf.kubernetes]
[2025-08-31T18:32:18.402+0000] {processor.py:927} WARNING - No viable dags retrieved from /home/krishnaformeera/Sumitomo/datapipeline/venv/lib/python3.11/site-packages/airflow/example_dags/example_kubernetes_executor.py
[2025-08-31T18:32:18.415+0000] {processor.py:208} INFO - Processing /home/krishnaformeera/Sumitomo/datapipeline/venv/lib/python3.11/site-packages/airflow/example_dags/example_kubernetes_executor.py took 0.028 seconds
[2025-08-31T18:33:12.888+0000] {processor.py:186} INFO - Started process (PID=5370) to work on /home/krishnaformeera/Sumitomo/datapipeline/venv/lib/python3.11/site-packages/airflow/example_dags/example_kubernetes_executor.py
[2025-08-31T18:33:12.890+0000] {processor.py:914} INFO - Processing file /home/krishnaformeera/Sumitomo/datapipeline/venv/lib/python3.11/site-packages/airflow/example_dags/example_kubernetes_executor.py for tasks to queue
[2025-08-31T18:33:12.892+0000] {logging_mixin.py:190} INFO - [2025-08-31T18:33:12.892+0000] {dagbag.py:588} INFO - Filling up the DagBag from /home/krishnaformeera/Sumitomo/datapipeline/venv/lib/python3.11/site-packages/airflow/example_dags/example_kubernetes_executor.py
[2025-08-31T18:33:12.895+0000] {logging_mixin.py:190} INFO - [2025-08-31T18:33:12.895+0000] {example_kubernetes_executor.py:39} WARNING - The example_kubernetes_executor example DAG requires the kubernetes provider. Please install it with: pip install apache-airflow[cncf.kubernetes]
[2025-08-31T18:33:12.896+0000] {processor.py:927} WARNING - No viable dags retrieved from /home/krishnaformeera/Sumitomo/datapipeline/venv/lib/python3.11/site-packages/airflow/example_dags/example_kubernetes_executor.py
[2025-08-31T18:33:12.909+0000] {processor.py:208} INFO - Processing /home/krishnaformeera/Sumitomo/datapipeline/venv/lib/python3.11/site-packages/airflow/example_dags/example_kubernetes_executor.py took 0.028 seconds
[2025-08-31T18:34:10.452+0000] {processor.py:186} INFO - Started process (PID=5427) to work on /home/krishnaformeera/Sumitomo/datapipeline/venv/lib/python3.11/site-packages/airflow/example_dags/example_kubernetes_executor.py
[2025-08-31T18:34:10.453+0000] {processor.py:914} INFO - Processing file /home/krishnaformeera/Sumitomo/datapipeline/venv/lib/python3.11/site-packages/airflow/example_dags/example_kubernetes_executor.py for tasks to queue
[2025-08-31T18:34:10.456+0000] {logging_mixin.py:190} INFO - [2025-08-31T18:34:10.455+0000] {dagbag.py:588} INFO - Filling up the DagBag from /home/krishnaformeera/Sumitomo/datapipeline/venv/lib/python3.11/site-packages/airflow/example_dags/example_kubernetes_executor.py
[2025-08-31T18:34:10.459+0000] {logging_mixin.py:190} INFO - [2025-08-31T18:34:10.459+0000] {example_kubernetes_executor.py:39} WARNING - The example_kubernetes_executor example DAG requires the kubernetes provider. Please install it with: pip install apache-airflow[cncf.kubernetes]
[2025-08-31T18:34:10.459+0000] {processor.py:927} WARNING - No viable dags retrieved from /home/krishnaformeera/Sumitomo/datapipeline/venv/lib/python3.11/site-packages/airflow/example_dags/example_kubernetes_executor.py
[2025-08-31T18:34:10.473+0000] {processor.py:208} INFO - Processing /home/krishnaformeera/Sumitomo/datapipeline/venv/lib/python3.11/site-packages/airflow/example_dags/example_kubernetes_executor.py took 0.028 seconds
[2025-08-31T18:35:03.698+0000] {processor.py:186} INFO - Started process (PID=5482) to work on /home/krishnaformeera/Sumitomo/datapipeline/venv/lib/python3.11/site-packages/airflow/example_dags/example_kubernetes_executor.py
[2025-08-31T18:35:03.699+0000] {processor.py:914} INFO - Processing file /home/krishnaformeera/Sumitomo/datapipeline/venv/lib/python3.11/site-packages/airflow/example_dags/example_kubernetes_executor.py for tasks to queue
[2025-08-31T18:35:03.701+0000] {logging_mixin.py:190} INFO - [2025-08-31T18:35:03.701+0000] {dagbag.py:588} INFO - Filling up the DagBag from /home/krishnaformeera/Sumitomo/datapipeline/venv/lib/python3.11/site-packages/airflow/example_dags/example_kubernetes_executor.py
[2025-08-31T18:35:03.705+0000] {logging_mixin.py:190} INFO - [2025-08-31T18:35:03.705+0000] {example_kubernetes_executor.py:39} WARNING - The example_kubernetes_executor example DAG requires the kubernetes provider. Please install it with: pip install apache-airflow[cncf.kubernetes]
[2025-08-31T18:35:03.705+0000] {processor.py:927} WARNING - No viable dags retrieved from /home/krishnaformeera/Sumitomo/datapipeline/venv/lib/python3.11/site-packages/airflow/example_dags/example_kubernetes_executor.py
[2025-08-31T18:35:03.719+0000] {processor.py:208} INFO - Processing /home/krishnaformeera/Sumitomo/datapipeline/venv/lib/python3.11/site-packages/airflow/example_dags/example_kubernetes_executor.py took 0.028 seconds
[2025-08-31T18:35:54.771+0000] {processor.py:186} INFO - Started process (PID=5546) to work on /home/krishnaformeera/Sumitomo/datapipeline/venv/lib/python3.11/site-packages/airflow/example_dags/example_kubernetes_executor.py
[2025-08-31T18:35:54.773+0000] {processor.py:914} INFO - Processing file /home/krishnaformeera/Sumitomo/datapipeline/venv/lib/python3.11/site-packages/airflow/example_dags/example_kubernetes_executor.py for tasks to queue
[2025-08-31T18:35:54.775+0000] {logging_mixin.py:190} INFO - [2025-08-31T18:35:54.775+0000] {dagbag.py:588} INFO - Filling up the DagBag from /home/krishnaformeera/Sumitomo/datapipeline/venv/lib/python3.11/site-packages/airflow/example_dags/example_kubernetes_executor.py
[2025-08-31T18:35:54.778+0000] {logging_mixin.py:190} INFO - [2025-08-31T18:35:54.778+0000] {example_kubernetes_executor.py:39} WARNING - The example_kubernetes_executor example DAG requires the kubernetes provider. Please install it with: pip install apache-airflow[cncf.kubernetes]
[2025-08-31T18:35:54.779+0000] {processor.py:927} WARNING - No viable dags retrieved from /home/krishnaformeera/Sumitomo/datapipeline/venv/lib/python3.11/site-packages/airflow/example_dags/example_kubernetes_executor.py
[2025-08-31T18:35:54.791+0000] {processor.py:208} INFO - Processing /home/krishnaformeera/Sumitomo/datapipeline/venv/lib/python3.11/site-packages/airflow/example_dags/example_kubernetes_executor.py took 0.027 seconds
[2025-08-31T18:36:44.968+0000] {processor.py:186} INFO - Started process (PID=5611) to work on /home/krishnaformeera/Sumitomo/datapipeline/venv/lib/python3.11/site-packages/airflow/example_dags/example_kubernetes_executor.py
[2025-08-31T18:36:44.969+0000] {processor.py:914} INFO - Processing file /home/krishnaformeera/Sumitomo/datapipeline/venv/lib/python3.11/site-packages/airflow/example_dags/example_kubernetes_executor.py for tasks to queue
[2025-08-31T18:36:44.971+0000] {logging_mixin.py:190} INFO - [2025-08-31T18:36:44.971+0000] {dagbag.py:588} INFO - Filling up the DagBag from /home/krishnaformeera/Sumitomo/datapipeline/venv/lib/python3.11/site-packages/airflow/example_dags/example_kubernetes_executor.py
[2025-08-31T18:36:44.974+0000] {logging_mixin.py:190} INFO - [2025-08-31T18:36:44.974+0000] {example_kubernetes_executor.py:39} WARNING - The example_kubernetes_executor example DAG requires the kubernetes provider. Please install it with: pip install apache-airflow[cncf.kubernetes]
[2025-08-31T18:36:44.974+0000] {processor.py:927} WARNING - No viable dags retrieved from /home/krishnaformeera/Sumitomo/datapipeline/venv/lib/python3.11/site-packages/airflow/example_dags/example_kubernetes_executor.py
[2025-08-31T18:36:44.985+0000] {processor.py:208} INFO - Processing /home/krishnaformeera/Sumitomo/datapipeline/venv/lib/python3.11/site-packages/airflow/example_dags/example_kubernetes_executor.py took 0.023 seconds
[2025-08-31T18:37:35.821+0000] {processor.py:186} INFO - Started process (PID=5663) to work on /home/krishnaformeera/Sumitomo/datapipeline/venv/lib/python3.11/site-packages/airflow/example_dags/example_kubernetes_executor.py
[2025-08-31T18:37:35.822+0000] {processor.py:914} INFO - Processing file /home/krishnaformeera/Sumitomo/datapipeline/venv/lib/python3.11/site-packages/airflow/example_dags/example_kubernetes_executor.py for tasks to queue
[2025-08-31T18:37:35.825+0000] {logging_mixin.py:190} INFO - [2025-08-31T18:37:35.824+0000] {dagbag.py:588} INFO - Filling up the DagBag from /home/krishnaformeera/Sumitomo/datapipeline/venv/lib/python3.11/site-packages/airflow/example_dags/example_kubernetes_executor.py
[2025-08-31T18:37:35.828+0000] {logging_mixin.py:190} INFO - [2025-08-31T18:37:35.828+0000] {example_kubernetes_executor.py:39} WARNING - The example_kubernetes_executor example DAG requires the kubernetes provider. Please install it with: pip install apache-airflow[cncf.kubernetes]
[2025-08-31T18:37:35.828+0000] {processor.py:927} WARNING - No viable dags retrieved from /home/krishnaformeera/Sumitomo/datapipeline/venv/lib/python3.11/site-packages/airflow/example_dags/example_kubernetes_executor.py
[2025-08-31T18:37:35.842+0000] {processor.py:208} INFO - Processing /home/krishnaformeera/Sumitomo/datapipeline/venv/lib/python3.11/site-packages/airflow/example_dags/example_kubernetes_executor.py took 0.028 seconds
[2025-08-31T18:40:25.273+0000] {processor.py:186} INFO - Started process (PID=6179) to work on /home/krishnaformeera/Sumitomo/datapipeline/venv/lib/python3.11/site-packages/airflow/example_dags/example_kubernetes_executor.py
[2025-08-31T18:40:25.275+0000] {processor.py:914} INFO - Processing file /home/krishnaformeera/Sumitomo/datapipeline/venv/lib/python3.11/site-packages/airflow/example_dags/example_kubernetes_executor.py for tasks to queue
[2025-08-31T18:40:25.279+0000] {logging_mixin.py:190} INFO - [2025-08-31T18:40:25.278+0000] {dagbag.py:588} INFO - Filling up the DagBag from /home/krishnaformeera/Sumitomo/datapipeline/venv/lib/python3.11/site-packages/airflow/example_dags/example_kubernetes_executor.py
[2025-08-31T18:40:25.284+0000] {logging_mixin.py:190} INFO - [2025-08-31T18:40:25.283+0000] {example_kubernetes_executor.py:39} WARNING - The example_kubernetes_executor example DAG requires the kubernetes provider. Please install it with: pip install apache-airflow[cncf.kubernetes]
[2025-08-31T18:40:25.284+0000] {processor.py:927} WARNING - No viable dags retrieved from /home/krishnaformeera/Sumitomo/datapipeline/venv/lib/python3.11/site-packages/airflow/example_dags/example_kubernetes_executor.py
[2025-08-31T18:40:25.313+0000] {processor.py:208} INFO - Processing /home/krishnaformeera/Sumitomo/datapipeline/venv/lib/python3.11/site-packages/airflow/example_dags/example_kubernetes_executor.py took 0.051 seconds
[2025-08-31T18:41:19.885+0000] {processor.py:186} INFO - Started process (PID=6357) to work on /home/krishnaformeera/Sumitomo/datapipeline/venv/lib/python3.11/site-packages/airflow/example_dags/example_kubernetes_executor.py
[2025-08-31T18:41:19.886+0000] {processor.py:914} INFO - Processing file /home/krishnaformeera/Sumitomo/datapipeline/venv/lib/python3.11/site-packages/airflow/example_dags/example_kubernetes_executor.py for tasks to queue
[2025-08-31T18:41:19.888+0000] {logging_mixin.py:190} INFO - [2025-08-31T18:41:19.888+0000] {dagbag.py:588} INFO - Filling up the DagBag from /home/krishnaformeera/Sumitomo/datapipeline/venv/lib/python3.11/site-packages/airflow/example_dags/example_kubernetes_executor.py
[2025-08-31T18:41:19.891+0000] {logging_mixin.py:190} INFO - [2025-08-31T18:41:19.891+0000] {example_kubernetes_executor.py:39} WARNING - The example_kubernetes_executor example DAG requires the kubernetes provider. Please install it with: pip install apache-airflow[cncf.kubernetes]
[2025-08-31T18:41:19.891+0000] {processor.py:927} WARNING - No viable dags retrieved from /home/krishnaformeera/Sumitomo/datapipeline/venv/lib/python3.11/site-packages/airflow/example_dags/example_kubernetes_executor.py
[2025-08-31T18:41:19.902+0000] {processor.py:208} INFO - Processing /home/krishnaformeera/Sumitomo/datapipeline/venv/lib/python3.11/site-packages/airflow/example_dags/example_kubernetes_executor.py took 0.022 seconds
[2025-08-31T18:42:17.052+0000] {processor.py:186} INFO - Started process (PID=6574) to work on /home/krishnaformeera/Sumitomo/datapipeline/venv/lib/python3.11/site-packages/airflow/example_dags/example_kubernetes_executor.py
[2025-08-31T18:42:17.054+0000] {processor.py:914} INFO - Processing file /home/krishnaformeera/Sumitomo/datapipeline/venv/lib/python3.11/site-packages/airflow/example_dags/example_kubernetes_executor.py for tasks to queue
[2025-08-31T18:42:17.056+0000] {logging_mixin.py:190} INFO - [2025-08-31T18:42:17.056+0000] {dagbag.py:588} INFO - Filling up the DagBag from /home/krishnaformeera/Sumitomo/datapipeline/venv/lib/python3.11/site-packages/airflow/example_dags/example_kubernetes_executor.py
[2025-08-31T18:42:17.062+0000] {logging_mixin.py:190} INFO - [2025-08-31T18:42:17.062+0000] {example_kubernetes_executor.py:39} WARNING - The example_kubernetes_executor example DAG requires the kubernetes provider. Please install it with: pip install apache-airflow[cncf.kubernetes]
[2025-08-31T18:42:17.062+0000] {processor.py:927} WARNING - No viable dags retrieved from /home/krishnaformeera/Sumitomo/datapipeline/venv/lib/python3.11/site-packages/airflow/example_dags/example_kubernetes_executor.py
[2025-08-31T18:42:17.077+0000] {processor.py:208} INFO - Processing /home/krishnaformeera/Sumitomo/datapipeline/venv/lib/python3.11/site-packages/airflow/example_dags/example_kubernetes_executor.py took 0.032 seconds
[2025-08-31T18:43:18.146+0000] {processor.py:186} INFO - Started process (PID=6821) to work on /home/krishnaformeera/Sumitomo/datapipeline/venv/lib/python3.11/site-packages/airflow/example_dags/example_kubernetes_executor.py
[2025-08-31T18:43:18.147+0000] {processor.py:914} INFO - Processing file /home/krishnaformeera/Sumitomo/datapipeline/venv/lib/python3.11/site-packages/airflow/example_dags/example_kubernetes_executor.py for tasks to queue
[2025-08-31T18:43:18.149+0000] {logging_mixin.py:190} INFO - [2025-08-31T18:43:18.149+0000] {dagbag.py:588} INFO - Filling up the DagBag from /home/krishnaformeera/Sumitomo/datapipeline/venv/lib/python3.11/site-packages/airflow/example_dags/example_kubernetes_executor.py
[2025-08-31T18:43:18.152+0000] {logging_mixin.py:190} INFO - [2025-08-31T18:43:18.152+0000] {example_kubernetes_executor.py:39} WARNING - The example_kubernetes_executor example DAG requires the kubernetes provider. Please install it with: pip install apache-airflow[cncf.kubernetes]
[2025-08-31T18:43:18.152+0000] {processor.py:927} WARNING - No viable dags retrieved from /home/krishnaformeera/Sumitomo/datapipeline/venv/lib/python3.11/site-packages/airflow/example_dags/example_kubernetes_executor.py
[2025-08-31T18:43:18.163+0000] {processor.py:208} INFO - Processing /home/krishnaformeera/Sumitomo/datapipeline/venv/lib/python3.11/site-packages/airflow/example_dags/example_kubernetes_executor.py took 0.023 seconds
[2025-08-31T18:44:12.445+0000] {processor.py:186} INFO - Started process (PID=7053) to work on /home/krishnaformeera/Sumitomo/datapipeline/venv/lib/python3.11/site-packages/airflow/example_dags/example_kubernetes_executor.py
[2025-08-31T18:44:12.446+0000] {processor.py:914} INFO - Processing file /home/krishnaformeera/Sumitomo/datapipeline/venv/lib/python3.11/site-packages/airflow/example_dags/example_kubernetes_executor.py for tasks to queue
[2025-08-31T18:44:12.448+0000] {logging_mixin.py:190} INFO - [2025-08-31T18:44:12.448+0000] {dagbag.py:588} INFO - Filling up the DagBag from /home/krishnaformeera/Sumitomo/datapipeline/venv/lib/python3.11/site-packages/airflow/example_dags/example_kubernetes_executor.py
[2025-08-31T18:44:12.451+0000] {logging_mixin.py:190} INFO - [2025-08-31T18:44:12.451+0000] {example_kubernetes_executor.py:39} WARNING - The example_kubernetes_executor example DAG requires the kubernetes provider. Please install it with: pip install apache-airflow[cncf.kubernetes]
[2025-08-31T18:44:12.451+0000] {processor.py:927} WARNING - No viable dags retrieved from /home/krishnaformeera/Sumitomo/datapipeline/venv/lib/python3.11/site-packages/airflow/example_dags/example_kubernetes_executor.py
[2025-08-31T18:44:12.464+0000] {processor.py:208} INFO - Processing /home/krishnaformeera/Sumitomo/datapipeline/venv/lib/python3.11/site-packages/airflow/example_dags/example_kubernetes_executor.py took 0.026 seconds
[2025-08-31T18:45:01.908+0000] {processor.py:186} INFO - Started process (PID=7282) to work on /home/krishnaformeera/Sumitomo/datapipeline/venv/lib/python3.11/site-packages/airflow/example_dags/example_kubernetes_executor.py
[2025-08-31T18:45:01.909+0000] {processor.py:914} INFO - Processing file /home/krishnaformeera/Sumitomo/datapipeline/venv/lib/python3.11/site-packages/airflow/example_dags/example_kubernetes_executor.py for tasks to queue
[2025-08-31T18:45:01.912+0000] {logging_mixin.py:190} INFO - [2025-08-31T18:45:01.911+0000] {dagbag.py:588} INFO - Filling up the DagBag from /home/krishnaformeera/Sumitomo/datapipeline/venv/lib/python3.11/site-packages/airflow/example_dags/example_kubernetes_executor.py
[2025-08-31T18:45:01.914+0000] {logging_mixin.py:190} INFO - [2025-08-31T18:45:01.914+0000] {example_kubernetes_executor.py:39} WARNING - The example_kubernetes_executor example DAG requires the kubernetes provider. Please install it with: pip install apache-airflow[cncf.kubernetes]
[2025-08-31T18:45:01.915+0000] {processor.py:927} WARNING - No viable dags retrieved from /home/krishnaformeera/Sumitomo/datapipeline/venv/lib/python3.11/site-packages/airflow/example_dags/example_kubernetes_executor.py
[2025-08-31T18:45:01.925+0000] {processor.py:208} INFO - Processing /home/krishnaformeera/Sumitomo/datapipeline/venv/lib/python3.11/site-packages/airflow/example_dags/example_kubernetes_executor.py took 0.023 seconds
[2025-08-31T18:45:53.412+0000] {processor.py:186} INFO - Started process (PID=7568) to work on /home/krishnaformeera/Sumitomo/datapipeline/venv/lib/python3.11/site-packages/airflow/example_dags/example_kubernetes_executor.py
[2025-08-31T18:45:53.413+0000] {processor.py:914} INFO - Processing file /home/krishnaformeera/Sumitomo/datapipeline/venv/lib/python3.11/site-packages/airflow/example_dags/example_kubernetes_executor.py for tasks to queue
[2025-08-31T18:45:53.415+0000] {logging_mixin.py:190} INFO - [2025-08-31T18:45:53.415+0000] {dagbag.py:588} INFO - Filling up the DagBag from /home/krishnaformeera/Sumitomo/datapipeline/venv/lib/python3.11/site-packages/airflow/example_dags/example_kubernetes_executor.py
[2025-08-31T18:45:53.418+0000] {logging_mixin.py:190} INFO - [2025-08-31T18:45:53.418+0000] {example_kubernetes_executor.py:39} WARNING - The example_kubernetes_executor example DAG requires the kubernetes provider. Please install it with: pip install apache-airflow[cncf.kubernetes]
[2025-08-31T18:45:53.418+0000] {processor.py:927} WARNING - No viable dags retrieved from /home/krishnaformeera/Sumitomo/datapipeline/venv/lib/python3.11/site-packages/airflow/example_dags/example_kubernetes_executor.py
[2025-08-31T18:45:53.428+0000] {processor.py:208} INFO - Processing /home/krishnaformeera/Sumitomo/datapipeline/venv/lib/python3.11/site-packages/airflow/example_dags/example_kubernetes_executor.py took 0.023 seconds
[2025-08-31T18:46:46.454+0000] {processor.py:186} INFO - Started process (PID=7752) to work on /home/krishnaformeera/Sumitomo/datapipeline/venv/lib/python3.11/site-packages/airflow/example_dags/example_kubernetes_executor.py
[2025-08-31T18:46:46.458+0000] {processor.py:914} INFO - Processing file /home/krishnaformeera/Sumitomo/datapipeline/venv/lib/python3.11/site-packages/airflow/example_dags/example_kubernetes_executor.py for tasks to queue
[2025-08-31T18:46:46.461+0000] {logging_mixin.py:190} INFO - [2025-08-31T18:46:46.460+0000] {dagbag.py:588} INFO - Filling up the DagBag from /home/krishnaformeera/Sumitomo/datapipeline/venv/lib/python3.11/site-packages/airflow/example_dags/example_kubernetes_executor.py
[2025-08-31T18:46:46.465+0000] {logging_mixin.py:190} INFO - [2025-08-31T18:46:46.465+0000] {example_kubernetes_executor.py:39} WARNING - The example_kubernetes_executor example DAG requires the kubernetes provider. Please install it with: pip install apache-airflow[cncf.kubernetes]
[2025-08-31T18:46:46.465+0000] {processor.py:927} WARNING - No viable dags retrieved from /home/krishnaformeera/Sumitomo/datapipeline/venv/lib/python3.11/site-packages/airflow/example_dags/example_kubernetes_executor.py
[2025-08-31T18:46:46.482+0000] {processor.py:208} INFO - Processing /home/krishnaformeera/Sumitomo/datapipeline/venv/lib/python3.11/site-packages/airflow/example_dags/example_kubernetes_executor.py took 0.039 seconds
[2025-08-31T18:47:38.682+0000] {processor.py:186} INFO - Started process (PID=7808) to work on /home/krishnaformeera/Sumitomo/datapipeline/venv/lib/python3.11/site-packages/airflow/example_dags/example_kubernetes_executor.py
[2025-08-31T18:47:38.683+0000] {processor.py:914} INFO - Processing file /home/krishnaformeera/Sumitomo/datapipeline/venv/lib/python3.11/site-packages/airflow/example_dags/example_kubernetes_executor.py for tasks to queue
[2025-08-31T18:47:38.686+0000] {logging_mixin.py:190} INFO - [2025-08-31T18:47:38.685+0000] {dagbag.py:588} INFO - Filling up the DagBag from /home/krishnaformeera/Sumitomo/datapipeline/venv/lib/python3.11/site-packages/airflow/example_dags/example_kubernetes_executor.py
[2025-08-31T18:47:38.689+0000] {logging_mixin.py:190} INFO - [2025-08-31T18:47:38.688+0000] {example_kubernetes_executor.py:39} WARNING - The example_kubernetes_executor example DAG requires the kubernetes provider. Please install it with: pip install apache-airflow[cncf.kubernetes]
[2025-08-31T18:47:38.689+0000] {processor.py:927} WARNING - No viable dags retrieved from /home/krishnaformeera/Sumitomo/datapipeline/venv/lib/python3.11/site-packages/airflow/example_dags/example_kubernetes_executor.py
[2025-08-31T18:47:38.703+0000] {processor.py:208} INFO - Processing /home/krishnaformeera/Sumitomo/datapipeline/venv/lib/python3.11/site-packages/airflow/example_dags/example_kubernetes_executor.py took 0.029 seconds
[2025-08-31T18:48:28.577+0000] {processor.py:186} INFO - Started process (PID=7861) to work on /home/krishnaformeera/Sumitomo/datapipeline/venv/lib/python3.11/site-packages/airflow/example_dags/example_kubernetes_executor.py
[2025-08-31T18:48:28.578+0000] {processor.py:914} INFO - Processing file /home/krishnaformeera/Sumitomo/datapipeline/venv/lib/python3.11/site-packages/airflow/example_dags/example_kubernetes_executor.py for tasks to queue
[2025-08-31T18:48:28.580+0000] {logging_mixin.py:190} INFO - [2025-08-31T18:48:28.580+0000] {dagbag.py:588} INFO - Filling up the DagBag from /home/krishnaformeera/Sumitomo/datapipeline/venv/lib/python3.11/site-packages/airflow/example_dags/example_kubernetes_executor.py
[2025-08-31T18:48:28.584+0000] {logging_mixin.py:190} INFO - [2025-08-31T18:48:28.584+0000] {example_kubernetes_executor.py:39} WARNING - The example_kubernetes_executor example DAG requires the kubernetes provider. Please install it with: pip install apache-airflow[cncf.kubernetes]
[2025-08-31T18:48:28.584+0000] {processor.py:927} WARNING - No viable dags retrieved from /home/krishnaformeera/Sumitomo/datapipeline/venv/lib/python3.11/site-packages/airflow/example_dags/example_kubernetes_executor.py
[2025-08-31T18:48:28.597+0000] {processor.py:208} INFO - Processing /home/krishnaformeera/Sumitomo/datapipeline/venv/lib/python3.11/site-packages/airflow/example_dags/example_kubernetes_executor.py took 0.027 seconds
[2025-08-31T18:49:19.708+0000] {processor.py:186} INFO - Started process (PID=7919) to work on /home/krishnaformeera/Sumitomo/datapipeline/venv/lib/python3.11/site-packages/airflow/example_dags/example_kubernetes_executor.py
[2025-08-31T18:49:19.709+0000] {processor.py:914} INFO - Processing file /home/krishnaformeera/Sumitomo/datapipeline/venv/lib/python3.11/site-packages/airflow/example_dags/example_kubernetes_executor.py for tasks to queue
[2025-08-31T18:49:19.712+0000] {logging_mixin.py:190} INFO - [2025-08-31T18:49:19.711+0000] {dagbag.py:588} INFO - Filling up the DagBag from /home/krishnaformeera/Sumitomo/datapipeline/venv/lib/python3.11/site-packages/airflow/example_dags/example_kubernetes_executor.py
[2025-08-31T18:49:19.715+0000] {logging_mixin.py:190} INFO - [2025-08-31T18:49:19.715+0000] {example_kubernetes_executor.py:39} WARNING - The example_kubernetes_executor example DAG requires the kubernetes provider. Please install it with: pip install apache-airflow[cncf.kubernetes]
[2025-08-31T18:49:19.716+0000] {processor.py:927} WARNING - No viable dags retrieved from /home/krishnaformeera/Sumitomo/datapipeline/venv/lib/python3.11/site-packages/airflow/example_dags/example_kubernetes_executor.py
[2025-08-31T18:49:19.730+0000] {processor.py:208} INFO - Processing /home/krishnaformeera/Sumitomo/datapipeline/venv/lib/python3.11/site-packages/airflow/example_dags/example_kubernetes_executor.py took 0.031 seconds
[2025-08-31T18:50:12.230+0000] {processor.py:186} INFO - Started process (PID=8027) to work on /home/krishnaformeera/Sumitomo/datapipeline/venv/lib/python3.11/site-packages/airflow/example_dags/example_kubernetes_executor.py
[2025-08-31T18:50:12.231+0000] {processor.py:914} INFO - Processing file /home/krishnaformeera/Sumitomo/datapipeline/venv/lib/python3.11/site-packages/airflow/example_dags/example_kubernetes_executor.py for tasks to queue
[2025-08-31T18:50:12.235+0000] {logging_mixin.py:190} INFO - [2025-08-31T18:50:12.234+0000] {dagbag.py:588} INFO - Filling up the DagBag from /home/krishnaformeera/Sumitomo/datapipeline/venv/lib/python3.11/site-packages/airflow/example_dags/example_kubernetes_executor.py
[2025-08-31T18:50:12.238+0000] {logging_mixin.py:190} INFO - [2025-08-31T18:50:12.238+0000] {example_kubernetes_executor.py:39} WARNING - The example_kubernetes_executor example DAG requires the kubernetes provider. Please install it with: pip install apache-airflow[cncf.kubernetes]
[2025-08-31T18:50:12.238+0000] {processor.py:927} WARNING - No viable dags retrieved from /home/krishnaformeera/Sumitomo/datapipeline/venv/lib/python3.11/site-packages/airflow/example_dags/example_kubernetes_executor.py
[2025-08-31T18:50:12.253+0000] {processor.py:208} INFO - Processing /home/krishnaformeera/Sumitomo/datapipeline/venv/lib/python3.11/site-packages/airflow/example_dags/example_kubernetes_executor.py took 0.030 seconds
[2025-08-31T18:51:04.152+0000] {processor.py:186} INFO - Started process (PID=8102) to work on /home/krishnaformeera/Sumitomo/datapipeline/venv/lib/python3.11/site-packages/airflow/example_dags/example_kubernetes_executor.py
[2025-08-31T18:51:04.153+0000] {processor.py:914} INFO - Processing file /home/krishnaformeera/Sumitomo/datapipeline/venv/lib/python3.11/site-packages/airflow/example_dags/example_kubernetes_executor.py for tasks to queue
[2025-08-31T18:51:04.156+0000] {logging_mixin.py:190} INFO - [2025-08-31T18:51:04.155+0000] {dagbag.py:588} INFO - Filling up the DagBag from /home/krishnaformeera/Sumitomo/datapipeline/venv/lib/python3.11/site-packages/airflow/example_dags/example_kubernetes_executor.py
[2025-08-31T18:51:04.159+0000] {logging_mixin.py:190} INFO - [2025-08-31T18:51:04.159+0000] {example_kubernetes_executor.py:39} WARNING - The example_kubernetes_executor example DAG requires the kubernetes provider. Please install it with: pip install apache-airflow[cncf.kubernetes]
[2025-08-31T18:51:04.159+0000] {processor.py:927} WARNING - No viable dags retrieved from /home/krishnaformeera/Sumitomo/datapipeline/venv/lib/python3.11/site-packages/airflow/example_dags/example_kubernetes_executor.py
[2025-08-31T18:51:04.172+0000] {processor.py:208} INFO - Processing /home/krishnaformeera/Sumitomo/datapipeline/venv/lib/python3.11/site-packages/airflow/example_dags/example_kubernetes_executor.py took 0.028 seconds
[2025-08-31T18:51:52.905+0000] {processor.py:186} INFO - Started process (PID=8183) to work on /home/krishnaformeera/Sumitomo/datapipeline/venv/lib/python3.11/site-packages/airflow/example_dags/example_kubernetes_executor.py
[2025-08-31T18:51:52.906+0000] {processor.py:914} INFO - Processing file /home/krishnaformeera/Sumitomo/datapipeline/venv/lib/python3.11/site-packages/airflow/example_dags/example_kubernetes_executor.py for tasks to queue
[2025-08-31T18:51:52.908+0000] {logging_mixin.py:190} INFO - [2025-08-31T18:51:52.907+0000] {dagbag.py:588} INFO - Filling up the DagBag from /home/krishnaformeera/Sumitomo/datapipeline/venv/lib/python3.11/site-packages/airflow/example_dags/example_kubernetes_executor.py
[2025-08-31T18:51:52.910+0000] {logging_mixin.py:190} INFO - [2025-08-31T18:51:52.910+0000] {example_kubernetes_executor.py:39} WARNING - The example_kubernetes_executor example DAG requires the kubernetes provider. Please install it with: pip install apache-airflow[cncf.kubernetes]
[2025-08-31T18:51:52.911+0000] {processor.py:927} WARNING - No viable dags retrieved from /home/krishnaformeera/Sumitomo/datapipeline/venv/lib/python3.11/site-packages/airflow/example_dags/example_kubernetes_executor.py
[2025-08-31T18:51:52.921+0000] {processor.py:208} INFO - Processing /home/krishnaformeera/Sumitomo/datapipeline/venv/lib/python3.11/site-packages/airflow/example_dags/example_kubernetes_executor.py took 0.022 seconds
[2025-08-31T18:52:44.556+0000] {processor.py:186} INFO - Started process (PID=8254) to work on /home/krishnaformeera/Sumitomo/datapipeline/venv/lib/python3.11/site-packages/airflow/example_dags/example_kubernetes_executor.py
[2025-08-31T18:52:44.557+0000] {processor.py:914} INFO - Processing file /home/krishnaformeera/Sumitomo/datapipeline/venv/lib/python3.11/site-packages/airflow/example_dags/example_kubernetes_executor.py for tasks to queue
[2025-08-31T18:52:44.559+0000] {logging_mixin.py:190} INFO - [2025-08-31T18:52:44.559+0000] {dagbag.py:588} INFO - Filling up the DagBag from /home/krishnaformeera/Sumitomo/datapipeline/venv/lib/python3.11/site-packages/airflow/example_dags/example_kubernetes_executor.py
[2025-08-31T18:52:44.562+0000] {logging_mixin.py:190} INFO - [2025-08-31T18:52:44.562+0000] {example_kubernetes_executor.py:39} WARNING - The example_kubernetes_executor example DAG requires the kubernetes provider. Please install it with: pip install apache-airflow[cncf.kubernetes]
[2025-08-31T18:52:44.562+0000] {processor.py:927} WARNING - No viable dags retrieved from /home/krishnaformeera/Sumitomo/datapipeline/venv/lib/python3.11/site-packages/airflow/example_dags/example_kubernetes_executor.py
[2025-08-31T18:52:44.575+0000] {processor.py:208} INFO - Processing /home/krishnaformeera/Sumitomo/datapipeline/venv/lib/python3.11/site-packages/airflow/example_dags/example_kubernetes_executor.py took 0.025 seconds
[2025-08-31T18:53:33.942+0000] {processor.py:186} INFO - Started process (PID=8378) to work on /home/krishnaformeera/Sumitomo/datapipeline/venv/lib/python3.11/site-packages/airflow/example_dags/example_kubernetes_executor.py
[2025-08-31T18:53:33.943+0000] {processor.py:914} INFO - Processing file /home/krishnaformeera/Sumitomo/datapipeline/venv/lib/python3.11/site-packages/airflow/example_dags/example_kubernetes_executor.py for tasks to queue
[2025-08-31T18:53:33.946+0000] {logging_mixin.py:190} INFO - [2025-08-31T18:53:33.945+0000] {dagbag.py:588} INFO - Filling up the DagBag from /home/krishnaformeera/Sumitomo/datapipeline/venv/lib/python3.11/site-packages/airflow/example_dags/example_kubernetes_executor.py
[2025-08-31T18:53:33.949+0000] {logging_mixin.py:190} INFO - [2025-08-31T18:53:33.948+0000] {example_kubernetes_executor.py:39} WARNING - The example_kubernetes_executor example DAG requires the kubernetes provider. Please install it with: pip install apache-airflow[cncf.kubernetes]
[2025-08-31T18:53:33.949+0000] {processor.py:927} WARNING - No viable dags retrieved from /home/krishnaformeera/Sumitomo/datapipeline/venv/lib/python3.11/site-packages/airflow/example_dags/example_kubernetes_executor.py
[2025-08-31T18:53:33.962+0000] {processor.py:208} INFO - Processing /home/krishnaformeera/Sumitomo/datapipeline/venv/lib/python3.11/site-packages/airflow/example_dags/example_kubernetes_executor.py took 0.028 seconds
[2025-08-31T18:54:23.260+0000] {processor.py:186} INFO - Started process (PID=8500) to work on /home/krishnaformeera/Sumitomo/datapipeline/venv/lib/python3.11/site-packages/airflow/example_dags/example_kubernetes_executor.py
[2025-08-31T18:54:23.261+0000] {processor.py:914} INFO - Processing file /home/krishnaformeera/Sumitomo/datapipeline/venv/lib/python3.11/site-packages/airflow/example_dags/example_kubernetes_executor.py for tasks to queue
[2025-08-31T18:54:23.263+0000] {logging_mixin.py:190} INFO - [2025-08-31T18:54:23.263+0000] {dagbag.py:588} INFO - Filling up the DagBag from /home/krishnaformeera/Sumitomo/datapipeline/venv/lib/python3.11/site-packages/airflow/example_dags/example_kubernetes_executor.py
[2025-08-31T18:54:23.266+0000] {logging_mixin.py:190} INFO - [2025-08-31T18:54:23.266+0000] {example_kubernetes_executor.py:39} WARNING - The example_kubernetes_executor example DAG requires the kubernetes provider. Please install it with: pip install apache-airflow[cncf.kubernetes]
[2025-08-31T18:54:23.267+0000] {processor.py:927} WARNING - No viable dags retrieved from /home/krishnaformeera/Sumitomo/datapipeline/venv/lib/python3.11/site-packages/airflow/example_dags/example_kubernetes_executor.py
[2025-08-31T18:54:23.278+0000] {processor.py:208} INFO - Processing /home/krishnaformeera/Sumitomo/datapipeline/venv/lib/python3.11/site-packages/airflow/example_dags/example_kubernetes_executor.py took 0.024 seconds
[2025-08-31T18:55:14.983+0000] {processor.py:186} INFO - Started process (PID=8579) to work on /home/krishnaformeera/Sumitomo/datapipeline/venv/lib/python3.11/site-packages/airflow/example_dags/example_kubernetes_executor.py
[2025-08-31T18:55:14.984+0000] {processor.py:914} INFO - Processing file /home/krishnaformeera/Sumitomo/datapipeline/venv/lib/python3.11/site-packages/airflow/example_dags/example_kubernetes_executor.py for tasks to queue
[2025-08-31T18:55:14.986+0000] {logging_mixin.py:190} INFO - [2025-08-31T18:55:14.986+0000] {dagbag.py:588} INFO - Filling up the DagBag from /home/krishnaformeera/Sumitomo/datapipeline/venv/lib/python3.11/site-packages/airflow/example_dags/example_kubernetes_executor.py
[2025-08-31T18:55:14.989+0000] {logging_mixin.py:190} INFO - [2025-08-31T18:55:14.989+0000] {example_kubernetes_executor.py:39} WARNING - The example_kubernetes_executor example DAG requires the kubernetes provider. Please install it with: pip install apache-airflow[cncf.kubernetes]
[2025-08-31T18:55:14.989+0000] {processor.py:927} WARNING - No viable dags retrieved from /home/krishnaformeera/Sumitomo/datapipeline/venv/lib/python3.11/site-packages/airflow/example_dags/example_kubernetes_executor.py
[2025-08-31T18:55:15.001+0000] {processor.py:208} INFO - Processing /home/krishnaformeera/Sumitomo/datapipeline/venv/lib/python3.11/site-packages/airflow/example_dags/example_kubernetes_executor.py took 0.024 seconds
[2025-08-31T18:56:06.792+0000] {processor.py:186} INFO - Started process (PID=8631) to work on /home/krishnaformeera/Sumitomo/datapipeline/venv/lib/python3.11/site-packages/airflow/example_dags/example_kubernetes_executor.py
[2025-08-31T18:56:06.794+0000] {processor.py:914} INFO - Processing file /home/krishnaformeera/Sumitomo/datapipeline/venv/lib/python3.11/site-packages/airflow/example_dags/example_kubernetes_executor.py for tasks to queue
[2025-08-31T18:56:06.796+0000] {logging_mixin.py:190} INFO - [2025-08-31T18:56:06.796+0000] {dagbag.py:588} INFO - Filling up the DagBag from /home/krishnaformeera/Sumitomo/datapipeline/venv/lib/python3.11/site-packages/airflow/example_dags/example_kubernetes_executor.py
[2025-08-31T18:56:06.800+0000] {logging_mixin.py:190} INFO - [2025-08-31T18:56:06.799+0000] {example_kubernetes_executor.py:39} WARNING - The example_kubernetes_executor example DAG requires the kubernetes provider. Please install it with: pip install apache-airflow[cncf.kubernetes]
[2025-08-31T18:56:06.800+0000] {processor.py:927} WARNING - No viable dags retrieved from /home/krishnaformeera/Sumitomo/datapipeline/venv/lib/python3.11/site-packages/airflow/example_dags/example_kubernetes_executor.py
[2025-08-31T18:56:06.814+0000] {processor.py:208} INFO - Processing /home/krishnaformeera/Sumitomo/datapipeline/venv/lib/python3.11/site-packages/airflow/example_dags/example_kubernetes_executor.py took 0.030 seconds
[2025-08-31T18:57:00.995+0000] {processor.py:186} INFO - Started process (PID=8699) to work on /home/krishnaformeera/Sumitomo/datapipeline/venv/lib/python3.11/site-packages/airflow/example_dags/example_kubernetes_executor.py
[2025-08-31T18:57:00.996+0000] {processor.py:914} INFO - Processing file /home/krishnaformeera/Sumitomo/datapipeline/venv/lib/python3.11/site-packages/airflow/example_dags/example_kubernetes_executor.py for tasks to queue
[2025-08-31T18:57:00.998+0000] {logging_mixin.py:190} INFO - [2025-08-31T18:57:00.998+0000] {dagbag.py:588} INFO - Filling up the DagBag from /home/krishnaformeera/Sumitomo/datapipeline/venv/lib/python3.11/site-packages/airflow/example_dags/example_kubernetes_executor.py
[2025-08-31T18:57:01.001+0000] {logging_mixin.py:190} INFO - [2025-08-31T18:57:01.001+0000] {example_kubernetes_executor.py:39} WARNING - The example_kubernetes_executor example DAG requires the kubernetes provider. Please install it with: pip install apache-airflow[cncf.kubernetes]
[2025-08-31T18:57:01.002+0000] {processor.py:927} WARNING - No viable dags retrieved from /home/krishnaformeera/Sumitomo/datapipeline/venv/lib/python3.11/site-packages/airflow/example_dags/example_kubernetes_executor.py
[2025-08-31T18:57:01.014+0000] {processor.py:208} INFO - Processing /home/krishnaformeera/Sumitomo/datapipeline/venv/lib/python3.11/site-packages/airflow/example_dags/example_kubernetes_executor.py took 0.026 seconds
[2025-08-31T18:57:53.171+0000] {processor.py:186} INFO - Started process (PID=8753) to work on /home/krishnaformeera/Sumitomo/datapipeline/venv/lib/python3.11/site-packages/airflow/example_dags/example_kubernetes_executor.py
[2025-08-31T18:57:53.172+0000] {processor.py:914} INFO - Processing file /home/krishnaformeera/Sumitomo/datapipeline/venv/lib/python3.11/site-packages/airflow/example_dags/example_kubernetes_executor.py for tasks to queue
[2025-08-31T18:57:53.174+0000] {logging_mixin.py:190} INFO - [2025-08-31T18:57:53.174+0000] {dagbag.py:588} INFO - Filling up the DagBag from /home/krishnaformeera/Sumitomo/datapipeline/venv/lib/python3.11/site-packages/airflow/example_dags/example_kubernetes_executor.py
[2025-08-31T18:57:53.178+0000] {logging_mixin.py:190} INFO - [2025-08-31T18:57:53.178+0000] {example_kubernetes_executor.py:39} WARNING - The example_kubernetes_executor example DAG requires the kubernetes provider. Please install it with: pip install apache-airflow[cncf.kubernetes]
[2025-08-31T18:57:53.178+0000] {processor.py:927} WARNING - No viable dags retrieved from /home/krishnaformeera/Sumitomo/datapipeline/venv/lib/python3.11/site-packages/airflow/example_dags/example_kubernetes_executor.py
[2025-08-31T18:57:53.192+0000] {processor.py:208} INFO - Processing /home/krishnaformeera/Sumitomo/datapipeline/venv/lib/python3.11/site-packages/airflow/example_dags/example_kubernetes_executor.py took 0.029 seconds
[2025-08-31T18:58:46.719+0000] {processor.py:186} INFO - Started process (PID=8806) to work on /home/krishnaformeera/Sumitomo/datapipeline/venv/lib/python3.11/site-packages/airflow/example_dags/example_kubernetes_executor.py
[2025-08-31T18:58:46.721+0000] {processor.py:914} INFO - Processing file /home/krishnaformeera/Sumitomo/datapipeline/venv/lib/python3.11/site-packages/airflow/example_dags/example_kubernetes_executor.py for tasks to queue
[2025-08-31T18:58:46.723+0000] {logging_mixin.py:190} INFO - [2025-08-31T18:58:46.722+0000] {dagbag.py:588} INFO - Filling up the DagBag from /home/krishnaformeera/Sumitomo/datapipeline/venv/lib/python3.11/site-packages/airflow/example_dags/example_kubernetes_executor.py
[2025-08-31T18:58:46.726+0000] {logging_mixin.py:190} INFO - [2025-08-31T18:58:46.725+0000] {example_kubernetes_executor.py:39} WARNING - The example_kubernetes_executor example DAG requires the kubernetes provider. Please install it with: pip install apache-airflow[cncf.kubernetes]
[2025-08-31T18:58:46.726+0000] {processor.py:927} WARNING - No viable dags retrieved from /home/krishnaformeera/Sumitomo/datapipeline/venv/lib/python3.11/site-packages/airflow/example_dags/example_kubernetes_executor.py
[2025-08-31T18:58:46.737+0000] {processor.py:208} INFO - Processing /home/krishnaformeera/Sumitomo/datapipeline/venv/lib/python3.11/site-packages/airflow/example_dags/example_kubernetes_executor.py took 0.025 seconds
