[2025-08-31T18:30:06.819+0000] {processor.py:186} INFO - Started process (PID=5085) to work on /home/krishnaformeera/Sumitomo/datapipeline/venv/lib/python3.11/site-packages/airflow/example_dags/example_xcomargs.py
[2025-08-31T18:30:06.820+0000] {processor.py:914} INFO - Processing file /home/krishnaformeera/Sumitomo/datapipeline/venv/lib/python3.11/site-packages/airflow/example_dags/example_xcomargs.py for tasks to queue
[2025-08-31T18:30:06.821+0000] {logging_mixin.py:190} INFO - [2025-08-31T18:30:06.821+0000] {dagbag.py:588} INFO - Filling up the DagBag from /home/krishnaformeera/Sumitomo/datapipeline/venv/lib/python3.11/site-packages/airflow/example_dags/example_xcomargs.py
[2025-08-31T18:30:06.835+0000] {processor.py:925} INFO - DAG(s) 'example_xcom_args', 'example_xcom_args_with_operators' retrieved from /home/krishnaformeera/Sumitomo/datapipeline/venv/lib/python3.11/site-packages/airflow/example_dags/example_xcomargs.py
[2025-08-31T18:30:07.025+0000] {logging_mixin.py:190} INFO - [2025-08-31T18:30:07.025+0000] {override.py:1900} INFO - Created Permission View: can delete on DAG:example_xcom_args
[2025-08-31T18:30:07.037+0000] {logging_mixin.py:190} INFO - [2025-08-31T18:30:07.037+0000] {override.py:1900} INFO - Created Permission View: can read on DAG:example_xcom_args
[2025-08-31T18:30:07.047+0000] {logging_mixin.py:190} INFO - [2025-08-31T18:30:07.046+0000] {override.py:1900} INFO - Created Permission View: can edit on DAG:example_xcom_args
[2025-08-31T18:30:07.061+0000] {logging_mixin.py:190} INFO - [2025-08-31T18:30:07.061+0000] {override.py:1900} INFO - Created Permission View: can delete on DAG Run:example_xcom_args
[2025-08-31T18:30:07.070+0000] {logging_mixin.py:190} INFO - [2025-08-31T18:30:07.070+0000] {override.py:1900} INFO - Created Permission View: can read on DAG Run:example_xcom_args
[2025-08-31T18:30:07.106+0000] {logging_mixin.py:190} INFO - [2025-08-31T18:30:07.105+0000] {override.py:1900} INFO - Created Permission View: can create on DAG Run:example_xcom_args
[2025-08-31T18:30:07.119+0000] {logging_mixin.py:190} INFO - [2025-08-31T18:30:07.118+0000] {override.py:1900} INFO - Created Permission View: menu access on DAG Run:example_xcom_args
[2025-08-31T18:30:07.169+0000] {logging_mixin.py:190} INFO - [2025-08-31T18:30:07.168+0000] {override.py:1900} INFO - Created Permission View: can delete on DAG:example_xcom_args_with_operators
[2025-08-31T18:30:07.185+0000] {logging_mixin.py:190} INFO - [2025-08-31T18:30:07.184+0000] {override.py:1900} INFO - Created Permission View: can read on DAG:example_xcom_args_with_operators
[2025-08-31T18:30:07.219+0000] {logging_mixin.py:190} INFO - [2025-08-31T18:30:07.218+0000] {override.py:1900} INFO - Created Permission View: can edit on DAG:example_xcom_args_with_operators
[2025-08-31T18:30:07.272+0000] {logging_mixin.py:190} INFO - [2025-08-31T18:30:07.270+0000] {override.py:1900} INFO - Created Permission View: can delete on DAG Run:example_xcom_args_with_operators
[2025-08-31T18:30:07.291+0000] {logging_mixin.py:190} INFO - [2025-08-31T18:30:07.290+0000] {override.py:1900} INFO - Created Permission View: can read on DAG Run:example_xcom_args_with_operators
[2025-08-31T18:30:07.328+0000] {logging_mixin.py:190} INFO - [2025-08-31T18:30:07.327+0000] {override.py:1900} INFO - Created Permission View: can create on DAG Run:example_xcom_args_with_operators
[2025-08-31T18:30:07.350+0000] {logging_mixin.py:190} INFO - [2025-08-31T18:30:07.349+0000] {override.py:1900} INFO - Created Permission View: menu access on DAG Run:example_xcom_args_with_operators
[2025-08-31T18:30:07.350+0000] {logging_mixin.py:190} INFO - [2025-08-31T18:30:07.350+0000] {dag.py:3239} INFO - Sync 2 DAGs
[2025-08-31T18:30:07.361+0000] {logging_mixin.py:190} INFO - [2025-08-31T18:30:07.361+0000] {dag.py:3262} INFO - Creating ORM DAG for example_xcom_args_with_operators
[2025-08-31T18:30:07.361+0000] {logging_mixin.py:190} INFO - [2025-08-31T18:30:07.361+0000] {dag.py:3262} INFO - Creating ORM DAG for example_xcom_args
[2025-08-31T18:30:07.362+0000] {logging_mixin.py:190} INFO - [2025-08-31T18:30:07.362+0000] {dag.py:4180} INFO - Setting next_dagrun for example_xcom_args to None, run_after=None
[2025-08-31T18:30:07.362+0000] {logging_mixin.py:190} INFO - [2025-08-31T18:30:07.362+0000] {dag.py:4180} INFO - Setting next_dagrun for example_xcom_args_with_operators to None, run_after=None
[2025-08-31T18:30:07.383+0000] {processor.py:208} INFO - Processing /home/krishnaformeera/Sumitomo/datapipeline/venv/lib/python3.11/site-packages/airflow/example_dags/example_xcomargs.py took 0.569 seconds
[2025-08-31T18:30:47.151+0000] {processor.py:186} INFO - Started process (PID=5213) to work on /home/krishnaformeera/Sumitomo/datapipeline/venv/lib/python3.11/site-packages/airflow/example_dags/example_xcomargs.py
[2025-08-31T18:30:47.152+0000] {processor.py:914} INFO - Processing file /home/krishnaformeera/Sumitomo/datapipeline/venv/lib/python3.11/site-packages/airflow/example_dags/example_xcomargs.py for tasks to queue
[2025-08-31T18:30:47.154+0000] {logging_mixin.py:190} INFO - [2025-08-31T18:30:47.154+0000] {dagbag.py:588} INFO - Filling up the DagBag from /home/krishnaformeera/Sumitomo/datapipeline/venv/lib/python3.11/site-packages/airflow/example_dags/example_xcomargs.py
[2025-08-31T18:30:47.165+0000] {processor.py:925} INFO - DAG(s) 'example_xcom_args_with_operators', 'example_xcom_args' retrieved from /home/krishnaformeera/Sumitomo/datapipeline/venv/lib/python3.11/site-packages/airflow/example_dags/example_xcomargs.py
[2025-08-31T18:30:47.189+0000] {logging_mixin.py:190} INFO - [2025-08-31T18:30:47.188+0000] {dag.py:3239} INFO - Sync 2 DAGs
[2025-08-31T18:30:47.202+0000] {logging_mixin.py:190} INFO - [2025-08-31T18:30:47.201+0000] {dag.py:4180} INFO - Setting next_dagrun for example_xcom_args to None, run_after=None
[2025-08-31T18:30:47.204+0000] {logging_mixin.py:190} INFO - [2025-08-31T18:30:47.204+0000] {dag.py:4180} INFO - Setting next_dagrun for example_xcom_args_with_operators to None, run_after=None
[2025-08-31T18:30:47.223+0000] {processor.py:208} INFO - Processing /home/krishnaformeera/Sumitomo/datapipeline/venv/lib/python3.11/site-packages/airflow/example_dags/example_xcomargs.py took 0.077 seconds
[2025-08-31T18:31:50.356+0000] {processor.py:186} INFO - Started process (PID=5285) to work on /home/krishnaformeera/Sumitomo/datapipeline/venv/lib/python3.11/site-packages/airflow/example_dags/example_xcomargs.py
[2025-08-31T18:31:50.359+0000] {processor.py:914} INFO - Processing file /home/krishnaformeera/Sumitomo/datapipeline/venv/lib/python3.11/site-packages/airflow/example_dags/example_xcomargs.py for tasks to queue
[2025-08-31T18:31:50.362+0000] {logging_mixin.py:190} INFO - [2025-08-31T18:31:50.362+0000] {dagbag.py:588} INFO - Filling up the DagBag from /home/krishnaformeera/Sumitomo/datapipeline/venv/lib/python3.11/site-packages/airflow/example_dags/example_xcomargs.py
[2025-08-31T18:31:50.372+0000] {processor.py:925} INFO - DAG(s) 'example_xcom_args_with_operators', 'example_xcom_args' retrieved from /home/krishnaformeera/Sumitomo/datapipeline/venv/lib/python3.11/site-packages/airflow/example_dags/example_xcomargs.py
[2025-08-31T18:31:50.389+0000] {logging_mixin.py:190} INFO - [2025-08-31T18:31:50.389+0000] {dag.py:3239} INFO - Sync 2 DAGs
[2025-08-31T18:31:50.401+0000] {logging_mixin.py:190} INFO - [2025-08-31T18:31:50.401+0000] {dag.py:4180} INFO - Setting next_dagrun for example_xcom_args to None, run_after=None
[2025-08-31T18:31:50.403+0000] {logging_mixin.py:190} INFO - [2025-08-31T18:31:50.403+0000] {dag.py:4180} INFO - Setting next_dagrun for example_xcom_args_with_operators to None, run_after=None
[2025-08-31T18:31:50.425+0000] {processor.py:208} INFO - Processing /home/krishnaformeera/Sumitomo/datapipeline/venv/lib/python3.11/site-packages/airflow/example_dags/example_xcomargs.py took 0.074 seconds
[2025-08-31T18:32:45.548+0000] {processor.py:186} INFO - Started process (PID=5342) to work on /home/krishnaformeera/Sumitomo/datapipeline/venv/lib/python3.11/site-packages/airflow/example_dags/example_xcomargs.py
[2025-08-31T18:32:45.549+0000] {processor.py:914} INFO - Processing file /home/krishnaformeera/Sumitomo/datapipeline/venv/lib/python3.11/site-packages/airflow/example_dags/example_xcomargs.py for tasks to queue
[2025-08-31T18:32:45.552+0000] {logging_mixin.py:190} INFO - [2025-08-31T18:32:45.552+0000] {dagbag.py:588} INFO - Filling up the DagBag from /home/krishnaformeera/Sumitomo/datapipeline/venv/lib/python3.11/site-packages/airflow/example_dags/example_xcomargs.py
[2025-08-31T18:32:45.564+0000] {processor.py:925} INFO - DAG(s) 'example_xcom_args', 'example_xcom_args_with_operators' retrieved from /home/krishnaformeera/Sumitomo/datapipeline/venv/lib/python3.11/site-packages/airflow/example_dags/example_xcomargs.py
[2025-08-31T18:32:45.585+0000] {logging_mixin.py:190} INFO - [2025-08-31T18:32:45.585+0000] {dag.py:3239} INFO - Sync 2 DAGs
[2025-08-31T18:32:45.598+0000] {logging_mixin.py:190} INFO - [2025-08-31T18:32:45.598+0000] {dag.py:4180} INFO - Setting next_dagrun for example_xcom_args to None, run_after=None
[2025-08-31T18:32:45.601+0000] {logging_mixin.py:190} INFO - [2025-08-31T18:32:45.601+0000] {dag.py:4180} INFO - Setting next_dagrun for example_xcom_args_with_operators to None, run_after=None
[2025-08-31T18:32:45.624+0000] {processor.py:208} INFO - Processing /home/krishnaformeera/Sumitomo/datapipeline/venv/lib/python3.11/site-packages/airflow/example_dags/example_xcomargs.py took 0.083 seconds
[2025-08-31T18:33:35.337+0000] {processor.py:186} INFO - Started process (PID=5392) to work on /home/krishnaformeera/Sumitomo/datapipeline/venv/lib/python3.11/site-packages/airflow/example_dags/example_xcomargs.py
[2025-08-31T18:33:35.338+0000] {processor.py:914} INFO - Processing file /home/krishnaformeera/Sumitomo/datapipeline/venv/lib/python3.11/site-packages/airflow/example_dags/example_xcomargs.py for tasks to queue
[2025-08-31T18:33:35.340+0000] {logging_mixin.py:190} INFO - [2025-08-31T18:33:35.340+0000] {dagbag.py:588} INFO - Filling up the DagBag from /home/krishnaformeera/Sumitomo/datapipeline/venv/lib/python3.11/site-packages/airflow/example_dags/example_xcomargs.py
[2025-08-31T18:33:35.350+0000] {processor.py:925} INFO - DAG(s) 'example_xcom_args_with_operators', 'example_xcom_args' retrieved from /home/krishnaformeera/Sumitomo/datapipeline/venv/lib/python3.11/site-packages/airflow/example_dags/example_xcomargs.py
[2025-08-31T18:33:35.457+0000] {logging_mixin.py:190} INFO - [2025-08-31T18:33:35.457+0000] {dag.py:3239} INFO - Sync 2 DAGs
[2025-08-31T18:33:35.466+0000] {logging_mixin.py:190} INFO - [2025-08-31T18:33:35.466+0000] {dag.py:4180} INFO - Setting next_dagrun for example_xcom_args to None, run_after=None
[2025-08-31T18:33:35.469+0000] {logging_mixin.py:190} INFO - [2025-08-31T18:33:35.468+0000] {dag.py:4180} INFO - Setting next_dagrun for example_xcom_args_with_operators to None, run_after=None
[2025-08-31T18:33:35.486+0000] {processor.py:208} INFO - Processing /home/krishnaformeera/Sumitomo/datapipeline/venv/lib/python3.11/site-packages/airflow/example_dags/example_xcomargs.py took 0.156 seconds
[2025-08-31T18:34:31.193+0000] {processor.py:186} INFO - Started process (PID=5448) to work on /home/krishnaformeera/Sumitomo/datapipeline/venv/lib/python3.11/site-packages/airflow/example_dags/example_xcomargs.py
[2025-08-31T18:34:31.194+0000] {processor.py:914} INFO - Processing file /home/krishnaformeera/Sumitomo/datapipeline/venv/lib/python3.11/site-packages/airflow/example_dags/example_xcomargs.py for tasks to queue
[2025-08-31T18:34:31.198+0000] {logging_mixin.py:190} INFO - [2025-08-31T18:34:31.197+0000] {dagbag.py:588} INFO - Filling up the DagBag from /home/krishnaformeera/Sumitomo/datapipeline/venv/lib/python3.11/site-packages/airflow/example_dags/example_xcomargs.py
[2025-08-31T18:34:31.210+0000] {processor.py:925} INFO - DAG(s) 'example_xcom_args_with_operators', 'example_xcom_args' retrieved from /home/krishnaformeera/Sumitomo/datapipeline/venv/lib/python3.11/site-packages/airflow/example_dags/example_xcomargs.py
[2025-08-31T18:34:31.231+0000] {logging_mixin.py:190} INFO - [2025-08-31T18:34:31.231+0000] {dag.py:3239} INFO - Sync 2 DAGs
[2025-08-31T18:34:31.245+0000] {logging_mixin.py:190} INFO - [2025-08-31T18:34:31.244+0000] {dag.py:4180} INFO - Setting next_dagrun for example_xcom_args to None, run_after=None
[2025-08-31T18:34:31.248+0000] {logging_mixin.py:190} INFO - [2025-08-31T18:34:31.247+0000] {dag.py:4180} INFO - Setting next_dagrun for example_xcom_args_with_operators to None, run_after=None
[2025-08-31T18:34:31.272+0000] {processor.py:208} INFO - Processing /home/krishnaformeera/Sumitomo/datapipeline/venv/lib/python3.11/site-packages/airflow/example_dags/example_xcomargs.py took 0.086 seconds
[2025-08-31T18:35:22.156+0000] {processor.py:186} INFO - Started process (PID=5500) to work on /home/krishnaformeera/Sumitomo/datapipeline/venv/lib/python3.11/site-packages/airflow/example_dags/example_xcomargs.py
[2025-08-31T18:35:22.157+0000] {processor.py:914} INFO - Processing file /home/krishnaformeera/Sumitomo/datapipeline/venv/lib/python3.11/site-packages/airflow/example_dags/example_xcomargs.py for tasks to queue
[2025-08-31T18:35:22.160+0000] {logging_mixin.py:190} INFO - [2025-08-31T18:35:22.159+0000] {dagbag.py:588} INFO - Filling up the DagBag from /home/krishnaformeera/Sumitomo/datapipeline/venv/lib/python3.11/site-packages/airflow/example_dags/example_xcomargs.py
[2025-08-31T18:35:22.170+0000] {processor.py:925} INFO - DAG(s) 'example_xcom_args_with_operators', 'example_xcom_args' retrieved from /home/krishnaformeera/Sumitomo/datapipeline/venv/lib/python3.11/site-packages/airflow/example_dags/example_xcomargs.py
[2025-08-31T18:35:22.188+0000] {logging_mixin.py:190} INFO - [2025-08-31T18:35:22.187+0000] {dag.py:3239} INFO - Sync 2 DAGs
[2025-08-31T18:35:22.199+0000] {logging_mixin.py:190} INFO - [2025-08-31T18:35:22.199+0000] {dag.py:4180} INFO - Setting next_dagrun for example_xcom_args to None, run_after=None
[2025-08-31T18:35:22.202+0000] {logging_mixin.py:190} INFO - [2025-08-31T18:35:22.201+0000] {dag.py:4180} INFO - Setting next_dagrun for example_xcom_args_with_operators to None, run_after=None
[2025-08-31T18:35:22.221+0000] {processor.py:208} INFO - Processing /home/krishnaformeera/Sumitomo/datapipeline/venv/lib/python3.11/site-packages/airflow/example_dags/example_xcomargs.py took 0.071 seconds
[2025-08-31T18:36:12.229+0000] {processor.py:186} INFO - Started process (PID=5578) to work on /home/krishnaformeera/Sumitomo/datapipeline/venv/lib/python3.11/site-packages/airflow/example_dags/example_xcomargs.py
[2025-08-31T18:36:12.231+0000] {processor.py:914} INFO - Processing file /home/krishnaformeera/Sumitomo/datapipeline/venv/lib/python3.11/site-packages/airflow/example_dags/example_xcomargs.py for tasks to queue
[2025-08-31T18:36:12.236+0000] {logging_mixin.py:190} INFO - [2025-08-31T18:36:12.235+0000] {dagbag.py:588} INFO - Filling up the DagBag from /home/krishnaformeera/Sumitomo/datapipeline/venv/lib/python3.11/site-packages/airflow/example_dags/example_xcomargs.py
[2025-08-31T18:36:12.251+0000] {processor.py:925} INFO - DAG(s) 'example_xcom_args', 'example_xcom_args_with_operators' retrieved from /home/krishnaformeera/Sumitomo/datapipeline/venv/lib/python3.11/site-packages/airflow/example_dags/example_xcomargs.py
[2025-08-31T18:36:12.272+0000] {logging_mixin.py:190} INFO - [2025-08-31T18:36:12.272+0000] {dag.py:3239} INFO - Sync 2 DAGs
[2025-08-31T18:36:12.286+0000] {logging_mixin.py:190} INFO - [2025-08-31T18:36:12.285+0000] {dag.py:4180} INFO - Setting next_dagrun for example_xcom_args to None, run_after=None
[2025-08-31T18:36:12.289+0000] {logging_mixin.py:190} INFO - [2025-08-31T18:36:12.288+0000] {dag.py:4180} INFO - Setting next_dagrun for example_xcom_args_with_operators to None, run_after=None
[2025-08-31T18:36:12.310+0000] {processor.py:208} INFO - Processing /home/krishnaformeera/Sumitomo/datapipeline/venv/lib/python3.11/site-packages/airflow/example_dags/example_xcomargs.py took 0.089 seconds
[2025-08-31T18:37:04.225+0000] {processor.py:186} INFO - Started process (PID=5630) to work on /home/krishnaformeera/Sumitomo/datapipeline/venv/lib/python3.11/site-packages/airflow/example_dags/example_xcomargs.py
[2025-08-31T18:37:04.226+0000] {processor.py:914} INFO - Processing file /home/krishnaformeera/Sumitomo/datapipeline/venv/lib/python3.11/site-packages/airflow/example_dags/example_xcomargs.py for tasks to queue
[2025-08-31T18:37:04.230+0000] {logging_mixin.py:190} INFO - [2025-08-31T18:37:04.229+0000] {dagbag.py:588} INFO - Filling up the DagBag from /home/krishnaformeera/Sumitomo/datapipeline/venv/lib/python3.11/site-packages/airflow/example_dags/example_xcomargs.py
[2025-08-31T18:37:04.242+0000] {processor.py:925} INFO - DAG(s) 'example_xcom_args', 'example_xcom_args_with_operators' retrieved from /home/krishnaformeera/Sumitomo/datapipeline/venv/lib/python3.11/site-packages/airflow/example_dags/example_xcomargs.py
[2025-08-31T18:37:04.264+0000] {logging_mixin.py:190} INFO - [2025-08-31T18:37:04.263+0000] {dag.py:3239} INFO - Sync 2 DAGs
[2025-08-31T18:37:04.277+0000] {logging_mixin.py:190} INFO - [2025-08-31T18:37:04.277+0000] {dag.py:4180} INFO - Setting next_dagrun for example_xcom_args to None, run_after=None
[2025-08-31T18:37:04.280+0000] {logging_mixin.py:190} INFO - [2025-08-31T18:37:04.280+0000] {dag.py:4180} INFO - Setting next_dagrun for example_xcom_args_with_operators to None, run_after=None
[2025-08-31T18:37:04.305+0000] {processor.py:208} INFO - Processing /home/krishnaformeera/Sumitomo/datapipeline/venv/lib/python3.11/site-packages/airflow/example_dags/example_xcomargs.py took 0.087 seconds
[2025-08-31T18:37:55.066+0000] {processor.py:186} INFO - Started process (PID=5694) to work on /home/krishnaformeera/Sumitomo/datapipeline/venv/lib/python3.11/site-packages/airflow/example_dags/example_xcomargs.py
[2025-08-31T18:37:55.068+0000] {processor.py:914} INFO - Processing file /home/krishnaformeera/Sumitomo/datapipeline/venv/lib/python3.11/site-packages/airflow/example_dags/example_xcomargs.py for tasks to queue
[2025-08-31T18:37:55.070+0000] {logging_mixin.py:190} INFO - [2025-08-31T18:37:55.069+0000] {dagbag.py:588} INFO - Filling up the DagBag from /home/krishnaformeera/Sumitomo/datapipeline/venv/lib/python3.11/site-packages/airflow/example_dags/example_xcomargs.py
[2025-08-31T18:37:55.080+0000] {processor.py:925} INFO - DAG(s) 'example_xcom_args', 'example_xcom_args_with_operators' retrieved from /home/krishnaformeera/Sumitomo/datapipeline/venv/lib/python3.11/site-packages/airflow/example_dags/example_xcomargs.py
[2025-08-31T18:37:55.098+0000] {logging_mixin.py:190} INFO - [2025-08-31T18:37:55.098+0000] {dag.py:3239} INFO - Sync 2 DAGs
[2025-08-31T18:37:55.109+0000] {logging_mixin.py:190} INFO - [2025-08-31T18:37:55.109+0000] {dag.py:4180} INFO - Setting next_dagrun for example_xcom_args to None, run_after=None
[2025-08-31T18:37:55.112+0000] {logging_mixin.py:190} INFO - [2025-08-31T18:37:55.112+0000] {dag.py:4180} INFO - Setting next_dagrun for example_xcom_args_with_operators to None, run_after=None
[2025-08-31T18:37:55.131+0000] {processor.py:208} INFO - Processing /home/krishnaformeera/Sumitomo/datapipeline/venv/lib/python3.11/site-packages/airflow/example_dags/example_xcomargs.py took 0.071 seconds
[2025-08-31T18:40:01.078+0000] {processor.py:186} INFO - Started process (PID=6012) to work on /home/krishnaformeera/Sumitomo/datapipeline/venv/lib/python3.11/site-packages/airflow/example_dags/example_xcomargs.py
[2025-08-31T18:40:01.079+0000] {processor.py:914} INFO - Processing file /home/krishnaformeera/Sumitomo/datapipeline/venv/lib/python3.11/site-packages/airflow/example_dags/example_xcomargs.py for tasks to queue
[2025-08-31T18:40:01.081+0000] {logging_mixin.py:190} INFO - [2025-08-31T18:40:01.081+0000] {dagbag.py:588} INFO - Filling up the DagBag from /home/krishnaformeera/Sumitomo/datapipeline/venv/lib/python3.11/site-packages/airflow/example_dags/example_xcomargs.py
[2025-08-31T18:40:01.092+0000] {processor.py:925} INFO - DAG(s) 'example_xcom_args', 'example_xcom_args_with_operators' retrieved from /home/krishnaformeera/Sumitomo/datapipeline/venv/lib/python3.11/site-packages/airflow/example_dags/example_xcomargs.py
[2025-08-31T18:40:01.121+0000] {logging_mixin.py:190} INFO - [2025-08-31T18:40:01.121+0000] {dag.py:3239} INFO - Sync 2 DAGs
[2025-08-31T18:40:01.137+0000] {logging_mixin.py:190} INFO - [2025-08-31T18:40:01.137+0000] {dag.py:4180} INFO - Setting next_dagrun for example_xcom_args to None, run_after=None
[2025-08-31T18:40:01.141+0000] {logging_mixin.py:190} INFO - [2025-08-31T18:40:01.141+0000] {dag.py:4180} INFO - Setting next_dagrun for example_xcom_args_with_operators to None, run_after=None
[2025-08-31T18:40:01.165+0000] {processor.py:208} INFO - Processing /home/krishnaformeera/Sumitomo/datapipeline/venv/lib/python3.11/site-packages/airflow/example_dags/example_xcomargs.py took 0.093 seconds
[2025-08-31T18:40:56.387+0000] {processor.py:186} INFO - Started process (PID=6315) to work on /home/krishnaformeera/Sumitomo/datapipeline/venv/lib/python3.11/site-packages/airflow/example_dags/example_xcomargs.py
[2025-08-31T18:40:56.390+0000] {processor.py:914} INFO - Processing file /home/krishnaformeera/Sumitomo/datapipeline/venv/lib/python3.11/site-packages/airflow/example_dags/example_xcomargs.py for tasks to queue
[2025-08-31T18:40:56.393+0000] {logging_mixin.py:190} INFO - [2025-08-31T18:40:56.392+0000] {dagbag.py:588} INFO - Filling up the DagBag from /home/krishnaformeera/Sumitomo/datapipeline/venv/lib/python3.11/site-packages/airflow/example_dags/example_xcomargs.py
[2025-08-31T18:40:56.404+0000] {processor.py:925} INFO - DAG(s) 'example_xcom_args_with_operators', 'example_xcom_args' retrieved from /home/krishnaformeera/Sumitomo/datapipeline/venv/lib/python3.11/site-packages/airflow/example_dags/example_xcomargs.py
[2025-08-31T18:40:56.424+0000] {logging_mixin.py:190} INFO - [2025-08-31T18:40:56.424+0000] {dag.py:3239} INFO - Sync 2 DAGs
[2025-08-31T18:40:56.437+0000] {logging_mixin.py:190} INFO - [2025-08-31T18:40:56.436+0000] {dag.py:4180} INFO - Setting next_dagrun for example_xcom_args to None, run_after=None
[2025-08-31T18:40:56.441+0000] {logging_mixin.py:190} INFO - [2025-08-31T18:40:56.440+0000] {dag.py:4180} INFO - Setting next_dagrun for example_xcom_args_with_operators to None, run_after=None
[2025-08-31T18:40:56.462+0000] {processor.py:208} INFO - Processing /home/krishnaformeera/Sumitomo/datapipeline/venv/lib/python3.11/site-packages/airflow/example_dags/example_xcomargs.py took 0.081 seconds
[2025-08-31T18:41:48.108+0000] {processor.py:186} INFO - Started process (PID=6477) to work on /home/krishnaformeera/Sumitomo/datapipeline/venv/lib/python3.11/site-packages/airflow/example_dags/example_xcomargs.py
[2025-08-31T18:41:48.109+0000] {processor.py:914} INFO - Processing file /home/krishnaformeera/Sumitomo/datapipeline/venv/lib/python3.11/site-packages/airflow/example_dags/example_xcomargs.py for tasks to queue
[2025-08-31T18:41:48.112+0000] {logging_mixin.py:190} INFO - [2025-08-31T18:41:48.111+0000] {dagbag.py:588} INFO - Filling up the DagBag from /home/krishnaformeera/Sumitomo/datapipeline/venv/lib/python3.11/site-packages/airflow/example_dags/example_xcomargs.py
[2025-08-31T18:41:48.123+0000] {processor.py:925} INFO - DAG(s) 'example_xcom_args', 'example_xcom_args_with_operators' retrieved from /home/krishnaformeera/Sumitomo/datapipeline/venv/lib/python3.11/site-packages/airflow/example_dags/example_xcomargs.py
[2025-08-31T18:41:48.140+0000] {logging_mixin.py:190} INFO - [2025-08-31T18:41:48.140+0000] {dag.py:3239} INFO - Sync 2 DAGs
[2025-08-31T18:41:48.152+0000] {logging_mixin.py:190} INFO - [2025-08-31T18:41:48.151+0000] {dag.py:4180} INFO - Setting next_dagrun for example_xcom_args to None, run_after=None
[2025-08-31T18:41:48.154+0000] {logging_mixin.py:190} INFO - [2025-08-31T18:41:48.154+0000] {dag.py:4180} INFO - Setting next_dagrun for example_xcom_args_with_operators to None, run_after=None
[2025-08-31T18:41:48.174+0000] {processor.py:208} INFO - Processing /home/krishnaformeera/Sumitomo/datapipeline/venv/lib/python3.11/site-packages/airflow/example_dags/example_xcomargs.py took 0.072 seconds
[2025-08-31T18:42:41.680+0000] {processor.py:186} INFO - Started process (PID=6665) to work on /home/krishnaformeera/Sumitomo/datapipeline/venv/lib/python3.11/site-packages/airflow/example_dags/example_xcomargs.py
[2025-08-31T18:42:41.682+0000] {processor.py:914} INFO - Processing file /home/krishnaformeera/Sumitomo/datapipeline/venv/lib/python3.11/site-packages/airflow/example_dags/example_xcomargs.py for tasks to queue
[2025-08-31T18:42:41.685+0000] {logging_mixin.py:190} INFO - [2025-08-31T18:42:41.685+0000] {dagbag.py:588} INFO - Filling up the DagBag from /home/krishnaformeera/Sumitomo/datapipeline/venv/lib/python3.11/site-packages/airflow/example_dags/example_xcomargs.py
[2025-08-31T18:42:41.696+0000] {processor.py:925} INFO - DAG(s) 'example_xcom_args_with_operators', 'example_xcom_args' retrieved from /home/krishnaformeera/Sumitomo/datapipeline/venv/lib/python3.11/site-packages/airflow/example_dags/example_xcomargs.py
[2025-08-31T18:42:41.815+0000] {logging_mixin.py:190} INFO - [2025-08-31T18:42:41.815+0000] {dag.py:3239} INFO - Sync 2 DAGs
[2025-08-31T18:42:41.824+0000] {logging_mixin.py:190} INFO - [2025-08-31T18:42:41.824+0000] {dag.py:4180} INFO - Setting next_dagrun for example_xcom_args to None, run_after=None
[2025-08-31T18:42:41.826+0000] {logging_mixin.py:190} INFO - [2025-08-31T18:42:41.826+0000] {dag.py:4180} INFO - Setting next_dagrun for example_xcom_args_with_operators to None, run_after=None
[2025-08-31T18:42:41.844+0000] {processor.py:208} INFO - Processing /home/krishnaformeera/Sumitomo/datapipeline/venv/lib/python3.11/site-packages/airflow/example_dags/example_xcomargs.py took 0.171 seconds
[2025-08-31T18:43:41.328+0000] {processor.py:186} INFO - Started process (PID=6912) to work on /home/krishnaformeera/Sumitomo/datapipeline/venv/lib/python3.11/site-packages/airflow/example_dags/example_xcomargs.py
[2025-08-31T18:43:41.329+0000] {processor.py:914} INFO - Processing file /home/krishnaformeera/Sumitomo/datapipeline/venv/lib/python3.11/site-packages/airflow/example_dags/example_xcomargs.py for tasks to queue
[2025-08-31T18:43:41.332+0000] {logging_mixin.py:190} INFO - [2025-08-31T18:43:41.332+0000] {dagbag.py:588} INFO - Filling up the DagBag from /home/krishnaformeera/Sumitomo/datapipeline/venv/lib/python3.11/site-packages/airflow/example_dags/example_xcomargs.py
[2025-08-31T18:43:41.344+0000] {processor.py:925} INFO - DAG(s) 'example_xcom_args', 'example_xcom_args_with_operators' retrieved from /home/krishnaformeera/Sumitomo/datapipeline/venv/lib/python3.11/site-packages/airflow/example_dags/example_xcomargs.py
[2025-08-31T18:43:41.368+0000] {logging_mixin.py:190} INFO - [2025-08-31T18:43:41.367+0000] {dag.py:3239} INFO - Sync 2 DAGs
[2025-08-31T18:43:41.384+0000] {logging_mixin.py:190} INFO - [2025-08-31T18:43:41.383+0000] {dag.py:4180} INFO - Setting next_dagrun for example_xcom_args to None, run_after=None
[2025-08-31T18:43:41.390+0000] {logging_mixin.py:190} INFO - [2025-08-31T18:43:41.389+0000] {dag.py:4180} INFO - Setting next_dagrun for example_xcom_args_with_operators to None, run_after=None
[2025-08-31T18:43:41.411+0000] {processor.py:208} INFO - Processing /home/krishnaformeera/Sumitomo/datapipeline/venv/lib/python3.11/site-packages/airflow/example_dags/example_xcomargs.py took 0.091 seconds
[2025-08-31T18:44:32.047+0000] {processor.py:186} INFO - Started process (PID=7124) to work on /home/krishnaformeera/Sumitomo/datapipeline/venv/lib/python3.11/site-packages/airflow/example_dags/example_xcomargs.py
[2025-08-31T18:44:32.048+0000] {processor.py:914} INFO - Processing file /home/krishnaformeera/Sumitomo/datapipeline/venv/lib/python3.11/site-packages/airflow/example_dags/example_xcomargs.py for tasks to queue
[2025-08-31T18:44:32.051+0000] {logging_mixin.py:190} INFO - [2025-08-31T18:44:32.051+0000] {dagbag.py:588} INFO - Filling up the DagBag from /home/krishnaformeera/Sumitomo/datapipeline/venv/lib/python3.11/site-packages/airflow/example_dags/example_xcomargs.py
[2025-08-31T18:44:32.062+0000] {processor.py:925} INFO - DAG(s) 'example_xcom_args_with_operators', 'example_xcom_args' retrieved from /home/krishnaformeera/Sumitomo/datapipeline/venv/lib/python3.11/site-packages/airflow/example_dags/example_xcomargs.py
[2025-08-31T18:44:32.079+0000] {logging_mixin.py:190} INFO - [2025-08-31T18:44:32.079+0000] {dag.py:3239} INFO - Sync 2 DAGs
[2025-08-31T18:44:32.090+0000] {logging_mixin.py:190} INFO - [2025-08-31T18:44:32.090+0000] {dag.py:4180} INFO - Setting next_dagrun for example_xcom_args to None, run_after=None
[2025-08-31T18:44:32.093+0000] {logging_mixin.py:190} INFO - [2025-08-31T18:44:32.092+0000] {dag.py:4180} INFO - Setting next_dagrun for example_xcom_args_with_operators to None, run_after=None
[2025-08-31T18:44:32.111+0000] {processor.py:208} INFO - Processing /home/krishnaformeera/Sumitomo/datapipeline/venv/lib/python3.11/site-packages/airflow/example_dags/example_xcomargs.py took 0.071 seconds
[2025-08-31T18:45:22.574+0000] {processor.py:186} INFO - Started process (PID=7366) to work on /home/krishnaformeera/Sumitomo/datapipeline/venv/lib/python3.11/site-packages/airflow/example_dags/example_xcomargs.py
[2025-08-31T18:45:22.575+0000] {processor.py:914} INFO - Processing file /home/krishnaformeera/Sumitomo/datapipeline/venv/lib/python3.11/site-packages/airflow/example_dags/example_xcomargs.py for tasks to queue
[2025-08-31T18:45:22.577+0000] {logging_mixin.py:190} INFO - [2025-08-31T18:45:22.577+0000] {dagbag.py:588} INFO - Filling up the DagBag from /home/krishnaformeera/Sumitomo/datapipeline/venv/lib/python3.11/site-packages/airflow/example_dags/example_xcomargs.py
[2025-08-31T18:45:22.588+0000] {processor.py:925} INFO - DAG(s) 'example_xcom_args', 'example_xcom_args_with_operators' retrieved from /home/krishnaformeera/Sumitomo/datapipeline/venv/lib/python3.11/site-packages/airflow/example_dags/example_xcomargs.py
[2025-08-31T18:45:22.608+0000] {logging_mixin.py:190} INFO - [2025-08-31T18:45:22.608+0000] {dag.py:3239} INFO - Sync 2 DAGs
[2025-08-31T18:45:22.619+0000] {logging_mixin.py:190} INFO - [2025-08-31T18:45:22.619+0000] {dag.py:4180} INFO - Setting next_dagrun for example_xcom_args to None, run_after=None
[2025-08-31T18:45:22.622+0000] {logging_mixin.py:190} INFO - [2025-08-31T18:45:22.622+0000] {dag.py:4180} INFO - Setting next_dagrun for example_xcom_args_with_operators to None, run_after=None
[2025-08-31T18:45:22.641+0000] {processor.py:208} INFO - Processing /home/krishnaformeera/Sumitomo/datapipeline/venv/lib/python3.11/site-packages/airflow/example_dags/example_xcomargs.py took 0.073 seconds
[2025-08-31T18:46:15.234+0000] {processor.py:186} INFO - Started process (PID=7634) to work on /home/krishnaformeera/Sumitomo/datapipeline/venv/lib/python3.11/site-packages/airflow/example_dags/example_xcomargs.py
[2025-08-31T18:46:15.235+0000] {processor.py:914} INFO - Processing file /home/krishnaformeera/Sumitomo/datapipeline/venv/lib/python3.11/site-packages/airflow/example_dags/example_xcomargs.py for tasks to queue
[2025-08-31T18:46:15.237+0000] {logging_mixin.py:190} INFO - [2025-08-31T18:46:15.237+0000] {dagbag.py:588} INFO - Filling up the DagBag from /home/krishnaformeera/Sumitomo/datapipeline/venv/lib/python3.11/site-packages/airflow/example_dags/example_xcomargs.py
[2025-08-31T18:46:15.248+0000] {processor.py:925} INFO - DAG(s) 'example_xcom_args_with_operators', 'example_xcom_args' retrieved from /home/krishnaformeera/Sumitomo/datapipeline/venv/lib/python3.11/site-packages/airflow/example_dags/example_xcomargs.py
[2025-08-31T18:46:15.266+0000] {logging_mixin.py:190} INFO - [2025-08-31T18:46:15.266+0000] {dag.py:3239} INFO - Sync 2 DAGs
[2025-08-31T18:46:15.278+0000] {logging_mixin.py:190} INFO - [2025-08-31T18:46:15.278+0000] {dag.py:4180} INFO - Setting next_dagrun for example_xcom_args to None, run_after=None
[2025-08-31T18:46:15.281+0000] {logging_mixin.py:190} INFO - [2025-08-31T18:46:15.280+0000] {dag.py:4180} INFO - Setting next_dagrun for example_xcom_args_with_operators to None, run_after=None
[2025-08-31T18:46:15.301+0000] {processor.py:208} INFO - Processing /home/krishnaformeera/Sumitomo/datapipeline/venv/lib/python3.11/site-packages/airflow/example_dags/example_xcomargs.py took 0.073 seconds
[2025-08-31T18:47:08.222+0000] {processor.py:186} INFO - Started process (PID=7774) to work on /home/krishnaformeera/Sumitomo/datapipeline/venv/lib/python3.11/site-packages/airflow/example_dags/example_xcomargs.py
[2025-08-31T18:47:08.223+0000] {processor.py:914} INFO - Processing file /home/krishnaformeera/Sumitomo/datapipeline/venv/lib/python3.11/site-packages/airflow/example_dags/example_xcomargs.py for tasks to queue
[2025-08-31T18:47:08.225+0000] {logging_mixin.py:190} INFO - [2025-08-31T18:47:08.225+0000] {dagbag.py:588} INFO - Filling up the DagBag from /home/krishnaformeera/Sumitomo/datapipeline/venv/lib/python3.11/site-packages/airflow/example_dags/example_xcomargs.py
[2025-08-31T18:47:08.236+0000] {processor.py:925} INFO - DAG(s) 'example_xcom_args_with_operators', 'example_xcom_args' retrieved from /home/krishnaformeera/Sumitomo/datapipeline/venv/lib/python3.11/site-packages/airflow/example_dags/example_xcomargs.py
[2025-08-31T18:47:08.253+0000] {logging_mixin.py:190} INFO - [2025-08-31T18:47:08.253+0000] {dag.py:3239} INFO - Sync 2 DAGs
[2025-08-31T18:47:08.264+0000] {logging_mixin.py:190} INFO - [2025-08-31T18:47:08.264+0000] {dag.py:4180} INFO - Setting next_dagrun for example_xcom_args to None, run_after=None
[2025-08-31T18:47:08.267+0000] {logging_mixin.py:190} INFO - [2025-08-31T18:47:08.267+0000] {dag.py:4180} INFO - Setting next_dagrun for example_xcom_args_with_operators to None, run_after=None
[2025-08-31T18:47:08.287+0000] {processor.py:208} INFO - Processing /home/krishnaformeera/Sumitomo/datapipeline/venv/lib/python3.11/site-packages/airflow/example_dags/example_xcomargs.py took 0.071 seconds
[2025-08-31T18:47:57.768+0000] {processor.py:186} INFO - Started process (PID=7830) to work on /home/krishnaformeera/Sumitomo/datapipeline/venv/lib/python3.11/site-packages/airflow/example_dags/example_xcomargs.py
[2025-08-31T18:47:57.769+0000] {processor.py:914} INFO - Processing file /home/krishnaformeera/Sumitomo/datapipeline/venv/lib/python3.11/site-packages/airflow/example_dags/example_xcomargs.py for tasks to queue
[2025-08-31T18:47:57.771+0000] {logging_mixin.py:190} INFO - [2025-08-31T18:47:57.771+0000] {dagbag.py:588} INFO - Filling up the DagBag from /home/krishnaformeera/Sumitomo/datapipeline/venv/lib/python3.11/site-packages/airflow/example_dags/example_xcomargs.py
[2025-08-31T18:47:57.784+0000] {processor.py:925} INFO - DAG(s) 'example_xcom_args_with_operators', 'example_xcom_args' retrieved from /home/krishnaformeera/Sumitomo/datapipeline/venv/lib/python3.11/site-packages/airflow/example_dags/example_xcomargs.py
[2025-08-31T18:47:57.804+0000] {logging_mixin.py:190} INFO - [2025-08-31T18:47:57.804+0000] {dag.py:3239} INFO - Sync 2 DAGs
[2025-08-31T18:47:57.816+0000] {logging_mixin.py:190} INFO - [2025-08-31T18:47:57.815+0000] {dag.py:4180} INFO - Setting next_dagrun for example_xcom_args to None, run_after=None
[2025-08-31T18:47:57.818+0000] {logging_mixin.py:190} INFO - [2025-08-31T18:47:57.818+0000] {dag.py:4180} INFO - Setting next_dagrun for example_xcom_args_with_operators to None, run_after=None
[2025-08-31T18:47:57.837+0000] {processor.py:208} INFO - Processing /home/krishnaformeera/Sumitomo/datapipeline/venv/lib/python3.11/site-packages/airflow/example_dags/example_xcomargs.py took 0.076 seconds
[2025-08-31T18:48:48.687+0000] {processor.py:186} INFO - Started process (PID=7885) to work on /home/krishnaformeera/Sumitomo/datapipeline/venv/lib/python3.11/site-packages/airflow/example_dags/example_xcomargs.py
[2025-08-31T18:48:48.688+0000] {processor.py:914} INFO - Processing file /home/krishnaformeera/Sumitomo/datapipeline/venv/lib/python3.11/site-packages/airflow/example_dags/example_xcomargs.py for tasks to queue
[2025-08-31T18:48:48.690+0000] {logging_mixin.py:190} INFO - [2025-08-31T18:48:48.690+0000] {dagbag.py:588} INFO - Filling up the DagBag from /home/krishnaformeera/Sumitomo/datapipeline/venv/lib/python3.11/site-packages/airflow/example_dags/example_xcomargs.py
[2025-08-31T18:48:48.702+0000] {processor.py:925} INFO - DAG(s) 'example_xcom_args_with_operators', 'example_xcom_args' retrieved from /home/krishnaformeera/Sumitomo/datapipeline/venv/lib/python3.11/site-packages/airflow/example_dags/example_xcomargs.py
[2025-08-31T18:48:48.719+0000] {logging_mixin.py:190} INFO - [2025-08-31T18:48:48.719+0000] {dag.py:3239} INFO - Sync 2 DAGs
[2025-08-31T18:48:48.732+0000] {logging_mixin.py:190} INFO - [2025-08-31T18:48:48.731+0000] {dag.py:4180} INFO - Setting next_dagrun for example_xcom_args to None, run_after=None
[2025-08-31T18:48:48.734+0000] {logging_mixin.py:190} INFO - [2025-08-31T18:48:48.734+0000] {dag.py:4180} INFO - Setting next_dagrun for example_xcom_args_with_operators to None, run_after=None
[2025-08-31T18:48:48.754+0000] {processor.py:208} INFO - Processing /home/krishnaformeera/Sumitomo/datapipeline/venv/lib/python3.11/site-packages/airflow/example_dags/example_xcomargs.py took 0.074 seconds
[2025-08-31T18:49:39.438+0000] {processor.py:186} INFO - Started process (PID=7948) to work on /home/krishnaformeera/Sumitomo/datapipeline/venv/lib/python3.11/site-packages/airflow/example_dags/example_xcomargs.py
[2025-08-31T18:49:39.441+0000] {processor.py:914} INFO - Processing file /home/krishnaformeera/Sumitomo/datapipeline/venv/lib/python3.11/site-packages/airflow/example_dags/example_xcomargs.py for tasks to queue
[2025-08-31T18:49:39.444+0000] {logging_mixin.py:190} INFO - [2025-08-31T18:49:39.443+0000] {dagbag.py:588} INFO - Filling up the DagBag from /home/krishnaformeera/Sumitomo/datapipeline/venv/lib/python3.11/site-packages/airflow/example_dags/example_xcomargs.py
[2025-08-31T18:49:39.455+0000] {processor.py:925} INFO - DAG(s) 'example_xcom_args_with_operators', 'example_xcom_args' retrieved from /home/krishnaformeera/Sumitomo/datapipeline/venv/lib/python3.11/site-packages/airflow/example_dags/example_xcomargs.py
[2025-08-31T18:49:39.473+0000] {logging_mixin.py:190} INFO - [2025-08-31T18:49:39.473+0000] {dag.py:3239} INFO - Sync 2 DAGs
[2025-08-31T18:49:39.484+0000] {logging_mixin.py:190} INFO - [2025-08-31T18:49:39.484+0000] {dag.py:4180} INFO - Setting next_dagrun for example_xcom_args to None, run_after=None
[2025-08-31T18:49:39.487+0000] {logging_mixin.py:190} INFO - [2025-08-31T18:49:39.487+0000] {dag.py:4180} INFO - Setting next_dagrun for example_xcom_args_with_operators to None, run_after=None
[2025-08-31T18:49:39.504+0000] {processor.py:208} INFO - Processing /home/krishnaformeera/Sumitomo/datapipeline/venv/lib/python3.11/site-packages/airflow/example_dags/example_xcomargs.py took 0.072 seconds
[2025-08-31T18:50:32.534+0000] {processor.py:186} INFO - Started process (PID=8061) to work on /home/krishnaformeera/Sumitomo/datapipeline/venv/lib/python3.11/site-packages/airflow/example_dags/example_xcomargs.py
[2025-08-31T18:50:32.535+0000] {processor.py:914} INFO - Processing file /home/krishnaformeera/Sumitomo/datapipeline/venv/lib/python3.11/site-packages/airflow/example_dags/example_xcomargs.py for tasks to queue
[2025-08-31T18:50:32.538+0000] {logging_mixin.py:190} INFO - [2025-08-31T18:50:32.537+0000] {dagbag.py:588} INFO - Filling up the DagBag from /home/krishnaformeera/Sumitomo/datapipeline/venv/lib/python3.11/site-packages/airflow/example_dags/example_xcomargs.py
[2025-08-31T18:50:32.549+0000] {processor.py:925} INFO - DAG(s) 'example_xcom_args', 'example_xcom_args_with_operators' retrieved from /home/krishnaformeera/Sumitomo/datapipeline/venv/lib/python3.11/site-packages/airflow/example_dags/example_xcomargs.py
[2025-08-31T18:50:32.568+0000] {logging_mixin.py:190} INFO - [2025-08-31T18:50:32.567+0000] {dag.py:3239} INFO - Sync 2 DAGs
[2025-08-31T18:50:32.579+0000] {logging_mixin.py:190} INFO - [2025-08-31T18:50:32.579+0000] {dag.py:4180} INFO - Setting next_dagrun for example_xcom_args to None, run_after=None
[2025-08-31T18:50:32.581+0000] {logging_mixin.py:190} INFO - [2025-08-31T18:50:32.581+0000] {dag.py:4180} INFO - Setting next_dagrun for example_xcom_args_with_operators to None, run_after=None
[2025-08-31T18:50:32.601+0000] {processor.py:208} INFO - Processing /home/krishnaformeera/Sumitomo/datapipeline/venv/lib/python3.11/site-packages/airflow/example_dags/example_xcomargs.py took 0.075 seconds
[2025-08-31T18:51:24.558+0000] {processor.py:186} INFO - Started process (PID=8143) to work on /home/krishnaformeera/Sumitomo/datapipeline/venv/lib/python3.11/site-packages/airflow/example_dags/example_xcomargs.py
[2025-08-31T18:51:24.559+0000] {processor.py:914} INFO - Processing file /home/krishnaformeera/Sumitomo/datapipeline/venv/lib/python3.11/site-packages/airflow/example_dags/example_xcomargs.py for tasks to queue
[2025-08-31T18:51:24.561+0000] {logging_mixin.py:190} INFO - [2025-08-31T18:51:24.561+0000] {dagbag.py:588} INFO - Filling up the DagBag from /home/krishnaformeera/Sumitomo/datapipeline/venv/lib/python3.11/site-packages/airflow/example_dags/example_xcomargs.py
[2025-08-31T18:51:24.572+0000] {processor.py:925} INFO - DAG(s) 'example_xcom_args_with_operators', 'example_xcom_args' retrieved from /home/krishnaformeera/Sumitomo/datapipeline/venv/lib/python3.11/site-packages/airflow/example_dags/example_xcomargs.py
[2025-08-31T18:51:24.592+0000] {logging_mixin.py:190} INFO - [2025-08-31T18:51:24.592+0000] {dag.py:3239} INFO - Sync 2 DAGs
[2025-08-31T18:51:24.612+0000] {logging_mixin.py:190} INFO - [2025-08-31T18:51:24.611+0000] {dag.py:4180} INFO - Setting next_dagrun for example_xcom_args to None, run_after=None
[2025-08-31T18:51:24.617+0000] {logging_mixin.py:190} INFO - [2025-08-31T18:51:24.617+0000] {dag.py:4180} INFO - Setting next_dagrun for example_xcom_args_with_operators to None, run_after=None
[2025-08-31T18:51:24.646+0000] {processor.py:208} INFO - Processing /home/krishnaformeera/Sumitomo/datapipeline/venv/lib/python3.11/site-packages/airflow/example_dags/example_xcomargs.py took 0.097 seconds
[2025-08-31T18:52:14.136+0000] {processor.py:186} INFO - Started process (PID=8216) to work on /home/krishnaformeera/Sumitomo/datapipeline/venv/lib/python3.11/site-packages/airflow/example_dags/example_xcomargs.py
[2025-08-31T18:52:14.137+0000] {processor.py:914} INFO - Processing file /home/krishnaformeera/Sumitomo/datapipeline/venv/lib/python3.11/site-packages/airflow/example_dags/example_xcomargs.py for tasks to queue
[2025-08-31T18:52:14.139+0000] {logging_mixin.py:190} INFO - [2025-08-31T18:52:14.139+0000] {dagbag.py:588} INFO - Filling up the DagBag from /home/krishnaformeera/Sumitomo/datapipeline/venv/lib/python3.11/site-packages/airflow/example_dags/example_xcomargs.py
[2025-08-31T18:52:14.151+0000] {processor.py:925} INFO - DAG(s) 'example_xcom_args_with_operators', 'example_xcom_args' retrieved from /home/krishnaformeera/Sumitomo/datapipeline/venv/lib/python3.11/site-packages/airflow/example_dags/example_xcomargs.py
[2025-08-31T18:52:14.170+0000] {logging_mixin.py:190} INFO - [2025-08-31T18:52:14.170+0000] {dag.py:3239} INFO - Sync 2 DAGs
[2025-08-31T18:52:14.183+0000] {logging_mixin.py:190} INFO - [2025-08-31T18:52:14.183+0000] {dag.py:4180} INFO - Setting next_dagrun for example_xcom_args to None, run_after=None
[2025-08-31T18:52:14.186+0000] {logging_mixin.py:190} INFO - [2025-08-31T18:52:14.186+0000] {dag.py:4180} INFO - Setting next_dagrun for example_xcom_args_with_operators to None, run_after=None
[2025-08-31T18:52:14.207+0000] {processor.py:208} INFO - Processing /home/krishnaformeera/Sumitomo/datapipeline/venv/lib/python3.11/site-packages/airflow/example_dags/example_xcomargs.py took 0.078 seconds
[2025-08-31T18:53:02.393+0000] {processor.py:186} INFO - Started process (PID=8273) to work on /home/krishnaformeera/Sumitomo/datapipeline/venv/lib/python3.11/site-packages/airflow/example_dags/example_xcomargs.py
[2025-08-31T18:53:02.394+0000] {processor.py:914} INFO - Processing file /home/krishnaformeera/Sumitomo/datapipeline/venv/lib/python3.11/site-packages/airflow/example_dags/example_xcomargs.py for tasks to queue
[2025-08-31T18:53:02.397+0000] {logging_mixin.py:190} INFO - [2025-08-31T18:53:02.396+0000] {dagbag.py:588} INFO - Filling up the DagBag from /home/krishnaformeera/Sumitomo/datapipeline/venv/lib/python3.11/site-packages/airflow/example_dags/example_xcomargs.py
[2025-08-31T18:53:02.408+0000] {processor.py:925} INFO - DAG(s) 'example_xcom_args', 'example_xcom_args_with_operators' retrieved from /home/krishnaformeera/Sumitomo/datapipeline/venv/lib/python3.11/site-packages/airflow/example_dags/example_xcomargs.py
[2025-08-31T18:53:02.427+0000] {logging_mixin.py:190} INFO - [2025-08-31T18:53:02.426+0000] {dag.py:3239} INFO - Sync 2 DAGs
[2025-08-31T18:53:02.439+0000] {logging_mixin.py:190} INFO - [2025-08-31T18:53:02.439+0000] {dag.py:4180} INFO - Setting next_dagrun for example_xcom_args to None, run_after=None
[2025-08-31T18:53:02.442+0000] {logging_mixin.py:190} INFO - [2025-08-31T18:53:02.442+0000] {dag.py:4180} INFO - Setting next_dagrun for example_xcom_args_with_operators to None, run_after=None
[2025-08-31T18:53:02.463+0000] {processor.py:208} INFO - Processing /home/krishnaformeera/Sumitomo/datapipeline/venv/lib/python3.11/site-packages/airflow/example_dags/example_xcomargs.py took 0.076 seconds
[2025-08-31T18:53:51.996+0000] {processor.py:186} INFO - Started process (PID=8467) to work on /home/krishnaformeera/Sumitomo/datapipeline/venv/lib/python3.11/site-packages/airflow/example_dags/example_xcomargs.py
[2025-08-31T18:53:51.998+0000] {processor.py:914} INFO - Processing file /home/krishnaformeera/Sumitomo/datapipeline/venv/lib/python3.11/site-packages/airflow/example_dags/example_xcomargs.py for tasks to queue
[2025-08-31T18:53:52.000+0000] {logging_mixin.py:190} INFO - [2025-08-31T18:53:52.000+0000] {dagbag.py:588} INFO - Filling up the DagBag from /home/krishnaformeera/Sumitomo/datapipeline/venv/lib/python3.11/site-packages/airflow/example_dags/example_xcomargs.py
[2025-08-31T18:53:52.012+0000] {processor.py:925} INFO - DAG(s) 'example_xcom_args_with_operators', 'example_xcom_args' retrieved from /home/krishnaformeera/Sumitomo/datapipeline/venv/lib/python3.11/site-packages/airflow/example_dags/example_xcomargs.py
[2025-08-31T18:53:52.031+0000] {logging_mixin.py:190} INFO - [2025-08-31T18:53:52.031+0000] {dag.py:3239} INFO - Sync 2 DAGs
[2025-08-31T18:53:52.044+0000] {logging_mixin.py:190} INFO - [2025-08-31T18:53:52.044+0000] {dag.py:4180} INFO - Setting next_dagrun for example_xcom_args to None, run_after=None
[2025-08-31T18:53:52.047+0000] {logging_mixin.py:190} INFO - [2025-08-31T18:53:52.047+0000] {dag.py:4180} INFO - Setting next_dagrun for example_xcom_args_with_operators to None, run_after=None
[2025-08-31T18:53:52.066+0000] {processor.py:208} INFO - Processing /home/krishnaformeera/Sumitomo/datapipeline/venv/lib/python3.11/site-packages/airflow/example_dags/example_xcomargs.py took 0.076 seconds
[2025-08-31T18:54:40.147+0000] {processor.py:186} INFO - Started process (PID=8517) to work on /home/krishnaformeera/Sumitomo/datapipeline/venv/lib/python3.11/site-packages/airflow/example_dags/example_xcomargs.py
[2025-08-31T18:54:40.148+0000] {processor.py:914} INFO - Processing file /home/krishnaformeera/Sumitomo/datapipeline/venv/lib/python3.11/site-packages/airflow/example_dags/example_xcomargs.py for tasks to queue
[2025-08-31T18:54:40.151+0000] {logging_mixin.py:190} INFO - [2025-08-31T18:54:40.150+0000] {dagbag.py:588} INFO - Filling up the DagBag from /home/krishnaformeera/Sumitomo/datapipeline/venv/lib/python3.11/site-packages/airflow/example_dags/example_xcomargs.py
[2025-08-31T18:54:40.163+0000] {processor.py:925} INFO - DAG(s) 'example_xcom_args_with_operators', 'example_xcom_args' retrieved from /home/krishnaformeera/Sumitomo/datapipeline/venv/lib/python3.11/site-packages/airflow/example_dags/example_xcomargs.py
[2025-08-31T18:54:40.183+0000] {logging_mixin.py:190} INFO - [2025-08-31T18:54:40.183+0000] {dag.py:3239} INFO - Sync 2 DAGs
[2025-08-31T18:54:40.197+0000] {logging_mixin.py:190} INFO - [2025-08-31T18:54:40.197+0000] {dag.py:4180} INFO - Setting next_dagrun for example_xcom_args to None, run_after=None
[2025-08-31T18:54:40.200+0000] {logging_mixin.py:190} INFO - [2025-08-31T18:54:40.200+0000] {dag.py:4180} INFO - Setting next_dagrun for example_xcom_args_with_operators to None, run_after=None
[2025-08-31T18:54:40.225+0000] {processor.py:208} INFO - Processing /home/krishnaformeera/Sumitomo/datapipeline/venv/lib/python3.11/site-packages/airflow/example_dags/example_xcomargs.py took 0.085 seconds
[2025-08-31T18:55:33.171+0000] {processor.py:186} INFO - Started process (PID=8597) to work on /home/krishnaformeera/Sumitomo/datapipeline/venv/lib/python3.11/site-packages/airflow/example_dags/example_xcomargs.py
[2025-08-31T18:55:33.172+0000] {processor.py:914} INFO - Processing file /home/krishnaformeera/Sumitomo/datapipeline/venv/lib/python3.11/site-packages/airflow/example_dags/example_xcomargs.py for tasks to queue
[2025-08-31T18:55:33.174+0000] {logging_mixin.py:190} INFO - [2025-08-31T18:55:33.174+0000] {dagbag.py:588} INFO - Filling up the DagBag from /home/krishnaformeera/Sumitomo/datapipeline/venv/lib/python3.11/site-packages/airflow/example_dags/example_xcomargs.py
[2025-08-31T18:55:33.185+0000] {processor.py:925} INFO - DAG(s) 'example_xcom_args_with_operators', 'example_xcom_args' retrieved from /home/krishnaformeera/Sumitomo/datapipeline/venv/lib/python3.11/site-packages/airflow/example_dags/example_xcomargs.py
[2025-08-31T18:55:33.205+0000] {logging_mixin.py:190} INFO - [2025-08-31T18:55:33.204+0000] {dag.py:3239} INFO - Sync 2 DAGs
[2025-08-31T18:55:33.217+0000] {logging_mixin.py:190} INFO - [2025-08-31T18:55:33.217+0000] {dag.py:4180} INFO - Setting next_dagrun for example_xcom_args to None, run_after=None
[2025-08-31T18:55:33.223+0000] {logging_mixin.py:190} INFO - [2025-08-31T18:55:33.222+0000] {dag.py:4180} INFO - Setting next_dagrun for example_xcom_args_with_operators to None, run_after=None
[2025-08-31T18:55:33.268+0000] {processor.py:208} INFO - Processing /home/krishnaformeera/Sumitomo/datapipeline/venv/lib/python3.11/site-packages/airflow/example_dags/example_xcomargs.py took 0.103 seconds
[2025-08-31T18:56:26.985+0000] {processor.py:186} INFO - Started process (PID=8666) to work on /home/krishnaformeera/Sumitomo/datapipeline/venv/lib/python3.11/site-packages/airflow/example_dags/example_xcomargs.py
[2025-08-31T18:56:26.987+0000] {processor.py:914} INFO - Processing file /home/krishnaformeera/Sumitomo/datapipeline/venv/lib/python3.11/site-packages/airflow/example_dags/example_xcomargs.py for tasks to queue
[2025-08-31T18:56:26.991+0000] {logging_mixin.py:190} INFO - [2025-08-31T18:56:26.990+0000] {dagbag.py:588} INFO - Filling up the DagBag from /home/krishnaformeera/Sumitomo/datapipeline/venv/lib/python3.11/site-packages/airflow/example_dags/example_xcomargs.py
[2025-08-31T18:56:27.014+0000] {processor.py:925} INFO - DAG(s) 'example_xcom_args', 'example_xcom_args_with_operators' retrieved from /home/krishnaformeera/Sumitomo/datapipeline/venv/lib/python3.11/site-packages/airflow/example_dags/example_xcomargs.py
[2025-08-31T18:56:27.054+0000] {logging_mixin.py:190} INFO - [2025-08-31T18:56:27.053+0000] {dag.py:3239} INFO - Sync 2 DAGs
[2025-08-31T18:56:27.073+0000] {logging_mixin.py:190} INFO - [2025-08-31T18:56:27.073+0000] {dag.py:4180} INFO - Setting next_dagrun for example_xcom_args to None, run_after=None
[2025-08-31T18:56:27.077+0000] {logging_mixin.py:190} INFO - [2025-08-31T18:56:27.077+0000] {dag.py:4180} INFO - Setting next_dagrun for example_xcom_args_with_operators to None, run_after=None
[2025-08-31T18:56:27.105+0000] {processor.py:208} INFO - Processing /home/krishnaformeera/Sumitomo/datapipeline/venv/lib/python3.11/site-packages/airflow/example_dags/example_xcomargs.py took 0.131 seconds
[2025-08-31T18:57:20.147+0000] {processor.py:186} INFO - Started process (PID=8719) to work on /home/krishnaformeera/Sumitomo/datapipeline/venv/lib/python3.11/site-packages/airflow/example_dags/example_xcomargs.py
[2025-08-31T18:57:20.148+0000] {processor.py:914} INFO - Processing file /home/krishnaformeera/Sumitomo/datapipeline/venv/lib/python3.11/site-packages/airflow/example_dags/example_xcomargs.py for tasks to queue
[2025-08-31T18:57:20.151+0000] {logging_mixin.py:190} INFO - [2025-08-31T18:57:20.150+0000] {dagbag.py:588} INFO - Filling up the DagBag from /home/krishnaformeera/Sumitomo/datapipeline/venv/lib/python3.11/site-packages/airflow/example_dags/example_xcomargs.py
[2025-08-31T18:57:20.168+0000] {processor.py:925} INFO - DAG(s) 'example_xcom_args', 'example_xcom_args_with_operators' retrieved from /home/krishnaformeera/Sumitomo/datapipeline/venv/lib/python3.11/site-packages/airflow/example_dags/example_xcomargs.py
[2025-08-31T18:57:20.202+0000] {logging_mixin.py:190} INFO - [2025-08-31T18:57:20.202+0000] {dag.py:3239} INFO - Sync 2 DAGs
[2025-08-31T18:57:20.220+0000] {logging_mixin.py:190} INFO - [2025-08-31T18:57:20.220+0000] {dag.py:4180} INFO - Setting next_dagrun for example_xcom_args to None, run_after=None
[2025-08-31T18:57:20.225+0000] {logging_mixin.py:190} INFO - [2025-08-31T18:57:20.225+0000] {dag.py:4180} INFO - Setting next_dagrun for example_xcom_args_with_operators to None, run_after=None
[2025-08-31T18:57:20.250+0000] {processor.py:208} INFO - Processing /home/krishnaformeera/Sumitomo/datapipeline/venv/lib/python3.11/site-packages/airflow/example_dags/example_xcomargs.py took 0.110 seconds
[2025-08-31T18:58:13.338+0000] {processor.py:186} INFO - Started process (PID=8773) to work on /home/krishnaformeera/Sumitomo/datapipeline/venv/lib/python3.11/site-packages/airflow/example_dags/example_xcomargs.py
[2025-08-31T18:58:13.339+0000] {processor.py:914} INFO - Processing file /home/krishnaformeera/Sumitomo/datapipeline/venv/lib/python3.11/site-packages/airflow/example_dags/example_xcomargs.py for tasks to queue
[2025-08-31T18:58:13.342+0000] {logging_mixin.py:190} INFO - [2025-08-31T18:58:13.342+0000] {dagbag.py:588} INFO - Filling up the DagBag from /home/krishnaformeera/Sumitomo/datapipeline/venv/lib/python3.11/site-packages/airflow/example_dags/example_xcomargs.py
[2025-08-31T18:58:13.354+0000] {processor.py:925} INFO - DAG(s) 'example_xcom_args_with_operators', 'example_xcom_args' retrieved from /home/krishnaformeera/Sumitomo/datapipeline/venv/lib/python3.11/site-packages/airflow/example_dags/example_xcomargs.py
[2025-08-31T18:58:13.376+0000] {logging_mixin.py:190} INFO - [2025-08-31T18:58:13.375+0000] {dag.py:3239} INFO - Sync 2 DAGs
[2025-08-31T18:58:13.392+0000] {logging_mixin.py:190} INFO - [2025-08-31T18:58:13.391+0000] {dag.py:4180} INFO - Setting next_dagrun for example_xcom_args to None, run_after=None
[2025-08-31T18:58:13.395+0000] {logging_mixin.py:190} INFO - [2025-08-31T18:58:13.394+0000] {dag.py:4180} INFO - Setting next_dagrun for example_xcom_args_with_operators to None, run_after=None
[2025-08-31T18:58:13.416+0000] {processor.py:208} INFO - Processing /home/krishnaformeera/Sumitomo/datapipeline/venv/lib/python3.11/site-packages/airflow/example_dags/example_xcomargs.py took 0.086 seconds
[2025-08-31T18:59:05.146+0000] {processor.py:186} INFO - Started process (PID=8826) to work on /home/krishnaformeera/Sumitomo/datapipeline/venv/lib/python3.11/site-packages/airflow/example_dags/example_xcomargs.py
[2025-08-31T18:59:05.147+0000] {processor.py:914} INFO - Processing file /home/krishnaformeera/Sumitomo/datapipeline/venv/lib/python3.11/site-packages/airflow/example_dags/example_xcomargs.py for tasks to queue
[2025-08-31T18:59:05.149+0000] {logging_mixin.py:190} INFO - [2025-08-31T18:59:05.149+0000] {dagbag.py:588} INFO - Filling up the DagBag from /home/krishnaformeera/Sumitomo/datapipeline/venv/lib/python3.11/site-packages/airflow/example_dags/example_xcomargs.py
[2025-08-31T18:59:05.160+0000] {processor.py:925} INFO - DAG(s) 'example_xcom_args_with_operators', 'example_xcom_args' retrieved from /home/krishnaformeera/Sumitomo/datapipeline/venv/lib/python3.11/site-packages/airflow/example_dags/example_xcomargs.py
[2025-08-31T18:59:05.178+0000] {logging_mixin.py:190} INFO - [2025-08-31T18:59:05.178+0000] {dag.py:3239} INFO - Sync 2 DAGs
[2025-08-31T18:59:05.189+0000] {logging_mixin.py:190} INFO - [2025-08-31T18:59:05.189+0000] {dag.py:4180} INFO - Setting next_dagrun for example_xcom_args to None, run_after=None
[2025-08-31T18:59:05.192+0000] {logging_mixin.py:190} INFO - [2025-08-31T18:59:05.192+0000] {dag.py:4180} INFO - Setting next_dagrun for example_xcom_args_with_operators to None, run_after=None
[2025-08-31T18:59:05.213+0000] {processor.py:208} INFO - Processing /home/krishnaformeera/Sumitomo/datapipeline/venv/lib/python3.11/site-packages/airflow/example_dags/example_xcomargs.py took 0.074 seconds
