[2025-08-31T18:30:20.509+0000] {processor.py:186} INFO - Started process (PID=5109) to work on /home/krishnaformeera/Sumitomo/datapipeline/venv/lib/python3.11/site-packages/airflow/example_dags/example_sla_dag.py
[2025-08-31T18:30:20.510+0000] {processor.py:914} INFO - Processing file /home/krishnaformeera/Sumitomo/datapipeline/venv/lib/python3.11/site-packages/airflow/example_dags/example_sla_dag.py for tasks to queue
[2025-08-31T18:30:20.511+0000] {logging_mixin.py:190} INFO - [2025-08-31T18:30:20.511+0000] {dagbag.py:588} INFO - Filling up the DagBag from /home/krishnaformeera/Sumitomo/datapipeline/venv/lib/python3.11/site-packages/airflow/example_dags/example_sla_dag.py
[2025-08-31T18:30:20.522+0000] {processor.py:925} INFO - DAG(s) 'example_sla_dag' retrieved from /home/krishnaformeera/Sumitomo/datapipeline/venv/lib/python3.11/site-packages/airflow/example_dags/example_sla_dag.py
[2025-08-31T18:30:20.714+0000] {logging_mixin.py:190} INFO - [2025-08-31T18:30:20.713+0000] {override.py:1900} INFO - Created Permission View: can delete on DAG:example_sla_dag
[2025-08-31T18:30:20.726+0000] {logging_mixin.py:190} INFO - [2025-08-31T18:30:20.726+0000] {override.py:1900} INFO - Created Permission View: can read on DAG:example_sla_dag
[2025-08-31T18:30:20.737+0000] {logging_mixin.py:190} INFO - [2025-08-31T18:30:20.736+0000] {override.py:1900} INFO - Created Permission View: can edit on DAG:example_sla_dag
[2025-08-31T18:30:20.754+0000] {logging_mixin.py:190} INFO - [2025-08-31T18:30:20.753+0000] {override.py:1900} INFO - Created Permission View: can delete on DAG Run:example_sla_dag
[2025-08-31T18:30:20.763+0000] {logging_mixin.py:190} INFO - [2025-08-31T18:30:20.763+0000] {override.py:1900} INFO - Created Permission View: can read on DAG Run:example_sla_dag
[2025-08-31T18:30:20.773+0000] {logging_mixin.py:190} INFO - [2025-08-31T18:30:20.772+0000] {override.py:1900} INFO - Created Permission View: can create on DAG Run:example_sla_dag
[2025-08-31T18:30:20.783+0000] {logging_mixin.py:190} INFO - [2025-08-31T18:30:20.782+0000] {override.py:1900} INFO - Created Permission View: menu access on DAG Run:example_sla_dag
[2025-08-31T18:30:20.783+0000] {logging_mixin.py:190} INFO - [2025-08-31T18:30:20.783+0000] {dag.py:3239} INFO - Sync 1 DAGs
[2025-08-31T18:30:20.794+0000] {logging_mixin.py:190} INFO - [2025-08-31T18:30:20.794+0000] {dag.py:3262} INFO - Creating ORM DAG for example_sla_dag
[2025-08-31T18:30:20.804+0000] {logging_mixin.py:190} INFO - [2025-08-31T18:30:20.804+0000] {dag.py:4180} INFO - Setting next_dagrun for example_sla_dag to 2025-08-31 18:28:00+00:00, run_after=2025-08-31 18:30:00+00:00
[2025-08-31T18:30:20.820+0000] {processor.py:208} INFO - Processing /home/krishnaformeera/Sumitomo/datapipeline/venv/lib/python3.11/site-packages/airflow/example_dags/example_sla_dag.py took 0.317 seconds
[2025-08-31T18:30:57.139+0000] {processor.py:186} INFO - Started process (PID=5224) to work on /home/krishnaformeera/Sumitomo/datapipeline/venv/lib/python3.11/site-packages/airflow/example_dags/example_sla_dag.py
[2025-08-31T18:30:57.140+0000] {processor.py:914} INFO - Processing file /home/krishnaformeera/Sumitomo/datapipeline/venv/lib/python3.11/site-packages/airflow/example_dags/example_sla_dag.py for tasks to queue
[2025-08-31T18:30:57.142+0000] {logging_mixin.py:190} INFO - [2025-08-31T18:30:57.142+0000] {dagbag.py:588} INFO - Filling up the DagBag from /home/krishnaformeera/Sumitomo/datapipeline/venv/lib/python3.11/site-packages/airflow/example_dags/example_sla_dag.py
[2025-08-31T18:30:57.153+0000] {processor.py:925} INFO - DAG(s) 'example_sla_dag' retrieved from /home/krishnaformeera/Sumitomo/datapipeline/venv/lib/python3.11/site-packages/airflow/example_dags/example_sla_dag.py
[2025-08-31T18:30:57.169+0000] {logging_mixin.py:190} INFO - [2025-08-31T18:30:57.169+0000] {dag.py:3239} INFO - Sync 1 DAGs
[2025-08-31T18:30:57.191+0000] {logging_mixin.py:190} INFO - [2025-08-31T18:30:57.191+0000] {dag.py:4180} INFO - Setting next_dagrun for example_sla_dag to 2025-08-31 18:28:00+00:00, run_after=2025-08-31 18:30:00+00:00
[2025-08-31T18:30:57.211+0000] {processor.py:208} INFO - Processing /home/krishnaformeera/Sumitomo/datapipeline/venv/lib/python3.11/site-packages/airflow/example_dags/example_sla_dag.py took 0.078 seconds
[2025-08-31T18:32:01.771+0000] {processor.py:186} INFO - Started process (PID=5296) to work on /home/krishnaformeera/Sumitomo/datapipeline/venv/lib/python3.11/site-packages/airflow/example_dags/example_sla_dag.py
[2025-08-31T18:32:01.772+0000] {processor.py:914} INFO - Processing file /home/krishnaformeera/Sumitomo/datapipeline/venv/lib/python3.11/site-packages/airflow/example_dags/example_sla_dag.py for tasks to queue
[2025-08-31T18:32:01.775+0000] {logging_mixin.py:190} INFO - [2025-08-31T18:32:01.774+0000] {dagbag.py:588} INFO - Filling up the DagBag from /home/krishnaformeera/Sumitomo/datapipeline/venv/lib/python3.11/site-packages/airflow/example_dags/example_sla_dag.py
[2025-08-31T18:32:01.788+0000] {processor.py:925} INFO - DAG(s) 'example_sla_dag' retrieved from /home/krishnaformeera/Sumitomo/datapipeline/venv/lib/python3.11/site-packages/airflow/example_dags/example_sla_dag.py
[2025-08-31T18:32:01.806+0000] {logging_mixin.py:190} INFO - [2025-08-31T18:32:01.806+0000] {dag.py:3239} INFO - Sync 1 DAGs
[2025-08-31T18:32:01.830+0000] {logging_mixin.py:190} INFO - [2025-08-31T18:32:01.829+0000] {dag.py:4180} INFO - Setting next_dagrun for example_sla_dag to 2025-08-31 18:30:00+00:00, run_after=2025-08-31 18:32:00+00:00
[2025-08-31T18:32:01.854+0000] {processor.py:208} INFO - Processing /home/krishnaformeera/Sumitomo/datapipeline/venv/lib/python3.11/site-packages/airflow/example_dags/example_sla_dag.py took 0.090 seconds
[2025-08-31T18:32:56.101+0000] {processor.py:186} INFO - Started process (PID=5353) to work on /home/krishnaformeera/Sumitomo/datapipeline/venv/lib/python3.11/site-packages/airflow/example_dags/example_sla_dag.py
[2025-08-31T18:32:56.103+0000] {processor.py:914} INFO - Processing file /home/krishnaformeera/Sumitomo/datapipeline/venv/lib/python3.11/site-packages/airflow/example_dags/example_sla_dag.py for tasks to queue
[2025-08-31T18:32:56.105+0000] {logging_mixin.py:190} INFO - [2025-08-31T18:32:56.105+0000] {dagbag.py:588} INFO - Filling up the DagBag from /home/krishnaformeera/Sumitomo/datapipeline/venv/lib/python3.11/site-packages/airflow/example_dags/example_sla_dag.py
[2025-08-31T18:32:56.118+0000] {processor.py:925} INFO - DAG(s) 'example_sla_dag' retrieved from /home/krishnaformeera/Sumitomo/datapipeline/venv/lib/python3.11/site-packages/airflow/example_dags/example_sla_dag.py
[2025-08-31T18:32:56.135+0000] {logging_mixin.py:190} INFO - [2025-08-31T18:32:56.135+0000] {dag.py:3239} INFO - Sync 1 DAGs
[2025-08-31T18:32:56.159+0000] {logging_mixin.py:190} INFO - [2025-08-31T18:32:56.158+0000] {dag.py:4180} INFO - Setting next_dagrun for example_sla_dag to 2025-08-31 18:30:00+00:00, run_after=2025-08-31 18:32:00+00:00
[2025-08-31T18:32:56.184+0000] {processor.py:208} INFO - Processing /home/krishnaformeera/Sumitomo/datapipeline/venv/lib/python3.11/site-packages/airflow/example_dags/example_sla_dag.py took 0.089 seconds
[2025-08-31T18:33:47.110+0000] {processor.py:186} INFO - Started process (PID=5403) to work on /home/krishnaformeera/Sumitomo/datapipeline/venv/lib/python3.11/site-packages/airflow/example_dags/example_sla_dag.py
[2025-08-31T18:33:47.111+0000] {processor.py:914} INFO - Processing file /home/krishnaformeera/Sumitomo/datapipeline/venv/lib/python3.11/site-packages/airflow/example_dags/example_sla_dag.py for tasks to queue
[2025-08-31T18:33:47.113+0000] {logging_mixin.py:190} INFO - [2025-08-31T18:33:47.112+0000] {dagbag.py:588} INFO - Filling up the DagBag from /home/krishnaformeera/Sumitomo/datapipeline/venv/lib/python3.11/site-packages/airflow/example_dags/example_sla_dag.py
[2025-08-31T18:33:47.123+0000] {processor.py:925} INFO - DAG(s) 'example_sla_dag' retrieved from /home/krishnaformeera/Sumitomo/datapipeline/venv/lib/python3.11/site-packages/airflow/example_dags/example_sla_dag.py
[2025-08-31T18:33:47.225+0000] {logging_mixin.py:190} INFO - [2025-08-31T18:33:47.225+0000] {dag.py:3239} INFO - Sync 1 DAGs
[2025-08-31T18:33:47.242+0000] {logging_mixin.py:190} INFO - [2025-08-31T18:33:47.242+0000] {dag.py:4180} INFO - Setting next_dagrun for example_sla_dag to 2025-08-31 18:30:00+00:00, run_after=2025-08-31 18:32:00+00:00
[2025-08-31T18:33:47.261+0000] {processor.py:208} INFO - Processing /home/krishnaformeera/Sumitomo/datapipeline/venv/lib/python3.11/site-packages/airflow/example_dags/example_sla_dag.py took 0.158 seconds
[2025-08-31T18:34:41.433+0000] {processor.py:186} INFO - Started process (PID=5459) to work on /home/krishnaformeera/Sumitomo/datapipeline/venv/lib/python3.11/site-packages/airflow/example_dags/example_sla_dag.py
[2025-08-31T18:34:41.434+0000] {processor.py:914} INFO - Processing file /home/krishnaformeera/Sumitomo/datapipeline/venv/lib/python3.11/site-packages/airflow/example_dags/example_sla_dag.py for tasks to queue
[2025-08-31T18:34:41.437+0000] {logging_mixin.py:190} INFO - [2025-08-31T18:34:41.436+0000] {dagbag.py:588} INFO - Filling up the DagBag from /home/krishnaformeera/Sumitomo/datapipeline/venv/lib/python3.11/site-packages/airflow/example_dags/example_sla_dag.py
[2025-08-31T18:34:41.449+0000] {processor.py:925} INFO - DAG(s) 'example_sla_dag' retrieved from /home/krishnaformeera/Sumitomo/datapipeline/venv/lib/python3.11/site-packages/airflow/example_dags/example_sla_dag.py
[2025-08-31T18:34:41.467+0000] {logging_mixin.py:190} INFO - [2025-08-31T18:34:41.467+0000] {dag.py:3239} INFO - Sync 1 DAGs
[2025-08-31T18:34:41.491+0000] {logging_mixin.py:190} INFO - [2025-08-31T18:34:41.491+0000] {dag.py:4180} INFO - Setting next_dagrun for example_sla_dag to 2025-08-31 18:32:00+00:00, run_after=2025-08-31 18:34:00+00:00
[2025-08-31T18:34:41.516+0000] {processor.py:208} INFO - Processing /home/krishnaformeera/Sumitomo/datapipeline/venv/lib/python3.11/site-packages/airflow/example_dags/example_sla_dag.py took 0.090 seconds
[2025-08-31T18:35:32.875+0000] {processor.py:186} INFO - Started process (PID=5511) to work on /home/krishnaformeera/Sumitomo/datapipeline/venv/lib/python3.11/site-packages/airflow/example_dags/example_sla_dag.py
[2025-08-31T18:35:32.876+0000] {processor.py:914} INFO - Processing file /home/krishnaformeera/Sumitomo/datapipeline/venv/lib/python3.11/site-packages/airflow/example_dags/example_sla_dag.py for tasks to queue
[2025-08-31T18:35:32.878+0000] {logging_mixin.py:190} INFO - [2025-08-31T18:35:32.878+0000] {dagbag.py:588} INFO - Filling up the DagBag from /home/krishnaformeera/Sumitomo/datapipeline/venv/lib/python3.11/site-packages/airflow/example_dags/example_sla_dag.py
[2025-08-31T18:35:32.890+0000] {processor.py:925} INFO - DAG(s) 'example_sla_dag' retrieved from /home/krishnaformeera/Sumitomo/datapipeline/venv/lib/python3.11/site-packages/airflow/example_dags/example_sla_dag.py
[2025-08-31T18:35:32.905+0000] {logging_mixin.py:190} INFO - [2025-08-31T18:35:32.904+0000] {dag.py:3239} INFO - Sync 1 DAGs
[2025-08-31T18:35:32.924+0000] {logging_mixin.py:190} INFO - [2025-08-31T18:35:32.924+0000] {dag.py:4180} INFO - Setting next_dagrun for example_sla_dag to 2025-08-31 18:32:00+00:00, run_after=2025-08-31 18:34:00+00:00
[2025-08-31T18:35:32.945+0000] {processor.py:208} INFO - Processing /home/krishnaformeera/Sumitomo/datapipeline/venv/lib/python3.11/site-packages/airflow/example_dags/example_sla_dag.py took 0.077 seconds
[2025-08-31T18:36:23.525+0000] {processor.py:186} INFO - Started process (PID=5589) to work on /home/krishnaformeera/Sumitomo/datapipeline/venv/lib/python3.11/site-packages/airflow/example_dags/example_sla_dag.py
[2025-08-31T18:36:23.526+0000] {processor.py:914} INFO - Processing file /home/krishnaformeera/Sumitomo/datapipeline/venv/lib/python3.11/site-packages/airflow/example_dags/example_sla_dag.py for tasks to queue
[2025-08-31T18:36:23.529+0000] {logging_mixin.py:190} INFO - [2025-08-31T18:36:23.528+0000] {dagbag.py:588} INFO - Filling up the DagBag from /home/krishnaformeera/Sumitomo/datapipeline/venv/lib/python3.11/site-packages/airflow/example_dags/example_sla_dag.py
[2025-08-31T18:36:23.542+0000] {processor.py:925} INFO - DAG(s) 'example_sla_dag' retrieved from /home/krishnaformeera/Sumitomo/datapipeline/venv/lib/python3.11/site-packages/airflow/example_dags/example_sla_dag.py
[2025-08-31T18:36:23.560+0000] {logging_mixin.py:190} INFO - [2025-08-31T18:36:23.559+0000] {dag.py:3239} INFO - Sync 1 DAGs
[2025-08-31T18:36:23.583+0000] {logging_mixin.py:190} INFO - [2025-08-31T18:36:23.583+0000] {dag.py:4180} INFO - Setting next_dagrun for example_sla_dag to 2025-08-31 18:34:00+00:00, run_after=2025-08-31 18:36:00+00:00
[2025-08-31T18:36:23.609+0000] {processor.py:208} INFO - Processing /home/krishnaformeera/Sumitomo/datapipeline/venv/lib/python3.11/site-packages/airflow/example_dags/example_sla_dag.py took 0.091 seconds
[2025-08-31T18:37:14.371+0000] {processor.py:186} INFO - Started process (PID=5641) to work on /home/krishnaformeera/Sumitomo/datapipeline/venv/lib/python3.11/site-packages/airflow/example_dags/example_sla_dag.py
[2025-08-31T18:37:14.372+0000] {processor.py:914} INFO - Processing file /home/krishnaformeera/Sumitomo/datapipeline/venv/lib/python3.11/site-packages/airflow/example_dags/example_sla_dag.py for tasks to queue
[2025-08-31T18:37:14.374+0000] {logging_mixin.py:190} INFO - [2025-08-31T18:37:14.373+0000] {dagbag.py:588} INFO - Filling up the DagBag from /home/krishnaformeera/Sumitomo/datapipeline/venv/lib/python3.11/site-packages/airflow/example_dags/example_sla_dag.py
[2025-08-31T18:37:14.384+0000] {processor.py:925} INFO - DAG(s) 'example_sla_dag' retrieved from /home/krishnaformeera/Sumitomo/datapipeline/venv/lib/python3.11/site-packages/airflow/example_dags/example_sla_dag.py
[2025-08-31T18:37:14.400+0000] {logging_mixin.py:190} INFO - [2025-08-31T18:37:14.399+0000] {dag.py:3239} INFO - Sync 1 DAGs
[2025-08-31T18:37:14.421+0000] {logging_mixin.py:190} INFO - [2025-08-31T18:37:14.421+0000] {dag.py:4180} INFO - Setting next_dagrun for example_sla_dag to 2025-08-31 18:34:00+00:00, run_after=2025-08-31 18:36:00+00:00
[2025-08-31T18:37:14.442+0000] {processor.py:208} INFO - Processing /home/krishnaformeera/Sumitomo/datapipeline/venv/lib/python3.11/site-packages/airflow/example_dags/example_sla_dag.py took 0.078 seconds
[2025-08-31T18:40:11.067+0000] {processor.py:186} INFO - Started process (PID=6091) to work on /home/krishnaformeera/Sumitomo/datapipeline/venv/lib/python3.11/site-packages/airflow/example_dags/example_sla_dag.py
[2025-08-31T18:40:11.069+0000] {processor.py:914} INFO - Processing file /home/krishnaformeera/Sumitomo/datapipeline/venv/lib/python3.11/site-packages/airflow/example_dags/example_sla_dag.py for tasks to queue
[2025-08-31T18:40:11.071+0000] {logging_mixin.py:190} INFO - [2025-08-31T18:40:11.071+0000] {dagbag.py:588} INFO - Filling up the DagBag from /home/krishnaformeera/Sumitomo/datapipeline/venv/lib/python3.11/site-packages/airflow/example_dags/example_sla_dag.py
[2025-08-31T18:40:11.082+0000] {processor.py:925} INFO - DAG(s) 'example_sla_dag' retrieved from /home/krishnaformeera/Sumitomo/datapipeline/venv/lib/python3.11/site-packages/airflow/example_dags/example_sla_dag.py
[2025-08-31T18:40:11.098+0000] {logging_mixin.py:190} INFO - [2025-08-31T18:40:11.098+0000] {dag.py:3239} INFO - Sync 1 DAGs
[2025-08-31T18:40:11.120+0000] {logging_mixin.py:190} INFO - [2025-08-31T18:40:11.120+0000] {dag.py:4180} INFO - Setting next_dagrun for example_sla_dag to 2025-08-31 18:38:00+00:00, run_after=2025-08-31 18:40:00+00:00
[2025-08-31T18:40:11.140+0000] {processor.py:208} INFO - Processing /home/krishnaformeera/Sumitomo/datapipeline/venv/lib/python3.11/site-packages/airflow/example_dags/example_sla_dag.py took 0.078 seconds
[2025-08-31T18:41:06.699+0000] {processor.py:186} INFO - Started process (PID=6329) to work on /home/krishnaformeera/Sumitomo/datapipeline/venv/lib/python3.11/site-packages/airflow/example_dags/example_sla_dag.py
[2025-08-31T18:41:06.700+0000] {processor.py:914} INFO - Processing file /home/krishnaformeera/Sumitomo/datapipeline/venv/lib/python3.11/site-packages/airflow/example_dags/example_sla_dag.py for tasks to queue
[2025-08-31T18:41:06.702+0000] {logging_mixin.py:190} INFO - [2025-08-31T18:41:06.702+0000] {dagbag.py:588} INFO - Filling up the DagBag from /home/krishnaformeera/Sumitomo/datapipeline/venv/lib/python3.11/site-packages/airflow/example_dags/example_sla_dag.py
[2025-08-31T18:41:06.712+0000] {processor.py:925} INFO - DAG(s) 'example_sla_dag' retrieved from /home/krishnaformeera/Sumitomo/datapipeline/venv/lib/python3.11/site-packages/airflow/example_dags/example_sla_dag.py
[2025-08-31T18:41:06.726+0000] {logging_mixin.py:190} INFO - [2025-08-31T18:41:06.726+0000] {dag.py:3239} INFO - Sync 1 DAGs
[2025-08-31T18:41:06.746+0000] {logging_mixin.py:190} INFO - [2025-08-31T18:41:06.746+0000] {dag.py:4180} INFO - Setting next_dagrun for example_sla_dag to 2025-08-31 18:38:00+00:00, run_after=2025-08-31 18:40:00+00:00
[2025-08-31T18:41:06.769+0000] {processor.py:208} INFO - Processing /home/krishnaformeera/Sumitomo/datapipeline/venv/lib/python3.11/site-packages/airflow/example_dags/example_sla_dag.py took 0.078 seconds
[2025-08-31T18:42:01.295+0000] {processor.py:186} INFO - Started process (PID=6535) to work on /home/krishnaformeera/Sumitomo/datapipeline/venv/lib/python3.11/site-packages/airflow/example_dags/example_sla_dag.py
[2025-08-31T18:42:01.297+0000] {processor.py:914} INFO - Processing file /home/krishnaformeera/Sumitomo/datapipeline/venv/lib/python3.11/site-packages/airflow/example_dags/example_sla_dag.py for tasks to queue
[2025-08-31T18:42:01.299+0000] {logging_mixin.py:190} INFO - [2025-08-31T18:42:01.299+0000] {dagbag.py:588} INFO - Filling up the DagBag from /home/krishnaformeera/Sumitomo/datapipeline/venv/lib/python3.11/site-packages/airflow/example_dags/example_sla_dag.py
[2025-08-31T18:42:01.311+0000] {processor.py:925} INFO - DAG(s) 'example_sla_dag' retrieved from /home/krishnaformeera/Sumitomo/datapipeline/venv/lib/python3.11/site-packages/airflow/example_dags/example_sla_dag.py
[2025-08-31T18:42:01.329+0000] {logging_mixin.py:190} INFO - [2025-08-31T18:42:01.328+0000] {dag.py:3239} INFO - Sync 1 DAGs
[2025-08-31T18:42:01.352+0000] {logging_mixin.py:190} INFO - [2025-08-31T18:42:01.351+0000] {dag.py:4180} INFO - Setting next_dagrun for example_sla_dag to 2025-08-31 18:40:00+00:00, run_after=2025-08-31 18:42:00+00:00
[2025-08-31T18:42:01.377+0000] {processor.py:208} INFO - Processing /home/krishnaformeera/Sumitomo/datapipeline/venv/lib/python3.11/site-packages/airflow/example_dags/example_sla_dag.py took 0.089 seconds
[2025-08-31T18:43:03.745+0000] {processor.py:186} INFO - Started process (PID=6758) to work on /home/krishnaformeera/Sumitomo/datapipeline/venv/lib/python3.11/site-packages/airflow/example_dags/example_sla_dag.py
[2025-08-31T18:43:03.746+0000] {processor.py:914} INFO - Processing file /home/krishnaformeera/Sumitomo/datapipeline/venv/lib/python3.11/site-packages/airflow/example_dags/example_sla_dag.py for tasks to queue
[2025-08-31T18:43:03.749+0000] {logging_mixin.py:190} INFO - [2025-08-31T18:43:03.748+0000] {dagbag.py:588} INFO - Filling up the DagBag from /home/krishnaformeera/Sumitomo/datapipeline/venv/lib/python3.11/site-packages/airflow/example_dags/example_sla_dag.py
[2025-08-31T18:43:03.882+0000] {processor.py:925} INFO - DAG(s) 'example_sla_dag' retrieved from /home/krishnaformeera/Sumitomo/datapipeline/venv/lib/python3.11/site-packages/airflow/example_dags/example_sla_dag.py
[2025-08-31T18:43:03.893+0000] {logging_mixin.py:190} INFO - [2025-08-31T18:43:03.892+0000] {dag.py:3239} INFO - Sync 1 DAGs
[2025-08-31T18:43:03.910+0000] {logging_mixin.py:190} INFO - [2025-08-31T18:43:03.909+0000] {dag.py:4180} INFO - Setting next_dagrun for example_sla_dag to 2025-08-31 18:40:00+00:00, run_after=2025-08-31 18:42:00+00:00
[2025-08-31T18:43:03.927+0000] {processor.py:208} INFO - Processing /home/krishnaformeera/Sumitomo/datapipeline/venv/lib/python3.11/site-packages/airflow/example_dags/example_sla_dag.py took 0.188 seconds
[2025-08-31T18:43:58.715+0000] {processor.py:186} INFO - Started process (PID=7005) to work on /home/krishnaformeera/Sumitomo/datapipeline/venv/lib/python3.11/site-packages/airflow/example_dags/example_sla_dag.py
[2025-08-31T18:43:58.717+0000] {processor.py:914} INFO - Processing file /home/krishnaformeera/Sumitomo/datapipeline/venv/lib/python3.11/site-packages/airflow/example_dags/example_sla_dag.py for tasks to queue
[2025-08-31T18:43:58.719+0000] {logging_mixin.py:190} INFO - [2025-08-31T18:43:58.719+0000] {dagbag.py:588} INFO - Filling up the DagBag from /home/krishnaformeera/Sumitomo/datapipeline/venv/lib/python3.11/site-packages/airflow/example_dags/example_sla_dag.py
[2025-08-31T18:43:58.731+0000] {processor.py:925} INFO - DAG(s) 'example_sla_dag' retrieved from /home/krishnaformeera/Sumitomo/datapipeline/venv/lib/python3.11/site-packages/airflow/example_dags/example_sla_dag.py
[2025-08-31T18:43:58.748+0000] {logging_mixin.py:190} INFO - [2025-08-31T18:43:58.748+0000] {dag.py:3239} INFO - Sync 1 DAGs
[2025-08-31T18:43:58.771+0000] {logging_mixin.py:190} INFO - [2025-08-31T18:43:58.771+0000] {dag.py:4180} INFO - Setting next_dagrun for example_sla_dag to 2025-08-31 18:40:00+00:00, run_after=2025-08-31 18:42:00+00:00
[2025-08-31T18:43:58.794+0000] {processor.py:208} INFO - Processing /home/krishnaformeera/Sumitomo/datapipeline/venv/lib/python3.11/site-packages/airflow/example_dags/example_sla_dag.py took 0.087 seconds
[2025-08-31T18:44:47.542+0000] {processor.py:186} INFO - Started process (PID=7169) to work on /home/krishnaformeera/Sumitomo/datapipeline/venv/lib/python3.11/site-packages/airflow/example_dags/example_sla_dag.py
[2025-08-31T18:44:47.543+0000] {processor.py:914} INFO - Processing file /home/krishnaformeera/Sumitomo/datapipeline/venv/lib/python3.11/site-packages/airflow/example_dags/example_sla_dag.py for tasks to queue
[2025-08-31T18:44:47.546+0000] {logging_mixin.py:190} INFO - [2025-08-31T18:44:47.546+0000] {dagbag.py:588} INFO - Filling up the DagBag from /home/krishnaformeera/Sumitomo/datapipeline/venv/lib/python3.11/site-packages/airflow/example_dags/example_sla_dag.py
[2025-08-31T18:44:47.559+0000] {processor.py:925} INFO - DAG(s) 'example_sla_dag' retrieved from /home/krishnaformeera/Sumitomo/datapipeline/venv/lib/python3.11/site-packages/airflow/example_dags/example_sla_dag.py
[2025-08-31T18:44:47.580+0000] {logging_mixin.py:190} INFO - [2025-08-31T18:44:47.580+0000] {dag.py:3239} INFO - Sync 1 DAGs
[2025-08-31T18:44:47.610+0000] {logging_mixin.py:190} INFO - [2025-08-31T18:44:47.609+0000] {dag.py:4180} INFO - Setting next_dagrun for example_sla_dag to 2025-08-31 18:42:00+00:00, run_after=2025-08-31 18:44:00+00:00
[2025-08-31T18:44:47.643+0000] {processor.py:208} INFO - Processing /home/krishnaformeera/Sumitomo/datapipeline/venv/lib/python3.11/site-packages/airflow/example_dags/example_sla_dag.py took 0.109 seconds
[2025-08-31T18:45:40.286+0000] {processor.py:186} INFO - Started process (PID=7436) to work on /home/krishnaformeera/Sumitomo/datapipeline/venv/lib/python3.11/site-packages/airflow/example_dags/example_sla_dag.py
[2025-08-31T18:45:40.288+0000] {processor.py:914} INFO - Processing file /home/krishnaformeera/Sumitomo/datapipeline/venv/lib/python3.11/site-packages/airflow/example_dags/example_sla_dag.py for tasks to queue
[2025-08-31T18:45:40.292+0000] {logging_mixin.py:190} INFO - [2025-08-31T18:45:40.291+0000] {dagbag.py:588} INFO - Filling up the DagBag from /home/krishnaformeera/Sumitomo/datapipeline/venv/lib/python3.11/site-packages/airflow/example_dags/example_sla_dag.py
[2025-08-31T18:45:40.309+0000] {processor.py:925} INFO - DAG(s) 'example_sla_dag' retrieved from /home/krishnaformeera/Sumitomo/datapipeline/venv/lib/python3.11/site-packages/airflow/example_dags/example_sla_dag.py
[2025-08-31T18:45:40.332+0000] {logging_mixin.py:190} INFO - [2025-08-31T18:45:40.332+0000] {dag.py:3239} INFO - Sync 1 DAGs
[2025-08-31T18:45:40.355+0000] {logging_mixin.py:190} INFO - [2025-08-31T18:45:40.355+0000] {dag.py:4180} INFO - Setting next_dagrun for example_sla_dag to 2025-08-31 18:42:00+00:00, run_after=2025-08-31 18:44:00+00:00
[2025-08-31T18:45:40.380+0000] {processor.py:208} INFO - Processing /home/krishnaformeera/Sumitomo/datapipeline/venv/lib/python3.11/site-packages/airflow/example_dags/example_sla_dag.py took 0.103 seconds
[2025-08-31T18:46:31.882+0000] {processor.py:186} INFO - Started process (PID=7656) to work on /home/krishnaformeera/Sumitomo/datapipeline/venv/lib/python3.11/site-packages/airflow/example_dags/example_sla_dag.py
[2025-08-31T18:46:31.885+0000] {processor.py:914} INFO - Processing file /home/krishnaformeera/Sumitomo/datapipeline/venv/lib/python3.11/site-packages/airflow/example_dags/example_sla_dag.py for tasks to queue
[2025-08-31T18:46:31.890+0000] {logging_mixin.py:190} INFO - [2025-08-31T18:46:31.889+0000] {dagbag.py:588} INFO - Filling up the DagBag from /home/krishnaformeera/Sumitomo/datapipeline/venv/lib/python3.11/site-packages/airflow/example_dags/example_sla_dag.py
[2025-08-31T18:46:31.920+0000] {processor.py:925} INFO - DAG(s) 'example_sla_dag' retrieved from /home/krishnaformeera/Sumitomo/datapipeline/venv/lib/python3.11/site-packages/airflow/example_dags/example_sla_dag.py
[2025-08-31T18:46:31.966+0000] {logging_mixin.py:190} INFO - [2025-08-31T18:46:31.965+0000] {dag.py:3239} INFO - Sync 1 DAGs
[2025-08-31T18:46:32.007+0000] {logging_mixin.py:190} INFO - [2025-08-31T18:46:32.007+0000] {dag.py:4180} INFO - Setting next_dagrun for example_sla_dag to 2025-08-31 18:44:00+00:00, run_after=2025-08-31 18:46:00+00:00
[2025-08-31T18:46:32.041+0000] {processor.py:208} INFO - Processing /home/krishnaformeera/Sumitomo/datapipeline/venv/lib/python3.11/site-packages/airflow/example_dags/example_sla_dag.py took 0.169 seconds
[2025-08-31T18:47:26.251+0000] {processor.py:186} INFO - Started process (PID=7794) to work on /home/krishnaformeera/Sumitomo/datapipeline/venv/lib/python3.11/site-packages/airflow/example_dags/example_sla_dag.py
[2025-08-31T18:47:26.252+0000] {processor.py:914} INFO - Processing file /home/krishnaformeera/Sumitomo/datapipeline/venv/lib/python3.11/site-packages/airflow/example_dags/example_sla_dag.py for tasks to queue
[2025-08-31T18:47:26.254+0000] {logging_mixin.py:190} INFO - [2025-08-31T18:47:26.253+0000] {dagbag.py:588} INFO - Filling up the DagBag from /home/krishnaformeera/Sumitomo/datapipeline/venv/lib/python3.11/site-packages/airflow/example_dags/example_sla_dag.py
[2025-08-31T18:47:26.265+0000] {processor.py:925} INFO - DAG(s) 'example_sla_dag' retrieved from /home/krishnaformeera/Sumitomo/datapipeline/venv/lib/python3.11/site-packages/airflow/example_dags/example_sla_dag.py
[2025-08-31T18:47:26.287+0000] {logging_mixin.py:190} INFO - [2025-08-31T18:47:26.287+0000] {dag.py:3239} INFO - Sync 1 DAGs
[2025-08-31T18:47:26.313+0000] {logging_mixin.py:190} INFO - [2025-08-31T18:47:26.313+0000] {dag.py:4180} INFO - Setting next_dagrun for example_sla_dag to 2025-08-31 18:44:00+00:00, run_after=2025-08-31 18:46:00+00:00
[2025-08-31T18:47:26.337+0000] {processor.py:208} INFO - Processing /home/krishnaformeera/Sumitomo/datapipeline/venv/lib/python3.11/site-packages/airflow/example_dags/example_sla_dag.py took 0.092 seconds
[2025-08-31T18:48:14.254+0000] {processor.py:186} INFO - Started process (PID=7847) to work on /home/krishnaformeera/Sumitomo/datapipeline/venv/lib/python3.11/site-packages/airflow/example_dags/example_sla_dag.py
[2025-08-31T18:48:14.255+0000] {processor.py:914} INFO - Processing file /home/krishnaformeera/Sumitomo/datapipeline/venv/lib/python3.11/site-packages/airflow/example_dags/example_sla_dag.py for tasks to queue
[2025-08-31T18:48:14.258+0000] {logging_mixin.py:190} INFO - [2025-08-31T18:48:14.257+0000] {dagbag.py:588} INFO - Filling up the DagBag from /home/krishnaformeera/Sumitomo/datapipeline/venv/lib/python3.11/site-packages/airflow/example_dags/example_sla_dag.py
[2025-08-31T18:48:14.270+0000] {processor.py:925} INFO - DAG(s) 'example_sla_dag' retrieved from /home/krishnaformeera/Sumitomo/datapipeline/venv/lib/python3.11/site-packages/airflow/example_dags/example_sla_dag.py
[2025-08-31T18:48:14.286+0000] {logging_mixin.py:190} INFO - [2025-08-31T18:48:14.286+0000] {dag.py:3239} INFO - Sync 1 DAGs
[2025-08-31T18:48:14.306+0000] {logging_mixin.py:190} INFO - [2025-08-31T18:48:14.306+0000] {dag.py:4180} INFO - Setting next_dagrun for example_sla_dag to 2025-08-31 18:46:00+00:00, run_after=2025-08-31 18:48:00+00:00
[2025-08-31T18:48:14.326+0000] {processor.py:208} INFO - Processing /home/krishnaformeera/Sumitomo/datapipeline/venv/lib/python3.11/site-packages/airflow/example_dags/example_sla_dag.py took 0.079 seconds
[2025-08-31T18:49:04.817+0000] {processor.py:186} INFO - Started process (PID=7903) to work on /home/krishnaformeera/Sumitomo/datapipeline/venv/lib/python3.11/site-packages/airflow/example_dags/example_sla_dag.py
[2025-08-31T18:49:04.818+0000] {processor.py:914} INFO - Processing file /home/krishnaformeera/Sumitomo/datapipeline/venv/lib/python3.11/site-packages/airflow/example_dags/example_sla_dag.py for tasks to queue
[2025-08-31T18:49:04.820+0000] {logging_mixin.py:190} INFO - [2025-08-31T18:49:04.820+0000] {dagbag.py:588} INFO - Filling up the DagBag from /home/krishnaformeera/Sumitomo/datapipeline/venv/lib/python3.11/site-packages/airflow/example_dags/example_sla_dag.py
[2025-08-31T18:49:04.831+0000] {processor.py:925} INFO - DAG(s) 'example_sla_dag' retrieved from /home/krishnaformeera/Sumitomo/datapipeline/venv/lib/python3.11/site-packages/airflow/example_dags/example_sla_dag.py
[2025-08-31T18:49:04.846+0000] {logging_mixin.py:190} INFO - [2025-08-31T18:49:04.846+0000] {dag.py:3239} INFO - Sync 1 DAGs
[2025-08-31T18:49:04.867+0000] {logging_mixin.py:190} INFO - [2025-08-31T18:49:04.867+0000] {dag.py:4180} INFO - Setting next_dagrun for example_sla_dag to 2025-08-31 18:46:00+00:00, run_after=2025-08-31 18:48:00+00:00
[2025-08-31T18:49:04.889+0000] {processor.py:208} INFO - Processing /home/krishnaformeera/Sumitomo/datapipeline/venv/lib/python3.11/site-packages/airflow/example_dags/example_sla_dag.py took 0.081 seconds
[2025-08-31T18:49:58.023+0000] {processor.py:186} INFO - Started process (PID=8003) to work on /home/krishnaformeera/Sumitomo/datapipeline/venv/lib/python3.11/site-packages/airflow/example_dags/example_sla_dag.py
[2025-08-31T18:49:58.024+0000] {processor.py:914} INFO - Processing file /home/krishnaformeera/Sumitomo/datapipeline/venv/lib/python3.11/site-packages/airflow/example_dags/example_sla_dag.py for tasks to queue
[2025-08-31T18:49:58.027+0000] {logging_mixin.py:190} INFO - [2025-08-31T18:49:58.026+0000] {dagbag.py:588} INFO - Filling up the DagBag from /home/krishnaformeera/Sumitomo/datapipeline/venv/lib/python3.11/site-packages/airflow/example_dags/example_sla_dag.py
[2025-08-31T18:49:58.039+0000] {processor.py:925} INFO - DAG(s) 'example_sla_dag' retrieved from /home/krishnaformeera/Sumitomo/datapipeline/venv/lib/python3.11/site-packages/airflow/example_dags/example_sla_dag.py
[2025-08-31T18:49:58.057+0000] {logging_mixin.py:190} INFO - [2025-08-31T18:49:58.057+0000] {dag.py:3239} INFO - Sync 1 DAGs
[2025-08-31T18:49:58.081+0000] {logging_mixin.py:190} INFO - [2025-08-31T18:49:58.081+0000] {dag.py:4180} INFO - Setting next_dagrun for example_sla_dag to 2025-08-31 18:46:00+00:00, run_after=2025-08-31 18:48:00+00:00
[2025-08-31T18:49:58.107+0000] {processor.py:208} INFO - Processing /home/krishnaformeera/Sumitomo/datapipeline/venv/lib/python3.11/site-packages/airflow/example_dags/example_sla_dag.py took 0.092 seconds
[2025-08-31T18:50:50.994+0000] {processor.py:186} INFO - Started process (PID=8086) to work on /home/krishnaformeera/Sumitomo/datapipeline/venv/lib/python3.11/site-packages/airflow/example_dags/example_sla_dag.py
[2025-08-31T18:50:50.995+0000] {processor.py:914} INFO - Processing file /home/krishnaformeera/Sumitomo/datapipeline/venv/lib/python3.11/site-packages/airflow/example_dags/example_sla_dag.py for tasks to queue
[2025-08-31T18:50:50.997+0000] {logging_mixin.py:190} INFO - [2025-08-31T18:50:50.997+0000] {dagbag.py:588} INFO - Filling up the DagBag from /home/krishnaformeera/Sumitomo/datapipeline/venv/lib/python3.11/site-packages/airflow/example_dags/example_sla_dag.py
[2025-08-31T18:50:51.008+0000] {processor.py:925} INFO - DAG(s) 'example_sla_dag' retrieved from /home/krishnaformeera/Sumitomo/datapipeline/venv/lib/python3.11/site-packages/airflow/example_dags/example_sla_dag.py
[2025-08-31T18:50:51.022+0000] {logging_mixin.py:190} INFO - [2025-08-31T18:50:51.022+0000] {dag.py:3239} INFO - Sync 1 DAGs
[2025-08-31T18:50:51.042+0000] {logging_mixin.py:190} INFO - [2025-08-31T18:50:51.042+0000] {dag.py:4180} INFO - Setting next_dagrun for example_sla_dag to 2025-08-31 18:48:00+00:00, run_after=2025-08-31 18:50:00+00:00
[2025-08-31T18:50:51.063+0000] {processor.py:208} INFO - Processing /home/krishnaformeera/Sumitomo/datapipeline/venv/lib/python3.11/site-packages/airflow/example_dags/example_sla_dag.py took 0.077 seconds
[2025-08-31T18:51:40.392+0000] {processor.py:186} INFO - Started process (PID=8165) to work on /home/krishnaformeera/Sumitomo/datapipeline/venv/lib/python3.11/site-packages/airflow/example_dags/example_sla_dag.py
[2025-08-31T18:51:40.393+0000] {processor.py:914} INFO - Processing file /home/krishnaformeera/Sumitomo/datapipeline/venv/lib/python3.11/site-packages/airflow/example_dags/example_sla_dag.py for tasks to queue
[2025-08-31T18:51:40.395+0000] {logging_mixin.py:190} INFO - [2025-08-31T18:51:40.394+0000] {dagbag.py:588} INFO - Filling up the DagBag from /home/krishnaformeera/Sumitomo/datapipeline/venv/lib/python3.11/site-packages/airflow/example_dags/example_sla_dag.py
[2025-08-31T18:51:40.406+0000] {processor.py:925} INFO - DAG(s) 'example_sla_dag' retrieved from /home/krishnaformeera/Sumitomo/datapipeline/venv/lib/python3.11/site-packages/airflow/example_dags/example_sla_dag.py
[2025-08-31T18:51:40.422+0000] {logging_mixin.py:190} INFO - [2025-08-31T18:51:40.421+0000] {dag.py:3239} INFO - Sync 1 DAGs
[2025-08-31T18:51:40.442+0000] {logging_mixin.py:190} INFO - [2025-08-31T18:51:40.442+0000] {dag.py:4180} INFO - Setting next_dagrun for example_sla_dag to 2025-08-31 18:48:00+00:00, run_after=2025-08-31 18:50:00+00:00
[2025-08-31T18:51:40.462+0000] {processor.py:208} INFO - Processing /home/krishnaformeera/Sumitomo/datapipeline/venv/lib/python3.11/site-packages/airflow/example_dags/example_sla_dag.py took 0.077 seconds
[2025-08-31T18:52:29.782+0000] {processor.py:186} INFO - Started process (PID=8236) to work on /home/krishnaformeera/Sumitomo/datapipeline/venv/lib/python3.11/site-packages/airflow/example_dags/example_sla_dag.py
[2025-08-31T18:52:29.783+0000] {processor.py:914} INFO - Processing file /home/krishnaformeera/Sumitomo/datapipeline/venv/lib/python3.11/site-packages/airflow/example_dags/example_sla_dag.py for tasks to queue
[2025-08-31T18:52:29.785+0000] {logging_mixin.py:190} INFO - [2025-08-31T18:52:29.785+0000] {dagbag.py:588} INFO - Filling up the DagBag from /home/krishnaformeera/Sumitomo/datapipeline/venv/lib/python3.11/site-packages/airflow/example_dags/example_sla_dag.py
[2025-08-31T18:52:29.796+0000] {processor.py:925} INFO - DAG(s) 'example_sla_dag' retrieved from /home/krishnaformeera/Sumitomo/datapipeline/venv/lib/python3.11/site-packages/airflow/example_dags/example_sla_dag.py
[2025-08-31T18:52:29.811+0000] {logging_mixin.py:190} INFO - [2025-08-31T18:52:29.811+0000] {dag.py:3239} INFO - Sync 1 DAGs
[2025-08-31T18:52:29.836+0000] {logging_mixin.py:190} INFO - [2025-08-31T18:52:29.836+0000] {dag.py:4180} INFO - Setting next_dagrun for example_sla_dag to 2025-08-31 18:50:00+00:00, run_after=2025-08-31 18:52:00+00:00
[2025-08-31T18:52:29.863+0000] {processor.py:208} INFO - Processing /home/krishnaformeera/Sumitomo/datapipeline/venv/lib/python3.11/site-packages/airflow/example_dags/example_sla_dag.py took 0.088 seconds
[2025-08-31T18:53:20.990+0000] {processor.py:186} INFO - Started process (PID=8293) to work on /home/krishnaformeera/Sumitomo/datapipeline/venv/lib/python3.11/site-packages/airflow/example_dags/example_sla_dag.py
[2025-08-31T18:53:20.991+0000] {processor.py:914} INFO - Processing file /home/krishnaformeera/Sumitomo/datapipeline/venv/lib/python3.11/site-packages/airflow/example_dags/example_sla_dag.py for tasks to queue
[2025-08-31T18:53:20.994+0000] {logging_mixin.py:190} INFO - [2025-08-31T18:53:20.993+0000] {dagbag.py:588} INFO - Filling up the DagBag from /home/krishnaformeera/Sumitomo/datapipeline/venv/lib/python3.11/site-packages/airflow/example_dags/example_sla_dag.py
[2025-08-31T18:53:21.005+0000] {processor.py:925} INFO - DAG(s) 'example_sla_dag' retrieved from /home/krishnaformeera/Sumitomo/datapipeline/venv/lib/python3.11/site-packages/airflow/example_dags/example_sla_dag.py
[2025-08-31T18:53:21.021+0000] {logging_mixin.py:190} INFO - [2025-08-31T18:53:21.021+0000] {dag.py:3239} INFO - Sync 1 DAGs
[2025-08-31T18:53:21.043+0000] {logging_mixin.py:190} INFO - [2025-08-31T18:53:21.042+0000] {dag.py:4180} INFO - Setting next_dagrun for example_sla_dag to 2025-08-31 18:50:00+00:00, run_after=2025-08-31 18:52:00+00:00
[2025-08-31T18:53:21.065+0000] {processor.py:208} INFO - Processing /home/krishnaformeera/Sumitomo/datapipeline/venv/lib/python3.11/site-packages/airflow/example_dags/example_sla_dag.py took 0.081 seconds
[2025-08-31T18:54:08.893+0000] {processor.py:186} INFO - Started process (PID=8485) to work on /home/krishnaformeera/Sumitomo/datapipeline/venv/lib/python3.11/site-packages/airflow/example_dags/example_sla_dag.py
[2025-08-31T18:54:08.896+0000] {processor.py:914} INFO - Processing file /home/krishnaformeera/Sumitomo/datapipeline/venv/lib/python3.11/site-packages/airflow/example_dags/example_sla_dag.py for tasks to queue
[2025-08-31T18:54:08.902+0000] {logging_mixin.py:190} INFO - [2025-08-31T18:54:08.901+0000] {dagbag.py:588} INFO - Filling up the DagBag from /home/krishnaformeera/Sumitomo/datapipeline/venv/lib/python3.11/site-packages/airflow/example_dags/example_sla_dag.py
[2025-08-31T18:54:08.929+0000] {processor.py:925} INFO - DAG(s) 'example_sla_dag' retrieved from /home/krishnaformeera/Sumitomo/datapipeline/venv/lib/python3.11/site-packages/airflow/example_dags/example_sla_dag.py
[2025-08-31T18:54:08.948+0000] {logging_mixin.py:190} INFO - [2025-08-31T18:54:08.947+0000] {dag.py:3239} INFO - Sync 1 DAGs
[2025-08-31T18:54:08.974+0000] {logging_mixin.py:190} INFO - [2025-08-31T18:54:08.973+0000] {dag.py:4180} INFO - Setting next_dagrun for example_sla_dag to 2025-08-31 18:52:00+00:00, run_after=2025-08-31 18:54:00+00:00
[2025-08-31T18:54:09.000+0000] {processor.py:208} INFO - Processing /home/krishnaformeera/Sumitomo/datapipeline/venv/lib/python3.11/site-packages/airflow/example_dags/example_sla_dag.py took 0.133 seconds
[2025-08-31T18:55:00.663+0000] {processor.py:186} INFO - Started process (PID=8565) to work on /home/krishnaformeera/Sumitomo/datapipeline/venv/lib/python3.11/site-packages/airflow/example_dags/example_sla_dag.py
[2025-08-31T18:55:00.664+0000] {processor.py:914} INFO - Processing file /home/krishnaformeera/Sumitomo/datapipeline/venv/lib/python3.11/site-packages/airflow/example_dags/example_sla_dag.py for tasks to queue
[2025-08-31T18:55:00.666+0000] {logging_mixin.py:190} INFO - [2025-08-31T18:55:00.666+0000] {dagbag.py:588} INFO - Filling up the DagBag from /home/krishnaformeera/Sumitomo/datapipeline/venv/lib/python3.11/site-packages/airflow/example_dags/example_sla_dag.py
[2025-08-31T18:55:00.677+0000] {processor.py:925} INFO - DAG(s) 'example_sla_dag' retrieved from /home/krishnaformeera/Sumitomo/datapipeline/venv/lib/python3.11/site-packages/airflow/example_dags/example_sla_dag.py
[2025-08-31T18:55:00.692+0000] {logging_mixin.py:190} INFO - [2025-08-31T18:55:00.692+0000] {dag.py:3239} INFO - Sync 1 DAGs
[2025-08-31T18:55:00.713+0000] {logging_mixin.py:190} INFO - [2025-08-31T18:55:00.713+0000] {dag.py:4180} INFO - Setting next_dagrun for example_sla_dag to 2025-08-31 18:52:00+00:00, run_after=2025-08-31 18:54:00+00:00
[2025-08-31T18:55:00.735+0000] {processor.py:208} INFO - Processing /home/krishnaformeera/Sumitomo/datapipeline/venv/lib/python3.11/site-packages/airflow/example_dags/example_sla_dag.py took 0.079 seconds
[2025-08-31T18:55:53.507+0000] {processor.py:186} INFO - Started process (PID=8617) to work on /home/krishnaformeera/Sumitomo/datapipeline/venv/lib/python3.11/site-packages/airflow/example_dags/example_sla_dag.py
[2025-08-31T18:55:53.508+0000] {processor.py:914} INFO - Processing file /home/krishnaformeera/Sumitomo/datapipeline/venv/lib/python3.11/site-packages/airflow/example_dags/example_sla_dag.py for tasks to queue
[2025-08-31T18:55:53.510+0000] {logging_mixin.py:190} INFO - [2025-08-31T18:55:53.509+0000] {dagbag.py:588} INFO - Filling up the DagBag from /home/krishnaformeera/Sumitomo/datapipeline/venv/lib/python3.11/site-packages/airflow/example_dags/example_sla_dag.py
[2025-08-31T18:55:53.521+0000] {processor.py:925} INFO - DAG(s) 'example_sla_dag' retrieved from /home/krishnaformeera/Sumitomo/datapipeline/venv/lib/python3.11/site-packages/airflow/example_dags/example_sla_dag.py
[2025-08-31T18:55:53.537+0000] {logging_mixin.py:190} INFO - [2025-08-31T18:55:53.537+0000] {dag.py:3239} INFO - Sync 1 DAGs
[2025-08-31T18:55:53.559+0000] {logging_mixin.py:190} INFO - [2025-08-31T18:55:53.559+0000] {dag.py:4180} INFO - Setting next_dagrun for example_sla_dag to 2025-08-31 18:52:00+00:00, run_after=2025-08-31 18:54:00+00:00
[2025-08-31T18:55:53.578+0000] {processor.py:208} INFO - Processing /home/krishnaformeera/Sumitomo/datapipeline/venv/lib/python3.11/site-packages/airflow/example_dags/example_sla_dag.py took 0.078 seconds
[2025-08-31T18:56:47.014+0000] {processor.py:186} INFO - Started process (PID=8685) to work on /home/krishnaformeera/Sumitomo/datapipeline/venv/lib/python3.11/site-packages/airflow/example_dags/example_sla_dag.py
[2025-08-31T18:56:47.015+0000] {processor.py:914} INFO - Processing file /home/krishnaformeera/Sumitomo/datapipeline/venv/lib/python3.11/site-packages/airflow/example_dags/example_sla_dag.py for tasks to queue
[2025-08-31T18:56:47.017+0000] {logging_mixin.py:190} INFO - [2025-08-31T18:56:47.016+0000] {dagbag.py:588} INFO - Filling up the DagBag from /home/krishnaformeera/Sumitomo/datapipeline/venv/lib/python3.11/site-packages/airflow/example_dags/example_sla_dag.py
[2025-08-31T18:56:47.027+0000] {processor.py:925} INFO - DAG(s) 'example_sla_dag' retrieved from /home/krishnaformeera/Sumitomo/datapipeline/venv/lib/python3.11/site-packages/airflow/example_dags/example_sla_dag.py
[2025-08-31T18:56:47.044+0000] {logging_mixin.py:190} INFO - [2025-08-31T18:56:47.044+0000] {dag.py:3239} INFO - Sync 1 DAGs
[2025-08-31T18:56:47.064+0000] {logging_mixin.py:190} INFO - [2025-08-31T18:56:47.064+0000] {dag.py:4180} INFO - Setting next_dagrun for example_sla_dag to 2025-08-31 18:54:00+00:00, run_after=2025-08-31 18:56:00+00:00
[2025-08-31T18:56:47.086+0000] {processor.py:208} INFO - Processing /home/krishnaformeera/Sumitomo/datapipeline/venv/lib/python3.11/site-packages/airflow/example_dags/example_sla_dag.py took 0.079 seconds
[2025-08-31T18:57:40.443+0000] {processor.py:186} INFO - Started process (PID=8739) to work on /home/krishnaformeera/Sumitomo/datapipeline/venv/lib/python3.11/site-packages/airflow/example_dags/example_sla_dag.py
[2025-08-31T18:57:40.444+0000] {processor.py:914} INFO - Processing file /home/krishnaformeera/Sumitomo/datapipeline/venv/lib/python3.11/site-packages/airflow/example_dags/example_sla_dag.py for tasks to queue
[2025-08-31T18:57:40.447+0000] {logging_mixin.py:190} INFO - [2025-08-31T18:57:40.446+0000] {dagbag.py:588} INFO - Filling up the DagBag from /home/krishnaformeera/Sumitomo/datapipeline/venv/lib/python3.11/site-packages/airflow/example_dags/example_sla_dag.py
[2025-08-31T18:57:40.458+0000] {processor.py:925} INFO - DAG(s) 'example_sla_dag' retrieved from /home/krishnaformeera/Sumitomo/datapipeline/venv/lib/python3.11/site-packages/airflow/example_dags/example_sla_dag.py
[2025-08-31T18:57:40.473+0000] {logging_mixin.py:190} INFO - [2025-08-31T18:57:40.473+0000] {dag.py:3239} INFO - Sync 1 DAGs
[2025-08-31T18:57:40.494+0000] {logging_mixin.py:190} INFO - [2025-08-31T18:57:40.493+0000] {dag.py:4180} INFO - Setting next_dagrun for example_sla_dag to 2025-08-31 18:54:00+00:00, run_after=2025-08-31 18:56:00+00:00
[2025-08-31T18:57:40.516+0000] {processor.py:208} INFO - Processing /home/krishnaformeera/Sumitomo/datapipeline/venv/lib/python3.11/site-packages/airflow/example_dags/example_sla_dag.py took 0.079 seconds
[2025-08-31T18:58:32.515+0000] {processor.py:186} INFO - Started process (PID=8792) to work on /home/krishnaformeera/Sumitomo/datapipeline/venv/lib/python3.11/site-packages/airflow/example_dags/example_sla_dag.py
[2025-08-31T18:58:32.516+0000] {processor.py:914} INFO - Processing file /home/krishnaformeera/Sumitomo/datapipeline/venv/lib/python3.11/site-packages/airflow/example_dags/example_sla_dag.py for tasks to queue
[2025-08-31T18:58:32.519+0000] {logging_mixin.py:190} INFO - [2025-08-31T18:58:32.518+0000] {dagbag.py:588} INFO - Filling up the DagBag from /home/krishnaformeera/Sumitomo/datapipeline/venv/lib/python3.11/site-packages/airflow/example_dags/example_sla_dag.py
[2025-08-31T18:58:32.529+0000] {processor.py:925} INFO - DAG(s) 'example_sla_dag' retrieved from /home/krishnaformeera/Sumitomo/datapipeline/venv/lib/python3.11/site-packages/airflow/example_dags/example_sla_dag.py
[2025-08-31T18:58:32.544+0000] {logging_mixin.py:190} INFO - [2025-08-31T18:58:32.544+0000] {dag.py:3239} INFO - Sync 1 DAGs
[2025-08-31T18:58:32.565+0000] {logging_mixin.py:190} INFO - [2025-08-31T18:58:32.565+0000] {dag.py:4180} INFO - Setting next_dagrun for example_sla_dag to 2025-08-31 18:56:00+00:00, run_after=2025-08-31 18:58:00+00:00
[2025-08-31T18:58:32.593+0000] {processor.py:208} INFO - Processing /home/krishnaformeera/Sumitomo/datapipeline/venv/lib/python3.11/site-packages/airflow/example_dags/example_sla_dag.py took 0.084 seconds
[2025-08-31T18:59:25.365+0000] {processor.py:186} INFO - Started process (PID=8891) to work on /home/krishnaformeera/Sumitomo/datapipeline/venv/lib/python3.11/site-packages/airflow/example_dags/example_sla_dag.py
[2025-08-31T18:59:25.366+0000] {processor.py:914} INFO - Processing file /home/krishnaformeera/Sumitomo/datapipeline/venv/lib/python3.11/site-packages/airflow/example_dags/example_sla_dag.py for tasks to queue
[2025-08-31T18:59:25.368+0000] {logging_mixin.py:190} INFO - [2025-08-31T18:59:25.367+0000] {dagbag.py:588} INFO - Filling up the DagBag from /home/krishnaformeera/Sumitomo/datapipeline/venv/lib/python3.11/site-packages/airflow/example_dags/example_sla_dag.py
[2025-08-31T18:59:25.379+0000] {processor.py:925} INFO - DAG(s) 'example_sla_dag' retrieved from /home/krishnaformeera/Sumitomo/datapipeline/venv/lib/python3.11/site-packages/airflow/example_dags/example_sla_dag.py
[2025-08-31T18:59:25.394+0000] {logging_mixin.py:190} INFO - [2025-08-31T18:59:25.393+0000] {dag.py:3239} INFO - Sync 1 DAGs
[2025-08-31T18:59:25.414+0000] {logging_mixin.py:190} INFO - [2025-08-31T18:59:25.414+0000] {dag.py:4180} INFO - Setting next_dagrun for example_sla_dag to 2025-08-31 18:56:00+00:00, run_after=2025-08-31 18:58:00+00:00
[2025-08-31T18:59:25.435+0000] {processor.py:208} INFO - Processing /home/krishnaformeera/Sumitomo/datapipeline/venv/lib/python3.11/site-packages/airflow/example_dags/example_sla_dag.py took 0.076 seconds
