[2025-08-31T18:30:11.047+0000] {processor.py:186} INFO - Started process (PID=5101) to work on /home/krishnaformeera/Sumitomo/datapipeline/venv/lib/python3.11/site-packages/airflow/example_dags/example_time_delta_sensor_async.py
[2025-08-31T18:30:11.048+0000] {processor.py:914} INFO - Processing file /home/krishnaformeera/Sumitomo/datapipeline/venv/lib/python3.11/site-packages/airflow/example_dags/example_time_delta_sensor_async.py for tasks to queue
[2025-08-31T18:30:11.049+0000] {logging_mixin.py:190} INFO - [2025-08-31T18:30:11.048+0000] {dagbag.py:588} INFO - Filling up the DagBag from /home/krishnaformeera/Sumitomo/datapipeline/venv/lib/python3.11/site-packages/airflow/example_dags/example_time_delta_sensor_async.py
[2025-08-31T18:30:11.055+0000] {processor.py:925} INFO - DAG(s) 'example_time_delta_sensor_async' retrieved from /home/krishnaformeera/Sumitomo/datapipeline/venv/lib/python3.11/site-packages/airflow/example_dags/example_time_delta_sensor_async.py
[2025-08-31T18:30:11.245+0000] {logging_mixin.py:190} INFO - [2025-08-31T18:30:11.245+0000] {override.py:1900} INFO - Created Permission View: can delete on DAG:example_time_delta_sensor_async
[2025-08-31T18:30:11.257+0000] {logging_mixin.py:190} INFO - [2025-08-31T18:30:11.256+0000] {override.py:1900} INFO - Created Permission View: can read on DAG:example_time_delta_sensor_async
[2025-08-31T18:30:11.265+0000] {logging_mixin.py:190} INFO - [2025-08-31T18:30:11.265+0000] {override.py:1900} INFO - Created Permission View: can edit on DAG:example_time_delta_sensor_async
[2025-08-31T18:30:11.278+0000] {logging_mixin.py:190} INFO - [2025-08-31T18:30:11.278+0000] {override.py:1900} INFO - Created Permission View: can delete on DAG Run:example_time_delta_sensor_async
[2025-08-31T18:30:11.286+0000] {logging_mixin.py:190} INFO - [2025-08-31T18:30:11.286+0000] {override.py:1900} INFO - Created Permission View: can read on DAG Run:example_time_delta_sensor_async
[2025-08-31T18:30:11.294+0000] {logging_mixin.py:190} INFO - [2025-08-31T18:30:11.294+0000] {override.py:1900} INFO - Created Permission View: can create on DAG Run:example_time_delta_sensor_async
[2025-08-31T18:30:11.303+0000] {logging_mixin.py:190} INFO - [2025-08-31T18:30:11.303+0000] {override.py:1900} INFO - Created Permission View: menu access on DAG Run:example_time_delta_sensor_async
[2025-08-31T18:30:11.304+0000] {logging_mixin.py:190} INFO - [2025-08-31T18:30:11.303+0000] {dag.py:3239} INFO - Sync 1 DAGs
[2025-08-31T18:30:11.314+0000] {logging_mixin.py:190} INFO - [2025-08-31T18:30:11.314+0000] {dag.py:3262} INFO - Creating ORM DAG for example_time_delta_sensor_async
[2025-08-31T18:30:11.315+0000] {logging_mixin.py:190} INFO - [2025-08-31T18:30:11.314+0000] {dag.py:4180} INFO - Setting next_dagrun for example_time_delta_sensor_async to None, run_after=None
[2025-08-31T18:30:11.331+0000] {processor.py:208} INFO - Processing /home/krishnaformeera/Sumitomo/datapipeline/venv/lib/python3.11/site-packages/airflow/example_dags/example_time_delta_sensor_async.py took 0.292 seconds
[2025-08-31T18:30:50.586+0000] {processor.py:186} INFO - Started process (PID=5216) to work on /home/krishnaformeera/Sumitomo/datapipeline/venv/lib/python3.11/site-packages/airflow/example_dags/example_time_delta_sensor_async.py
[2025-08-31T18:30:50.587+0000] {processor.py:914} INFO - Processing file /home/krishnaformeera/Sumitomo/datapipeline/venv/lib/python3.11/site-packages/airflow/example_dags/example_time_delta_sensor_async.py for tasks to queue
[2025-08-31T18:30:50.591+0000] {logging_mixin.py:190} INFO - [2025-08-31T18:30:50.590+0000] {dagbag.py:588} INFO - Filling up the DagBag from /home/krishnaformeera/Sumitomo/datapipeline/venv/lib/python3.11/site-packages/airflow/example_dags/example_time_delta_sensor_async.py
[2025-08-31T18:30:50.601+0000] {processor.py:925} INFO - DAG(s) 'example_time_delta_sensor_async' retrieved from /home/krishnaformeera/Sumitomo/datapipeline/venv/lib/python3.11/site-packages/airflow/example_dags/example_time_delta_sensor_async.py
[2025-08-31T18:30:50.629+0000] {logging_mixin.py:190} INFO - [2025-08-31T18:30:50.629+0000] {dag.py:3239} INFO - Sync 1 DAGs
[2025-08-31T18:30:50.646+0000] {logging_mixin.py:190} INFO - [2025-08-31T18:30:50.645+0000] {dag.py:4180} INFO - Setting next_dagrun for example_time_delta_sensor_async to None, run_after=None
[2025-08-31T18:30:50.672+0000] {processor.py:208} INFO - Processing /home/krishnaformeera/Sumitomo/datapipeline/venv/lib/python3.11/site-packages/airflow/example_dags/example_time_delta_sensor_async.py took 0.093 seconds
[2025-08-31T18:31:53.202+0000] {processor.py:186} INFO - Started process (PID=5288) to work on /home/krishnaformeera/Sumitomo/datapipeline/venv/lib/python3.11/site-packages/airflow/example_dags/example_time_delta_sensor_async.py
[2025-08-31T18:31:53.206+0000] {processor.py:914} INFO - Processing file /home/krishnaformeera/Sumitomo/datapipeline/venv/lib/python3.11/site-packages/airflow/example_dags/example_time_delta_sensor_async.py for tasks to queue
[2025-08-31T18:31:53.209+0000] {logging_mixin.py:190} INFO - [2025-08-31T18:31:53.208+0000] {dagbag.py:588} INFO - Filling up the DagBag from /home/krishnaformeera/Sumitomo/datapipeline/venv/lib/python3.11/site-packages/airflow/example_dags/example_time_delta_sensor_async.py
[2025-08-31T18:31:53.217+0000] {processor.py:925} INFO - DAG(s) 'example_time_delta_sensor_async' retrieved from /home/krishnaformeera/Sumitomo/datapipeline/venv/lib/python3.11/site-packages/airflow/example_dags/example_time_delta_sensor_async.py
[2025-08-31T18:31:53.235+0000] {logging_mixin.py:190} INFO - [2025-08-31T18:31:53.235+0000] {dag.py:3239} INFO - Sync 1 DAGs
[2025-08-31T18:31:53.248+0000] {logging_mixin.py:190} INFO - [2025-08-31T18:31:53.248+0000] {dag.py:4180} INFO - Setting next_dagrun for example_time_delta_sensor_async to None, run_after=None
[2025-08-31T18:31:53.271+0000] {processor.py:208} INFO - Processing /home/krishnaformeera/Sumitomo/datapipeline/venv/lib/python3.11/site-packages/airflow/example_dags/example_time_delta_sensor_async.py took 0.074 seconds
[2025-08-31T18:32:48.412+0000] {processor.py:186} INFO - Started process (PID=5345) to work on /home/krishnaformeera/Sumitomo/datapipeline/venv/lib/python3.11/site-packages/airflow/example_dags/example_time_delta_sensor_async.py
[2025-08-31T18:32:48.413+0000] {processor.py:914} INFO - Processing file /home/krishnaformeera/Sumitomo/datapipeline/venv/lib/python3.11/site-packages/airflow/example_dags/example_time_delta_sensor_async.py for tasks to queue
[2025-08-31T18:32:48.416+0000] {logging_mixin.py:190} INFO - [2025-08-31T18:32:48.416+0000] {dagbag.py:588} INFO - Filling up the DagBag from /home/krishnaformeera/Sumitomo/datapipeline/venv/lib/python3.11/site-packages/airflow/example_dags/example_time_delta_sensor_async.py
[2025-08-31T18:32:48.424+0000] {processor.py:925} INFO - DAG(s) 'example_time_delta_sensor_async' retrieved from /home/krishnaformeera/Sumitomo/datapipeline/venv/lib/python3.11/site-packages/airflow/example_dags/example_time_delta_sensor_async.py
[2025-08-31T18:32:48.443+0000] {logging_mixin.py:190} INFO - [2025-08-31T18:32:48.442+0000] {dag.py:3239} INFO - Sync 1 DAGs
[2025-08-31T18:32:48.456+0000] {logging_mixin.py:190} INFO - [2025-08-31T18:32:48.455+0000] {dag.py:4180} INFO - Setting next_dagrun for example_time_delta_sensor_async to None, run_after=None
[2025-08-31T18:32:48.482+0000] {processor.py:208} INFO - Processing /home/krishnaformeera/Sumitomo/datapipeline/venv/lib/python3.11/site-packages/airflow/example_dags/example_time_delta_sensor_async.py took 0.077 seconds
[2025-08-31T18:33:38.543+0000] {processor.py:186} INFO - Started process (PID=5395) to work on /home/krishnaformeera/Sumitomo/datapipeline/venv/lib/python3.11/site-packages/airflow/example_dags/example_time_delta_sensor_async.py
[2025-08-31T18:33:38.544+0000] {processor.py:914} INFO - Processing file /home/krishnaformeera/Sumitomo/datapipeline/venv/lib/python3.11/site-packages/airflow/example_dags/example_time_delta_sensor_async.py for tasks to queue
[2025-08-31T18:33:38.548+0000] {logging_mixin.py:190} INFO - [2025-08-31T18:33:38.547+0000] {dagbag.py:588} INFO - Filling up the DagBag from /home/krishnaformeera/Sumitomo/datapipeline/venv/lib/python3.11/site-packages/airflow/example_dags/example_time_delta_sensor_async.py
[2025-08-31T18:33:38.555+0000] {processor.py:925} INFO - DAG(s) 'example_time_delta_sensor_async' retrieved from /home/krishnaformeera/Sumitomo/datapipeline/venv/lib/python3.11/site-packages/airflow/example_dags/example_time_delta_sensor_async.py
[2025-08-31T18:33:38.661+0000] {logging_mixin.py:190} INFO - [2025-08-31T18:33:38.660+0000] {dag.py:3239} INFO - Sync 1 DAGs
[2025-08-31T18:33:38.669+0000] {logging_mixin.py:190} INFO - [2025-08-31T18:33:38.669+0000] {dag.py:4180} INFO - Setting next_dagrun for example_time_delta_sensor_async to None, run_after=None
[2025-08-31T18:33:38.690+0000] {processor.py:208} INFO - Processing /home/krishnaformeera/Sumitomo/datapipeline/venv/lib/python3.11/site-packages/airflow/example_dags/example_time_delta_sensor_async.py took 0.155 seconds
[2025-08-31T18:34:34.490+0000] {processor.py:186} INFO - Started process (PID=5451) to work on /home/krishnaformeera/Sumitomo/datapipeline/venv/lib/python3.11/site-packages/airflow/example_dags/example_time_delta_sensor_async.py
[2025-08-31T18:34:34.491+0000] {processor.py:914} INFO - Processing file /home/krishnaformeera/Sumitomo/datapipeline/venv/lib/python3.11/site-packages/airflow/example_dags/example_time_delta_sensor_async.py for tasks to queue
[2025-08-31T18:34:34.493+0000] {logging_mixin.py:190} INFO - [2025-08-31T18:34:34.493+0000] {dagbag.py:588} INFO - Filling up the DagBag from /home/krishnaformeera/Sumitomo/datapipeline/venv/lib/python3.11/site-packages/airflow/example_dags/example_time_delta_sensor_async.py
[2025-08-31T18:34:34.502+0000] {processor.py:925} INFO - DAG(s) 'example_time_delta_sensor_async' retrieved from /home/krishnaformeera/Sumitomo/datapipeline/venv/lib/python3.11/site-packages/airflow/example_dags/example_time_delta_sensor_async.py
[2025-08-31T18:34:34.521+0000] {logging_mixin.py:190} INFO - [2025-08-31T18:34:34.520+0000] {dag.py:3239} INFO - Sync 1 DAGs
[2025-08-31T18:34:34.535+0000] {logging_mixin.py:190} INFO - [2025-08-31T18:34:34.534+0000] {dag.py:4180} INFO - Setting next_dagrun for example_time_delta_sensor_async to None, run_after=None
[2025-08-31T18:34:34.560+0000] {processor.py:208} INFO - Processing /home/krishnaformeera/Sumitomo/datapipeline/venv/lib/python3.11/site-packages/airflow/example_dags/example_time_delta_sensor_async.py took 0.079 seconds
[2025-08-31T18:35:25.009+0000] {processor.py:186} INFO - Started process (PID=5503) to work on /home/krishnaformeera/Sumitomo/datapipeline/venv/lib/python3.11/site-packages/airflow/example_dags/example_time_delta_sensor_async.py
[2025-08-31T18:35:25.012+0000] {processor.py:914} INFO - Processing file /home/krishnaformeera/Sumitomo/datapipeline/venv/lib/python3.11/site-packages/airflow/example_dags/example_time_delta_sensor_async.py for tasks to queue
[2025-08-31T18:35:25.015+0000] {logging_mixin.py:190} INFO - [2025-08-31T18:35:25.014+0000] {dagbag.py:588} INFO - Filling up the DagBag from /home/krishnaformeera/Sumitomo/datapipeline/venv/lib/python3.11/site-packages/airflow/example_dags/example_time_delta_sensor_async.py
[2025-08-31T18:35:25.022+0000] {processor.py:925} INFO - DAG(s) 'example_time_delta_sensor_async' retrieved from /home/krishnaformeera/Sumitomo/datapipeline/venv/lib/python3.11/site-packages/airflow/example_dags/example_time_delta_sensor_async.py
[2025-08-31T18:35:25.037+0000] {logging_mixin.py:190} INFO - [2025-08-31T18:35:25.037+0000] {dag.py:3239} INFO - Sync 1 DAGs
[2025-08-31T18:35:25.049+0000] {logging_mixin.py:190} INFO - [2025-08-31T18:35:25.048+0000] {dag.py:4180} INFO - Setting next_dagrun for example_time_delta_sensor_async to None, run_after=None
[2025-08-31T18:35:25.071+0000] {processor.py:208} INFO - Processing /home/krishnaformeera/Sumitomo/datapipeline/venv/lib/python3.11/site-packages/airflow/example_dags/example_time_delta_sensor_async.py took 0.068 seconds
[2025-08-31T18:36:15.415+0000] {processor.py:186} INFO - Started process (PID=5581) to work on /home/krishnaformeera/Sumitomo/datapipeline/venv/lib/python3.11/site-packages/airflow/example_dags/example_time_delta_sensor_async.py
[2025-08-31T18:36:15.416+0000] {processor.py:914} INFO - Processing file /home/krishnaformeera/Sumitomo/datapipeline/venv/lib/python3.11/site-packages/airflow/example_dags/example_time_delta_sensor_async.py for tasks to queue
[2025-08-31T18:36:15.419+0000] {logging_mixin.py:190} INFO - [2025-08-31T18:36:15.419+0000] {dagbag.py:588} INFO - Filling up the DagBag from /home/krishnaformeera/Sumitomo/datapipeline/venv/lib/python3.11/site-packages/airflow/example_dags/example_time_delta_sensor_async.py
[2025-08-31T18:36:15.428+0000] {processor.py:925} INFO - DAG(s) 'example_time_delta_sensor_async' retrieved from /home/krishnaformeera/Sumitomo/datapipeline/venv/lib/python3.11/site-packages/airflow/example_dags/example_time_delta_sensor_async.py
[2025-08-31T18:36:15.446+0000] {logging_mixin.py:190} INFO - [2025-08-31T18:36:15.446+0000] {dag.py:3239} INFO - Sync 1 DAGs
[2025-08-31T18:36:15.460+0000] {logging_mixin.py:190} INFO - [2025-08-31T18:36:15.460+0000] {dag.py:4180} INFO - Setting next_dagrun for example_time_delta_sensor_async to None, run_after=None
[2025-08-31T18:36:15.485+0000] {processor.py:208} INFO - Processing /home/krishnaformeera/Sumitomo/datapipeline/venv/lib/python3.11/site-packages/airflow/example_dags/example_time_delta_sensor_async.py took 0.077 seconds
[2025-08-31T18:37:07.144+0000] {processor.py:186} INFO - Started process (PID=5633) to work on /home/krishnaformeera/Sumitomo/datapipeline/venv/lib/python3.11/site-packages/airflow/example_dags/example_time_delta_sensor_async.py
[2025-08-31T18:37:07.145+0000] {processor.py:914} INFO - Processing file /home/krishnaformeera/Sumitomo/datapipeline/venv/lib/python3.11/site-packages/airflow/example_dags/example_time_delta_sensor_async.py for tasks to queue
[2025-08-31T18:37:07.148+0000] {logging_mixin.py:190} INFO - [2025-08-31T18:37:07.148+0000] {dagbag.py:588} INFO - Filling up the DagBag from /home/krishnaformeera/Sumitomo/datapipeline/venv/lib/python3.11/site-packages/airflow/example_dags/example_time_delta_sensor_async.py
[2025-08-31T18:37:07.157+0000] {processor.py:925} INFO - DAG(s) 'example_time_delta_sensor_async' retrieved from /home/krishnaformeera/Sumitomo/datapipeline/venv/lib/python3.11/site-packages/airflow/example_dags/example_time_delta_sensor_async.py
[2025-08-31T18:37:07.176+0000] {logging_mixin.py:190} INFO - [2025-08-31T18:37:07.175+0000] {dag.py:3239} INFO - Sync 1 DAGs
[2025-08-31T18:37:07.190+0000] {logging_mixin.py:190} INFO - [2025-08-31T18:37:07.189+0000] {dag.py:4180} INFO - Setting next_dagrun for example_time_delta_sensor_async to None, run_after=None
[2025-08-31T18:37:07.215+0000] {processor.py:208} INFO - Processing /home/krishnaformeera/Sumitomo/datapipeline/venv/lib/python3.11/site-packages/airflow/example_dags/example_time_delta_sensor_async.py took 0.079 seconds
[2025-08-31T18:40:04.528+0000] {processor.py:186} INFO - Started process (PID=6070) to work on /home/krishnaformeera/Sumitomo/datapipeline/venv/lib/python3.11/site-packages/airflow/example_dags/example_time_delta_sensor_async.py
[2025-08-31T18:40:04.529+0000] {processor.py:914} INFO - Processing file /home/krishnaformeera/Sumitomo/datapipeline/venv/lib/python3.11/site-packages/airflow/example_dags/example_time_delta_sensor_async.py for tasks to queue
[2025-08-31T18:40:04.531+0000] {logging_mixin.py:190} INFO - [2025-08-31T18:40:04.531+0000] {dagbag.py:588} INFO - Filling up the DagBag from /home/krishnaformeera/Sumitomo/datapipeline/venv/lib/python3.11/site-packages/airflow/example_dags/example_time_delta_sensor_async.py
[2025-08-31T18:40:04.539+0000] {processor.py:925} INFO - DAG(s) 'example_time_delta_sensor_async' retrieved from /home/krishnaformeera/Sumitomo/datapipeline/venv/lib/python3.11/site-packages/airflow/example_dags/example_time_delta_sensor_async.py
[2025-08-31T18:40:04.560+0000] {logging_mixin.py:190} INFO - [2025-08-31T18:40:04.560+0000] {dag.py:3239} INFO - Sync 1 DAGs
[2025-08-31T18:40:04.575+0000] {logging_mixin.py:190} INFO - [2025-08-31T18:40:04.575+0000] {dag.py:4180} INFO - Setting next_dagrun for example_time_delta_sensor_async to None, run_after=None
[2025-08-31T18:40:04.602+0000] {processor.py:208} INFO - Processing /home/krishnaformeera/Sumitomo/datapipeline/venv/lib/python3.11/site-packages/airflow/example_dags/example_time_delta_sensor_async.py took 0.080 seconds
[2025-08-31T18:40:59.246+0000] {processor.py:186} INFO - Started process (PID=6320) to work on /home/krishnaformeera/Sumitomo/datapipeline/venv/lib/python3.11/site-packages/airflow/example_dags/example_time_delta_sensor_async.py
[2025-08-31T18:40:59.249+0000] {processor.py:914} INFO - Processing file /home/krishnaformeera/Sumitomo/datapipeline/venv/lib/python3.11/site-packages/airflow/example_dags/example_time_delta_sensor_async.py for tasks to queue
[2025-08-31T18:40:59.252+0000] {logging_mixin.py:190} INFO - [2025-08-31T18:40:59.251+0000] {dagbag.py:588} INFO - Filling up the DagBag from /home/krishnaformeera/Sumitomo/datapipeline/venv/lib/python3.11/site-packages/airflow/example_dags/example_time_delta_sensor_async.py
[2025-08-31T18:40:59.258+0000] {processor.py:925} INFO - DAG(s) 'example_time_delta_sensor_async' retrieved from /home/krishnaformeera/Sumitomo/datapipeline/venv/lib/python3.11/site-packages/airflow/example_dags/example_time_delta_sensor_async.py
[2025-08-31T18:40:59.273+0000] {logging_mixin.py:190} INFO - [2025-08-31T18:40:59.273+0000] {dag.py:3239} INFO - Sync 1 DAGs
[2025-08-31T18:40:59.284+0000] {logging_mixin.py:190} INFO - [2025-08-31T18:40:59.283+0000] {dag.py:4180} INFO - Setting next_dagrun for example_time_delta_sensor_async to None, run_after=None
[2025-08-31T18:40:59.304+0000] {processor.py:208} INFO - Processing /home/krishnaformeera/Sumitomo/datapipeline/venv/lib/python3.11/site-packages/airflow/example_dags/example_time_delta_sensor_async.py took 0.064 seconds
[2025-08-31T18:41:50.875+0000] {processor.py:186} INFO - Started process (PID=6492) to work on /home/krishnaformeera/Sumitomo/datapipeline/venv/lib/python3.11/site-packages/airflow/example_dags/example_time_delta_sensor_async.py
[2025-08-31T18:41:50.876+0000] {processor.py:914} INFO - Processing file /home/krishnaformeera/Sumitomo/datapipeline/venv/lib/python3.11/site-packages/airflow/example_dags/example_time_delta_sensor_async.py for tasks to queue
[2025-08-31T18:41:50.884+0000] {logging_mixin.py:190} INFO - [2025-08-31T18:41:50.879+0000] {dagbag.py:588} INFO - Filling up the DagBag from /home/krishnaformeera/Sumitomo/datapipeline/venv/lib/python3.11/site-packages/airflow/example_dags/example_time_delta_sensor_async.py
[2025-08-31T18:41:50.894+0000] {processor.py:925} INFO - DAG(s) 'example_time_delta_sensor_async' retrieved from /home/krishnaformeera/Sumitomo/datapipeline/venv/lib/python3.11/site-packages/airflow/example_dags/example_time_delta_sensor_async.py
[2025-08-31T18:41:50.909+0000] {logging_mixin.py:190} INFO - [2025-08-31T18:41:50.909+0000] {dag.py:3239} INFO - Sync 1 DAGs
[2025-08-31T18:41:50.920+0000] {logging_mixin.py:190} INFO - [2025-08-31T18:41:50.920+0000] {dag.py:4180} INFO - Setting next_dagrun for example_time_delta_sensor_async to None, run_after=None
[2025-08-31T18:41:50.942+0000] {processor.py:208} INFO - Processing /home/krishnaformeera/Sumitomo/datapipeline/venv/lib/python3.11/site-packages/airflow/example_dags/example_time_delta_sensor_async.py took 0.074 seconds
[2025-08-31T18:42:45.186+0000] {processor.py:186} INFO - Started process (PID=6680) to work on /home/krishnaformeera/Sumitomo/datapipeline/venv/lib/python3.11/site-packages/airflow/example_dags/example_time_delta_sensor_async.py
[2025-08-31T18:42:45.187+0000] {processor.py:914} INFO - Processing file /home/krishnaformeera/Sumitomo/datapipeline/venv/lib/python3.11/site-packages/airflow/example_dags/example_time_delta_sensor_async.py for tasks to queue
[2025-08-31T18:42:45.190+0000] {logging_mixin.py:190} INFO - [2025-08-31T18:42:45.189+0000] {dagbag.py:588} INFO - Filling up the DagBag from /home/krishnaformeera/Sumitomo/datapipeline/venv/lib/python3.11/site-packages/airflow/example_dags/example_time_delta_sensor_async.py
[2025-08-31T18:42:45.196+0000] {processor.py:925} INFO - DAG(s) 'example_time_delta_sensor_async' retrieved from /home/krishnaformeera/Sumitomo/datapipeline/venv/lib/python3.11/site-packages/airflow/example_dags/example_time_delta_sensor_async.py
[2025-08-31T18:42:45.316+0000] {logging_mixin.py:190} INFO - [2025-08-31T18:42:45.315+0000] {dag.py:3239} INFO - Sync 1 DAGs
[2025-08-31T18:42:45.325+0000] {logging_mixin.py:190} INFO - [2025-08-31T18:42:45.324+0000] {dag.py:4180} INFO - Setting next_dagrun for example_time_delta_sensor_async to None, run_after=None
[2025-08-31T18:42:45.344+0000] {processor.py:208} INFO - Processing /home/krishnaformeera/Sumitomo/datapipeline/venv/lib/python3.11/site-packages/airflow/example_dags/example_time_delta_sensor_async.py took 0.163 seconds
[2025-08-31T18:43:44.050+0000] {processor.py:186} INFO - Started process (PID=6924) to work on /home/krishnaformeera/Sumitomo/datapipeline/venv/lib/python3.11/site-packages/airflow/example_dags/example_time_delta_sensor_async.py
[2025-08-31T18:43:44.052+0000] {processor.py:914} INFO - Processing file /home/krishnaformeera/Sumitomo/datapipeline/venv/lib/python3.11/site-packages/airflow/example_dags/example_time_delta_sensor_async.py for tasks to queue
[2025-08-31T18:43:44.055+0000] {logging_mixin.py:190} INFO - [2025-08-31T18:43:44.054+0000] {dagbag.py:588} INFO - Filling up the DagBag from /home/krishnaformeera/Sumitomo/datapipeline/venv/lib/python3.11/site-packages/airflow/example_dags/example_time_delta_sensor_async.py
[2025-08-31T18:43:44.062+0000] {processor.py:925} INFO - DAG(s) 'example_time_delta_sensor_async' retrieved from /home/krishnaformeera/Sumitomo/datapipeline/venv/lib/python3.11/site-packages/airflow/example_dags/example_time_delta_sensor_async.py
[2025-08-31T18:43:44.081+0000] {logging_mixin.py:190} INFO - [2025-08-31T18:43:44.080+0000] {dag.py:3239} INFO - Sync 1 DAGs
[2025-08-31T18:43:44.095+0000] {logging_mixin.py:190} INFO - [2025-08-31T18:43:44.095+0000] {dag.py:4180} INFO - Setting next_dagrun for example_time_delta_sensor_async to None, run_after=None
[2025-08-31T18:43:44.119+0000] {processor.py:208} INFO - Processing /home/krishnaformeera/Sumitomo/datapipeline/venv/lib/python3.11/site-packages/airflow/example_dags/example_time_delta_sensor_async.py took 0.077 seconds
[2025-08-31T18:44:35.498+0000] {processor.py:186} INFO - Started process (PID=7139) to work on /home/krishnaformeera/Sumitomo/datapipeline/venv/lib/python3.11/site-packages/airflow/example_dags/example_time_delta_sensor_async.py
[2025-08-31T18:44:35.499+0000] {processor.py:914} INFO - Processing file /home/krishnaformeera/Sumitomo/datapipeline/venv/lib/python3.11/site-packages/airflow/example_dags/example_time_delta_sensor_async.py for tasks to queue
[2025-08-31T18:44:35.502+0000] {logging_mixin.py:190} INFO - [2025-08-31T18:44:35.502+0000] {dagbag.py:588} INFO - Filling up the DagBag from /home/krishnaformeera/Sumitomo/datapipeline/venv/lib/python3.11/site-packages/airflow/example_dags/example_time_delta_sensor_async.py
[2025-08-31T18:44:35.509+0000] {processor.py:925} INFO - DAG(s) 'example_time_delta_sensor_async' retrieved from /home/krishnaformeera/Sumitomo/datapipeline/venv/lib/python3.11/site-packages/airflow/example_dags/example_time_delta_sensor_async.py
[2025-08-31T18:44:35.527+0000] {logging_mixin.py:190} INFO - [2025-08-31T18:44:35.526+0000] {dag.py:3239} INFO - Sync 1 DAGs
[2025-08-31T18:44:35.543+0000] {logging_mixin.py:190} INFO - [2025-08-31T18:44:35.542+0000] {dag.py:4180} INFO - Setting next_dagrun for example_time_delta_sensor_async to None, run_after=None
[2025-08-31T18:44:35.568+0000] {processor.py:208} INFO - Processing /home/krishnaformeera/Sumitomo/datapipeline/venv/lib/python3.11/site-packages/airflow/example_dags/example_time_delta_sensor_async.py took 0.078 seconds
[2025-08-31T18:45:25.205+0000] {processor.py:186} INFO - Started process (PID=7381) to work on /home/krishnaformeera/Sumitomo/datapipeline/venv/lib/python3.11/site-packages/airflow/example_dags/example_time_delta_sensor_async.py
[2025-08-31T18:45:25.206+0000] {processor.py:914} INFO - Processing file /home/krishnaformeera/Sumitomo/datapipeline/venv/lib/python3.11/site-packages/airflow/example_dags/example_time_delta_sensor_async.py for tasks to queue
[2025-08-31T18:45:25.209+0000] {logging_mixin.py:190} INFO - [2025-08-31T18:45:25.208+0000] {dagbag.py:588} INFO - Filling up the DagBag from /home/krishnaformeera/Sumitomo/datapipeline/venv/lib/python3.11/site-packages/airflow/example_dags/example_time_delta_sensor_async.py
[2025-08-31T18:45:25.215+0000] {processor.py:925} INFO - DAG(s) 'example_time_delta_sensor_async' retrieved from /home/krishnaformeera/Sumitomo/datapipeline/venv/lib/python3.11/site-packages/airflow/example_dags/example_time_delta_sensor_async.py
[2025-08-31T18:45:25.230+0000] {logging_mixin.py:190} INFO - [2025-08-31T18:45:25.230+0000] {dag.py:3239} INFO - Sync 1 DAGs
[2025-08-31T18:45:25.242+0000] {logging_mixin.py:190} INFO - [2025-08-31T18:45:25.241+0000] {dag.py:4180} INFO - Setting next_dagrun for example_time_delta_sensor_async to None, run_after=None
[2025-08-31T18:45:25.263+0000] {processor.py:208} INFO - Processing /home/krishnaformeera/Sumitomo/datapipeline/venv/lib/python3.11/site-packages/airflow/example_dags/example_time_delta_sensor_async.py took 0.064 seconds
[2025-08-31T18:46:18.525+0000] {processor.py:186} INFO - Started process (PID=7637) to work on /home/krishnaformeera/Sumitomo/datapipeline/venv/lib/python3.11/site-packages/airflow/example_dags/example_time_delta_sensor_async.py
[2025-08-31T18:46:18.526+0000] {processor.py:914} INFO - Processing file /home/krishnaformeera/Sumitomo/datapipeline/venv/lib/python3.11/site-packages/airflow/example_dags/example_time_delta_sensor_async.py for tasks to queue
[2025-08-31T18:46:18.530+0000] {logging_mixin.py:190} INFO - [2025-08-31T18:46:18.529+0000] {dagbag.py:588} INFO - Filling up the DagBag from /home/krishnaformeera/Sumitomo/datapipeline/venv/lib/python3.11/site-packages/airflow/example_dags/example_time_delta_sensor_async.py
[2025-08-31T18:46:18.539+0000] {processor.py:925} INFO - DAG(s) 'example_time_delta_sensor_async' retrieved from /home/krishnaformeera/Sumitomo/datapipeline/venv/lib/python3.11/site-packages/airflow/example_dags/example_time_delta_sensor_async.py
[2025-08-31T18:46:18.560+0000] {logging_mixin.py:190} INFO - [2025-08-31T18:46:18.559+0000] {dag.py:3239} INFO - Sync 1 DAGs
[2025-08-31T18:46:18.575+0000] {logging_mixin.py:190} INFO - [2025-08-31T18:46:18.575+0000] {dag.py:4180} INFO - Setting next_dagrun for example_time_delta_sensor_async to None, run_after=None
[2025-08-31T18:46:18.606+0000] {processor.py:208} INFO - Processing /home/krishnaformeera/Sumitomo/datapipeline/venv/lib/python3.11/site-packages/airflow/example_dags/example_time_delta_sensor_async.py took 0.089 seconds
[2025-08-31T18:47:11.100+0000] {processor.py:186} INFO - Started process (PID=7777) to work on /home/krishnaformeera/Sumitomo/datapipeline/venv/lib/python3.11/site-packages/airflow/example_dags/example_time_delta_sensor_async.py
[2025-08-31T18:47:11.101+0000] {processor.py:914} INFO - Processing file /home/krishnaformeera/Sumitomo/datapipeline/venv/lib/python3.11/site-packages/airflow/example_dags/example_time_delta_sensor_async.py for tasks to queue
[2025-08-31T18:47:11.104+0000] {logging_mixin.py:190} INFO - [2025-08-31T18:47:11.104+0000] {dagbag.py:588} INFO - Filling up the DagBag from /home/krishnaformeera/Sumitomo/datapipeline/venv/lib/python3.11/site-packages/airflow/example_dags/example_time_delta_sensor_async.py
[2025-08-31T18:47:11.112+0000] {processor.py:925} INFO - DAG(s) 'example_time_delta_sensor_async' retrieved from /home/krishnaformeera/Sumitomo/datapipeline/venv/lib/python3.11/site-packages/airflow/example_dags/example_time_delta_sensor_async.py
[2025-08-31T18:47:11.129+0000] {logging_mixin.py:190} INFO - [2025-08-31T18:47:11.129+0000] {dag.py:3239} INFO - Sync 1 DAGs
[2025-08-31T18:47:11.143+0000] {logging_mixin.py:190} INFO - [2025-08-31T18:47:11.143+0000] {dag.py:4180} INFO - Setting next_dagrun for example_time_delta_sensor_async to None, run_after=None
[2025-08-31T18:47:11.167+0000] {processor.py:208} INFO - Processing /home/krishnaformeera/Sumitomo/datapipeline/venv/lib/python3.11/site-packages/airflow/example_dags/example_time_delta_sensor_async.py took 0.075 seconds
[2025-08-31T18:48:01.226+0000] {processor.py:186} INFO - Started process (PID=7833) to work on /home/krishnaformeera/Sumitomo/datapipeline/venv/lib/python3.11/site-packages/airflow/example_dags/example_time_delta_sensor_async.py
[2025-08-31T18:48:01.227+0000] {processor.py:914} INFO - Processing file /home/krishnaformeera/Sumitomo/datapipeline/venv/lib/python3.11/site-packages/airflow/example_dags/example_time_delta_sensor_async.py for tasks to queue
[2025-08-31T18:48:01.230+0000] {logging_mixin.py:190} INFO - [2025-08-31T18:48:01.230+0000] {dagbag.py:588} INFO - Filling up the DagBag from /home/krishnaformeera/Sumitomo/datapipeline/venv/lib/python3.11/site-packages/airflow/example_dags/example_time_delta_sensor_async.py
[2025-08-31T18:48:01.239+0000] {processor.py:925} INFO - DAG(s) 'example_time_delta_sensor_async' retrieved from /home/krishnaformeera/Sumitomo/datapipeline/venv/lib/python3.11/site-packages/airflow/example_dags/example_time_delta_sensor_async.py
[2025-08-31T18:48:01.255+0000] {logging_mixin.py:190} INFO - [2025-08-31T18:48:01.255+0000] {dag.py:3239} INFO - Sync 1 DAGs
[2025-08-31T18:48:01.267+0000] {logging_mixin.py:190} INFO - [2025-08-31T18:48:01.267+0000] {dag.py:4180} INFO - Setting next_dagrun for example_time_delta_sensor_async to None, run_after=None
[2025-08-31T18:48:01.293+0000] {processor.py:208} INFO - Processing /home/krishnaformeera/Sumitomo/datapipeline/venv/lib/python3.11/site-packages/airflow/example_dags/example_time_delta_sensor_async.py took 0.075 seconds
[2025-08-31T18:48:50.877+0000] {processor.py:186} INFO - Started process (PID=7888) to work on /home/krishnaformeera/Sumitomo/datapipeline/venv/lib/python3.11/site-packages/airflow/example_dags/example_time_delta_sensor_async.py
[2025-08-31T18:48:50.878+0000] {processor.py:914} INFO - Processing file /home/krishnaformeera/Sumitomo/datapipeline/venv/lib/python3.11/site-packages/airflow/example_dags/example_time_delta_sensor_async.py for tasks to queue
[2025-08-31T18:48:50.881+0000] {logging_mixin.py:190} INFO - [2025-08-31T18:48:50.881+0000] {dagbag.py:588} INFO - Filling up the DagBag from /home/krishnaformeera/Sumitomo/datapipeline/venv/lib/python3.11/site-packages/airflow/example_dags/example_time_delta_sensor_async.py
[2025-08-31T18:48:50.888+0000] {processor.py:925} INFO - DAG(s) 'example_time_delta_sensor_async' retrieved from /home/krishnaformeera/Sumitomo/datapipeline/venv/lib/python3.11/site-packages/airflow/example_dags/example_time_delta_sensor_async.py
[2025-08-31T18:48:50.903+0000] {logging_mixin.py:190} INFO - [2025-08-31T18:48:50.903+0000] {dag.py:3239} INFO - Sync 1 DAGs
[2025-08-31T18:48:50.914+0000] {logging_mixin.py:190} INFO - [2025-08-31T18:48:50.914+0000] {dag.py:4180} INFO - Setting next_dagrun for example_time_delta_sensor_async to None, run_after=None
[2025-08-31T18:48:50.936+0000] {processor.py:208} INFO - Processing /home/krishnaformeera/Sumitomo/datapipeline/venv/lib/python3.11/site-packages/airflow/example_dags/example_time_delta_sensor_async.py took 0.068 seconds
[2025-08-31T18:49:42.333+0000] {processor.py:186} INFO - Started process (PID=7955) to work on /home/krishnaformeera/Sumitomo/datapipeline/venv/lib/python3.11/site-packages/airflow/example_dags/example_time_delta_sensor_async.py
[2025-08-31T18:49:42.336+0000] {processor.py:914} INFO - Processing file /home/krishnaformeera/Sumitomo/datapipeline/venv/lib/python3.11/site-packages/airflow/example_dags/example_time_delta_sensor_async.py for tasks to queue
[2025-08-31T18:49:42.340+0000] {logging_mixin.py:190} INFO - [2025-08-31T18:49:42.339+0000] {dagbag.py:588} INFO - Filling up the DagBag from /home/krishnaformeera/Sumitomo/datapipeline/venv/lib/python3.11/site-packages/airflow/example_dags/example_time_delta_sensor_async.py
[2025-08-31T18:49:42.350+0000] {processor.py:925} INFO - DAG(s) 'example_time_delta_sensor_async' retrieved from /home/krishnaformeera/Sumitomo/datapipeline/venv/lib/python3.11/site-packages/airflow/example_dags/example_time_delta_sensor_async.py
[2025-08-31T18:49:42.382+0000] {logging_mixin.py:190} INFO - [2025-08-31T18:49:42.381+0000] {dag.py:3239} INFO - Sync 1 DAGs
[2025-08-31T18:49:42.402+0000] {logging_mixin.py:190} INFO - [2025-08-31T18:49:42.402+0000] {dag.py:4180} INFO - Setting next_dagrun for example_time_delta_sensor_async to None, run_after=None
[2025-08-31T18:49:42.447+0000] {processor.py:208} INFO - Processing /home/krishnaformeera/Sumitomo/datapipeline/venv/lib/python3.11/site-packages/airflow/example_dags/example_time_delta_sensor_async.py took 0.123 seconds
[2025-08-31T18:50:35.522+0000] {processor.py:186} INFO - Started process (PID=8066) to work on /home/krishnaformeera/Sumitomo/datapipeline/venv/lib/python3.11/site-packages/airflow/example_dags/example_time_delta_sensor_async.py
[2025-08-31T18:50:35.523+0000] {processor.py:914} INFO - Processing file /home/krishnaformeera/Sumitomo/datapipeline/venv/lib/python3.11/site-packages/airflow/example_dags/example_time_delta_sensor_async.py for tasks to queue
[2025-08-31T18:50:35.526+0000] {logging_mixin.py:190} INFO - [2025-08-31T18:50:35.526+0000] {dagbag.py:588} INFO - Filling up the DagBag from /home/krishnaformeera/Sumitomo/datapipeline/venv/lib/python3.11/site-packages/airflow/example_dags/example_time_delta_sensor_async.py
[2025-08-31T18:50:35.533+0000] {processor.py:925} INFO - DAG(s) 'example_time_delta_sensor_async' retrieved from /home/krishnaformeera/Sumitomo/datapipeline/venv/lib/python3.11/site-packages/airflow/example_dags/example_time_delta_sensor_async.py
[2025-08-31T18:50:35.548+0000] {logging_mixin.py:190} INFO - [2025-08-31T18:50:35.547+0000] {dag.py:3239} INFO - Sync 1 DAGs
[2025-08-31T18:50:35.560+0000] {logging_mixin.py:190} INFO - [2025-08-31T18:50:35.559+0000] {dag.py:4180} INFO - Setting next_dagrun for example_time_delta_sensor_async to None, run_after=None
[2025-08-31T18:50:35.581+0000] {processor.py:208} INFO - Processing /home/krishnaformeera/Sumitomo/datapipeline/venv/lib/python3.11/site-packages/airflow/example_dags/example_time_delta_sensor_async.py took 0.065 seconds
[2025-08-31T18:51:27.105+0000] {processor.py:186} INFO - Started process (PID=8146) to work on /home/krishnaformeera/Sumitomo/datapipeline/venv/lib/python3.11/site-packages/airflow/example_dags/example_time_delta_sensor_async.py
[2025-08-31T18:51:27.107+0000] {processor.py:914} INFO - Processing file /home/krishnaformeera/Sumitomo/datapipeline/venv/lib/python3.11/site-packages/airflow/example_dags/example_time_delta_sensor_async.py for tasks to queue
[2025-08-31T18:51:27.109+0000] {logging_mixin.py:190} INFO - [2025-08-31T18:51:27.109+0000] {dagbag.py:588} INFO - Filling up the DagBag from /home/krishnaformeera/Sumitomo/datapipeline/venv/lib/python3.11/site-packages/airflow/example_dags/example_time_delta_sensor_async.py
[2025-08-31T18:51:27.116+0000] {processor.py:925} INFO - DAG(s) 'example_time_delta_sensor_async' retrieved from /home/krishnaformeera/Sumitomo/datapipeline/venv/lib/python3.11/site-packages/airflow/example_dags/example_time_delta_sensor_async.py
[2025-08-31T18:51:27.132+0000] {logging_mixin.py:190} INFO - [2025-08-31T18:51:27.132+0000] {dag.py:3239} INFO - Sync 1 DAGs
[2025-08-31T18:51:27.144+0000] {logging_mixin.py:190} INFO - [2025-08-31T18:51:27.144+0000] {dag.py:4180} INFO - Setting next_dagrun for example_time_delta_sensor_async to None, run_after=None
[2025-08-31T18:51:27.166+0000] {processor.py:208} INFO - Processing /home/krishnaformeera/Sumitomo/datapipeline/venv/lib/python3.11/site-packages/airflow/example_dags/example_time_delta_sensor_async.py took 0.067 seconds
[2025-08-31T18:52:16.615+0000] {processor.py:186} INFO - Started process (PID=8221) to work on /home/krishnaformeera/Sumitomo/datapipeline/venv/lib/python3.11/site-packages/airflow/example_dags/example_time_delta_sensor_async.py
[2025-08-31T18:52:16.617+0000] {processor.py:914} INFO - Processing file /home/krishnaformeera/Sumitomo/datapipeline/venv/lib/python3.11/site-packages/airflow/example_dags/example_time_delta_sensor_async.py for tasks to queue
[2025-08-31T18:52:16.621+0000] {logging_mixin.py:190} INFO - [2025-08-31T18:52:16.620+0000] {dagbag.py:588} INFO - Filling up the DagBag from /home/krishnaformeera/Sumitomo/datapipeline/venv/lib/python3.11/site-packages/airflow/example_dags/example_time_delta_sensor_async.py
[2025-08-31T18:52:16.628+0000] {processor.py:925} INFO - DAG(s) 'example_time_delta_sensor_async' retrieved from /home/krishnaformeera/Sumitomo/datapipeline/venv/lib/python3.11/site-packages/airflow/example_dags/example_time_delta_sensor_async.py
[2025-08-31T18:52:16.647+0000] {logging_mixin.py:190} INFO - [2025-08-31T18:52:16.647+0000] {dag.py:3239} INFO - Sync 1 DAGs
[2025-08-31T18:52:16.661+0000] {logging_mixin.py:190} INFO - [2025-08-31T18:52:16.661+0000] {dag.py:4180} INFO - Setting next_dagrun for example_time_delta_sensor_async to None, run_after=None
[2025-08-31T18:52:16.686+0000] {processor.py:208} INFO - Processing /home/krishnaformeera/Sumitomo/datapipeline/venv/lib/python3.11/site-packages/airflow/example_dags/example_time_delta_sensor_async.py took 0.080 seconds
[2025-08-31T18:53:04.859+0000] {processor.py:186} INFO - Started process (PID=8276) to work on /home/krishnaformeera/Sumitomo/datapipeline/venv/lib/python3.11/site-packages/airflow/example_dags/example_time_delta_sensor_async.py
[2025-08-31T18:53:04.860+0000] {processor.py:914} INFO - Processing file /home/krishnaformeera/Sumitomo/datapipeline/venv/lib/python3.11/site-packages/airflow/example_dags/example_time_delta_sensor_async.py for tasks to queue
[2025-08-31T18:53:04.863+0000] {logging_mixin.py:190} INFO - [2025-08-31T18:53:04.862+0000] {dagbag.py:588} INFO - Filling up the DagBag from /home/krishnaformeera/Sumitomo/datapipeline/venv/lib/python3.11/site-packages/airflow/example_dags/example_time_delta_sensor_async.py
[2025-08-31T18:53:04.870+0000] {processor.py:925} INFO - DAG(s) 'example_time_delta_sensor_async' retrieved from /home/krishnaformeera/Sumitomo/datapipeline/venv/lib/python3.11/site-packages/airflow/example_dags/example_time_delta_sensor_async.py
[2025-08-31T18:53:04.888+0000] {logging_mixin.py:190} INFO - [2025-08-31T18:53:04.887+0000] {dag.py:3239} INFO - Sync 1 DAGs
[2025-08-31T18:53:04.900+0000] {logging_mixin.py:190} INFO - [2025-08-31T18:53:04.900+0000] {dag.py:4180} INFO - Setting next_dagrun for example_time_delta_sensor_async to None, run_after=None
[2025-08-31T18:53:04.923+0000] {processor.py:208} INFO - Processing /home/krishnaformeera/Sumitomo/datapipeline/venv/lib/python3.11/site-packages/airflow/example_dags/example_time_delta_sensor_async.py took 0.071 seconds
[2025-08-31T18:53:54.502+0000] {processor.py:186} INFO - Started process (PID=8470) to work on /home/krishnaformeera/Sumitomo/datapipeline/venv/lib/python3.11/site-packages/airflow/example_dags/example_time_delta_sensor_async.py
[2025-08-31T18:53:54.503+0000] {processor.py:914} INFO - Processing file /home/krishnaformeera/Sumitomo/datapipeline/venv/lib/python3.11/site-packages/airflow/example_dags/example_time_delta_sensor_async.py for tasks to queue
[2025-08-31T18:53:54.506+0000] {logging_mixin.py:190} INFO - [2025-08-31T18:53:54.505+0000] {dagbag.py:588} INFO - Filling up the DagBag from /home/krishnaformeera/Sumitomo/datapipeline/venv/lib/python3.11/site-packages/airflow/example_dags/example_time_delta_sensor_async.py
[2025-08-31T18:53:54.513+0000] {processor.py:925} INFO - DAG(s) 'example_time_delta_sensor_async' retrieved from /home/krishnaformeera/Sumitomo/datapipeline/venv/lib/python3.11/site-packages/airflow/example_dags/example_time_delta_sensor_async.py
[2025-08-31T18:53:54.529+0000] {logging_mixin.py:190} INFO - [2025-08-31T18:53:54.529+0000] {dag.py:3239} INFO - Sync 1 DAGs
[2025-08-31T18:53:54.541+0000] {logging_mixin.py:190} INFO - [2025-08-31T18:53:54.541+0000] {dag.py:4180} INFO - Setting next_dagrun for example_time_delta_sensor_async to None, run_after=None
[2025-08-31T18:53:54.561+0000] {processor.py:208} INFO - Processing /home/krishnaformeera/Sumitomo/datapipeline/venv/lib/python3.11/site-packages/airflow/example_dags/example_time_delta_sensor_async.py took 0.066 seconds
[2025-08-31T18:54:42.908+0000] {processor.py:186} INFO - Started process (PID=8520) to work on /home/krishnaformeera/Sumitomo/datapipeline/venv/lib/python3.11/site-packages/airflow/example_dags/example_time_delta_sensor_async.py
[2025-08-31T18:54:42.909+0000] {processor.py:914} INFO - Processing file /home/krishnaformeera/Sumitomo/datapipeline/venv/lib/python3.11/site-packages/airflow/example_dags/example_time_delta_sensor_async.py for tasks to queue
[2025-08-31T18:54:42.914+0000] {logging_mixin.py:190} INFO - [2025-08-31T18:54:42.913+0000] {dagbag.py:588} INFO - Filling up the DagBag from /home/krishnaformeera/Sumitomo/datapipeline/venv/lib/python3.11/site-packages/airflow/example_dags/example_time_delta_sensor_async.py
[2025-08-31T18:54:42.927+0000] {processor.py:925} INFO - DAG(s) 'example_time_delta_sensor_async' retrieved from /home/krishnaformeera/Sumitomo/datapipeline/venv/lib/python3.11/site-packages/airflow/example_dags/example_time_delta_sensor_async.py
[2025-08-31T18:54:42.947+0000] {logging_mixin.py:190} INFO - [2025-08-31T18:54:42.947+0000] {dag.py:3239} INFO - Sync 1 DAGs
[2025-08-31T18:54:42.962+0000] {logging_mixin.py:190} INFO - [2025-08-31T18:54:42.961+0000] {dag.py:4180} INFO - Setting next_dagrun for example_time_delta_sensor_async to None, run_after=None
[2025-08-31T18:54:42.988+0000] {processor.py:208} INFO - Processing /home/krishnaformeera/Sumitomo/datapipeline/venv/lib/python3.11/site-packages/airflow/example_dags/example_time_delta_sensor_async.py took 0.091 seconds
[2025-08-31T18:55:36.254+0000] {processor.py:186} INFO - Started process (PID=8600) to work on /home/krishnaformeera/Sumitomo/datapipeline/venv/lib/python3.11/site-packages/airflow/example_dags/example_time_delta_sensor_async.py
[2025-08-31T18:55:36.255+0000] {processor.py:914} INFO - Processing file /home/krishnaformeera/Sumitomo/datapipeline/venv/lib/python3.11/site-packages/airflow/example_dags/example_time_delta_sensor_async.py for tasks to queue
[2025-08-31T18:55:36.258+0000] {logging_mixin.py:190} INFO - [2025-08-31T18:55:36.257+0000] {dagbag.py:588} INFO - Filling up the DagBag from /home/krishnaformeera/Sumitomo/datapipeline/venv/lib/python3.11/site-packages/airflow/example_dags/example_time_delta_sensor_async.py
[2025-08-31T18:55:36.265+0000] {processor.py:925} INFO - DAG(s) 'example_time_delta_sensor_async' retrieved from /home/krishnaformeera/Sumitomo/datapipeline/venv/lib/python3.11/site-packages/airflow/example_dags/example_time_delta_sensor_async.py
[2025-08-31T18:55:36.280+0000] {logging_mixin.py:190} INFO - [2025-08-31T18:55:36.280+0000] {dag.py:3239} INFO - Sync 1 DAGs
[2025-08-31T18:55:36.292+0000] {logging_mixin.py:190} INFO - [2025-08-31T18:55:36.291+0000] {dag.py:4180} INFO - Setting next_dagrun for example_time_delta_sensor_async to None, run_after=None
[2025-08-31T18:55:36.313+0000] {processor.py:208} INFO - Processing /home/krishnaformeera/Sumitomo/datapipeline/venv/lib/python3.11/site-packages/airflow/example_dags/example_time_delta_sensor_async.py took 0.065 seconds
[2025-08-31T18:56:30.414+0000] {processor.py:186} INFO - Started process (PID=8669) to work on /home/krishnaformeera/Sumitomo/datapipeline/venv/lib/python3.11/site-packages/airflow/example_dags/example_time_delta_sensor_async.py
[2025-08-31T18:56:30.415+0000] {processor.py:914} INFO - Processing file /home/krishnaformeera/Sumitomo/datapipeline/venv/lib/python3.11/site-packages/airflow/example_dags/example_time_delta_sensor_async.py for tasks to queue
[2025-08-31T18:56:30.417+0000] {logging_mixin.py:190} INFO - [2025-08-31T18:56:30.417+0000] {dagbag.py:588} INFO - Filling up the DagBag from /home/krishnaformeera/Sumitomo/datapipeline/venv/lib/python3.11/site-packages/airflow/example_dags/example_time_delta_sensor_async.py
[2025-08-31T18:56:30.424+0000] {processor.py:925} INFO - DAG(s) 'example_time_delta_sensor_async' retrieved from /home/krishnaformeera/Sumitomo/datapipeline/venv/lib/python3.11/site-packages/airflow/example_dags/example_time_delta_sensor_async.py
[2025-08-31T18:56:30.440+0000] {logging_mixin.py:190} INFO - [2025-08-31T18:56:30.440+0000] {dag.py:3239} INFO - Sync 1 DAGs
[2025-08-31T18:56:30.452+0000] {logging_mixin.py:190} INFO - [2025-08-31T18:56:30.452+0000] {dag.py:4180} INFO - Setting next_dagrun for example_time_delta_sensor_async to None, run_after=None
[2025-08-31T18:56:30.476+0000] {processor.py:208} INFO - Processing /home/krishnaformeera/Sumitomo/datapipeline/venv/lib/python3.11/site-packages/airflow/example_dags/example_time_delta_sensor_async.py took 0.069 seconds
[2025-08-31T18:57:23.187+0000] {processor.py:186} INFO - Started process (PID=8722) to work on /home/krishnaformeera/Sumitomo/datapipeline/venv/lib/python3.11/site-packages/airflow/example_dags/example_time_delta_sensor_async.py
[2025-08-31T18:57:23.188+0000] {processor.py:914} INFO - Processing file /home/krishnaformeera/Sumitomo/datapipeline/venv/lib/python3.11/site-packages/airflow/example_dags/example_time_delta_sensor_async.py for tasks to queue
[2025-08-31T18:57:23.191+0000] {logging_mixin.py:190} INFO - [2025-08-31T18:57:23.191+0000] {dagbag.py:588} INFO - Filling up the DagBag from /home/krishnaformeera/Sumitomo/datapipeline/venv/lib/python3.11/site-packages/airflow/example_dags/example_time_delta_sensor_async.py
[2025-08-31T18:57:23.199+0000] {processor.py:925} INFO - DAG(s) 'example_time_delta_sensor_async' retrieved from /home/krishnaformeera/Sumitomo/datapipeline/venv/lib/python3.11/site-packages/airflow/example_dags/example_time_delta_sensor_async.py
[2025-08-31T18:57:23.219+0000] {logging_mixin.py:190} INFO - [2025-08-31T18:57:23.219+0000] {dag.py:3239} INFO - Sync 1 DAGs
[2025-08-31T18:57:23.232+0000] {logging_mixin.py:190} INFO - [2025-08-31T18:57:23.232+0000] {dag.py:4180} INFO - Setting next_dagrun for example_time_delta_sensor_async to None, run_after=None
[2025-08-31T18:57:23.258+0000] {processor.py:208} INFO - Processing /home/krishnaformeera/Sumitomo/datapipeline/venv/lib/python3.11/site-packages/airflow/example_dags/example_time_delta_sensor_async.py took 0.079 seconds
[2025-08-31T18:58:16.066+0000] {processor.py:186} INFO - Started process (PID=8776) to work on /home/krishnaformeera/Sumitomo/datapipeline/venv/lib/python3.11/site-packages/airflow/example_dags/example_time_delta_sensor_async.py
[2025-08-31T18:58:16.067+0000] {processor.py:914} INFO - Processing file /home/krishnaformeera/Sumitomo/datapipeline/venv/lib/python3.11/site-packages/airflow/example_dags/example_time_delta_sensor_async.py for tasks to queue
[2025-08-31T18:58:16.070+0000] {logging_mixin.py:190} INFO - [2025-08-31T18:58:16.070+0000] {dagbag.py:588} INFO - Filling up the DagBag from /home/krishnaformeera/Sumitomo/datapipeline/venv/lib/python3.11/site-packages/airflow/example_dags/example_time_delta_sensor_async.py
[2025-08-31T18:58:16.078+0000] {processor.py:925} INFO - DAG(s) 'example_time_delta_sensor_async' retrieved from /home/krishnaformeera/Sumitomo/datapipeline/venv/lib/python3.11/site-packages/airflow/example_dags/example_time_delta_sensor_async.py
[2025-08-31T18:58:16.098+0000] {logging_mixin.py:190} INFO - [2025-08-31T18:58:16.097+0000] {dag.py:3239} INFO - Sync 1 DAGs
[2025-08-31T18:58:16.113+0000] {logging_mixin.py:190} INFO - [2025-08-31T18:58:16.112+0000] {dag.py:4180} INFO - Setting next_dagrun for example_time_delta_sensor_async to None, run_after=None
[2025-08-31T18:58:16.136+0000] {processor.py:208} INFO - Processing /home/krishnaformeera/Sumitomo/datapipeline/venv/lib/python3.11/site-packages/airflow/example_dags/example_time_delta_sensor_async.py took 0.077 seconds
[2025-08-31T18:59:08.606+0000] {processor.py:186} INFO - Started process (PID=8829) to work on /home/krishnaformeera/Sumitomo/datapipeline/venv/lib/python3.11/site-packages/airflow/example_dags/example_time_delta_sensor_async.py
[2025-08-31T18:59:08.607+0000] {processor.py:914} INFO - Processing file /home/krishnaformeera/Sumitomo/datapipeline/venv/lib/python3.11/site-packages/airflow/example_dags/example_time_delta_sensor_async.py for tasks to queue
[2025-08-31T18:59:08.610+0000] {logging_mixin.py:190} INFO - [2025-08-31T18:59:08.609+0000] {dagbag.py:588} INFO - Filling up the DagBag from /home/krishnaformeera/Sumitomo/datapipeline/venv/lib/python3.11/site-packages/airflow/example_dags/example_time_delta_sensor_async.py
[2025-08-31T18:59:08.617+0000] {processor.py:925} INFO - DAG(s) 'example_time_delta_sensor_async' retrieved from /home/krishnaformeera/Sumitomo/datapipeline/venv/lib/python3.11/site-packages/airflow/example_dags/example_time_delta_sensor_async.py
[2025-08-31T18:59:08.632+0000] {logging_mixin.py:190} INFO - [2025-08-31T18:59:08.632+0000] {dag.py:3239} INFO - Sync 1 DAGs
[2025-08-31T18:59:08.643+0000] {logging_mixin.py:190} INFO - [2025-08-31T18:59:08.643+0000] {dag.py:4180} INFO - Setting next_dagrun for example_time_delta_sensor_async to None, run_after=None
[2025-08-31T18:59:08.664+0000] {processor.py:208} INFO - Processing /home/krishnaformeera/Sumitomo/datapipeline/venv/lib/python3.11/site-packages/airflow/example_dags/example_time_delta_sensor_async.py took 0.064 seconds
