[2025-08-31T18:31:02.610+0000] {processor.py:186} INFO - Started process (PID=5229) to work on /home/krishnaformeera/Sumitomo/datapipeline/venv/lib/python3.11/site-packages/airflow/example_dags/example_sensor_decorator.py
[2025-08-31T18:31:02.611+0000] {processor.py:914} INFO - Processing file /home/krishnaformeera/Sumitomo/datapipeline/venv/lib/python3.11/site-packages/airflow/example_dags/example_sensor_decorator.py for tasks to queue
[2025-08-31T18:31:02.613+0000] {logging_mixin.py:190} INFO - [2025-08-31T18:31:02.613+0000] {dagbag.py:588} INFO - Filling up the DagBag from /home/krishnaformeera/Sumitomo/datapipeline/venv/lib/python3.11/site-packages/airflow/example_dags/example_sensor_decorator.py
[2025-08-31T18:31:02.622+0000] {processor.py:925} INFO - DAG(s) 'example_sensor_decorator' retrieved from /home/krishnaformeera/Sumitomo/datapipeline/venv/lib/python3.11/site-packages/airflow/example_dags/example_sensor_decorator.py
[2025-08-31T18:31:02.717+0000] {logging_mixin.py:190} INFO - [2025-08-31T18:31:02.717+0000] {override.py:1900} INFO - Created Permission View: can edit on DAG:example_sensor_decorator
[2025-08-31T18:31:02.730+0000] {logging_mixin.py:190} INFO - [2025-08-31T18:31:02.730+0000] {override.py:1900} INFO - Created Permission View: can read on DAG:example_sensor_decorator
[2025-08-31T18:31:02.740+0000] {logging_mixin.py:190} INFO - [2025-08-31T18:31:02.739+0000] {override.py:1900} INFO - Created Permission View: can delete on DAG:example_sensor_decorator
[2025-08-31T18:31:02.755+0000] {logging_mixin.py:190} INFO - [2025-08-31T18:31:02.755+0000] {override.py:1900} INFO - Created Permission View: menu access on DAG Run:example_sensor_decorator
[2025-08-31T18:31:02.764+0000] {logging_mixin.py:190} INFO - [2025-08-31T18:31:02.763+0000] {override.py:1900} INFO - Created Permission View: can read on DAG Run:example_sensor_decorator
[2025-08-31T18:31:02.773+0000] {logging_mixin.py:190} INFO - [2025-08-31T18:31:02.772+0000] {override.py:1900} INFO - Created Permission View: can create on DAG Run:example_sensor_decorator
[2025-08-31T18:31:02.783+0000] {logging_mixin.py:190} INFO - [2025-08-31T18:31:02.782+0000] {override.py:1900} INFO - Created Permission View: can delete on DAG Run:example_sensor_decorator
[2025-08-31T18:31:02.783+0000] {logging_mixin.py:190} INFO - [2025-08-31T18:31:02.783+0000] {dag.py:3239} INFO - Sync 1 DAGs
[2025-08-31T18:31:02.795+0000] {logging_mixin.py:190} INFO - [2025-08-31T18:31:02.794+0000] {dag.py:3262} INFO - Creating ORM DAG for example_sensor_decorator
[2025-08-31T18:31:02.795+0000] {logging_mixin.py:190} INFO - [2025-08-31T18:31:02.795+0000] {dag.py:4180} INFO - Setting next_dagrun for example_sensor_decorator to None, run_after=None
[2025-08-31T18:31:02.815+0000] {processor.py:208} INFO - Processing /home/krishnaformeera/Sumitomo/datapipeline/venv/lib/python3.11/site-packages/airflow/example_dags/example_sensor_decorator.py took 0.211 seconds
[2025-08-31T18:32:06.941+0000] {processor.py:186} INFO - Started process (PID=5301) to work on /home/krishnaformeera/Sumitomo/datapipeline/venv/lib/python3.11/site-packages/airflow/example_dags/example_sensor_decorator.py
[2025-08-31T18:32:06.943+0000] {processor.py:914} INFO - Processing file /home/krishnaformeera/Sumitomo/datapipeline/venv/lib/python3.11/site-packages/airflow/example_dags/example_sensor_decorator.py for tasks to queue
[2025-08-31T18:32:06.948+0000] {logging_mixin.py:190} INFO - [2025-08-31T18:32:06.948+0000] {dagbag.py:588} INFO - Filling up the DagBag from /home/krishnaformeera/Sumitomo/datapipeline/venv/lib/python3.11/site-packages/airflow/example_dags/example_sensor_decorator.py
[2025-08-31T18:32:06.965+0000] {processor.py:925} INFO - DAG(s) 'example_sensor_decorator' retrieved from /home/krishnaformeera/Sumitomo/datapipeline/venv/lib/python3.11/site-packages/airflow/example_dags/example_sensor_decorator.py
[2025-08-31T18:32:06.993+0000] {logging_mixin.py:190} INFO - [2025-08-31T18:32:06.993+0000] {dag.py:3239} INFO - Sync 1 DAGs
[2025-08-31T18:32:07.010+0000] {logging_mixin.py:190} INFO - [2025-08-31T18:32:07.010+0000] {dag.py:4180} INFO - Setting next_dagrun for example_sensor_decorator to None, run_after=None
[2025-08-31T18:32:07.030+0000] {processor.py:208} INFO - Processing /home/krishnaformeera/Sumitomo/datapipeline/venv/lib/python3.11/site-packages/airflow/example_dags/example_sensor_decorator.py took 0.099 seconds
[2025-08-31T18:33:00.347+0000] {processor.py:186} INFO - Started process (PID=5358) to work on /home/krishnaformeera/Sumitomo/datapipeline/venv/lib/python3.11/site-packages/airflow/example_dags/example_sensor_decorator.py
[2025-08-31T18:33:00.348+0000] {processor.py:914} INFO - Processing file /home/krishnaformeera/Sumitomo/datapipeline/venv/lib/python3.11/site-packages/airflow/example_dags/example_sensor_decorator.py for tasks to queue
[2025-08-31T18:33:00.351+0000] {logging_mixin.py:190} INFO - [2025-08-31T18:33:00.350+0000] {dagbag.py:588} INFO - Filling up the DagBag from /home/krishnaformeera/Sumitomo/datapipeline/venv/lib/python3.11/site-packages/airflow/example_dags/example_sensor_decorator.py
[2025-08-31T18:33:00.361+0000] {processor.py:925} INFO - DAG(s) 'example_sensor_decorator' retrieved from /home/krishnaformeera/Sumitomo/datapipeline/venv/lib/python3.11/site-packages/airflow/example_dags/example_sensor_decorator.py
[2025-08-31T18:33:00.379+0000] {logging_mixin.py:190} INFO - [2025-08-31T18:33:00.379+0000] {dag.py:3239} INFO - Sync 1 DAGs
[2025-08-31T18:33:00.392+0000] {logging_mixin.py:190} INFO - [2025-08-31T18:33:00.392+0000] {dag.py:4180} INFO - Setting next_dagrun for example_sensor_decorator to None, run_after=None
[2025-08-31T18:33:00.415+0000] {processor.py:208} INFO - Processing /home/krishnaformeera/Sumitomo/datapipeline/venv/lib/python3.11/site-packages/airflow/example_dags/example_sensor_decorator.py took 0.075 seconds
[2025-08-31T18:34:01.376+0000] {processor.py:186} INFO - Started process (PID=5417) to work on /home/krishnaformeera/Sumitomo/datapipeline/venv/lib/python3.11/site-packages/airflow/example_dags/example_sensor_decorator.py
[2025-08-31T18:34:01.378+0000] {processor.py:914} INFO - Processing file /home/krishnaformeera/Sumitomo/datapipeline/venv/lib/python3.11/site-packages/airflow/example_dags/example_sensor_decorator.py for tasks to queue
[2025-08-31T18:34:01.380+0000] {logging_mixin.py:190} INFO - [2025-08-31T18:34:01.380+0000] {dagbag.py:588} INFO - Filling up the DagBag from /home/krishnaformeera/Sumitomo/datapipeline/venv/lib/python3.11/site-packages/airflow/example_dags/example_sensor_decorator.py
[2025-08-31T18:34:01.391+0000] {processor.py:925} INFO - DAG(s) 'example_sensor_decorator' retrieved from /home/krishnaformeera/Sumitomo/datapipeline/venv/lib/python3.11/site-packages/airflow/example_dags/example_sensor_decorator.py
[2025-08-31T18:34:01.410+0000] {logging_mixin.py:190} INFO - [2025-08-31T18:34:01.409+0000] {dag.py:3239} INFO - Sync 1 DAGs
[2025-08-31T18:34:01.424+0000] {logging_mixin.py:190} INFO - [2025-08-31T18:34:01.423+0000] {dag.py:4180} INFO - Setting next_dagrun for example_sensor_decorator to None, run_after=None
[2025-08-31T18:34:01.449+0000] {processor.py:208} INFO - Processing /home/krishnaformeera/Sumitomo/datapipeline/venv/lib/python3.11/site-packages/airflow/example_dags/example_sensor_decorator.py took 0.079 seconds
[2025-08-31T18:34:55.434+0000] {processor.py:186} INFO - Started process (PID=5473) to work on /home/krishnaformeera/Sumitomo/datapipeline/venv/lib/python3.11/site-packages/airflow/example_dags/example_sensor_decorator.py
[2025-08-31T18:34:55.435+0000] {processor.py:914} INFO - Processing file /home/krishnaformeera/Sumitomo/datapipeline/venv/lib/python3.11/site-packages/airflow/example_dags/example_sensor_decorator.py for tasks to queue
[2025-08-31T18:34:55.437+0000] {logging_mixin.py:190} INFO - [2025-08-31T18:34:55.437+0000] {dagbag.py:588} INFO - Filling up the DagBag from /home/krishnaformeera/Sumitomo/datapipeline/venv/lib/python3.11/site-packages/airflow/example_dags/example_sensor_decorator.py
[2025-08-31T18:34:55.448+0000] {processor.py:925} INFO - DAG(s) 'example_sensor_decorator' retrieved from /home/krishnaformeera/Sumitomo/datapipeline/venv/lib/python3.11/site-packages/airflow/example_dags/example_sensor_decorator.py
[2025-08-31T18:34:55.468+0000] {logging_mixin.py:190} INFO - [2025-08-31T18:34:55.467+0000] {dag.py:3239} INFO - Sync 1 DAGs
[2025-08-31T18:34:55.481+0000] {logging_mixin.py:190} INFO - [2025-08-31T18:34:55.480+0000] {dag.py:4180} INFO - Setting next_dagrun for example_sensor_decorator to None, run_after=None
[2025-08-31T18:34:55.506+0000] {processor.py:208} INFO - Processing /home/krishnaformeera/Sumitomo/datapipeline/venv/lib/python3.11/site-packages/airflow/example_dags/example_sensor_decorator.py took 0.080 seconds
[2025-08-31T18:35:45.491+0000] {processor.py:186} INFO - Started process (PID=5537) to work on /home/krishnaformeera/Sumitomo/datapipeline/venv/lib/python3.11/site-packages/airflow/example_dags/example_sensor_decorator.py
[2025-08-31T18:35:45.492+0000] {processor.py:914} INFO - Processing file /home/krishnaformeera/Sumitomo/datapipeline/venv/lib/python3.11/site-packages/airflow/example_dags/example_sensor_decorator.py for tasks to queue
[2025-08-31T18:35:45.494+0000] {logging_mixin.py:190} INFO - [2025-08-31T18:35:45.494+0000] {dagbag.py:588} INFO - Filling up the DagBag from /home/krishnaformeera/Sumitomo/datapipeline/venv/lib/python3.11/site-packages/airflow/example_dags/example_sensor_decorator.py
[2025-08-31T18:35:45.503+0000] {processor.py:925} INFO - DAG(s) 'example_sensor_decorator' retrieved from /home/krishnaformeera/Sumitomo/datapipeline/venv/lib/python3.11/site-packages/airflow/example_dags/example_sensor_decorator.py
[2025-08-31T18:35:45.517+0000] {logging_mixin.py:190} INFO - [2025-08-31T18:35:45.517+0000] {dag.py:3239} INFO - Sync 1 DAGs
[2025-08-31T18:35:45.528+0000] {logging_mixin.py:190} INFO - [2025-08-31T18:35:45.528+0000] {dag.py:4180} INFO - Setting next_dagrun for example_sensor_decorator to None, run_after=None
[2025-08-31T18:35:45.549+0000] {processor.py:208} INFO - Processing /home/krishnaformeera/Sumitomo/datapipeline/venv/lib/python3.11/site-packages/airflow/example_dags/example_sensor_decorator.py took 0.064 seconds
[2025-08-31T18:36:37.126+0000] {processor.py:186} INFO - Started process (PID=5602) to work on /home/krishnaformeera/Sumitomo/datapipeline/venv/lib/python3.11/site-packages/airflow/example_dags/example_sensor_decorator.py
[2025-08-31T18:36:37.127+0000] {processor.py:914} INFO - Processing file /home/krishnaformeera/Sumitomo/datapipeline/venv/lib/python3.11/site-packages/airflow/example_dags/example_sensor_decorator.py for tasks to queue
[2025-08-31T18:36:37.130+0000] {logging_mixin.py:190} INFO - [2025-08-31T18:36:37.129+0000] {dagbag.py:588} INFO - Filling up the DagBag from /home/krishnaformeera/Sumitomo/datapipeline/venv/lib/python3.11/site-packages/airflow/example_dags/example_sensor_decorator.py
[2025-08-31T18:36:37.140+0000] {processor.py:925} INFO - DAG(s) 'example_sensor_decorator' retrieved from /home/krishnaformeera/Sumitomo/datapipeline/venv/lib/python3.11/site-packages/airflow/example_dags/example_sensor_decorator.py
[2025-08-31T18:36:37.159+0000] {logging_mixin.py:190} INFO - [2025-08-31T18:36:37.158+0000] {dag.py:3239} INFO - Sync 1 DAGs
[2025-08-31T18:36:37.172+0000] {logging_mixin.py:190} INFO - [2025-08-31T18:36:37.172+0000] {dag.py:4180} INFO - Setting next_dagrun for example_sensor_decorator to None, run_after=None
[2025-08-31T18:36:37.199+0000] {processor.py:208} INFO - Processing /home/krishnaformeera/Sumitomo/datapipeline/venv/lib/python3.11/site-packages/airflow/example_dags/example_sensor_decorator.py took 0.081 seconds
[2025-08-31T18:37:26.809+0000] {processor.py:186} INFO - Started process (PID=5654) to work on /home/krishnaformeera/Sumitomo/datapipeline/venv/lib/python3.11/site-packages/airflow/example_dags/example_sensor_decorator.py
[2025-08-31T18:37:26.810+0000] {processor.py:914} INFO - Processing file /home/krishnaformeera/Sumitomo/datapipeline/venv/lib/python3.11/site-packages/airflow/example_dags/example_sensor_decorator.py for tasks to queue
[2025-08-31T18:37:26.813+0000] {logging_mixin.py:190} INFO - [2025-08-31T18:37:26.813+0000] {dagbag.py:588} INFO - Filling up the DagBag from /home/krishnaformeera/Sumitomo/datapipeline/venv/lib/python3.11/site-packages/airflow/example_dags/example_sensor_decorator.py
[2025-08-31T18:37:26.822+0000] {processor.py:925} INFO - DAG(s) 'example_sensor_decorator' retrieved from /home/krishnaformeera/Sumitomo/datapipeline/venv/lib/python3.11/site-packages/airflow/example_dags/example_sensor_decorator.py
[2025-08-31T18:37:26.837+0000] {logging_mixin.py:190} INFO - [2025-08-31T18:37:26.837+0000] {dag.py:3239} INFO - Sync 1 DAGs
[2025-08-31T18:37:26.849+0000] {logging_mixin.py:190} INFO - [2025-08-31T18:37:26.849+0000] {dag.py:4180} INFO - Setting next_dagrun for example_sensor_decorator to None, run_after=None
[2025-08-31T18:37:26.869+0000] {processor.py:208} INFO - Processing /home/krishnaformeera/Sumitomo/datapipeline/venv/lib/python3.11/site-packages/airflow/example_dags/example_sensor_decorator.py took 0.066 seconds
[2025-08-31T18:40:16.321+0000] {processor.py:186} INFO - Started process (PID=6115) to work on /home/krishnaformeera/Sumitomo/datapipeline/venv/lib/python3.11/site-packages/airflow/example_dags/example_sensor_decorator.py
[2025-08-31T18:40:16.322+0000] {processor.py:914} INFO - Processing file /home/krishnaformeera/Sumitomo/datapipeline/venv/lib/python3.11/site-packages/airflow/example_dags/example_sensor_decorator.py for tasks to queue
[2025-08-31T18:40:16.325+0000] {logging_mixin.py:190} INFO - [2025-08-31T18:40:16.325+0000] {dagbag.py:588} INFO - Filling up the DagBag from /home/krishnaformeera/Sumitomo/datapipeline/venv/lib/python3.11/site-packages/airflow/example_dags/example_sensor_decorator.py
[2025-08-31T18:40:16.335+0000] {processor.py:925} INFO - DAG(s) 'example_sensor_decorator' retrieved from /home/krishnaformeera/Sumitomo/datapipeline/venv/lib/python3.11/site-packages/airflow/example_dags/example_sensor_decorator.py
[2025-08-31T18:40:16.358+0000] {logging_mixin.py:190} INFO - [2025-08-31T18:40:16.357+0000] {dag.py:3239} INFO - Sync 1 DAGs
[2025-08-31T18:40:16.373+0000] {logging_mixin.py:190} INFO - [2025-08-31T18:40:16.373+0000] {dag.py:4180} INFO - Setting next_dagrun for example_sensor_decorator to None, run_after=None
[2025-08-31T18:40:16.401+0000] {processor.py:208} INFO - Processing /home/krishnaformeera/Sumitomo/datapipeline/venv/lib/python3.11/site-packages/airflow/example_dags/example_sensor_decorator.py took 0.087 seconds
[2025-08-31T18:41:11.862+0000] {processor.py:186} INFO - Started process (PID=6348) to work on /home/krishnaformeera/Sumitomo/datapipeline/venv/lib/python3.11/site-packages/airflow/example_dags/example_sensor_decorator.py
[2025-08-31T18:41:11.863+0000] {processor.py:914} INFO - Processing file /home/krishnaformeera/Sumitomo/datapipeline/venv/lib/python3.11/site-packages/airflow/example_dags/example_sensor_decorator.py for tasks to queue
[2025-08-31T18:41:11.865+0000] {logging_mixin.py:190} INFO - [2025-08-31T18:41:11.865+0000] {dagbag.py:588} INFO - Filling up the DagBag from /home/krishnaformeera/Sumitomo/datapipeline/venv/lib/python3.11/site-packages/airflow/example_dags/example_sensor_decorator.py
[2025-08-31T18:41:11.877+0000] {processor.py:925} INFO - DAG(s) 'example_sensor_decorator' retrieved from /home/krishnaformeera/Sumitomo/datapipeline/venv/lib/python3.11/site-packages/airflow/example_dags/example_sensor_decorator.py
[2025-08-31T18:41:11.896+0000] {logging_mixin.py:190} INFO - [2025-08-31T18:41:11.895+0000] {dag.py:3239} INFO - Sync 1 DAGs
[2025-08-31T18:41:11.912+0000] {logging_mixin.py:190} INFO - [2025-08-31T18:41:11.911+0000] {dag.py:4180} INFO - Setting next_dagrun for example_sensor_decorator to None, run_after=None
[2025-08-31T18:41:11.938+0000] {processor.py:208} INFO - Processing /home/krishnaformeera/Sumitomo/datapipeline/venv/lib/python3.11/site-packages/airflow/example_dags/example_sensor_decorator.py took 0.084 seconds
[2025-08-31T18:42:06.453+0000] {processor.py:186} INFO - Started process (PID=6540) to work on /home/krishnaformeera/Sumitomo/datapipeline/venv/lib/python3.11/site-packages/airflow/example_dags/example_sensor_decorator.py
[2025-08-31T18:42:06.454+0000] {processor.py:914} INFO - Processing file /home/krishnaformeera/Sumitomo/datapipeline/venv/lib/python3.11/site-packages/airflow/example_dags/example_sensor_decorator.py for tasks to queue
[2025-08-31T18:42:06.456+0000] {logging_mixin.py:190} INFO - [2025-08-31T18:42:06.456+0000] {dagbag.py:588} INFO - Filling up the DagBag from /home/krishnaformeera/Sumitomo/datapipeline/venv/lib/python3.11/site-packages/airflow/example_dags/example_sensor_decorator.py
[2025-08-31T18:42:06.467+0000] {processor.py:925} INFO - DAG(s) 'example_sensor_decorator' retrieved from /home/krishnaformeera/Sumitomo/datapipeline/venv/lib/python3.11/site-packages/airflow/example_dags/example_sensor_decorator.py
[2025-08-31T18:42:06.487+0000] {logging_mixin.py:190} INFO - [2025-08-31T18:42:06.487+0000] {dag.py:3239} INFO - Sync 1 DAGs
[2025-08-31T18:42:06.503+0000] {logging_mixin.py:190} INFO - [2025-08-31T18:42:06.503+0000] {dag.py:4180} INFO - Setting next_dagrun for example_sensor_decorator to None, run_after=None
[2025-08-31T18:42:06.525+0000] {processor.py:208} INFO - Processing /home/krishnaformeera/Sumitomo/datapipeline/venv/lib/python3.11/site-packages/airflow/example_dags/example_sensor_decorator.py took 0.080 seconds
[2025-08-31T18:43:08.599+0000] {processor.py:186} INFO - Started process (PID=6763) to work on /home/krishnaformeera/Sumitomo/datapipeline/venv/lib/python3.11/site-packages/airflow/example_dags/example_sensor_decorator.py
[2025-08-31T18:43:08.600+0000] {processor.py:914} INFO - Processing file /home/krishnaformeera/Sumitomo/datapipeline/venv/lib/python3.11/site-packages/airflow/example_dags/example_sensor_decorator.py for tasks to queue
[2025-08-31T18:43:08.602+0000] {logging_mixin.py:190} INFO - [2025-08-31T18:43:08.601+0000] {dagbag.py:588} INFO - Filling up the DagBag from /home/krishnaformeera/Sumitomo/datapipeline/venv/lib/python3.11/site-packages/airflow/example_dags/example_sensor_decorator.py
[2025-08-31T18:43:08.610+0000] {processor.py:925} INFO - DAG(s) 'example_sensor_decorator' retrieved from /home/krishnaformeera/Sumitomo/datapipeline/venv/lib/python3.11/site-packages/airflow/example_dags/example_sensor_decorator.py
[2025-08-31T18:43:08.625+0000] {logging_mixin.py:190} INFO - [2025-08-31T18:43:08.625+0000] {dag.py:3239} INFO - Sync 1 DAGs
[2025-08-31T18:43:08.636+0000] {logging_mixin.py:190} INFO - [2025-08-31T18:43:08.636+0000] {dag.py:4180} INFO - Setting next_dagrun for example_sensor_decorator to None, run_after=None
[2025-08-31T18:43:08.658+0000] {processor.py:208} INFO - Processing /home/krishnaformeera/Sumitomo/datapipeline/venv/lib/python3.11/site-packages/airflow/example_dags/example_sensor_decorator.py took 0.065 seconds
[2025-08-31T18:44:04.323+0000] {processor.py:186} INFO - Started process (PID=7010) to work on /home/krishnaformeera/Sumitomo/datapipeline/venv/lib/python3.11/site-packages/airflow/example_dags/example_sensor_decorator.py
[2025-08-31T18:44:04.324+0000] {processor.py:914} INFO - Processing file /home/krishnaformeera/Sumitomo/datapipeline/venv/lib/python3.11/site-packages/airflow/example_dags/example_sensor_decorator.py for tasks to queue
[2025-08-31T18:44:04.328+0000] {logging_mixin.py:190} INFO - [2025-08-31T18:44:04.327+0000] {dagbag.py:588} INFO - Filling up the DagBag from /home/krishnaformeera/Sumitomo/datapipeline/venv/lib/python3.11/site-packages/airflow/example_dags/example_sensor_decorator.py
[2025-08-31T18:44:04.341+0000] {processor.py:925} INFO - DAG(s) 'example_sensor_decorator' retrieved from /home/krishnaformeera/Sumitomo/datapipeline/venv/lib/python3.11/site-packages/airflow/example_dags/example_sensor_decorator.py
[2025-08-31T18:44:04.358+0000] {logging_mixin.py:190} INFO - [2025-08-31T18:44:04.358+0000] {dag.py:3239} INFO - Sync 1 DAGs
[2025-08-31T18:44:04.371+0000] {logging_mixin.py:190} INFO - [2025-08-31T18:44:04.371+0000] {dag.py:4180} INFO - Setting next_dagrun for example_sensor_decorator to None, run_after=None
[2025-08-31T18:44:04.393+0000] {processor.py:208} INFO - Processing /home/krishnaformeera/Sumitomo/datapipeline/venv/lib/python3.11/site-packages/airflow/example_dags/example_sensor_decorator.py took 0.078 seconds
[2025-08-31T18:44:52.756+0000] {processor.py:186} INFO - Started process (PID=7221) to work on /home/krishnaformeera/Sumitomo/datapipeline/venv/lib/python3.11/site-packages/airflow/example_dags/example_sensor_decorator.py
[2025-08-31T18:44:52.759+0000] {processor.py:914} INFO - Processing file /home/krishnaformeera/Sumitomo/datapipeline/venv/lib/python3.11/site-packages/airflow/example_dags/example_sensor_decorator.py for tasks to queue
[2025-08-31T18:44:52.762+0000] {logging_mixin.py:190} INFO - [2025-08-31T18:44:52.761+0000] {dagbag.py:588} INFO - Filling up the DagBag from /home/krishnaformeera/Sumitomo/datapipeline/venv/lib/python3.11/site-packages/airflow/example_dags/example_sensor_decorator.py
[2025-08-31T18:44:52.773+0000] {processor.py:925} INFO - DAG(s) 'example_sensor_decorator' retrieved from /home/krishnaformeera/Sumitomo/datapipeline/venv/lib/python3.11/site-packages/airflow/example_dags/example_sensor_decorator.py
[2025-08-31T18:44:52.788+0000] {logging_mixin.py:190} INFO - [2025-08-31T18:44:52.788+0000] {dag.py:3239} INFO - Sync 1 DAGs
[2025-08-31T18:44:52.800+0000] {logging_mixin.py:190} INFO - [2025-08-31T18:44:52.799+0000] {dag.py:4180} INFO - Setting next_dagrun for example_sensor_decorator to None, run_after=None
[2025-08-31T18:44:52.820+0000] {processor.py:208} INFO - Processing /home/krishnaformeera/Sumitomo/datapipeline/venv/lib/python3.11/site-packages/airflow/example_dags/example_sensor_decorator.py took 0.073 seconds
[2025-08-31T18:45:45.448+0000] {processor.py:186} INFO - Started process (PID=7485) to work on /home/krishnaformeera/Sumitomo/datapipeline/venv/lib/python3.11/site-packages/airflow/example_dags/example_sensor_decorator.py
[2025-08-31T18:45:45.449+0000] {processor.py:914} INFO - Processing file /home/krishnaformeera/Sumitomo/datapipeline/venv/lib/python3.11/site-packages/airflow/example_dags/example_sensor_decorator.py for tasks to queue
[2025-08-31T18:45:45.452+0000] {logging_mixin.py:190} INFO - [2025-08-31T18:45:45.451+0000] {dagbag.py:588} INFO - Filling up the DagBag from /home/krishnaformeera/Sumitomo/datapipeline/venv/lib/python3.11/site-packages/airflow/example_dags/example_sensor_decorator.py
[2025-08-31T18:45:45.460+0000] {processor.py:925} INFO - DAG(s) 'example_sensor_decorator' retrieved from /home/krishnaformeera/Sumitomo/datapipeline/venv/lib/python3.11/site-packages/airflow/example_dags/example_sensor_decorator.py
[2025-08-31T18:45:45.475+0000] {logging_mixin.py:190} INFO - [2025-08-31T18:45:45.474+0000] {dag.py:3239} INFO - Sync 1 DAGs
[2025-08-31T18:45:45.487+0000] {logging_mixin.py:190} INFO - [2025-08-31T18:45:45.486+0000] {dag.py:4180} INFO - Setting next_dagrun for example_sensor_decorator to None, run_after=None
[2025-08-31T18:45:45.511+0000] {processor.py:208} INFO - Processing /home/krishnaformeera/Sumitomo/datapipeline/venv/lib/python3.11/site-packages/airflow/example_dags/example_sensor_decorator.py took 0.069 seconds
[2025-08-31T18:46:37.041+0000] {processor.py:186} INFO - Started process (PID=7702) to work on /home/krishnaformeera/Sumitomo/datapipeline/venv/lib/python3.11/site-packages/airflow/example_dags/example_sensor_decorator.py
[2025-08-31T18:46:37.042+0000] {processor.py:914} INFO - Processing file /home/krishnaformeera/Sumitomo/datapipeline/venv/lib/python3.11/site-packages/airflow/example_dags/example_sensor_decorator.py for tasks to queue
[2025-08-31T18:46:37.045+0000] {logging_mixin.py:190} INFO - [2025-08-31T18:46:37.044+0000] {dagbag.py:588} INFO - Filling up the DagBag from /home/krishnaformeera/Sumitomo/datapipeline/venv/lib/python3.11/site-packages/airflow/example_dags/example_sensor_decorator.py
[2025-08-31T18:46:37.055+0000] {processor.py:925} INFO - DAG(s) 'example_sensor_decorator' retrieved from /home/krishnaformeera/Sumitomo/datapipeline/venv/lib/python3.11/site-packages/airflow/example_dags/example_sensor_decorator.py
[2025-08-31T18:46:37.072+0000] {logging_mixin.py:190} INFO - [2025-08-31T18:46:37.072+0000] {dag.py:3239} INFO - Sync 1 DAGs
[2025-08-31T18:46:37.086+0000] {logging_mixin.py:190} INFO - [2025-08-31T18:46:37.086+0000] {dag.py:4180} INFO - Setting next_dagrun for example_sensor_decorator to None, run_after=None
[2025-08-31T18:46:37.109+0000] {processor.py:208} INFO - Processing /home/krishnaformeera/Sumitomo/datapipeline/venv/lib/python3.11/site-packages/airflow/example_dags/example_sensor_decorator.py took 0.075 seconds
[2025-08-31T18:47:29.680+0000] {processor.py:186} INFO - Started process (PID=7799) to work on /home/krishnaformeera/Sumitomo/datapipeline/venv/lib/python3.11/site-packages/airflow/example_dags/example_sensor_decorator.py
[2025-08-31T18:47:29.682+0000] {processor.py:914} INFO - Processing file /home/krishnaformeera/Sumitomo/datapipeline/venv/lib/python3.11/site-packages/airflow/example_dags/example_sensor_decorator.py for tasks to queue
[2025-08-31T18:47:29.685+0000] {logging_mixin.py:190} INFO - [2025-08-31T18:47:29.684+0000] {dagbag.py:588} INFO - Filling up the DagBag from /home/krishnaformeera/Sumitomo/datapipeline/venv/lib/python3.11/site-packages/airflow/example_dags/example_sensor_decorator.py
[2025-08-31T18:47:29.695+0000] {processor.py:925} INFO - DAG(s) 'example_sensor_decorator' retrieved from /home/krishnaformeera/Sumitomo/datapipeline/venv/lib/python3.11/site-packages/airflow/example_dags/example_sensor_decorator.py
[2025-08-31T18:47:29.713+0000] {logging_mixin.py:190} INFO - [2025-08-31T18:47:29.713+0000] {dag.py:3239} INFO - Sync 1 DAGs
[2025-08-31T18:47:29.727+0000] {logging_mixin.py:190} INFO - [2025-08-31T18:47:29.727+0000] {dag.py:4180} INFO - Setting next_dagrun for example_sensor_decorator to None, run_after=None
[2025-08-31T18:47:29.754+0000] {processor.py:208} INFO - Processing /home/krishnaformeera/Sumitomo/datapipeline/venv/lib/python3.11/site-packages/airflow/example_dags/example_sensor_decorator.py took 0.080 seconds
[2025-08-31T18:48:19.230+0000] {processor.py:186} INFO - Started process (PID=7852) to work on /home/krishnaformeera/Sumitomo/datapipeline/venv/lib/python3.11/site-packages/airflow/example_dags/example_sensor_decorator.py
[2025-08-31T18:48:19.231+0000] {processor.py:914} INFO - Processing file /home/krishnaformeera/Sumitomo/datapipeline/venv/lib/python3.11/site-packages/airflow/example_dags/example_sensor_decorator.py for tasks to queue
[2025-08-31T18:48:19.234+0000] {logging_mixin.py:190} INFO - [2025-08-31T18:48:19.233+0000] {dagbag.py:588} INFO - Filling up the DagBag from /home/krishnaformeera/Sumitomo/datapipeline/venv/lib/python3.11/site-packages/airflow/example_dags/example_sensor_decorator.py
[2025-08-31T18:48:19.243+0000] {processor.py:925} INFO - DAG(s) 'example_sensor_decorator' retrieved from /home/krishnaformeera/Sumitomo/datapipeline/venv/lib/python3.11/site-packages/airflow/example_dags/example_sensor_decorator.py
[2025-08-31T18:48:19.260+0000] {logging_mixin.py:190} INFO - [2025-08-31T18:48:19.260+0000] {dag.py:3239} INFO - Sync 1 DAGs
[2025-08-31T18:48:19.274+0000] {logging_mixin.py:190} INFO - [2025-08-31T18:48:19.273+0000] {dag.py:4180} INFO - Setting next_dagrun for example_sensor_decorator to None, run_after=None
[2025-08-31T18:48:19.304+0000] {processor.py:208} INFO - Processing /home/krishnaformeera/Sumitomo/datapipeline/venv/lib/python3.11/site-packages/airflow/example_dags/example_sensor_decorator.py took 0.081 seconds
[2025-08-31T18:49:09.990+0000] {processor.py:186} INFO - Started process (PID=7908) to work on /home/krishnaformeera/Sumitomo/datapipeline/venv/lib/python3.11/site-packages/airflow/example_dags/example_sensor_decorator.py
[2025-08-31T18:49:09.992+0000] {processor.py:914} INFO - Processing file /home/krishnaformeera/Sumitomo/datapipeline/venv/lib/python3.11/site-packages/airflow/example_dags/example_sensor_decorator.py for tasks to queue
[2025-08-31T18:49:09.994+0000] {logging_mixin.py:190} INFO - [2025-08-31T18:49:09.994+0000] {dagbag.py:588} INFO - Filling up the DagBag from /home/krishnaformeera/Sumitomo/datapipeline/venv/lib/python3.11/site-packages/airflow/example_dags/example_sensor_decorator.py
[2025-08-31T18:49:10.006+0000] {processor.py:925} INFO - DAG(s) 'example_sensor_decorator' retrieved from /home/krishnaformeera/Sumitomo/datapipeline/venv/lib/python3.11/site-packages/airflow/example_dags/example_sensor_decorator.py
[2025-08-31T18:49:10.026+0000] {logging_mixin.py:190} INFO - [2025-08-31T18:49:10.026+0000] {dag.py:3239} INFO - Sync 1 DAGs
[2025-08-31T18:49:10.042+0000] {logging_mixin.py:190} INFO - [2025-08-31T18:49:10.041+0000] {dag.py:4180} INFO - Setting next_dagrun for example_sensor_decorator to None, run_after=None
[2025-08-31T18:49:10.068+0000] {processor.py:208} INFO - Processing /home/krishnaformeera/Sumitomo/datapipeline/venv/lib/python3.11/site-packages/airflow/example_dags/example_sensor_decorator.py took 0.088 seconds
[2025-08-31T18:50:03.181+0000] {processor.py:186} INFO - Started process (PID=8011) to work on /home/krishnaformeera/Sumitomo/datapipeline/venv/lib/python3.11/site-packages/airflow/example_dags/example_sensor_decorator.py
[2025-08-31T18:50:03.182+0000] {processor.py:914} INFO - Processing file /home/krishnaformeera/Sumitomo/datapipeline/venv/lib/python3.11/site-packages/airflow/example_dags/example_sensor_decorator.py for tasks to queue
[2025-08-31T18:50:03.184+0000] {logging_mixin.py:190} INFO - [2025-08-31T18:50:03.184+0000] {dagbag.py:588} INFO - Filling up the DagBag from /home/krishnaformeera/Sumitomo/datapipeline/venv/lib/python3.11/site-packages/airflow/example_dags/example_sensor_decorator.py
[2025-08-31T18:50:03.193+0000] {processor.py:925} INFO - DAG(s) 'example_sensor_decorator' retrieved from /home/krishnaformeera/Sumitomo/datapipeline/venv/lib/python3.11/site-packages/airflow/example_dags/example_sensor_decorator.py
[2025-08-31T18:50:03.208+0000] {logging_mixin.py:190} INFO - [2025-08-31T18:50:03.207+0000] {dag.py:3239} INFO - Sync 1 DAGs
[2025-08-31T18:50:03.219+0000] {logging_mixin.py:190} INFO - [2025-08-31T18:50:03.219+0000] {dag.py:4180} INFO - Setting next_dagrun for example_sensor_decorator to None, run_after=None
[2025-08-31T18:50:03.241+0000] {processor.py:208} INFO - Processing /home/krishnaformeera/Sumitomo/datapipeline/venv/lib/python3.11/site-packages/airflow/example_dags/example_sensor_decorator.py took 0.066 seconds
[2025-08-31T18:50:56.138+0000] {processor.py:186} INFO - Started process (PID=8092) to work on /home/krishnaformeera/Sumitomo/datapipeline/venv/lib/python3.11/site-packages/airflow/example_dags/example_sensor_decorator.py
[2025-08-31T18:50:56.140+0000] {processor.py:914} INFO - Processing file /home/krishnaformeera/Sumitomo/datapipeline/venv/lib/python3.11/site-packages/airflow/example_dags/example_sensor_decorator.py for tasks to queue
[2025-08-31T18:50:56.142+0000] {logging_mixin.py:190} INFO - [2025-08-31T18:50:56.142+0000] {dagbag.py:588} INFO - Filling up the DagBag from /home/krishnaformeera/Sumitomo/datapipeline/venv/lib/python3.11/site-packages/airflow/example_dags/example_sensor_decorator.py
[2025-08-31T18:50:56.153+0000] {processor.py:925} INFO - DAG(s) 'example_sensor_decorator' retrieved from /home/krishnaformeera/Sumitomo/datapipeline/venv/lib/python3.11/site-packages/airflow/example_dags/example_sensor_decorator.py
[2025-08-31T18:50:56.171+0000] {logging_mixin.py:190} INFO - [2025-08-31T18:50:56.171+0000] {dag.py:3239} INFO - Sync 1 DAGs
[2025-08-31T18:50:56.184+0000] {logging_mixin.py:190} INFO - [2025-08-31T18:50:56.184+0000] {dag.py:4180} INFO - Setting next_dagrun for example_sensor_decorator to None, run_after=None
[2025-08-31T18:50:56.210+0000] {processor.py:208} INFO - Processing /home/krishnaformeera/Sumitomo/datapipeline/venv/lib/python3.11/site-packages/airflow/example_dags/example_sensor_decorator.py took 0.079 seconds
[2025-08-31T18:51:45.371+0000] {processor.py:186} INFO - Started process (PID=8174) to work on /home/krishnaformeera/Sumitomo/datapipeline/venv/lib/python3.11/site-packages/airflow/example_dags/example_sensor_decorator.py
[2025-08-31T18:51:45.373+0000] {processor.py:914} INFO - Processing file /home/krishnaformeera/Sumitomo/datapipeline/venv/lib/python3.11/site-packages/airflow/example_dags/example_sensor_decorator.py for tasks to queue
[2025-08-31T18:51:45.376+0000] {logging_mixin.py:190} INFO - [2025-08-31T18:51:45.375+0000] {dagbag.py:588} INFO - Filling up the DagBag from /home/krishnaformeera/Sumitomo/datapipeline/venv/lib/python3.11/site-packages/airflow/example_dags/example_sensor_decorator.py
[2025-08-31T18:51:45.387+0000] {processor.py:925} INFO - DAG(s) 'example_sensor_decorator' retrieved from /home/krishnaformeera/Sumitomo/datapipeline/venv/lib/python3.11/site-packages/airflow/example_dags/example_sensor_decorator.py
[2025-08-31T18:51:45.407+0000] {logging_mixin.py:190} INFO - [2025-08-31T18:51:45.407+0000] {dag.py:3239} INFO - Sync 1 DAGs
[2025-08-31T18:51:45.427+0000] {logging_mixin.py:190} INFO - [2025-08-31T18:51:45.427+0000] {dag.py:4180} INFO - Setting next_dagrun for example_sensor_decorator to None, run_after=None
[2025-08-31T18:51:45.455+0000] {processor.py:208} INFO - Processing /home/krishnaformeera/Sumitomo/datapipeline/venv/lib/python3.11/site-packages/airflow/example_dags/example_sensor_decorator.py took 0.093 seconds
[2025-08-31T18:52:35.568+0000] {processor.py:186} INFO - Started process (PID=8242) to work on /home/krishnaformeera/Sumitomo/datapipeline/venv/lib/python3.11/site-packages/airflow/example_dags/example_sensor_decorator.py
[2025-08-31T18:52:35.569+0000] {processor.py:914} INFO - Processing file /home/krishnaformeera/Sumitomo/datapipeline/venv/lib/python3.11/site-packages/airflow/example_dags/example_sensor_decorator.py for tasks to queue
[2025-08-31T18:52:35.571+0000] {logging_mixin.py:190} INFO - [2025-08-31T18:52:35.570+0000] {dagbag.py:588} INFO - Filling up the DagBag from /home/krishnaformeera/Sumitomo/datapipeline/venv/lib/python3.11/site-packages/airflow/example_dags/example_sensor_decorator.py
[2025-08-31T18:52:35.579+0000] {processor.py:925} INFO - DAG(s) 'example_sensor_decorator' retrieved from /home/krishnaformeera/Sumitomo/datapipeline/venv/lib/python3.11/site-packages/airflow/example_dags/example_sensor_decorator.py
[2025-08-31T18:52:35.594+0000] {logging_mixin.py:190} INFO - [2025-08-31T18:52:35.594+0000] {dag.py:3239} INFO - Sync 1 DAGs
[2025-08-31T18:52:35.606+0000] {logging_mixin.py:190} INFO - [2025-08-31T18:52:35.605+0000] {dag.py:4180} INFO - Setting next_dagrun for example_sensor_decorator to None, run_after=None
[2025-08-31T18:52:35.639+0000] {processor.py:208} INFO - Processing /home/krishnaformeera/Sumitomo/datapipeline/venv/lib/python3.11/site-packages/airflow/example_dags/example_sensor_decorator.py took 0.080 seconds
[2025-08-31T18:53:25.277+0000] {processor.py:186} INFO - Started process (PID=8298) to work on /home/krishnaformeera/Sumitomo/datapipeline/venv/lib/python3.11/site-packages/airflow/example_dags/example_sensor_decorator.py
[2025-08-31T18:53:25.278+0000] {processor.py:914} INFO - Processing file /home/krishnaformeera/Sumitomo/datapipeline/venv/lib/python3.11/site-packages/airflow/example_dags/example_sensor_decorator.py for tasks to queue
[2025-08-31T18:53:25.281+0000] {logging_mixin.py:190} INFO - [2025-08-31T18:53:25.280+0000] {dagbag.py:588} INFO - Filling up the DagBag from /home/krishnaformeera/Sumitomo/datapipeline/venv/lib/python3.11/site-packages/airflow/example_dags/example_sensor_decorator.py
[2025-08-31T18:53:25.292+0000] {processor.py:925} INFO - DAG(s) 'example_sensor_decorator' retrieved from /home/krishnaformeera/Sumitomo/datapipeline/venv/lib/python3.11/site-packages/airflow/example_dags/example_sensor_decorator.py
[2025-08-31T18:53:25.309+0000] {logging_mixin.py:190} INFO - [2025-08-31T18:53:25.309+0000] {dag.py:3239} INFO - Sync 1 DAGs
[2025-08-31T18:53:25.321+0000] {logging_mixin.py:190} INFO - [2025-08-31T18:53:25.320+0000] {dag.py:4180} INFO - Setting next_dagrun for example_sensor_decorator to None, run_after=None
[2025-08-31T18:53:25.343+0000] {processor.py:208} INFO - Processing /home/krishnaformeera/Sumitomo/datapipeline/venv/lib/python3.11/site-packages/airflow/example_dags/example_sensor_decorator.py took 0.074 seconds
[2025-08-31T18:54:14.129+0000] {processor.py:186} INFO - Started process (PID=8491) to work on /home/krishnaformeera/Sumitomo/datapipeline/venv/lib/python3.11/site-packages/airflow/example_dags/example_sensor_decorator.py
[2025-08-31T18:54:14.130+0000] {processor.py:914} INFO - Processing file /home/krishnaformeera/Sumitomo/datapipeline/venv/lib/python3.11/site-packages/airflow/example_dags/example_sensor_decorator.py for tasks to queue
[2025-08-31T18:54:14.133+0000] {logging_mixin.py:190} INFO - [2025-08-31T18:54:14.132+0000] {dagbag.py:588} INFO - Filling up the DagBag from /home/krishnaformeera/Sumitomo/datapipeline/venv/lib/python3.11/site-packages/airflow/example_dags/example_sensor_decorator.py
[2025-08-31T18:54:14.143+0000] {processor.py:925} INFO - DAG(s) 'example_sensor_decorator' retrieved from /home/krishnaformeera/Sumitomo/datapipeline/venv/lib/python3.11/site-packages/airflow/example_dags/example_sensor_decorator.py
[2025-08-31T18:54:14.158+0000] {logging_mixin.py:190} INFO - [2025-08-31T18:54:14.158+0000] {dag.py:3239} INFO - Sync 1 DAGs
[2025-08-31T18:54:14.170+0000] {logging_mixin.py:190} INFO - [2025-08-31T18:54:14.170+0000] {dag.py:4180} INFO - Setting next_dagrun for example_sensor_decorator to None, run_after=None
[2025-08-31T18:54:14.191+0000] {processor.py:208} INFO - Processing /home/krishnaformeera/Sumitomo/datapipeline/venv/lib/python3.11/site-packages/airflow/example_dags/example_sensor_decorator.py took 0.071 seconds
[2025-08-31T18:55:05.696+0000] {processor.py:186} INFO - Started process (PID=8570) to work on /home/krishnaformeera/Sumitomo/datapipeline/venv/lib/python3.11/site-packages/airflow/example_dags/example_sensor_decorator.py
[2025-08-31T18:55:05.697+0000] {processor.py:914} INFO - Processing file /home/krishnaformeera/Sumitomo/datapipeline/venv/lib/python3.11/site-packages/airflow/example_dags/example_sensor_decorator.py for tasks to queue
[2025-08-31T18:55:05.700+0000] {logging_mixin.py:190} INFO - [2025-08-31T18:55:05.699+0000] {dagbag.py:588} INFO - Filling up the DagBag from /home/krishnaformeera/Sumitomo/datapipeline/venv/lib/python3.11/site-packages/airflow/example_dags/example_sensor_decorator.py
[2025-08-31T18:55:05.711+0000] {processor.py:925} INFO - DAG(s) 'example_sensor_decorator' retrieved from /home/krishnaformeera/Sumitomo/datapipeline/venv/lib/python3.11/site-packages/airflow/example_dags/example_sensor_decorator.py
[2025-08-31T18:55:05.730+0000] {logging_mixin.py:190} INFO - [2025-08-31T18:55:05.730+0000] {dag.py:3239} INFO - Sync 1 DAGs
[2025-08-31T18:55:05.747+0000] {logging_mixin.py:190} INFO - [2025-08-31T18:55:05.746+0000] {dag.py:4180} INFO - Setting next_dagrun for example_sensor_decorator to None, run_after=None
[2025-08-31T18:55:05.775+0000] {processor.py:208} INFO - Processing /home/krishnaformeera/Sumitomo/datapipeline/venv/lib/python3.11/site-packages/airflow/example_dags/example_sensor_decorator.py took 0.086 seconds
[2025-08-31T18:55:57.822+0000] {processor.py:186} INFO - Started process (PID=8622) to work on /home/krishnaformeera/Sumitomo/datapipeline/venv/lib/python3.11/site-packages/airflow/example_dags/example_sensor_decorator.py
[2025-08-31T18:55:57.823+0000] {processor.py:914} INFO - Processing file /home/krishnaformeera/Sumitomo/datapipeline/venv/lib/python3.11/site-packages/airflow/example_dags/example_sensor_decorator.py for tasks to queue
[2025-08-31T18:55:57.826+0000] {logging_mixin.py:190} INFO - [2025-08-31T18:55:57.825+0000] {dagbag.py:588} INFO - Filling up the DagBag from /home/krishnaformeera/Sumitomo/datapipeline/venv/lib/python3.11/site-packages/airflow/example_dags/example_sensor_decorator.py
[2025-08-31T18:55:57.834+0000] {processor.py:925} INFO - DAG(s) 'example_sensor_decorator' retrieved from /home/krishnaformeera/Sumitomo/datapipeline/venv/lib/python3.11/site-packages/airflow/example_dags/example_sensor_decorator.py
[2025-08-31T18:55:57.850+0000] {logging_mixin.py:190} INFO - [2025-08-31T18:55:57.850+0000] {dag.py:3239} INFO - Sync 1 DAGs
[2025-08-31T18:55:57.862+0000] {logging_mixin.py:190} INFO - [2025-08-31T18:55:57.862+0000] {dag.py:4180} INFO - Setting next_dagrun for example_sensor_decorator to None, run_after=None
[2025-08-31T18:55:57.884+0000] {processor.py:208} INFO - Processing /home/krishnaformeera/Sumitomo/datapipeline/venv/lib/python3.11/site-packages/airflow/example_dags/example_sensor_decorator.py took 0.068 seconds
[2025-08-31T18:56:52.105+0000] {processor.py:186} INFO - Started process (PID=8690) to work on /home/krishnaformeera/Sumitomo/datapipeline/venv/lib/python3.11/site-packages/airflow/example_dags/example_sensor_decorator.py
[2025-08-31T18:56:52.106+0000] {processor.py:914} INFO - Processing file /home/krishnaformeera/Sumitomo/datapipeline/venv/lib/python3.11/site-packages/airflow/example_dags/example_sensor_decorator.py for tasks to queue
[2025-08-31T18:56:52.109+0000] {logging_mixin.py:190} INFO - [2025-08-31T18:56:52.108+0000] {dagbag.py:588} INFO - Filling up the DagBag from /home/krishnaformeera/Sumitomo/datapipeline/venv/lib/python3.11/site-packages/airflow/example_dags/example_sensor_decorator.py
[2025-08-31T18:56:52.118+0000] {processor.py:925} INFO - DAG(s) 'example_sensor_decorator' retrieved from /home/krishnaformeera/Sumitomo/datapipeline/venv/lib/python3.11/site-packages/airflow/example_dags/example_sensor_decorator.py
[2025-08-31T18:56:52.133+0000] {logging_mixin.py:190} INFO - [2025-08-31T18:56:52.133+0000] {dag.py:3239} INFO - Sync 1 DAGs
[2025-08-31T18:56:52.146+0000] {logging_mixin.py:190} INFO - [2025-08-31T18:56:52.145+0000] {dag.py:4180} INFO - Setting next_dagrun for example_sensor_decorator to None, run_after=None
[2025-08-31T18:56:52.168+0000] {processor.py:208} INFO - Processing /home/krishnaformeera/Sumitomo/datapipeline/venv/lib/python3.11/site-packages/airflow/example_dags/example_sensor_decorator.py took 0.070 seconds
[2025-08-31T18:57:46.193+0000] {processor.py:186} INFO - Started process (PID=8744) to work on /home/krishnaformeera/Sumitomo/datapipeline/venv/lib/python3.11/site-packages/airflow/example_dags/example_sensor_decorator.py
[2025-08-31T18:57:46.194+0000] {processor.py:914} INFO - Processing file /home/krishnaformeera/Sumitomo/datapipeline/venv/lib/python3.11/site-packages/airflow/example_dags/example_sensor_decorator.py for tasks to queue
[2025-08-31T18:57:46.196+0000] {logging_mixin.py:190} INFO - [2025-08-31T18:57:46.195+0000] {dagbag.py:588} INFO - Filling up the DagBag from /home/krishnaformeera/Sumitomo/datapipeline/venv/lib/python3.11/site-packages/airflow/example_dags/example_sensor_decorator.py
[2025-08-31T18:57:46.205+0000] {processor.py:925} INFO - DAG(s) 'example_sensor_decorator' retrieved from /home/krishnaformeera/Sumitomo/datapipeline/venv/lib/python3.11/site-packages/airflow/example_dags/example_sensor_decorator.py
[2025-08-31T18:57:46.220+0000] {logging_mixin.py:190} INFO - [2025-08-31T18:57:46.220+0000] {dag.py:3239} INFO - Sync 1 DAGs
[2025-08-31T18:57:46.231+0000] {logging_mixin.py:190} INFO - [2025-08-31T18:57:46.231+0000] {dag.py:4180} INFO - Setting next_dagrun for example_sensor_decorator to None, run_after=None
[2025-08-31T18:57:46.253+0000] {processor.py:208} INFO - Processing /home/krishnaformeera/Sumitomo/datapipeline/venv/lib/python3.11/site-packages/airflow/example_dags/example_sensor_decorator.py took 0.067 seconds
[2025-08-31T18:58:37.691+0000] {processor.py:186} INFO - Started process (PID=8797) to work on /home/krishnaformeera/Sumitomo/datapipeline/venv/lib/python3.11/site-packages/airflow/example_dags/example_sensor_decorator.py
[2025-08-31T18:58:37.692+0000] {processor.py:914} INFO - Processing file /home/krishnaformeera/Sumitomo/datapipeline/venv/lib/python3.11/site-packages/airflow/example_dags/example_sensor_decorator.py for tasks to queue
[2025-08-31T18:58:37.694+0000] {logging_mixin.py:190} INFO - [2025-08-31T18:58:37.694+0000] {dagbag.py:588} INFO - Filling up the DagBag from /home/krishnaformeera/Sumitomo/datapipeline/venv/lib/python3.11/site-packages/airflow/example_dags/example_sensor_decorator.py
[2025-08-31T18:58:37.705+0000] {processor.py:925} INFO - DAG(s) 'example_sensor_decorator' retrieved from /home/krishnaformeera/Sumitomo/datapipeline/venv/lib/python3.11/site-packages/airflow/example_dags/example_sensor_decorator.py
[2025-08-31T18:58:37.726+0000] {logging_mixin.py:190} INFO - [2025-08-31T18:58:37.725+0000] {dag.py:3239} INFO - Sync 1 DAGs
[2025-08-31T18:58:37.752+0000] {logging_mixin.py:190} INFO - [2025-08-31T18:58:37.752+0000] {dag.py:4180} INFO - Setting next_dagrun for example_sensor_decorator to None, run_after=None
[2025-08-31T18:58:37.792+0000] {processor.py:208} INFO - Processing /home/krishnaformeera/Sumitomo/datapipeline/venv/lib/python3.11/site-packages/airflow/example_dags/example_sensor_decorator.py took 0.108 seconds
