[2025-08-31T18:31:23.843+0000] {processor.py:186} INFO - Started process (PID=5262) to work on /home/krishnaformeera/Sumitomo/datapipeline/venv/lib/python3.11/site-packages/airflow/example_dags/example_dag_decorator.py
[2025-08-31T18:31:23.844+0000] {processor.py:914} INFO - Processing file /home/krishnaformeera/Sumitomo/datapipeline/venv/lib/python3.11/site-packages/airflow/example_dags/example_dag_decorator.py for tasks to queue
[2025-08-31T18:31:23.846+0000] {logging_mixin.py:190} INFO - [2025-08-31T18:31:23.846+0000] {dagbag.py:588} INFO - Filling up the DagBag from /home/krishnaformeera/Sumitomo/datapipeline/venv/lib/python3.11/site-packages/airflow/example_dags/example_dag_decorator.py
[2025-08-31T18:31:23.858+0000] {processor.py:925} INFO - DAG(s) 'example_dag_decorator' retrieved from /home/krishnaformeera/Sumitomo/datapipeline/venv/lib/python3.11/site-packages/airflow/example_dags/example_dag_decorator.py
[2025-08-31T18:31:23.949+0000] {logging_mixin.py:190} INFO - [2025-08-31T18:31:23.949+0000] {override.py:1900} INFO - Created Permission View: can edit on DAG:example_dag_decorator
[2025-08-31T18:31:23.961+0000] {logging_mixin.py:190} INFO - [2025-08-31T18:31:23.961+0000] {override.py:1900} INFO - Created Permission View: can read on DAG:example_dag_decorator
[2025-08-31T18:31:23.971+0000] {logging_mixin.py:190} INFO - [2025-08-31T18:31:23.971+0000] {override.py:1900} INFO - Created Permission View: can delete on DAG:example_dag_decorator
[2025-08-31T18:31:23.987+0000] {logging_mixin.py:190} INFO - [2025-08-31T18:31:23.986+0000] {override.py:1900} INFO - Created Permission View: menu access on DAG Run:example_dag_decorator
[2025-08-31T18:31:23.995+0000] {logging_mixin.py:190} INFO - [2025-08-31T18:31:23.995+0000] {override.py:1900} INFO - Created Permission View: can read on DAG Run:example_dag_decorator
[2025-08-31T18:31:24.004+0000] {logging_mixin.py:190} INFO - [2025-08-31T18:31:24.003+0000] {override.py:1900} INFO - Created Permission View: can create on DAG Run:example_dag_decorator
[2025-08-31T18:31:24.014+0000] {logging_mixin.py:190} INFO - [2025-08-31T18:31:24.013+0000] {override.py:1900} INFO - Created Permission View: can delete on DAG Run:example_dag_decorator
[2025-08-31T18:31:24.014+0000] {logging_mixin.py:190} INFO - [2025-08-31T18:31:24.014+0000] {dag.py:3239} INFO - Sync 1 DAGs
[2025-08-31T18:31:24.025+0000] {logging_mixin.py:190} INFO - [2025-08-31T18:31:24.025+0000] {dag.py:3262} INFO - Creating ORM DAG for example_dag_decorator
[2025-08-31T18:31:24.025+0000] {logging_mixin.py:190} INFO - [2025-08-31T18:31:24.025+0000] {dag.py:4180} INFO - Setting next_dagrun for example_dag_decorator to None, run_after=None
[2025-08-31T18:31:24.044+0000] {processor.py:208} INFO - Processing /home/krishnaformeera/Sumitomo/datapipeline/venv/lib/python3.11/site-packages/airflow/example_dags/example_dag_decorator.py took 0.208 seconds
[2025-08-31T18:32:26.415+0000] {processor.py:186} INFO - Started process (PID=5322) to work on /home/krishnaformeera/Sumitomo/datapipeline/venv/lib/python3.11/site-packages/airflow/example_dags/example_dag_decorator.py
[2025-08-31T18:32:26.416+0000] {processor.py:914} INFO - Processing file /home/krishnaformeera/Sumitomo/datapipeline/venv/lib/python3.11/site-packages/airflow/example_dags/example_dag_decorator.py for tasks to queue
[2025-08-31T18:32:26.418+0000] {logging_mixin.py:190} INFO - [2025-08-31T18:32:26.418+0000] {dagbag.py:588} INFO - Filling up the DagBag from /home/krishnaformeera/Sumitomo/datapipeline/venv/lib/python3.11/site-packages/airflow/example_dags/example_dag_decorator.py
[2025-08-31T18:32:26.432+0000] {processor.py:925} INFO - DAG(s) 'example_dag_decorator' retrieved from /home/krishnaformeera/Sumitomo/datapipeline/venv/lib/python3.11/site-packages/airflow/example_dags/example_dag_decorator.py
[2025-08-31T18:32:26.608+0000] {logging_mixin.py:190} INFO - [2025-08-31T18:32:26.608+0000] {dag.py:3239} INFO - Sync 1 DAGs
[2025-08-31T18:32:26.616+0000] {logging_mixin.py:190} INFO - [2025-08-31T18:32:26.616+0000] {dag.py:4180} INFO - Setting next_dagrun for example_dag_decorator to None, run_after=None
[2025-08-31T18:32:26.637+0000] {processor.py:208} INFO - Processing /home/krishnaformeera/Sumitomo/datapipeline/venv/lib/python3.11/site-packages/airflow/example_dags/example_dag_decorator.py took 0.229 seconds
[2025-08-31T18:33:20.639+0000] {processor.py:186} INFO - Started process (PID=5378) to work on /home/krishnaformeera/Sumitomo/datapipeline/venv/lib/python3.11/site-packages/airflow/example_dags/example_dag_decorator.py
[2025-08-31T18:33:20.640+0000] {processor.py:914} INFO - Processing file /home/krishnaformeera/Sumitomo/datapipeline/venv/lib/python3.11/site-packages/airflow/example_dags/example_dag_decorator.py for tasks to queue
[2025-08-31T18:33:20.642+0000] {logging_mixin.py:190} INFO - [2025-08-31T18:33:20.642+0000] {dagbag.py:588} INFO - Filling up the DagBag from /home/krishnaformeera/Sumitomo/datapipeline/venv/lib/python3.11/site-packages/airflow/example_dags/example_dag_decorator.py
[2025-08-31T18:33:20.654+0000] {processor.py:925} INFO - DAG(s) 'example_dag_decorator' retrieved from /home/krishnaformeera/Sumitomo/datapipeline/venv/lib/python3.11/site-packages/airflow/example_dags/example_dag_decorator.py
[2025-08-31T18:33:20.821+0000] {logging_mixin.py:190} INFO - [2025-08-31T18:33:20.821+0000] {dag.py:3239} INFO - Sync 1 DAGs
[2025-08-31T18:33:20.829+0000] {logging_mixin.py:190} INFO - [2025-08-31T18:33:20.828+0000] {dag.py:4180} INFO - Setting next_dagrun for example_dag_decorator to None, run_after=None
[2025-08-31T18:33:20.848+0000] {processor.py:208} INFO - Processing /home/krishnaformeera/Sumitomo/datapipeline/venv/lib/python3.11/site-packages/airflow/example_dags/example_dag_decorator.py took 0.215 seconds
[2025-08-31T18:34:17.917+0000] {processor.py:186} INFO - Started process (PID=5435) to work on /home/krishnaformeera/Sumitomo/datapipeline/venv/lib/python3.11/site-packages/airflow/example_dags/example_dag_decorator.py
[2025-08-31T18:34:17.919+0000] {processor.py:914} INFO - Processing file /home/krishnaformeera/Sumitomo/datapipeline/venv/lib/python3.11/site-packages/airflow/example_dags/example_dag_decorator.py for tasks to queue
[2025-08-31T18:34:17.921+0000] {logging_mixin.py:190} INFO - [2025-08-31T18:34:17.921+0000] {dagbag.py:588} INFO - Filling up the DagBag from /home/krishnaformeera/Sumitomo/datapipeline/venv/lib/python3.11/site-packages/airflow/example_dags/example_dag_decorator.py
[2025-08-31T18:34:17.935+0000] {processor.py:925} INFO - DAG(s) 'example_dag_decorator' retrieved from /home/krishnaformeera/Sumitomo/datapipeline/venv/lib/python3.11/site-packages/airflow/example_dags/example_dag_decorator.py
[2025-08-31T18:34:18.029+0000] {logging_mixin.py:190} INFO - [2025-08-31T18:34:18.029+0000] {dag.py:3239} INFO - Sync 1 DAGs
[2025-08-31T18:34:18.039+0000] {logging_mixin.py:190} INFO - [2025-08-31T18:34:18.039+0000] {dag.py:4180} INFO - Setting next_dagrun for example_dag_decorator to None, run_after=None
[2025-08-31T18:34:18.059+0000] {processor.py:208} INFO - Processing /home/krishnaformeera/Sumitomo/datapipeline/venv/lib/python3.11/site-packages/airflow/example_dags/example_dag_decorator.py took 0.149 seconds
[2025-08-31T18:35:12.305+0000] {processor.py:186} INFO - Started process (PID=5490) to work on /home/krishnaformeera/Sumitomo/datapipeline/venv/lib/python3.11/site-packages/airflow/example_dags/example_dag_decorator.py
[2025-08-31T18:35:12.306+0000] {processor.py:914} INFO - Processing file /home/krishnaformeera/Sumitomo/datapipeline/venv/lib/python3.11/site-packages/airflow/example_dags/example_dag_decorator.py for tasks to queue
[2025-08-31T18:35:12.309+0000] {logging_mixin.py:190} INFO - [2025-08-31T18:35:12.308+0000] {dagbag.py:588} INFO - Filling up the DagBag from /home/krishnaformeera/Sumitomo/datapipeline/venv/lib/python3.11/site-packages/airflow/example_dags/example_dag_decorator.py
[2025-08-31T18:35:12.323+0000] {processor.py:925} INFO - DAG(s) 'example_dag_decorator' retrieved from /home/krishnaformeera/Sumitomo/datapipeline/venv/lib/python3.11/site-packages/airflow/example_dags/example_dag_decorator.py
[2025-08-31T18:35:12.420+0000] {logging_mixin.py:190} INFO - [2025-08-31T18:35:12.420+0000] {dag.py:3239} INFO - Sync 1 DAGs
[2025-08-31T18:35:12.429+0000] {logging_mixin.py:190} INFO - [2025-08-31T18:35:12.429+0000] {dag.py:4180} INFO - Setting next_dagrun for example_dag_decorator to None, run_after=None
[2025-08-31T18:35:12.449+0000] {processor.py:208} INFO - Processing /home/krishnaformeera/Sumitomo/datapipeline/venv/lib/python3.11/site-packages/airflow/example_dags/example_dag_decorator.py took 0.151 seconds
[2025-08-31T18:36:27.370+0000] {processor.py:186} INFO - Started process (PID=5593) to work on /home/krishnaformeera/Sumitomo/datapipeline/venv/lib/python3.11/site-packages/airflow/example_dags/example_dag_decorator.py
[2025-08-31T18:36:27.371+0000] {processor.py:914} INFO - Processing file /home/krishnaformeera/Sumitomo/datapipeline/venv/lib/python3.11/site-packages/airflow/example_dags/example_dag_decorator.py for tasks to queue
[2025-08-31T18:36:27.373+0000] {logging_mixin.py:190} INFO - [2025-08-31T18:36:27.373+0000] {dagbag.py:588} INFO - Filling up the DagBag from /home/krishnaformeera/Sumitomo/datapipeline/venv/lib/python3.11/site-packages/airflow/example_dags/example_dag_decorator.py
[2025-08-31T18:36:27.385+0000] {processor.py:925} INFO - DAG(s) 'example_dag_decorator' retrieved from /home/krishnaformeera/Sumitomo/datapipeline/venv/lib/python3.11/site-packages/airflow/example_dags/example_dag_decorator.py
[2025-08-31T18:36:27.468+0000] {logging_mixin.py:190} INFO - [2025-08-31T18:36:27.468+0000] {dag.py:3239} INFO - Sync 1 DAGs
[2025-08-31T18:36:27.477+0000] {logging_mixin.py:190} INFO - [2025-08-31T18:36:27.477+0000] {dag.py:4180} INFO - Setting next_dagrun for example_dag_decorator to None, run_after=None
[2025-08-31T18:36:27.497+0000] {processor.py:208} INFO - Processing /home/krishnaformeera/Sumitomo/datapipeline/venv/lib/python3.11/site-packages/airflow/example_dags/example_dag_decorator.py took 0.133 seconds
[2025-08-31T18:37:43.123+0000] {processor.py:186} INFO - Started process (PID=5670) to work on /home/krishnaformeera/Sumitomo/datapipeline/venv/lib/python3.11/site-packages/airflow/example_dags/example_dag_decorator.py
[2025-08-31T18:37:43.124+0000] {processor.py:914} INFO - Processing file /home/krishnaformeera/Sumitomo/datapipeline/venv/lib/python3.11/site-packages/airflow/example_dags/example_dag_decorator.py for tasks to queue
[2025-08-31T18:37:43.126+0000] {logging_mixin.py:190} INFO - [2025-08-31T18:37:43.126+0000] {dagbag.py:588} INFO - Filling up the DagBag from /home/krishnaformeera/Sumitomo/datapipeline/venv/lib/python3.11/site-packages/airflow/example_dags/example_dag_decorator.py
[2025-08-31T18:37:43.138+0000] {processor.py:925} INFO - DAG(s) 'example_dag_decorator' retrieved from /home/krishnaformeera/Sumitomo/datapipeline/venv/lib/python3.11/site-packages/airflow/example_dags/example_dag_decorator.py
[2025-08-31T18:37:43.242+0000] {logging_mixin.py:190} INFO - [2025-08-31T18:37:43.242+0000] {dag.py:3239} INFO - Sync 1 DAGs
[2025-08-31T18:37:43.252+0000] {logging_mixin.py:190} INFO - [2025-08-31T18:37:43.251+0000] {dag.py:4180} INFO - Setting next_dagrun for example_dag_decorator to None, run_after=None
[2025-08-31T18:37:43.273+0000] {processor.py:208} INFO - Processing /home/krishnaformeera/Sumitomo/datapipeline/venv/lib/python3.11/site-packages/airflow/example_dags/example_dag_decorator.py took 0.156 seconds
[2025-08-31T18:40:33.419+0000] {processor.py:186} INFO - Started process (PID=6217) to work on /home/krishnaformeera/Sumitomo/datapipeline/venv/lib/python3.11/site-packages/airflow/example_dags/example_dag_decorator.py
[2025-08-31T18:40:33.420+0000] {processor.py:914} INFO - Processing file /home/krishnaformeera/Sumitomo/datapipeline/venv/lib/python3.11/site-packages/airflow/example_dags/example_dag_decorator.py for tasks to queue
[2025-08-31T18:40:33.422+0000] {logging_mixin.py:190} INFO - [2025-08-31T18:40:33.422+0000] {dagbag.py:588} INFO - Filling up the DagBag from /home/krishnaformeera/Sumitomo/datapipeline/venv/lib/python3.11/site-packages/airflow/example_dags/example_dag_decorator.py
[2025-08-31T18:40:33.434+0000] {processor.py:925} INFO - DAG(s) 'example_dag_decorator' retrieved from /home/krishnaformeera/Sumitomo/datapipeline/venv/lib/python3.11/site-packages/airflow/example_dags/example_dag_decorator.py
[2025-08-31T18:40:33.524+0000] {logging_mixin.py:190} INFO - [2025-08-31T18:40:33.523+0000] {dag.py:3239} INFO - Sync 1 DAGs
[2025-08-31T18:40:33.534+0000] {logging_mixin.py:190} INFO - [2025-08-31T18:40:33.534+0000] {dag.py:4180} INFO - Setting next_dagrun for example_dag_decorator to None, run_after=None
[2025-08-31T18:40:33.556+0000] {processor.py:208} INFO - Processing /home/krishnaformeera/Sumitomo/datapipeline/venv/lib/python3.11/site-packages/airflow/example_dags/example_dag_decorator.py took 0.144 seconds
[2025-08-31T18:41:27.338+0000] {processor.py:186} INFO - Started process (PID=6419) to work on /home/krishnaformeera/Sumitomo/datapipeline/venv/lib/python3.11/site-packages/airflow/example_dags/example_dag_decorator.py
[2025-08-31T18:41:27.339+0000] {processor.py:914} INFO - Processing file /home/krishnaformeera/Sumitomo/datapipeline/venv/lib/python3.11/site-packages/airflow/example_dags/example_dag_decorator.py for tasks to queue
[2025-08-31T18:41:27.341+0000] {logging_mixin.py:190} INFO - [2025-08-31T18:41:27.341+0000] {dagbag.py:588} INFO - Filling up the DagBag from /home/krishnaformeera/Sumitomo/datapipeline/venv/lib/python3.11/site-packages/airflow/example_dags/example_dag_decorator.py
[2025-08-31T18:41:27.353+0000] {processor.py:925} INFO - DAG(s) 'example_dag_decorator' retrieved from /home/krishnaformeera/Sumitomo/datapipeline/venv/lib/python3.11/site-packages/airflow/example_dags/example_dag_decorator.py
[2025-08-31T18:41:27.584+0000] {logging_mixin.py:190} INFO - [2025-08-31T18:41:27.584+0000] {dag.py:3239} INFO - Sync 1 DAGs
[2025-08-31T18:41:27.592+0000] {logging_mixin.py:190} INFO - [2025-08-31T18:41:27.592+0000] {dag.py:4180} INFO - Setting next_dagrun for example_dag_decorator to None, run_after=None
[2025-08-31T18:41:27.610+0000] {processor.py:208} INFO - Processing /home/krishnaformeera/Sumitomo/datapipeline/venv/lib/python3.11/site-packages/airflow/example_dags/example_dag_decorator.py took 0.281 seconds
[2025-08-31T18:42:26.027+0000] {processor.py:186} INFO - Started process (PID=6585) to work on /home/krishnaformeera/Sumitomo/datapipeline/venv/lib/python3.11/site-packages/airflow/example_dags/example_dag_decorator.py
[2025-08-31T18:42:26.028+0000] {processor.py:914} INFO - Processing file /home/krishnaformeera/Sumitomo/datapipeline/venv/lib/python3.11/site-packages/airflow/example_dags/example_dag_decorator.py for tasks to queue
[2025-08-31T18:42:26.030+0000] {logging_mixin.py:190} INFO - [2025-08-31T18:42:26.030+0000] {dagbag.py:588} INFO - Filling up the DagBag from /home/krishnaformeera/Sumitomo/datapipeline/venv/lib/python3.11/site-packages/airflow/example_dags/example_dag_decorator.py
[2025-08-31T18:42:26.042+0000] {processor.py:925} INFO - DAG(s) 'example_dag_decorator' retrieved from /home/krishnaformeera/Sumitomo/datapipeline/venv/lib/python3.11/site-packages/airflow/example_dags/example_dag_decorator.py
[2025-08-31T18:42:26.060+0000] {logging_mixin.py:190} INFO - [2025-08-31T18:42:26.060+0000] {dag.py:3239} INFO - Sync 1 DAGs
[2025-08-31T18:42:26.162+0000] {logging_mixin.py:190} INFO - [2025-08-31T18:42:26.162+0000] {dag.py:4180} INFO - Setting next_dagrun for example_dag_decorator to None, run_after=None
[2025-08-31T18:42:26.181+0000] {processor.py:208} INFO - Processing /home/krishnaformeera/Sumitomo/datapipeline/venv/lib/python3.11/site-packages/airflow/example_dags/example_dag_decorator.py took 0.160 seconds
[2025-08-31T18:43:25.973+0000] {processor.py:186} INFO - Started process (PID=6841) to work on /home/krishnaformeera/Sumitomo/datapipeline/venv/lib/python3.11/site-packages/airflow/example_dags/example_dag_decorator.py
[2025-08-31T18:43:25.974+0000] {processor.py:914} INFO - Processing file /home/krishnaformeera/Sumitomo/datapipeline/venv/lib/python3.11/site-packages/airflow/example_dags/example_dag_decorator.py for tasks to queue
[2025-08-31T18:43:25.976+0000] {logging_mixin.py:190} INFO - [2025-08-31T18:43:25.976+0000] {dagbag.py:588} INFO - Filling up the DagBag from /home/krishnaformeera/Sumitomo/datapipeline/venv/lib/python3.11/site-packages/airflow/example_dags/example_dag_decorator.py
[2025-08-31T18:43:25.988+0000] {processor.py:925} INFO - DAG(s) 'example_dag_decorator' retrieved from /home/krishnaformeera/Sumitomo/datapipeline/venv/lib/python3.11/site-packages/airflow/example_dags/example_dag_decorator.py
[2025-08-31T18:43:26.074+0000] {logging_mixin.py:190} INFO - [2025-08-31T18:43:26.073+0000] {dag.py:3239} INFO - Sync 1 DAGs
[2025-08-31T18:43:26.084+0000] {logging_mixin.py:190} INFO - [2025-08-31T18:43:26.084+0000] {dag.py:4180} INFO - Setting next_dagrun for example_dag_decorator to None, run_after=None
[2025-08-31T18:43:26.105+0000] {processor.py:208} INFO - Processing /home/krishnaformeera/Sumitomo/datapipeline/venv/lib/python3.11/site-packages/airflow/example_dags/example_dag_decorator.py took 0.138 seconds
[2025-08-31T18:44:20.107+0000] {processor.py:186} INFO - Started process (PID=7069) to work on /home/krishnaformeera/Sumitomo/datapipeline/venv/lib/python3.11/site-packages/airflow/example_dags/example_dag_decorator.py
[2025-08-31T18:44:20.108+0000] {processor.py:914} INFO - Processing file /home/krishnaformeera/Sumitomo/datapipeline/venv/lib/python3.11/site-packages/airflow/example_dags/example_dag_decorator.py for tasks to queue
[2025-08-31T18:44:20.110+0000] {logging_mixin.py:190} INFO - [2025-08-31T18:44:20.109+0000] {dagbag.py:588} INFO - Filling up the DagBag from /home/krishnaformeera/Sumitomo/datapipeline/venv/lib/python3.11/site-packages/airflow/example_dags/example_dag_decorator.py
[2025-08-31T18:44:20.122+0000] {processor.py:925} INFO - DAG(s) 'example_dag_decorator' retrieved from /home/krishnaformeera/Sumitomo/datapipeline/venv/lib/python3.11/site-packages/airflow/example_dags/example_dag_decorator.py
[2025-08-31T18:44:20.139+0000] {logging_mixin.py:190} INFO - [2025-08-31T18:44:20.139+0000] {dag.py:3239} INFO - Sync 1 DAGs
[2025-08-31T18:44:20.150+0000] {logging_mixin.py:190} INFO - [2025-08-31T18:44:20.150+0000] {dag.py:4180} INFO - Setting next_dagrun for example_dag_decorator to None, run_after=None
[2025-08-31T18:44:20.175+0000] {processor.py:208} INFO - Processing /home/krishnaformeera/Sumitomo/datapipeline/venv/lib/python3.11/site-packages/airflow/example_dags/example_dag_decorator.py took 0.075 seconds
[2025-08-31T18:45:36.363+0000] {processor.py:186} INFO - Started process (PID=7416) to work on /home/krishnaformeera/Sumitomo/datapipeline/venv/lib/python3.11/site-packages/airflow/example_dags/example_dag_decorator.py
[2025-08-31T18:45:36.365+0000] {processor.py:914} INFO - Processing file /home/krishnaformeera/Sumitomo/datapipeline/venv/lib/python3.11/site-packages/airflow/example_dags/example_dag_decorator.py for tasks to queue
[2025-08-31T18:45:36.369+0000] {logging_mixin.py:190} INFO - [2025-08-31T18:45:36.368+0000] {dagbag.py:588} INFO - Filling up the DagBag from /home/krishnaformeera/Sumitomo/datapipeline/venv/lib/python3.11/site-packages/airflow/example_dags/example_dag_decorator.py
[2025-08-31T18:45:36.389+0000] {processor.py:925} INFO - DAG(s) 'example_dag_decorator' retrieved from /home/krishnaformeera/Sumitomo/datapipeline/venv/lib/python3.11/site-packages/airflow/example_dags/example_dag_decorator.py
[2025-08-31T18:45:36.488+0000] {logging_mixin.py:190} INFO - [2025-08-31T18:45:36.487+0000] {dag.py:3239} INFO - Sync 1 DAGs
[2025-08-31T18:45:36.497+0000] {logging_mixin.py:190} INFO - [2025-08-31T18:45:36.497+0000] {dag.py:4180} INFO - Setting next_dagrun for example_dag_decorator to None, run_after=None
[2025-08-31T18:45:36.517+0000] {processor.py:208} INFO - Processing /home/krishnaformeera/Sumitomo/datapipeline/venv/lib/python3.11/site-packages/airflow/example_dags/example_dag_decorator.py took 0.165 seconds
[2025-08-31T18:46:51.904+0000] {processor.py:186} INFO - Started process (PID=7758) to work on /home/krishnaformeera/Sumitomo/datapipeline/venv/lib/python3.11/site-packages/airflow/example_dags/example_dag_decorator.py
[2025-08-31T18:46:51.907+0000] {processor.py:914} INFO - Processing file /home/krishnaformeera/Sumitomo/datapipeline/venv/lib/python3.11/site-packages/airflow/example_dags/example_dag_decorator.py for tasks to queue
[2025-08-31T18:46:51.910+0000] {logging_mixin.py:190} INFO - [2025-08-31T18:46:51.909+0000] {dagbag.py:588} INFO - Filling up the DagBag from /home/krishnaformeera/Sumitomo/datapipeline/venv/lib/python3.11/site-packages/airflow/example_dags/example_dag_decorator.py
[2025-08-31T18:46:51.923+0000] {processor.py:925} INFO - DAG(s) 'example_dag_decorator' retrieved from /home/krishnaformeera/Sumitomo/datapipeline/venv/lib/python3.11/site-packages/airflow/example_dags/example_dag_decorator.py
[2025-08-31T18:46:52.012+0000] {logging_mixin.py:190} INFO - [2025-08-31T18:46:52.011+0000] {dag.py:3239} INFO - Sync 1 DAGs
[2025-08-31T18:46:52.022+0000] {logging_mixin.py:190} INFO - [2025-08-31T18:46:52.022+0000] {dag.py:4180} INFO - Setting next_dagrun for example_dag_decorator to None, run_after=None
[2025-08-31T18:46:52.045+0000] {processor.py:208} INFO - Processing /home/krishnaformeera/Sumitomo/datapipeline/venv/lib/python3.11/site-packages/airflow/example_dags/example_dag_decorator.py took 0.148 seconds
[2025-08-31T18:47:44.584+0000] {processor.py:186} INFO - Started process (PID=7815) to work on /home/krishnaformeera/Sumitomo/datapipeline/venv/lib/python3.11/site-packages/airflow/example_dags/example_dag_decorator.py
[2025-08-31T18:47:44.585+0000] {processor.py:914} INFO - Processing file /home/krishnaformeera/Sumitomo/datapipeline/venv/lib/python3.11/site-packages/airflow/example_dags/example_dag_decorator.py for tasks to queue
[2025-08-31T18:47:44.588+0000] {logging_mixin.py:190} INFO - [2025-08-31T18:47:44.587+0000] {dagbag.py:588} INFO - Filling up the DagBag from /home/krishnaformeera/Sumitomo/datapipeline/venv/lib/python3.11/site-packages/airflow/example_dags/example_dag_decorator.py
[2025-08-31T18:47:44.603+0000] {processor.py:925} INFO - DAG(s) 'example_dag_decorator' retrieved from /home/krishnaformeera/Sumitomo/datapipeline/venv/lib/python3.11/site-packages/airflow/example_dags/example_dag_decorator.py
[2025-08-31T18:47:44.714+0000] {logging_mixin.py:190} INFO - [2025-08-31T18:47:44.713+0000] {dag.py:3239} INFO - Sync 1 DAGs
[2025-08-31T18:47:44.727+0000] {logging_mixin.py:190} INFO - [2025-08-31T18:47:44.727+0000] {dag.py:4180} INFO - Setting next_dagrun for example_dag_decorator to None, run_after=None
[2025-08-31T18:47:44.757+0000] {processor.py:208} INFO - Processing /home/krishnaformeera/Sumitomo/datapipeline/venv/lib/python3.11/site-packages/airflow/example_dags/example_dag_decorator.py took 0.181 seconds
[2025-08-31T18:48:59.549+0000] {processor.py:186} INFO - Started process (PID=7897) to work on /home/krishnaformeera/Sumitomo/datapipeline/venv/lib/python3.11/site-packages/airflow/example_dags/example_dag_decorator.py
[2025-08-31T18:48:59.550+0000] {processor.py:914} INFO - Processing file /home/krishnaformeera/Sumitomo/datapipeline/venv/lib/python3.11/site-packages/airflow/example_dags/example_dag_decorator.py for tasks to queue
[2025-08-31T18:48:59.552+0000] {logging_mixin.py:190} INFO - [2025-08-31T18:48:59.552+0000] {dagbag.py:588} INFO - Filling up the DagBag from /home/krishnaformeera/Sumitomo/datapipeline/venv/lib/python3.11/site-packages/airflow/example_dags/example_dag_decorator.py
[2025-08-31T18:48:59.565+0000] {processor.py:925} INFO - DAG(s) 'example_dag_decorator' retrieved from /home/krishnaformeera/Sumitomo/datapipeline/venv/lib/python3.11/site-packages/airflow/example_dags/example_dag_decorator.py
[2025-08-31T18:48:59.648+0000] {logging_mixin.py:190} INFO - [2025-08-31T18:48:59.648+0000] {dag.py:3239} INFO - Sync 1 DAGs
[2025-08-31T18:48:59.657+0000] {logging_mixin.py:190} INFO - [2025-08-31T18:48:59.657+0000] {dag.py:4180} INFO - Setting next_dagrun for example_dag_decorator to None, run_after=None
[2025-08-31T18:48:59.678+0000] {processor.py:208} INFO - Processing /home/krishnaformeera/Sumitomo/datapipeline/venv/lib/python3.11/site-packages/airflow/example_dags/example_dag_decorator.py took 0.134 seconds
[2025-08-31T18:49:51.059+0000] {processor.py:186} INFO - Started process (PID=7965) to work on /home/krishnaformeera/Sumitomo/datapipeline/venv/lib/python3.11/site-packages/airflow/example_dags/example_dag_decorator.py
[2025-08-31T18:49:51.061+0000] {processor.py:914} INFO - Processing file /home/krishnaformeera/Sumitomo/datapipeline/venv/lib/python3.11/site-packages/airflow/example_dags/example_dag_decorator.py for tasks to queue
[2025-08-31T18:49:51.063+0000] {logging_mixin.py:190} INFO - [2025-08-31T18:49:51.062+0000] {dagbag.py:588} INFO - Filling up the DagBag from /home/krishnaformeera/Sumitomo/datapipeline/venv/lib/python3.11/site-packages/airflow/example_dags/example_dag_decorator.py
[2025-08-31T18:49:51.074+0000] {processor.py:925} INFO - DAG(s) 'example_dag_decorator' retrieved from /home/krishnaformeera/Sumitomo/datapipeline/venv/lib/python3.11/site-packages/airflow/example_dags/example_dag_decorator.py
[2025-08-31T18:49:51.156+0000] {logging_mixin.py:190} INFO - [2025-08-31T18:49:51.156+0000] {dag.py:3239} INFO - Sync 1 DAGs
[2025-08-31T18:49:51.169+0000] {logging_mixin.py:190} INFO - [2025-08-31T18:49:51.169+0000] {dag.py:4180} INFO - Setting next_dagrun for example_dag_decorator to None, run_after=None
[2025-08-31T18:49:51.197+0000] {processor.py:208} INFO - Processing /home/krishnaformeera/Sumitomo/datapipeline/venv/lib/python3.11/site-packages/airflow/example_dags/example_dag_decorator.py took 0.145 seconds
[2025-08-31T18:50:44.665+0000] {processor.py:186} INFO - Started process (PID=8079) to work on /home/krishnaformeera/Sumitomo/datapipeline/venv/lib/python3.11/site-packages/airflow/example_dags/example_dag_decorator.py
[2025-08-31T18:50:44.666+0000] {processor.py:914} INFO - Processing file /home/krishnaformeera/Sumitomo/datapipeline/venv/lib/python3.11/site-packages/airflow/example_dags/example_dag_decorator.py for tasks to queue
[2025-08-31T18:50:44.668+0000] {logging_mixin.py:190} INFO - [2025-08-31T18:50:44.668+0000] {dagbag.py:588} INFO - Filling up the DagBag from /home/krishnaformeera/Sumitomo/datapipeline/venv/lib/python3.11/site-packages/airflow/example_dags/example_dag_decorator.py
[2025-08-31T18:50:44.680+0000] {processor.py:925} INFO - DAG(s) 'example_dag_decorator' retrieved from /home/krishnaformeera/Sumitomo/datapipeline/venv/lib/python3.11/site-packages/airflow/example_dags/example_dag_decorator.py
[2025-08-31T18:50:44.764+0000] {logging_mixin.py:190} INFO - [2025-08-31T18:50:44.764+0000] {dag.py:3239} INFO - Sync 1 DAGs
[2025-08-31T18:50:44.773+0000] {logging_mixin.py:190} INFO - [2025-08-31T18:50:44.773+0000] {dag.py:4180} INFO - Setting next_dagrun for example_dag_decorator to None, run_after=None
[2025-08-31T18:50:44.794+0000] {processor.py:208} INFO - Processing /home/krishnaformeera/Sumitomo/datapipeline/venv/lib/python3.11/site-packages/airflow/example_dags/example_dag_decorator.py took 0.135 seconds
[2025-08-31T18:51:59.374+0000] {processor.py:186} INFO - Started process (PID=8189) to work on /home/krishnaformeera/Sumitomo/datapipeline/venv/lib/python3.11/site-packages/airflow/example_dags/example_dag_decorator.py
[2025-08-31T18:51:59.375+0000] {processor.py:914} INFO - Processing file /home/krishnaformeera/Sumitomo/datapipeline/venv/lib/python3.11/site-packages/airflow/example_dags/example_dag_decorator.py for tasks to queue
[2025-08-31T18:51:59.377+0000] {logging_mixin.py:190} INFO - [2025-08-31T18:51:59.377+0000] {dagbag.py:588} INFO - Filling up the DagBag from /home/krishnaformeera/Sumitomo/datapipeline/venv/lib/python3.11/site-packages/airflow/example_dags/example_dag_decorator.py
[2025-08-31T18:51:59.390+0000] {processor.py:925} INFO - DAG(s) 'example_dag_decorator' retrieved from /home/krishnaformeera/Sumitomo/datapipeline/venv/lib/python3.11/site-packages/airflow/example_dags/example_dag_decorator.py
[2025-08-31T18:51:59.484+0000] {logging_mixin.py:190} INFO - [2025-08-31T18:51:59.484+0000] {dag.py:3239} INFO - Sync 1 DAGs
[2025-08-31T18:51:59.500+0000] {logging_mixin.py:190} INFO - [2025-08-31T18:51:59.499+0000] {dag.py:4180} INFO - Setting next_dagrun for example_dag_decorator to None, run_after=None
[2025-08-31T18:51:59.531+0000] {processor.py:208} INFO - Processing /home/krishnaformeera/Sumitomo/datapipeline/venv/lib/python3.11/site-packages/airflow/example_dags/example_dag_decorator.py took 0.163 seconds
[2025-08-31T18:53:12.997+0000] {processor.py:186} INFO - Started process (PID=8283) to work on /home/krishnaformeera/Sumitomo/datapipeline/venv/lib/python3.11/site-packages/airflow/example_dags/example_dag_decorator.py
[2025-08-31T18:53:12.998+0000] {processor.py:914} INFO - Processing file /home/krishnaformeera/Sumitomo/datapipeline/venv/lib/python3.11/site-packages/airflow/example_dags/example_dag_decorator.py for tasks to queue
[2025-08-31T18:53:13.002+0000] {logging_mixin.py:190} INFO - [2025-08-31T18:53:13.001+0000] {dagbag.py:588} INFO - Filling up the DagBag from /home/krishnaformeera/Sumitomo/datapipeline/venv/lib/python3.11/site-packages/airflow/example_dags/example_dag_decorator.py
[2025-08-31T18:53:13.020+0000] {processor.py:925} INFO - DAG(s) 'example_dag_decorator' retrieved from /home/krishnaformeera/Sumitomo/datapipeline/venv/lib/python3.11/site-packages/airflow/example_dags/example_dag_decorator.py
[2025-08-31T18:53:13.164+0000] {logging_mixin.py:190} INFO - [2025-08-31T18:53:13.164+0000] {dag.py:3239} INFO - Sync 1 DAGs
[2025-08-31T18:53:13.179+0000] {logging_mixin.py:190} INFO - [2025-08-31T18:53:13.178+0000] {dag.py:4180} INFO - Setting next_dagrun for example_dag_decorator to None, run_after=None
[2025-08-31T18:53:13.212+0000] {processor.py:208} INFO - Processing /home/krishnaformeera/Sumitomo/datapipeline/venv/lib/python3.11/site-packages/airflow/example_dags/example_dag_decorator.py took 0.224 seconds
[2025-08-31T18:54:24.977+0000] {processor.py:186} INFO - Started process (PID=8502) to work on /home/krishnaformeera/Sumitomo/datapipeline/venv/lib/python3.11/site-packages/airflow/example_dags/example_dag_decorator.py
[2025-08-31T18:54:24.979+0000] {processor.py:914} INFO - Processing file /home/krishnaformeera/Sumitomo/datapipeline/venv/lib/python3.11/site-packages/airflow/example_dags/example_dag_decorator.py for tasks to queue
[2025-08-31T18:54:24.981+0000] {logging_mixin.py:190} INFO - [2025-08-31T18:54:24.980+0000] {dagbag.py:588} INFO - Filling up the DagBag from /home/krishnaformeera/Sumitomo/datapipeline/venv/lib/python3.11/site-packages/airflow/example_dags/example_dag_decorator.py
[2025-08-31T18:54:24.993+0000] {processor.py:925} INFO - DAG(s) 'example_dag_decorator' retrieved from /home/krishnaformeera/Sumitomo/datapipeline/venv/lib/python3.11/site-packages/airflow/example_dags/example_dag_decorator.py
[2025-08-31T18:54:25.087+0000] {logging_mixin.py:190} INFO - [2025-08-31T18:54:25.087+0000] {dag.py:3239} INFO - Sync 1 DAGs
[2025-08-31T18:54:25.099+0000] {logging_mixin.py:190} INFO - [2025-08-31T18:54:25.099+0000] {dag.py:4180} INFO - Setting next_dagrun for example_dag_decorator to None, run_after=None
[2025-08-31T18:54:25.121+0000] {processor.py:208} INFO - Processing /home/krishnaformeera/Sumitomo/datapipeline/venv/lib/python3.11/site-packages/airflow/example_dags/example_dag_decorator.py took 0.150 seconds
[2025-08-31T18:55:17.585+0000] {processor.py:186} INFO - Started process (PID=8582) to work on /home/krishnaformeera/Sumitomo/datapipeline/venv/lib/python3.11/site-packages/airflow/example_dags/example_dag_decorator.py
[2025-08-31T18:55:17.586+0000] {processor.py:914} INFO - Processing file /home/krishnaformeera/Sumitomo/datapipeline/venv/lib/python3.11/site-packages/airflow/example_dags/example_dag_decorator.py for tasks to queue
[2025-08-31T18:55:17.588+0000] {logging_mixin.py:190} INFO - [2025-08-31T18:55:17.588+0000] {dagbag.py:588} INFO - Filling up the DagBag from /home/krishnaformeera/Sumitomo/datapipeline/venv/lib/python3.11/site-packages/airflow/example_dags/example_dag_decorator.py
[2025-08-31T18:55:17.600+0000] {processor.py:925} INFO - DAG(s) 'example_dag_decorator' retrieved from /home/krishnaformeera/Sumitomo/datapipeline/venv/lib/python3.11/site-packages/airflow/example_dags/example_dag_decorator.py
[2025-08-31T18:55:17.685+0000] {logging_mixin.py:190} INFO - [2025-08-31T18:55:17.685+0000] {dag.py:3239} INFO - Sync 1 DAGs
[2025-08-31T18:55:17.695+0000] {logging_mixin.py:190} INFO - [2025-08-31T18:55:17.695+0000] {dag.py:4180} INFO - Setting next_dagrun for example_dag_decorator to None, run_after=None
[2025-08-31T18:55:17.721+0000] {processor.py:208} INFO - Processing /home/krishnaformeera/Sumitomo/datapipeline/venv/lib/python3.11/site-packages/airflow/example_dags/example_dag_decorator.py took 0.145 seconds
[2025-08-31T18:56:09.641+0000] {processor.py:186} INFO - Started process (PID=8634) to work on /home/krishnaformeera/Sumitomo/datapipeline/venv/lib/python3.11/site-packages/airflow/example_dags/example_dag_decorator.py
[2025-08-31T18:56:09.642+0000] {processor.py:914} INFO - Processing file /home/krishnaformeera/Sumitomo/datapipeline/venv/lib/python3.11/site-packages/airflow/example_dags/example_dag_decorator.py for tasks to queue
[2025-08-31T18:56:09.645+0000] {logging_mixin.py:190} INFO - [2025-08-31T18:56:09.644+0000] {dagbag.py:588} INFO - Filling up the DagBag from /home/krishnaformeera/Sumitomo/datapipeline/venv/lib/python3.11/site-packages/airflow/example_dags/example_dag_decorator.py
[2025-08-31T18:56:09.658+0000] {processor.py:925} INFO - DAG(s) 'example_dag_decorator' retrieved from /home/krishnaformeera/Sumitomo/datapipeline/venv/lib/python3.11/site-packages/airflow/example_dags/example_dag_decorator.py
[2025-08-31T18:56:09.753+0000] {logging_mixin.py:190} INFO - [2025-08-31T18:56:09.753+0000] {dag.py:3239} INFO - Sync 1 DAGs
[2025-08-31T18:56:09.763+0000] {logging_mixin.py:190} INFO - [2025-08-31T18:56:09.762+0000] {dag.py:4180} INFO - Setting next_dagrun for example_dag_decorator to None, run_after=None
[2025-08-31T18:56:09.784+0000] {processor.py:208} INFO - Processing /home/krishnaformeera/Sumitomo/datapipeline/venv/lib/python3.11/site-packages/airflow/example_dags/example_dag_decorator.py took 0.150 seconds
[2025-08-31T18:57:03.343+0000] {processor.py:186} INFO - Started process (PID=8702) to work on /home/krishnaformeera/Sumitomo/datapipeline/venv/lib/python3.11/site-packages/airflow/example_dags/example_dag_decorator.py
[2025-08-31T18:57:03.344+0000] {processor.py:914} INFO - Processing file /home/krishnaformeera/Sumitomo/datapipeline/venv/lib/python3.11/site-packages/airflow/example_dags/example_dag_decorator.py for tasks to queue
[2025-08-31T18:57:03.346+0000] {logging_mixin.py:190} INFO - [2025-08-31T18:57:03.346+0000] {dagbag.py:588} INFO - Filling up the DagBag from /home/krishnaformeera/Sumitomo/datapipeline/venv/lib/python3.11/site-packages/airflow/example_dags/example_dag_decorator.py
[2025-08-31T18:57:03.359+0000] {processor.py:925} INFO - DAG(s) 'example_dag_decorator' retrieved from /home/krishnaformeera/Sumitomo/datapipeline/venv/lib/python3.11/site-packages/airflow/example_dags/example_dag_decorator.py
[2025-08-31T18:57:03.379+0000] {logging_mixin.py:190} INFO - [2025-08-31T18:57:03.378+0000] {dag.py:3239} INFO - Sync 1 DAGs
[2025-08-31T18:57:03.391+0000] {logging_mixin.py:190} INFO - [2025-08-31T18:57:03.391+0000] {dag.py:4180} INFO - Setting next_dagrun for example_dag_decorator to None, run_after=None
[2025-08-31T18:57:03.412+0000] {processor.py:208} INFO - Processing /home/krishnaformeera/Sumitomo/datapipeline/venv/lib/python3.11/site-packages/airflow/example_dags/example_dag_decorator.py took 0.077 seconds
[2025-08-31T18:57:56.226+0000] {processor.py:186} INFO - Started process (PID=8756) to work on /home/krishnaformeera/Sumitomo/datapipeline/venv/lib/python3.11/site-packages/airflow/example_dags/example_dag_decorator.py
[2025-08-31T18:57:56.227+0000] {processor.py:914} INFO - Processing file /home/krishnaformeera/Sumitomo/datapipeline/venv/lib/python3.11/site-packages/airflow/example_dags/example_dag_decorator.py for tasks to queue
[2025-08-31T18:57:56.230+0000] {logging_mixin.py:190} INFO - [2025-08-31T18:57:56.229+0000] {dagbag.py:588} INFO - Filling up the DagBag from /home/krishnaformeera/Sumitomo/datapipeline/venv/lib/python3.11/site-packages/airflow/example_dags/example_dag_decorator.py
[2025-08-31T18:57:56.244+0000] {processor.py:925} INFO - DAG(s) 'example_dag_decorator' retrieved from /home/krishnaformeera/Sumitomo/datapipeline/venv/lib/python3.11/site-packages/airflow/example_dags/example_dag_decorator.py
[2025-08-31T18:57:56.263+0000] {logging_mixin.py:190} INFO - [2025-08-31T18:57:56.263+0000] {dag.py:3239} INFO - Sync 1 DAGs
[2025-08-31T18:57:56.276+0000] {logging_mixin.py:190} INFO - [2025-08-31T18:57:56.276+0000] {dag.py:4180} INFO - Setting next_dagrun for example_dag_decorator to None, run_after=None
[2025-08-31T18:57:56.301+0000] {processor.py:208} INFO - Processing /home/krishnaformeera/Sumitomo/datapipeline/venv/lib/python3.11/site-packages/airflow/example_dags/example_dag_decorator.py took 0.082 seconds
[2025-08-31T18:58:49.563+0000] {processor.py:186} INFO - Started process (PID=8810) to work on /home/krishnaformeera/Sumitomo/datapipeline/venv/lib/python3.11/site-packages/airflow/example_dags/example_dag_decorator.py
[2025-08-31T18:58:49.565+0000] {processor.py:914} INFO - Processing file /home/krishnaformeera/Sumitomo/datapipeline/venv/lib/python3.11/site-packages/airflow/example_dags/example_dag_decorator.py for tasks to queue
[2025-08-31T18:58:49.567+0000] {logging_mixin.py:190} INFO - [2025-08-31T18:58:49.566+0000] {dagbag.py:588} INFO - Filling up the DagBag from /home/krishnaformeera/Sumitomo/datapipeline/venv/lib/python3.11/site-packages/airflow/example_dags/example_dag_decorator.py
[2025-08-31T18:58:49.579+0000] {processor.py:925} INFO - DAG(s) 'example_dag_decorator' retrieved from /home/krishnaformeera/Sumitomo/datapipeline/venv/lib/python3.11/site-packages/airflow/example_dags/example_dag_decorator.py
[2025-08-31T18:58:49.598+0000] {logging_mixin.py:190} INFO - [2025-08-31T18:58:49.598+0000] {dag.py:3239} INFO - Sync 1 DAGs
[2025-08-31T18:58:49.610+0000] {logging_mixin.py:190} INFO - [2025-08-31T18:58:49.609+0000] {dag.py:4180} INFO - Setting next_dagrun for example_dag_decorator to None, run_after=None
[2025-08-31T18:58:49.634+0000] {processor.py:208} INFO - Processing /home/krishnaformeera/Sumitomo/datapipeline/venv/lib/python3.11/site-packages/airflow/example_dags/example_dag_decorator.py took 0.077 seconds
