[2025-08-31T18:30:58.610+0000] {processor.py:186} INFO - Started process (PID=5226) to work on /home/krishnaformeera/Sumitomo/datapipeline/venv/lib/python3.11/site-packages/airflow/example_dags/example_setup_teardown.py
[2025-08-31T18:30:58.611+0000] {processor.py:914} INFO - Processing file /home/krishnaformeera/Sumitomo/datapipeline/venv/lib/python3.11/site-packages/airflow/example_dags/example_setup_teardown.py for tasks to queue
[2025-08-31T18:30:58.613+0000] {logging_mixin.py:190} INFO - [2025-08-31T18:30:58.613+0000] {dagbag.py:588} INFO - Filling up the DagBag from /home/krishnaformeera/Sumitomo/datapipeline/venv/lib/python3.11/site-packages/airflow/example_dags/example_setup_teardown.py
[2025-08-31T18:30:58.622+0000] {processor.py:925} INFO - DAG(s) 'example_setup_teardown' retrieved from /home/krishnaformeera/Sumitomo/datapipeline/venv/lib/python3.11/site-packages/airflow/example_dags/example_setup_teardown.py
[2025-08-31T18:30:58.721+0000] {logging_mixin.py:190} INFO - [2025-08-31T18:30:58.720+0000] {override.py:1900} INFO - Created Permission View: can edit on DAG:example_setup_teardown
[2025-08-31T18:30:58.734+0000] {logging_mixin.py:190} INFO - [2025-08-31T18:30:58.734+0000] {override.py:1900} INFO - Created Permission View: can read on DAG:example_setup_teardown
[2025-08-31T18:30:58.744+0000] {logging_mixin.py:190} INFO - [2025-08-31T18:30:58.744+0000] {override.py:1900} INFO - Created Permission View: can delete on DAG:example_setup_teardown
[2025-08-31T18:30:58.758+0000] {logging_mixin.py:190} INFO - [2025-08-31T18:30:58.758+0000] {override.py:1900} INFO - Created Permission View: menu access on DAG Run:example_setup_teardown
[2025-08-31T18:30:58.767+0000] {logging_mixin.py:190} INFO - [2025-08-31T18:30:58.766+0000] {override.py:1900} INFO - Created Permission View: can read on DAG Run:example_setup_teardown
[2025-08-31T18:30:58.776+0000] {logging_mixin.py:190} INFO - [2025-08-31T18:30:58.775+0000] {override.py:1900} INFO - Created Permission View: can create on DAG Run:example_setup_teardown
[2025-08-31T18:30:58.785+0000] {logging_mixin.py:190} INFO - [2025-08-31T18:30:58.785+0000] {override.py:1900} INFO - Created Permission View: can delete on DAG Run:example_setup_teardown
[2025-08-31T18:30:58.785+0000] {logging_mixin.py:190} INFO - [2025-08-31T18:30:58.785+0000] {dag.py:3239} INFO - Sync 1 DAGs
[2025-08-31T18:30:58.798+0000] {logging_mixin.py:190} INFO - [2025-08-31T18:30:58.798+0000] {dag.py:3262} INFO - Creating ORM DAG for example_setup_teardown
[2025-08-31T18:30:58.799+0000] {logging_mixin.py:190} INFO - [2025-08-31T18:30:58.799+0000] {dag.py:4180} INFO - Setting next_dagrun for example_setup_teardown to None, run_after=None
[2025-08-31T18:30:58.819+0000] {processor.py:208} INFO - Processing /home/krishnaformeera/Sumitomo/datapipeline/venv/lib/python3.11/site-packages/airflow/example_dags/example_setup_teardown.py took 0.215 seconds
[2025-08-31T18:32:04.059+0000] {processor.py:186} INFO - Started process (PID=5298) to work on /home/krishnaformeera/Sumitomo/datapipeline/venv/lib/python3.11/site-packages/airflow/example_dags/example_setup_teardown.py
[2025-08-31T18:32:04.060+0000] {processor.py:914} INFO - Processing file /home/krishnaformeera/Sumitomo/datapipeline/venv/lib/python3.11/site-packages/airflow/example_dags/example_setup_teardown.py for tasks to queue
[2025-08-31T18:32:04.063+0000] {logging_mixin.py:190} INFO - [2025-08-31T18:32:04.062+0000] {dagbag.py:588} INFO - Filling up the DagBag from /home/krishnaformeera/Sumitomo/datapipeline/venv/lib/python3.11/site-packages/airflow/example_dags/example_setup_teardown.py
[2025-08-31T18:32:04.073+0000] {processor.py:925} INFO - DAG(s) 'example_setup_teardown' retrieved from /home/krishnaformeera/Sumitomo/datapipeline/venv/lib/python3.11/site-packages/airflow/example_dags/example_setup_teardown.py
[2025-08-31T18:32:04.092+0000] {logging_mixin.py:190} INFO - [2025-08-31T18:32:04.092+0000] {dag.py:3239} INFO - Sync 1 DAGs
[2025-08-31T18:32:04.106+0000] {logging_mixin.py:190} INFO - [2025-08-31T18:32:04.105+0000] {dag.py:4180} INFO - Setting next_dagrun for example_setup_teardown to None, run_after=None
[2025-08-31T18:32:04.130+0000] {processor.py:208} INFO - Processing /home/krishnaformeera/Sumitomo/datapipeline/venv/lib/python3.11/site-packages/airflow/example_dags/example_setup_teardown.py took 0.078 seconds
[2025-08-31T18:32:57.565+0000] {processor.py:186} INFO - Started process (PID=5355) to work on /home/krishnaformeera/Sumitomo/datapipeline/venv/lib/python3.11/site-packages/airflow/example_dags/example_setup_teardown.py
[2025-08-31T18:32:57.566+0000] {processor.py:914} INFO - Processing file /home/krishnaformeera/Sumitomo/datapipeline/venv/lib/python3.11/site-packages/airflow/example_dags/example_setup_teardown.py for tasks to queue
[2025-08-31T18:32:57.568+0000] {logging_mixin.py:190} INFO - [2025-08-31T18:32:57.568+0000] {dagbag.py:588} INFO - Filling up the DagBag from /home/krishnaformeera/Sumitomo/datapipeline/venv/lib/python3.11/site-packages/airflow/example_dags/example_setup_teardown.py
[2025-08-31T18:32:57.577+0000] {processor.py:925} INFO - DAG(s) 'example_setup_teardown' retrieved from /home/krishnaformeera/Sumitomo/datapipeline/venv/lib/python3.11/site-packages/airflow/example_dags/example_setup_teardown.py
[2025-08-31T18:32:57.592+0000] {logging_mixin.py:190} INFO - [2025-08-31T18:32:57.592+0000] {dag.py:3239} INFO - Sync 1 DAGs
[2025-08-31T18:32:57.604+0000] {logging_mixin.py:190} INFO - [2025-08-31T18:32:57.604+0000] {dag.py:4180} INFO - Setting next_dagrun for example_setup_teardown to None, run_after=None
[2025-08-31T18:32:57.625+0000] {processor.py:208} INFO - Processing /home/krishnaformeera/Sumitomo/datapipeline/venv/lib/python3.11/site-packages/airflow/example_dags/example_setup_teardown.py took 0.066 seconds
[2025-08-31T18:33:58.600+0000] {processor.py:186} INFO - Started process (PID=5414) to work on /home/krishnaformeera/Sumitomo/datapipeline/venv/lib/python3.11/site-packages/airflow/example_dags/example_setup_teardown.py
[2025-08-31T18:33:58.601+0000] {processor.py:914} INFO - Processing file /home/krishnaformeera/Sumitomo/datapipeline/venv/lib/python3.11/site-packages/airflow/example_dags/example_setup_teardown.py for tasks to queue
[2025-08-31T18:33:58.604+0000] {logging_mixin.py:190} INFO - [2025-08-31T18:33:58.604+0000] {dagbag.py:588} INFO - Filling up the DagBag from /home/krishnaformeera/Sumitomo/datapipeline/venv/lib/python3.11/site-packages/airflow/example_dags/example_setup_teardown.py
[2025-08-31T18:33:58.615+0000] {processor.py:925} INFO - DAG(s) 'example_setup_teardown' retrieved from /home/krishnaformeera/Sumitomo/datapipeline/venv/lib/python3.11/site-packages/airflow/example_dags/example_setup_teardown.py
[2025-08-31T18:33:58.635+0000] {logging_mixin.py:190} INFO - [2025-08-31T18:33:58.634+0000] {dag.py:3239} INFO - Sync 1 DAGs
[2025-08-31T18:33:58.648+0000] {logging_mixin.py:190} INFO - [2025-08-31T18:33:58.648+0000] {dag.py:4180} INFO - Setting next_dagrun for example_setup_teardown to None, run_after=None
[2025-08-31T18:33:58.673+0000] {processor.py:208} INFO - Processing /home/krishnaformeera/Sumitomo/datapipeline/venv/lib/python3.11/site-packages/airflow/example_dags/example_setup_teardown.py took 0.080 seconds
[2025-08-31T18:34:52.392+0000] {processor.py:186} INFO - Started process (PID=5470) to work on /home/krishnaformeera/Sumitomo/datapipeline/venv/lib/python3.11/site-packages/airflow/example_dags/example_setup_teardown.py
[2025-08-31T18:34:52.394+0000] {processor.py:914} INFO - Processing file /home/krishnaformeera/Sumitomo/datapipeline/venv/lib/python3.11/site-packages/airflow/example_dags/example_setup_teardown.py for tasks to queue
[2025-08-31T18:34:52.396+0000] {logging_mixin.py:190} INFO - [2025-08-31T18:34:52.396+0000] {dagbag.py:588} INFO - Filling up the DagBag from /home/krishnaformeera/Sumitomo/datapipeline/venv/lib/python3.11/site-packages/airflow/example_dags/example_setup_teardown.py
[2025-08-31T18:34:52.408+0000] {processor.py:925} INFO - DAG(s) 'example_setup_teardown' retrieved from /home/krishnaformeera/Sumitomo/datapipeline/venv/lib/python3.11/site-packages/airflow/example_dags/example_setup_teardown.py
[2025-08-31T18:34:52.431+0000] {logging_mixin.py:190} INFO - [2025-08-31T18:34:52.431+0000] {dag.py:3239} INFO - Sync 1 DAGs
[2025-08-31T18:34:52.446+0000] {logging_mixin.py:190} INFO - [2025-08-31T18:34:52.446+0000] {dag.py:4180} INFO - Setting next_dagrun for example_setup_teardown to None, run_after=None
[2025-08-31T18:34:52.472+0000] {processor.py:208} INFO - Processing /home/krishnaformeera/Sumitomo/datapipeline/venv/lib/python3.11/site-packages/airflow/example_dags/example_setup_teardown.py took 0.087 seconds
[2025-08-31T18:35:43.027+0000] {processor.py:186} INFO - Started process (PID=5534) to work on /home/krishnaformeera/Sumitomo/datapipeline/venv/lib/python3.11/site-packages/airflow/example_dags/example_setup_teardown.py
[2025-08-31T18:35:43.029+0000] {processor.py:914} INFO - Processing file /home/krishnaformeera/Sumitomo/datapipeline/venv/lib/python3.11/site-packages/airflow/example_dags/example_setup_teardown.py for tasks to queue
[2025-08-31T18:35:43.032+0000] {logging_mixin.py:190} INFO - [2025-08-31T18:35:43.031+0000] {dagbag.py:588} INFO - Filling up the DagBag from /home/krishnaformeera/Sumitomo/datapipeline/venv/lib/python3.11/site-packages/airflow/example_dags/example_setup_teardown.py
[2025-08-31T18:35:43.040+0000] {processor.py:925} INFO - DAG(s) 'example_setup_teardown' retrieved from /home/krishnaformeera/Sumitomo/datapipeline/venv/lib/python3.11/site-packages/airflow/example_dags/example_setup_teardown.py
[2025-08-31T18:35:43.056+0000] {logging_mixin.py:190} INFO - [2025-08-31T18:35:43.056+0000] {dag.py:3239} INFO - Sync 1 DAGs
[2025-08-31T18:35:43.068+0000] {logging_mixin.py:190} INFO - [2025-08-31T18:35:43.068+0000] {dag.py:4180} INFO - Setting next_dagrun for example_setup_teardown to None, run_after=None
[2025-08-31T18:35:43.092+0000] {processor.py:208} INFO - Processing /home/krishnaformeera/Sumitomo/datapipeline/venv/lib/python3.11/site-packages/airflow/example_dags/example_setup_teardown.py took 0.072 seconds
[2025-08-31T18:36:33.674+0000] {processor.py:186} INFO - Started process (PID=5599) to work on /home/krishnaformeera/Sumitomo/datapipeline/venv/lib/python3.11/site-packages/airflow/example_dags/example_setup_teardown.py
[2025-08-31T18:36:33.675+0000] {processor.py:914} INFO - Processing file /home/krishnaformeera/Sumitomo/datapipeline/venv/lib/python3.11/site-packages/airflow/example_dags/example_setup_teardown.py for tasks to queue
[2025-08-31T18:36:33.678+0000] {logging_mixin.py:190} INFO - [2025-08-31T18:36:33.677+0000] {dagbag.py:588} INFO - Filling up the DagBag from /home/krishnaformeera/Sumitomo/datapipeline/venv/lib/python3.11/site-packages/airflow/example_dags/example_setup_teardown.py
[2025-08-31T18:36:33.688+0000] {processor.py:925} INFO - DAG(s) 'example_setup_teardown' retrieved from /home/krishnaformeera/Sumitomo/datapipeline/venv/lib/python3.11/site-packages/airflow/example_dags/example_setup_teardown.py
[2025-08-31T18:36:33.708+0000] {logging_mixin.py:190} INFO - [2025-08-31T18:36:33.707+0000] {dag.py:3239} INFO - Sync 1 DAGs
[2025-08-31T18:36:33.721+0000] {logging_mixin.py:190} INFO - [2025-08-31T18:36:33.720+0000] {dag.py:4180} INFO - Setting next_dagrun for example_setup_teardown to None, run_after=None
[2025-08-31T18:36:33.745+0000] {processor.py:208} INFO - Processing /home/krishnaformeera/Sumitomo/datapipeline/venv/lib/python3.11/site-packages/airflow/example_dags/example_setup_teardown.py took 0.078 seconds
[2025-08-31T18:37:24.519+0000] {processor.py:186} INFO - Started process (PID=5651) to work on /home/krishnaformeera/Sumitomo/datapipeline/venv/lib/python3.11/site-packages/airflow/example_dags/example_setup_teardown.py
[2025-08-31T18:37:24.520+0000] {processor.py:914} INFO - Processing file /home/krishnaformeera/Sumitomo/datapipeline/venv/lib/python3.11/site-packages/airflow/example_dags/example_setup_teardown.py for tasks to queue
[2025-08-31T18:37:24.522+0000] {logging_mixin.py:190} INFO - [2025-08-31T18:37:24.522+0000] {dagbag.py:588} INFO - Filling up the DagBag from /home/krishnaformeera/Sumitomo/datapipeline/venv/lib/python3.11/site-packages/airflow/example_dags/example_setup_teardown.py
[2025-08-31T18:37:24.533+0000] {processor.py:925} INFO - DAG(s) 'example_setup_teardown' retrieved from /home/krishnaformeera/Sumitomo/datapipeline/venv/lib/python3.11/site-packages/airflow/example_dags/example_setup_teardown.py
[2025-08-31T18:37:24.552+0000] {logging_mixin.py:190} INFO - [2025-08-31T18:37:24.552+0000] {dag.py:3239} INFO - Sync 1 DAGs
[2025-08-31T18:37:24.566+0000] {logging_mixin.py:190} INFO - [2025-08-31T18:37:24.566+0000] {dag.py:4180} INFO - Setting next_dagrun for example_setup_teardown to None, run_after=None
[2025-08-31T18:37:24.593+0000] {processor.py:208} INFO - Processing /home/krishnaformeera/Sumitomo/datapipeline/venv/lib/python3.11/site-packages/airflow/example_dags/example_setup_teardown.py took 0.082 seconds
[2025-08-31T18:40:12.543+0000] {processor.py:186} INFO - Started process (PID=6095) to work on /home/krishnaformeera/Sumitomo/datapipeline/venv/lib/python3.11/site-packages/airflow/example_dags/example_setup_teardown.py
[2025-08-31T18:40:12.544+0000] {processor.py:914} INFO - Processing file /home/krishnaformeera/Sumitomo/datapipeline/venv/lib/python3.11/site-packages/airflow/example_dags/example_setup_teardown.py for tasks to queue
[2025-08-31T18:40:12.546+0000] {logging_mixin.py:190} INFO - [2025-08-31T18:40:12.546+0000] {dagbag.py:588} INFO - Filling up the DagBag from /home/krishnaformeera/Sumitomo/datapipeline/venv/lib/python3.11/site-packages/airflow/example_dags/example_setup_teardown.py
[2025-08-31T18:40:12.557+0000] {processor.py:925} INFO - DAG(s) 'example_setup_teardown' retrieved from /home/krishnaformeera/Sumitomo/datapipeline/venv/lib/python3.11/site-packages/airflow/example_dags/example_setup_teardown.py
[2025-08-31T18:40:12.588+0000] {logging_mixin.py:190} INFO - [2025-08-31T18:40:12.588+0000] {dag.py:3239} INFO - Sync 1 DAGs
[2025-08-31T18:40:12.606+0000] {logging_mixin.py:190} INFO - [2025-08-31T18:40:12.606+0000] {dag.py:4180} INFO - Setting next_dagrun for example_setup_teardown to None, run_after=None
[2025-08-31T18:40:12.636+0000] {processor.py:208} INFO - Processing /home/krishnaformeera/Sumitomo/datapipeline/venv/lib/python3.11/site-packages/airflow/example_dags/example_setup_teardown.py took 0.100 seconds
[2025-08-31T18:41:08.407+0000] {processor.py:186} INFO - Started process (PID=6331) to work on /home/krishnaformeera/Sumitomo/datapipeline/venv/lib/python3.11/site-packages/airflow/example_dags/example_setup_teardown.py
[2025-08-31T18:41:08.408+0000] {processor.py:914} INFO - Processing file /home/krishnaformeera/Sumitomo/datapipeline/venv/lib/python3.11/site-packages/airflow/example_dags/example_setup_teardown.py for tasks to queue
[2025-08-31T18:41:08.411+0000] {logging_mixin.py:190} INFO - [2025-08-31T18:41:08.410+0000] {dagbag.py:588} INFO - Filling up the DagBag from /home/krishnaformeera/Sumitomo/datapipeline/venv/lib/python3.11/site-packages/airflow/example_dags/example_setup_teardown.py
[2025-08-31T18:41:08.419+0000] {processor.py:925} INFO - DAG(s) 'example_setup_teardown' retrieved from /home/krishnaformeera/Sumitomo/datapipeline/venv/lib/python3.11/site-packages/airflow/example_dags/example_setup_teardown.py
[2025-08-31T18:41:08.436+0000] {logging_mixin.py:190} INFO - [2025-08-31T18:41:08.436+0000] {dag.py:3239} INFO - Sync 1 DAGs
[2025-08-31T18:41:08.449+0000] {logging_mixin.py:190} INFO - [2025-08-31T18:41:08.448+0000] {dag.py:4180} INFO - Setting next_dagrun for example_setup_teardown to None, run_after=None
[2025-08-31T18:41:08.469+0000] {processor.py:208} INFO - Processing /home/krishnaformeera/Sumitomo/datapipeline/venv/lib/python3.11/site-packages/airflow/example_dags/example_setup_teardown.py took 0.069 seconds
[2025-08-31T18:42:03.011+0000] {processor.py:186} INFO - Started process (PID=6537) to work on /home/krishnaformeera/Sumitomo/datapipeline/venv/lib/python3.11/site-packages/airflow/example_dags/example_setup_teardown.py
[2025-08-31T18:42:03.012+0000] {processor.py:914} INFO - Processing file /home/krishnaformeera/Sumitomo/datapipeline/venv/lib/python3.11/site-packages/airflow/example_dags/example_setup_teardown.py for tasks to queue
[2025-08-31T18:42:03.015+0000] {logging_mixin.py:190} INFO - [2025-08-31T18:42:03.015+0000] {dagbag.py:588} INFO - Filling up the DagBag from /home/krishnaformeera/Sumitomo/datapipeline/venv/lib/python3.11/site-packages/airflow/example_dags/example_setup_teardown.py
[2025-08-31T18:42:03.025+0000] {processor.py:925} INFO - DAG(s) 'example_setup_teardown' retrieved from /home/krishnaformeera/Sumitomo/datapipeline/venv/lib/python3.11/site-packages/airflow/example_dags/example_setup_teardown.py
[2025-08-31T18:42:03.045+0000] {logging_mixin.py:190} INFO - [2025-08-31T18:42:03.045+0000] {dag.py:3239} INFO - Sync 1 DAGs
[2025-08-31T18:42:03.059+0000] {logging_mixin.py:190} INFO - [2025-08-31T18:42:03.059+0000] {dag.py:4180} INFO - Setting next_dagrun for example_setup_teardown to None, run_after=None
[2025-08-31T18:42:03.082+0000] {processor.py:208} INFO - Processing /home/krishnaformeera/Sumitomo/datapipeline/venv/lib/python3.11/site-packages/airflow/example_dags/example_setup_teardown.py took 0.078 seconds
[2025-08-31T18:43:05.676+0000] {processor.py:186} INFO - Started process (PID=6760) to work on /home/krishnaformeera/Sumitomo/datapipeline/venv/lib/python3.11/site-packages/airflow/example_dags/example_setup_teardown.py
[2025-08-31T18:43:05.677+0000] {processor.py:914} INFO - Processing file /home/krishnaformeera/Sumitomo/datapipeline/venv/lib/python3.11/site-packages/airflow/example_dags/example_setup_teardown.py for tasks to queue
[2025-08-31T18:43:05.679+0000] {logging_mixin.py:190} INFO - [2025-08-31T18:43:05.679+0000] {dagbag.py:588} INFO - Filling up the DagBag from /home/krishnaformeera/Sumitomo/datapipeline/venv/lib/python3.11/site-packages/airflow/example_dags/example_setup_teardown.py
[2025-08-31T18:43:05.783+0000] {processor.py:925} INFO - DAG(s) 'example_setup_teardown' retrieved from /home/krishnaformeera/Sumitomo/datapipeline/venv/lib/python3.11/site-packages/airflow/example_dags/example_setup_teardown.py
[2025-08-31T18:43:05.794+0000] {logging_mixin.py:190} INFO - [2025-08-31T18:43:05.794+0000] {dag.py:3239} INFO - Sync 1 DAGs
[2025-08-31T18:43:05.803+0000] {logging_mixin.py:190} INFO - [2025-08-31T18:43:05.803+0000] {dag.py:4180} INFO - Setting next_dagrun for example_setup_teardown to None, run_after=None
[2025-08-31T18:43:05.822+0000] {processor.py:208} INFO - Processing /home/krishnaformeera/Sumitomo/datapipeline/venv/lib/python3.11/site-packages/airflow/example_dags/example_setup_teardown.py took 0.152 seconds
[2025-08-31T18:44:00.855+0000] {processor.py:186} INFO - Started process (PID=7007) to work on /home/krishnaformeera/Sumitomo/datapipeline/venv/lib/python3.11/site-packages/airflow/example_dags/example_setup_teardown.py
[2025-08-31T18:44:00.856+0000] {processor.py:914} INFO - Processing file /home/krishnaformeera/Sumitomo/datapipeline/venv/lib/python3.11/site-packages/airflow/example_dags/example_setup_teardown.py for tasks to queue
[2025-08-31T18:44:00.858+0000] {logging_mixin.py:190} INFO - [2025-08-31T18:44:00.858+0000] {dagbag.py:588} INFO - Filling up the DagBag from /home/krishnaformeera/Sumitomo/datapipeline/venv/lib/python3.11/site-packages/airflow/example_dags/example_setup_teardown.py
[2025-08-31T18:44:00.867+0000] {processor.py:925} INFO - DAG(s) 'example_setup_teardown' retrieved from /home/krishnaformeera/Sumitomo/datapipeline/venv/lib/python3.11/site-packages/airflow/example_dags/example_setup_teardown.py
[2025-08-31T18:44:00.883+0000] {logging_mixin.py:190} INFO - [2025-08-31T18:44:00.882+0000] {dag.py:3239} INFO - Sync 1 DAGs
[2025-08-31T18:44:00.894+0000] {logging_mixin.py:190} INFO - [2025-08-31T18:44:00.894+0000] {dag.py:4180} INFO - Setting next_dagrun for example_setup_teardown to None, run_after=None
[2025-08-31T18:44:00.915+0000] {processor.py:208} INFO - Processing /home/krishnaformeera/Sumitomo/datapipeline/venv/lib/python3.11/site-packages/airflow/example_dags/example_setup_teardown.py took 0.066 seconds
[2025-08-31T18:44:49.934+0000] {processor.py:186} INFO - Started process (PID=7192) to work on /home/krishnaformeera/Sumitomo/datapipeline/venv/lib/python3.11/site-packages/airflow/example_dags/example_setup_teardown.py
[2025-08-31T18:44:49.935+0000] {processor.py:914} INFO - Processing file /home/krishnaformeera/Sumitomo/datapipeline/venv/lib/python3.11/site-packages/airflow/example_dags/example_setup_teardown.py for tasks to queue
[2025-08-31T18:44:49.938+0000] {logging_mixin.py:190} INFO - [2025-08-31T18:44:49.937+0000] {dagbag.py:588} INFO - Filling up the DagBag from /home/krishnaformeera/Sumitomo/datapipeline/venv/lib/python3.11/site-packages/airflow/example_dags/example_setup_teardown.py
[2025-08-31T18:44:49.947+0000] {processor.py:925} INFO - DAG(s) 'example_setup_teardown' retrieved from /home/krishnaformeera/Sumitomo/datapipeline/venv/lib/python3.11/site-packages/airflow/example_dags/example_setup_teardown.py
[2025-08-31T18:44:49.962+0000] {logging_mixin.py:190} INFO - [2025-08-31T18:44:49.962+0000] {dag.py:3239} INFO - Sync 1 DAGs
[2025-08-31T18:44:49.974+0000] {logging_mixin.py:190} INFO - [2025-08-31T18:44:49.973+0000] {dag.py:4180} INFO - Setting next_dagrun for example_setup_teardown to None, run_after=None
[2025-08-31T18:44:49.998+0000] {processor.py:208} INFO - Processing /home/krishnaformeera/Sumitomo/datapipeline/venv/lib/python3.11/site-packages/airflow/example_dags/example_setup_teardown.py took 0.071 seconds
[2025-08-31T18:45:42.694+0000] {processor.py:186} INFO - Started process (PID=7477) to work on /home/krishnaformeera/Sumitomo/datapipeline/venv/lib/python3.11/site-packages/airflow/example_dags/example_setup_teardown.py
[2025-08-31T18:45:42.696+0000] {processor.py:914} INFO - Processing file /home/krishnaformeera/Sumitomo/datapipeline/venv/lib/python3.11/site-packages/airflow/example_dags/example_setup_teardown.py for tasks to queue
[2025-08-31T18:45:42.699+0000] {logging_mixin.py:190} INFO - [2025-08-31T18:45:42.698+0000] {dagbag.py:588} INFO - Filling up the DagBag from /home/krishnaformeera/Sumitomo/datapipeline/venv/lib/python3.11/site-packages/airflow/example_dags/example_setup_teardown.py
[2025-08-31T18:45:42.712+0000] {processor.py:925} INFO - DAG(s) 'example_setup_teardown' retrieved from /home/krishnaformeera/Sumitomo/datapipeline/venv/lib/python3.11/site-packages/airflow/example_dags/example_setup_teardown.py
[2025-08-31T18:45:42.731+0000] {logging_mixin.py:190} INFO - [2025-08-31T18:45:42.731+0000] {dag.py:3239} INFO - Sync 1 DAGs
[2025-08-31T18:45:42.745+0000] {logging_mixin.py:190} INFO - [2025-08-31T18:45:42.745+0000] {dag.py:4180} INFO - Setting next_dagrun for example_setup_teardown to None, run_after=None
[2025-08-31T18:45:42.769+0000] {processor.py:208} INFO - Processing /home/krishnaformeera/Sumitomo/datapipeline/venv/lib/python3.11/site-packages/airflow/example_dags/example_setup_teardown.py took 0.084 seconds
[2025-08-31T18:46:34.454+0000] {processor.py:186} INFO - Started process (PID=7658) to work on /home/krishnaformeera/Sumitomo/datapipeline/venv/lib/python3.11/site-packages/airflow/example_dags/example_setup_teardown.py
[2025-08-31T18:46:34.455+0000] {processor.py:914} INFO - Processing file /home/krishnaformeera/Sumitomo/datapipeline/venv/lib/python3.11/site-packages/airflow/example_dags/example_setup_teardown.py for tasks to queue
[2025-08-31T18:46:34.459+0000] {logging_mixin.py:190} INFO - [2025-08-31T18:46:34.458+0000] {dagbag.py:588} INFO - Filling up the DagBag from /home/krishnaformeera/Sumitomo/datapipeline/venv/lib/python3.11/site-packages/airflow/example_dags/example_setup_teardown.py
[2025-08-31T18:46:34.473+0000] {processor.py:925} INFO - DAG(s) 'example_setup_teardown' retrieved from /home/krishnaformeera/Sumitomo/datapipeline/venv/lib/python3.11/site-packages/airflow/example_dags/example_setup_teardown.py
[2025-08-31T18:46:34.507+0000] {logging_mixin.py:190} INFO - [2025-08-31T18:46:34.507+0000] {dag.py:3239} INFO - Sync 1 DAGs
[2025-08-31T18:46:34.548+0000] {logging_mixin.py:190} INFO - [2025-08-31T18:46:34.547+0000] {dag.py:4180} INFO - Setting next_dagrun for example_setup_teardown to None, run_after=None
[2025-08-31T18:46:34.586+0000] {processor.py:208} INFO - Processing /home/krishnaformeera/Sumitomo/datapipeline/venv/lib/python3.11/site-packages/airflow/example_dags/example_setup_teardown.py took 0.143 seconds
[2025-08-31T18:47:26.688+0000] {processor.py:186} INFO - Started process (PID=7796) to work on /home/krishnaformeera/Sumitomo/datapipeline/venv/lib/python3.11/site-packages/airflow/example_dags/example_setup_teardown.py
[2025-08-31T18:47:26.689+0000] {processor.py:914} INFO - Processing file /home/krishnaformeera/Sumitomo/datapipeline/venv/lib/python3.11/site-packages/airflow/example_dags/example_setup_teardown.py for tasks to queue
[2025-08-31T18:47:26.692+0000] {logging_mixin.py:190} INFO - [2025-08-31T18:47:26.691+0000] {dagbag.py:588} INFO - Filling up the DagBag from /home/krishnaformeera/Sumitomo/datapipeline/venv/lib/python3.11/site-packages/airflow/example_dags/example_setup_teardown.py
[2025-08-31T18:47:26.703+0000] {processor.py:925} INFO - DAG(s) 'example_setup_teardown' retrieved from /home/krishnaformeera/Sumitomo/datapipeline/venv/lib/python3.11/site-packages/airflow/example_dags/example_setup_teardown.py
[2025-08-31T18:47:26.719+0000] {logging_mixin.py:190} INFO - [2025-08-31T18:47:26.719+0000] {dag.py:3239} INFO - Sync 1 DAGs
[2025-08-31T18:47:26.731+0000] {logging_mixin.py:190} INFO - [2025-08-31T18:47:26.730+0000] {dag.py:4180} INFO - Setting next_dagrun for example_setup_teardown to None, run_after=None
[2025-08-31T18:47:26.752+0000] {processor.py:208} INFO - Processing /home/krishnaformeera/Sumitomo/datapipeline/venv/lib/python3.11/site-packages/airflow/example_dags/example_setup_teardown.py took 0.071 seconds
[2025-08-31T18:48:16.650+0000] {processor.py:186} INFO - Started process (PID=7849) to work on /home/krishnaformeera/Sumitomo/datapipeline/venv/lib/python3.11/site-packages/airflow/example_dags/example_setup_teardown.py
[2025-08-31T18:48:16.652+0000] {processor.py:914} INFO - Processing file /home/krishnaformeera/Sumitomo/datapipeline/venv/lib/python3.11/site-packages/airflow/example_dags/example_setup_teardown.py for tasks to queue
[2025-08-31T18:48:16.654+0000] {logging_mixin.py:190} INFO - [2025-08-31T18:48:16.654+0000] {dagbag.py:588} INFO - Filling up the DagBag from /home/krishnaformeera/Sumitomo/datapipeline/venv/lib/python3.11/site-packages/airflow/example_dags/example_setup_teardown.py
[2025-08-31T18:48:16.665+0000] {processor.py:925} INFO - DAG(s) 'example_setup_teardown' retrieved from /home/krishnaformeera/Sumitomo/datapipeline/venv/lib/python3.11/site-packages/airflow/example_dags/example_setup_teardown.py
[2025-08-31T18:48:16.682+0000] {logging_mixin.py:190} INFO - [2025-08-31T18:48:16.681+0000] {dag.py:3239} INFO - Sync 1 DAGs
[2025-08-31T18:48:16.693+0000] {logging_mixin.py:190} INFO - [2025-08-31T18:48:16.693+0000] {dag.py:4180} INFO - Setting next_dagrun for example_setup_teardown to None, run_after=None
[2025-08-31T18:48:16.713+0000] {processor.py:208} INFO - Processing /home/krishnaformeera/Sumitomo/datapipeline/venv/lib/python3.11/site-packages/airflow/example_dags/example_setup_teardown.py took 0.071 seconds
[2025-08-31T18:49:07.121+0000] {processor.py:186} INFO - Started process (PID=7905) to work on /home/krishnaformeera/Sumitomo/datapipeline/venv/lib/python3.11/site-packages/airflow/example_dags/example_setup_teardown.py
[2025-08-31T18:49:07.122+0000] {processor.py:914} INFO - Processing file /home/krishnaformeera/Sumitomo/datapipeline/venv/lib/python3.11/site-packages/airflow/example_dags/example_setup_teardown.py for tasks to queue
[2025-08-31T18:49:07.124+0000] {logging_mixin.py:190} INFO - [2025-08-31T18:49:07.123+0000] {dagbag.py:588} INFO - Filling up the DagBag from /home/krishnaformeera/Sumitomo/datapipeline/venv/lib/python3.11/site-packages/airflow/example_dags/example_setup_teardown.py
[2025-08-31T18:49:07.132+0000] {processor.py:925} INFO - DAG(s) 'example_setup_teardown' retrieved from /home/krishnaformeera/Sumitomo/datapipeline/venv/lib/python3.11/site-packages/airflow/example_dags/example_setup_teardown.py
[2025-08-31T18:49:07.148+0000] {logging_mixin.py:190} INFO - [2025-08-31T18:49:07.148+0000] {dag.py:3239} INFO - Sync 1 DAGs
[2025-08-31T18:49:07.159+0000] {logging_mixin.py:190} INFO - [2025-08-31T18:49:07.159+0000] {dag.py:4180} INFO - Setting next_dagrun for example_setup_teardown to None, run_after=None
[2025-08-31T18:49:07.178+0000] {processor.py:208} INFO - Processing /home/krishnaformeera/Sumitomo/datapipeline/venv/lib/python3.11/site-packages/airflow/example_dags/example_setup_teardown.py took 0.063 seconds
[2025-08-31T18:50:00.438+0000] {processor.py:186} INFO - Started process (PID=8008) to work on /home/krishnaformeera/Sumitomo/datapipeline/venv/lib/python3.11/site-packages/airflow/example_dags/example_setup_teardown.py
[2025-08-31T18:50:00.439+0000] {processor.py:914} INFO - Processing file /home/krishnaformeera/Sumitomo/datapipeline/venv/lib/python3.11/site-packages/airflow/example_dags/example_setup_teardown.py for tasks to queue
[2025-08-31T18:50:00.441+0000] {logging_mixin.py:190} INFO - [2025-08-31T18:50:00.440+0000] {dagbag.py:588} INFO - Filling up the DagBag from /home/krishnaformeera/Sumitomo/datapipeline/venv/lib/python3.11/site-packages/airflow/example_dags/example_setup_teardown.py
[2025-08-31T18:50:00.449+0000] {processor.py:925} INFO - DAG(s) 'example_setup_teardown' retrieved from /home/krishnaformeera/Sumitomo/datapipeline/venv/lib/python3.11/site-packages/airflow/example_dags/example_setup_teardown.py
[2025-08-31T18:50:00.465+0000] {logging_mixin.py:190} INFO - [2025-08-31T18:50:00.464+0000] {dag.py:3239} INFO - Sync 1 DAGs
[2025-08-31T18:50:00.477+0000] {logging_mixin.py:190} INFO - [2025-08-31T18:50:00.476+0000] {dag.py:4180} INFO - Setting next_dagrun for example_setup_teardown to None, run_after=None
[2025-08-31T18:50:00.497+0000] {processor.py:208} INFO - Processing /home/krishnaformeera/Sumitomo/datapipeline/venv/lib/python3.11/site-packages/airflow/example_dags/example_setup_teardown.py took 0.066 seconds
[2025-08-31T18:50:52.748+0000] {processor.py:186} INFO - Started process (PID=8089) to work on /home/krishnaformeera/Sumitomo/datapipeline/venv/lib/python3.11/site-packages/airflow/example_dags/example_setup_teardown.py
[2025-08-31T18:50:52.749+0000] {processor.py:914} INFO - Processing file /home/krishnaformeera/Sumitomo/datapipeline/venv/lib/python3.11/site-packages/airflow/example_dags/example_setup_teardown.py for tasks to queue
[2025-08-31T18:50:52.751+0000] {logging_mixin.py:190} INFO - [2025-08-31T18:50:52.751+0000] {dagbag.py:588} INFO - Filling up the DagBag from /home/krishnaformeera/Sumitomo/datapipeline/venv/lib/python3.11/site-packages/airflow/example_dags/example_setup_teardown.py
[2025-08-31T18:50:52.760+0000] {processor.py:925} INFO - DAG(s) 'example_setup_teardown' retrieved from /home/krishnaformeera/Sumitomo/datapipeline/venv/lib/python3.11/site-packages/airflow/example_dags/example_setup_teardown.py
[2025-08-31T18:50:52.775+0000] {logging_mixin.py:190} INFO - [2025-08-31T18:50:52.775+0000] {dag.py:3239} INFO - Sync 1 DAGs
[2025-08-31T18:50:52.786+0000] {logging_mixin.py:190} INFO - [2025-08-31T18:50:52.786+0000] {dag.py:4180} INFO - Setting next_dagrun for example_setup_teardown to None, run_after=None
[2025-08-31T18:50:52.806+0000] {processor.py:208} INFO - Processing /home/krishnaformeera/Sumitomo/datapipeline/venv/lib/python3.11/site-packages/airflow/example_dags/example_setup_teardown.py took 0.064 seconds
[2025-08-31T18:51:42.531+0000] {processor.py:186} INFO - Started process (PID=8167) to work on /home/krishnaformeera/Sumitomo/datapipeline/venv/lib/python3.11/site-packages/airflow/example_dags/example_setup_teardown.py
[2025-08-31T18:51:42.532+0000] {processor.py:914} INFO - Processing file /home/krishnaformeera/Sumitomo/datapipeline/venv/lib/python3.11/site-packages/airflow/example_dags/example_setup_teardown.py for tasks to queue
[2025-08-31T18:51:42.534+0000] {logging_mixin.py:190} INFO - [2025-08-31T18:51:42.534+0000] {dagbag.py:588} INFO - Filling up the DagBag from /home/krishnaformeera/Sumitomo/datapipeline/venv/lib/python3.11/site-packages/airflow/example_dags/example_setup_teardown.py
[2025-08-31T18:51:42.544+0000] {processor.py:925} INFO - DAG(s) 'example_setup_teardown' retrieved from /home/krishnaformeera/Sumitomo/datapipeline/venv/lib/python3.11/site-packages/airflow/example_dags/example_setup_teardown.py
[2025-08-31T18:51:42.560+0000] {logging_mixin.py:190} INFO - [2025-08-31T18:51:42.560+0000] {dag.py:3239} INFO - Sync 1 DAGs
[2025-08-31T18:51:42.572+0000] {logging_mixin.py:190} INFO - [2025-08-31T18:51:42.571+0000] {dag.py:4180} INFO - Setting next_dagrun for example_setup_teardown to None, run_after=None
[2025-08-31T18:51:42.593+0000] {processor.py:208} INFO - Processing /home/krishnaformeera/Sumitomo/datapipeline/venv/lib/python3.11/site-packages/airflow/example_dags/example_setup_teardown.py took 0.069 seconds
[2025-08-31T18:52:32.091+0000] {processor.py:186} INFO - Started process (PID=8238) to work on /home/krishnaformeera/Sumitomo/datapipeline/venv/lib/python3.11/site-packages/airflow/example_dags/example_setup_teardown.py
[2025-08-31T18:52:32.093+0000] {processor.py:914} INFO - Processing file /home/krishnaformeera/Sumitomo/datapipeline/venv/lib/python3.11/site-packages/airflow/example_dags/example_setup_teardown.py for tasks to queue
[2025-08-31T18:52:32.095+0000] {logging_mixin.py:190} INFO - [2025-08-31T18:52:32.095+0000] {dagbag.py:588} INFO - Filling up the DagBag from /home/krishnaformeera/Sumitomo/datapipeline/venv/lib/python3.11/site-packages/airflow/example_dags/example_setup_teardown.py
[2025-08-31T18:52:32.107+0000] {processor.py:925} INFO - DAG(s) 'example_setup_teardown' retrieved from /home/krishnaformeera/Sumitomo/datapipeline/venv/lib/python3.11/site-packages/airflow/example_dags/example_setup_teardown.py
[2025-08-31T18:52:32.128+0000] {logging_mixin.py:190} INFO - [2025-08-31T18:52:32.128+0000] {dag.py:3239} INFO - Sync 1 DAGs
[2025-08-31T18:52:32.140+0000] {logging_mixin.py:190} INFO - [2025-08-31T18:52:32.140+0000] {dag.py:4180} INFO - Setting next_dagrun for example_setup_teardown to None, run_after=None
[2025-08-31T18:52:32.163+0000] {processor.py:208} INFO - Processing /home/krishnaformeera/Sumitomo/datapipeline/venv/lib/python3.11/site-packages/airflow/example_dags/example_setup_teardown.py took 0.080 seconds
[2025-08-31T18:53:23.278+0000] {processor.py:186} INFO - Started process (PID=8295) to work on /home/krishnaformeera/Sumitomo/datapipeline/venv/lib/python3.11/site-packages/airflow/example_dags/example_setup_teardown.py
[2025-08-31T18:53:23.279+0000] {processor.py:914} INFO - Processing file /home/krishnaformeera/Sumitomo/datapipeline/venv/lib/python3.11/site-packages/airflow/example_dags/example_setup_teardown.py for tasks to queue
[2025-08-31T18:53:23.281+0000] {logging_mixin.py:190} INFO - [2025-08-31T18:53:23.281+0000] {dagbag.py:588} INFO - Filling up the DagBag from /home/krishnaformeera/Sumitomo/datapipeline/venv/lib/python3.11/site-packages/airflow/example_dags/example_setup_teardown.py
[2025-08-31T18:53:23.291+0000] {processor.py:925} INFO - DAG(s) 'example_setup_teardown' retrieved from /home/krishnaformeera/Sumitomo/datapipeline/venv/lib/python3.11/site-packages/airflow/example_dags/example_setup_teardown.py
[2025-08-31T18:53:23.308+0000] {logging_mixin.py:190} INFO - [2025-08-31T18:53:23.308+0000] {dag.py:3239} INFO - Sync 1 DAGs
[2025-08-31T18:53:23.320+0000] {logging_mixin.py:190} INFO - [2025-08-31T18:53:23.319+0000] {dag.py:4180} INFO - Setting next_dagrun for example_setup_teardown to None, run_after=None
[2025-08-31T18:53:23.343+0000] {processor.py:208} INFO - Processing /home/krishnaformeera/Sumitomo/datapipeline/venv/lib/python3.11/site-packages/airflow/example_dags/example_setup_teardown.py took 0.071 seconds
[2025-08-31T18:54:10.570+0000] {processor.py:186} INFO - Started process (PID=8488) to work on /home/krishnaformeera/Sumitomo/datapipeline/venv/lib/python3.11/site-packages/airflow/example_dags/example_setup_teardown.py
[2025-08-31T18:54:10.571+0000] {processor.py:914} INFO - Processing file /home/krishnaformeera/Sumitomo/datapipeline/venv/lib/python3.11/site-packages/airflow/example_dags/example_setup_teardown.py for tasks to queue
[2025-08-31T18:54:10.573+0000] {logging_mixin.py:190} INFO - [2025-08-31T18:54:10.573+0000] {dagbag.py:588} INFO - Filling up the DagBag from /home/krishnaformeera/Sumitomo/datapipeline/venv/lib/python3.11/site-packages/airflow/example_dags/example_setup_teardown.py
[2025-08-31T18:54:10.583+0000] {processor.py:925} INFO - DAG(s) 'example_setup_teardown' retrieved from /home/krishnaformeera/Sumitomo/datapipeline/venv/lib/python3.11/site-packages/airflow/example_dags/example_setup_teardown.py
[2025-08-31T18:54:10.602+0000] {logging_mixin.py:190} INFO - [2025-08-31T18:54:10.601+0000] {dag.py:3239} INFO - Sync 1 DAGs
[2025-08-31T18:54:10.614+0000] {logging_mixin.py:190} INFO - [2025-08-31T18:54:10.613+0000] {dag.py:4180} INFO - Setting next_dagrun for example_setup_teardown to None, run_after=None
[2025-08-31T18:54:10.634+0000] {processor.py:208} INFO - Processing /home/krishnaformeera/Sumitomo/datapipeline/venv/lib/python3.11/site-packages/airflow/example_dags/example_setup_teardown.py took 0.072 seconds
[2025-08-31T18:55:02.331+0000] {processor.py:186} INFO - Started process (PID=8567) to work on /home/krishnaformeera/Sumitomo/datapipeline/venv/lib/python3.11/site-packages/airflow/example_dags/example_setup_teardown.py
[2025-08-31T18:55:02.332+0000] {processor.py:914} INFO - Processing file /home/krishnaformeera/Sumitomo/datapipeline/venv/lib/python3.11/site-packages/airflow/example_dags/example_setup_teardown.py for tasks to queue
[2025-08-31T18:55:02.336+0000] {logging_mixin.py:190} INFO - [2025-08-31T18:55:02.335+0000] {dagbag.py:588} INFO - Filling up the DagBag from /home/krishnaformeera/Sumitomo/datapipeline/venv/lib/python3.11/site-packages/airflow/example_dags/example_setup_teardown.py
[2025-08-31T18:55:02.346+0000] {processor.py:925} INFO - DAG(s) 'example_setup_teardown' retrieved from /home/krishnaformeera/Sumitomo/datapipeline/venv/lib/python3.11/site-packages/airflow/example_dags/example_setup_teardown.py
[2025-08-31T18:55:02.362+0000] {logging_mixin.py:190} INFO - [2025-08-31T18:55:02.361+0000] {dag.py:3239} INFO - Sync 1 DAGs
[2025-08-31T18:55:02.373+0000] {logging_mixin.py:190} INFO - [2025-08-31T18:55:02.373+0000] {dag.py:4180} INFO - Setting next_dagrun for example_setup_teardown to None, run_after=None
[2025-08-31T18:55:02.395+0000] {processor.py:208} INFO - Processing /home/krishnaformeera/Sumitomo/datapipeline/venv/lib/python3.11/site-packages/airflow/example_dags/example_setup_teardown.py took 0.071 seconds
[2025-08-31T18:55:55.327+0000] {processor.py:186} INFO - Started process (PID=8619) to work on /home/krishnaformeera/Sumitomo/datapipeline/venv/lib/python3.11/site-packages/airflow/example_dags/example_setup_teardown.py
[2025-08-31T18:55:55.328+0000] {processor.py:914} INFO - Processing file /home/krishnaformeera/Sumitomo/datapipeline/venv/lib/python3.11/site-packages/airflow/example_dags/example_setup_teardown.py for tasks to queue
[2025-08-31T18:55:55.330+0000] {logging_mixin.py:190} INFO - [2025-08-31T18:55:55.329+0000] {dagbag.py:588} INFO - Filling up the DagBag from /home/krishnaformeera/Sumitomo/datapipeline/venv/lib/python3.11/site-packages/airflow/example_dags/example_setup_teardown.py
[2025-08-31T18:55:55.339+0000] {processor.py:925} INFO - DAG(s) 'example_setup_teardown' retrieved from /home/krishnaformeera/Sumitomo/datapipeline/venv/lib/python3.11/site-packages/airflow/example_dags/example_setup_teardown.py
[2025-08-31T18:55:55.365+0000] {logging_mixin.py:190} INFO - [2025-08-31T18:55:55.365+0000] {dag.py:3239} INFO - Sync 1 DAGs
[2025-08-31T18:55:55.379+0000] {logging_mixin.py:190} INFO - [2025-08-31T18:55:55.379+0000] {dag.py:4180} INFO - Setting next_dagrun for example_setup_teardown to None, run_after=None
[2025-08-31T18:55:55.403+0000] {processor.py:208} INFO - Processing /home/krishnaformeera/Sumitomo/datapipeline/venv/lib/python3.11/site-packages/airflow/example_dags/example_setup_teardown.py took 0.082 seconds
[2025-08-31T18:56:48.540+0000] {processor.py:186} INFO - Started process (PID=8687) to work on /home/krishnaformeera/Sumitomo/datapipeline/venv/lib/python3.11/site-packages/airflow/example_dags/example_setup_teardown.py
[2025-08-31T18:56:48.541+0000] {processor.py:914} INFO - Processing file /home/krishnaformeera/Sumitomo/datapipeline/venv/lib/python3.11/site-packages/airflow/example_dags/example_setup_teardown.py for tasks to queue
[2025-08-31T18:56:48.544+0000] {logging_mixin.py:190} INFO - [2025-08-31T18:56:48.543+0000] {dagbag.py:588} INFO - Filling up the DagBag from /home/krishnaformeera/Sumitomo/datapipeline/venv/lib/python3.11/site-packages/airflow/example_dags/example_setup_teardown.py
[2025-08-31T18:56:48.553+0000] {processor.py:925} INFO - DAG(s) 'example_setup_teardown' retrieved from /home/krishnaformeera/Sumitomo/datapipeline/venv/lib/python3.11/site-packages/airflow/example_dags/example_setup_teardown.py
[2025-08-31T18:56:48.569+0000] {logging_mixin.py:190} INFO - [2025-08-31T18:56:48.569+0000] {dag.py:3239} INFO - Sync 1 DAGs
[2025-08-31T18:56:48.580+0000] {logging_mixin.py:190} INFO - [2025-08-31T18:56:48.580+0000] {dag.py:4180} INFO - Setting next_dagrun for example_setup_teardown to None, run_after=None
[2025-08-31T18:56:48.601+0000] {processor.py:208} INFO - Processing /home/krishnaformeera/Sumitomo/datapipeline/venv/lib/python3.11/site-packages/airflow/example_dags/example_setup_teardown.py took 0.069 seconds
[2025-08-31T18:57:42.739+0000] {processor.py:186} INFO - Started process (PID=8741) to work on /home/krishnaformeera/Sumitomo/datapipeline/venv/lib/python3.11/site-packages/airflow/example_dags/example_setup_teardown.py
[2025-08-31T18:57:42.741+0000] {processor.py:914} INFO - Processing file /home/krishnaformeera/Sumitomo/datapipeline/venv/lib/python3.11/site-packages/airflow/example_dags/example_setup_teardown.py for tasks to queue
[2025-08-31T18:57:42.743+0000] {logging_mixin.py:190} INFO - [2025-08-31T18:57:42.743+0000] {dagbag.py:588} INFO - Filling up the DagBag from /home/krishnaformeera/Sumitomo/datapipeline/venv/lib/python3.11/site-packages/airflow/example_dags/example_setup_teardown.py
[2025-08-31T18:57:42.754+0000] {processor.py:925} INFO - DAG(s) 'example_setup_teardown' retrieved from /home/krishnaformeera/Sumitomo/datapipeline/venv/lib/python3.11/site-packages/airflow/example_dags/example_setup_teardown.py
[2025-08-31T18:57:42.771+0000] {logging_mixin.py:190} INFO - [2025-08-31T18:57:42.770+0000] {dag.py:3239} INFO - Sync 1 DAGs
[2025-08-31T18:57:42.782+0000] {logging_mixin.py:190} INFO - [2025-08-31T18:57:42.782+0000] {dag.py:4180} INFO - Setting next_dagrun for example_setup_teardown to None, run_after=None
[2025-08-31T18:57:42.804+0000] {processor.py:208} INFO - Processing /home/krishnaformeera/Sumitomo/datapipeline/venv/lib/python3.11/site-packages/airflow/example_dags/example_setup_teardown.py took 0.073 seconds
[2025-08-31T18:58:34.225+0000] {processor.py:186} INFO - Started process (PID=8794) to work on /home/krishnaformeera/Sumitomo/datapipeline/venv/lib/python3.11/site-packages/airflow/example_dags/example_setup_teardown.py
[2025-08-31T18:58:34.226+0000] {processor.py:914} INFO - Processing file /home/krishnaformeera/Sumitomo/datapipeline/venv/lib/python3.11/site-packages/airflow/example_dags/example_setup_teardown.py for tasks to queue
[2025-08-31T18:58:34.228+0000] {logging_mixin.py:190} INFO - [2025-08-31T18:58:34.228+0000] {dagbag.py:588} INFO - Filling up the DagBag from /home/krishnaformeera/Sumitomo/datapipeline/venv/lib/python3.11/site-packages/airflow/example_dags/example_setup_teardown.py
[2025-08-31T18:58:34.238+0000] {processor.py:925} INFO - DAG(s) 'example_setup_teardown' retrieved from /home/krishnaformeera/Sumitomo/datapipeline/venv/lib/python3.11/site-packages/airflow/example_dags/example_setup_teardown.py
[2025-08-31T18:58:34.256+0000] {logging_mixin.py:190} INFO - [2025-08-31T18:58:34.256+0000] {dag.py:3239} INFO - Sync 1 DAGs
[2025-08-31T18:58:34.269+0000] {logging_mixin.py:190} INFO - [2025-08-31T18:58:34.268+0000] {dag.py:4180} INFO - Setting next_dagrun for example_setup_teardown to None, run_after=None
[2025-08-31T18:58:34.292+0000] {processor.py:208} INFO - Processing /home/krishnaformeera/Sumitomo/datapipeline/venv/lib/python3.11/site-packages/airflow/example_dags/example_setup_teardown.py took 0.074 seconds
