[2025-08-31T18:30:05.374+0000] {processor.py:186} INFO - Started process (PID=5084) to work on /home/krishnaformeera/Sumitomo/datapipeline/venv/lib/python3.11/site-packages/airflow/example_dags/example_xcom.py
[2025-08-31T18:30:05.376+0000] {processor.py:914} INFO - Processing file /home/krishnaformeera/Sumitomo/datapipeline/venv/lib/python3.11/site-packages/airflow/example_dags/example_xcom.py for tasks to queue
[2025-08-31T18:30:05.378+0000] {logging_mixin.py:190} INFO - [2025-08-31T18:30:05.377+0000] {dagbag.py:588} INFO - Filling up the DagBag from /home/krishnaformeera/Sumitomo/datapipeline/venv/lib/python3.11/site-packages/airflow/example_dags/example_xcom.py
[2025-08-31T18:30:05.393+0000] {processor.py:925} INFO - DAG(s) 'example_xcom' retrieved from /home/krishnaformeera/Sumitomo/datapipeline/venv/lib/python3.11/site-packages/airflow/example_dags/example_xcom.py
[2025-08-31T18:30:05.600+0000] {logging_mixin.py:190} INFO - [2025-08-31T18:30:05.600+0000] {override.py:1900} INFO - Created Permission View: can delete on DAG:example_xcom
[2025-08-31T18:30:05.612+0000] {logging_mixin.py:190} INFO - [2025-08-31T18:30:05.612+0000] {override.py:1900} INFO - Created Permission View: can read on DAG:example_xcom
[2025-08-31T18:30:05.621+0000] {logging_mixin.py:190} INFO - [2025-08-31T18:30:05.621+0000] {override.py:1900} INFO - Created Permission View: can edit on DAG:example_xcom
[2025-08-31T18:30:05.636+0000] {logging_mixin.py:190} INFO - [2025-08-31T18:30:05.636+0000] {override.py:1900} INFO - Created Permission View: can delete on DAG Run:example_xcom
[2025-08-31T18:30:05.645+0000] {logging_mixin.py:190} INFO - [2025-08-31T18:30:05.645+0000] {override.py:1900} INFO - Created Permission View: can read on DAG Run:example_xcom
[2025-08-31T18:30:05.655+0000] {logging_mixin.py:190} INFO - [2025-08-31T18:30:05.654+0000] {override.py:1900} INFO - Created Permission View: can create on DAG Run:example_xcom
[2025-08-31T18:30:05.665+0000] {logging_mixin.py:190} INFO - [2025-08-31T18:30:05.664+0000] {override.py:1900} INFO - Created Permission View: menu access on DAG Run:example_xcom
[2025-08-31T18:30:05.666+0000] {logging_mixin.py:190} INFO - [2025-08-31T18:30:05.665+0000] {dag.py:3239} INFO - Sync 1 DAGs
[2025-08-31T18:30:05.676+0000] {logging_mixin.py:190} INFO - [2025-08-31T18:30:05.676+0000] {dag.py:3262} INFO - Creating ORM DAG for example_xcom
[2025-08-31T18:30:05.682+0000] {logging_mixin.py:190} INFO - [2025-08-31T18:30:05.681+0000] {dag.py:4180} INFO - Setting next_dagrun for example_xcom to 2021-01-01 00:00:00+00:00, run_after=2021-01-01 00:00:00+00:00
[2025-08-31T18:30:05.699+0000] {processor.py:208} INFO - Processing /home/krishnaformeera/Sumitomo/datapipeline/venv/lib/python3.11/site-packages/airflow/example_dags/example_xcom.py took 0.333 seconds
[2025-08-31T18:30:46.984+0000] {processor.py:186} INFO - Started process (PID=5212) to work on /home/krishnaformeera/Sumitomo/datapipeline/venv/lib/python3.11/site-packages/airflow/example_dags/example_xcom.py
[2025-08-31T18:30:46.985+0000] {processor.py:914} INFO - Processing file /home/krishnaformeera/Sumitomo/datapipeline/venv/lib/python3.11/site-packages/airflow/example_dags/example_xcom.py for tasks to queue
[2025-08-31T18:30:46.987+0000] {logging_mixin.py:190} INFO - [2025-08-31T18:30:46.987+0000] {dagbag.py:588} INFO - Filling up the DagBag from /home/krishnaformeera/Sumitomo/datapipeline/venv/lib/python3.11/site-packages/airflow/example_dags/example_xcom.py
[2025-08-31T18:30:46.997+0000] {processor.py:925} INFO - DAG(s) 'example_xcom' retrieved from /home/krishnaformeera/Sumitomo/datapipeline/venv/lib/python3.11/site-packages/airflow/example_dags/example_xcom.py
[2025-08-31T18:30:47.021+0000] {logging_mixin.py:190} INFO - [2025-08-31T18:30:47.020+0000] {dag.py:3239} INFO - Sync 1 DAGs
[2025-08-31T18:30:47.040+0000] {logging_mixin.py:190} INFO - [2025-08-31T18:30:47.040+0000] {dag.py:4180} INFO - Setting next_dagrun for example_xcom to 2021-01-01 00:00:00+00:00, run_after=2021-01-01 00:00:00+00:00
[2025-08-31T18:30:47.062+0000] {processor.py:208} INFO - Processing /home/krishnaformeera/Sumitomo/datapipeline/venv/lib/python3.11/site-packages/airflow/example_dags/example_xcom.py took 0.084 seconds
[2025-08-31T18:31:49.321+0000] {processor.py:186} INFO - Started process (PID=5284) to work on /home/krishnaformeera/Sumitomo/datapipeline/venv/lib/python3.11/site-packages/airflow/example_dags/example_xcom.py
[2025-08-31T18:31:49.337+0000] {processor.py:914} INFO - Processing file /home/krishnaformeera/Sumitomo/datapipeline/venv/lib/python3.11/site-packages/airflow/example_dags/example_xcom.py for tasks to queue
[2025-08-31T18:31:49.342+0000] {logging_mixin.py:190} INFO - [2025-08-31T18:31:49.342+0000] {dagbag.py:588} INFO - Filling up the DagBag from /home/krishnaformeera/Sumitomo/datapipeline/venv/lib/python3.11/site-packages/airflow/example_dags/example_xcom.py
[2025-08-31T18:31:49.353+0000] {processor.py:925} INFO - DAG(s) 'example_xcom' retrieved from /home/krishnaformeera/Sumitomo/datapipeline/venv/lib/python3.11/site-packages/airflow/example_dags/example_xcom.py
[2025-08-31T18:31:49.369+0000] {logging_mixin.py:190} INFO - [2025-08-31T18:31:49.369+0000] {dag.py:3239} INFO - Sync 1 DAGs
[2025-08-31T18:31:49.387+0000] {logging_mixin.py:190} INFO - [2025-08-31T18:31:49.386+0000] {dag.py:4180} INFO - Setting next_dagrun for example_xcom to 2021-01-01 00:00:00+00:00, run_after=2021-01-01 00:00:00+00:00
[2025-08-31T18:31:49.406+0000] {processor.py:208} INFO - Processing /home/krishnaformeera/Sumitomo/datapipeline/venv/lib/python3.11/site-packages/airflow/example_dags/example_xcom.py took 0.091 seconds
[2025-08-31T18:32:44.403+0000] {processor.py:186} INFO - Started process (PID=5341) to work on /home/krishnaformeera/Sumitomo/datapipeline/venv/lib/python3.11/site-packages/airflow/example_dags/example_xcom.py
[2025-08-31T18:32:44.404+0000] {processor.py:914} INFO - Processing file /home/krishnaformeera/Sumitomo/datapipeline/venv/lib/python3.11/site-packages/airflow/example_dags/example_xcom.py for tasks to queue
[2025-08-31T18:32:44.407+0000] {logging_mixin.py:190} INFO - [2025-08-31T18:32:44.406+0000] {dagbag.py:588} INFO - Filling up the DagBag from /home/krishnaformeera/Sumitomo/datapipeline/venv/lib/python3.11/site-packages/airflow/example_dags/example_xcom.py
[2025-08-31T18:32:44.418+0000] {processor.py:925} INFO - DAG(s) 'example_xcom' retrieved from /home/krishnaformeera/Sumitomo/datapipeline/venv/lib/python3.11/site-packages/airflow/example_dags/example_xcom.py
[2025-08-31T18:32:44.437+0000] {logging_mixin.py:190} INFO - [2025-08-31T18:32:44.437+0000] {dag.py:3239} INFO - Sync 1 DAGs
[2025-08-31T18:32:44.457+0000] {logging_mixin.py:190} INFO - [2025-08-31T18:32:44.457+0000] {dag.py:4180} INFO - Setting next_dagrun for example_xcom to 2021-01-01 00:00:00+00:00, run_after=2021-01-01 00:00:00+00:00
[2025-08-31T18:32:44.482+0000] {processor.py:208} INFO - Processing /home/krishnaformeera/Sumitomo/datapipeline/venv/lib/python3.11/site-packages/airflow/example_dags/example_xcom.py took 0.086 seconds
[2025-08-31T18:33:34.079+0000] {processor.py:186} INFO - Started process (PID=5391) to work on /home/krishnaformeera/Sumitomo/datapipeline/venv/lib/python3.11/site-packages/airflow/example_dags/example_xcom.py
[2025-08-31T18:33:34.080+0000] {processor.py:914} INFO - Processing file /home/krishnaformeera/Sumitomo/datapipeline/venv/lib/python3.11/site-packages/airflow/example_dags/example_xcom.py for tasks to queue
[2025-08-31T18:33:34.083+0000] {logging_mixin.py:190} INFO - [2025-08-31T18:33:34.083+0000] {dagbag.py:588} INFO - Filling up the DagBag from /home/krishnaformeera/Sumitomo/datapipeline/venv/lib/python3.11/site-packages/airflow/example_dags/example_xcom.py
[2025-08-31T18:33:34.092+0000] {processor.py:925} INFO - DAG(s) 'example_xcom' retrieved from /home/krishnaformeera/Sumitomo/datapipeline/venv/lib/python3.11/site-packages/airflow/example_dags/example_xcom.py
[2025-08-31T18:33:34.196+0000] {logging_mixin.py:190} INFO - [2025-08-31T18:33:34.195+0000] {dag.py:3239} INFO - Sync 1 DAGs
[2025-08-31T18:33:34.210+0000] {logging_mixin.py:190} INFO - [2025-08-31T18:33:34.209+0000] {dag.py:4180} INFO - Setting next_dagrun for example_xcom to 2021-01-01 00:00:00+00:00, run_after=2021-01-01 00:00:00+00:00
[2025-08-31T18:33:34.231+0000] {processor.py:208} INFO - Processing /home/krishnaformeera/Sumitomo/datapipeline/venv/lib/python3.11/site-packages/airflow/example_dags/example_xcom.py took 0.157 seconds
[2025-08-31T18:34:30.627+0000] {processor.py:186} INFO - Started process (PID=5447) to work on /home/krishnaformeera/Sumitomo/datapipeline/venv/lib/python3.11/site-packages/airflow/example_dags/example_xcom.py
[2025-08-31T18:34:30.628+0000] {processor.py:914} INFO - Processing file /home/krishnaformeera/Sumitomo/datapipeline/venv/lib/python3.11/site-packages/airflow/example_dags/example_xcom.py for tasks to queue
[2025-08-31T18:34:30.631+0000] {logging_mixin.py:190} INFO - [2025-08-31T18:34:30.631+0000] {dagbag.py:588} INFO - Filling up the DagBag from /home/krishnaformeera/Sumitomo/datapipeline/venv/lib/python3.11/site-packages/airflow/example_dags/example_xcom.py
[2025-08-31T18:34:30.642+0000] {processor.py:925} INFO - DAG(s) 'example_xcom' retrieved from /home/krishnaformeera/Sumitomo/datapipeline/venv/lib/python3.11/site-packages/airflow/example_dags/example_xcom.py
[2025-08-31T18:34:30.662+0000] {logging_mixin.py:190} INFO - [2025-08-31T18:34:30.662+0000] {dag.py:3239} INFO - Sync 1 DAGs
[2025-08-31T18:34:30.682+0000] {logging_mixin.py:190} INFO - [2025-08-31T18:34:30.682+0000] {dag.py:4180} INFO - Setting next_dagrun for example_xcom to 2021-01-01 00:00:00+00:00, run_after=2021-01-01 00:00:00+00:00
[2025-08-31T18:34:30.708+0000] {processor.py:208} INFO - Processing /home/krishnaformeera/Sumitomo/datapipeline/venv/lib/python3.11/site-packages/airflow/example_dags/example_xcom.py took 0.088 seconds
[2025-08-31T18:35:21.017+0000] {processor.py:186} INFO - Started process (PID=5499) to work on /home/krishnaformeera/Sumitomo/datapipeline/venv/lib/python3.11/site-packages/airflow/example_dags/example_xcom.py
[2025-08-31T18:35:21.018+0000] {processor.py:914} INFO - Processing file /home/krishnaformeera/Sumitomo/datapipeline/venv/lib/python3.11/site-packages/airflow/example_dags/example_xcom.py for tasks to queue
[2025-08-31T18:35:21.021+0000] {logging_mixin.py:190} INFO - [2025-08-31T18:35:21.021+0000] {dagbag.py:588} INFO - Filling up the DagBag from /home/krishnaformeera/Sumitomo/datapipeline/venv/lib/python3.11/site-packages/airflow/example_dags/example_xcom.py
[2025-08-31T18:35:21.032+0000] {processor.py:925} INFO - DAG(s) 'example_xcom' retrieved from /home/krishnaformeera/Sumitomo/datapipeline/venv/lib/python3.11/site-packages/airflow/example_dags/example_xcom.py
[2025-08-31T18:35:21.050+0000] {logging_mixin.py:190} INFO - [2025-08-31T18:35:21.050+0000] {dag.py:3239} INFO - Sync 1 DAGs
[2025-08-31T18:35:21.070+0000] {logging_mixin.py:190} INFO - [2025-08-31T18:35:21.070+0000] {dag.py:4180} INFO - Setting next_dagrun for example_xcom to 2021-01-01 00:00:00+00:00, run_after=2021-01-01 00:00:00+00:00
[2025-08-31T18:35:21.091+0000] {processor.py:208} INFO - Processing /home/krishnaformeera/Sumitomo/datapipeline/venv/lib/python3.11/site-packages/airflow/example_dags/example_xcom.py took 0.084 seconds
[2025-08-31T18:36:11.077+0000] {processor.py:186} INFO - Started process (PID=5577) to work on /home/krishnaformeera/Sumitomo/datapipeline/venv/lib/python3.11/site-packages/airflow/example_dags/example_xcom.py
[2025-08-31T18:36:11.079+0000] {processor.py:914} INFO - Processing file /home/krishnaformeera/Sumitomo/datapipeline/venv/lib/python3.11/site-packages/airflow/example_dags/example_xcom.py for tasks to queue
[2025-08-31T18:36:11.081+0000] {logging_mixin.py:190} INFO - [2025-08-31T18:36:11.080+0000] {dagbag.py:588} INFO - Filling up the DagBag from /home/krishnaformeera/Sumitomo/datapipeline/venv/lib/python3.11/site-packages/airflow/example_dags/example_xcom.py
[2025-08-31T18:36:11.093+0000] {processor.py:925} INFO - DAG(s) 'example_xcom' retrieved from /home/krishnaformeera/Sumitomo/datapipeline/venv/lib/python3.11/site-packages/airflow/example_dags/example_xcom.py
[2025-08-31T18:36:11.112+0000] {logging_mixin.py:190} INFO - [2025-08-31T18:36:11.112+0000] {dag.py:3239} INFO - Sync 1 DAGs
[2025-08-31T18:36:11.132+0000] {logging_mixin.py:190} INFO - [2025-08-31T18:36:11.131+0000] {dag.py:4180} INFO - Setting next_dagrun for example_xcom to 2021-01-01 00:00:00+00:00, run_after=2021-01-01 00:00:00+00:00
[2025-08-31T18:36:11.157+0000] {processor.py:208} INFO - Processing /home/krishnaformeera/Sumitomo/datapipeline/venv/lib/python3.11/site-packages/airflow/example_dags/example_xcom.py took 0.087 seconds
[2025-08-31T18:37:03.131+0000] {processor.py:186} INFO - Started process (PID=5629) to work on /home/krishnaformeera/Sumitomo/datapipeline/venv/lib/python3.11/site-packages/airflow/example_dags/example_xcom.py
[2025-08-31T18:37:03.132+0000] {processor.py:914} INFO - Processing file /home/krishnaformeera/Sumitomo/datapipeline/venv/lib/python3.11/site-packages/airflow/example_dags/example_xcom.py for tasks to queue
[2025-08-31T18:37:03.135+0000] {logging_mixin.py:190} INFO - [2025-08-31T18:37:03.135+0000] {dagbag.py:588} INFO - Filling up the DagBag from /home/krishnaformeera/Sumitomo/datapipeline/venv/lib/python3.11/site-packages/airflow/example_dags/example_xcom.py
[2025-08-31T18:37:03.147+0000] {processor.py:925} INFO - DAG(s) 'example_xcom' retrieved from /home/krishnaformeera/Sumitomo/datapipeline/venv/lib/python3.11/site-packages/airflow/example_dags/example_xcom.py
[2025-08-31T18:37:03.167+0000] {logging_mixin.py:190} INFO - [2025-08-31T18:37:03.166+0000] {dag.py:3239} INFO - Sync 1 DAGs
[2025-08-31T18:37:03.188+0000] {logging_mixin.py:190} INFO - [2025-08-31T18:37:03.188+0000] {dag.py:4180} INFO - Setting next_dagrun for example_xcom to 2021-01-01 00:00:00+00:00, run_after=2021-01-01 00:00:00+00:00
[2025-08-31T18:37:03.215+0000] {processor.py:208} INFO - Processing /home/krishnaformeera/Sumitomo/datapipeline/venv/lib/python3.11/site-packages/airflow/example_dags/example_xcom.py took 0.092 seconds
[2025-08-31T18:37:54.598+0000] {processor.py:186} INFO - Started process (PID=5693) to work on /home/krishnaformeera/Sumitomo/datapipeline/venv/lib/python3.11/site-packages/airflow/example_dags/example_xcom.py
[2025-08-31T18:37:54.599+0000] {processor.py:914} INFO - Processing file /home/krishnaformeera/Sumitomo/datapipeline/venv/lib/python3.11/site-packages/airflow/example_dags/example_xcom.py for tasks to queue
[2025-08-31T18:37:54.601+0000] {logging_mixin.py:190} INFO - [2025-08-31T18:37:54.601+0000] {dagbag.py:588} INFO - Filling up the DagBag from /home/krishnaformeera/Sumitomo/datapipeline/venv/lib/python3.11/site-packages/airflow/example_dags/example_xcom.py
[2025-08-31T18:37:54.611+0000] {processor.py:925} INFO - DAG(s) 'example_xcom' retrieved from /home/krishnaformeera/Sumitomo/datapipeline/venv/lib/python3.11/site-packages/airflow/example_dags/example_xcom.py
[2025-08-31T18:37:54.627+0000] {logging_mixin.py:190} INFO - [2025-08-31T18:37:54.627+0000] {dag.py:3239} INFO - Sync 1 DAGs
[2025-08-31T18:37:54.645+0000] {logging_mixin.py:190} INFO - [2025-08-31T18:37:54.644+0000] {dag.py:4180} INFO - Setting next_dagrun for example_xcom to 2021-01-01 00:00:00+00:00, run_after=2021-01-01 00:00:00+00:00
[2025-08-31T18:37:54.665+0000] {processor.py:208} INFO - Processing /home/krishnaformeera/Sumitomo/datapipeline/venv/lib/python3.11/site-packages/airflow/example_dags/example_xcom.py took 0.074 seconds
[2025-08-31T18:40:00.911+0000] {processor.py:186} INFO - Started process (PID=6011) to work on /home/krishnaformeera/Sumitomo/datapipeline/venv/lib/python3.11/site-packages/airflow/example_dags/example_xcom.py
[2025-08-31T18:40:00.912+0000] {processor.py:914} INFO - Processing file /home/krishnaformeera/Sumitomo/datapipeline/venv/lib/python3.11/site-packages/airflow/example_dags/example_xcom.py for tasks to queue
[2025-08-31T18:40:00.914+0000] {logging_mixin.py:190} INFO - [2025-08-31T18:40:00.914+0000] {dagbag.py:588} INFO - Filling up the DagBag from /home/krishnaformeera/Sumitomo/datapipeline/venv/lib/python3.11/site-packages/airflow/example_dags/example_xcom.py
[2025-08-31T18:40:00.924+0000] {processor.py:925} INFO - DAG(s) 'example_xcom' retrieved from /home/krishnaformeera/Sumitomo/datapipeline/venv/lib/python3.11/site-packages/airflow/example_dags/example_xcom.py
[2025-08-31T18:40:00.947+0000] {logging_mixin.py:190} INFO - [2025-08-31T18:40:00.947+0000] {dag.py:3239} INFO - Sync 1 DAGs
[2025-08-31T18:40:00.966+0000] {logging_mixin.py:190} INFO - [2025-08-31T18:40:00.966+0000] {dag.py:4180} INFO - Setting next_dagrun for example_xcom to 2021-01-01 00:00:00+00:00, run_after=2021-01-01 00:00:00+00:00
[2025-08-31T18:40:00.990+0000] {processor.py:208} INFO - Processing /home/krishnaformeera/Sumitomo/datapipeline/venv/lib/python3.11/site-packages/airflow/example_dags/example_xcom.py took 0.085 seconds
[2025-08-31T18:40:55.242+0000] {processor.py:186} INFO - Started process (PID=6314) to work on /home/krishnaformeera/Sumitomo/datapipeline/venv/lib/python3.11/site-packages/airflow/example_dags/example_xcom.py
[2025-08-31T18:40:55.245+0000] {processor.py:914} INFO - Processing file /home/krishnaformeera/Sumitomo/datapipeline/venv/lib/python3.11/site-packages/airflow/example_dags/example_xcom.py for tasks to queue
[2025-08-31T18:40:55.247+0000] {logging_mixin.py:190} INFO - [2025-08-31T18:40:55.247+0000] {dagbag.py:588} INFO - Filling up the DagBag from /home/krishnaformeera/Sumitomo/datapipeline/venv/lib/python3.11/site-packages/airflow/example_dags/example_xcom.py
[2025-08-31T18:40:55.256+0000] {processor.py:925} INFO - DAG(s) 'example_xcom' retrieved from /home/krishnaformeera/Sumitomo/datapipeline/venv/lib/python3.11/site-packages/airflow/example_dags/example_xcom.py
[2025-08-31T18:40:55.272+0000] {logging_mixin.py:190} INFO - [2025-08-31T18:40:55.272+0000] {dag.py:3239} INFO - Sync 1 DAGs
[2025-08-31T18:40:55.293+0000] {logging_mixin.py:190} INFO - [2025-08-31T18:40:55.293+0000] {dag.py:4180} INFO - Setting next_dagrun for example_xcom to 2021-01-01 00:00:00+00:00, run_after=2021-01-01 00:00:00+00:00
[2025-08-31T18:40:55.317+0000] {processor.py:208} INFO - Processing /home/krishnaformeera/Sumitomo/datapipeline/venv/lib/python3.11/site-packages/airflow/example_dags/example_xcom.py took 0.083 seconds
[2025-08-31T18:41:46.862+0000] {processor.py:186} INFO - Started process (PID=6467) to work on /home/krishnaformeera/Sumitomo/datapipeline/venv/lib/python3.11/site-packages/airflow/example_dags/example_xcom.py
[2025-08-31T18:41:46.863+0000] {processor.py:914} INFO - Processing file /home/krishnaformeera/Sumitomo/datapipeline/venv/lib/python3.11/site-packages/airflow/example_dags/example_xcom.py for tasks to queue
[2025-08-31T18:41:46.865+0000] {logging_mixin.py:190} INFO - [2025-08-31T18:41:46.865+0000] {dagbag.py:588} INFO - Filling up the DagBag from /home/krishnaformeera/Sumitomo/datapipeline/venv/lib/python3.11/site-packages/airflow/example_dags/example_xcom.py
[2025-08-31T18:41:46.875+0000] {processor.py:925} INFO - DAG(s) 'example_xcom' retrieved from /home/krishnaformeera/Sumitomo/datapipeline/venv/lib/python3.11/site-packages/airflow/example_dags/example_xcom.py
[2025-08-31T18:41:46.891+0000] {logging_mixin.py:190} INFO - [2025-08-31T18:41:46.891+0000] {dag.py:3239} INFO - Sync 1 DAGs
[2025-08-31T18:41:46.915+0000] {logging_mixin.py:190} INFO - [2025-08-31T18:41:46.915+0000] {dag.py:4180} INFO - Setting next_dagrun for example_xcom to 2021-01-01 00:00:00+00:00, run_after=2021-01-01 00:00:00+00:00
[2025-08-31T18:41:46.955+0000] {processor.py:208} INFO - Processing /home/krishnaformeera/Sumitomo/datapipeline/venv/lib/python3.11/site-packages/airflow/example_dags/example_xcom.py took 0.100 seconds
[2025-08-31T18:42:40.583+0000] {processor.py:186} INFO - Started process (PID=6664) to work on /home/krishnaformeera/Sumitomo/datapipeline/venv/lib/python3.11/site-packages/airflow/example_dags/example_xcom.py
[2025-08-31T18:42:40.584+0000] {processor.py:914} INFO - Processing file /home/krishnaformeera/Sumitomo/datapipeline/venv/lib/python3.11/site-packages/airflow/example_dags/example_xcom.py for tasks to queue
[2025-08-31T18:42:40.586+0000] {logging_mixin.py:190} INFO - [2025-08-31T18:42:40.586+0000] {dagbag.py:588} INFO - Filling up the DagBag from /home/krishnaformeera/Sumitomo/datapipeline/venv/lib/python3.11/site-packages/airflow/example_dags/example_xcom.py
[2025-08-31T18:42:40.596+0000] {processor.py:925} INFO - DAG(s) 'example_xcom' retrieved from /home/krishnaformeera/Sumitomo/datapipeline/venv/lib/python3.11/site-packages/airflow/example_dags/example_xcom.py
[2025-08-31T18:42:40.703+0000] {logging_mixin.py:190} INFO - [2025-08-31T18:42:40.703+0000] {dag.py:3239} INFO - Sync 1 DAGs
[2025-08-31T18:42:40.717+0000] {logging_mixin.py:190} INFO - [2025-08-31T18:42:40.717+0000] {dag.py:4180} INFO - Setting next_dagrun for example_xcom to 2021-01-01 00:00:00+00:00, run_after=2021-01-01 00:00:00+00:00
[2025-08-31T18:42:40.737+0000] {processor.py:208} INFO - Processing /home/krishnaformeera/Sumitomo/datapipeline/venv/lib/python3.11/site-packages/airflow/example_dags/example_xcom.py took 0.159 seconds
[2025-08-31T18:43:40.075+0000] {processor.py:186} INFO - Started process (PID=6911) to work on /home/krishnaformeera/Sumitomo/datapipeline/venv/lib/python3.11/site-packages/airflow/example_dags/example_xcom.py
[2025-08-31T18:43:40.076+0000] {processor.py:914} INFO - Processing file /home/krishnaformeera/Sumitomo/datapipeline/venv/lib/python3.11/site-packages/airflow/example_dags/example_xcom.py for tasks to queue
[2025-08-31T18:43:40.080+0000] {logging_mixin.py:190} INFO - [2025-08-31T18:43:40.080+0000] {dagbag.py:588} INFO - Filling up the DagBag from /home/krishnaformeera/Sumitomo/datapipeline/venv/lib/python3.11/site-packages/airflow/example_dags/example_xcom.py
[2025-08-31T18:43:40.095+0000] {processor.py:925} INFO - DAG(s) 'example_xcom' retrieved from /home/krishnaformeera/Sumitomo/datapipeline/venv/lib/python3.11/site-packages/airflow/example_dags/example_xcom.py
[2025-08-31T18:43:40.117+0000] {logging_mixin.py:190} INFO - [2025-08-31T18:43:40.117+0000] {dag.py:3239} INFO - Sync 1 DAGs
[2025-08-31T18:43:40.139+0000] {logging_mixin.py:190} INFO - [2025-08-31T18:43:40.139+0000] {dag.py:4180} INFO - Setting next_dagrun for example_xcom to 2021-01-01 00:00:00+00:00, run_after=2021-01-01 00:00:00+00:00
[2025-08-31T18:43:40.164+0000] {processor.py:208} INFO - Processing /home/krishnaformeera/Sumitomo/datapipeline/venv/lib/python3.11/site-packages/airflow/example_dags/example_xcom.py took 0.098 seconds
[2025-08-31T18:44:30.891+0000] {processor.py:186} INFO - Started process (PID=7122) to work on /home/krishnaformeera/Sumitomo/datapipeline/venv/lib/python3.11/site-packages/airflow/example_dags/example_xcom.py
[2025-08-31T18:44:30.892+0000] {processor.py:914} INFO - Processing file /home/krishnaformeera/Sumitomo/datapipeline/venv/lib/python3.11/site-packages/airflow/example_dags/example_xcom.py for tasks to queue
[2025-08-31T18:44:30.895+0000] {logging_mixin.py:190} INFO - [2025-08-31T18:44:30.894+0000] {dagbag.py:588} INFO - Filling up the DagBag from /home/krishnaformeera/Sumitomo/datapipeline/venv/lib/python3.11/site-packages/airflow/example_dags/example_xcom.py
[2025-08-31T18:44:30.906+0000] {processor.py:925} INFO - DAG(s) 'example_xcom' retrieved from /home/krishnaformeera/Sumitomo/datapipeline/venv/lib/python3.11/site-packages/airflow/example_dags/example_xcom.py
[2025-08-31T18:44:30.925+0000] {logging_mixin.py:190} INFO - [2025-08-31T18:44:30.925+0000] {dag.py:3239} INFO - Sync 1 DAGs
[2025-08-31T18:44:30.946+0000] {logging_mixin.py:190} INFO - [2025-08-31T18:44:30.946+0000] {dag.py:4180} INFO - Setting next_dagrun for example_xcom to 2021-01-01 00:00:00+00:00, run_after=2021-01-01 00:00:00+00:00
[2025-08-31T18:44:30.970+0000] {processor.py:208} INFO - Processing /home/krishnaformeera/Sumitomo/datapipeline/venv/lib/python3.11/site-packages/airflow/example_dags/example_xcom.py took 0.087 seconds
[2025-08-31T18:45:22.053+0000] {processor.py:186} INFO - Started process (PID=7365) to work on /home/krishnaformeera/Sumitomo/datapipeline/venv/lib/python3.11/site-packages/airflow/example_dags/example_xcom.py
[2025-08-31T18:45:22.054+0000] {processor.py:914} INFO - Processing file /home/krishnaformeera/Sumitomo/datapipeline/venv/lib/python3.11/site-packages/airflow/example_dags/example_xcom.py for tasks to queue
[2025-08-31T18:45:22.057+0000] {logging_mixin.py:190} INFO - [2025-08-31T18:45:22.056+0000] {dagbag.py:588} INFO - Filling up the DagBag from /home/krishnaformeera/Sumitomo/datapipeline/venv/lib/python3.11/site-packages/airflow/example_dags/example_xcom.py
[2025-08-31T18:45:22.066+0000] {processor.py:925} INFO - DAG(s) 'example_xcom' retrieved from /home/krishnaformeera/Sumitomo/datapipeline/venv/lib/python3.11/site-packages/airflow/example_dags/example_xcom.py
[2025-08-31T18:45:22.082+0000] {logging_mixin.py:190} INFO - [2025-08-31T18:45:22.082+0000] {dag.py:3239} INFO - Sync 1 DAGs
[2025-08-31T18:45:22.099+0000] {logging_mixin.py:190} INFO - [2025-08-31T18:45:22.099+0000] {dag.py:4180} INFO - Setting next_dagrun for example_xcom to 2021-01-01 00:00:00+00:00, run_after=2021-01-01 00:00:00+00:00
[2025-08-31T18:45:22.120+0000] {processor.py:208} INFO - Processing /home/krishnaformeera/Sumitomo/datapipeline/venv/lib/python3.11/site-packages/airflow/example_dags/example_xcom.py took 0.073 seconds
[2025-08-31T18:46:14.080+0000] {processor.py:186} INFO - Started process (PID=7633) to work on /home/krishnaformeera/Sumitomo/datapipeline/venv/lib/python3.11/site-packages/airflow/example_dags/example_xcom.py
[2025-08-31T18:46:14.081+0000] {processor.py:914} INFO - Processing file /home/krishnaformeera/Sumitomo/datapipeline/venv/lib/python3.11/site-packages/airflow/example_dags/example_xcom.py for tasks to queue
[2025-08-31T18:46:14.083+0000] {logging_mixin.py:190} INFO - [2025-08-31T18:46:14.083+0000] {dagbag.py:588} INFO - Filling up the DagBag from /home/krishnaformeera/Sumitomo/datapipeline/venv/lib/python3.11/site-packages/airflow/example_dags/example_xcom.py
[2025-08-31T18:46:14.094+0000] {processor.py:925} INFO - DAG(s) 'example_xcom' retrieved from /home/krishnaformeera/Sumitomo/datapipeline/venv/lib/python3.11/site-packages/airflow/example_dags/example_xcom.py
[2025-08-31T18:46:14.110+0000] {logging_mixin.py:190} INFO - [2025-08-31T18:46:14.110+0000] {dag.py:3239} INFO - Sync 1 DAGs
[2025-08-31T18:46:14.128+0000] {logging_mixin.py:190} INFO - [2025-08-31T18:46:14.128+0000] {dag.py:4180} INFO - Setting next_dagrun for example_xcom to 2021-01-01 00:00:00+00:00, run_after=2021-01-01 00:00:00+00:00
[2025-08-31T18:46:14.149+0000] {processor.py:208} INFO - Processing /home/krishnaformeera/Sumitomo/datapipeline/venv/lib/python3.11/site-packages/airflow/example_dags/example_xcom.py took 0.077 seconds
[2025-08-31T18:47:07.099+0000] {processor.py:186} INFO - Started process (PID=7773) to work on /home/krishnaformeera/Sumitomo/datapipeline/venv/lib/python3.11/site-packages/airflow/example_dags/example_xcom.py
[2025-08-31T18:47:07.100+0000] {processor.py:914} INFO - Processing file /home/krishnaformeera/Sumitomo/datapipeline/venv/lib/python3.11/site-packages/airflow/example_dags/example_xcom.py for tasks to queue
[2025-08-31T18:47:07.102+0000] {logging_mixin.py:190} INFO - [2025-08-31T18:47:07.102+0000] {dagbag.py:588} INFO - Filling up the DagBag from /home/krishnaformeera/Sumitomo/datapipeline/venv/lib/python3.11/site-packages/airflow/example_dags/example_xcom.py
[2025-08-31T18:47:07.112+0000] {processor.py:925} INFO - DAG(s) 'example_xcom' retrieved from /home/krishnaformeera/Sumitomo/datapipeline/venv/lib/python3.11/site-packages/airflow/example_dags/example_xcom.py
[2025-08-31T18:47:07.127+0000] {logging_mixin.py:190} INFO - [2025-08-31T18:47:07.127+0000] {dag.py:3239} INFO - Sync 1 DAGs
[2025-08-31T18:47:07.147+0000] {logging_mixin.py:190} INFO - [2025-08-31T18:47:07.147+0000] {dag.py:4180} INFO - Setting next_dagrun for example_xcom to 2021-01-01 00:00:00+00:00, run_after=2021-01-01 00:00:00+00:00
[2025-08-31T18:47:07.173+0000] {processor.py:208} INFO - Processing /home/krishnaformeera/Sumitomo/datapipeline/venv/lib/python3.11/site-packages/airflow/example_dags/example_xcom.py took 0.080 seconds
[2025-08-31T18:47:56.785+0000] {processor.py:186} INFO - Started process (PID=7829) to work on /home/krishnaformeera/Sumitomo/datapipeline/venv/lib/python3.11/site-packages/airflow/example_dags/example_xcom.py
[2025-08-31T18:47:56.786+0000] {processor.py:914} INFO - Processing file /home/krishnaformeera/Sumitomo/datapipeline/venv/lib/python3.11/site-packages/airflow/example_dags/example_xcom.py for tasks to queue
[2025-08-31T18:47:56.788+0000] {logging_mixin.py:190} INFO - [2025-08-31T18:47:56.787+0000] {dagbag.py:588} INFO - Filling up the DagBag from /home/krishnaformeera/Sumitomo/datapipeline/venv/lib/python3.11/site-packages/airflow/example_dags/example_xcom.py
[2025-08-31T18:47:56.799+0000] {processor.py:925} INFO - DAG(s) 'example_xcom' retrieved from /home/krishnaformeera/Sumitomo/datapipeline/venv/lib/python3.11/site-packages/airflow/example_dags/example_xcom.py
[2025-08-31T18:47:56.815+0000] {logging_mixin.py:190} INFO - [2025-08-31T18:47:56.815+0000] {dag.py:3239} INFO - Sync 1 DAGs
[2025-08-31T18:47:56.833+0000] {logging_mixin.py:190} INFO - [2025-08-31T18:47:56.832+0000] {dag.py:4180} INFO - Setting next_dagrun for example_xcom to 2021-01-01 00:00:00+00:00, run_after=2021-01-01 00:00:00+00:00
[2025-08-31T18:47:56.854+0000] {processor.py:208} INFO - Processing /home/krishnaformeera/Sumitomo/datapipeline/venv/lib/python3.11/site-packages/airflow/example_dags/example_xcom.py took 0.077 seconds
[2025-08-31T18:48:47.550+0000] {processor.py:186} INFO - Started process (PID=7884) to work on /home/krishnaformeera/Sumitomo/datapipeline/venv/lib/python3.11/site-packages/airflow/example_dags/example_xcom.py
[2025-08-31T18:48:47.552+0000] {processor.py:914} INFO - Processing file /home/krishnaformeera/Sumitomo/datapipeline/venv/lib/python3.11/site-packages/airflow/example_dags/example_xcom.py for tasks to queue
[2025-08-31T18:48:47.555+0000] {logging_mixin.py:190} INFO - [2025-08-31T18:48:47.554+0000] {dagbag.py:588} INFO - Filling up the DagBag from /home/krishnaformeera/Sumitomo/datapipeline/venv/lib/python3.11/site-packages/airflow/example_dags/example_xcom.py
[2025-08-31T18:48:47.567+0000] {processor.py:925} INFO - DAG(s) 'example_xcom' retrieved from /home/krishnaformeera/Sumitomo/datapipeline/venv/lib/python3.11/site-packages/airflow/example_dags/example_xcom.py
[2025-08-31T18:48:47.585+0000] {logging_mixin.py:190} INFO - [2025-08-31T18:48:47.584+0000] {dag.py:3239} INFO - Sync 1 DAGs
[2025-08-31T18:48:47.603+0000] {logging_mixin.py:190} INFO - [2025-08-31T18:48:47.603+0000] {dag.py:4180} INFO - Setting next_dagrun for example_xcom to 2021-01-01 00:00:00+00:00, run_after=2021-01-01 00:00:00+00:00
[2025-08-31T18:48:47.623+0000] {processor.py:208} INFO - Processing /home/krishnaformeera/Sumitomo/datapipeline/venv/lib/python3.11/site-packages/airflow/example_dags/example_xcom.py took 0.083 seconds
[2025-08-31T18:49:38.293+0000] {processor.py:186} INFO - Started process (PID=7947) to work on /home/krishnaformeera/Sumitomo/datapipeline/venv/lib/python3.11/site-packages/airflow/example_dags/example_xcom.py
[2025-08-31T18:49:38.296+0000] {processor.py:914} INFO - Processing file /home/krishnaformeera/Sumitomo/datapipeline/venv/lib/python3.11/site-packages/airflow/example_dags/example_xcom.py for tasks to queue
[2025-08-31T18:49:38.298+0000] {logging_mixin.py:190} INFO - [2025-08-31T18:49:38.298+0000] {dagbag.py:588} INFO - Filling up the DagBag from /home/krishnaformeera/Sumitomo/datapipeline/venv/lib/python3.11/site-packages/airflow/example_dags/example_xcom.py
[2025-08-31T18:49:38.310+0000] {processor.py:925} INFO - DAG(s) 'example_xcom' retrieved from /home/krishnaformeera/Sumitomo/datapipeline/venv/lib/python3.11/site-packages/airflow/example_dags/example_xcom.py
[2025-08-31T18:49:38.328+0000] {logging_mixin.py:190} INFO - [2025-08-31T18:49:38.328+0000] {dag.py:3239} INFO - Sync 1 DAGs
[2025-08-31T18:49:38.353+0000] {logging_mixin.py:190} INFO - [2025-08-31T18:49:38.353+0000] {dag.py:4180} INFO - Setting next_dagrun for example_xcom to 2021-01-01 00:00:00+00:00, run_after=2021-01-01 00:00:00+00:00
[2025-08-31T18:49:38.376+0000] {processor.py:208} INFO - Processing /home/krishnaformeera/Sumitomo/datapipeline/venv/lib/python3.11/site-packages/airflow/example_dags/example_xcom.py took 0.090 seconds
[2025-08-31T18:50:31.389+0000] {processor.py:186} INFO - Started process (PID=8060) to work on /home/krishnaformeera/Sumitomo/datapipeline/venv/lib/python3.11/site-packages/airflow/example_dags/example_xcom.py
[2025-08-31T18:50:31.390+0000] {processor.py:914} INFO - Processing file /home/krishnaformeera/Sumitomo/datapipeline/venv/lib/python3.11/site-packages/airflow/example_dags/example_xcom.py for tasks to queue
[2025-08-31T18:50:31.393+0000] {logging_mixin.py:190} INFO - [2025-08-31T18:50:31.392+0000] {dagbag.py:588} INFO - Filling up the DagBag from /home/krishnaformeera/Sumitomo/datapipeline/venv/lib/python3.11/site-packages/airflow/example_dags/example_xcom.py
[2025-08-31T18:50:31.406+0000] {processor.py:925} INFO - DAG(s) 'example_xcom' retrieved from /home/krishnaformeera/Sumitomo/datapipeline/venv/lib/python3.11/site-packages/airflow/example_dags/example_xcom.py
[2025-08-31T18:50:31.428+0000] {logging_mixin.py:190} INFO - [2025-08-31T18:50:31.427+0000] {dag.py:3239} INFO - Sync 1 DAGs
[2025-08-31T18:50:31.446+0000] {logging_mixin.py:190} INFO - [2025-08-31T18:50:31.446+0000] {dag.py:4180} INFO - Setting next_dagrun for example_xcom to 2021-01-01 00:00:00+00:00, run_after=2021-01-01 00:00:00+00:00
[2025-08-31T18:50:31.468+0000] {processor.py:208} INFO - Processing /home/krishnaformeera/Sumitomo/datapipeline/venv/lib/python3.11/site-packages/airflow/example_dags/example_xcom.py took 0.087 seconds
[2025-08-31T18:51:23.413+0000] {processor.py:186} INFO - Started process (PID=8140) to work on /home/krishnaformeera/Sumitomo/datapipeline/venv/lib/python3.11/site-packages/airflow/example_dags/example_xcom.py
[2025-08-31T18:51:23.414+0000] {processor.py:914} INFO - Processing file /home/krishnaformeera/Sumitomo/datapipeline/venv/lib/python3.11/site-packages/airflow/example_dags/example_xcom.py for tasks to queue
[2025-08-31T18:51:23.416+0000] {logging_mixin.py:190} INFO - [2025-08-31T18:51:23.416+0000] {dagbag.py:588} INFO - Filling up the DagBag from /home/krishnaformeera/Sumitomo/datapipeline/venv/lib/python3.11/site-packages/airflow/example_dags/example_xcom.py
[2025-08-31T18:51:23.426+0000] {processor.py:925} INFO - DAG(s) 'example_xcom' retrieved from /home/krishnaformeera/Sumitomo/datapipeline/venv/lib/python3.11/site-packages/airflow/example_dags/example_xcom.py
[2025-08-31T18:51:23.443+0000] {logging_mixin.py:190} INFO - [2025-08-31T18:51:23.442+0000] {dag.py:3239} INFO - Sync 1 DAGs
[2025-08-31T18:51:23.462+0000] {logging_mixin.py:190} INFO - [2025-08-31T18:51:23.462+0000] {dag.py:4180} INFO - Setting next_dagrun for example_xcom to 2021-01-01 00:00:00+00:00, run_after=2021-01-01 00:00:00+00:00
[2025-08-31T18:51:23.490+0000] {processor.py:208} INFO - Processing /home/krishnaformeera/Sumitomo/datapipeline/venv/lib/python3.11/site-packages/airflow/example_dags/example_xcom.py took 0.083 seconds
[2025-08-31T18:52:12.990+0000] {processor.py:186} INFO - Started process (PID=8215) to work on /home/krishnaformeera/Sumitomo/datapipeline/venv/lib/python3.11/site-packages/airflow/example_dags/example_xcom.py
[2025-08-31T18:52:12.991+0000] {processor.py:914} INFO - Processing file /home/krishnaformeera/Sumitomo/datapipeline/venv/lib/python3.11/site-packages/airflow/example_dags/example_xcom.py for tasks to queue
[2025-08-31T18:52:12.993+0000] {logging_mixin.py:190} INFO - [2025-08-31T18:52:12.993+0000] {dagbag.py:588} INFO - Filling up the DagBag from /home/krishnaformeera/Sumitomo/datapipeline/venv/lib/python3.11/site-packages/airflow/example_dags/example_xcom.py
[2025-08-31T18:52:13.004+0000] {processor.py:925} INFO - DAG(s) 'example_xcom' retrieved from /home/krishnaformeera/Sumitomo/datapipeline/venv/lib/python3.11/site-packages/airflow/example_dags/example_xcom.py
[2025-08-31T18:52:13.020+0000] {logging_mixin.py:190} INFO - [2025-08-31T18:52:13.020+0000] {dag.py:3239} INFO - Sync 1 DAGs
[2025-08-31T18:52:13.038+0000] {logging_mixin.py:190} INFO - [2025-08-31T18:52:13.038+0000] {dag.py:4180} INFO - Setting next_dagrun for example_xcom to 2021-01-01 00:00:00+00:00, run_after=2021-01-01 00:00:00+00:00
[2025-08-31T18:52:13.059+0000] {processor.py:208} INFO - Processing /home/krishnaformeera/Sumitomo/datapipeline/venv/lib/python3.11/site-packages/airflow/example_dags/example_xcom.py took 0.076 seconds
[2025-08-31T18:53:01.245+0000] {processor.py:186} INFO - Started process (PID=8272) to work on /home/krishnaformeera/Sumitomo/datapipeline/venv/lib/python3.11/site-packages/airflow/example_dags/example_xcom.py
[2025-08-31T18:53:01.246+0000] {processor.py:914} INFO - Processing file /home/krishnaformeera/Sumitomo/datapipeline/venv/lib/python3.11/site-packages/airflow/example_dags/example_xcom.py for tasks to queue
[2025-08-31T18:53:01.248+0000] {logging_mixin.py:190} INFO - [2025-08-31T18:53:01.248+0000] {dagbag.py:588} INFO - Filling up the DagBag from /home/krishnaformeera/Sumitomo/datapipeline/venv/lib/python3.11/site-packages/airflow/example_dags/example_xcom.py
[2025-08-31T18:53:01.260+0000] {processor.py:925} INFO - DAG(s) 'example_xcom' retrieved from /home/krishnaformeera/Sumitomo/datapipeline/venv/lib/python3.11/site-packages/airflow/example_dags/example_xcom.py
[2025-08-31T18:53:01.276+0000] {logging_mixin.py:190} INFO - [2025-08-31T18:53:01.276+0000] {dag.py:3239} INFO - Sync 1 DAGs
[2025-08-31T18:53:01.294+0000] {logging_mixin.py:190} INFO - [2025-08-31T18:53:01.294+0000] {dag.py:4180} INFO - Setting next_dagrun for example_xcom to 2021-01-01 00:00:00+00:00, run_after=2021-01-01 00:00:00+00:00
[2025-08-31T18:53:01.318+0000] {processor.py:208} INFO - Processing /home/krishnaformeera/Sumitomo/datapipeline/venv/lib/python3.11/site-packages/airflow/example_dags/example_xcom.py took 0.079 seconds
[2025-08-31T18:53:51.079+0000] {processor.py:186} INFO - Started process (PID=8466) to work on /home/krishnaformeera/Sumitomo/datapipeline/venv/lib/python3.11/site-packages/airflow/example_dags/example_xcom.py
[2025-08-31T18:53:51.081+0000] {processor.py:914} INFO - Processing file /home/krishnaformeera/Sumitomo/datapipeline/venv/lib/python3.11/site-packages/airflow/example_dags/example_xcom.py for tasks to queue
[2025-08-31T18:53:51.085+0000] {logging_mixin.py:190} INFO - [2025-08-31T18:53:51.085+0000] {dagbag.py:588} INFO - Filling up the DagBag from /home/krishnaformeera/Sumitomo/datapipeline/venv/lib/python3.11/site-packages/airflow/example_dags/example_xcom.py
[2025-08-31T18:53:51.098+0000] {processor.py:925} INFO - DAG(s) 'example_xcom' retrieved from /home/krishnaformeera/Sumitomo/datapipeline/venv/lib/python3.11/site-packages/airflow/example_dags/example_xcom.py
[2025-08-31T18:53:51.119+0000] {logging_mixin.py:190} INFO - [2025-08-31T18:53:51.118+0000] {dag.py:3239} INFO - Sync 1 DAGs
[2025-08-31T18:53:51.140+0000] {logging_mixin.py:190} INFO - [2025-08-31T18:53:51.140+0000] {dag.py:4180} INFO - Setting next_dagrun for example_xcom to 2021-01-01 00:00:00+00:00, run_after=2021-01-01 00:00:00+00:00
[2025-08-31T18:53:51.164+0000] {processor.py:208} INFO - Processing /home/krishnaformeera/Sumitomo/datapipeline/venv/lib/python3.11/site-packages/airflow/example_dags/example_xcom.py took 0.094 seconds
[2025-08-31T18:54:38.992+0000] {processor.py:186} INFO - Started process (PID=8516) to work on /home/krishnaformeera/Sumitomo/datapipeline/venv/lib/python3.11/site-packages/airflow/example_dags/example_xcom.py
[2025-08-31T18:54:38.994+0000] {processor.py:914} INFO - Processing file /home/krishnaformeera/Sumitomo/datapipeline/venv/lib/python3.11/site-packages/airflow/example_dags/example_xcom.py for tasks to queue
[2025-08-31T18:54:38.996+0000] {logging_mixin.py:190} INFO - [2025-08-31T18:54:38.995+0000] {dagbag.py:588} INFO - Filling up the DagBag from /home/krishnaformeera/Sumitomo/datapipeline/venv/lib/python3.11/site-packages/airflow/example_dags/example_xcom.py
[2025-08-31T18:54:39.008+0000] {processor.py:925} INFO - DAG(s) 'example_xcom' retrieved from /home/krishnaformeera/Sumitomo/datapipeline/venv/lib/python3.11/site-packages/airflow/example_dags/example_xcom.py
[2025-08-31T18:54:39.027+0000] {logging_mixin.py:190} INFO - [2025-08-31T18:54:39.027+0000] {dag.py:3239} INFO - Sync 1 DAGs
[2025-08-31T18:54:39.048+0000] {logging_mixin.py:190} INFO - [2025-08-31T18:54:39.048+0000] {dag.py:4180} INFO - Setting next_dagrun for example_xcom to 2021-01-01 00:00:00+00:00, run_after=2021-01-01 00:00:00+00:00
[2025-08-31T18:54:39.079+0000] {processor.py:208} INFO - Processing /home/krishnaformeera/Sumitomo/datapipeline/venv/lib/python3.11/site-packages/airflow/example_dags/example_xcom.py took 0.093 seconds
[2025-08-31T18:55:32.627+0000] {processor.py:186} INFO - Started process (PID=8596) to work on /home/krishnaformeera/Sumitomo/datapipeline/venv/lib/python3.11/site-packages/airflow/example_dags/example_xcom.py
[2025-08-31T18:55:32.628+0000] {processor.py:914} INFO - Processing file /home/krishnaformeera/Sumitomo/datapipeline/venv/lib/python3.11/site-packages/airflow/example_dags/example_xcom.py for tasks to queue
[2025-08-31T18:55:32.631+0000] {logging_mixin.py:190} INFO - [2025-08-31T18:55:32.630+0000] {dagbag.py:588} INFO - Filling up the DagBag from /home/krishnaformeera/Sumitomo/datapipeline/venv/lib/python3.11/site-packages/airflow/example_dags/example_xcom.py
[2025-08-31T18:55:32.642+0000] {processor.py:925} INFO - DAG(s) 'example_xcom' retrieved from /home/krishnaformeera/Sumitomo/datapipeline/venv/lib/python3.11/site-packages/airflow/example_dags/example_xcom.py
[2025-08-31T18:55:32.660+0000] {logging_mixin.py:190} INFO - [2025-08-31T18:55:32.659+0000] {dag.py:3239} INFO - Sync 1 DAGs
[2025-08-31T18:55:32.678+0000] {logging_mixin.py:190} INFO - [2025-08-31T18:55:32.678+0000] {dag.py:4180} INFO - Setting next_dagrun for example_xcom to 2021-01-01 00:00:00+00:00, run_after=2021-01-01 00:00:00+00:00
[2025-08-31T18:55:32.700+0000] {processor.py:208} INFO - Processing /home/krishnaformeera/Sumitomo/datapipeline/venv/lib/python3.11/site-packages/airflow/example_dags/example_xcom.py took 0.080 seconds
[2025-08-31T18:56:26.417+0000] {processor.py:186} INFO - Started process (PID=8665) to work on /home/krishnaformeera/Sumitomo/datapipeline/venv/lib/python3.11/site-packages/airflow/example_dags/example_xcom.py
[2025-08-31T18:56:26.419+0000] {processor.py:914} INFO - Processing file /home/krishnaformeera/Sumitomo/datapipeline/venv/lib/python3.11/site-packages/airflow/example_dags/example_xcom.py for tasks to queue
[2025-08-31T18:56:26.422+0000] {logging_mixin.py:190} INFO - [2025-08-31T18:56:26.422+0000] {dagbag.py:588} INFO - Filling up the DagBag from /home/krishnaformeera/Sumitomo/datapipeline/venv/lib/python3.11/site-packages/airflow/example_dags/example_xcom.py
[2025-08-31T18:56:26.435+0000] {processor.py:925} INFO - DAG(s) 'example_xcom' retrieved from /home/krishnaformeera/Sumitomo/datapipeline/venv/lib/python3.11/site-packages/airflow/example_dags/example_xcom.py
[2025-08-31T18:56:26.453+0000] {logging_mixin.py:190} INFO - [2025-08-31T18:56:26.453+0000] {dag.py:3239} INFO - Sync 1 DAGs
[2025-08-31T18:56:26.471+0000] {logging_mixin.py:190} INFO - [2025-08-31T18:56:26.471+0000] {dag.py:4180} INFO - Setting next_dagrun for example_xcom to 2021-01-01 00:00:00+00:00, run_after=2021-01-01 00:00:00+00:00
[2025-08-31T18:56:26.493+0000] {processor.py:208} INFO - Processing /home/krishnaformeera/Sumitomo/datapipeline/venv/lib/python3.11/site-packages/airflow/example_dags/example_xcom.py took 0.084 seconds
[2025-08-31T18:57:18.994+0000] {processor.py:186} INFO - Started process (PID=8718) to work on /home/krishnaformeera/Sumitomo/datapipeline/venv/lib/python3.11/site-packages/airflow/example_dags/example_xcom.py
[2025-08-31T18:57:18.995+0000] {processor.py:914} INFO - Processing file /home/krishnaformeera/Sumitomo/datapipeline/venv/lib/python3.11/site-packages/airflow/example_dags/example_xcom.py for tasks to queue
[2025-08-31T18:57:18.997+0000] {logging_mixin.py:190} INFO - [2025-08-31T18:57:18.997+0000] {dagbag.py:588} INFO - Filling up the DagBag from /home/krishnaformeera/Sumitomo/datapipeline/venv/lib/python3.11/site-packages/airflow/example_dags/example_xcom.py
[2025-08-31T18:57:19.010+0000] {processor.py:925} INFO - DAG(s) 'example_xcom' retrieved from /home/krishnaformeera/Sumitomo/datapipeline/venv/lib/python3.11/site-packages/airflow/example_dags/example_xcom.py
[2025-08-31T18:57:19.027+0000] {logging_mixin.py:190} INFO - [2025-08-31T18:57:19.027+0000] {dag.py:3239} INFO - Sync 1 DAGs
[2025-08-31T18:57:19.045+0000] {logging_mixin.py:190} INFO - [2025-08-31T18:57:19.045+0000] {dag.py:4180} INFO - Setting next_dagrun for example_xcom to 2021-01-01 00:00:00+00:00, run_after=2021-01-01 00:00:00+00:00
[2025-08-31T18:57:19.068+0000] {processor.py:208} INFO - Processing /home/krishnaformeera/Sumitomo/datapipeline/venv/lib/python3.11/site-packages/airflow/example_dags/example_xcom.py took 0.081 seconds
[2025-08-31T18:58:12.088+0000] {processor.py:186} INFO - Started process (PID=8772) to work on /home/krishnaformeera/Sumitomo/datapipeline/venv/lib/python3.11/site-packages/airflow/example_dags/example_xcom.py
[2025-08-31T18:58:12.090+0000] {processor.py:914} INFO - Processing file /home/krishnaformeera/Sumitomo/datapipeline/venv/lib/python3.11/site-packages/airflow/example_dags/example_xcom.py for tasks to queue
[2025-08-31T18:58:12.094+0000] {logging_mixin.py:190} INFO - [2025-08-31T18:58:12.093+0000] {dagbag.py:588} INFO - Filling up the DagBag from /home/krishnaformeera/Sumitomo/datapipeline/venv/lib/python3.11/site-packages/airflow/example_dags/example_xcom.py
[2025-08-31T18:58:12.112+0000] {processor.py:925} INFO - DAG(s) 'example_xcom' retrieved from /home/krishnaformeera/Sumitomo/datapipeline/venv/lib/python3.11/site-packages/airflow/example_dags/example_xcom.py
[2025-08-31T18:58:12.129+0000] {logging_mixin.py:190} INFO - [2025-08-31T18:58:12.129+0000] {dag.py:3239} INFO - Sync 1 DAGs
[2025-08-31T18:58:12.150+0000] {logging_mixin.py:190} INFO - [2025-08-31T18:58:12.150+0000] {dag.py:4180} INFO - Setting next_dagrun for example_xcom to 2021-01-01 00:00:00+00:00, run_after=2021-01-01 00:00:00+00:00
[2025-08-31T18:58:12.177+0000] {processor.py:208} INFO - Processing /home/krishnaformeera/Sumitomo/datapipeline/venv/lib/python3.11/site-packages/airflow/example_dags/example_xcom.py took 0.101 seconds
[2025-08-31T18:59:04.578+0000] {processor.py:186} INFO - Started process (PID=8825) to work on /home/krishnaformeera/Sumitomo/datapipeline/venv/lib/python3.11/site-packages/airflow/example_dags/example_xcom.py
[2025-08-31T18:59:04.580+0000] {processor.py:914} INFO - Processing file /home/krishnaformeera/Sumitomo/datapipeline/venv/lib/python3.11/site-packages/airflow/example_dags/example_xcom.py for tasks to queue
[2025-08-31T18:59:04.582+0000] {logging_mixin.py:190} INFO - [2025-08-31T18:59:04.581+0000] {dagbag.py:588} INFO - Filling up the DagBag from /home/krishnaformeera/Sumitomo/datapipeline/venv/lib/python3.11/site-packages/airflow/example_dags/example_xcom.py
[2025-08-31T18:59:04.599+0000] {processor.py:925} INFO - DAG(s) 'example_xcom' retrieved from /home/krishnaformeera/Sumitomo/datapipeline/venv/lib/python3.11/site-packages/airflow/example_dags/example_xcom.py
[2025-08-31T18:59:04.621+0000] {logging_mixin.py:190} INFO - [2025-08-31T18:59:04.621+0000] {dag.py:3239} INFO - Sync 1 DAGs
[2025-08-31T18:59:04.642+0000] {logging_mixin.py:190} INFO - [2025-08-31T18:59:04.641+0000] {dag.py:4180} INFO - Setting next_dagrun for example_xcom to 2021-01-01 00:00:00+00:00, run_after=2021-01-01 00:00:00+00:00
[2025-08-31T18:59:04.665+0000] {processor.py:208} INFO - Processing /home/krishnaformeera/Sumitomo/datapipeline/venv/lib/python3.11/site-packages/airflow/example_dags/example_xcom.py took 0.095 seconds
