[2025-08-31T18:31:36.985+0000] {processor.py:186} INFO - Started process (PID=5272) to work on /home/krishnaformeera/Sumitomo/datapipeline/venv/lib/python3.11/site-packages/airflow/example_dags/example_branch_operator_decorator.py
[2025-08-31T18:31:36.986+0000] {processor.py:914} INFO - Processing file /home/krishnaformeera/Sumitomo/datapipeline/venv/lib/python3.11/site-packages/airflow/example_dags/example_branch_operator_decorator.py for tasks to queue
[2025-08-31T18:31:36.988+0000] {logging_mixin.py:190} INFO - [2025-08-31T18:31:36.988+0000] {dagbag.py:588} INFO - Filling up the DagBag from /home/krishnaformeera/Sumitomo/datapipeline/venv/lib/python3.11/site-packages/airflow/example_dags/example_branch_operator_decorator.py
[2025-08-31T18:31:36.991+0000] {processor.py:927} WARNING - No viable dags retrieved from /home/krishnaformeera/Sumitomo/datapipeline/venv/lib/python3.11/site-packages/airflow/example_dags/example_branch_operator_decorator.py
[2025-08-31T18:31:37.001+0000] {processor.py:208} INFO - Processing /home/krishnaformeera/Sumitomo/datapipeline/venv/lib/python3.11/site-packages/airflow/example_dags/example_branch_operator_decorator.py took 0.022 seconds
[2025-08-31T18:32:36.935+0000] {processor.py:186} INFO - Started process (PID=5332) to work on /home/krishnaformeera/Sumitomo/datapipeline/venv/lib/python3.11/site-packages/airflow/example_dags/example_branch_operator_decorator.py
[2025-08-31T18:32:36.936+0000] {processor.py:914} INFO - Processing file /home/krishnaformeera/Sumitomo/datapipeline/venv/lib/python3.11/site-packages/airflow/example_dags/example_branch_operator_decorator.py for tasks to queue
[2025-08-31T18:32:36.938+0000] {logging_mixin.py:190} INFO - [2025-08-31T18:32:36.938+0000] {dagbag.py:588} INFO - Filling up the DagBag from /home/krishnaformeera/Sumitomo/datapipeline/venv/lib/python3.11/site-packages/airflow/example_dags/example_branch_operator_decorator.py
[2025-08-31T18:32:36.941+0000] {processor.py:927} WARNING - No viable dags retrieved from /home/krishnaformeera/Sumitomo/datapipeline/venv/lib/python3.11/site-packages/airflow/example_dags/example_branch_operator_decorator.py
[2025-08-31T18:32:36.956+0000] {processor.py:208} INFO - Processing /home/krishnaformeera/Sumitomo/datapipeline/venv/lib/python3.11/site-packages/airflow/example_dags/example_branch_operator_decorator.py took 0.028 seconds
[2025-08-31T18:33:52.650+0000] {processor.py:186} INFO - Started process (PID=5408) to work on /home/krishnaformeera/Sumitomo/datapipeline/venv/lib/python3.11/site-packages/airflow/example_dags/example_branch_operator_decorator.py
[2025-08-31T18:33:52.652+0000] {processor.py:914} INFO - Processing file /home/krishnaformeera/Sumitomo/datapipeline/venv/lib/python3.11/site-packages/airflow/example_dags/example_branch_operator_decorator.py for tasks to queue
[2025-08-31T18:33:52.654+0000] {logging_mixin.py:190} INFO - [2025-08-31T18:33:52.654+0000] {dagbag.py:588} INFO - Filling up the DagBag from /home/krishnaformeera/Sumitomo/datapipeline/venv/lib/python3.11/site-packages/airflow/example_dags/example_branch_operator_decorator.py
[2025-08-31T18:33:52.657+0000] {processor.py:927} WARNING - No viable dags retrieved from /home/krishnaformeera/Sumitomo/datapipeline/venv/lib/python3.11/site-packages/airflow/example_dags/example_branch_operator_decorator.py
[2025-08-31T18:33:52.793+0000] {processor.py:208} INFO - Processing /home/krishnaformeera/Sumitomo/datapipeline/venv/lib/python3.11/site-packages/airflow/example_dags/example_branch_operator_decorator.py took 0.151 seconds
[2025-08-31T18:34:47.759+0000] {processor.py:186} INFO - Started process (PID=5465) to work on /home/krishnaformeera/Sumitomo/datapipeline/venv/lib/python3.11/site-packages/airflow/example_dags/example_branch_operator_decorator.py
[2025-08-31T18:34:47.761+0000] {processor.py:914} INFO - Processing file /home/krishnaformeera/Sumitomo/datapipeline/venv/lib/python3.11/site-packages/airflow/example_dags/example_branch_operator_decorator.py for tasks to queue
[2025-08-31T18:34:47.763+0000] {logging_mixin.py:190} INFO - [2025-08-31T18:34:47.763+0000] {dagbag.py:588} INFO - Filling up the DagBag from /home/krishnaformeera/Sumitomo/datapipeline/venv/lib/python3.11/site-packages/airflow/example_dags/example_branch_operator_decorator.py
[2025-08-31T18:34:47.766+0000] {processor.py:927} WARNING - No viable dags retrieved from /home/krishnaformeera/Sumitomo/datapipeline/venv/lib/python3.11/site-packages/airflow/example_dags/example_branch_operator_decorator.py
[2025-08-31T18:34:47.779+0000] {processor.py:208} INFO - Processing /home/krishnaformeera/Sumitomo/datapipeline/venv/lib/python3.11/site-packages/airflow/example_dags/example_branch_operator_decorator.py took 0.027 seconds
[2025-08-31T18:36:03.300+0000] {processor.py:186} INFO - Started process (PID=5554) to work on /home/krishnaformeera/Sumitomo/datapipeline/venv/lib/python3.11/site-packages/airflow/example_dags/example_branch_operator_decorator.py
[2025-08-31T18:36:03.304+0000] {processor.py:914} INFO - Processing file /home/krishnaformeera/Sumitomo/datapipeline/venv/lib/python3.11/site-packages/airflow/example_dags/example_branch_operator_decorator.py for tasks to queue
[2025-08-31T18:36:03.306+0000] {logging_mixin.py:190} INFO - [2025-08-31T18:36:03.306+0000] {dagbag.py:588} INFO - Filling up the DagBag from /home/krishnaformeera/Sumitomo/datapipeline/venv/lib/python3.11/site-packages/airflow/example_dags/example_branch_operator_decorator.py
[2025-08-31T18:36:03.309+0000] {processor.py:927} WARNING - No viable dags retrieved from /home/krishnaformeera/Sumitomo/datapipeline/venv/lib/python3.11/site-packages/airflow/example_dags/example_branch_operator_decorator.py
[2025-08-31T18:36:03.323+0000] {processor.py:208} INFO - Processing /home/krishnaformeera/Sumitomo/datapipeline/venv/lib/python3.11/site-packages/airflow/example_dags/example_branch_operator_decorator.py took 0.030 seconds
[2025-08-31T18:37:19.762+0000] {processor.py:186} INFO - Started process (PID=5646) to work on /home/krishnaformeera/Sumitomo/datapipeline/venv/lib/python3.11/site-packages/airflow/example_dags/example_branch_operator_decorator.py
[2025-08-31T18:37:19.763+0000] {processor.py:914} INFO - Processing file /home/krishnaformeera/Sumitomo/datapipeline/venv/lib/python3.11/site-packages/airflow/example_dags/example_branch_operator_decorator.py for tasks to queue
[2025-08-31T18:37:19.765+0000] {logging_mixin.py:190} INFO - [2025-08-31T18:37:19.765+0000] {dagbag.py:588} INFO - Filling up the DagBag from /home/krishnaformeera/Sumitomo/datapipeline/venv/lib/python3.11/site-packages/airflow/example_dags/example_branch_operator_decorator.py
[2025-08-31T18:37:19.768+0000] {processor.py:927} WARNING - No viable dags retrieved from /home/krishnaformeera/Sumitomo/datapipeline/venv/lib/python3.11/site-packages/airflow/example_dags/example_branch_operator_decorator.py
[2025-08-31T18:37:19.782+0000] {processor.py:208} INFO - Processing /home/krishnaformeera/Sumitomo/datapipeline/venv/lib/python3.11/site-packages/airflow/example_dags/example_branch_operator_decorator.py took 0.028 seconds
[2025-08-31T18:40:43.758+0000] {processor.py:186} INFO - Started process (PID=6270) to work on /home/krishnaformeera/Sumitomo/datapipeline/venv/lib/python3.11/site-packages/airflow/example_dags/example_branch_operator_decorator.py
[2025-08-31T18:40:43.761+0000] {processor.py:914} INFO - Processing file /home/krishnaformeera/Sumitomo/datapipeline/venv/lib/python3.11/site-packages/airflow/example_dags/example_branch_operator_decorator.py for tasks to queue
[2025-08-31T18:40:43.764+0000] {logging_mixin.py:190} INFO - [2025-08-31T18:40:43.764+0000] {dagbag.py:588} INFO - Filling up the DagBag from /home/krishnaformeera/Sumitomo/datapipeline/venv/lib/python3.11/site-packages/airflow/example_dags/example_branch_operator_decorator.py
[2025-08-31T18:40:43.767+0000] {processor.py:927} WARNING - No viable dags retrieved from /home/krishnaformeera/Sumitomo/datapipeline/venv/lib/python3.11/site-packages/airflow/example_dags/example_branch_operator_decorator.py
[2025-08-31T18:40:43.781+0000] {processor.py:208} INFO - Processing /home/krishnaformeera/Sumitomo/datapipeline/venv/lib/python3.11/site-packages/airflow/example_dags/example_branch_operator_decorator.py took 0.029 seconds
[2025-08-31T18:41:59.592+0000] {processor.py:186} INFO - Started process (PID=6533) to work on /home/krishnaformeera/Sumitomo/datapipeline/venv/lib/python3.11/site-packages/airflow/example_dags/example_branch_operator_decorator.py
[2025-08-31T18:41:59.593+0000] {processor.py:914} INFO - Processing file /home/krishnaformeera/Sumitomo/datapipeline/venv/lib/python3.11/site-packages/airflow/example_dags/example_branch_operator_decorator.py for tasks to queue
[2025-08-31T18:41:59.595+0000] {logging_mixin.py:190} INFO - [2025-08-31T18:41:59.594+0000] {dagbag.py:588} INFO - Filling up the DagBag from /home/krishnaformeera/Sumitomo/datapipeline/venv/lib/python3.11/site-packages/airflow/example_dags/example_branch_operator_decorator.py
[2025-08-31T18:41:59.597+0000] {processor.py:927} WARNING - No viable dags retrieved from /home/krishnaformeera/Sumitomo/datapipeline/venv/lib/python3.11/site-packages/airflow/example_dags/example_branch_operator_decorator.py
[2025-08-31T18:41:59.608+0000] {processor.py:208} INFO - Processing /home/krishnaformeera/Sumitomo/datapipeline/venv/lib/python3.11/site-packages/airflow/example_dags/example_branch_operator_decorator.py took 0.023 seconds
[2025-08-31T18:42:59.987+0000] {processor.py:186} INFO - Started process (PID=6752) to work on /home/krishnaformeera/Sumitomo/datapipeline/venv/lib/python3.11/site-packages/airflow/example_dags/example_branch_operator_decorator.py
[2025-08-31T18:42:59.988+0000] {processor.py:914} INFO - Processing file /home/krishnaformeera/Sumitomo/datapipeline/venv/lib/python3.11/site-packages/airflow/example_dags/example_branch_operator_decorator.py for tasks to queue
[2025-08-31T18:42:59.990+0000] {logging_mixin.py:190} INFO - [2025-08-31T18:42:59.990+0000] {dagbag.py:588} INFO - Filling up the DagBag from /home/krishnaformeera/Sumitomo/datapipeline/venv/lib/python3.11/site-packages/airflow/example_dags/example_branch_operator_decorator.py
[2025-08-31T18:42:59.993+0000] {processor.py:927} WARNING - No viable dags retrieved from /home/krishnaformeera/Sumitomo/datapipeline/venv/lib/python3.11/site-packages/airflow/example_dags/example_branch_operator_decorator.py
[2025-08-31T18:43:00.096+0000] {processor.py:208} INFO - Processing /home/krishnaformeera/Sumitomo/datapipeline/venv/lib/python3.11/site-packages/airflow/example_dags/example_branch_operator_decorator.py took 0.114 seconds
[2025-08-31T18:43:56.381+0000] {processor.py:186} INFO - Started process (PID=6988) to work on /home/krishnaformeera/Sumitomo/datapipeline/venv/lib/python3.11/site-packages/airflow/example_dags/example_branch_operator_decorator.py
[2025-08-31T18:43:56.384+0000] {processor.py:914} INFO - Processing file /home/krishnaformeera/Sumitomo/datapipeline/venv/lib/python3.11/site-packages/airflow/example_dags/example_branch_operator_decorator.py for tasks to queue
[2025-08-31T18:43:56.387+0000] {logging_mixin.py:190} INFO - [2025-08-31T18:43:56.386+0000] {dagbag.py:588} INFO - Filling up the DagBag from /home/krishnaformeera/Sumitomo/datapipeline/venv/lib/python3.11/site-packages/airflow/example_dags/example_branch_operator_decorator.py
[2025-08-31T18:43:56.394+0000] {processor.py:927} WARNING - No viable dags retrieved from /home/krishnaformeera/Sumitomo/datapipeline/venv/lib/python3.11/site-packages/airflow/example_dags/example_branch_operator_decorator.py
[2025-08-31T18:43:56.420+0000] {processor.py:208} INFO - Processing /home/krishnaformeera/Sumitomo/datapipeline/venv/lib/python3.11/site-packages/airflow/example_dags/example_branch_operator_decorator.py took 0.050 seconds
[2025-08-31T18:45:11.213+0000] {processor.py:186} INFO - Started process (PID=7321) to work on /home/krishnaformeera/Sumitomo/datapipeline/venv/lib/python3.11/site-packages/airflow/example_dags/example_branch_operator_decorator.py
[2025-08-31T18:45:11.215+0000] {processor.py:914} INFO - Processing file /home/krishnaformeera/Sumitomo/datapipeline/venv/lib/python3.11/site-packages/airflow/example_dags/example_branch_operator_decorator.py for tasks to queue
[2025-08-31T18:45:11.217+0000] {logging_mixin.py:190} INFO - [2025-08-31T18:45:11.217+0000] {dagbag.py:588} INFO - Filling up the DagBag from /home/krishnaformeera/Sumitomo/datapipeline/venv/lib/python3.11/site-packages/airflow/example_dags/example_branch_operator_decorator.py
[2025-08-31T18:45:11.220+0000] {processor.py:927} WARNING - No viable dags retrieved from /home/krishnaformeera/Sumitomo/datapipeline/venv/lib/python3.11/site-packages/airflow/example_dags/example_branch_operator_decorator.py
[2025-08-31T18:45:11.236+0000] {processor.py:208} INFO - Processing /home/krishnaformeera/Sumitomo/datapipeline/venv/lib/python3.11/site-packages/airflow/example_dags/example_branch_operator_decorator.py took 0.029 seconds
[2025-08-31T18:46:29.546+0000] {processor.py:186} INFO - Started process (PID=7649) to work on /home/krishnaformeera/Sumitomo/datapipeline/venv/lib/python3.11/site-packages/airflow/example_dags/example_branch_operator_decorator.py
[2025-08-31T18:46:29.547+0000] {processor.py:914} INFO - Processing file /home/krishnaformeera/Sumitomo/datapipeline/venv/lib/python3.11/site-packages/airflow/example_dags/example_branch_operator_decorator.py for tasks to queue
[2025-08-31T18:46:29.550+0000] {logging_mixin.py:190} INFO - [2025-08-31T18:46:29.550+0000] {dagbag.py:588} INFO - Filling up the DagBag from /home/krishnaformeera/Sumitomo/datapipeline/venv/lib/python3.11/site-packages/airflow/example_dags/example_branch_operator_decorator.py
[2025-08-31T18:46:29.553+0000] {processor.py:927} WARNING - No viable dags retrieved from /home/krishnaformeera/Sumitomo/datapipeline/venv/lib/python3.11/site-packages/airflow/example_dags/example_branch_operator_decorator.py
[2025-08-31T18:46:29.566+0000] {processor.py:208} INFO - Processing /home/krishnaformeera/Sumitomo/datapipeline/venv/lib/python3.11/site-packages/airflow/example_dags/example_branch_operator_decorator.py took 0.026 seconds
[2025-08-31T18:47:48.615+0000] {processor.py:186} INFO - Started process (PID=7819) to work on /home/krishnaformeera/Sumitomo/datapipeline/venv/lib/python3.11/site-packages/airflow/example_dags/example_branch_operator_decorator.py
[2025-08-31T18:47:48.616+0000] {processor.py:914} INFO - Processing file /home/krishnaformeera/Sumitomo/datapipeline/venv/lib/python3.11/site-packages/airflow/example_dags/example_branch_operator_decorator.py for tasks to queue
[2025-08-31T18:47:48.619+0000] {logging_mixin.py:190} INFO - [2025-08-31T18:47:48.618+0000] {dagbag.py:588} INFO - Filling up the DagBag from /home/krishnaformeera/Sumitomo/datapipeline/venv/lib/python3.11/site-packages/airflow/example_dags/example_branch_operator_decorator.py
[2025-08-31T18:47:48.622+0000] {processor.py:927} WARNING - No viable dags retrieved from /home/krishnaformeera/Sumitomo/datapipeline/venv/lib/python3.11/site-packages/airflow/example_dags/example_branch_operator_decorator.py
[2025-08-31T18:47:48.635+0000] {processor.py:208} INFO - Processing /home/krishnaformeera/Sumitomo/datapipeline/venv/lib/python3.11/site-packages/airflow/example_dags/example_branch_operator_decorator.py took 0.031 seconds
[2025-08-31T18:49:03.421+0000] {processor.py:186} INFO - Started process (PID=7901) to work on /home/krishnaformeera/Sumitomo/datapipeline/venv/lib/python3.11/site-packages/airflow/example_dags/example_branch_operator_decorator.py
[2025-08-31T18:49:03.422+0000] {processor.py:914} INFO - Processing file /home/krishnaformeera/Sumitomo/datapipeline/venv/lib/python3.11/site-packages/airflow/example_dags/example_branch_operator_decorator.py for tasks to queue
[2025-08-31T18:49:03.425+0000] {logging_mixin.py:190} INFO - [2025-08-31T18:49:03.424+0000] {dagbag.py:588} INFO - Filling up the DagBag from /home/krishnaformeera/Sumitomo/datapipeline/venv/lib/python3.11/site-packages/airflow/example_dags/example_branch_operator_decorator.py
[2025-08-31T18:49:03.428+0000] {processor.py:927} WARNING - No viable dags retrieved from /home/krishnaformeera/Sumitomo/datapipeline/venv/lib/python3.11/site-packages/airflow/example_dags/example_branch_operator_decorator.py
[2025-08-31T18:49:03.441+0000] {processor.py:208} INFO - Processing /home/krishnaformeera/Sumitomo/datapipeline/venv/lib/python3.11/site-packages/airflow/example_dags/example_branch_operator_decorator.py took 0.027 seconds
[2025-08-31T18:50:22.403+0000] {processor.py:186} INFO - Started process (PID=8048) to work on /home/krishnaformeera/Sumitomo/datapipeline/venv/lib/python3.11/site-packages/airflow/example_dags/example_branch_operator_decorator.py
[2025-08-31T18:50:22.404+0000] {processor.py:914} INFO - Processing file /home/krishnaformeera/Sumitomo/datapipeline/venv/lib/python3.11/site-packages/airflow/example_dags/example_branch_operator_decorator.py for tasks to queue
[2025-08-31T18:50:22.407+0000] {logging_mixin.py:190} INFO - [2025-08-31T18:50:22.407+0000] {dagbag.py:588} INFO - Filling up the DagBag from /home/krishnaformeera/Sumitomo/datapipeline/venv/lib/python3.11/site-packages/airflow/example_dags/example_branch_operator_decorator.py
[2025-08-31T18:50:22.411+0000] {processor.py:927} WARNING - No viable dags retrieved from /home/krishnaformeera/Sumitomo/datapipeline/venv/lib/python3.11/site-packages/airflow/example_dags/example_branch_operator_decorator.py
[2025-08-31T18:50:22.426+0000] {processor.py:208} INFO - Processing /home/krishnaformeera/Sumitomo/datapipeline/venv/lib/python3.11/site-packages/airflow/example_dags/example_branch_operator_decorator.py took 0.035 seconds
[2025-08-31T18:51:38.819+0000] {processor.py:186} INFO - Started process (PID=8163) to work on /home/krishnaformeera/Sumitomo/datapipeline/venv/lib/python3.11/site-packages/airflow/example_dags/example_branch_operator_decorator.py
[2025-08-31T18:51:38.820+0000] {processor.py:914} INFO - Processing file /home/krishnaformeera/Sumitomo/datapipeline/venv/lib/python3.11/site-packages/airflow/example_dags/example_branch_operator_decorator.py for tasks to queue
[2025-08-31T18:51:38.823+0000] {logging_mixin.py:190} INFO - [2025-08-31T18:51:38.822+0000] {dagbag.py:588} INFO - Filling up the DagBag from /home/krishnaformeera/Sumitomo/datapipeline/venv/lib/python3.11/site-packages/airflow/example_dags/example_branch_operator_decorator.py
[2025-08-31T18:51:38.826+0000] {processor.py:927} WARNING - No viable dags retrieved from /home/krishnaformeera/Sumitomo/datapipeline/venv/lib/python3.11/site-packages/airflow/example_dags/example_branch_operator_decorator.py
[2025-08-31T18:51:38.839+0000] {processor.py:208} INFO - Processing /home/krishnaformeera/Sumitomo/datapipeline/venv/lib/python3.11/site-packages/airflow/example_dags/example_branch_operator_decorator.py took 0.028 seconds
[2025-08-31T18:52:52.291+0000] {processor.py:186} INFO - Started process (PID=8262) to work on /home/krishnaformeera/Sumitomo/datapipeline/venv/lib/python3.11/site-packages/airflow/example_dags/example_branch_operator_decorator.py
[2025-08-31T18:52:52.292+0000] {processor.py:914} INFO - Processing file /home/krishnaformeera/Sumitomo/datapipeline/venv/lib/python3.11/site-packages/airflow/example_dags/example_branch_operator_decorator.py for tasks to queue
[2025-08-31T18:52:52.295+0000] {logging_mixin.py:190} INFO - [2025-08-31T18:52:52.294+0000] {dagbag.py:588} INFO - Filling up the DagBag from /home/krishnaformeera/Sumitomo/datapipeline/venv/lib/python3.11/site-packages/airflow/example_dags/example_branch_operator_decorator.py
[2025-08-31T18:52:52.297+0000] {processor.py:927} WARNING - No viable dags retrieved from /home/krishnaformeera/Sumitomo/datapipeline/venv/lib/python3.11/site-packages/airflow/example_dags/example_branch_operator_decorator.py
[2025-08-31T18:52:52.310+0000] {processor.py:208} INFO - Processing /home/krishnaformeera/Sumitomo/datapipeline/venv/lib/python3.11/site-packages/airflow/example_dags/example_branch_operator_decorator.py took 0.025 seconds
[2025-08-31T18:54:04.660+0000] {processor.py:186} INFO - Started process (PID=8481) to work on /home/krishnaformeera/Sumitomo/datapipeline/venv/lib/python3.11/site-packages/airflow/example_dags/example_branch_operator_decorator.py
[2025-08-31T18:54:04.661+0000] {processor.py:914} INFO - Processing file /home/krishnaformeera/Sumitomo/datapipeline/venv/lib/python3.11/site-packages/airflow/example_dags/example_branch_operator_decorator.py for tasks to queue
[2025-08-31T18:54:04.663+0000] {logging_mixin.py:190} INFO - [2025-08-31T18:54:04.663+0000] {dagbag.py:588} INFO - Filling up the DagBag from /home/krishnaformeera/Sumitomo/datapipeline/venv/lib/python3.11/site-packages/airflow/example_dags/example_branch_operator_decorator.py
[2025-08-31T18:54:04.665+0000] {processor.py:927} WARNING - No viable dags retrieved from /home/krishnaformeera/Sumitomo/datapipeline/venv/lib/python3.11/site-packages/airflow/example_dags/example_branch_operator_decorator.py
[2025-08-31T18:54:04.679+0000] {processor.py:208} INFO - Processing /home/krishnaformeera/Sumitomo/datapipeline/venv/lib/python3.11/site-packages/airflow/example_dags/example_branch_operator_decorator.py took 0.027 seconds
[2025-08-31T18:55:22.391+0000] {processor.py:186} INFO - Started process (PID=8586) to work on /home/krishnaformeera/Sumitomo/datapipeline/venv/lib/python3.11/site-packages/airflow/example_dags/example_branch_operator_decorator.py
[2025-08-31T18:55:22.392+0000] {processor.py:914} INFO - Processing file /home/krishnaformeera/Sumitomo/datapipeline/venv/lib/python3.11/site-packages/airflow/example_dags/example_branch_operator_decorator.py for tasks to queue
[2025-08-31T18:55:22.394+0000] {logging_mixin.py:190} INFO - [2025-08-31T18:55:22.393+0000] {dagbag.py:588} INFO - Filling up the DagBag from /home/krishnaformeera/Sumitomo/datapipeline/venv/lib/python3.11/site-packages/airflow/example_dags/example_branch_operator_decorator.py
[2025-08-31T18:55:22.396+0000] {processor.py:927} WARNING - No viable dags retrieved from /home/krishnaformeera/Sumitomo/datapipeline/venv/lib/python3.11/site-packages/airflow/example_dags/example_branch_operator_decorator.py
[2025-08-31T18:55:22.407+0000] {processor.py:208} INFO - Processing /home/krishnaformeera/Sumitomo/datapipeline/venv/lib/python3.11/site-packages/airflow/example_dags/example_branch_operator_decorator.py took 0.023 seconds
[2025-08-31T18:56:43.005+0000] {processor.py:186} INFO - Started process (PID=8681) to work on /home/krishnaformeera/Sumitomo/datapipeline/venv/lib/python3.11/site-packages/airflow/example_dags/example_branch_operator_decorator.py
[2025-08-31T18:56:43.006+0000] {processor.py:914} INFO - Processing file /home/krishnaformeera/Sumitomo/datapipeline/venv/lib/python3.11/site-packages/airflow/example_dags/example_branch_operator_decorator.py for tasks to queue
[2025-08-31T18:56:43.008+0000] {logging_mixin.py:190} INFO - [2025-08-31T18:56:43.008+0000] {dagbag.py:588} INFO - Filling up the DagBag from /home/krishnaformeera/Sumitomo/datapipeline/venv/lib/python3.11/site-packages/airflow/example_dags/example_branch_operator_decorator.py
[2025-08-31T18:56:43.011+0000] {processor.py:927} WARNING - No viable dags retrieved from /home/krishnaformeera/Sumitomo/datapipeline/venv/lib/python3.11/site-packages/airflow/example_dags/example_branch_operator_decorator.py
[2025-08-31T18:56:43.024+0000] {processor.py:208} INFO - Processing /home/krishnaformeera/Sumitomo/datapipeline/venv/lib/python3.11/site-packages/airflow/example_dags/example_branch_operator_decorator.py took 0.025 seconds
[2025-08-31T18:58:02.015+0000] {processor.py:186} INFO - Started process (PID=8761) to work on /home/krishnaformeera/Sumitomo/datapipeline/venv/lib/python3.11/site-packages/airflow/example_dags/example_branch_operator_decorator.py
[2025-08-31T18:58:02.016+0000] {processor.py:914} INFO - Processing file /home/krishnaformeera/Sumitomo/datapipeline/venv/lib/python3.11/site-packages/airflow/example_dags/example_branch_operator_decorator.py for tasks to queue
[2025-08-31T18:58:02.019+0000] {logging_mixin.py:190} INFO - [2025-08-31T18:58:02.019+0000] {dagbag.py:588} INFO - Filling up the DagBag from /home/krishnaformeera/Sumitomo/datapipeline/venv/lib/python3.11/site-packages/airflow/example_dags/example_branch_operator_decorator.py
[2025-08-31T18:58:02.022+0000] {processor.py:927} WARNING - No viable dags retrieved from /home/krishnaformeera/Sumitomo/datapipeline/venv/lib/python3.11/site-packages/airflow/example_dags/example_branch_operator_decorator.py
[2025-08-31T18:58:02.034+0000] {processor.py:208} INFO - Processing /home/krishnaformeera/Sumitomo/datapipeline/venv/lib/python3.11/site-packages/airflow/example_dags/example_branch_operator_decorator.py took 0.029 seconds
[2025-08-31T18:59:20.742+0000] {processor.py:186} INFO - Started process (PID=8870) to work on /home/krishnaformeera/Sumitomo/datapipeline/venv/lib/python3.11/site-packages/airflow/example_dags/example_branch_operator_decorator.py
[2025-08-31T18:59:20.743+0000] {processor.py:914} INFO - Processing file /home/krishnaformeera/Sumitomo/datapipeline/venv/lib/python3.11/site-packages/airflow/example_dags/example_branch_operator_decorator.py for tasks to queue
[2025-08-31T18:59:20.745+0000] {logging_mixin.py:190} INFO - [2025-08-31T18:59:20.745+0000] {dagbag.py:588} INFO - Filling up the DagBag from /home/krishnaformeera/Sumitomo/datapipeline/venv/lib/python3.11/site-packages/airflow/example_dags/example_branch_operator_decorator.py
[2025-08-31T18:59:20.747+0000] {processor.py:927} WARNING - No viable dags retrieved from /home/krishnaformeera/Sumitomo/datapipeline/venv/lib/python3.11/site-packages/airflow/example_dags/example_branch_operator_decorator.py
[2025-08-31T18:59:20.758+0000] {processor.py:208} INFO - Processing /home/krishnaformeera/Sumitomo/datapipeline/venv/lib/python3.11/site-packages/airflow/example_dags/example_branch_operator_decorator.py took 0.022 seconds
