[2025-08-31T18:31:19.915+0000] {processor.py:186} INFO - Started process (PID=5259) to work on /home/krishnaformeera/Sumitomo/datapipeline/venv/lib/python3.11/site-packages/airflow/example_dags/example_inlet_event_extra.py
[2025-08-31T18:31:19.916+0000] {processor.py:914} INFO - Processing file /home/krishnaformeera/Sumitomo/datapipeline/venv/lib/python3.11/site-packages/airflow/example_dags/example_inlet_event_extra.py for tasks to queue
[2025-08-31T18:31:19.921+0000] {logging_mixin.py:190} INFO - [2025-08-31T18:31:19.920+0000] {dagbag.py:588} INFO - Filling up the DagBag from /home/krishnaformeera/Sumitomo/datapipeline/venv/lib/python3.11/site-packages/airflow/example_dags/example_inlet_event_extra.py
[2025-08-31T18:31:19.943+0000] {processor.py:925} INFO - DAG(s) 'read_dataset_event_from_classic', 'read_dataset_event' retrieved from /home/krishnaformeera/Sumitomo/datapipeline/venv/lib/python3.11/site-packages/airflow/example_dags/example_inlet_event_extra.py
[2025-08-31T18:31:20.078+0000] {logging_mixin.py:190} INFO - [2025-08-31T18:31:20.077+0000] {override.py:1900} INFO - Created Permission View: can edit on DAG:read_dataset_event_from_classic
[2025-08-31T18:31:20.094+0000] {logging_mixin.py:190} INFO - [2025-08-31T18:31:20.093+0000] {override.py:1900} INFO - Created Permission View: can read on DAG:read_dataset_event_from_classic
[2025-08-31T18:31:20.105+0000] {logging_mixin.py:190} INFO - [2025-08-31T18:31:20.104+0000] {override.py:1900} INFO - Created Permission View: can delete on DAG:read_dataset_event_from_classic
[2025-08-31T18:31:20.122+0000] {logging_mixin.py:190} INFO - [2025-08-31T18:31:20.121+0000] {override.py:1900} INFO - Created Permission View: menu access on DAG Run:read_dataset_event_from_classic
[2025-08-31T18:31:20.131+0000] {logging_mixin.py:190} INFO - [2025-08-31T18:31:20.131+0000] {override.py:1900} INFO - Created Permission View: can read on DAG Run:read_dataset_event_from_classic
[2025-08-31T18:31:20.141+0000] {logging_mixin.py:190} INFO - [2025-08-31T18:31:20.141+0000] {override.py:1900} INFO - Created Permission View: can create on DAG Run:read_dataset_event_from_classic
[2025-08-31T18:31:20.150+0000] {logging_mixin.py:190} INFO - [2025-08-31T18:31:20.150+0000] {override.py:1900} INFO - Created Permission View: can delete on DAG Run:read_dataset_event_from_classic
[2025-08-31T18:31:20.168+0000] {logging_mixin.py:190} INFO - [2025-08-31T18:31:20.168+0000] {override.py:1900} INFO - Created Permission View: can edit on DAG:read_dataset_event
[2025-08-31T18:31:20.177+0000] {logging_mixin.py:190} INFO - [2025-08-31T18:31:20.176+0000] {override.py:1900} INFO - Created Permission View: can read on DAG:read_dataset_event
[2025-08-31T18:31:20.185+0000] {logging_mixin.py:190} INFO - [2025-08-31T18:31:20.185+0000] {override.py:1900} INFO - Created Permission View: can delete on DAG:read_dataset_event
[2025-08-31T18:31:20.200+0000] {logging_mixin.py:190} INFO - [2025-08-31T18:31:20.199+0000] {override.py:1900} INFO - Created Permission View: menu access on DAG Run:read_dataset_event
[2025-08-31T18:31:20.208+0000] {logging_mixin.py:190} INFO - [2025-08-31T18:31:20.208+0000] {override.py:1900} INFO - Created Permission View: can read on DAG Run:read_dataset_event
[2025-08-31T18:31:20.217+0000] {logging_mixin.py:190} INFO - [2025-08-31T18:31:20.217+0000] {override.py:1900} INFO - Created Permission View: can create on DAG Run:read_dataset_event
[2025-08-31T18:31:20.225+0000] {logging_mixin.py:190} INFO - [2025-08-31T18:31:20.225+0000] {override.py:1900} INFO - Created Permission View: can delete on DAG Run:read_dataset_event
[2025-08-31T18:31:20.226+0000] {logging_mixin.py:190} INFO - [2025-08-31T18:31:20.226+0000] {dag.py:3239} INFO - Sync 2 DAGs
[2025-08-31T18:31:20.236+0000] {logging_mixin.py:190} INFO - [2025-08-31T18:31:20.236+0000] {dag.py:3262} INFO - Creating ORM DAG for read_dataset_event_from_classic
[2025-08-31T18:31:20.237+0000] {logging_mixin.py:190} INFO - [2025-08-31T18:31:20.237+0000] {dag.py:3262} INFO - Creating ORM DAG for read_dataset_event
[2025-08-31T18:31:20.245+0000] {logging_mixin.py:190} INFO - [2025-08-31T18:31:20.245+0000] {dag.py:4180} INFO - Setting next_dagrun for read_dataset_event to 2025-08-30 00:00:00+00:00, run_after=2025-08-31 00:00:00+00:00
[2025-08-31T18:31:20.247+0000] {logging_mixin.py:190} INFO - [2025-08-31T18:31:20.247+0000] {dag.py:4180} INFO - Setting next_dagrun for read_dataset_event_from_classic to 2025-08-30 00:00:00+00:00, run_after=2025-08-31 00:00:00+00:00
[2025-08-31T18:31:20.434+0000] {processor.py:208} INFO - Processing /home/krishnaformeera/Sumitomo/datapipeline/venv/lib/python3.11/site-packages/airflow/example_dags/example_inlet_event_extra.py took 0.528 seconds
[2025-08-31T18:32:23.503+0000] {processor.py:186} INFO - Started process (PID=5319) to work on /home/krishnaformeera/Sumitomo/datapipeline/venv/lib/python3.11/site-packages/airflow/example_dags/example_inlet_event_extra.py
[2025-08-31T18:32:23.504+0000] {processor.py:914} INFO - Processing file /home/krishnaformeera/Sumitomo/datapipeline/venv/lib/python3.11/site-packages/airflow/example_dags/example_inlet_event_extra.py for tasks to queue
[2025-08-31T18:32:23.506+0000] {logging_mixin.py:190} INFO - [2025-08-31T18:32:23.506+0000] {dagbag.py:588} INFO - Filling up the DagBag from /home/krishnaformeera/Sumitomo/datapipeline/venv/lib/python3.11/site-packages/airflow/example_dags/example_inlet_event_extra.py
[2025-08-31T18:32:23.521+0000] {processor.py:925} INFO - DAG(s) 'read_dataset_event', 'read_dataset_event_from_classic' retrieved from /home/krishnaformeera/Sumitomo/datapipeline/venv/lib/python3.11/site-packages/airflow/example_dags/example_inlet_event_extra.py
[2025-08-31T18:32:23.541+0000] {logging_mixin.py:190} INFO - [2025-08-31T18:32:23.541+0000] {dag.py:3239} INFO - Sync 2 DAGs
[2025-08-31T18:32:23.563+0000] {logging_mixin.py:190} INFO - [2025-08-31T18:32:23.562+0000] {dag.py:4180} INFO - Setting next_dagrun for read_dataset_event to 2025-08-30 00:00:00+00:00, run_after=2025-08-31 00:00:00+00:00
[2025-08-31T18:32:23.567+0000] {logging_mixin.py:190} INFO - [2025-08-31T18:32:23.566+0000] {dag.py:4180} INFO - Setting next_dagrun for read_dataset_event_from_classic to 2025-08-30 00:00:00+00:00, run_after=2025-08-31 00:00:00+00:00
[2025-08-31T18:32:23.590+0000] {processor.py:208} INFO - Processing /home/krishnaformeera/Sumitomo/datapipeline/venv/lib/python3.11/site-packages/airflow/example_dags/example_inlet_event_extra.py took 0.094 seconds
[2025-08-31T18:33:18.145+0000] {processor.py:186} INFO - Started process (PID=5375) to work on /home/krishnaformeera/Sumitomo/datapipeline/venv/lib/python3.11/site-packages/airflow/example_dags/example_inlet_event_extra.py
[2025-08-31T18:33:18.146+0000] {processor.py:914} INFO - Processing file /home/krishnaformeera/Sumitomo/datapipeline/venv/lib/python3.11/site-packages/airflow/example_dags/example_inlet_event_extra.py for tasks to queue
[2025-08-31T18:33:18.148+0000] {logging_mixin.py:190} INFO - [2025-08-31T18:33:18.148+0000] {dagbag.py:588} INFO - Filling up the DagBag from /home/krishnaformeera/Sumitomo/datapipeline/venv/lib/python3.11/site-packages/airflow/example_dags/example_inlet_event_extra.py
[2025-08-31T18:33:18.163+0000] {processor.py:925} INFO - DAG(s) 'read_dataset_event_from_classic', 'read_dataset_event' retrieved from /home/krishnaformeera/Sumitomo/datapipeline/venv/lib/python3.11/site-packages/airflow/example_dags/example_inlet_event_extra.py
[2025-08-31T18:33:18.184+0000] {logging_mixin.py:190} INFO - [2025-08-31T18:33:18.183+0000] {dag.py:3239} INFO - Sync 2 DAGs
[2025-08-31T18:33:18.303+0000] {logging_mixin.py:190} INFO - [2025-08-31T18:33:18.303+0000] {dag.py:4180} INFO - Setting next_dagrun for read_dataset_event to 2025-08-30 00:00:00+00:00, run_after=2025-08-31 00:00:00+00:00
[2025-08-31T18:33:18.306+0000] {logging_mixin.py:190} INFO - [2025-08-31T18:33:18.306+0000] {dag.py:4180} INFO - Setting next_dagrun for read_dataset_event_from_classic to 2025-08-30 00:00:00+00:00, run_after=2025-08-31 00:00:00+00:00
[2025-08-31T18:33:18.324+0000] {processor.py:208} INFO - Processing /home/krishnaformeera/Sumitomo/datapipeline/venv/lib/python3.11/site-packages/airflow/example_dags/example_inlet_event_extra.py took 0.186 seconds
[2025-08-31T18:34:15.244+0000] {processor.py:186} INFO - Started process (PID=5432) to work on /home/krishnaformeera/Sumitomo/datapipeline/venv/lib/python3.11/site-packages/airflow/example_dags/example_inlet_event_extra.py
[2025-08-31T18:34:15.246+0000] {processor.py:914} INFO - Processing file /home/krishnaformeera/Sumitomo/datapipeline/venv/lib/python3.11/site-packages/airflow/example_dags/example_inlet_event_extra.py for tasks to queue
[2025-08-31T18:34:15.248+0000] {logging_mixin.py:190} INFO - [2025-08-31T18:34:15.248+0000] {dagbag.py:588} INFO - Filling up the DagBag from /home/krishnaformeera/Sumitomo/datapipeline/venv/lib/python3.11/site-packages/airflow/example_dags/example_inlet_event_extra.py
[2025-08-31T18:34:15.263+0000] {processor.py:925} INFO - DAG(s) 'read_dataset_event', 'read_dataset_event_from_classic' retrieved from /home/krishnaformeera/Sumitomo/datapipeline/venv/lib/python3.11/site-packages/airflow/example_dags/example_inlet_event_extra.py
[2025-08-31T18:34:15.284+0000] {logging_mixin.py:190} INFO - [2025-08-31T18:34:15.283+0000] {dag.py:3239} INFO - Sync 2 DAGs
[2025-08-31T18:34:15.306+0000] {logging_mixin.py:190} INFO - [2025-08-31T18:34:15.306+0000] {dag.py:4180} INFO - Setting next_dagrun for read_dataset_event to 2025-08-30 00:00:00+00:00, run_after=2025-08-31 00:00:00+00:00
[2025-08-31T18:34:15.310+0000] {logging_mixin.py:190} INFO - [2025-08-31T18:34:15.310+0000] {dag.py:4180} INFO - Setting next_dagrun for read_dataset_event_from_classic to 2025-08-30 00:00:00+00:00, run_after=2025-08-31 00:00:00+00:00
[2025-08-31T18:34:15.334+0000] {processor.py:208} INFO - Processing /home/krishnaformeera/Sumitomo/datapipeline/venv/lib/python3.11/site-packages/airflow/example_dags/example_inlet_event_extra.py took 0.096 seconds
[2025-08-31T18:35:09.462+0000] {processor.py:186} INFO - Started process (PID=5487) to work on /home/krishnaformeera/Sumitomo/datapipeline/venv/lib/python3.11/site-packages/airflow/example_dags/example_inlet_event_extra.py
[2025-08-31T18:35:09.463+0000] {processor.py:914} INFO - Processing file /home/krishnaformeera/Sumitomo/datapipeline/venv/lib/python3.11/site-packages/airflow/example_dags/example_inlet_event_extra.py for tasks to queue
[2025-08-31T18:35:09.466+0000] {logging_mixin.py:190} INFO - [2025-08-31T18:35:09.465+0000] {dagbag.py:588} INFO - Filling up the DagBag from /home/krishnaformeera/Sumitomo/datapipeline/venv/lib/python3.11/site-packages/airflow/example_dags/example_inlet_event_extra.py
[2025-08-31T18:35:09.481+0000] {processor.py:925} INFO - DAG(s) 'read_dataset_event_from_classic', 'read_dataset_event' retrieved from /home/krishnaformeera/Sumitomo/datapipeline/venv/lib/python3.11/site-packages/airflow/example_dags/example_inlet_event_extra.py
[2025-08-31T18:35:09.501+0000] {logging_mixin.py:190} INFO - [2025-08-31T18:35:09.501+0000] {dag.py:3239} INFO - Sync 2 DAGs
[2025-08-31T18:35:09.524+0000] {logging_mixin.py:190} INFO - [2025-08-31T18:35:09.523+0000] {dag.py:4180} INFO - Setting next_dagrun for read_dataset_event to 2025-08-30 00:00:00+00:00, run_after=2025-08-31 00:00:00+00:00
[2025-08-31T18:35:09.528+0000] {logging_mixin.py:190} INFO - [2025-08-31T18:35:09.527+0000] {dag.py:4180} INFO - Setting next_dagrun for read_dataset_event_from_classic to 2025-08-30 00:00:00+00:00, run_after=2025-08-31 00:00:00+00:00
[2025-08-31T18:35:09.548+0000] {processor.py:208} INFO - Processing /home/krishnaformeera/Sumitomo/datapipeline/venv/lib/python3.11/site-packages/airflow/example_dags/example_inlet_event_extra.py took 0.095 seconds
[2025-08-31T18:36:24.570+0000] {processor.py:186} INFO - Started process (PID=5590) to work on /home/krishnaformeera/Sumitomo/datapipeline/venv/lib/python3.11/site-packages/airflow/example_dags/example_inlet_event_extra.py
[2025-08-31T18:36:24.572+0000] {processor.py:914} INFO - Processing file /home/krishnaformeera/Sumitomo/datapipeline/venv/lib/python3.11/site-packages/airflow/example_dags/example_inlet_event_extra.py for tasks to queue
[2025-08-31T18:36:24.574+0000] {logging_mixin.py:190} INFO - [2025-08-31T18:36:24.574+0000] {dagbag.py:588} INFO - Filling up the DagBag from /home/krishnaformeera/Sumitomo/datapipeline/venv/lib/python3.11/site-packages/airflow/example_dags/example_inlet_event_extra.py
[2025-08-31T18:36:24.589+0000] {processor.py:925} INFO - DAG(s) 'read_dataset_event_from_classic', 'read_dataset_event' retrieved from /home/krishnaformeera/Sumitomo/datapipeline/venv/lib/python3.11/site-packages/airflow/example_dags/example_inlet_event_extra.py
[2025-08-31T18:36:24.609+0000] {logging_mixin.py:190} INFO - [2025-08-31T18:36:24.608+0000] {dag.py:3239} INFO - Sync 2 DAGs
[2025-08-31T18:36:24.630+0000] {logging_mixin.py:190} INFO - [2025-08-31T18:36:24.630+0000] {dag.py:4180} INFO - Setting next_dagrun for read_dataset_event to 2025-08-30 00:00:00+00:00, run_after=2025-08-31 00:00:00+00:00
[2025-08-31T18:36:24.634+0000] {logging_mixin.py:190} INFO - [2025-08-31T18:36:24.634+0000] {dag.py:4180} INFO - Setting next_dagrun for read_dataset_event_from_classic to 2025-08-30 00:00:00+00:00, run_after=2025-08-31 00:00:00+00:00
[2025-08-31T18:36:24.657+0000] {processor.py:208} INFO - Processing /home/krishnaformeera/Sumitomo/datapipeline/venv/lib/python3.11/site-packages/airflow/example_dags/example_inlet_event_extra.py took 0.094 seconds
[2025-08-31T18:37:15.523+0000] {processor.py:186} INFO - Started process (PID=5642) to work on /home/krishnaformeera/Sumitomo/datapipeline/venv/lib/python3.11/site-packages/airflow/example_dags/example_inlet_event_extra.py
[2025-08-31T18:37:15.524+0000] {processor.py:914} INFO - Processing file /home/krishnaformeera/Sumitomo/datapipeline/venv/lib/python3.11/site-packages/airflow/example_dags/example_inlet_event_extra.py for tasks to queue
[2025-08-31T18:37:15.526+0000] {logging_mixin.py:190} INFO - [2025-08-31T18:37:15.525+0000] {dagbag.py:588} INFO - Filling up the DagBag from /home/krishnaformeera/Sumitomo/datapipeline/venv/lib/python3.11/site-packages/airflow/example_dags/example_inlet_event_extra.py
[2025-08-31T18:37:15.538+0000] {processor.py:925} INFO - DAG(s) 'read_dataset_event_from_classic', 'read_dataset_event' retrieved from /home/krishnaformeera/Sumitomo/datapipeline/venv/lib/python3.11/site-packages/airflow/example_dags/example_inlet_event_extra.py
[2025-08-31T18:37:15.554+0000] {logging_mixin.py:190} INFO - [2025-08-31T18:37:15.554+0000] {dag.py:3239} INFO - Sync 2 DAGs
[2025-08-31T18:37:15.574+0000] {logging_mixin.py:190} INFO - [2025-08-31T18:37:15.574+0000] {dag.py:4180} INFO - Setting next_dagrun for read_dataset_event to 2025-08-30 00:00:00+00:00, run_after=2025-08-31 00:00:00+00:00
[2025-08-31T18:37:15.578+0000] {logging_mixin.py:190} INFO - [2025-08-31T18:37:15.578+0000] {dag.py:4180} INFO - Setting next_dagrun for read_dataset_event_from_classic to 2025-08-30 00:00:00+00:00, run_after=2025-08-31 00:00:00+00:00
[2025-08-31T18:37:15.597+0000] {processor.py:208} INFO - Processing /home/krishnaformeera/Sumitomo/datapipeline/venv/lib/python3.11/site-packages/airflow/example_dags/example_inlet_event_extra.py took 0.080 seconds
[2025-08-31T18:40:30.567+0000] {processor.py:186} INFO - Started process (PID=6214) to work on /home/krishnaformeera/Sumitomo/datapipeline/venv/lib/python3.11/site-packages/airflow/example_dags/example_inlet_event_extra.py
[2025-08-31T18:40:30.569+0000] {processor.py:914} INFO - Processing file /home/krishnaformeera/Sumitomo/datapipeline/venv/lib/python3.11/site-packages/airflow/example_dags/example_inlet_event_extra.py for tasks to queue
[2025-08-31T18:40:30.571+0000] {logging_mixin.py:190} INFO - [2025-08-31T18:40:30.571+0000] {dagbag.py:588} INFO - Filling up the DagBag from /home/krishnaformeera/Sumitomo/datapipeline/venv/lib/python3.11/site-packages/airflow/example_dags/example_inlet_event_extra.py
[2025-08-31T18:40:30.585+0000] {processor.py:925} INFO - DAG(s) 'read_dataset_event_from_classic', 'read_dataset_event' retrieved from /home/krishnaformeera/Sumitomo/datapipeline/venv/lib/python3.11/site-packages/airflow/example_dags/example_inlet_event_extra.py
[2025-08-31T18:40:30.605+0000] {logging_mixin.py:190} INFO - [2025-08-31T18:40:30.605+0000] {dag.py:3239} INFO - Sync 2 DAGs
[2025-08-31T18:40:30.627+0000] {logging_mixin.py:190} INFO - [2025-08-31T18:40:30.627+0000] {dag.py:4180} INFO - Setting next_dagrun for read_dataset_event to 2025-08-30 00:00:00+00:00, run_after=2025-08-31 00:00:00+00:00
[2025-08-31T18:40:30.631+0000] {logging_mixin.py:190} INFO - [2025-08-31T18:40:30.631+0000] {dag.py:4180} INFO - Setting next_dagrun for read_dataset_event_from_classic to 2025-08-30 00:00:00+00:00, run_after=2025-08-31 00:00:00+00:00
[2025-08-31T18:40:30.651+0000] {processor.py:208} INFO - Processing /home/krishnaformeera/Sumitomo/datapipeline/venv/lib/python3.11/site-packages/airflow/example_dags/example_inlet_event_extra.py took 0.091 seconds
[2025-08-31T18:41:23.884+0000] {processor.py:186} INFO - Started process (PID=6389) to work on /home/krishnaformeera/Sumitomo/datapipeline/venv/lib/python3.11/site-packages/airflow/example_dags/example_inlet_event_extra.py
[2025-08-31T18:41:23.885+0000] {processor.py:914} INFO - Processing file /home/krishnaformeera/Sumitomo/datapipeline/venv/lib/python3.11/site-packages/airflow/example_dags/example_inlet_event_extra.py for tasks to queue
[2025-08-31T18:41:23.887+0000] {logging_mixin.py:190} INFO - [2025-08-31T18:41:23.887+0000] {dagbag.py:588} INFO - Filling up the DagBag from /home/krishnaformeera/Sumitomo/datapipeline/venv/lib/python3.11/site-packages/airflow/example_dags/example_inlet_event_extra.py
[2025-08-31T18:41:23.899+0000] {processor.py:925} INFO - DAG(s) 'read_dataset_event', 'read_dataset_event_from_classic' retrieved from /home/krishnaformeera/Sumitomo/datapipeline/venv/lib/python3.11/site-packages/airflow/example_dags/example_inlet_event_extra.py
[2025-08-31T18:41:23.916+0000] {logging_mixin.py:190} INFO - [2025-08-31T18:41:23.916+0000] {dag.py:3239} INFO - Sync 2 DAGs
[2025-08-31T18:41:23.935+0000] {logging_mixin.py:190} INFO - [2025-08-31T18:41:23.935+0000] {dag.py:4180} INFO - Setting next_dagrun for read_dataset_event to 2025-08-30 00:00:00+00:00, run_after=2025-08-31 00:00:00+00:00
[2025-08-31T18:41:23.938+0000] {logging_mixin.py:190} INFO - [2025-08-31T18:41:23.938+0000] {dag.py:4180} INFO - Setting next_dagrun for read_dataset_event_from_classic to 2025-08-30 00:00:00+00:00, run_after=2025-08-31 00:00:00+00:00
[2025-08-31T18:41:23.958+0000] {processor.py:208} INFO - Processing /home/krishnaformeera/Sumitomo/datapipeline/venv/lib/python3.11/site-packages/airflow/example_dags/example_inlet_event_extra.py took 0.080 seconds
[2025-08-31T18:42:22.721+0000] {processor.py:186} INFO - Started process (PID=6579) to work on /home/krishnaformeera/Sumitomo/datapipeline/venv/lib/python3.11/site-packages/airflow/example_dags/example_inlet_event_extra.py
[2025-08-31T18:42:22.722+0000] {processor.py:914} INFO - Processing file /home/krishnaformeera/Sumitomo/datapipeline/venv/lib/python3.11/site-packages/airflow/example_dags/example_inlet_event_extra.py for tasks to queue
[2025-08-31T18:42:22.725+0000] {logging_mixin.py:190} INFO - [2025-08-31T18:42:22.724+0000] {dagbag.py:588} INFO - Filling up the DagBag from /home/krishnaformeera/Sumitomo/datapipeline/venv/lib/python3.11/site-packages/airflow/example_dags/example_inlet_event_extra.py
[2025-08-31T18:42:22.737+0000] {processor.py:925} INFO - DAG(s) 'read_dataset_event_from_classic', 'read_dataset_event' retrieved from /home/krishnaformeera/Sumitomo/datapipeline/venv/lib/python3.11/site-packages/airflow/example_dags/example_inlet_event_extra.py
[2025-08-31T18:42:22.755+0000] {logging_mixin.py:190} INFO - [2025-08-31T18:42:22.754+0000] {dag.py:3239} INFO - Sync 2 DAGs
[2025-08-31T18:42:22.866+0000] {logging_mixin.py:190} INFO - [2025-08-31T18:42:22.865+0000] {dag.py:4180} INFO - Setting next_dagrun for read_dataset_event to 2025-08-30 00:00:00+00:00, run_after=2025-08-31 00:00:00+00:00
[2025-08-31T18:42:22.869+0000] {logging_mixin.py:190} INFO - [2025-08-31T18:42:22.869+0000] {dag.py:4180} INFO - Setting next_dagrun for read_dataset_event_from_classic to 2025-08-30 00:00:00+00:00, run_after=2025-08-31 00:00:00+00:00
[2025-08-31T18:42:22.889+0000] {processor.py:208} INFO - Processing /home/krishnaformeera/Sumitomo/datapipeline/venv/lib/python3.11/site-packages/airflow/example_dags/example_inlet_event_extra.py took 0.174 seconds
[2025-08-31T18:43:23.312+0000] {processor.py:186} INFO - Started process (PID=6838) to work on /home/krishnaformeera/Sumitomo/datapipeline/venv/lib/python3.11/site-packages/airflow/example_dags/example_inlet_event_extra.py
[2025-08-31T18:43:23.313+0000] {processor.py:914} INFO - Processing file /home/krishnaformeera/Sumitomo/datapipeline/venv/lib/python3.11/site-packages/airflow/example_dags/example_inlet_event_extra.py for tasks to queue
[2025-08-31T18:43:23.316+0000] {logging_mixin.py:190} INFO - [2025-08-31T18:43:23.315+0000] {dagbag.py:588} INFO - Filling up the DagBag from /home/krishnaformeera/Sumitomo/datapipeline/venv/lib/python3.11/site-packages/airflow/example_dags/example_inlet_event_extra.py
[2025-08-31T18:43:23.331+0000] {processor.py:925} INFO - DAG(s) 'read_dataset_event', 'read_dataset_event_from_classic' retrieved from /home/krishnaformeera/Sumitomo/datapipeline/venv/lib/python3.11/site-packages/airflow/example_dags/example_inlet_event_extra.py
[2025-08-31T18:43:23.352+0000] {logging_mixin.py:190} INFO - [2025-08-31T18:43:23.351+0000] {dag.py:3239} INFO - Sync 2 DAGs
[2025-08-31T18:43:23.374+0000] {logging_mixin.py:190} INFO - [2025-08-31T18:43:23.373+0000] {dag.py:4180} INFO - Setting next_dagrun for read_dataset_event to 2025-08-30 00:00:00+00:00, run_after=2025-08-31 00:00:00+00:00
[2025-08-31T18:43:23.378+0000] {logging_mixin.py:190} INFO - [2025-08-31T18:43:23.377+0000] {dag.py:4180} INFO - Setting next_dagrun for read_dataset_event_from_classic to 2025-08-30 00:00:00+00:00, run_after=2025-08-31 00:00:00+00:00
[2025-08-31T18:43:23.401+0000] {processor.py:208} INFO - Processing /home/krishnaformeera/Sumitomo/datapipeline/venv/lib/python3.11/site-packages/airflow/example_dags/example_inlet_event_extra.py took 0.097 seconds
[2025-08-31T18:44:16.670+0000] {processor.py:186} INFO - Started process (PID=7061) to work on /home/krishnaformeera/Sumitomo/datapipeline/venv/lib/python3.11/site-packages/airflow/example_dags/example_inlet_event_extra.py
[2025-08-31T18:44:16.671+0000] {processor.py:914} INFO - Processing file /home/krishnaformeera/Sumitomo/datapipeline/venv/lib/python3.11/site-packages/airflow/example_dags/example_inlet_event_extra.py for tasks to queue
[2025-08-31T18:44:16.673+0000] {logging_mixin.py:190} INFO - [2025-08-31T18:44:16.673+0000] {dagbag.py:588} INFO - Filling up the DagBag from /home/krishnaformeera/Sumitomo/datapipeline/venv/lib/python3.11/site-packages/airflow/example_dags/example_inlet_event_extra.py
[2025-08-31T18:44:16.686+0000] {processor.py:925} INFO - DAG(s) 'read_dataset_event', 'read_dataset_event_from_classic' retrieved from /home/krishnaformeera/Sumitomo/datapipeline/venv/lib/python3.11/site-packages/airflow/example_dags/example_inlet_event_extra.py
[2025-08-31T18:44:16.702+0000] {logging_mixin.py:190} INFO - [2025-08-31T18:44:16.702+0000] {dag.py:3239} INFO - Sync 2 DAGs
[2025-08-31T18:44:16.722+0000] {logging_mixin.py:190} INFO - [2025-08-31T18:44:16.722+0000] {dag.py:4180} INFO - Setting next_dagrun for read_dataset_event to 2025-08-30 00:00:00+00:00, run_after=2025-08-31 00:00:00+00:00
[2025-08-31T18:44:16.726+0000] {logging_mixin.py:190} INFO - [2025-08-31T18:44:16.726+0000] {dag.py:4180} INFO - Setting next_dagrun for read_dataset_event_from_classic to 2025-08-30 00:00:00+00:00, run_after=2025-08-31 00:00:00+00:00
[2025-08-31T18:44:16.744+0000] {processor.py:208} INFO - Processing /home/krishnaformeera/Sumitomo/datapipeline/venv/lib/python3.11/site-packages/airflow/example_dags/example_inlet_event_extra.py took 0.081 seconds
[2025-08-31T18:45:32.887+0000] {processor.py:186} INFO - Started process (PID=7401) to work on /home/krishnaformeera/Sumitomo/datapipeline/venv/lib/python3.11/site-packages/airflow/example_dags/example_inlet_event_extra.py
[2025-08-31T18:45:32.888+0000] {processor.py:914} INFO - Processing file /home/krishnaformeera/Sumitomo/datapipeline/venv/lib/python3.11/site-packages/airflow/example_dags/example_inlet_event_extra.py for tasks to queue
[2025-08-31T18:45:32.890+0000] {logging_mixin.py:190} INFO - [2025-08-31T18:45:32.890+0000] {dagbag.py:588} INFO - Filling up the DagBag from /home/krishnaformeera/Sumitomo/datapipeline/venv/lib/python3.11/site-packages/airflow/example_dags/example_inlet_event_extra.py
[2025-08-31T18:45:32.902+0000] {processor.py:925} INFO - DAG(s) 'read_dataset_event', 'read_dataset_event_from_classic' retrieved from /home/krishnaformeera/Sumitomo/datapipeline/venv/lib/python3.11/site-packages/airflow/example_dags/example_inlet_event_extra.py
[2025-08-31T18:45:32.918+0000] {logging_mixin.py:190} INFO - [2025-08-31T18:45:32.918+0000] {dag.py:3239} INFO - Sync 2 DAGs
[2025-08-31T18:45:32.937+0000] {logging_mixin.py:190} INFO - [2025-08-31T18:45:32.937+0000] {dag.py:4180} INFO - Setting next_dagrun for read_dataset_event to 2025-08-30 00:00:00+00:00, run_after=2025-08-31 00:00:00+00:00
[2025-08-31T18:45:32.941+0000] {logging_mixin.py:190} INFO - [2025-08-31T18:45:32.940+0000] {dag.py:4180} INFO - Setting next_dagrun for read_dataset_event_from_classic to 2025-08-30 00:00:00+00:00, run_after=2025-08-31 00:00:00+00:00
[2025-08-31T18:45:32.960+0000] {processor.py:208} INFO - Processing /home/krishnaformeera/Sumitomo/datapipeline/venv/lib/python3.11/site-packages/airflow/example_dags/example_inlet_event_extra.py took 0.080 seconds
[2025-08-31T18:46:25.872+0000] {processor.py:186} INFO - Started process (PID=7645) to work on /home/krishnaformeera/Sumitomo/datapipeline/venv/lib/python3.11/site-packages/airflow/example_dags/example_inlet_event_extra.py
[2025-08-31T18:46:25.873+0000] {processor.py:914} INFO - Processing file /home/krishnaformeera/Sumitomo/datapipeline/venv/lib/python3.11/site-packages/airflow/example_dags/example_inlet_event_extra.py for tasks to queue
[2025-08-31T18:46:25.875+0000] {logging_mixin.py:190} INFO - [2025-08-31T18:46:25.875+0000] {dagbag.py:588} INFO - Filling up the DagBag from /home/krishnaformeera/Sumitomo/datapipeline/venv/lib/python3.11/site-packages/airflow/example_dags/example_inlet_event_extra.py
[2025-08-31T18:46:25.888+0000] {processor.py:925} INFO - DAG(s) 'read_dataset_event', 'read_dataset_event_from_classic' retrieved from /home/krishnaformeera/Sumitomo/datapipeline/venv/lib/python3.11/site-packages/airflow/example_dags/example_inlet_event_extra.py
[2025-08-31T18:46:25.907+0000] {logging_mixin.py:190} INFO - [2025-08-31T18:46:25.907+0000] {dag.py:3239} INFO - Sync 2 DAGs
[2025-08-31T18:46:25.929+0000] {logging_mixin.py:190} INFO - [2025-08-31T18:46:25.929+0000] {dag.py:4180} INFO - Setting next_dagrun for read_dataset_event to 2025-08-30 00:00:00+00:00, run_after=2025-08-31 00:00:00+00:00
[2025-08-31T18:46:25.934+0000] {logging_mixin.py:190} INFO - [2025-08-31T18:46:25.934+0000] {dag.py:4180} INFO - Setting next_dagrun for read_dataset_event_from_classic to 2025-08-30 00:00:00+00:00, run_after=2025-08-31 00:00:00+00:00
[2025-08-31T18:46:25.958+0000] {processor.py:208} INFO - Processing /home/krishnaformeera/Sumitomo/datapipeline/venv/lib/python3.11/site-packages/airflow/example_dags/example_inlet_event_extra.py took 0.092 seconds
[2025-08-31T18:47:18.371+0000] {processor.py:186} INFO - Started process (PID=7786) to work on /home/krishnaformeera/Sumitomo/datapipeline/venv/lib/python3.11/site-packages/airflow/example_dags/example_inlet_event_extra.py
[2025-08-31T18:47:18.372+0000] {processor.py:914} INFO - Processing file /home/krishnaformeera/Sumitomo/datapipeline/venv/lib/python3.11/site-packages/airflow/example_dags/example_inlet_event_extra.py for tasks to queue
[2025-08-31T18:47:18.375+0000] {logging_mixin.py:190} INFO - [2025-08-31T18:47:18.374+0000] {dagbag.py:588} INFO - Filling up the DagBag from /home/krishnaformeera/Sumitomo/datapipeline/venv/lib/python3.11/site-packages/airflow/example_dags/example_inlet_event_extra.py
[2025-08-31T18:47:18.387+0000] {processor.py:925} INFO - DAG(s) 'read_dataset_event_from_classic', 'read_dataset_event' retrieved from /home/krishnaformeera/Sumitomo/datapipeline/venv/lib/python3.11/site-packages/airflow/example_dags/example_inlet_event_extra.py
[2025-08-31T18:47:18.403+0000] {logging_mixin.py:190} INFO - [2025-08-31T18:47:18.403+0000] {dag.py:3239} INFO - Sync 2 DAGs
[2025-08-31T18:47:18.421+0000] {logging_mixin.py:190} INFO - [2025-08-31T18:47:18.421+0000] {dag.py:4180} INFO - Setting next_dagrun for read_dataset_event to 2025-08-30 00:00:00+00:00, run_after=2025-08-31 00:00:00+00:00
[2025-08-31T18:47:18.425+0000] {logging_mixin.py:190} INFO - [2025-08-31T18:47:18.425+0000] {dag.py:4180} INFO - Setting next_dagrun for read_dataset_event_from_classic to 2025-08-30 00:00:00+00:00, run_after=2025-08-31 00:00:00+00:00
[2025-08-31T18:47:18.443+0000] {processor.py:208} INFO - Processing /home/krishnaformeera/Sumitomo/datapipeline/venv/lib/python3.11/site-packages/airflow/example_dags/example_inlet_event_extra.py took 0.079 seconds
[2025-08-31T18:48:09.079+0000] {processor.py:186} INFO - Started process (PID=7841) to work on /home/krishnaformeera/Sumitomo/datapipeline/venv/lib/python3.11/site-packages/airflow/example_dags/example_inlet_event_extra.py
[2025-08-31T18:48:09.080+0000] {processor.py:914} INFO - Processing file /home/krishnaformeera/Sumitomo/datapipeline/venv/lib/python3.11/site-packages/airflow/example_dags/example_inlet_event_extra.py for tasks to queue
[2025-08-31T18:48:09.083+0000] {logging_mixin.py:190} INFO - [2025-08-31T18:48:09.082+0000] {dagbag.py:588} INFO - Filling up the DagBag from /home/krishnaformeera/Sumitomo/datapipeline/venv/lib/python3.11/site-packages/airflow/example_dags/example_inlet_event_extra.py
[2025-08-31T18:48:09.097+0000] {processor.py:925} INFO - DAG(s) 'read_dataset_event', 'read_dataset_event_from_classic' retrieved from /home/krishnaformeera/Sumitomo/datapipeline/venv/lib/python3.11/site-packages/airflow/example_dags/example_inlet_event_extra.py
[2025-08-31T18:48:09.115+0000] {logging_mixin.py:190} INFO - [2025-08-31T18:48:09.115+0000] {dag.py:3239} INFO - Sync 2 DAGs
[2025-08-31T18:48:09.136+0000] {logging_mixin.py:190} INFO - [2025-08-31T18:48:09.136+0000] {dag.py:4180} INFO - Setting next_dagrun for read_dataset_event to 2025-08-30 00:00:00+00:00, run_after=2025-08-31 00:00:00+00:00
[2025-08-31T18:48:09.140+0000] {logging_mixin.py:190} INFO - [2025-08-31T18:48:09.139+0000] {dag.py:4180} INFO - Setting next_dagrun for read_dataset_event_from_classic to 2025-08-30 00:00:00+00:00, run_after=2025-08-31 00:00:00+00:00
[2025-08-31T18:48:09.161+0000] {processor.py:208} INFO - Processing /home/krishnaformeera/Sumitomo/datapipeline/venv/lib/python3.11/site-packages/airflow/example_dags/example_inlet_event_extra.py took 0.090 seconds
[2025-08-31T18:49:24.872+0000] {processor.py:186} INFO - Started process (PID=7925) to work on /home/krishnaformeera/Sumitomo/datapipeline/venv/lib/python3.11/site-packages/airflow/example_dags/example_inlet_event_extra.py
[2025-08-31T18:49:24.873+0000] {processor.py:914} INFO - Processing file /home/krishnaformeera/Sumitomo/datapipeline/venv/lib/python3.11/site-packages/airflow/example_dags/example_inlet_event_extra.py for tasks to queue
[2025-08-31T18:49:24.877+0000] {logging_mixin.py:190} INFO - [2025-08-31T18:49:24.877+0000] {dagbag.py:588} INFO - Filling up the DagBag from /home/krishnaformeera/Sumitomo/datapipeline/venv/lib/python3.11/site-packages/airflow/example_dags/example_inlet_event_extra.py
[2025-08-31T18:49:24.892+0000] {processor.py:925} INFO - DAG(s) 'read_dataset_event', 'read_dataset_event_from_classic' retrieved from /home/krishnaformeera/Sumitomo/datapipeline/venv/lib/python3.11/site-packages/airflow/example_dags/example_inlet_event_extra.py
[2025-08-31T18:49:24.911+0000] {logging_mixin.py:190} INFO - [2025-08-31T18:49:24.910+0000] {dag.py:3239} INFO - Sync 2 DAGs
[2025-08-31T18:49:24.933+0000] {logging_mixin.py:190} INFO - [2025-08-31T18:49:24.933+0000] {dag.py:4180} INFO - Setting next_dagrun for read_dataset_event to 2025-08-30 00:00:00+00:00, run_after=2025-08-31 00:00:00+00:00
[2025-08-31T18:49:24.938+0000] {logging_mixin.py:190} INFO - [2025-08-31T18:49:24.937+0000] {dag.py:4180} INFO - Setting next_dagrun for read_dataset_event_from_classic to 2025-08-30 00:00:00+00:00, run_after=2025-08-31 00:00:00+00:00
[2025-08-31T18:49:24.961+0000] {processor.py:208} INFO - Processing /home/krishnaformeera/Sumitomo/datapipeline/venv/lib/python3.11/site-packages/airflow/example_dags/example_inlet_event_extra.py took 0.098 seconds
[2025-08-31T18:50:16.776+0000] {processor.py:186} INFO - Started process (PID=8039) to work on /home/krishnaformeera/Sumitomo/datapipeline/venv/lib/python3.11/site-packages/airflow/example_dags/example_inlet_event_extra.py
[2025-08-31T18:50:16.777+0000] {processor.py:914} INFO - Processing file /home/krishnaformeera/Sumitomo/datapipeline/venv/lib/python3.11/site-packages/airflow/example_dags/example_inlet_event_extra.py for tasks to queue
[2025-08-31T18:50:16.781+0000] {logging_mixin.py:190} INFO - [2025-08-31T18:50:16.780+0000] {dagbag.py:588} INFO - Filling up the DagBag from /home/krishnaformeera/Sumitomo/datapipeline/venv/lib/python3.11/site-packages/airflow/example_dags/example_inlet_event_extra.py
[2025-08-31T18:50:16.800+0000] {processor.py:925} INFO - DAG(s) 'read_dataset_event', 'read_dataset_event_from_classic' retrieved from /home/krishnaformeera/Sumitomo/datapipeline/venv/lib/python3.11/site-packages/airflow/example_dags/example_inlet_event_extra.py
[2025-08-31T18:50:16.825+0000] {logging_mixin.py:190} INFO - [2025-08-31T18:50:16.824+0000] {dag.py:3239} INFO - Sync 2 DAGs
[2025-08-31T18:50:16.848+0000] {logging_mixin.py:190} INFO - [2025-08-31T18:50:16.848+0000] {dag.py:4180} INFO - Setting next_dagrun for read_dataset_event to 2025-08-30 00:00:00+00:00, run_after=2025-08-31 00:00:00+00:00
[2025-08-31T18:50:16.854+0000] {logging_mixin.py:190} INFO - [2025-08-31T18:50:16.854+0000] {dag.py:4180} INFO - Setting next_dagrun for read_dataset_event_from_classic to 2025-08-30 00:00:00+00:00, run_after=2025-08-31 00:00:00+00:00
[2025-08-31T18:50:16.876+0000] {processor.py:208} INFO - Processing /home/krishnaformeera/Sumitomo/datapipeline/venv/lib/python3.11/site-packages/airflow/example_dags/example_inlet_event_extra.py took 0.109 seconds
[2025-08-31T18:51:09.318+0000] {processor.py:186} INFO - Started process (PID=8109) to work on /home/krishnaformeera/Sumitomo/datapipeline/venv/lib/python3.11/site-packages/airflow/example_dags/example_inlet_event_extra.py
[2025-08-31T18:51:09.319+0000] {processor.py:914} INFO - Processing file /home/krishnaformeera/Sumitomo/datapipeline/venv/lib/python3.11/site-packages/airflow/example_dags/example_inlet_event_extra.py for tasks to queue
[2025-08-31T18:51:09.321+0000] {logging_mixin.py:190} INFO - [2025-08-31T18:51:09.321+0000] {dagbag.py:588} INFO - Filling up the DagBag from /home/krishnaformeera/Sumitomo/datapipeline/venv/lib/python3.11/site-packages/airflow/example_dags/example_inlet_event_extra.py
[2025-08-31T18:51:09.333+0000] {processor.py:925} INFO - DAG(s) 'read_dataset_event_from_classic', 'read_dataset_event' retrieved from /home/krishnaformeera/Sumitomo/datapipeline/venv/lib/python3.11/site-packages/airflow/example_dags/example_inlet_event_extra.py
[2025-08-31T18:51:09.350+0000] {logging_mixin.py:190} INFO - [2025-08-31T18:51:09.350+0000] {dag.py:3239} INFO - Sync 2 DAGs
[2025-08-31T18:51:09.370+0000] {logging_mixin.py:190} INFO - [2025-08-31T18:51:09.370+0000] {dag.py:4180} INFO - Setting next_dagrun for read_dataset_event to 2025-08-30 00:00:00+00:00, run_after=2025-08-31 00:00:00+00:00
[2025-08-31T18:51:09.374+0000] {logging_mixin.py:190} INFO - [2025-08-31T18:51:09.374+0000] {dag.py:4180} INFO - Setting next_dagrun for read_dataset_event_from_classic to 2025-08-30 00:00:00+00:00, run_after=2025-08-31 00:00:00+00:00
[2025-08-31T18:51:09.403+0000] {processor.py:208} INFO - Processing /home/krishnaformeera/Sumitomo/datapipeline/venv/lib/python3.11/site-packages/airflow/example_dags/example_inlet_event_extra.py took 0.091 seconds
[2025-08-31T18:51:58.304+0000] {processor.py:186} INFO - Started process (PID=8188) to work on /home/krishnaformeera/Sumitomo/datapipeline/venv/lib/python3.11/site-packages/airflow/example_dags/example_inlet_event_extra.py
[2025-08-31T18:51:58.305+0000] {processor.py:914} INFO - Processing file /home/krishnaformeera/Sumitomo/datapipeline/venv/lib/python3.11/site-packages/airflow/example_dags/example_inlet_event_extra.py for tasks to queue
[2025-08-31T18:51:58.307+0000] {logging_mixin.py:190} INFO - [2025-08-31T18:51:58.307+0000] {dagbag.py:588} INFO - Filling up the DagBag from /home/krishnaformeera/Sumitomo/datapipeline/venv/lib/python3.11/site-packages/airflow/example_dags/example_inlet_event_extra.py
[2025-08-31T18:51:58.320+0000] {processor.py:925} INFO - DAG(s) 'read_dataset_event', 'read_dataset_event_from_classic' retrieved from /home/krishnaformeera/Sumitomo/datapipeline/venv/lib/python3.11/site-packages/airflow/example_dags/example_inlet_event_extra.py
[2025-08-31T18:51:58.339+0000] {logging_mixin.py:190} INFO - [2025-08-31T18:51:58.339+0000] {dag.py:3239} INFO - Sync 2 DAGs
[2025-08-31T18:51:58.360+0000] {logging_mixin.py:190} INFO - [2025-08-31T18:51:58.360+0000] {dag.py:4180} INFO - Setting next_dagrun for read_dataset_event to 2025-08-30 00:00:00+00:00, run_after=2025-08-31 00:00:00+00:00
[2025-08-31T18:51:58.364+0000] {logging_mixin.py:190} INFO - [2025-08-31T18:51:58.364+0000] {dag.py:4180} INFO - Setting next_dagrun for read_dataset_event_from_classic to 2025-08-30 00:00:00+00:00, run_after=2025-08-31 00:00:00+00:00
[2025-08-31T18:51:58.384+0000] {processor.py:208} INFO - Processing /home/krishnaformeera/Sumitomo/datapipeline/venv/lib/python3.11/site-packages/airflow/example_dags/example_inlet_event_extra.py took 0.088 seconds
[2025-08-31T18:53:11.854+0000] {processor.py:186} INFO - Started process (PID=8282) to work on /home/krishnaformeera/Sumitomo/datapipeline/venv/lib/python3.11/site-packages/airflow/example_dags/example_inlet_event_extra.py
[2025-08-31T18:53:11.854+0000] {processor.py:914} INFO - Processing file /home/krishnaformeera/Sumitomo/datapipeline/venv/lib/python3.11/site-packages/airflow/example_dags/example_inlet_event_extra.py for tasks to queue
[2025-08-31T18:53:11.857+0000] {logging_mixin.py:190} INFO - [2025-08-31T18:53:11.856+0000] {dagbag.py:588} INFO - Filling up the DagBag from /home/krishnaformeera/Sumitomo/datapipeline/venv/lib/python3.11/site-packages/airflow/example_dags/example_inlet_event_extra.py
[2025-08-31T18:53:11.870+0000] {processor.py:925} INFO - DAG(s) 'read_dataset_event', 'read_dataset_event_from_classic' retrieved from /home/krishnaformeera/Sumitomo/datapipeline/venv/lib/python3.11/site-packages/airflow/example_dags/example_inlet_event_extra.py
[2025-08-31T18:53:11.888+0000] {logging_mixin.py:190} INFO - [2025-08-31T18:53:11.887+0000] {dag.py:3239} INFO - Sync 2 DAGs
[2025-08-31T18:53:11.907+0000] {logging_mixin.py:190} INFO - [2025-08-31T18:53:11.907+0000] {dag.py:4180} INFO - Setting next_dagrun for read_dataset_event to 2025-08-30 00:00:00+00:00, run_after=2025-08-31 00:00:00+00:00
[2025-08-31T18:53:11.911+0000] {logging_mixin.py:190} INFO - [2025-08-31T18:53:11.911+0000] {dag.py:4180} INFO - Setting next_dagrun for read_dataset_event_from_classic to 2025-08-30 00:00:00+00:00, run_after=2025-08-31 00:00:00+00:00
[2025-08-31T18:53:11.933+0000] {processor.py:208} INFO - Processing /home/krishnaformeera/Sumitomo/datapipeline/venv/lib/python3.11/site-packages/airflow/example_dags/example_inlet_event_extra.py took 0.086 seconds
[2025-08-31T18:54:00.690+0000] {processor.py:186} INFO - Started process (PID=8477) to work on /home/krishnaformeera/Sumitomo/datapipeline/venv/lib/python3.11/site-packages/airflow/example_dags/example_inlet_event_extra.py
[2025-08-31T18:54:00.691+0000] {processor.py:914} INFO - Processing file /home/krishnaformeera/Sumitomo/datapipeline/venv/lib/python3.11/site-packages/airflow/example_dags/example_inlet_event_extra.py for tasks to queue
[2025-08-31T18:54:00.693+0000] {logging_mixin.py:190} INFO - [2025-08-31T18:54:00.693+0000] {dagbag.py:588} INFO - Filling up the DagBag from /home/krishnaformeera/Sumitomo/datapipeline/venv/lib/python3.11/site-packages/airflow/example_dags/example_inlet_event_extra.py
[2025-08-31T18:54:00.705+0000] {processor.py:925} INFO - DAG(s) 'read_dataset_event_from_classic', 'read_dataset_event' retrieved from /home/krishnaformeera/Sumitomo/datapipeline/venv/lib/python3.11/site-packages/airflow/example_dags/example_inlet_event_extra.py
[2025-08-31T18:54:00.722+0000] {logging_mixin.py:190} INFO - [2025-08-31T18:54:00.722+0000] {dag.py:3239} INFO - Sync 2 DAGs
[2025-08-31T18:54:00.741+0000] {logging_mixin.py:190} INFO - [2025-08-31T18:54:00.741+0000] {dag.py:4180} INFO - Setting next_dagrun for read_dataset_event to 2025-08-30 00:00:00+00:00, run_after=2025-08-31 00:00:00+00:00
[2025-08-31T18:54:00.744+0000] {logging_mixin.py:190} INFO - [2025-08-31T18:54:00.744+0000] {dag.py:4180} INFO - Setting next_dagrun for read_dataset_event_from_classic to 2025-08-30 00:00:00+00:00, run_after=2025-08-31 00:00:00+00:00
[2025-08-31T18:54:00.764+0000] {processor.py:208} INFO - Processing /home/krishnaformeera/Sumitomo/datapipeline/venv/lib/python3.11/site-packages/airflow/example_dags/example_inlet_event_extra.py took 0.081 seconds
[2025-08-31T18:54:51.324+0000] {processor.py:186} INFO - Started process (PID=8529) to work on /home/krishnaformeera/Sumitomo/datapipeline/venv/lib/python3.11/site-packages/airflow/example_dags/example_inlet_event_extra.py
[2025-08-31T18:54:51.325+0000] {processor.py:914} INFO - Processing file /home/krishnaformeera/Sumitomo/datapipeline/venv/lib/python3.11/site-packages/airflow/example_dags/example_inlet_event_extra.py for tasks to queue
[2025-08-31T18:54:51.327+0000] {logging_mixin.py:190} INFO - [2025-08-31T18:54:51.327+0000] {dagbag.py:588} INFO - Filling up the DagBag from /home/krishnaformeera/Sumitomo/datapipeline/venv/lib/python3.11/site-packages/airflow/example_dags/example_inlet_event_extra.py
[2025-08-31T18:54:51.339+0000] {processor.py:925} INFO - DAG(s) 'read_dataset_event_from_classic', 'read_dataset_event' retrieved from /home/krishnaformeera/Sumitomo/datapipeline/venv/lib/python3.11/site-packages/airflow/example_dags/example_inlet_event_extra.py
[2025-08-31T18:54:51.356+0000] {logging_mixin.py:190} INFO - [2025-08-31T18:54:51.356+0000] {dag.py:3239} INFO - Sync 2 DAGs
[2025-08-31T18:54:51.376+0000] {logging_mixin.py:190} INFO - [2025-08-31T18:54:51.375+0000] {dag.py:4180} INFO - Setting next_dagrun for read_dataset_event to 2025-08-30 00:00:00+00:00, run_after=2025-08-31 00:00:00+00:00
[2025-08-31T18:54:51.379+0000] {logging_mixin.py:190} INFO - [2025-08-31T18:54:51.379+0000] {dag.py:4180} INFO - Setting next_dagrun for read_dataset_event_from_classic to 2025-08-30 00:00:00+00:00, run_after=2025-08-31 00:00:00+00:00
[2025-08-31T18:54:51.398+0000] {processor.py:208} INFO - Processing /home/krishnaformeera/Sumitomo/datapipeline/venv/lib/python3.11/site-packages/airflow/example_dags/example_inlet_event_extra.py took 0.080 seconds
[2025-08-31T18:55:45.905+0000] {processor.py:186} INFO - Started process (PID=8609) to work on /home/krishnaformeera/Sumitomo/datapipeline/venv/lib/python3.11/site-packages/airflow/example_dags/example_inlet_event_extra.py
[2025-08-31T18:55:45.906+0000] {processor.py:914} INFO - Processing file /home/krishnaformeera/Sumitomo/datapipeline/venv/lib/python3.11/site-packages/airflow/example_dags/example_inlet_event_extra.py for tasks to queue
[2025-08-31T18:55:45.908+0000] {logging_mixin.py:190} INFO - [2025-08-31T18:55:45.907+0000] {dagbag.py:588} INFO - Filling up the DagBag from /home/krishnaformeera/Sumitomo/datapipeline/venv/lib/python3.11/site-packages/airflow/example_dags/example_inlet_event_extra.py
[2025-08-31T18:55:45.920+0000] {processor.py:925} INFO - DAG(s) 'read_dataset_event_from_classic', 'read_dataset_event' retrieved from /home/krishnaformeera/Sumitomo/datapipeline/venv/lib/python3.11/site-packages/airflow/example_dags/example_inlet_event_extra.py
[2025-08-31T18:55:45.935+0000] {logging_mixin.py:190} INFO - [2025-08-31T18:55:45.935+0000] {dag.py:3239} INFO - Sync 2 DAGs
[2025-08-31T18:55:45.955+0000] {logging_mixin.py:190} INFO - [2025-08-31T18:55:45.955+0000] {dag.py:4180} INFO - Setting next_dagrun for read_dataset_event to 2025-08-30 00:00:00+00:00, run_after=2025-08-31 00:00:00+00:00
[2025-08-31T18:55:45.958+0000] {logging_mixin.py:190} INFO - [2025-08-31T18:55:45.958+0000] {dag.py:4180} INFO - Setting next_dagrun for read_dataset_event_from_classic to 2025-08-30 00:00:00+00:00, run_after=2025-08-31 00:00:00+00:00
[2025-08-31T18:55:45.977+0000] {processor.py:208} INFO - Processing /home/krishnaformeera/Sumitomo/datapipeline/venv/lib/python3.11/site-packages/airflow/example_dags/example_inlet_event_extra.py took 0.079 seconds
[2025-08-31T18:56:39.673+0000] {processor.py:186} INFO - Started process (PID=8678) to work on /home/krishnaformeera/Sumitomo/datapipeline/venv/lib/python3.11/site-packages/airflow/example_dags/example_inlet_event_extra.py
[2025-08-31T18:56:39.674+0000] {processor.py:914} INFO - Processing file /home/krishnaformeera/Sumitomo/datapipeline/venv/lib/python3.11/site-packages/airflow/example_dags/example_inlet_event_extra.py for tasks to queue
[2025-08-31T18:56:39.679+0000] {logging_mixin.py:190} INFO - [2025-08-31T18:56:39.678+0000] {dagbag.py:588} INFO - Filling up the DagBag from /home/krishnaformeera/Sumitomo/datapipeline/venv/lib/python3.11/site-packages/airflow/example_dags/example_inlet_event_extra.py
[2025-08-31T18:56:39.705+0000] {processor.py:925} INFO - DAG(s) 'read_dataset_event', 'read_dataset_event_from_classic' retrieved from /home/krishnaformeera/Sumitomo/datapipeline/venv/lib/python3.11/site-packages/airflow/example_dags/example_inlet_event_extra.py
[2025-08-31T18:56:39.731+0000] {logging_mixin.py:190} INFO - [2025-08-31T18:56:39.731+0000] {dag.py:3239} INFO - Sync 2 DAGs
[2025-08-31T18:56:39.760+0000] {logging_mixin.py:190} INFO - [2025-08-31T18:56:39.760+0000] {dag.py:4180} INFO - Setting next_dagrun for read_dataset_event to 2025-08-30 00:00:00+00:00, run_after=2025-08-31 00:00:00+00:00
[2025-08-31T18:56:39.765+0000] {logging_mixin.py:190} INFO - [2025-08-31T18:56:39.765+0000] {dag.py:4180} INFO - Setting next_dagrun for read_dataset_event_from_classic to 2025-08-30 00:00:00+00:00, run_after=2025-08-31 00:00:00+00:00
[2025-08-31T18:56:39.794+0000] {processor.py:208} INFO - Processing /home/krishnaformeera/Sumitomo/datapipeline/venv/lib/python3.11/site-packages/airflow/example_dags/example_inlet_event_extra.py took 0.140 seconds
[2025-08-31T18:57:32.455+0000] {processor.py:186} INFO - Started process (PID=8731) to work on /home/krishnaformeera/Sumitomo/datapipeline/venv/lib/python3.11/site-packages/airflow/example_dags/example_inlet_event_extra.py
[2025-08-31T18:57:32.456+0000] {processor.py:914} INFO - Processing file /home/krishnaformeera/Sumitomo/datapipeline/venv/lib/python3.11/site-packages/airflow/example_dags/example_inlet_event_extra.py for tasks to queue
[2025-08-31T18:57:32.459+0000] {logging_mixin.py:190} INFO - [2025-08-31T18:57:32.458+0000] {dagbag.py:588} INFO - Filling up the DagBag from /home/krishnaformeera/Sumitomo/datapipeline/venv/lib/python3.11/site-packages/airflow/example_dags/example_inlet_event_extra.py
[2025-08-31T18:57:32.472+0000] {processor.py:925} INFO - DAG(s) 'read_dataset_event_from_classic', 'read_dataset_event' retrieved from /home/krishnaformeera/Sumitomo/datapipeline/venv/lib/python3.11/site-packages/airflow/example_dags/example_inlet_event_extra.py
[2025-08-31T18:57:32.491+0000] {logging_mixin.py:190} INFO - [2025-08-31T18:57:32.490+0000] {dag.py:3239} INFO - Sync 2 DAGs
[2025-08-31T18:57:32.511+0000] {logging_mixin.py:190} INFO - [2025-08-31T18:57:32.511+0000] {dag.py:4180} INFO - Setting next_dagrun for read_dataset_event to 2025-08-30 00:00:00+00:00, run_after=2025-08-31 00:00:00+00:00
[2025-08-31T18:57:32.515+0000] {logging_mixin.py:190} INFO - [2025-08-31T18:57:32.515+0000] {dag.py:4180} INFO - Setting next_dagrun for read_dataset_event_from_classic to 2025-08-30 00:00:00+00:00, run_after=2025-08-31 00:00:00+00:00
[2025-08-31T18:57:32.535+0000] {processor.py:208} INFO - Processing /home/krishnaformeera/Sumitomo/datapipeline/venv/lib/python3.11/site-packages/airflow/example_dags/example_inlet_event_extra.py took 0.087 seconds
[2025-08-31T18:58:25.215+0000] {processor.py:186} INFO - Started process (PID=8785) to work on /home/krishnaformeera/Sumitomo/datapipeline/venv/lib/python3.11/site-packages/airflow/example_dags/example_inlet_event_extra.py
[2025-08-31T18:58:25.216+0000] {processor.py:914} INFO - Processing file /home/krishnaformeera/Sumitomo/datapipeline/venv/lib/python3.11/site-packages/airflow/example_dags/example_inlet_event_extra.py for tasks to queue
[2025-08-31T18:58:25.219+0000] {logging_mixin.py:190} INFO - [2025-08-31T18:58:25.219+0000] {dagbag.py:588} INFO - Filling up the DagBag from /home/krishnaformeera/Sumitomo/datapipeline/venv/lib/python3.11/site-packages/airflow/example_dags/example_inlet_event_extra.py
[2025-08-31T18:58:25.232+0000] {processor.py:925} INFO - DAG(s) 'read_dataset_event_from_classic', 'read_dataset_event' retrieved from /home/krishnaformeera/Sumitomo/datapipeline/venv/lib/python3.11/site-packages/airflow/example_dags/example_inlet_event_extra.py
[2025-08-31T18:58:25.251+0000] {logging_mixin.py:190} INFO - [2025-08-31T18:58:25.251+0000] {dag.py:3239} INFO - Sync 2 DAGs
[2025-08-31T18:58:25.273+0000] {logging_mixin.py:190} INFO - [2025-08-31T18:58:25.273+0000] {dag.py:4180} INFO - Setting next_dagrun for read_dataset_event to 2025-08-30 00:00:00+00:00, run_after=2025-08-31 00:00:00+00:00
[2025-08-31T18:58:25.277+0000] {logging_mixin.py:190} INFO - [2025-08-31T18:58:25.276+0000] {dag.py:4180} INFO - Setting next_dagrun for read_dataset_event_from_classic to 2025-08-30 00:00:00+00:00, run_after=2025-08-31 00:00:00+00:00
[2025-08-31T18:58:25.295+0000] {processor.py:208} INFO - Processing /home/krishnaformeera/Sumitomo/datapipeline/venv/lib/python3.11/site-packages/airflow/example_dags/example_inlet_event_extra.py took 0.087 seconds
[2025-08-31T18:59:18.002+0000] {processor.py:186} INFO - Started process (PID=8867) to work on /home/krishnaformeera/Sumitomo/datapipeline/venv/lib/python3.11/site-packages/airflow/example_dags/example_inlet_event_extra.py
[2025-08-31T18:59:18.003+0000] {processor.py:914} INFO - Processing file /home/krishnaformeera/Sumitomo/datapipeline/venv/lib/python3.11/site-packages/airflow/example_dags/example_inlet_event_extra.py for tasks to queue
[2025-08-31T18:59:18.006+0000] {logging_mixin.py:190} INFO - [2025-08-31T18:59:18.006+0000] {dagbag.py:588} INFO - Filling up the DagBag from /home/krishnaformeera/Sumitomo/datapipeline/venv/lib/python3.11/site-packages/airflow/example_dags/example_inlet_event_extra.py
[2025-08-31T18:59:18.024+0000] {processor.py:925} INFO - DAG(s) 'read_dataset_event_from_classic', 'read_dataset_event' retrieved from /home/krishnaformeera/Sumitomo/datapipeline/venv/lib/python3.11/site-packages/airflow/example_dags/example_inlet_event_extra.py
[2025-08-31T18:59:18.042+0000] {logging_mixin.py:190} INFO - [2025-08-31T18:59:18.041+0000] {dag.py:3239} INFO - Sync 2 DAGs
[2025-08-31T18:59:18.061+0000] {logging_mixin.py:190} INFO - [2025-08-31T18:59:18.060+0000] {dag.py:4180} INFO - Setting next_dagrun for read_dataset_event to 2025-08-30 00:00:00+00:00, run_after=2025-08-31 00:00:00+00:00
[2025-08-31T18:59:18.064+0000] {logging_mixin.py:190} INFO - [2025-08-31T18:59:18.064+0000] {dag.py:4180} INFO - Setting next_dagrun for read_dataset_event_from_classic to 2025-08-30 00:00:00+00:00, run_after=2025-08-31 00:00:00+00:00
[2025-08-31T18:59:18.085+0000] {processor.py:208} INFO - Processing /home/krishnaformeera/Sumitomo/datapipeline/venv/lib/python3.11/site-packages/airflow/example_dags/example_inlet_event_extra.py took 0.093 seconds
