[2025-08-31T18:31:30.578+0000] {processor.py:186} INFO - Started process (PID=5267) to work on /home/krishnaformeera/Sumitomo/datapipeline/venv/lib/python3.11/site-packages/airflow/example_dags/example_bash_operator.py
[2025-08-31T18:31:30.578+0000] {processor.py:914} INFO - Processing file /home/krishnaformeera/Sumitomo/datapipeline/venv/lib/python3.11/site-packages/airflow/example_dags/example_bash_operator.py for tasks to queue
[2025-08-31T18:31:30.580+0000] {logging_mixin.py:190} INFO - [2025-08-31T18:31:30.580+0000] {dagbag.py:588} INFO - Filling up the DagBag from /home/krishnaformeera/Sumitomo/datapipeline/venv/lib/python3.11/site-packages/airflow/example_dags/example_bash_operator.py
[2025-08-31T18:31:30.594+0000] {processor.py:925} INFO - DAG(s) 'example_bash_operator' retrieved from /home/krishnaformeera/Sumitomo/datapipeline/venv/lib/python3.11/site-packages/airflow/example_dags/example_bash_operator.py
[2025-08-31T18:31:30.686+0000] {logging_mixin.py:190} INFO - [2025-08-31T18:31:30.686+0000] {override.py:1900} INFO - Created Permission View: can edit on DAG:example_bash_operator
[2025-08-31T18:31:30.698+0000] {logging_mixin.py:190} INFO - [2025-08-31T18:31:30.697+0000] {override.py:1900} INFO - Created Permission View: can read on DAG:example_bash_operator
[2025-08-31T18:31:30.706+0000] {logging_mixin.py:190} INFO - [2025-08-31T18:31:30.706+0000] {override.py:1900} INFO - Created Permission View: can delete on DAG:example_bash_operator
[2025-08-31T18:31:30.720+0000] {logging_mixin.py:190} INFO - [2025-08-31T18:31:30.720+0000] {override.py:1900} INFO - Created Permission View: menu access on DAG Run:example_bash_operator
[2025-08-31T18:31:30.728+0000] {logging_mixin.py:190} INFO - [2025-08-31T18:31:30.728+0000] {override.py:1900} INFO - Created Permission View: can read on DAG Run:example_bash_operator
[2025-08-31T18:31:30.737+0000] {logging_mixin.py:190} INFO - [2025-08-31T18:31:30.737+0000] {override.py:1900} INFO - Created Permission View: can create on DAG Run:example_bash_operator
[2025-08-31T18:31:30.746+0000] {logging_mixin.py:190} INFO - [2025-08-31T18:31:30.745+0000] {override.py:1900} INFO - Created Permission View: can delete on DAG Run:example_bash_operator
[2025-08-31T18:31:30.746+0000] {logging_mixin.py:190} INFO - [2025-08-31T18:31:30.746+0000] {dag.py:3239} INFO - Sync 1 DAGs
[2025-08-31T18:31:30.759+0000] {logging_mixin.py:190} INFO - [2025-08-31T18:31:30.759+0000] {dag.py:3262} INFO - Creating ORM DAG for example_bash_operator
[2025-08-31T18:31:30.769+0000] {logging_mixin.py:190} INFO - [2025-08-31T18:31:30.769+0000] {dag.py:4180} INFO - Setting next_dagrun for example_bash_operator to 2025-08-30 00:00:00+00:00, run_after=2025-08-31 00:00:00+00:00
[2025-08-31T18:31:30.874+0000] {processor.py:208} INFO - Processing /home/krishnaformeera/Sumitomo/datapipeline/venv/lib/python3.11/site-packages/airflow/example_dags/example_bash_operator.py took 0.302 seconds
[2025-08-31T18:32:31.771+0000] {processor.py:186} INFO - Started process (PID=5327) to work on /home/krishnaformeera/Sumitomo/datapipeline/venv/lib/python3.11/site-packages/airflow/example_dags/example_bash_operator.py
[2025-08-31T18:32:31.772+0000] {processor.py:914} INFO - Processing file /home/krishnaformeera/Sumitomo/datapipeline/venv/lib/python3.11/site-packages/airflow/example_dags/example_bash_operator.py for tasks to queue
[2025-08-31T18:32:31.774+0000] {logging_mixin.py:190} INFO - [2025-08-31T18:32:31.773+0000] {dagbag.py:588} INFO - Filling up the DagBag from /home/krishnaformeera/Sumitomo/datapipeline/venv/lib/python3.11/site-packages/airflow/example_dags/example_bash_operator.py
[2025-08-31T18:32:31.787+0000] {processor.py:925} INFO - DAG(s) 'example_bash_operator' retrieved from /home/krishnaformeera/Sumitomo/datapipeline/venv/lib/python3.11/site-packages/airflow/example_dags/example_bash_operator.py
[2025-08-31T18:32:31.808+0000] {logging_mixin.py:190} INFO - [2025-08-31T18:32:31.807+0000] {dag.py:3239} INFO - Sync 1 DAGs
[2025-08-31T18:32:31.826+0000] {logging_mixin.py:190} INFO - [2025-08-31T18:32:31.826+0000] {dag.py:4180} INFO - Setting next_dagrun for example_bash_operator to 2025-08-30 00:00:00+00:00, run_after=2025-08-31 00:00:00+00:00
[2025-08-31T18:32:31.848+0000] {processor.py:208} INFO - Processing /home/krishnaformeera/Sumitomo/datapipeline/venv/lib/python3.11/site-packages/airflow/example_dags/example_bash_operator.py took 0.083 seconds
[2025-08-31T18:33:25.484+0000] {processor.py:186} INFO - Started process (PID=5383) to work on /home/krishnaformeera/Sumitomo/datapipeline/venv/lib/python3.11/site-packages/airflow/example_dags/example_bash_operator.py
[2025-08-31T18:33:25.485+0000] {processor.py:914} INFO - Processing file /home/krishnaformeera/Sumitomo/datapipeline/venv/lib/python3.11/site-packages/airflow/example_dags/example_bash_operator.py for tasks to queue
[2025-08-31T18:33:25.488+0000] {logging_mixin.py:190} INFO - [2025-08-31T18:33:25.487+0000] {dagbag.py:588} INFO - Filling up the DagBag from /home/krishnaformeera/Sumitomo/datapipeline/venv/lib/python3.11/site-packages/airflow/example_dags/example_bash_operator.py
[2025-08-31T18:33:25.501+0000] {processor.py:925} INFO - DAG(s) 'example_bash_operator' retrieved from /home/krishnaformeera/Sumitomo/datapipeline/venv/lib/python3.11/site-packages/airflow/example_dags/example_bash_operator.py
[2025-08-31T18:33:25.619+0000] {logging_mixin.py:190} INFO - [2025-08-31T18:33:25.619+0000] {dag.py:3239} INFO - Sync 1 DAGs
[2025-08-31T18:33:25.634+0000] {logging_mixin.py:190} INFO - [2025-08-31T18:33:25.634+0000] {dag.py:4180} INFO - Setting next_dagrun for example_bash_operator to 2025-08-30 00:00:00+00:00, run_after=2025-08-31 00:00:00+00:00
[2025-08-31T18:33:25.654+0000] {processor.py:208} INFO - Processing /home/krishnaformeera/Sumitomo/datapipeline/venv/lib/python3.11/site-packages/airflow/example_dags/example_bash_operator.py took 0.175 seconds
[2025-08-31T18:34:42.247+0000] {processor.py:186} INFO - Started process (PID=5460) to work on /home/krishnaformeera/Sumitomo/datapipeline/venv/lib/python3.11/site-packages/airflow/example_dags/example_bash_operator.py
[2025-08-31T18:34:42.249+0000] {processor.py:914} INFO - Processing file /home/krishnaformeera/Sumitomo/datapipeline/venv/lib/python3.11/site-packages/airflow/example_dags/example_bash_operator.py for tasks to queue
[2025-08-31T18:34:42.252+0000] {logging_mixin.py:190} INFO - [2025-08-31T18:34:42.251+0000] {dagbag.py:588} INFO - Filling up the DagBag from /home/krishnaformeera/Sumitomo/datapipeline/venv/lib/python3.11/site-packages/airflow/example_dags/example_bash_operator.py
[2025-08-31T18:34:42.268+0000] {processor.py:925} INFO - DAG(s) 'example_bash_operator' retrieved from /home/krishnaformeera/Sumitomo/datapipeline/venv/lib/python3.11/site-packages/airflow/example_dags/example_bash_operator.py
[2025-08-31T18:34:42.290+0000] {logging_mixin.py:190} INFO - [2025-08-31T18:34:42.290+0000] {dag.py:3239} INFO - Sync 1 DAGs
[2025-08-31T18:34:42.309+0000] {logging_mixin.py:190} INFO - [2025-08-31T18:34:42.309+0000] {dag.py:4180} INFO - Setting next_dagrun for example_bash_operator to 2025-08-30 00:00:00+00:00, run_after=2025-08-31 00:00:00+00:00
[2025-08-31T18:34:42.331+0000] {processor.py:208} INFO - Processing /home/krishnaformeera/Sumitomo/datapipeline/venv/lib/python3.11/site-packages/airflow/example_dags/example_bash_operator.py took 0.092 seconds
[2025-08-31T18:35:37.708+0000] {processor.py:186} INFO - Started process (PID=5516) to work on /home/krishnaformeera/Sumitomo/datapipeline/venv/lib/python3.11/site-packages/airflow/example_dags/example_bash_operator.py
[2025-08-31T18:35:37.709+0000] {processor.py:914} INFO - Processing file /home/krishnaformeera/Sumitomo/datapipeline/venv/lib/python3.11/site-packages/airflow/example_dags/example_bash_operator.py for tasks to queue
[2025-08-31T18:35:37.711+0000] {logging_mixin.py:190} INFO - [2025-08-31T18:35:37.711+0000] {dagbag.py:588} INFO - Filling up the DagBag from /home/krishnaformeera/Sumitomo/datapipeline/venv/lib/python3.11/site-packages/airflow/example_dags/example_bash_operator.py
[2025-08-31T18:35:37.724+0000] {processor.py:925} INFO - DAG(s) 'example_bash_operator' retrieved from /home/krishnaformeera/Sumitomo/datapipeline/venv/lib/python3.11/site-packages/airflow/example_dags/example_bash_operator.py
[2025-08-31T18:35:37.746+0000] {logging_mixin.py:190} INFO - [2025-08-31T18:35:37.745+0000] {dag.py:3239} INFO - Sync 1 DAGs
[2025-08-31T18:35:37.765+0000] {logging_mixin.py:190} INFO - [2025-08-31T18:35:37.765+0000] {dag.py:4180} INFO - Setting next_dagrun for example_bash_operator to 2025-08-30 00:00:00+00:00, run_after=2025-08-31 00:00:00+00:00
[2025-08-31T18:35:37.784+0000] {processor.py:208} INFO - Processing /home/krishnaformeera/Sumitomo/datapipeline/venv/lib/python3.11/site-packages/airflow/example_dags/example_bash_operator.py took 0.082 seconds
[2025-08-31T18:36:53.972+0000] {processor.py:186} INFO - Started process (PID=5620) to work on /home/krishnaformeera/Sumitomo/datapipeline/venv/lib/python3.11/site-packages/airflow/example_dags/example_bash_operator.py
[2025-08-31T18:36:53.973+0000] {processor.py:914} INFO - Processing file /home/krishnaformeera/Sumitomo/datapipeline/venv/lib/python3.11/site-packages/airflow/example_dags/example_bash_operator.py for tasks to queue
[2025-08-31T18:36:53.976+0000] {logging_mixin.py:190} INFO - [2025-08-31T18:36:53.975+0000] {dagbag.py:588} INFO - Filling up the DagBag from /home/krishnaformeera/Sumitomo/datapipeline/venv/lib/python3.11/site-packages/airflow/example_dags/example_bash_operator.py
[2025-08-31T18:36:53.993+0000] {processor.py:925} INFO - DAG(s) 'example_bash_operator' retrieved from /home/krishnaformeera/Sumitomo/datapipeline/venv/lib/python3.11/site-packages/airflow/example_dags/example_bash_operator.py
[2025-08-31T18:36:54.017+0000] {logging_mixin.py:190} INFO - [2025-08-31T18:36:54.016+0000] {dag.py:3239} INFO - Sync 1 DAGs
[2025-08-31T18:36:54.040+0000] {logging_mixin.py:190} INFO - [2025-08-31T18:36:54.039+0000] {dag.py:4180} INFO - Setting next_dagrun for example_bash_operator to 2025-08-30 00:00:00+00:00, run_after=2025-08-31 00:00:00+00:00
[2025-08-31T18:36:54.062+0000] {processor.py:208} INFO - Processing /home/krishnaformeera/Sumitomo/datapipeline/venv/lib/python3.11/site-packages/airflow/example_dags/example_bash_operator.py took 0.098 seconds
[2025-08-31T18:40:38.572+0000] {processor.py:186} INFO - Started process (PID=6222) to work on /home/krishnaformeera/Sumitomo/datapipeline/venv/lib/python3.11/site-packages/airflow/example_dags/example_bash_operator.py
[2025-08-31T18:40:38.575+0000] {processor.py:914} INFO - Processing file /home/krishnaformeera/Sumitomo/datapipeline/venv/lib/python3.11/site-packages/airflow/example_dags/example_bash_operator.py for tasks to queue
[2025-08-31T18:40:38.578+0000] {logging_mixin.py:190} INFO - [2025-08-31T18:40:38.577+0000] {dagbag.py:588} INFO - Filling up the DagBag from /home/krishnaformeera/Sumitomo/datapipeline/venv/lib/python3.11/site-packages/airflow/example_dags/example_bash_operator.py
[2025-08-31T18:40:38.591+0000] {processor.py:925} INFO - DAG(s) 'example_bash_operator' retrieved from /home/krishnaformeera/Sumitomo/datapipeline/venv/lib/python3.11/site-packages/airflow/example_dags/example_bash_operator.py
[2025-08-31T18:40:38.611+0000] {logging_mixin.py:190} INFO - [2025-08-31T18:40:38.611+0000] {dag.py:3239} INFO - Sync 1 DAGs
[2025-08-31T18:40:38.629+0000] {logging_mixin.py:190} INFO - [2025-08-31T18:40:38.629+0000] {dag.py:4180} INFO - Setting next_dagrun for example_bash_operator to 2025-08-30 00:00:00+00:00, run_after=2025-08-31 00:00:00+00:00
[2025-08-31T18:40:38.653+0000] {processor.py:208} INFO - Processing /home/krishnaformeera/Sumitomo/datapipeline/venv/lib/python3.11/site-packages/airflow/example_dags/example_bash_operator.py took 0.086 seconds
[2025-08-31T18:41:32.432+0000] {processor.py:186} INFO - Started process (PID=6424) to work on /home/krishnaformeera/Sumitomo/datapipeline/venv/lib/python3.11/site-packages/airflow/example_dags/example_bash_operator.py
[2025-08-31T18:41:32.433+0000] {processor.py:914} INFO - Processing file /home/krishnaformeera/Sumitomo/datapipeline/venv/lib/python3.11/site-packages/airflow/example_dags/example_bash_operator.py for tasks to queue
[2025-08-31T18:41:32.435+0000] {logging_mixin.py:190} INFO - [2025-08-31T18:41:32.435+0000] {dagbag.py:588} INFO - Filling up the DagBag from /home/krishnaformeera/Sumitomo/datapipeline/venv/lib/python3.11/site-packages/airflow/example_dags/example_bash_operator.py
[2025-08-31T18:41:32.448+0000] {processor.py:925} INFO - DAG(s) 'example_bash_operator' retrieved from /home/krishnaformeera/Sumitomo/datapipeline/venv/lib/python3.11/site-packages/airflow/example_dags/example_bash_operator.py
[2025-08-31T18:41:32.468+0000] {logging_mixin.py:190} INFO - [2025-08-31T18:41:32.468+0000] {dag.py:3239} INFO - Sync 1 DAGs
[2025-08-31T18:41:32.487+0000] {logging_mixin.py:190} INFO - [2025-08-31T18:41:32.486+0000] {dag.py:4180} INFO - Setting next_dagrun for example_bash_operator to 2025-08-30 00:00:00+00:00, run_after=2025-08-31 00:00:00+00:00
[2025-08-31T18:41:32.507+0000] {processor.py:208} INFO - Processing /home/krishnaformeera/Sumitomo/datapipeline/venv/lib/python3.11/site-packages/airflow/example_dags/example_bash_operator.py took 0.081 seconds
[2025-08-31T18:42:54.180+0000] {processor.py:186} INFO - Started process (PID=6728) to work on /home/krishnaformeera/Sumitomo/datapipeline/venv/lib/python3.11/site-packages/airflow/example_dags/example_bash_operator.py
[2025-08-31T18:42:54.181+0000] {processor.py:914} INFO - Processing file /home/krishnaformeera/Sumitomo/datapipeline/venv/lib/python3.11/site-packages/airflow/example_dags/example_bash_operator.py for tasks to queue
[2025-08-31T18:42:54.183+0000] {logging_mixin.py:190} INFO - [2025-08-31T18:42:54.183+0000] {dagbag.py:588} INFO - Filling up the DagBag from /home/krishnaformeera/Sumitomo/datapipeline/venv/lib/python3.11/site-packages/airflow/example_dags/example_bash_operator.py
[2025-08-31T18:42:54.197+0000] {processor.py:925} INFO - DAG(s) 'example_bash_operator' retrieved from /home/krishnaformeera/Sumitomo/datapipeline/venv/lib/python3.11/site-packages/airflow/example_dags/example_bash_operator.py
[2025-08-31T18:42:54.305+0000] {logging_mixin.py:190} INFO - [2025-08-31T18:42:54.305+0000] {dag.py:3239} INFO - Sync 1 DAGs
[2025-08-31T18:42:54.320+0000] {logging_mixin.py:190} INFO - [2025-08-31T18:42:54.320+0000] {dag.py:4180} INFO - Setting next_dagrun for example_bash_operator to 2025-08-30 00:00:00+00:00, run_after=2025-08-31 00:00:00+00:00
[2025-08-31T18:42:54.340+0000] {processor.py:208} INFO - Processing /home/krishnaformeera/Sumitomo/datapipeline/venv/lib/python3.11/site-packages/airflow/example_dags/example_bash_operator.py took 0.167 seconds
[2025-08-31T18:43:52.635+0000] {processor.py:186} INFO - Started process (PID=6962) to work on /home/krishnaformeera/Sumitomo/datapipeline/venv/lib/python3.11/site-packages/airflow/example_dags/example_bash_operator.py
[2025-08-31T18:43:52.636+0000] {processor.py:914} INFO - Processing file /home/krishnaformeera/Sumitomo/datapipeline/venv/lib/python3.11/site-packages/airflow/example_dags/example_bash_operator.py for tasks to queue
[2025-08-31T18:43:52.638+0000] {logging_mixin.py:190} INFO - [2025-08-31T18:43:52.638+0000] {dagbag.py:588} INFO - Filling up the DagBag from /home/krishnaformeera/Sumitomo/datapipeline/venv/lib/python3.11/site-packages/airflow/example_dags/example_bash_operator.py
[2025-08-31T18:43:52.651+0000] {processor.py:925} INFO - DAG(s) 'example_bash_operator' retrieved from /home/krishnaformeera/Sumitomo/datapipeline/venv/lib/python3.11/site-packages/airflow/example_dags/example_bash_operator.py
[2025-08-31T18:43:52.672+0000] {logging_mixin.py:190} INFO - [2025-08-31T18:43:52.672+0000] {dag.py:3239} INFO - Sync 1 DAGs
[2025-08-31T18:43:52.691+0000] {logging_mixin.py:190} INFO - [2025-08-31T18:43:52.691+0000] {dag.py:4180} INFO - Setting next_dagrun for example_bash_operator to 2025-08-30 00:00:00+00:00, run_after=2025-08-31 00:00:00+00:00
[2025-08-31T18:43:52.713+0000] {processor.py:208} INFO - Processing /home/krishnaformeera/Sumitomo/datapipeline/venv/lib/python3.11/site-packages/airflow/example_dags/example_bash_operator.py took 0.084 seconds
[2025-08-31T18:44:45.861+0000] {processor.py:186} INFO - Started process (PID=7167) to work on /home/krishnaformeera/Sumitomo/datapipeline/venv/lib/python3.11/site-packages/airflow/example_dags/example_bash_operator.py
[2025-08-31T18:44:45.862+0000] {processor.py:914} INFO - Processing file /home/krishnaformeera/Sumitomo/datapipeline/venv/lib/python3.11/site-packages/airflow/example_dags/example_bash_operator.py for tasks to queue
[2025-08-31T18:44:45.864+0000] {logging_mixin.py:190} INFO - [2025-08-31T18:44:45.864+0000] {dagbag.py:588} INFO - Filling up the DagBag from /home/krishnaformeera/Sumitomo/datapipeline/venv/lib/python3.11/site-packages/airflow/example_dags/example_bash_operator.py
[2025-08-31T18:44:45.878+0000] {processor.py:925} INFO - DAG(s) 'example_bash_operator' retrieved from /home/krishnaformeera/Sumitomo/datapipeline/venv/lib/python3.11/site-packages/airflow/example_dags/example_bash_operator.py
[2025-08-31T18:44:45.898+0000] {logging_mixin.py:190} INFO - [2025-08-31T18:44:45.898+0000] {dag.py:3239} INFO - Sync 1 DAGs
[2025-08-31T18:44:45.916+0000] {logging_mixin.py:190} INFO - [2025-08-31T18:44:45.916+0000] {dag.py:4180} INFO - Setting next_dagrun for example_bash_operator to 2025-08-30 00:00:00+00:00, run_after=2025-08-31 00:00:00+00:00
[2025-08-31T18:44:45.938+0000] {processor.py:208} INFO - Processing /home/krishnaformeera/Sumitomo/datapipeline/venv/lib/python3.11/site-packages/airflow/example_dags/example_bash_operator.py took 0.083 seconds
[2025-08-31T18:46:01.122+0000] {processor.py:186} INFO - Started process (PID=7606) to work on /home/krishnaformeera/Sumitomo/datapipeline/venv/lib/python3.11/site-packages/airflow/example_dags/example_bash_operator.py
[2025-08-31T18:46:01.125+0000] {processor.py:914} INFO - Processing file /home/krishnaformeera/Sumitomo/datapipeline/venv/lib/python3.11/site-packages/airflow/example_dags/example_bash_operator.py for tasks to queue
[2025-08-31T18:46:01.130+0000] {logging_mixin.py:190} INFO - [2025-08-31T18:46:01.129+0000] {dagbag.py:588} INFO - Filling up the DagBag from /home/krishnaformeera/Sumitomo/datapipeline/venv/lib/python3.11/site-packages/airflow/example_dags/example_bash_operator.py
[2025-08-31T18:46:01.154+0000] {processor.py:925} INFO - DAG(s) 'example_bash_operator' retrieved from /home/krishnaformeera/Sumitomo/datapipeline/venv/lib/python3.11/site-packages/airflow/example_dags/example_bash_operator.py
[2025-08-31T18:46:01.188+0000] {logging_mixin.py:190} INFO - [2025-08-31T18:46:01.188+0000] {dag.py:3239} INFO - Sync 1 DAGs
[2025-08-31T18:46:01.219+0000] {logging_mixin.py:190} INFO - [2025-08-31T18:46:01.218+0000] {dag.py:4180} INFO - Setting next_dagrun for example_bash_operator to 2025-08-30 00:00:00+00:00, run_after=2025-08-31 00:00:00+00:00
[2025-08-31T18:46:01.245+0000] {processor.py:208} INFO - Processing /home/krishnaformeera/Sumitomo/datapipeline/venv/lib/python3.11/site-packages/airflow/example_dags/example_bash_operator.py took 0.136 seconds
[2025-08-31T18:47:20.668+0000] {processor.py:186} INFO - Started process (PID=7789) to work on /home/krishnaformeera/Sumitomo/datapipeline/venv/lib/python3.11/site-packages/airflow/example_dags/example_bash_operator.py
[2025-08-31T18:47:20.670+0000] {processor.py:914} INFO - Processing file /home/krishnaformeera/Sumitomo/datapipeline/venv/lib/python3.11/site-packages/airflow/example_dags/example_bash_operator.py for tasks to queue
[2025-08-31T18:47:20.673+0000] {logging_mixin.py:190} INFO - [2025-08-31T18:47:20.672+0000] {dagbag.py:588} INFO - Filling up the DagBag from /home/krishnaformeera/Sumitomo/datapipeline/venv/lib/python3.11/site-packages/airflow/example_dags/example_bash_operator.py
[2025-08-31T18:47:20.689+0000] {processor.py:925} INFO - DAG(s) 'example_bash_operator' retrieved from /home/krishnaformeera/Sumitomo/datapipeline/venv/lib/python3.11/site-packages/airflow/example_dags/example_bash_operator.py
[2025-08-31T18:47:20.712+0000] {logging_mixin.py:190} INFO - [2025-08-31T18:47:20.712+0000] {dag.py:3239} INFO - Sync 1 DAGs
[2025-08-31T18:47:20.734+0000] {logging_mixin.py:190} INFO - [2025-08-31T18:47:20.734+0000] {dag.py:4180} INFO - Setting next_dagrun for example_bash_operator to 2025-08-30 00:00:00+00:00, run_after=2025-08-31 00:00:00+00:00
[2025-08-31T18:47:20.759+0000] {processor.py:208} INFO - Processing /home/krishnaformeera/Sumitomo/datapipeline/venv/lib/python3.11/site-packages/airflow/example_dags/example_bash_operator.py took 0.098 seconds
[2025-08-31T18:48:34.910+0000] {processor.py:186} INFO - Started process (PID=7867) to work on /home/krishnaformeera/Sumitomo/datapipeline/venv/lib/python3.11/site-packages/airflow/example_dags/example_bash_operator.py
[2025-08-31T18:48:34.911+0000] {processor.py:914} INFO - Processing file /home/krishnaformeera/Sumitomo/datapipeline/venv/lib/python3.11/site-packages/airflow/example_dags/example_bash_operator.py for tasks to queue
[2025-08-31T18:48:34.913+0000] {logging_mixin.py:190} INFO - [2025-08-31T18:48:34.913+0000] {dagbag.py:588} INFO - Filling up the DagBag from /home/krishnaformeera/Sumitomo/datapipeline/venv/lib/python3.11/site-packages/airflow/example_dags/example_bash_operator.py
[2025-08-31T18:48:34.929+0000] {processor.py:925} INFO - DAG(s) 'example_bash_operator' retrieved from /home/krishnaformeera/Sumitomo/datapipeline/venv/lib/python3.11/site-packages/airflow/example_dags/example_bash_operator.py
[2025-08-31T18:48:34.953+0000] {logging_mixin.py:190} INFO - [2025-08-31T18:48:34.953+0000] {dag.py:3239} INFO - Sync 1 DAGs
[2025-08-31T18:48:34.978+0000] {logging_mixin.py:190} INFO - [2025-08-31T18:48:34.977+0000] {dag.py:4180} INFO - Setting next_dagrun for example_bash_operator to 2025-08-30 00:00:00+00:00, run_after=2025-08-31 00:00:00+00:00
[2025-08-31T18:48:35.004+0000] {processor.py:208} INFO - Processing /home/krishnaformeera/Sumitomo/datapipeline/venv/lib/python3.11/site-packages/airflow/example_dags/example_bash_operator.py took 0.102 seconds
[2025-08-31T18:49:52.496+0000] {processor.py:186} INFO - Started process (PID=7981) to work on /home/krishnaformeera/Sumitomo/datapipeline/venv/lib/python3.11/site-packages/airflow/example_dags/example_bash_operator.py
[2025-08-31T18:49:52.498+0000] {processor.py:914} INFO - Processing file /home/krishnaformeera/Sumitomo/datapipeline/venv/lib/python3.11/site-packages/airflow/example_dags/example_bash_operator.py for tasks to queue
[2025-08-31T18:49:52.501+0000] {logging_mixin.py:190} INFO - [2025-08-31T18:49:52.500+0000] {dagbag.py:588} INFO - Filling up the DagBag from /home/krishnaformeera/Sumitomo/datapipeline/venv/lib/python3.11/site-packages/airflow/example_dags/example_bash_operator.py
[2025-08-31T18:49:52.516+0000] {processor.py:925} INFO - DAG(s) 'example_bash_operator' retrieved from /home/krishnaformeera/Sumitomo/datapipeline/venv/lib/python3.11/site-packages/airflow/example_dags/example_bash_operator.py
[2025-08-31T18:49:52.540+0000] {logging_mixin.py:190} INFO - [2025-08-31T18:49:52.540+0000] {dag.py:3239} INFO - Sync 1 DAGs
[2025-08-31T18:49:52.565+0000] {logging_mixin.py:190} INFO - [2025-08-31T18:49:52.564+0000] {dag.py:4180} INFO - Setting next_dagrun for example_bash_operator to 2025-08-30 00:00:00+00:00, run_after=2025-08-31 00:00:00+00:00
[2025-08-31T18:49:52.592+0000] {processor.py:208} INFO - Processing /home/krishnaformeera/Sumitomo/datapipeline/venv/lib/python3.11/site-packages/airflow/example_dags/example_bash_operator.py took 0.103 seconds
[2025-08-31T18:50:48.213+0000] {processor.py:186} INFO - Started process (PID=8083) to work on /home/krishnaformeera/Sumitomo/datapipeline/venv/lib/python3.11/site-packages/airflow/example_dags/example_bash_operator.py
[2025-08-31T18:50:48.214+0000] {processor.py:914} INFO - Processing file /home/krishnaformeera/Sumitomo/datapipeline/venv/lib/python3.11/site-packages/airflow/example_dags/example_bash_operator.py for tasks to queue
[2025-08-31T18:50:48.217+0000] {logging_mixin.py:190} INFO - [2025-08-31T18:50:48.216+0000] {dagbag.py:588} INFO - Filling up the DagBag from /home/krishnaformeera/Sumitomo/datapipeline/venv/lib/python3.11/site-packages/airflow/example_dags/example_bash_operator.py
[2025-08-31T18:50:48.230+0000] {processor.py:925} INFO - DAG(s) 'example_bash_operator' retrieved from /home/krishnaformeera/Sumitomo/datapipeline/venv/lib/python3.11/site-packages/airflow/example_dags/example_bash_operator.py
[2025-08-31T18:50:48.250+0000] {logging_mixin.py:190} INFO - [2025-08-31T18:50:48.250+0000] {dag.py:3239} INFO - Sync 1 DAGs
[2025-08-31T18:50:48.269+0000] {logging_mixin.py:190} INFO - [2025-08-31T18:50:48.269+0000] {dag.py:4180} INFO - Setting next_dagrun for example_bash_operator to 2025-08-30 00:00:00+00:00, run_after=2025-08-31 00:00:00+00:00
[2025-08-31T18:50:48.291+0000] {processor.py:208} INFO - Processing /home/krishnaformeera/Sumitomo/datapipeline/venv/lib/python3.11/site-packages/airflow/example_dags/example_bash_operator.py took 0.084 seconds
[2025-08-31T18:52:02.318+0000] {processor.py:186} INFO - Started process (PID=8195) to work on /home/krishnaformeera/Sumitomo/datapipeline/venv/lib/python3.11/site-packages/airflow/example_dags/example_bash_operator.py
[2025-08-31T18:52:02.320+0000] {processor.py:914} INFO - Processing file /home/krishnaformeera/Sumitomo/datapipeline/venv/lib/python3.11/site-packages/airflow/example_dags/example_bash_operator.py for tasks to queue
[2025-08-31T18:52:02.323+0000] {logging_mixin.py:190} INFO - [2025-08-31T18:52:02.323+0000] {dagbag.py:588} INFO - Filling up the DagBag from /home/krishnaformeera/Sumitomo/datapipeline/venv/lib/python3.11/site-packages/airflow/example_dags/example_bash_operator.py
[2025-08-31T18:52:02.351+0000] {processor.py:925} INFO - DAG(s) 'example_bash_operator' retrieved from /home/krishnaformeera/Sumitomo/datapipeline/venv/lib/python3.11/site-packages/airflow/example_dags/example_bash_operator.py
[2025-08-31T18:52:02.386+0000] {logging_mixin.py:190} INFO - [2025-08-31T18:52:02.386+0000] {dag.py:3239} INFO - Sync 1 DAGs
[2025-08-31T18:52:02.416+0000] {logging_mixin.py:190} INFO - [2025-08-31T18:52:02.416+0000] {dag.py:4180} INFO - Setting next_dagrun for example_bash_operator to 2025-08-30 00:00:00+00:00, run_after=2025-08-31 00:00:00+00:00
[2025-08-31T18:52:02.446+0000] {processor.py:208} INFO - Processing /home/krishnaformeera/Sumitomo/datapipeline/venv/lib/python3.11/site-packages/airflow/example_dags/example_bash_operator.py took 0.137 seconds
[2025-08-31T18:53:15.128+0000] {processor.py:186} INFO - Started process (PID=8288) to work on /home/krishnaformeera/Sumitomo/datapipeline/venv/lib/python3.11/site-packages/airflow/example_dags/example_bash_operator.py
[2025-08-31T18:53:15.129+0000] {processor.py:914} INFO - Processing file /home/krishnaformeera/Sumitomo/datapipeline/venv/lib/python3.11/site-packages/airflow/example_dags/example_bash_operator.py for tasks to queue
[2025-08-31T18:53:15.131+0000] {logging_mixin.py:190} INFO - [2025-08-31T18:53:15.131+0000] {dagbag.py:588} INFO - Filling up the DagBag from /home/krishnaformeera/Sumitomo/datapipeline/venv/lib/python3.11/site-packages/airflow/example_dags/example_bash_operator.py
[2025-08-31T18:53:15.147+0000] {processor.py:925} INFO - DAG(s) 'example_bash_operator' retrieved from /home/krishnaformeera/Sumitomo/datapipeline/venv/lib/python3.11/site-packages/airflow/example_dags/example_bash_operator.py
[2025-08-31T18:53:15.171+0000] {logging_mixin.py:190} INFO - [2025-08-31T18:53:15.171+0000] {dag.py:3239} INFO - Sync 1 DAGs
[2025-08-31T18:53:15.198+0000] {logging_mixin.py:190} INFO - [2025-08-31T18:53:15.198+0000] {dag.py:4180} INFO - Setting next_dagrun for example_bash_operator to 2025-08-30 00:00:00+00:00, run_after=2025-08-31 00:00:00+00:00
[2025-08-31T18:53:15.230+0000] {processor.py:208} INFO - Processing /home/krishnaformeera/Sumitomo/datapipeline/venv/lib/python3.11/site-packages/airflow/example_dags/example_bash_operator.py took 0.109 seconds
[2025-08-31T18:54:28.549+0000] {processor.py:186} INFO - Started process (PID=8505) to work on /home/krishnaformeera/Sumitomo/datapipeline/venv/lib/python3.11/site-packages/airflow/example_dags/example_bash_operator.py
[2025-08-31T18:54:28.550+0000] {processor.py:914} INFO - Processing file /home/krishnaformeera/Sumitomo/datapipeline/venv/lib/python3.11/site-packages/airflow/example_dags/example_bash_operator.py for tasks to queue
[2025-08-31T18:54:28.553+0000] {logging_mixin.py:190} INFO - [2025-08-31T18:54:28.552+0000] {dagbag.py:588} INFO - Filling up the DagBag from /home/krishnaformeera/Sumitomo/datapipeline/venv/lib/python3.11/site-packages/airflow/example_dags/example_bash_operator.py
[2025-08-31T18:54:28.566+0000] {processor.py:925} INFO - DAG(s) 'example_bash_operator' retrieved from /home/krishnaformeera/Sumitomo/datapipeline/venv/lib/python3.11/site-packages/airflow/example_dags/example_bash_operator.py
[2025-08-31T18:54:28.587+0000] {logging_mixin.py:190} INFO - [2025-08-31T18:54:28.587+0000] {dag.py:3239} INFO - Sync 1 DAGs
[2025-08-31T18:54:28.607+0000] {logging_mixin.py:190} INFO - [2025-08-31T18:54:28.607+0000] {dag.py:4180} INFO - Setting next_dagrun for example_bash_operator to 2025-08-30 00:00:00+00:00, run_after=2025-08-31 00:00:00+00:00
[2025-08-31T18:54:28.639+0000] {processor.py:208} INFO - Processing /home/krishnaformeera/Sumitomo/datapipeline/venv/lib/python3.11/site-packages/airflow/example_dags/example_bash_operator.py took 0.096 seconds
[2025-08-31T18:55:48.762+0000] {processor.py:186} INFO - Started process (PID=8612) to work on /home/krishnaformeera/Sumitomo/datapipeline/venv/lib/python3.11/site-packages/airflow/example_dags/example_bash_operator.py
[2025-08-31T18:55:48.764+0000] {processor.py:914} INFO - Processing file /home/krishnaformeera/Sumitomo/datapipeline/venv/lib/python3.11/site-packages/airflow/example_dags/example_bash_operator.py for tasks to queue
[2025-08-31T18:55:48.767+0000] {logging_mixin.py:190} INFO - [2025-08-31T18:55:48.766+0000] {dagbag.py:588} INFO - Filling up the DagBag from /home/krishnaformeera/Sumitomo/datapipeline/venv/lib/python3.11/site-packages/airflow/example_dags/example_bash_operator.py
[2025-08-31T18:55:48.785+0000] {processor.py:925} INFO - DAG(s) 'example_bash_operator' retrieved from /home/krishnaformeera/Sumitomo/datapipeline/venv/lib/python3.11/site-packages/airflow/example_dags/example_bash_operator.py
[2025-08-31T18:55:48.812+0000] {logging_mixin.py:190} INFO - [2025-08-31T18:55:48.812+0000] {dag.py:3239} INFO - Sync 1 DAGs
[2025-08-31T18:55:48.840+0000] {logging_mixin.py:190} INFO - [2025-08-31T18:55:48.840+0000] {dag.py:4180} INFO - Setting next_dagrun for example_bash_operator to 2025-08-30 00:00:00+00:00, run_after=2025-08-31 00:00:00+00:00
[2025-08-31T18:55:48.865+0000] {processor.py:208} INFO - Processing /home/krishnaformeera/Sumitomo/datapipeline/venv/lib/python3.11/site-packages/airflow/example_dags/example_bash_operator.py took 0.110 seconds
[2025-08-31T18:57:08.836+0000] {processor.py:186} INFO - Started process (PID=8707) to work on /home/krishnaformeera/Sumitomo/datapipeline/venv/lib/python3.11/site-packages/airflow/example_dags/example_bash_operator.py
[2025-08-31T18:57:08.837+0000] {processor.py:914} INFO - Processing file /home/krishnaformeera/Sumitomo/datapipeline/venv/lib/python3.11/site-packages/airflow/example_dags/example_bash_operator.py for tasks to queue
[2025-08-31T18:57:08.839+0000] {logging_mixin.py:190} INFO - [2025-08-31T18:57:08.839+0000] {dagbag.py:588} INFO - Filling up the DagBag from /home/krishnaformeera/Sumitomo/datapipeline/venv/lib/python3.11/site-packages/airflow/example_dags/example_bash_operator.py
[2025-08-31T18:57:08.854+0000] {processor.py:925} INFO - DAG(s) 'example_bash_operator' retrieved from /home/krishnaformeera/Sumitomo/datapipeline/venv/lib/python3.11/site-packages/airflow/example_dags/example_bash_operator.py
[2025-08-31T18:57:08.874+0000] {logging_mixin.py:190} INFO - [2025-08-31T18:57:08.874+0000] {dag.py:3239} INFO - Sync 1 DAGs
[2025-08-31T18:57:08.894+0000] {logging_mixin.py:190} INFO - [2025-08-31T18:57:08.893+0000] {dag.py:4180} INFO - Setting next_dagrun for example_bash_operator to 2025-08-30 00:00:00+00:00, run_after=2025-08-31 00:00:00+00:00
[2025-08-31T18:57:08.916+0000] {processor.py:208} INFO - Processing /home/krishnaformeera/Sumitomo/datapipeline/venv/lib/python3.11/site-packages/airflow/example_dags/example_bash_operator.py took 0.089 seconds
[2025-08-31T18:58:27.515+0000] {processor.py:186} INFO - Started process (PID=8787) to work on /home/krishnaformeera/Sumitomo/datapipeline/venv/lib/python3.11/site-packages/airflow/example_dags/example_bash_operator.py
[2025-08-31T18:58:27.516+0000] {processor.py:914} INFO - Processing file /home/krishnaformeera/Sumitomo/datapipeline/venv/lib/python3.11/site-packages/airflow/example_dags/example_bash_operator.py for tasks to queue
[2025-08-31T18:58:27.519+0000] {logging_mixin.py:190} INFO - [2025-08-31T18:58:27.518+0000] {dagbag.py:588} INFO - Filling up the DagBag from /home/krishnaformeera/Sumitomo/datapipeline/venv/lib/python3.11/site-packages/airflow/example_dags/example_bash_operator.py
[2025-08-31T18:58:27.533+0000] {processor.py:925} INFO - DAG(s) 'example_bash_operator' retrieved from /home/krishnaformeera/Sumitomo/datapipeline/venv/lib/python3.11/site-packages/airflow/example_dags/example_bash_operator.py
[2025-08-31T18:58:27.554+0000] {logging_mixin.py:190} INFO - [2025-08-31T18:58:27.554+0000] {dag.py:3239} INFO - Sync 1 DAGs
[2025-08-31T18:58:27.573+0000] {logging_mixin.py:190} INFO - [2025-08-31T18:58:27.573+0000] {dag.py:4180} INFO - Setting next_dagrun for example_bash_operator to 2025-08-30 00:00:00+00:00, run_after=2025-08-31 00:00:00+00:00
[2025-08-31T18:58:27.594+0000] {processor.py:208} INFO - Processing /home/krishnaformeera/Sumitomo/datapipeline/venv/lib/python3.11/site-packages/airflow/example_dags/example_bash_operator.py took 0.087 seconds
