[2025-08-31T18:30:03.901+0000] {processor.py:186} INFO - Started process (PID=5083) to work on /home/krishnaformeera/Sumitomo/datapipeline/venv/lib/python3.11/site-packages/airflow/example_dags/example_workday_timetable.py
[2025-08-31T18:30:03.901+0000] {processor.py:914} INFO - Processing file /home/krishnaformeera/Sumitomo/datapipeline/venv/lib/python3.11/site-packages/airflow/example_dags/example_workday_timetable.py for tasks to queue
[2025-08-31T18:30:03.902+0000] {logging_mixin.py:190} INFO - [2025-08-31T18:30:03.902+0000] {dagbag.py:588} INFO - Filling up the DagBag from /home/krishnaformeera/Sumitomo/datapipeline/venv/lib/python3.11/site-packages/airflow/example_dags/example_workday_timetable.py
[2025-08-31T18:30:03.912+0000] {processor.py:925} INFO - DAG(s) 'example_workday_timetable' retrieved from /home/krishnaformeera/Sumitomo/datapipeline/venv/lib/python3.11/site-packages/airflow/example_dags/example_workday_timetable.py
[2025-08-31T18:30:04.104+0000] {logging_mixin.py:190} INFO - [2025-08-31T18:30:04.103+0000] {override.py:1900} INFO - Created Permission View: can delete on DAG:example_workday_timetable
[2025-08-31T18:30:04.116+0000] {logging_mixin.py:190} INFO - [2025-08-31T18:30:04.116+0000] {override.py:1900} INFO - Created Permission View: can read on DAG:example_workday_timetable
[2025-08-31T18:30:04.126+0000] {logging_mixin.py:190} INFO - [2025-08-31T18:30:04.126+0000] {override.py:1900} INFO - Created Permission View: can edit on DAG:example_workday_timetable
[2025-08-31T18:30:04.143+0000] {logging_mixin.py:190} INFO - [2025-08-31T18:30:04.143+0000] {override.py:1900} INFO - Created Permission View: can delete on DAG Run:example_workday_timetable
[2025-08-31T18:30:04.153+0000] {logging_mixin.py:190} INFO - [2025-08-31T18:30:04.153+0000] {override.py:1900} INFO - Created Permission View: can read on DAG Run:example_workday_timetable
[2025-08-31T18:30:04.165+0000] {logging_mixin.py:190} INFO - [2025-08-31T18:30:04.165+0000] {override.py:1900} INFO - Created Permission View: can create on DAG Run:example_workday_timetable
[2025-08-31T18:30:04.176+0000] {logging_mixin.py:190} INFO - [2025-08-31T18:30:04.175+0000] {override.py:1900} INFO - Created Permission View: menu access on DAG Run:example_workday_timetable
[2025-08-31T18:30:04.176+0000] {logging_mixin.py:190} INFO - [2025-08-31T18:30:04.176+0000] {dag.py:3239} INFO - Sync 1 DAGs
[2025-08-31T18:30:04.186+0000] {logging_mixin.py:190} INFO - [2025-08-31T18:30:04.186+0000] {dag.py:3262} INFO - Creating ORM DAG for example_workday_timetable
[2025-08-31T18:30:04.194+0000] {logging_mixin.py:190} INFO - [2025-08-31T18:30:04.194+0000] {dag.py:4180} INFO - Setting next_dagrun for example_workday_timetable to 2021-01-01 00:00:00+00:00, run_after=2021-01-02 00:00:00+00:00
[2025-08-31T18:30:04.215+0000] {processor.py:208} INFO - Processing /home/krishnaformeera/Sumitomo/datapipeline/venv/lib/python3.11/site-packages/airflow/example_dags/example_workday_timetable.py took 0.320 seconds
[2025-08-31T18:30:46.584+0000] {processor.py:186} INFO - Started process (PID=5211) to work on /home/krishnaformeera/Sumitomo/datapipeline/venv/lib/python3.11/site-packages/airflow/example_dags/example_workday_timetable.py
[2025-08-31T18:30:46.585+0000] {processor.py:914} INFO - Processing file /home/krishnaformeera/Sumitomo/datapipeline/venv/lib/python3.11/site-packages/airflow/example_dags/example_workday_timetable.py for tasks to queue
[2025-08-31T18:30:46.588+0000] {logging_mixin.py:190} INFO - [2025-08-31T18:30:46.587+0000] {dagbag.py:588} INFO - Filling up the DagBag from /home/krishnaformeera/Sumitomo/datapipeline/venv/lib/python3.11/site-packages/airflow/example_dags/example_workday_timetable.py
[2025-08-31T18:30:46.597+0000] {processor.py:925} INFO - DAG(s) 'example_workday_timetable' retrieved from /home/krishnaformeera/Sumitomo/datapipeline/venv/lib/python3.11/site-packages/airflow/example_dags/example_workday_timetable.py
[2025-08-31T18:30:46.622+0000] {logging_mixin.py:190} INFO - [2025-08-31T18:30:46.622+0000] {dag.py:3239} INFO - Sync 1 DAGs
[2025-08-31T18:30:46.646+0000] {logging_mixin.py:190} INFO - [2025-08-31T18:30:46.646+0000] {dag.py:4180} INFO - Setting next_dagrun for example_workday_timetable to 2021-01-01 00:00:00+00:00, run_after=2021-01-02 00:00:00+00:00
[2025-08-31T18:30:46.671+0000] {processor.py:208} INFO - Processing /home/krishnaformeera/Sumitomo/datapipeline/venv/lib/python3.11/site-packages/airflow/example_dags/example_workday_timetable.py took 0.094 seconds
[2025-08-31T18:31:48.645+0000] {processor.py:186} INFO - Started process (PID=5283) to work on /home/krishnaformeera/Sumitomo/datapipeline/venv/lib/python3.11/site-packages/airflow/example_dags/example_workday_timetable.py
[2025-08-31T18:31:48.648+0000] {processor.py:914} INFO - Processing file /home/krishnaformeera/Sumitomo/datapipeline/venv/lib/python3.11/site-packages/airflow/example_dags/example_workday_timetable.py for tasks to queue
[2025-08-31T18:31:48.651+0000] {logging_mixin.py:190} INFO - [2025-08-31T18:31:48.650+0000] {dagbag.py:588} INFO - Filling up the DagBag from /home/krishnaformeera/Sumitomo/datapipeline/venv/lib/python3.11/site-packages/airflow/example_dags/example_workday_timetable.py
[2025-08-31T18:31:48.657+0000] {processor.py:925} INFO - DAG(s) 'example_workday_timetable' retrieved from /home/krishnaformeera/Sumitomo/datapipeline/venv/lib/python3.11/site-packages/airflow/example_dags/example_workday_timetable.py
[2025-08-31T18:31:48.672+0000] {logging_mixin.py:190} INFO - [2025-08-31T18:31:48.672+0000] {dag.py:3239} INFO - Sync 1 DAGs
[2025-08-31T18:31:48.690+0000] {logging_mixin.py:190} INFO - [2025-08-31T18:31:48.690+0000] {dag.py:4180} INFO - Setting next_dagrun for example_workday_timetable to 2021-01-01 00:00:00+00:00, run_after=2021-01-02 00:00:00+00:00
[2025-08-31T18:31:48.711+0000] {processor.py:208} INFO - Processing /home/krishnaformeera/Sumitomo/datapipeline/venv/lib/python3.11/site-packages/airflow/example_dags/example_workday_timetable.py took 0.071 seconds
[2025-08-31T18:32:43.256+0000] {processor.py:186} INFO - Started process (PID=5340) to work on /home/krishnaformeera/Sumitomo/datapipeline/venv/lib/python3.11/site-packages/airflow/example_dags/example_workday_timetable.py
[2025-08-31T18:32:43.257+0000] {processor.py:914} INFO - Processing file /home/krishnaformeera/Sumitomo/datapipeline/venv/lib/python3.11/site-packages/airflow/example_dags/example_workday_timetable.py for tasks to queue
[2025-08-31T18:32:43.260+0000] {logging_mixin.py:190} INFO - [2025-08-31T18:32:43.259+0000] {dagbag.py:588} INFO - Filling up the DagBag from /home/krishnaformeera/Sumitomo/datapipeline/venv/lib/python3.11/site-packages/airflow/example_dags/example_workday_timetable.py
[2025-08-31T18:32:43.267+0000] {processor.py:925} INFO - DAG(s) 'example_workday_timetable' retrieved from /home/krishnaformeera/Sumitomo/datapipeline/venv/lib/python3.11/site-packages/airflow/example_dags/example_workday_timetable.py
[2025-08-31T18:32:43.284+0000] {logging_mixin.py:190} INFO - [2025-08-31T18:32:43.284+0000] {dag.py:3239} INFO - Sync 1 DAGs
[2025-08-31T18:32:43.305+0000] {logging_mixin.py:190} INFO - [2025-08-31T18:32:43.304+0000] {dag.py:4180} INFO - Setting next_dagrun for example_workday_timetable to 2021-01-01 00:00:00+00:00, run_after=2021-01-02 00:00:00+00:00
[2025-08-31T18:32:43.329+0000] {processor.py:208} INFO - Processing /home/krishnaformeera/Sumitomo/datapipeline/venv/lib/python3.11/site-packages/airflow/example_dags/example_workday_timetable.py took 0.081 seconds
[2025-08-31T18:33:33.489+0000] {processor.py:186} INFO - Started process (PID=5390) to work on /home/krishnaformeera/Sumitomo/datapipeline/venv/lib/python3.11/site-packages/airflow/example_dags/example_workday_timetable.py
[2025-08-31T18:33:33.490+0000] {processor.py:914} INFO - Processing file /home/krishnaformeera/Sumitomo/datapipeline/venv/lib/python3.11/site-packages/airflow/example_dags/example_workday_timetable.py for tasks to queue
[2025-08-31T18:33:33.492+0000] {logging_mixin.py:190} INFO - [2025-08-31T18:33:33.491+0000] {dagbag.py:588} INFO - Filling up the DagBag from /home/krishnaformeera/Sumitomo/datapipeline/venv/lib/python3.11/site-packages/airflow/example_dags/example_workday_timetable.py
[2025-08-31T18:33:33.498+0000] {processor.py:925} INFO - DAG(s) 'example_workday_timetable' retrieved from /home/krishnaformeera/Sumitomo/datapipeline/venv/lib/python3.11/site-packages/airflow/example_dags/example_workday_timetable.py
[2025-08-31T18:33:33.513+0000] {logging_mixin.py:190} INFO - [2025-08-31T18:33:33.513+0000] {dag.py:3239} INFO - Sync 1 DAGs
[2025-08-31T18:33:33.638+0000] {logging_mixin.py:190} INFO - [2025-08-31T18:33:33.637+0000] {dag.py:4180} INFO - Setting next_dagrun for example_workday_timetable to 2021-01-01 00:00:00+00:00, run_after=2021-01-02 00:00:00+00:00
[2025-08-31T18:33:33.657+0000] {processor.py:208} INFO - Processing /home/krishnaformeera/Sumitomo/datapipeline/venv/lib/python3.11/site-packages/airflow/example_dags/example_workday_timetable.py took 0.174 seconds
[2025-08-31T18:34:29.485+0000] {processor.py:186} INFO - Started process (PID=5446) to work on /home/krishnaformeera/Sumitomo/datapipeline/venv/lib/python3.11/site-packages/airflow/example_dags/example_workday_timetable.py
[2025-08-31T18:34:29.486+0000] {processor.py:914} INFO - Processing file /home/krishnaformeera/Sumitomo/datapipeline/venv/lib/python3.11/site-packages/airflow/example_dags/example_workday_timetable.py for tasks to queue
[2025-08-31T18:34:29.490+0000] {logging_mixin.py:190} INFO - [2025-08-31T18:34:29.489+0000] {dagbag.py:588} INFO - Filling up the DagBag from /home/krishnaformeera/Sumitomo/datapipeline/venv/lib/python3.11/site-packages/airflow/example_dags/example_workday_timetable.py
[2025-08-31T18:34:29.497+0000] {processor.py:925} INFO - DAG(s) 'example_workday_timetable' retrieved from /home/krishnaformeera/Sumitomo/datapipeline/venv/lib/python3.11/site-packages/airflow/example_dags/example_workday_timetable.py
[2025-08-31T18:34:29.515+0000] {logging_mixin.py:190} INFO - [2025-08-31T18:34:29.515+0000] {dag.py:3239} INFO - Sync 1 DAGs
[2025-08-31T18:34:29.537+0000] {logging_mixin.py:190} INFO - [2025-08-31T18:34:29.537+0000] {dag.py:4180} INFO - Setting next_dagrun for example_workday_timetable to 2021-01-01 00:00:00+00:00, run_after=2021-01-02 00:00:00+00:00
[2025-08-31T18:34:29.560+0000] {processor.py:208} INFO - Processing /home/krishnaformeera/Sumitomo/datapipeline/venv/lib/python3.11/site-packages/airflow/example_dags/example_workday_timetable.py took 0.083 seconds
[2025-08-31T18:35:19.866+0000] {processor.py:186} INFO - Started process (PID=5498) to work on /home/krishnaformeera/Sumitomo/datapipeline/venv/lib/python3.11/site-packages/airflow/example_dags/example_workday_timetable.py
[2025-08-31T18:35:19.868+0000] {processor.py:914} INFO - Processing file /home/krishnaformeera/Sumitomo/datapipeline/venv/lib/python3.11/site-packages/airflow/example_dags/example_workday_timetable.py for tasks to queue
[2025-08-31T18:35:19.872+0000] {logging_mixin.py:190} INFO - [2025-08-31T18:35:19.871+0000] {dagbag.py:588} INFO - Filling up the DagBag from /home/krishnaformeera/Sumitomo/datapipeline/venv/lib/python3.11/site-packages/airflow/example_dags/example_workday_timetable.py
[2025-08-31T18:35:19.880+0000] {processor.py:925} INFO - DAG(s) 'example_workday_timetable' retrieved from /home/krishnaformeera/Sumitomo/datapipeline/venv/lib/python3.11/site-packages/airflow/example_dags/example_workday_timetable.py
[2025-08-31T18:35:19.901+0000] {logging_mixin.py:190} INFO - [2025-08-31T18:35:19.900+0000] {dag.py:3239} INFO - Sync 1 DAGs
[2025-08-31T18:35:19.926+0000] {logging_mixin.py:190} INFO - [2025-08-31T18:35:19.926+0000] {dag.py:4180} INFO - Setting next_dagrun for example_workday_timetable to 2021-01-01 00:00:00+00:00, run_after=2021-01-02 00:00:00+00:00
[2025-08-31T18:35:19.952+0000] {processor.py:208} INFO - Processing /home/krishnaformeera/Sumitomo/datapipeline/venv/lib/python3.11/site-packages/airflow/example_dags/example_workday_timetable.py took 0.095 seconds
[2025-08-31T18:36:10.266+0000] {processor.py:186} INFO - Started process (PID=5576) to work on /home/krishnaformeera/Sumitomo/datapipeline/venv/lib/python3.11/site-packages/airflow/example_dags/example_workday_timetable.py
[2025-08-31T18:36:10.267+0000] {processor.py:914} INFO - Processing file /home/krishnaformeera/Sumitomo/datapipeline/venv/lib/python3.11/site-packages/airflow/example_dags/example_workday_timetable.py for tasks to queue
[2025-08-31T18:36:10.269+0000] {logging_mixin.py:190} INFO - [2025-08-31T18:36:10.269+0000] {dagbag.py:588} INFO - Filling up the DagBag from /home/krishnaformeera/Sumitomo/datapipeline/venv/lib/python3.11/site-packages/airflow/example_dags/example_workday_timetable.py
[2025-08-31T18:36:10.277+0000] {processor.py:925} INFO - DAG(s) 'example_workday_timetable' retrieved from /home/krishnaformeera/Sumitomo/datapipeline/venv/lib/python3.11/site-packages/airflow/example_dags/example_workday_timetable.py
[2025-08-31T18:36:10.296+0000] {logging_mixin.py:190} INFO - [2025-08-31T18:36:10.296+0000] {dag.py:3239} INFO - Sync 1 DAGs
[2025-08-31T18:36:10.317+0000] {logging_mixin.py:190} INFO - [2025-08-31T18:36:10.316+0000] {dag.py:4180} INFO - Setting next_dagrun for example_workday_timetable to 2021-01-01 00:00:00+00:00, run_after=2021-01-02 00:00:00+00:00
[2025-08-31T18:36:10.342+0000] {processor.py:208} INFO - Processing /home/krishnaformeera/Sumitomo/datapipeline/venv/lib/python3.11/site-packages/airflow/example_dags/example_workday_timetable.py took 0.083 seconds
[2025-08-31T18:37:01.985+0000] {processor.py:186} INFO - Started process (PID=5628) to work on /home/krishnaformeera/Sumitomo/datapipeline/venv/lib/python3.11/site-packages/airflow/example_dags/example_workday_timetable.py
[2025-08-31T18:37:01.986+0000] {processor.py:914} INFO - Processing file /home/krishnaformeera/Sumitomo/datapipeline/venv/lib/python3.11/site-packages/airflow/example_dags/example_workday_timetable.py for tasks to queue
[2025-08-31T18:37:01.990+0000] {logging_mixin.py:190} INFO - [2025-08-31T18:37:01.989+0000] {dagbag.py:588} INFO - Filling up the DagBag from /home/krishnaformeera/Sumitomo/datapipeline/venv/lib/python3.11/site-packages/airflow/example_dags/example_workday_timetable.py
[2025-08-31T18:37:01.997+0000] {processor.py:925} INFO - DAG(s) 'example_workday_timetable' retrieved from /home/krishnaformeera/Sumitomo/datapipeline/venv/lib/python3.11/site-packages/airflow/example_dags/example_workday_timetable.py
[2025-08-31T18:37:02.016+0000] {logging_mixin.py:190} INFO - [2025-08-31T18:37:02.016+0000] {dag.py:3239} INFO - Sync 1 DAGs
[2025-08-31T18:37:02.038+0000] {logging_mixin.py:190} INFO - [2025-08-31T18:37:02.037+0000] {dag.py:4180} INFO - Setting next_dagrun for example_workday_timetable to 2021-01-01 00:00:00+00:00, run_after=2021-01-02 00:00:00+00:00
[2025-08-31T18:37:02.065+0000] {processor.py:208} INFO - Processing /home/krishnaformeera/Sumitomo/datapipeline/venv/lib/python3.11/site-packages/airflow/example_dags/example_workday_timetable.py took 0.087 seconds
[2025-08-31T18:37:53.455+0000] {processor.py:186} INFO - Started process (PID=5692) to work on /home/krishnaformeera/Sumitomo/datapipeline/venv/lib/python3.11/site-packages/airflow/example_dags/example_workday_timetable.py
[2025-08-31T18:37:53.456+0000] {processor.py:914} INFO - Processing file /home/krishnaformeera/Sumitomo/datapipeline/venv/lib/python3.11/site-packages/airflow/example_dags/example_workday_timetable.py for tasks to queue
[2025-08-31T18:37:53.458+0000] {logging_mixin.py:190} INFO - [2025-08-31T18:37:53.457+0000] {dagbag.py:588} INFO - Filling up the DagBag from /home/krishnaformeera/Sumitomo/datapipeline/venv/lib/python3.11/site-packages/airflow/example_dags/example_workday_timetable.py
[2025-08-31T18:37:53.465+0000] {processor.py:925} INFO - DAG(s) 'example_workday_timetable' retrieved from /home/krishnaformeera/Sumitomo/datapipeline/venv/lib/python3.11/site-packages/airflow/example_dags/example_workday_timetable.py
[2025-08-31T18:37:53.484+0000] {logging_mixin.py:190} INFO - [2025-08-31T18:37:53.484+0000] {dag.py:3239} INFO - Sync 1 DAGs
[2025-08-31T18:37:53.507+0000] {logging_mixin.py:190} INFO - [2025-08-31T18:37:53.507+0000] {dag.py:4180} INFO - Setting next_dagrun for example_workday_timetable to 2021-01-01 00:00:00+00:00, run_after=2021-01-02 00:00:00+00:00
[2025-08-31T18:37:53.536+0000] {processor.py:208} INFO - Processing /home/krishnaformeera/Sumitomo/datapipeline/venv/lib/python3.11/site-packages/airflow/example_dags/example_workday_timetable.py took 0.090 seconds
[2025-08-31T18:40:00.530+0000] {processor.py:186} INFO - Started process (PID=6010) to work on /home/krishnaformeera/Sumitomo/datapipeline/venv/lib/python3.11/site-packages/airflow/example_dags/example_workday_timetable.py
[2025-08-31T18:40:00.532+0000] {processor.py:914} INFO - Processing file /home/krishnaformeera/Sumitomo/datapipeline/venv/lib/python3.11/site-packages/airflow/example_dags/example_workday_timetable.py for tasks to queue
[2025-08-31T18:40:00.535+0000] {logging_mixin.py:190} INFO - [2025-08-31T18:40:00.534+0000] {dagbag.py:588} INFO - Filling up the DagBag from /home/krishnaformeera/Sumitomo/datapipeline/venv/lib/python3.11/site-packages/airflow/example_dags/example_workday_timetable.py
[2025-08-31T18:40:00.544+0000] {processor.py:925} INFO - DAG(s) 'example_workday_timetable' retrieved from /home/krishnaformeera/Sumitomo/datapipeline/venv/lib/python3.11/site-packages/airflow/example_dags/example_workday_timetable.py
[2025-08-31T18:40:00.568+0000] {logging_mixin.py:190} INFO - [2025-08-31T18:40:00.568+0000] {dag.py:3239} INFO - Sync 1 DAGs
[2025-08-31T18:40:00.592+0000] {logging_mixin.py:190} INFO - [2025-08-31T18:40:00.592+0000] {dag.py:4180} INFO - Setting next_dagrun for example_workday_timetable to 2021-01-01 00:00:00+00:00, run_after=2021-01-02 00:00:00+00:00
[2025-08-31T18:40:00.618+0000] {processor.py:208} INFO - Processing /home/krishnaformeera/Sumitomo/datapipeline/venv/lib/python3.11/site-packages/airflow/example_dags/example_workday_timetable.py took 0.096 seconds
[2025-08-31T18:40:54.094+0000] {processor.py:186} INFO - Started process (PID=6313) to work on /home/krishnaformeera/Sumitomo/datapipeline/venv/lib/python3.11/site-packages/airflow/example_dags/example_workday_timetable.py
[2025-08-31T18:40:54.095+0000] {processor.py:914} INFO - Processing file /home/krishnaformeera/Sumitomo/datapipeline/venv/lib/python3.11/site-packages/airflow/example_dags/example_workday_timetable.py for tasks to queue
[2025-08-31T18:40:54.098+0000] {logging_mixin.py:190} INFO - [2025-08-31T18:40:54.097+0000] {dagbag.py:588} INFO - Filling up the DagBag from /home/krishnaformeera/Sumitomo/datapipeline/venv/lib/python3.11/site-packages/airflow/example_dags/example_workday_timetable.py
[2025-08-31T18:40:54.104+0000] {processor.py:925} INFO - DAG(s) 'example_workday_timetable' retrieved from /home/krishnaformeera/Sumitomo/datapipeline/venv/lib/python3.11/site-packages/airflow/example_dags/example_workday_timetable.py
[2025-08-31T18:40:54.123+0000] {logging_mixin.py:190} INFO - [2025-08-31T18:40:54.122+0000] {dag.py:3239} INFO - Sync 1 DAGs
[2025-08-31T18:40:54.144+0000] {logging_mixin.py:190} INFO - [2025-08-31T18:40:54.144+0000] {dag.py:4180} INFO - Setting next_dagrun for example_workday_timetable to 2021-01-01 00:00:00+00:00, run_after=2021-01-02 00:00:00+00:00
[2025-08-31T18:40:54.167+0000] {processor.py:208} INFO - Processing /home/krishnaformeera/Sumitomo/datapipeline/venv/lib/python3.11/site-packages/airflow/example_dags/example_workday_timetable.py took 0.081 seconds
[2025-08-31T18:41:45.709+0000] {processor.py:186} INFO - Started process (PID=6466) to work on /home/krishnaformeera/Sumitomo/datapipeline/venv/lib/python3.11/site-packages/airflow/example_dags/example_workday_timetable.py
[2025-08-31T18:41:45.710+0000] {processor.py:914} INFO - Processing file /home/krishnaformeera/Sumitomo/datapipeline/venv/lib/python3.11/site-packages/airflow/example_dags/example_workday_timetable.py for tasks to queue
[2025-08-31T18:41:45.712+0000] {logging_mixin.py:190} INFO - [2025-08-31T18:41:45.712+0000] {dagbag.py:588} INFO - Filling up the DagBag from /home/krishnaformeera/Sumitomo/datapipeline/venv/lib/python3.11/site-packages/airflow/example_dags/example_workday_timetable.py
[2025-08-31T18:41:45.720+0000] {processor.py:925} INFO - DAG(s) 'example_workday_timetable' retrieved from /home/krishnaformeera/Sumitomo/datapipeline/venv/lib/python3.11/site-packages/airflow/example_dags/example_workday_timetable.py
[2025-08-31T18:41:45.738+0000] {logging_mixin.py:190} INFO - [2025-08-31T18:41:45.738+0000] {dag.py:3239} INFO - Sync 1 DAGs
[2025-08-31T18:41:45.759+0000] {logging_mixin.py:190} INFO - [2025-08-31T18:41:45.758+0000] {dag.py:4180} INFO - Setting next_dagrun for example_workday_timetable to 2021-01-01 00:00:00+00:00, run_after=2021-01-02 00:00:00+00:00
[2025-08-31T18:41:45.785+0000] {processor.py:208} INFO - Processing /home/krishnaformeera/Sumitomo/datapipeline/venv/lib/python3.11/site-packages/airflow/example_dags/example_workday_timetable.py took 0.082 seconds
[2025-08-31T18:42:39.336+0000] {processor.py:186} INFO - Started process (PID=6660) to work on /home/krishnaformeera/Sumitomo/datapipeline/venv/lib/python3.11/site-packages/airflow/example_dags/example_workday_timetable.py
[2025-08-31T18:42:39.337+0000] {processor.py:914} INFO - Processing file /home/krishnaformeera/Sumitomo/datapipeline/venv/lib/python3.11/site-packages/airflow/example_dags/example_workday_timetable.py for tasks to queue
[2025-08-31T18:42:39.339+0000] {logging_mixin.py:190} INFO - [2025-08-31T18:42:39.339+0000] {dagbag.py:588} INFO - Filling up the DagBag from /home/krishnaformeera/Sumitomo/datapipeline/venv/lib/python3.11/site-packages/airflow/example_dags/example_workday_timetable.py
[2025-08-31T18:42:39.346+0000] {processor.py:925} INFO - DAG(s) 'example_workday_timetable' retrieved from /home/krishnaformeera/Sumitomo/datapipeline/venv/lib/python3.11/site-packages/airflow/example_dags/example_workday_timetable.py
[2025-08-31T18:42:39.362+0000] {logging_mixin.py:190} INFO - [2025-08-31T18:42:39.361+0000] {dag.py:3239} INFO - Sync 1 DAGs
[2025-08-31T18:42:39.469+0000] {logging_mixin.py:190} INFO - [2025-08-31T18:42:39.469+0000] {dag.py:4180} INFO - Setting next_dagrun for example_workday_timetable to 2021-01-01 00:00:00+00:00, run_after=2021-01-02 00:00:00+00:00
[2025-08-31T18:42:39.488+0000] {processor.py:208} INFO - Processing /home/krishnaformeera/Sumitomo/datapipeline/venv/lib/python3.11/site-packages/airflow/example_dags/example_workday_timetable.py took 0.158 seconds
[2025-08-31T18:43:38.889+0000] {processor.py:186} INFO - Started process (PID=6910) to work on /home/krishnaformeera/Sumitomo/datapipeline/venv/lib/python3.11/site-packages/airflow/example_dags/example_workday_timetable.py
[2025-08-31T18:43:38.890+0000] {processor.py:914} INFO - Processing file /home/krishnaformeera/Sumitomo/datapipeline/venv/lib/python3.11/site-packages/airflow/example_dags/example_workday_timetable.py for tasks to queue
[2025-08-31T18:43:38.893+0000] {logging_mixin.py:190} INFO - [2025-08-31T18:43:38.893+0000] {dagbag.py:588} INFO - Filling up the DagBag from /home/krishnaformeera/Sumitomo/datapipeline/venv/lib/python3.11/site-packages/airflow/example_dags/example_workday_timetable.py
[2025-08-31T18:43:38.899+0000] {processor.py:925} INFO - DAG(s) 'example_workday_timetable' retrieved from /home/krishnaformeera/Sumitomo/datapipeline/venv/lib/python3.11/site-packages/airflow/example_dags/example_workday_timetable.py
[2025-08-31T18:43:38.914+0000] {logging_mixin.py:190} INFO - [2025-08-31T18:43:38.914+0000] {dag.py:3239} INFO - Sync 1 DAGs
[2025-08-31T18:43:38.933+0000] {logging_mixin.py:190} INFO - [2025-08-31T18:43:38.932+0000] {dag.py:4180} INFO - Setting next_dagrun for example_workday_timetable to 2021-01-01 00:00:00+00:00, run_after=2021-01-02 00:00:00+00:00
[2025-08-31T18:43:38.954+0000] {processor.py:208} INFO - Processing /home/krishnaformeera/Sumitomo/datapipeline/venv/lib/python3.11/site-packages/airflow/example_dags/example_workday_timetable.py took 0.071 seconds
[2025-08-31T18:44:30.575+0000] {processor.py:186} INFO - Started process (PID=7116) to work on /home/krishnaformeera/Sumitomo/datapipeline/venv/lib/python3.11/site-packages/airflow/example_dags/example_workday_timetable.py
[2025-08-31T18:44:30.578+0000] {processor.py:914} INFO - Processing file /home/krishnaformeera/Sumitomo/datapipeline/venv/lib/python3.11/site-packages/airflow/example_dags/example_workday_timetable.py for tasks to queue
[2025-08-31T18:44:30.582+0000] {logging_mixin.py:190} INFO - [2025-08-31T18:44:30.581+0000] {dagbag.py:588} INFO - Filling up the DagBag from /home/krishnaformeera/Sumitomo/datapipeline/venv/lib/python3.11/site-packages/airflow/example_dags/example_workday_timetable.py
[2025-08-31T18:44:30.596+0000] {processor.py:925} INFO - DAG(s) 'example_workday_timetable' retrieved from /home/krishnaformeera/Sumitomo/datapipeline/venv/lib/python3.11/site-packages/airflow/example_dags/example_workday_timetable.py
[2025-08-31T18:44:30.624+0000] {logging_mixin.py:190} INFO - [2025-08-31T18:44:30.624+0000] {dag.py:3239} INFO - Sync 1 DAGs
[2025-08-31T18:44:30.650+0000] {logging_mixin.py:190} INFO - [2025-08-31T18:44:30.650+0000] {dag.py:4180} INFO - Setting next_dagrun for example_workday_timetable to 2021-01-01 00:00:00+00:00, run_after=2021-01-02 00:00:00+00:00
[2025-08-31T18:44:30.677+0000] {processor.py:208} INFO - Processing /home/krishnaformeera/Sumitomo/datapipeline/venv/lib/python3.11/site-packages/airflow/example_dags/example_workday_timetable.py took 0.114 seconds
[2025-08-31T18:45:20.907+0000] {processor.py:186} INFO - Started process (PID=7364) to work on /home/krishnaformeera/Sumitomo/datapipeline/venv/lib/python3.11/site-packages/airflow/example_dags/example_workday_timetable.py
[2025-08-31T18:45:20.908+0000] {processor.py:914} INFO - Processing file /home/krishnaformeera/Sumitomo/datapipeline/venv/lib/python3.11/site-packages/airflow/example_dags/example_workday_timetable.py for tasks to queue
[2025-08-31T18:45:20.911+0000] {logging_mixin.py:190} INFO - [2025-08-31T18:45:20.910+0000] {dagbag.py:588} INFO - Filling up the DagBag from /home/krishnaformeera/Sumitomo/datapipeline/venv/lib/python3.11/site-packages/airflow/example_dags/example_workday_timetable.py
[2025-08-31T18:45:20.919+0000] {processor.py:925} INFO - DAG(s) 'example_workday_timetable' retrieved from /home/krishnaformeera/Sumitomo/datapipeline/venv/lib/python3.11/site-packages/airflow/example_dags/example_workday_timetable.py
[2025-08-31T18:45:20.936+0000] {logging_mixin.py:190} INFO - [2025-08-31T18:45:20.936+0000] {dag.py:3239} INFO - Sync 1 DAGs
[2025-08-31T18:45:20.954+0000] {logging_mixin.py:190} INFO - [2025-08-31T18:45:20.954+0000] {dag.py:4180} INFO - Setting next_dagrun for example_workday_timetable to 2021-01-01 00:00:00+00:00, run_after=2021-01-02 00:00:00+00:00
[2025-08-31T18:45:20.974+0000] {processor.py:208} INFO - Processing /home/krishnaformeera/Sumitomo/datapipeline/venv/lib/python3.11/site-packages/airflow/example_dags/example_workday_timetable.py took 0.077 seconds
[2025-08-31T18:46:13.028+0000] {processor.py:186} INFO - Started process (PID=7632) to work on /home/krishnaformeera/Sumitomo/datapipeline/venv/lib/python3.11/site-packages/airflow/example_dags/example_workday_timetable.py
[2025-08-31T18:46:13.031+0000] {processor.py:914} INFO - Processing file /home/krishnaformeera/Sumitomo/datapipeline/venv/lib/python3.11/site-packages/airflow/example_dags/example_workday_timetable.py for tasks to queue
[2025-08-31T18:46:13.034+0000] {logging_mixin.py:190} INFO - [2025-08-31T18:46:13.033+0000] {dagbag.py:588} INFO - Filling up the DagBag from /home/krishnaformeera/Sumitomo/datapipeline/venv/lib/python3.11/site-packages/airflow/example_dags/example_workday_timetable.py
[2025-08-31T18:46:13.041+0000] {processor.py:925} INFO - DAG(s) 'example_workday_timetable' retrieved from /home/krishnaformeera/Sumitomo/datapipeline/venv/lib/python3.11/site-packages/airflow/example_dags/example_workday_timetable.py
[2025-08-31T18:46:13.060+0000] {logging_mixin.py:190} INFO - [2025-08-31T18:46:13.060+0000] {dag.py:3239} INFO - Sync 1 DAGs
[2025-08-31T18:46:13.084+0000] {logging_mixin.py:190} INFO - [2025-08-31T18:46:13.084+0000] {dag.py:4180} INFO - Setting next_dagrun for example_workday_timetable to 2021-01-01 00:00:00+00:00, run_after=2021-01-02 00:00:00+00:00
[2025-08-31T18:46:13.114+0000] {processor.py:208} INFO - Processing /home/krishnaformeera/Sumitomo/datapipeline/venv/lib/python3.11/site-packages/airflow/example_dags/example_workday_timetable.py took 0.093 seconds
[2025-08-31T18:47:05.946+0000] {processor.py:186} INFO - Started process (PID=7772) to work on /home/krishnaformeera/Sumitomo/datapipeline/venv/lib/python3.11/site-packages/airflow/example_dags/example_workday_timetable.py
[2025-08-31T18:47:05.949+0000] {processor.py:914} INFO - Processing file /home/krishnaformeera/Sumitomo/datapipeline/venv/lib/python3.11/site-packages/airflow/example_dags/example_workday_timetable.py for tasks to queue
[2025-08-31T18:47:05.952+0000] {logging_mixin.py:190} INFO - [2025-08-31T18:47:05.952+0000] {dagbag.py:588} INFO - Filling up the DagBag from /home/krishnaformeera/Sumitomo/datapipeline/venv/lib/python3.11/site-packages/airflow/example_dags/example_workday_timetable.py
[2025-08-31T18:47:05.960+0000] {processor.py:925} INFO - DAG(s) 'example_workday_timetable' retrieved from /home/krishnaformeera/Sumitomo/datapipeline/venv/lib/python3.11/site-packages/airflow/example_dags/example_workday_timetable.py
[2025-08-31T18:47:05.980+0000] {logging_mixin.py:190} INFO - [2025-08-31T18:47:05.979+0000] {dag.py:3239} INFO - Sync 1 DAGs
[2025-08-31T18:47:06.000+0000] {logging_mixin.py:190} INFO - [2025-08-31T18:47:05.999+0000] {dag.py:4180} INFO - Setting next_dagrun for example_workday_timetable to 2021-01-01 00:00:00+00:00, run_after=2021-01-02 00:00:00+00:00
[2025-08-31T18:47:06.020+0000] {processor.py:208} INFO - Processing /home/krishnaformeera/Sumitomo/datapipeline/venv/lib/python3.11/site-packages/airflow/example_dags/example_workday_timetable.py took 0.080 seconds
[2025-08-31T18:47:56.068+0000] {processor.py:186} INFO - Started process (PID=7828) to work on /home/krishnaformeera/Sumitomo/datapipeline/venv/lib/python3.11/site-packages/airflow/example_dags/example_workday_timetable.py
[2025-08-31T18:47:56.069+0000] {processor.py:914} INFO - Processing file /home/krishnaformeera/Sumitomo/datapipeline/venv/lib/python3.11/site-packages/airflow/example_dags/example_workday_timetable.py for tasks to queue
[2025-08-31T18:47:56.072+0000] {logging_mixin.py:190} INFO - [2025-08-31T18:47:56.071+0000] {dagbag.py:588} INFO - Filling up the DagBag from /home/krishnaformeera/Sumitomo/datapipeline/venv/lib/python3.11/site-packages/airflow/example_dags/example_workday_timetable.py
[2025-08-31T18:47:56.078+0000] {processor.py:925} INFO - DAG(s) 'example_workday_timetable' retrieved from /home/krishnaformeera/Sumitomo/datapipeline/venv/lib/python3.11/site-packages/airflow/example_dags/example_workday_timetable.py
[2025-08-31T18:47:56.094+0000] {logging_mixin.py:190} INFO - [2025-08-31T18:47:56.093+0000] {dag.py:3239} INFO - Sync 1 DAGs
[2025-08-31T18:47:56.112+0000] {logging_mixin.py:190} INFO - [2025-08-31T18:47:56.112+0000] {dag.py:4180} INFO - Setting next_dagrun for example_workday_timetable to 2021-01-01 00:00:00+00:00, run_after=2021-01-02 00:00:00+00:00
[2025-08-31T18:47:56.133+0000] {processor.py:208} INFO - Processing /home/krishnaformeera/Sumitomo/datapipeline/venv/lib/python3.11/site-packages/airflow/example_dags/example_workday_timetable.py took 0.072 seconds
[2025-08-31T18:48:46.398+0000] {processor.py:186} INFO - Started process (PID=7883) to work on /home/krishnaformeera/Sumitomo/datapipeline/venv/lib/python3.11/site-packages/airflow/example_dags/example_workday_timetable.py
[2025-08-31T18:48:46.399+0000] {processor.py:914} INFO - Processing file /home/krishnaformeera/Sumitomo/datapipeline/venv/lib/python3.11/site-packages/airflow/example_dags/example_workday_timetable.py for tasks to queue
[2025-08-31T18:48:46.402+0000] {logging_mixin.py:190} INFO - [2025-08-31T18:48:46.401+0000] {dagbag.py:588} INFO - Filling up the DagBag from /home/krishnaformeera/Sumitomo/datapipeline/venv/lib/python3.11/site-packages/airflow/example_dags/example_workday_timetable.py
[2025-08-31T18:48:46.408+0000] {processor.py:925} INFO - DAG(s) 'example_workday_timetable' retrieved from /home/krishnaformeera/Sumitomo/datapipeline/venv/lib/python3.11/site-packages/airflow/example_dags/example_workday_timetable.py
[2025-08-31T18:48:46.423+0000] {logging_mixin.py:190} INFO - [2025-08-31T18:48:46.423+0000] {dag.py:3239} INFO - Sync 1 DAGs
[2025-08-31T18:48:46.442+0000] {logging_mixin.py:190} INFO - [2025-08-31T18:48:46.441+0000] {dag.py:4180} INFO - Setting next_dagrun for example_workday_timetable to 2021-01-01 00:00:00+00:00, run_after=2021-01-02 00:00:00+00:00
[2025-08-31T18:48:46.463+0000] {processor.py:208} INFO - Processing /home/krishnaformeera/Sumitomo/datapipeline/venv/lib/python3.11/site-packages/airflow/example_dags/example_workday_timetable.py took 0.071 seconds
[2025-08-31T18:49:37.043+0000] {processor.py:186} INFO - Started process (PID=7945) to work on /home/krishnaformeera/Sumitomo/datapipeline/venv/lib/python3.11/site-packages/airflow/example_dags/example_workday_timetable.py
[2025-08-31T18:49:37.044+0000] {processor.py:914} INFO - Processing file /home/krishnaformeera/Sumitomo/datapipeline/venv/lib/python3.11/site-packages/airflow/example_dags/example_workday_timetable.py for tasks to queue
[2025-08-31T18:49:37.046+0000] {logging_mixin.py:190} INFO - [2025-08-31T18:49:37.046+0000] {dagbag.py:588} INFO - Filling up the DagBag from /home/krishnaformeera/Sumitomo/datapipeline/venv/lib/python3.11/site-packages/airflow/example_dags/example_workday_timetable.py
[2025-08-31T18:49:37.057+0000] {processor.py:925} INFO - DAG(s) 'example_workday_timetable' retrieved from /home/krishnaformeera/Sumitomo/datapipeline/venv/lib/python3.11/site-packages/airflow/example_dags/example_workday_timetable.py
[2025-08-31T18:49:37.075+0000] {logging_mixin.py:190} INFO - [2025-08-31T18:49:37.075+0000] {dag.py:3239} INFO - Sync 1 DAGs
[2025-08-31T18:49:37.100+0000] {logging_mixin.py:190} INFO - [2025-08-31T18:49:37.100+0000] {dag.py:4180} INFO - Setting next_dagrun for example_workday_timetable to 2021-01-01 00:00:00+00:00, run_after=2021-01-02 00:00:00+00:00
[2025-08-31T18:49:37.141+0000] {processor.py:208} INFO - Processing /home/krishnaformeera/Sumitomo/datapipeline/venv/lib/python3.11/site-packages/airflow/example_dags/example_workday_timetable.py took 0.106 seconds
[2025-08-31T18:50:30.656+0000] {processor.py:186} INFO - Started process (PID=8059) to work on /home/krishnaformeera/Sumitomo/datapipeline/venv/lib/python3.11/site-packages/airflow/example_dags/example_workday_timetable.py
[2025-08-31T18:50:30.657+0000] {processor.py:914} INFO - Processing file /home/krishnaformeera/Sumitomo/datapipeline/venv/lib/python3.11/site-packages/airflow/example_dags/example_workday_timetable.py for tasks to queue
[2025-08-31T18:50:30.659+0000] {logging_mixin.py:190} INFO - [2025-08-31T18:50:30.659+0000] {dagbag.py:588} INFO - Filling up the DagBag from /home/krishnaformeera/Sumitomo/datapipeline/venv/lib/python3.11/site-packages/airflow/example_dags/example_workday_timetable.py
[2025-08-31T18:50:30.666+0000] {processor.py:925} INFO - DAG(s) 'example_workday_timetable' retrieved from /home/krishnaformeera/Sumitomo/datapipeline/venv/lib/python3.11/site-packages/airflow/example_dags/example_workday_timetable.py
[2025-08-31T18:50:30.681+0000] {logging_mixin.py:190} INFO - [2025-08-31T18:50:30.681+0000] {dag.py:3239} INFO - Sync 1 DAGs
[2025-08-31T18:50:30.700+0000] {logging_mixin.py:190} INFO - [2025-08-31T18:50:30.700+0000] {dag.py:4180} INFO - Setting next_dagrun for example_workday_timetable to 2021-01-01 00:00:00+00:00, run_after=2021-01-02 00:00:00+00:00
[2025-08-31T18:50:30.721+0000] {processor.py:208} INFO - Processing /home/krishnaformeera/Sumitomo/datapipeline/venv/lib/python3.11/site-packages/airflow/example_dags/example_workday_timetable.py took 0.073 seconds
[2025-08-31T18:51:22.260+0000] {processor.py:186} INFO - Started process (PID=8139) to work on /home/krishnaformeera/Sumitomo/datapipeline/venv/lib/python3.11/site-packages/airflow/example_dags/example_workday_timetable.py
[2025-08-31T18:51:22.261+0000] {processor.py:914} INFO - Processing file /home/krishnaformeera/Sumitomo/datapipeline/venv/lib/python3.11/site-packages/airflow/example_dags/example_workday_timetable.py for tasks to queue
[2025-08-31T18:51:22.263+0000] {logging_mixin.py:190} INFO - [2025-08-31T18:51:22.263+0000] {dagbag.py:588} INFO - Filling up the DagBag from /home/krishnaformeera/Sumitomo/datapipeline/venv/lib/python3.11/site-packages/airflow/example_dags/example_workday_timetable.py
[2025-08-31T18:51:22.270+0000] {processor.py:925} INFO - DAG(s) 'example_workday_timetable' retrieved from /home/krishnaformeera/Sumitomo/datapipeline/venv/lib/python3.11/site-packages/airflow/example_dags/example_workday_timetable.py
[2025-08-31T18:51:22.285+0000] {logging_mixin.py:190} INFO - [2025-08-31T18:51:22.285+0000] {dag.py:3239} INFO - Sync 1 DAGs
[2025-08-31T18:51:22.303+0000] {logging_mixin.py:190} INFO - [2025-08-31T18:51:22.303+0000] {dag.py:4180} INFO - Setting next_dagrun for example_workday_timetable to 2021-01-01 00:00:00+00:00, run_after=2021-01-02 00:00:00+00:00
[2025-08-31T18:51:22.325+0000] {processor.py:208} INFO - Processing /home/krishnaformeera/Sumitomo/datapipeline/venv/lib/python3.11/site-packages/airflow/example_dags/example_workday_timetable.py took 0.071 seconds
[2025-08-31T18:52:12.608+0000] {processor.py:186} INFO - Started process (PID=8214) to work on /home/krishnaformeera/Sumitomo/datapipeline/venv/lib/python3.11/site-packages/airflow/example_dags/example_workday_timetable.py
[2025-08-31T18:52:12.609+0000] {processor.py:914} INFO - Processing file /home/krishnaformeera/Sumitomo/datapipeline/venv/lib/python3.11/site-packages/airflow/example_dags/example_workday_timetable.py for tasks to queue
[2025-08-31T18:52:12.612+0000] {logging_mixin.py:190} INFO - [2025-08-31T18:52:12.612+0000] {dagbag.py:588} INFO - Filling up the DagBag from /home/krishnaformeera/Sumitomo/datapipeline/venv/lib/python3.11/site-packages/airflow/example_dags/example_workday_timetable.py
[2025-08-31T18:52:12.620+0000] {processor.py:925} INFO - DAG(s) 'example_workday_timetable' retrieved from /home/krishnaformeera/Sumitomo/datapipeline/venv/lib/python3.11/site-packages/airflow/example_dags/example_workday_timetable.py
[2025-08-31T18:52:12.637+0000] {logging_mixin.py:190} INFO - [2025-08-31T18:52:12.636+0000] {dag.py:3239} INFO - Sync 1 DAGs
[2025-08-31T18:52:12.657+0000] {logging_mixin.py:190} INFO - [2025-08-31T18:52:12.656+0000] {dag.py:4180} INFO - Setting next_dagrun for example_workday_timetable to 2021-01-01 00:00:00+00:00, run_after=2021-01-02 00:00:00+00:00
[2025-08-31T18:52:12.679+0000] {processor.py:208} INFO - Processing /home/krishnaformeera/Sumitomo/datapipeline/venv/lib/python3.11/site-packages/airflow/example_dags/example_workday_timetable.py took 0.080 seconds
[2025-08-31T18:53:00.083+0000] {processor.py:186} INFO - Started process (PID=8271) to work on /home/krishnaformeera/Sumitomo/datapipeline/venv/lib/python3.11/site-packages/airflow/example_dags/example_workday_timetable.py
[2025-08-31T18:53:00.084+0000] {processor.py:914} INFO - Processing file /home/krishnaformeera/Sumitomo/datapipeline/venv/lib/python3.11/site-packages/airflow/example_dags/example_workday_timetable.py for tasks to queue
[2025-08-31T18:53:00.087+0000] {logging_mixin.py:190} INFO - [2025-08-31T18:53:00.086+0000] {dagbag.py:588} INFO - Filling up the DagBag from /home/krishnaformeera/Sumitomo/datapipeline/venv/lib/python3.11/site-packages/airflow/example_dags/example_workday_timetable.py
[2025-08-31T18:53:00.095+0000] {processor.py:925} INFO - DAG(s) 'example_workday_timetable' retrieved from /home/krishnaformeera/Sumitomo/datapipeline/venv/lib/python3.11/site-packages/airflow/example_dags/example_workday_timetable.py
[2025-08-31T18:53:00.112+0000] {logging_mixin.py:190} INFO - [2025-08-31T18:53:00.112+0000] {dag.py:3239} INFO - Sync 1 DAGs
[2025-08-31T18:53:00.134+0000] {logging_mixin.py:190} INFO - [2025-08-31T18:53:00.133+0000] {dag.py:4180} INFO - Setting next_dagrun for example_workday_timetable to 2021-01-01 00:00:00+00:00, run_after=2021-01-02 00:00:00+00:00
[2025-08-31T18:53:00.161+0000] {processor.py:208} INFO - Processing /home/krishnaformeera/Sumitomo/datapipeline/venv/lib/python3.11/site-packages/airflow/example_dags/example_workday_timetable.py took 0.084 seconds
[2025-08-31T18:53:49.827+0000] {processor.py:186} INFO - Started process (PID=8465) to work on /home/krishnaformeera/Sumitomo/datapipeline/venv/lib/python3.11/site-packages/airflow/example_dags/example_workday_timetable.py
[2025-08-31T18:53:49.829+0000] {processor.py:914} INFO - Processing file /home/krishnaformeera/Sumitomo/datapipeline/venv/lib/python3.11/site-packages/airflow/example_dags/example_workday_timetable.py for tasks to queue
[2025-08-31T18:53:49.833+0000] {logging_mixin.py:190} INFO - [2025-08-31T18:53:49.832+0000] {dagbag.py:588} INFO - Filling up the DagBag from /home/krishnaformeera/Sumitomo/datapipeline/venv/lib/python3.11/site-packages/airflow/example_dags/example_workday_timetable.py
[2025-08-31T18:53:49.843+0000] {processor.py:925} INFO - DAG(s) 'example_workday_timetable' retrieved from /home/krishnaformeera/Sumitomo/datapipeline/venv/lib/python3.11/site-packages/airflow/example_dags/example_workday_timetable.py
[2025-08-31T18:53:49.862+0000] {logging_mixin.py:190} INFO - [2025-08-31T18:53:49.862+0000] {dag.py:3239} INFO - Sync 1 DAGs
[2025-08-31T18:53:49.888+0000] {logging_mixin.py:190} INFO - [2025-08-31T18:53:49.887+0000] {dag.py:4180} INFO - Setting next_dagrun for example_workday_timetable to 2021-01-01 00:00:00+00:00, run_after=2021-01-02 00:00:00+00:00
[2025-08-31T18:53:49.913+0000] {processor.py:208} INFO - Processing /home/krishnaformeera/Sumitomo/datapipeline/venv/lib/python3.11/site-packages/airflow/example_dags/example_workday_timetable.py took 0.104 seconds
[2025-08-31T18:54:37.737+0000] {processor.py:186} INFO - Started process (PID=8515) to work on /home/krishnaformeera/Sumitomo/datapipeline/venv/lib/python3.11/site-packages/airflow/example_dags/example_workday_timetable.py
[2025-08-31T18:54:37.738+0000] {processor.py:914} INFO - Processing file /home/krishnaformeera/Sumitomo/datapipeline/venv/lib/python3.11/site-packages/airflow/example_dags/example_workday_timetable.py for tasks to queue
[2025-08-31T18:54:37.741+0000] {logging_mixin.py:190} INFO - [2025-08-31T18:54:37.741+0000] {dagbag.py:588} INFO - Filling up the DagBag from /home/krishnaformeera/Sumitomo/datapipeline/venv/lib/python3.11/site-packages/airflow/example_dags/example_workday_timetable.py
[2025-08-31T18:54:37.756+0000] {processor.py:925} INFO - DAG(s) 'example_workday_timetable' retrieved from /home/krishnaformeera/Sumitomo/datapipeline/venv/lib/python3.11/site-packages/airflow/example_dags/example_workday_timetable.py
[2025-08-31T18:54:37.785+0000] {logging_mixin.py:190} INFO - [2025-08-31T18:54:37.784+0000] {dag.py:3239} INFO - Sync 1 DAGs
[2025-08-31T18:54:37.810+0000] {logging_mixin.py:190} INFO - [2025-08-31T18:54:37.810+0000] {dag.py:4180} INFO - Setting next_dagrun for example_workday_timetable to 2021-01-01 00:00:00+00:00, run_after=2021-01-02 00:00:00+00:00
[2025-08-31T18:54:37.833+0000] {processor.py:208} INFO - Processing /home/krishnaformeera/Sumitomo/datapipeline/venv/lib/python3.11/site-packages/airflow/example_dags/example_workday_timetable.py took 0.105 seconds
[2025-08-31T18:55:31.465+0000] {processor.py:186} INFO - Started process (PID=8595) to work on /home/krishnaformeera/Sumitomo/datapipeline/venv/lib/python3.11/site-packages/airflow/example_dags/example_workday_timetable.py
[2025-08-31T18:55:31.466+0000] {processor.py:914} INFO - Processing file /home/krishnaformeera/Sumitomo/datapipeline/venv/lib/python3.11/site-packages/airflow/example_dags/example_workday_timetable.py for tasks to queue
[2025-08-31T18:55:31.468+0000] {logging_mixin.py:190} INFO - [2025-08-31T18:55:31.468+0000] {dagbag.py:588} INFO - Filling up the DagBag from /home/krishnaformeera/Sumitomo/datapipeline/venv/lib/python3.11/site-packages/airflow/example_dags/example_workday_timetable.py
[2025-08-31T18:55:31.476+0000] {processor.py:925} INFO - DAG(s) 'example_workday_timetable' retrieved from /home/krishnaformeera/Sumitomo/datapipeline/venv/lib/python3.11/site-packages/airflow/example_dags/example_workday_timetable.py
[2025-08-31T18:55:31.494+0000] {logging_mixin.py:190} INFO - [2025-08-31T18:55:31.494+0000] {dag.py:3239} INFO - Sync 1 DAGs
[2025-08-31T18:55:31.516+0000] {logging_mixin.py:190} INFO - [2025-08-31T18:55:31.516+0000] {dag.py:4180} INFO - Setting next_dagrun for example_workday_timetable to 2021-01-01 00:00:00+00:00, run_after=2021-01-02 00:00:00+00:00
[2025-08-31T18:55:31.543+0000] {processor.py:208} INFO - Processing /home/krishnaformeera/Sumitomo/datapipeline/venv/lib/python3.11/site-packages/airflow/example_dags/example_workday_timetable.py took 0.086 seconds
[2025-08-31T18:56:25.260+0000] {processor.py:186} INFO - Started process (PID=8664) to work on /home/krishnaformeera/Sumitomo/datapipeline/venv/lib/python3.11/site-packages/airflow/example_dags/example_workday_timetable.py
[2025-08-31T18:56:25.261+0000] {processor.py:914} INFO - Processing file /home/krishnaformeera/Sumitomo/datapipeline/venv/lib/python3.11/site-packages/airflow/example_dags/example_workday_timetable.py for tasks to queue
[2025-08-31T18:56:25.264+0000] {logging_mixin.py:190} INFO - [2025-08-31T18:56:25.263+0000] {dagbag.py:588} INFO - Filling up the DagBag from /home/krishnaformeera/Sumitomo/datapipeline/venv/lib/python3.11/site-packages/airflow/example_dags/example_workday_timetable.py
[2025-08-31T18:56:25.272+0000] {processor.py:925} INFO - DAG(s) 'example_workday_timetable' retrieved from /home/krishnaformeera/Sumitomo/datapipeline/venv/lib/python3.11/site-packages/airflow/example_dags/example_workday_timetable.py
[2025-08-31T18:56:25.291+0000] {logging_mixin.py:190} INFO - [2025-08-31T18:56:25.291+0000] {dag.py:3239} INFO - Sync 1 DAGs
[2025-08-31T18:56:25.313+0000] {logging_mixin.py:190} INFO - [2025-08-31T18:56:25.313+0000] {dag.py:4180} INFO - Setting next_dagrun for example_workday_timetable to 2021-01-01 00:00:00+00:00, run_after=2021-01-02 00:00:00+00:00
[2025-08-31T18:56:25.340+0000] {processor.py:208} INFO - Processing /home/krishnaformeera/Sumitomo/datapipeline/venv/lib/python3.11/site-packages/airflow/example_dags/example_workday_timetable.py took 0.088 seconds
[2025-08-31T18:57:17.837+0000] {processor.py:186} INFO - Started process (PID=8717) to work on /home/krishnaformeera/Sumitomo/datapipeline/venv/lib/python3.11/site-packages/airflow/example_dags/example_workday_timetable.py
[2025-08-31T18:57:17.838+0000] {processor.py:914} INFO - Processing file /home/krishnaformeera/Sumitomo/datapipeline/venv/lib/python3.11/site-packages/airflow/example_dags/example_workday_timetable.py for tasks to queue
[2025-08-31T18:57:17.840+0000] {logging_mixin.py:190} INFO - [2025-08-31T18:57:17.840+0000] {dagbag.py:588} INFO - Filling up the DagBag from /home/krishnaformeera/Sumitomo/datapipeline/venv/lib/python3.11/site-packages/airflow/example_dags/example_workday_timetable.py
[2025-08-31T18:57:17.848+0000] {processor.py:925} INFO - DAG(s) 'example_workday_timetable' retrieved from /home/krishnaformeera/Sumitomo/datapipeline/venv/lib/python3.11/site-packages/airflow/example_dags/example_workday_timetable.py
[2025-08-31T18:57:17.863+0000] {logging_mixin.py:190} INFO - [2025-08-31T18:57:17.863+0000] {dag.py:3239} INFO - Sync 1 DAGs
[2025-08-31T18:57:17.881+0000] {logging_mixin.py:190} INFO - [2025-08-31T18:57:17.881+0000] {dag.py:4180} INFO - Setting next_dagrun for example_workday_timetable to 2021-01-01 00:00:00+00:00, run_after=2021-01-02 00:00:00+00:00
[2025-08-31T18:57:17.902+0000] {processor.py:208} INFO - Processing /home/krishnaformeera/Sumitomo/datapipeline/venv/lib/python3.11/site-packages/airflow/example_dags/example_workday_timetable.py took 0.073 seconds
[2025-08-31T18:58:10.922+0000] {processor.py:186} INFO - Started process (PID=8771) to work on /home/krishnaformeera/Sumitomo/datapipeline/venv/lib/python3.11/site-packages/airflow/example_dags/example_workday_timetable.py
[2025-08-31T18:58:10.923+0000] {processor.py:914} INFO - Processing file /home/krishnaformeera/Sumitomo/datapipeline/venv/lib/python3.11/site-packages/airflow/example_dags/example_workday_timetable.py for tasks to queue
[2025-08-31T18:58:10.926+0000] {logging_mixin.py:190} INFO - [2025-08-31T18:58:10.925+0000] {dagbag.py:588} INFO - Filling up the DagBag from /home/krishnaformeera/Sumitomo/datapipeline/venv/lib/python3.11/site-packages/airflow/example_dags/example_workday_timetable.py
[2025-08-31T18:58:10.933+0000] {processor.py:925} INFO - DAG(s) 'example_workday_timetable' retrieved from /home/krishnaformeera/Sumitomo/datapipeline/venv/lib/python3.11/site-packages/airflow/example_dags/example_workday_timetable.py
[2025-08-31T18:58:10.951+0000] {logging_mixin.py:190} INFO - [2025-08-31T18:58:10.951+0000] {dag.py:3239} INFO - Sync 1 DAGs
[2025-08-31T18:58:10.975+0000] {logging_mixin.py:190} INFO - [2025-08-31T18:58:10.974+0000] {dag.py:4180} INFO - Setting next_dagrun for example_workday_timetable to 2021-01-01 00:00:00+00:00, run_after=2021-01-02 00:00:00+00:00
[2025-08-31T18:58:11.000+0000] {processor.py:208} INFO - Processing /home/krishnaformeera/Sumitomo/datapipeline/venv/lib/python3.11/site-packages/airflow/example_dags/example_workday_timetable.py took 0.084 seconds
[2025-08-31T18:59:03.424+0000] {processor.py:186} INFO - Started process (PID=8824) to work on /home/krishnaformeera/Sumitomo/datapipeline/venv/lib/python3.11/site-packages/airflow/example_dags/example_workday_timetable.py
[2025-08-31T18:59:03.425+0000] {processor.py:914} INFO - Processing file /home/krishnaformeera/Sumitomo/datapipeline/venv/lib/python3.11/site-packages/airflow/example_dags/example_workday_timetable.py for tasks to queue
[2025-08-31T18:59:03.427+0000] {logging_mixin.py:190} INFO - [2025-08-31T18:59:03.427+0000] {dagbag.py:588} INFO - Filling up the DagBag from /home/krishnaformeera/Sumitomo/datapipeline/venv/lib/python3.11/site-packages/airflow/example_dags/example_workday_timetable.py
[2025-08-31T18:59:03.436+0000] {processor.py:925} INFO - DAG(s) 'example_workday_timetable' retrieved from /home/krishnaformeera/Sumitomo/datapipeline/venv/lib/python3.11/site-packages/airflow/example_dags/example_workday_timetable.py
[2025-08-31T18:59:03.460+0000] {logging_mixin.py:190} INFO - [2025-08-31T18:59:03.459+0000] {dag.py:3239} INFO - Sync 1 DAGs
[2025-08-31T18:59:03.480+0000] {logging_mixin.py:190} INFO - [2025-08-31T18:59:03.480+0000] {dag.py:4180} INFO - Setting next_dagrun for example_workday_timetable to 2021-01-01 00:00:00+00:00, run_after=2021-01-02 00:00:00+00:00
[2025-08-31T18:59:03.501+0000] {processor.py:208} INFO - Processing /home/krishnaformeera/Sumitomo/datapipeline/venv/lib/python3.11/site-packages/airflow/example_dags/example_workday_timetable.py took 0.086 seconds
