[2025-08-31T18:31:06.661+0000] {processor.py:186} INFO - Started process (PID=5232) to work on /home/krishnaformeera/Sumitomo/datapipeline/venv/lib/python3.11/site-packages/airflow/example_dags/example_outlet_event_extra.py
[2025-08-31T18:31:06.662+0000] {processor.py:914} INFO - Processing file /home/krishnaformeera/Sumitomo/datapipeline/venv/lib/python3.11/site-packages/airflow/example_dags/example_outlet_event_extra.py for tasks to queue
[2025-08-31T18:31:06.664+0000] {logging_mixin.py:190} INFO - [2025-08-31T18:31:06.664+0000] {dagbag.py:588} INFO - Filling up the DagBag from /home/krishnaformeera/Sumitomo/datapipeline/venv/lib/python3.11/site-packages/airflow/example_dags/example_outlet_event_extra.py
[2025-08-31T18:31:06.678+0000] {processor.py:925} INFO - DAG(s) 'dataset_with_extra_by_context', 'dataset_with_extra_by_yield', 'dataset_with_extra_from_classic_operator' retrieved from /home/krishnaformeera/Sumitomo/datapipeline/venv/lib/python3.11/site-packages/airflow/example_dags/example_outlet_event_extra.py
[2025-08-31T18:31:06.777+0000] {logging_mixin.py:190} INFO - [2025-08-31T18:31:06.777+0000] {override.py:1900} INFO - Created Permission View: can edit on DAG:dataset_with_extra_by_context
[2025-08-31T18:31:06.791+0000] {logging_mixin.py:190} INFO - [2025-08-31T18:31:06.790+0000] {override.py:1900} INFO - Created Permission View: can read on DAG:dataset_with_extra_by_context
[2025-08-31T18:31:06.800+0000] {logging_mixin.py:190} INFO - [2025-08-31T18:31:06.800+0000] {override.py:1900} INFO - Created Permission View: can delete on DAG:dataset_with_extra_by_context
[2025-08-31T18:31:06.816+0000] {logging_mixin.py:190} INFO - [2025-08-31T18:31:06.815+0000] {override.py:1900} INFO - Created Permission View: menu access on DAG Run:dataset_with_extra_by_context
[2025-08-31T18:31:06.825+0000] {logging_mixin.py:190} INFO - [2025-08-31T18:31:06.824+0000] {override.py:1900} INFO - Created Permission View: can read on DAG Run:dataset_with_extra_by_context
[2025-08-31T18:31:06.834+0000] {logging_mixin.py:190} INFO - [2025-08-31T18:31:06.834+0000] {override.py:1900} INFO - Created Permission View: can create on DAG Run:dataset_with_extra_by_context
[2025-08-31T18:31:06.844+0000] {logging_mixin.py:190} INFO - [2025-08-31T18:31:06.844+0000] {override.py:1900} INFO - Created Permission View: can delete on DAG Run:dataset_with_extra_by_context
[2025-08-31T18:31:06.866+0000] {logging_mixin.py:190} INFO - [2025-08-31T18:31:06.866+0000] {override.py:1900} INFO - Created Permission View: can edit on DAG:dataset_with_extra_by_yield
[2025-08-31T18:31:06.876+0000] {logging_mixin.py:190} INFO - [2025-08-31T18:31:06.875+0000] {override.py:1900} INFO - Created Permission View: can read on DAG:dataset_with_extra_by_yield
[2025-08-31T18:31:06.885+0000] {logging_mixin.py:190} INFO - [2025-08-31T18:31:06.884+0000] {override.py:1900} INFO - Created Permission View: can delete on DAG:dataset_with_extra_by_yield
[2025-08-31T18:31:06.899+0000] {logging_mixin.py:190} INFO - [2025-08-31T18:31:06.898+0000] {override.py:1900} INFO - Created Permission View: menu access on DAG Run:dataset_with_extra_by_yield
[2025-08-31T18:31:06.908+0000] {logging_mixin.py:190} INFO - [2025-08-31T18:31:06.907+0000] {override.py:1900} INFO - Created Permission View: can read on DAG Run:dataset_with_extra_by_yield
[2025-08-31T18:31:06.916+0000] {logging_mixin.py:190} INFO - [2025-08-31T18:31:06.916+0000] {override.py:1900} INFO - Created Permission View: can create on DAG Run:dataset_with_extra_by_yield
[2025-08-31T18:31:06.925+0000] {logging_mixin.py:190} INFO - [2025-08-31T18:31:06.924+0000] {override.py:1900} INFO - Created Permission View: can delete on DAG Run:dataset_with_extra_by_yield
[2025-08-31T18:31:06.944+0000] {logging_mixin.py:190} INFO - [2025-08-31T18:31:06.943+0000] {override.py:1900} INFO - Created Permission View: can edit on DAG:dataset_with_extra_from_classic_operator
[2025-08-31T18:31:06.952+0000] {logging_mixin.py:190} INFO - [2025-08-31T18:31:06.952+0000] {override.py:1900} INFO - Created Permission View: can read on DAG:dataset_with_extra_from_classic_operator
[2025-08-31T18:31:06.961+0000] {logging_mixin.py:190} INFO - [2025-08-31T18:31:06.961+0000] {override.py:1900} INFO - Created Permission View: can delete on DAG:dataset_with_extra_from_classic_operator
[2025-08-31T18:31:06.975+0000] {logging_mixin.py:190} INFO - [2025-08-31T18:31:06.974+0000] {override.py:1900} INFO - Created Permission View: menu access on DAG Run:dataset_with_extra_from_classic_operator
[2025-08-31T18:31:06.983+0000] {logging_mixin.py:190} INFO - [2025-08-31T18:31:06.983+0000] {override.py:1900} INFO - Created Permission View: can read on DAG Run:dataset_with_extra_from_classic_operator
[2025-08-31T18:31:06.992+0000] {logging_mixin.py:190} INFO - [2025-08-31T18:31:06.991+0000] {override.py:1900} INFO - Created Permission View: can create on DAG Run:dataset_with_extra_from_classic_operator
[2025-08-31T18:31:07.001+0000] {logging_mixin.py:190} INFO - [2025-08-31T18:31:07.000+0000] {override.py:1900} INFO - Created Permission View: can delete on DAG Run:dataset_with_extra_from_classic_operator
[2025-08-31T18:31:07.001+0000] {logging_mixin.py:190} INFO - [2025-08-31T18:31:07.001+0000] {dag.py:3239} INFO - Sync 3 DAGs
[2025-08-31T18:31:07.013+0000] {logging_mixin.py:190} INFO - [2025-08-31T18:31:07.013+0000] {dag.py:3262} INFO - Creating ORM DAG for dataset_with_extra_from_classic_operator
[2025-08-31T18:31:07.013+0000] {logging_mixin.py:190} INFO - [2025-08-31T18:31:07.013+0000] {dag.py:3262} INFO - Creating ORM DAG for dataset_with_extra_by_yield
[2025-08-31T18:31:07.014+0000] {logging_mixin.py:190} INFO - [2025-08-31T18:31:07.014+0000] {dag.py:3262} INFO - Creating ORM DAG for dataset_with_extra_by_context
[2025-08-31T18:31:07.023+0000] {logging_mixin.py:190} INFO - [2025-08-31T18:31:07.023+0000] {dag.py:4180} INFO - Setting next_dagrun for dataset_with_extra_by_context to 2025-08-30 00:00:00+00:00, run_after=2025-08-31 00:00:00+00:00
[2025-08-31T18:31:07.025+0000] {logging_mixin.py:190} INFO - [2025-08-31T18:31:07.025+0000] {dag.py:4180} INFO - Setting next_dagrun for dataset_with_extra_by_yield to 2025-08-30 00:00:00+00:00, run_after=2025-08-31 00:00:00+00:00
[2025-08-31T18:31:07.026+0000] {logging_mixin.py:190} INFO - [2025-08-31T18:31:07.026+0000] {dag.py:4180} INFO - Setting next_dagrun for dataset_with_extra_from_classic_operator to 2025-08-30 00:00:00+00:00, run_after=2025-08-31 00:00:00+00:00
[2025-08-31T18:31:07.050+0000] {processor.py:208} INFO - Processing /home/krishnaformeera/Sumitomo/datapipeline/venv/lib/python3.11/site-packages/airflow/example_dags/example_outlet_event_extra.py took 0.395 seconds
[2025-08-31T18:32:09.498+0000] {processor.py:186} INFO - Started process (PID=5305) to work on /home/krishnaformeera/Sumitomo/datapipeline/venv/lib/python3.11/site-packages/airflow/example_dags/example_outlet_event_extra.py
[2025-08-31T18:32:09.499+0000] {processor.py:914} INFO - Processing file /home/krishnaformeera/Sumitomo/datapipeline/venv/lib/python3.11/site-packages/airflow/example_dags/example_outlet_event_extra.py for tasks to queue
[2025-08-31T18:32:09.501+0000] {logging_mixin.py:190} INFO - [2025-08-31T18:32:09.501+0000] {dagbag.py:588} INFO - Filling up the DagBag from /home/krishnaformeera/Sumitomo/datapipeline/venv/lib/python3.11/site-packages/airflow/example_dags/example_outlet_event_extra.py
[2025-08-31T18:32:09.515+0000] {processor.py:925} INFO - DAG(s) 'dataset_with_extra_by_context', 'dataset_with_extra_from_classic_operator', 'dataset_with_extra_by_yield' retrieved from /home/krishnaformeera/Sumitomo/datapipeline/venv/lib/python3.11/site-packages/airflow/example_dags/example_outlet_event_extra.py
[2025-08-31T18:32:09.533+0000] {logging_mixin.py:190} INFO - [2025-08-31T18:32:09.533+0000] {dag.py:3239} INFO - Sync 3 DAGs
[2025-08-31T18:32:09.553+0000] {logging_mixin.py:190} INFO - [2025-08-31T18:32:09.553+0000] {dag.py:4180} INFO - Setting next_dagrun for dataset_with_extra_by_context to 2025-08-30 00:00:00+00:00, run_after=2025-08-31 00:00:00+00:00
[2025-08-31T18:32:09.556+0000] {logging_mixin.py:190} INFO - [2025-08-31T18:32:09.556+0000] {dag.py:4180} INFO - Setting next_dagrun for dataset_with_extra_by_yield to 2025-08-30 00:00:00+00:00, run_after=2025-08-31 00:00:00+00:00
[2025-08-31T18:32:09.558+0000] {logging_mixin.py:190} INFO - [2025-08-31T18:32:09.558+0000] {dag.py:4180} INFO - Setting next_dagrun for dataset_with_extra_from_classic_operator to 2025-08-30 00:00:00+00:00, run_after=2025-08-31 00:00:00+00:00
[2025-08-31T18:32:09.579+0000] {processor.py:208} INFO - Processing /home/krishnaformeera/Sumitomo/datapipeline/venv/lib/python3.11/site-packages/airflow/example_dags/example_outlet_event_extra.py took 0.086 seconds
[2025-08-31T18:33:07.326+0000] {processor.py:186} INFO - Started process (PID=5364) to work on /home/krishnaformeera/Sumitomo/datapipeline/venv/lib/python3.11/site-packages/airflow/example_dags/example_outlet_event_extra.py
[2025-08-31T18:33:07.327+0000] {processor.py:914} INFO - Processing file /home/krishnaformeera/Sumitomo/datapipeline/venv/lib/python3.11/site-packages/airflow/example_dags/example_outlet_event_extra.py for tasks to queue
[2025-08-31T18:33:07.329+0000] {logging_mixin.py:190} INFO - [2025-08-31T18:33:07.329+0000] {dagbag.py:588} INFO - Filling up the DagBag from /home/krishnaformeera/Sumitomo/datapipeline/venv/lib/python3.11/site-packages/airflow/example_dags/example_outlet_event_extra.py
[2025-08-31T18:33:07.345+0000] {processor.py:925} INFO - DAG(s) 'dataset_with_extra_by_yield', 'dataset_with_extra_by_context', 'dataset_with_extra_from_classic_operator' retrieved from /home/krishnaformeera/Sumitomo/datapipeline/venv/lib/python3.11/site-packages/airflow/example_dags/example_outlet_event_extra.py
[2025-08-31T18:33:07.368+0000] {logging_mixin.py:190} INFO - [2025-08-31T18:33:07.368+0000] {dag.py:3239} INFO - Sync 3 DAGs
[2025-08-31T18:33:07.391+0000] {logging_mixin.py:190} INFO - [2025-08-31T18:33:07.391+0000] {dag.py:4180} INFO - Setting next_dagrun for dataset_with_extra_by_context to 2025-08-30 00:00:00+00:00, run_after=2025-08-31 00:00:00+00:00
[2025-08-31T18:33:07.507+0000] {logging_mixin.py:190} INFO - [2025-08-31T18:33:07.507+0000] {dag.py:4180} INFO - Setting next_dagrun for dataset_with_extra_by_yield to 2025-08-30 00:00:00+00:00, run_after=2025-08-31 00:00:00+00:00
[2025-08-31T18:33:07.509+0000] {logging_mixin.py:190} INFO - [2025-08-31T18:33:07.509+0000] {dag.py:4180} INFO - Setting next_dagrun for dataset_with_extra_from_classic_operator to 2025-08-30 00:00:00+00:00, run_after=2025-08-31 00:00:00+00:00
[2025-08-31T18:33:07.530+0000] {processor.py:208} INFO - Processing /home/krishnaformeera/Sumitomo/datapipeline/venv/lib/python3.11/site-packages/airflow/example_dags/example_outlet_event_extra.py took 0.212 seconds
[2025-08-31T18:34:03.941+0000] {processor.py:186} INFO - Started process (PID=5420) to work on /home/krishnaformeera/Sumitomo/datapipeline/venv/lib/python3.11/site-packages/airflow/example_dags/example_outlet_event_extra.py
[2025-08-31T18:34:03.942+0000] {processor.py:914} INFO - Processing file /home/krishnaformeera/Sumitomo/datapipeline/venv/lib/python3.11/site-packages/airflow/example_dags/example_outlet_event_extra.py for tasks to queue
[2025-08-31T18:34:03.945+0000] {logging_mixin.py:190} INFO - [2025-08-31T18:34:03.944+0000] {dagbag.py:588} INFO - Filling up the DagBag from /home/krishnaformeera/Sumitomo/datapipeline/venv/lib/python3.11/site-packages/airflow/example_dags/example_outlet_event_extra.py
[2025-08-31T18:34:03.961+0000] {processor.py:925} INFO - DAG(s) 'dataset_with_extra_by_context', 'dataset_with_extra_by_yield', 'dataset_with_extra_from_classic_operator' retrieved from /home/krishnaformeera/Sumitomo/datapipeline/venv/lib/python3.11/site-packages/airflow/example_dags/example_outlet_event_extra.py
[2025-08-31T18:34:03.985+0000] {logging_mixin.py:190} INFO - [2025-08-31T18:34:03.985+0000] {dag.py:3239} INFO - Sync 3 DAGs
[2025-08-31T18:34:04.010+0000] {logging_mixin.py:190} INFO - [2025-08-31T18:34:04.010+0000] {dag.py:4180} INFO - Setting next_dagrun for dataset_with_extra_by_context to 2025-08-30 00:00:00+00:00, run_after=2025-08-31 00:00:00+00:00
[2025-08-31T18:34:04.014+0000] {logging_mixin.py:190} INFO - [2025-08-31T18:34:04.014+0000] {dag.py:4180} INFO - Setting next_dagrun for dataset_with_extra_by_yield to 2025-08-30 00:00:00+00:00, run_after=2025-08-31 00:00:00+00:00
[2025-08-31T18:34:04.016+0000] {logging_mixin.py:190} INFO - [2025-08-31T18:34:04.016+0000] {dag.py:4180} INFO - Setting next_dagrun for dataset_with_extra_from_classic_operator to 2025-08-30 00:00:00+00:00, run_after=2025-08-31 00:00:00+00:00
[2025-08-31T18:34:04.043+0000] {processor.py:208} INFO - Processing /home/krishnaformeera/Sumitomo/datapipeline/venv/lib/python3.11/site-packages/airflow/example_dags/example_outlet_event_extra.py took 0.110 seconds
[2025-08-31T18:34:58.078+0000] {processor.py:186} INFO - Started process (PID=5476) to work on /home/krishnaformeera/Sumitomo/datapipeline/venv/lib/python3.11/site-packages/airflow/example_dags/example_outlet_event_extra.py
[2025-08-31T18:34:58.079+0000] {processor.py:914} INFO - Processing file /home/krishnaformeera/Sumitomo/datapipeline/venv/lib/python3.11/site-packages/airflow/example_dags/example_outlet_event_extra.py for tasks to queue
[2025-08-31T18:34:58.081+0000] {logging_mixin.py:190} INFO - [2025-08-31T18:34:58.081+0000] {dagbag.py:588} INFO - Filling up the DagBag from /home/krishnaformeera/Sumitomo/datapipeline/venv/lib/python3.11/site-packages/airflow/example_dags/example_outlet_event_extra.py
[2025-08-31T18:34:58.097+0000] {processor.py:925} INFO - DAG(s) 'dataset_with_extra_by_yield', 'dataset_with_extra_from_classic_operator', 'dataset_with_extra_by_context' retrieved from /home/krishnaformeera/Sumitomo/datapipeline/venv/lib/python3.11/site-packages/airflow/example_dags/example_outlet_event_extra.py
[2025-08-31T18:34:58.121+0000] {logging_mixin.py:190} INFO - [2025-08-31T18:34:58.121+0000] {dag.py:3239} INFO - Sync 3 DAGs
[2025-08-31T18:34:58.143+0000] {logging_mixin.py:190} INFO - [2025-08-31T18:34:58.143+0000] {dag.py:4180} INFO - Setting next_dagrun for dataset_with_extra_by_context to 2025-08-30 00:00:00+00:00, run_after=2025-08-31 00:00:00+00:00
[2025-08-31T18:34:58.147+0000] {logging_mixin.py:190} INFO - [2025-08-31T18:34:58.147+0000] {dag.py:4180} INFO - Setting next_dagrun for dataset_with_extra_by_yield to 2025-08-30 00:00:00+00:00, run_after=2025-08-31 00:00:00+00:00
[2025-08-31T18:34:58.149+0000] {logging_mixin.py:190} INFO - [2025-08-31T18:34:58.149+0000] {dag.py:4180} INFO - Setting next_dagrun for dataset_with_extra_from_classic_operator to 2025-08-30 00:00:00+00:00, run_after=2025-08-31 00:00:00+00:00
[2025-08-31T18:34:58.175+0000] {processor.py:208} INFO - Processing /home/krishnaformeera/Sumitomo/datapipeline/venv/lib/python3.11/site-packages/airflow/example_dags/example_outlet_event_extra.py took 0.105 seconds
[2025-08-31T18:35:48.349+0000] {processor.py:186} INFO - Started process (PID=5540) to work on /home/krishnaformeera/Sumitomo/datapipeline/venv/lib/python3.11/site-packages/airflow/example_dags/example_outlet_event_extra.py
[2025-08-31T18:35:48.350+0000] {processor.py:914} INFO - Processing file /home/krishnaformeera/Sumitomo/datapipeline/venv/lib/python3.11/site-packages/airflow/example_dags/example_outlet_event_extra.py for tasks to queue
[2025-08-31T18:35:48.352+0000] {logging_mixin.py:190} INFO - [2025-08-31T18:35:48.352+0000] {dagbag.py:588} INFO - Filling up the DagBag from /home/krishnaformeera/Sumitomo/datapipeline/venv/lib/python3.11/site-packages/airflow/example_dags/example_outlet_event_extra.py
[2025-08-31T18:35:48.368+0000] {processor.py:925} INFO - DAG(s) 'dataset_with_extra_from_classic_operator', 'dataset_with_extra_by_yield', 'dataset_with_extra_by_context' retrieved from /home/krishnaformeera/Sumitomo/datapipeline/venv/lib/python3.11/site-packages/airflow/example_dags/example_outlet_event_extra.py
[2025-08-31T18:35:48.391+0000] {logging_mixin.py:190} INFO - [2025-08-31T18:35:48.390+0000] {dag.py:3239} INFO - Sync 3 DAGs
[2025-08-31T18:35:48.413+0000] {logging_mixin.py:190} INFO - [2025-08-31T18:35:48.413+0000] {dag.py:4180} INFO - Setting next_dagrun for dataset_with_extra_by_context to 2025-08-30 00:00:00+00:00, run_after=2025-08-31 00:00:00+00:00
[2025-08-31T18:35:48.417+0000] {logging_mixin.py:190} INFO - [2025-08-31T18:35:48.417+0000] {dag.py:4180} INFO - Setting next_dagrun for dataset_with_extra_by_yield to 2025-08-30 00:00:00+00:00, run_after=2025-08-31 00:00:00+00:00
[2025-08-31T18:35:48.419+0000] {logging_mixin.py:190} INFO - [2025-08-31T18:35:48.419+0000] {dag.py:4180} INFO - Setting next_dagrun for dataset_with_extra_from_classic_operator to 2025-08-30 00:00:00+00:00, run_after=2025-08-31 00:00:00+00:00
[2025-08-31T18:35:48.445+0000] {processor.py:208} INFO - Processing /home/krishnaformeera/Sumitomo/datapipeline/venv/lib/python3.11/site-packages/airflow/example_dags/example_outlet_event_extra.py took 0.103 seconds
[2025-08-31T18:36:39.006+0000] {processor.py:186} INFO - Started process (PID=5605) to work on /home/krishnaformeera/Sumitomo/datapipeline/venv/lib/python3.11/site-packages/airflow/example_dags/example_outlet_event_extra.py
[2025-08-31T18:36:39.007+0000] {processor.py:914} INFO - Processing file /home/krishnaformeera/Sumitomo/datapipeline/venv/lib/python3.11/site-packages/airflow/example_dags/example_outlet_event_extra.py for tasks to queue
[2025-08-31T18:36:39.009+0000] {logging_mixin.py:190} INFO - [2025-08-31T18:36:39.008+0000] {dagbag.py:588} INFO - Filling up the DagBag from /home/krishnaformeera/Sumitomo/datapipeline/venv/lib/python3.11/site-packages/airflow/example_dags/example_outlet_event_extra.py
[2025-08-31T18:36:39.022+0000] {processor.py:925} INFO - DAG(s) 'dataset_with_extra_from_classic_operator', 'dataset_with_extra_by_context', 'dataset_with_extra_by_yield' retrieved from /home/krishnaformeera/Sumitomo/datapipeline/venv/lib/python3.11/site-packages/airflow/example_dags/example_outlet_event_extra.py
[2025-08-31T18:36:39.042+0000] {logging_mixin.py:190} INFO - [2025-08-31T18:36:39.041+0000] {dag.py:3239} INFO - Sync 3 DAGs
[2025-08-31T18:36:39.061+0000] {logging_mixin.py:190} INFO - [2025-08-31T18:36:39.061+0000] {dag.py:4180} INFO - Setting next_dagrun for dataset_with_extra_by_context to 2025-08-30 00:00:00+00:00, run_after=2025-08-31 00:00:00+00:00
[2025-08-31T18:36:39.064+0000] {logging_mixin.py:190} INFO - [2025-08-31T18:36:39.064+0000] {dag.py:4180} INFO - Setting next_dagrun for dataset_with_extra_by_yield to 2025-08-30 00:00:00+00:00, run_after=2025-08-31 00:00:00+00:00
[2025-08-31T18:36:39.066+0000] {logging_mixin.py:190} INFO - [2025-08-31T18:36:39.066+0000] {dag.py:4180} INFO - Setting next_dagrun for dataset_with_extra_from_classic_operator to 2025-08-30 00:00:00+00:00, run_after=2025-08-31 00:00:00+00:00
[2025-08-31T18:36:39.089+0000] {processor.py:208} INFO - Processing /home/krishnaformeera/Sumitomo/datapipeline/venv/lib/python3.11/site-packages/airflow/example_dags/example_outlet_event_extra.py took 0.090 seconds
[2025-08-31T18:37:30.245+0000] {processor.py:186} INFO - Started process (PID=5657) to work on /home/krishnaformeera/Sumitomo/datapipeline/venv/lib/python3.11/site-packages/airflow/example_dags/example_outlet_event_extra.py
[2025-08-31T18:37:30.247+0000] {processor.py:914} INFO - Processing file /home/krishnaformeera/Sumitomo/datapipeline/venv/lib/python3.11/site-packages/airflow/example_dags/example_outlet_event_extra.py for tasks to queue
[2025-08-31T18:37:30.249+0000] {logging_mixin.py:190} INFO - [2025-08-31T18:37:30.249+0000] {dagbag.py:588} INFO - Filling up the DagBag from /home/krishnaformeera/Sumitomo/datapipeline/venv/lib/python3.11/site-packages/airflow/example_dags/example_outlet_event_extra.py
[2025-08-31T18:37:30.266+0000] {processor.py:925} INFO - DAG(s) 'dataset_with_extra_from_classic_operator', 'dataset_with_extra_by_context', 'dataset_with_extra_by_yield' retrieved from /home/krishnaformeera/Sumitomo/datapipeline/venv/lib/python3.11/site-packages/airflow/example_dags/example_outlet_event_extra.py
[2025-08-31T18:37:30.290+0000] {logging_mixin.py:190} INFO - [2025-08-31T18:37:30.289+0000] {dag.py:3239} INFO - Sync 3 DAGs
[2025-08-31T18:37:30.312+0000] {logging_mixin.py:190} INFO - [2025-08-31T18:37:30.312+0000] {dag.py:4180} INFO - Setting next_dagrun for dataset_with_extra_by_context to 2025-08-30 00:00:00+00:00, run_after=2025-08-31 00:00:00+00:00
[2025-08-31T18:37:30.316+0000] {logging_mixin.py:190} INFO - [2025-08-31T18:37:30.316+0000] {dag.py:4180} INFO - Setting next_dagrun for dataset_with_extra_by_yield to 2025-08-30 00:00:00+00:00, run_after=2025-08-31 00:00:00+00:00
[2025-08-31T18:37:30.318+0000] {logging_mixin.py:190} INFO - [2025-08-31T18:37:30.318+0000] {dag.py:4180} INFO - Setting next_dagrun for dataset_with_extra_from_classic_operator to 2025-08-30 00:00:00+00:00, run_after=2025-08-31 00:00:00+00:00
[2025-08-31T18:37:30.344+0000] {processor.py:208} INFO - Processing /home/krishnaformeera/Sumitomo/datapipeline/venv/lib/python3.11/site-packages/airflow/example_dags/example_outlet_event_extra.py took 0.106 seconds
[2025-08-31T18:40:18.990+0000] {processor.py:186} INFO - Started process (PID=6133) to work on /home/krishnaformeera/Sumitomo/datapipeline/venv/lib/python3.11/site-packages/airflow/example_dags/example_outlet_event_extra.py
[2025-08-31T18:40:18.991+0000] {processor.py:914} INFO - Processing file /home/krishnaformeera/Sumitomo/datapipeline/venv/lib/python3.11/site-packages/airflow/example_dags/example_outlet_event_extra.py for tasks to queue
[2025-08-31T18:40:18.995+0000] {logging_mixin.py:190} INFO - [2025-08-31T18:40:18.994+0000] {dagbag.py:588} INFO - Filling up the DagBag from /home/krishnaformeera/Sumitomo/datapipeline/venv/lib/python3.11/site-packages/airflow/example_dags/example_outlet_event_extra.py
[2025-08-31T18:40:19.017+0000] {processor.py:925} INFO - DAG(s) 'dataset_with_extra_from_classic_operator', 'dataset_with_extra_by_yield', 'dataset_with_extra_by_context' retrieved from /home/krishnaformeera/Sumitomo/datapipeline/venv/lib/python3.11/site-packages/airflow/example_dags/example_outlet_event_extra.py
[2025-08-31T18:40:19.054+0000] {logging_mixin.py:190} INFO - [2025-08-31T18:40:19.054+0000] {dag.py:3239} INFO - Sync 3 DAGs
[2025-08-31T18:40:19.086+0000] {logging_mixin.py:190} INFO - [2025-08-31T18:40:19.085+0000] {dag.py:4180} INFO - Setting next_dagrun for dataset_with_extra_by_context to 2025-08-30 00:00:00+00:00, run_after=2025-08-31 00:00:00+00:00
[2025-08-31T18:40:19.091+0000] {logging_mixin.py:190} INFO - [2025-08-31T18:40:19.091+0000] {dag.py:4180} INFO - Setting next_dagrun for dataset_with_extra_by_yield to 2025-08-30 00:00:00+00:00, run_after=2025-08-31 00:00:00+00:00
[2025-08-31T18:40:19.094+0000] {logging_mixin.py:190} INFO - [2025-08-31T18:40:19.094+0000] {dag.py:4180} INFO - Setting next_dagrun for dataset_with_extra_from_classic_operator to 2025-08-30 00:00:00+00:00, run_after=2025-08-31 00:00:00+00:00
[2025-08-31T18:40:19.133+0000] {processor.py:208} INFO - Processing /home/krishnaformeera/Sumitomo/datapipeline/venv/lib/python3.11/site-packages/airflow/example_dags/example_outlet_event_extra.py took 0.152 seconds
[2025-08-31T18:41:13.565+0000] {processor.py:186} INFO - Started process (PID=6351) to work on /home/krishnaformeera/Sumitomo/datapipeline/venv/lib/python3.11/site-packages/airflow/example_dags/example_outlet_event_extra.py
[2025-08-31T18:41:13.566+0000] {processor.py:914} INFO - Processing file /home/krishnaformeera/Sumitomo/datapipeline/venv/lib/python3.11/site-packages/airflow/example_dags/example_outlet_event_extra.py for tasks to queue
[2025-08-31T18:41:13.568+0000] {logging_mixin.py:190} INFO - [2025-08-31T18:41:13.568+0000] {dagbag.py:588} INFO - Filling up the DagBag from /home/krishnaformeera/Sumitomo/datapipeline/venv/lib/python3.11/site-packages/airflow/example_dags/example_outlet_event_extra.py
[2025-08-31T18:41:13.583+0000] {processor.py:925} INFO - DAG(s) 'dataset_with_extra_from_classic_operator', 'dataset_with_extra_by_yield', 'dataset_with_extra_by_context' retrieved from /home/krishnaformeera/Sumitomo/datapipeline/venv/lib/python3.11/site-packages/airflow/example_dags/example_outlet_event_extra.py
[2025-08-31T18:41:13.602+0000] {logging_mixin.py:190} INFO - [2025-08-31T18:41:13.601+0000] {dag.py:3239} INFO - Sync 3 DAGs
[2025-08-31T18:41:13.624+0000] {logging_mixin.py:190} INFO - [2025-08-31T18:41:13.623+0000] {dag.py:4180} INFO - Setting next_dagrun for dataset_with_extra_by_context to 2025-08-30 00:00:00+00:00, run_after=2025-08-31 00:00:00+00:00
[2025-08-31T18:41:13.628+0000] {logging_mixin.py:190} INFO - [2025-08-31T18:41:13.627+0000] {dag.py:4180} INFO - Setting next_dagrun for dataset_with_extra_by_yield to 2025-08-30 00:00:00+00:00, run_after=2025-08-31 00:00:00+00:00
[2025-08-31T18:41:13.629+0000] {logging_mixin.py:190} INFO - [2025-08-31T18:41:13.629+0000] {dag.py:4180} INFO - Setting next_dagrun for dataset_with_extra_from_classic_operator to 2025-08-30 00:00:00+00:00, run_after=2025-08-31 00:00:00+00:00
[2025-08-31T18:41:13.651+0000] {processor.py:208} INFO - Processing /home/krishnaformeera/Sumitomo/datapipeline/venv/lib/python3.11/site-packages/airflow/example_dags/example_outlet_event_extra.py took 0.093 seconds
[2025-08-31T18:42:09.874+0000] {processor.py:186} INFO - Started process (PID=6544) to work on /home/krishnaformeera/Sumitomo/datapipeline/venv/lib/python3.11/site-packages/airflow/example_dags/example_outlet_event_extra.py
[2025-08-31T18:42:09.875+0000] {processor.py:914} INFO - Processing file /home/krishnaformeera/Sumitomo/datapipeline/venv/lib/python3.11/site-packages/airflow/example_dags/example_outlet_event_extra.py for tasks to queue
[2025-08-31T18:42:09.878+0000] {logging_mixin.py:190} INFO - [2025-08-31T18:42:09.877+0000] {dagbag.py:588} INFO - Filling up the DagBag from /home/krishnaformeera/Sumitomo/datapipeline/venv/lib/python3.11/site-packages/airflow/example_dags/example_outlet_event_extra.py
[2025-08-31T18:42:09.894+0000] {processor.py:925} INFO - DAG(s) 'dataset_with_extra_from_classic_operator', 'dataset_with_extra_by_yield', 'dataset_with_extra_by_context' retrieved from /home/krishnaformeera/Sumitomo/datapipeline/venv/lib/python3.11/site-packages/airflow/example_dags/example_outlet_event_extra.py
[2025-08-31T18:42:09.915+0000] {logging_mixin.py:190} INFO - [2025-08-31T18:42:09.915+0000] {dag.py:3239} INFO - Sync 3 DAGs
[2025-08-31T18:42:09.934+0000] {logging_mixin.py:190} INFO - [2025-08-31T18:42:09.934+0000] {dag.py:4180} INFO - Setting next_dagrun for dataset_with_extra_by_context to 2025-08-30 00:00:00+00:00, run_after=2025-08-31 00:00:00+00:00
[2025-08-31T18:42:09.939+0000] {logging_mixin.py:190} INFO - [2025-08-31T18:42:09.939+0000] {dag.py:4180} INFO - Setting next_dagrun for dataset_with_extra_by_yield to 2025-08-30 00:00:00+00:00, run_after=2025-08-31 00:00:00+00:00
[2025-08-31T18:42:09.941+0000] {logging_mixin.py:190} INFO - [2025-08-31T18:42:09.941+0000] {dag.py:4180} INFO - Setting next_dagrun for dataset_with_extra_from_classic_operator to 2025-08-30 00:00:00+00:00, run_after=2025-08-31 00:00:00+00:00
[2025-08-31T18:42:10.069+0000] {processor.py:208} INFO - Processing /home/krishnaformeera/Sumitomo/datapipeline/venv/lib/python3.11/site-packages/airflow/example_dags/example_outlet_event_extra.py took 0.202 seconds
[2025-08-31T18:43:12.030+0000] {processor.py:186} INFO - Started process (PID=6792) to work on /home/krishnaformeera/Sumitomo/datapipeline/venv/lib/python3.11/site-packages/airflow/example_dags/example_outlet_event_extra.py
[2025-08-31T18:43:12.031+0000] {processor.py:914} INFO - Processing file /home/krishnaformeera/Sumitomo/datapipeline/venv/lib/python3.11/site-packages/airflow/example_dags/example_outlet_event_extra.py for tasks to queue
[2025-08-31T18:43:12.033+0000] {logging_mixin.py:190} INFO - [2025-08-31T18:43:12.033+0000] {dagbag.py:588} INFO - Filling up the DagBag from /home/krishnaformeera/Sumitomo/datapipeline/venv/lib/python3.11/site-packages/airflow/example_dags/example_outlet_event_extra.py
[2025-08-31T18:43:12.047+0000] {processor.py:925} INFO - DAG(s) 'dataset_with_extra_from_classic_operator', 'dataset_with_extra_by_yield', 'dataset_with_extra_by_context' retrieved from /home/krishnaformeera/Sumitomo/datapipeline/venv/lib/python3.11/site-packages/airflow/example_dags/example_outlet_event_extra.py
[2025-08-31T18:43:12.066+0000] {logging_mixin.py:190} INFO - [2025-08-31T18:43:12.066+0000] {dag.py:3239} INFO - Sync 3 DAGs
[2025-08-31T18:43:12.086+0000] {logging_mixin.py:190} INFO - [2025-08-31T18:43:12.086+0000] {dag.py:4180} INFO - Setting next_dagrun for dataset_with_extra_by_context to 2025-08-30 00:00:00+00:00, run_after=2025-08-31 00:00:00+00:00
[2025-08-31T18:43:12.090+0000] {logging_mixin.py:190} INFO - [2025-08-31T18:43:12.089+0000] {dag.py:4180} INFO - Setting next_dagrun for dataset_with_extra_by_yield to 2025-08-30 00:00:00+00:00, run_after=2025-08-31 00:00:00+00:00
[2025-08-31T18:43:12.091+0000] {logging_mixin.py:190} INFO - [2025-08-31T18:43:12.091+0000] {dag.py:4180} INFO - Setting next_dagrun for dataset_with_extra_from_classic_operator to 2025-08-30 00:00:00+00:00, run_after=2025-08-31 00:00:00+00:00
[2025-08-31T18:43:12.117+0000] {processor.py:208} INFO - Processing /home/krishnaformeera/Sumitomo/datapipeline/venv/lib/python3.11/site-packages/airflow/example_dags/example_outlet_event_extra.py took 0.093 seconds
[2025-08-31T18:44:06.524+0000] {processor.py:186} INFO - Started process (PID=7013) to work on /home/krishnaformeera/Sumitomo/datapipeline/venv/lib/python3.11/site-packages/airflow/example_dags/example_outlet_event_extra.py
[2025-08-31T18:44:06.525+0000] {processor.py:914} INFO - Processing file /home/krishnaformeera/Sumitomo/datapipeline/venv/lib/python3.11/site-packages/airflow/example_dags/example_outlet_event_extra.py for tasks to queue
[2025-08-31T18:44:06.527+0000] {logging_mixin.py:190} INFO - [2025-08-31T18:44:06.526+0000] {dagbag.py:588} INFO - Filling up the DagBag from /home/krishnaformeera/Sumitomo/datapipeline/venv/lib/python3.11/site-packages/airflow/example_dags/example_outlet_event_extra.py
[2025-08-31T18:44:06.540+0000] {processor.py:925} INFO - DAG(s) 'dataset_with_extra_by_yield', 'dataset_with_extra_by_context', 'dataset_with_extra_from_classic_operator' retrieved from /home/krishnaformeera/Sumitomo/datapipeline/venv/lib/python3.11/site-packages/airflow/example_dags/example_outlet_event_extra.py
[2025-08-31T18:44:06.561+0000] {logging_mixin.py:190} INFO - [2025-08-31T18:44:06.561+0000] {dag.py:3239} INFO - Sync 3 DAGs
[2025-08-31T18:44:06.582+0000] {logging_mixin.py:190} INFO - [2025-08-31T18:44:06.582+0000] {dag.py:4180} INFO - Setting next_dagrun for dataset_with_extra_by_context to 2025-08-30 00:00:00+00:00, run_after=2025-08-31 00:00:00+00:00
[2025-08-31T18:44:06.586+0000] {logging_mixin.py:190} INFO - [2025-08-31T18:44:06.586+0000] {dag.py:4180} INFO - Setting next_dagrun for dataset_with_extra_by_yield to 2025-08-30 00:00:00+00:00, run_after=2025-08-31 00:00:00+00:00
[2025-08-31T18:44:06.587+0000] {logging_mixin.py:190} INFO - [2025-08-31T18:44:06.587+0000] {dag.py:4180} INFO - Setting next_dagrun for dataset_with_extra_from_classic_operator to 2025-08-30 00:00:00+00:00, run_after=2025-08-31 00:00:00+00:00
[2025-08-31T18:44:06.609+0000] {processor.py:208} INFO - Processing /home/krishnaformeera/Sumitomo/datapipeline/venv/lib/python3.11/site-packages/airflow/example_dags/example_outlet_event_extra.py took 0.092 seconds
[2025-08-31T18:44:56.004+0000] {processor.py:186} INFO - Started process (PID=7240) to work on /home/krishnaformeera/Sumitomo/datapipeline/venv/lib/python3.11/site-packages/airflow/example_dags/example_outlet_event_extra.py
[2025-08-31T18:44:56.005+0000] {processor.py:914} INFO - Processing file /home/krishnaformeera/Sumitomo/datapipeline/venv/lib/python3.11/site-packages/airflow/example_dags/example_outlet_event_extra.py for tasks to queue
[2025-08-31T18:44:56.008+0000] {logging_mixin.py:190} INFO - [2025-08-31T18:44:56.008+0000] {dagbag.py:588} INFO - Filling up the DagBag from /home/krishnaformeera/Sumitomo/datapipeline/venv/lib/python3.11/site-packages/airflow/example_dags/example_outlet_event_extra.py
[2025-08-31T18:44:56.030+0000] {processor.py:925} INFO - DAG(s) 'dataset_with_extra_by_context', 'dataset_with_extra_by_yield', 'dataset_with_extra_from_classic_operator' retrieved from /home/krishnaformeera/Sumitomo/datapipeline/venv/lib/python3.11/site-packages/airflow/example_dags/example_outlet_event_extra.py
[2025-08-31T18:44:56.058+0000] {logging_mixin.py:190} INFO - [2025-08-31T18:44:56.058+0000] {dag.py:3239} INFO - Sync 3 DAGs
[2025-08-31T18:44:56.081+0000] {logging_mixin.py:190} INFO - [2025-08-31T18:44:56.081+0000] {dag.py:4180} INFO - Setting next_dagrun for dataset_with_extra_by_context to 2025-08-30 00:00:00+00:00, run_after=2025-08-31 00:00:00+00:00
[2025-08-31T18:44:56.085+0000] {logging_mixin.py:190} INFO - [2025-08-31T18:44:56.085+0000] {dag.py:4180} INFO - Setting next_dagrun for dataset_with_extra_by_yield to 2025-08-30 00:00:00+00:00, run_after=2025-08-31 00:00:00+00:00
[2025-08-31T18:44:56.087+0000] {logging_mixin.py:190} INFO - [2025-08-31T18:44:56.087+0000] {dag.py:4180} INFO - Setting next_dagrun for dataset_with_extra_from_classic_operator to 2025-08-30 00:00:00+00:00, run_after=2025-08-31 00:00:00+00:00
[2025-08-31T18:44:56.110+0000] {processor.py:208} INFO - Processing /home/krishnaformeera/Sumitomo/datapipeline/venv/lib/python3.11/site-packages/airflow/example_dags/example_outlet_event_extra.py took 0.113 seconds
[2025-08-31T18:45:48.144+0000] {processor.py:186} INFO - Started process (PID=7518) to work on /home/krishnaformeera/Sumitomo/datapipeline/venv/lib/python3.11/site-packages/airflow/example_dags/example_outlet_event_extra.py
[2025-08-31T18:45:48.147+0000] {processor.py:914} INFO - Processing file /home/krishnaformeera/Sumitomo/datapipeline/venv/lib/python3.11/site-packages/airflow/example_dags/example_outlet_event_extra.py for tasks to queue
[2025-08-31T18:45:48.149+0000] {logging_mixin.py:190} INFO - [2025-08-31T18:45:48.149+0000] {dagbag.py:588} INFO - Filling up the DagBag from /home/krishnaformeera/Sumitomo/datapipeline/venv/lib/python3.11/site-packages/airflow/example_dags/example_outlet_event_extra.py
[2025-08-31T18:45:48.164+0000] {processor.py:925} INFO - DAG(s) 'dataset_with_extra_by_context', 'dataset_with_extra_from_classic_operator', 'dataset_with_extra_by_yield' retrieved from /home/krishnaformeera/Sumitomo/datapipeline/venv/lib/python3.11/site-packages/airflow/example_dags/example_outlet_event_extra.py
[2025-08-31T18:45:48.185+0000] {logging_mixin.py:190} INFO - [2025-08-31T18:45:48.185+0000] {dag.py:3239} INFO - Sync 3 DAGs
[2025-08-31T18:45:48.204+0000] {logging_mixin.py:190} INFO - [2025-08-31T18:45:48.203+0000] {dag.py:4180} INFO - Setting next_dagrun for dataset_with_extra_by_context to 2025-08-30 00:00:00+00:00, run_after=2025-08-31 00:00:00+00:00
[2025-08-31T18:45:48.207+0000] {logging_mixin.py:190} INFO - [2025-08-31T18:45:48.207+0000] {dag.py:4180} INFO - Setting next_dagrun for dataset_with_extra_by_yield to 2025-08-30 00:00:00+00:00, run_after=2025-08-31 00:00:00+00:00
[2025-08-31T18:45:48.209+0000] {logging_mixin.py:190} INFO - [2025-08-31T18:45:48.209+0000] {dag.py:4180} INFO - Setting next_dagrun for dataset_with_extra_from_classic_operator to 2025-08-30 00:00:00+00:00, run_after=2025-08-31 00:00:00+00:00
[2025-08-31T18:45:48.235+0000] {processor.py:208} INFO - Processing /home/krishnaformeera/Sumitomo/datapipeline/venv/lib/python3.11/site-packages/airflow/example_dags/example_outlet_event_extra.py took 0.099 seconds
[2025-08-31T18:46:39.891+0000] {processor.py:186} INFO - Started process (PID=7734) to work on /home/krishnaformeera/Sumitomo/datapipeline/venv/lib/python3.11/site-packages/airflow/example_dags/example_outlet_event_extra.py
[2025-08-31T18:46:39.892+0000] {processor.py:914} INFO - Processing file /home/krishnaformeera/Sumitomo/datapipeline/venv/lib/python3.11/site-packages/airflow/example_dags/example_outlet_event_extra.py for tasks to queue
[2025-08-31T18:46:39.894+0000] {logging_mixin.py:190} INFO - [2025-08-31T18:46:39.894+0000] {dagbag.py:588} INFO - Filling up the DagBag from /home/krishnaformeera/Sumitomo/datapipeline/venv/lib/python3.11/site-packages/airflow/example_dags/example_outlet_event_extra.py
[2025-08-31T18:46:39.912+0000] {processor.py:925} INFO - DAG(s) 'dataset_with_extra_by_yield', 'dataset_with_extra_by_context', 'dataset_with_extra_from_classic_operator' retrieved from /home/krishnaformeera/Sumitomo/datapipeline/venv/lib/python3.11/site-packages/airflow/example_dags/example_outlet_event_extra.py
[2025-08-31T18:46:39.934+0000] {logging_mixin.py:190} INFO - [2025-08-31T18:46:39.934+0000] {dag.py:3239} INFO - Sync 3 DAGs
[2025-08-31T18:46:39.957+0000] {logging_mixin.py:190} INFO - [2025-08-31T18:46:39.956+0000] {dag.py:4180} INFO - Setting next_dagrun for dataset_with_extra_by_context to 2025-08-30 00:00:00+00:00, run_after=2025-08-31 00:00:00+00:00
[2025-08-31T18:46:39.961+0000] {logging_mixin.py:190} INFO - [2025-08-31T18:46:39.960+0000] {dag.py:4180} INFO - Setting next_dagrun for dataset_with_extra_by_yield to 2025-08-30 00:00:00+00:00, run_after=2025-08-31 00:00:00+00:00
[2025-08-31T18:46:39.962+0000] {logging_mixin.py:190} INFO - [2025-08-31T18:46:39.962+0000] {dag.py:4180} INFO - Setting next_dagrun for dataset_with_extra_from_classic_operator to 2025-08-30 00:00:00+00:00, run_after=2025-08-31 00:00:00+00:00
[2025-08-31T18:46:39.986+0000] {processor.py:208} INFO - Processing /home/krishnaformeera/Sumitomo/datapipeline/venv/lib/python3.11/site-packages/airflow/example_dags/example_outlet_event_extra.py took 0.102 seconds
[2025-08-31T18:47:33.007+0000] {processor.py:186} INFO - Started process (PID=7802) to work on /home/krishnaformeera/Sumitomo/datapipeline/venv/lib/python3.11/site-packages/airflow/example_dags/example_outlet_event_extra.py
[2025-08-31T18:47:33.008+0000] {processor.py:914} INFO - Processing file /home/krishnaformeera/Sumitomo/datapipeline/venv/lib/python3.11/site-packages/airflow/example_dags/example_outlet_event_extra.py for tasks to queue
[2025-08-31T18:47:33.010+0000] {logging_mixin.py:190} INFO - [2025-08-31T18:47:33.010+0000] {dagbag.py:588} INFO - Filling up the DagBag from /home/krishnaformeera/Sumitomo/datapipeline/venv/lib/python3.11/site-packages/airflow/example_dags/example_outlet_event_extra.py
[2025-08-31T18:47:33.024+0000] {processor.py:925} INFO - DAG(s) 'dataset_with_extra_by_context', 'dataset_with_extra_by_yield', 'dataset_with_extra_from_classic_operator' retrieved from /home/krishnaformeera/Sumitomo/datapipeline/venv/lib/python3.11/site-packages/airflow/example_dags/example_outlet_event_extra.py
[2025-08-31T18:47:33.042+0000] {logging_mixin.py:190} INFO - [2025-08-31T18:47:33.042+0000] {dag.py:3239} INFO - Sync 3 DAGs
[2025-08-31T18:47:33.062+0000] {logging_mixin.py:190} INFO - [2025-08-31T18:47:33.061+0000] {dag.py:4180} INFO - Setting next_dagrun for dataset_with_extra_by_context to 2025-08-30 00:00:00+00:00, run_after=2025-08-31 00:00:00+00:00
[2025-08-31T18:47:33.065+0000] {logging_mixin.py:190} INFO - [2025-08-31T18:47:33.065+0000] {dag.py:4180} INFO - Setting next_dagrun for dataset_with_extra_by_yield to 2025-08-30 00:00:00+00:00, run_after=2025-08-31 00:00:00+00:00
[2025-08-31T18:47:33.067+0000] {logging_mixin.py:190} INFO - [2025-08-31T18:47:33.067+0000] {dag.py:4180} INFO - Setting next_dagrun for dataset_with_extra_from_classic_operator to 2025-08-30 00:00:00+00:00, run_after=2025-08-31 00:00:00+00:00
[2025-08-31T18:47:33.089+0000] {processor.py:208} INFO - Processing /home/krishnaformeera/Sumitomo/datapipeline/venv/lib/python3.11/site-packages/airflow/example_dags/example_outlet_event_extra.py took 0.088 seconds
[2025-08-31T18:48:22.661+0000] {processor.py:186} INFO - Started process (PID=7855) to work on /home/krishnaformeera/Sumitomo/datapipeline/venv/lib/python3.11/site-packages/airflow/example_dags/example_outlet_event_extra.py
[2025-08-31T18:48:22.662+0000] {processor.py:914} INFO - Processing file /home/krishnaformeera/Sumitomo/datapipeline/venv/lib/python3.11/site-packages/airflow/example_dags/example_outlet_event_extra.py for tasks to queue
[2025-08-31T18:48:22.664+0000] {logging_mixin.py:190} INFO - [2025-08-31T18:48:22.664+0000] {dagbag.py:588} INFO - Filling up the DagBag from /home/krishnaformeera/Sumitomo/datapipeline/venv/lib/python3.11/site-packages/airflow/example_dags/example_outlet_event_extra.py
[2025-08-31T18:48:22.678+0000] {processor.py:925} INFO - DAG(s) 'dataset_with_extra_from_classic_operator', 'dataset_with_extra_by_context', 'dataset_with_extra_by_yield' retrieved from /home/krishnaformeera/Sumitomo/datapipeline/venv/lib/python3.11/site-packages/airflow/example_dags/example_outlet_event_extra.py
[2025-08-31T18:48:22.696+0000] {logging_mixin.py:190} INFO - [2025-08-31T18:48:22.696+0000] {dag.py:3239} INFO - Sync 3 DAGs
[2025-08-31T18:48:22.717+0000] {logging_mixin.py:190} INFO - [2025-08-31T18:48:22.716+0000] {dag.py:4180} INFO - Setting next_dagrun for dataset_with_extra_by_context to 2025-08-30 00:00:00+00:00, run_after=2025-08-31 00:00:00+00:00
[2025-08-31T18:48:22.721+0000] {logging_mixin.py:190} INFO - [2025-08-31T18:48:22.721+0000] {dag.py:4180} INFO - Setting next_dagrun for dataset_with_extra_by_yield to 2025-08-30 00:00:00+00:00, run_after=2025-08-31 00:00:00+00:00
[2025-08-31T18:48:22.723+0000] {logging_mixin.py:190} INFO - [2025-08-31T18:48:22.723+0000] {dag.py:4180} INFO - Setting next_dagrun for dataset_with_extra_from_classic_operator to 2025-08-30 00:00:00+00:00, run_after=2025-08-31 00:00:00+00:00
[2025-08-31T18:48:22.748+0000] {processor.py:208} INFO - Processing /home/krishnaformeera/Sumitomo/datapipeline/venv/lib/python3.11/site-packages/airflow/example_dags/example_outlet_event_extra.py took 0.093 seconds
[2025-08-31T18:49:12.481+0000] {processor.py:186} INFO - Started process (PID=7911) to work on /home/krishnaformeera/Sumitomo/datapipeline/venv/lib/python3.11/site-packages/airflow/example_dags/example_outlet_event_extra.py
[2025-08-31T18:49:12.482+0000] {processor.py:914} INFO - Processing file /home/krishnaformeera/Sumitomo/datapipeline/venv/lib/python3.11/site-packages/airflow/example_dags/example_outlet_event_extra.py for tasks to queue
[2025-08-31T18:49:12.485+0000] {logging_mixin.py:190} INFO - [2025-08-31T18:49:12.485+0000] {dagbag.py:588} INFO - Filling up the DagBag from /home/krishnaformeera/Sumitomo/datapipeline/venv/lib/python3.11/site-packages/airflow/example_dags/example_outlet_event_extra.py
[2025-08-31T18:49:12.501+0000] {processor.py:925} INFO - DAG(s) 'dataset_with_extra_from_classic_operator', 'dataset_with_extra_by_context', 'dataset_with_extra_by_yield' retrieved from /home/krishnaformeera/Sumitomo/datapipeline/venv/lib/python3.11/site-packages/airflow/example_dags/example_outlet_event_extra.py
[2025-08-31T18:49:12.523+0000] {logging_mixin.py:190} INFO - [2025-08-31T18:49:12.523+0000] {dag.py:3239} INFO - Sync 3 DAGs
[2025-08-31T18:49:12.544+0000] {logging_mixin.py:190} INFO - [2025-08-31T18:49:12.544+0000] {dag.py:4180} INFO - Setting next_dagrun for dataset_with_extra_by_context to 2025-08-30 00:00:00+00:00, run_after=2025-08-31 00:00:00+00:00
[2025-08-31T18:49:12.548+0000] {logging_mixin.py:190} INFO - [2025-08-31T18:49:12.548+0000] {dag.py:4180} INFO - Setting next_dagrun for dataset_with_extra_by_yield to 2025-08-30 00:00:00+00:00, run_after=2025-08-31 00:00:00+00:00
[2025-08-31T18:49:12.551+0000] {logging_mixin.py:190} INFO - [2025-08-31T18:49:12.551+0000] {dag.py:4180} INFO - Setting next_dagrun for dataset_with_extra_from_classic_operator to 2025-08-30 00:00:00+00:00, run_after=2025-08-31 00:00:00+00:00
[2025-08-31T18:49:12.575+0000] {processor.py:208} INFO - Processing /home/krishnaformeera/Sumitomo/datapipeline/venv/lib/python3.11/site-packages/airflow/example_dags/example_outlet_event_extra.py took 0.101 seconds
[2025-08-31T18:50:06.635+0000] {processor.py:186} INFO - Started process (PID=8014) to work on /home/krishnaformeera/Sumitomo/datapipeline/venv/lib/python3.11/site-packages/airflow/example_dags/example_outlet_event_extra.py
[2025-08-31T18:50:06.636+0000] {processor.py:914} INFO - Processing file /home/krishnaformeera/Sumitomo/datapipeline/venv/lib/python3.11/site-packages/airflow/example_dags/example_outlet_event_extra.py for tasks to queue
[2025-08-31T18:50:06.639+0000] {logging_mixin.py:190} INFO - [2025-08-31T18:50:06.638+0000] {dagbag.py:588} INFO - Filling up the DagBag from /home/krishnaformeera/Sumitomo/datapipeline/venv/lib/python3.11/site-packages/airflow/example_dags/example_outlet_event_extra.py
[2025-08-31T18:50:06.655+0000] {processor.py:925} INFO - DAG(s) 'dataset_with_extra_by_yield', 'dataset_with_extra_by_context', 'dataset_with_extra_from_classic_operator' retrieved from /home/krishnaformeera/Sumitomo/datapipeline/venv/lib/python3.11/site-packages/airflow/example_dags/example_outlet_event_extra.py
[2025-08-31T18:50:06.679+0000] {logging_mixin.py:190} INFO - [2025-08-31T18:50:06.679+0000] {dag.py:3239} INFO - Sync 3 DAGs
[2025-08-31T18:50:06.699+0000] {logging_mixin.py:190} INFO - [2025-08-31T18:50:06.699+0000] {dag.py:4180} INFO - Setting next_dagrun for dataset_with_extra_by_context to 2025-08-30 00:00:00+00:00, run_after=2025-08-31 00:00:00+00:00
[2025-08-31T18:50:06.703+0000] {logging_mixin.py:190} INFO - [2025-08-31T18:50:06.702+0000] {dag.py:4180} INFO - Setting next_dagrun for dataset_with_extra_by_yield to 2025-08-30 00:00:00+00:00, run_after=2025-08-31 00:00:00+00:00
[2025-08-31T18:50:06.704+0000] {logging_mixin.py:190} INFO - [2025-08-31T18:50:06.704+0000] {dag.py:4180} INFO - Setting next_dagrun for dataset_with_extra_from_classic_operator to 2025-08-30 00:00:00+00:00, run_after=2025-08-31 00:00:00+00:00
[2025-08-31T18:50:06.728+0000] {processor.py:208} INFO - Processing /home/krishnaformeera/Sumitomo/datapipeline/venv/lib/python3.11/site-packages/airflow/example_dags/example_outlet_event_extra.py took 0.102 seconds
[2025-08-31T18:50:58.664+0000] {processor.py:186} INFO - Started process (PID=8095) to work on /home/krishnaformeera/Sumitomo/datapipeline/venv/lib/python3.11/site-packages/airflow/example_dags/example_outlet_event_extra.py
[2025-08-31T18:50:58.665+0000] {processor.py:914} INFO - Processing file /home/krishnaformeera/Sumitomo/datapipeline/venv/lib/python3.11/site-packages/airflow/example_dags/example_outlet_event_extra.py for tasks to queue
[2025-08-31T18:50:58.667+0000] {logging_mixin.py:190} INFO - [2025-08-31T18:50:58.666+0000] {dagbag.py:588} INFO - Filling up the DagBag from /home/krishnaformeera/Sumitomo/datapipeline/venv/lib/python3.11/site-packages/airflow/example_dags/example_outlet_event_extra.py
[2025-08-31T18:50:58.680+0000] {processor.py:925} INFO - DAG(s) 'dataset_with_extra_by_yield', 'dataset_with_extra_from_classic_operator', 'dataset_with_extra_by_context' retrieved from /home/krishnaformeera/Sumitomo/datapipeline/venv/lib/python3.11/site-packages/airflow/example_dags/example_outlet_event_extra.py
[2025-08-31T18:50:58.699+0000] {logging_mixin.py:190} INFO - [2025-08-31T18:50:58.698+0000] {dag.py:3239} INFO - Sync 3 DAGs
[2025-08-31T18:50:58.718+0000] {logging_mixin.py:190} INFO - [2025-08-31T18:50:58.718+0000] {dag.py:4180} INFO - Setting next_dagrun for dataset_with_extra_by_context to 2025-08-30 00:00:00+00:00, run_after=2025-08-31 00:00:00+00:00
[2025-08-31T18:50:58.722+0000] {logging_mixin.py:190} INFO - [2025-08-31T18:50:58.722+0000] {dag.py:4180} INFO - Setting next_dagrun for dataset_with_extra_by_yield to 2025-08-30 00:00:00+00:00, run_after=2025-08-31 00:00:00+00:00
[2025-08-31T18:50:58.724+0000] {logging_mixin.py:190} INFO - [2025-08-31T18:50:58.724+0000] {dag.py:4180} INFO - Setting next_dagrun for dataset_with_extra_from_classic_operator to 2025-08-30 00:00:00+00:00, run_after=2025-08-31 00:00:00+00:00
[2025-08-31T18:50:58.749+0000] {processor.py:208} INFO - Processing /home/krishnaformeera/Sumitomo/datapipeline/venv/lib/python3.11/site-packages/airflow/example_dags/example_outlet_event_extra.py took 0.091 seconds
[2025-08-31T18:51:47.966+0000] {processor.py:186} INFO - Started process (PID=8177) to work on /home/krishnaformeera/Sumitomo/datapipeline/venv/lib/python3.11/site-packages/airflow/example_dags/example_outlet_event_extra.py
[2025-08-31T18:51:47.967+0000] {processor.py:914} INFO - Processing file /home/krishnaformeera/Sumitomo/datapipeline/venv/lib/python3.11/site-packages/airflow/example_dags/example_outlet_event_extra.py for tasks to queue
[2025-08-31T18:51:47.969+0000] {logging_mixin.py:190} INFO - [2025-08-31T18:51:47.969+0000] {dagbag.py:588} INFO - Filling up the DagBag from /home/krishnaformeera/Sumitomo/datapipeline/venv/lib/python3.11/site-packages/airflow/example_dags/example_outlet_event_extra.py
[2025-08-31T18:51:47.983+0000] {processor.py:925} INFO - DAG(s) 'dataset_with_extra_by_yield', 'dataset_with_extra_by_context', 'dataset_with_extra_from_classic_operator' retrieved from /home/krishnaformeera/Sumitomo/datapipeline/venv/lib/python3.11/site-packages/airflow/example_dags/example_outlet_event_extra.py
[2025-08-31T18:51:48.003+0000] {logging_mixin.py:190} INFO - [2025-08-31T18:51:48.002+0000] {dag.py:3239} INFO - Sync 3 DAGs
[2025-08-31T18:51:48.023+0000] {logging_mixin.py:190} INFO - [2025-08-31T18:51:48.023+0000] {dag.py:4180} INFO - Setting next_dagrun for dataset_with_extra_by_context to 2025-08-30 00:00:00+00:00, run_after=2025-08-31 00:00:00+00:00
[2025-08-31T18:51:48.027+0000] {logging_mixin.py:190} INFO - [2025-08-31T18:51:48.027+0000] {dag.py:4180} INFO - Setting next_dagrun for dataset_with_extra_by_yield to 2025-08-30 00:00:00+00:00, run_after=2025-08-31 00:00:00+00:00
[2025-08-31T18:51:48.029+0000] {logging_mixin.py:190} INFO - [2025-08-31T18:51:48.029+0000] {dag.py:4180} INFO - Setting next_dagrun for dataset_with_extra_from_classic_operator to 2025-08-30 00:00:00+00:00, run_after=2025-08-31 00:00:00+00:00
[2025-08-31T18:51:48.052+0000] {processor.py:208} INFO - Processing /home/krishnaformeera/Sumitomo/datapipeline/venv/lib/python3.11/site-packages/airflow/example_dags/example_outlet_event_extra.py took 0.093 seconds
[2025-08-31T18:52:38.414+0000] {processor.py:186} INFO - Started process (PID=8246) to work on /home/krishnaformeera/Sumitomo/datapipeline/venv/lib/python3.11/site-packages/airflow/example_dags/example_outlet_event_extra.py
[2025-08-31T18:52:38.415+0000] {processor.py:914} INFO - Processing file /home/krishnaformeera/Sumitomo/datapipeline/venv/lib/python3.11/site-packages/airflow/example_dags/example_outlet_event_extra.py for tasks to queue
[2025-08-31T18:52:38.418+0000] {logging_mixin.py:190} INFO - [2025-08-31T18:52:38.418+0000] {dagbag.py:588} INFO - Filling up the DagBag from /home/krishnaformeera/Sumitomo/datapipeline/venv/lib/python3.11/site-packages/airflow/example_dags/example_outlet_event_extra.py
[2025-08-31T18:52:38.432+0000] {processor.py:925} INFO - DAG(s) 'dataset_with_extra_from_classic_operator', 'dataset_with_extra_by_yield', 'dataset_with_extra_by_context' retrieved from /home/krishnaformeera/Sumitomo/datapipeline/venv/lib/python3.11/site-packages/airflow/example_dags/example_outlet_event_extra.py
[2025-08-31T18:52:38.451+0000] {logging_mixin.py:190} INFO - [2025-08-31T18:52:38.451+0000] {dag.py:3239} INFO - Sync 3 DAGs
[2025-08-31T18:52:38.471+0000] {logging_mixin.py:190} INFO - [2025-08-31T18:52:38.470+0000] {dag.py:4180} INFO - Setting next_dagrun for dataset_with_extra_by_context to 2025-08-30 00:00:00+00:00, run_after=2025-08-31 00:00:00+00:00
[2025-08-31T18:52:38.474+0000] {logging_mixin.py:190} INFO - [2025-08-31T18:52:38.474+0000] {dag.py:4180} INFO - Setting next_dagrun for dataset_with_extra_by_yield to 2025-08-30 00:00:00+00:00, run_after=2025-08-31 00:00:00+00:00
[2025-08-31T18:52:38.476+0000] {logging_mixin.py:190} INFO - [2025-08-31T18:52:38.476+0000] {dag.py:4180} INFO - Setting next_dagrun for dataset_with_extra_from_classic_operator to 2025-08-30 00:00:00+00:00, run_after=2025-08-31 00:00:00+00:00
[2025-08-31T18:52:38.499+0000] {processor.py:208} INFO - Processing /home/krishnaformeera/Sumitomo/datapipeline/venv/lib/python3.11/site-packages/airflow/example_dags/example_outlet_event_extra.py took 0.091 seconds
[2025-08-31T18:53:28.708+0000] {processor.py:186} INFO - Started process (PID=8301) to work on /home/krishnaformeera/Sumitomo/datapipeline/venv/lib/python3.11/site-packages/airflow/example_dags/example_outlet_event_extra.py
[2025-08-31T18:53:28.709+0000] {processor.py:914} INFO - Processing file /home/krishnaformeera/Sumitomo/datapipeline/venv/lib/python3.11/site-packages/airflow/example_dags/example_outlet_event_extra.py for tasks to queue
[2025-08-31T18:53:28.712+0000] {logging_mixin.py:190} INFO - [2025-08-31T18:53:28.711+0000] {dagbag.py:588} INFO - Filling up the DagBag from /home/krishnaformeera/Sumitomo/datapipeline/venv/lib/python3.11/site-packages/airflow/example_dags/example_outlet_event_extra.py
[2025-08-31T18:53:28.726+0000] {processor.py:925} INFO - DAG(s) 'dataset_with_extra_by_context', 'dataset_with_extra_from_classic_operator', 'dataset_with_extra_by_yield' retrieved from /home/krishnaformeera/Sumitomo/datapipeline/venv/lib/python3.11/site-packages/airflow/example_dags/example_outlet_event_extra.py
[2025-08-31T18:53:28.750+0000] {logging_mixin.py:190} INFO - [2025-08-31T18:53:28.750+0000] {dag.py:3239} INFO - Sync 3 DAGs
[2025-08-31T18:53:28.770+0000] {logging_mixin.py:190} INFO - [2025-08-31T18:53:28.770+0000] {dag.py:4180} INFO - Setting next_dagrun for dataset_with_extra_by_context to 2025-08-30 00:00:00+00:00, run_after=2025-08-31 00:00:00+00:00
[2025-08-31T18:53:28.774+0000] {logging_mixin.py:190} INFO - [2025-08-31T18:53:28.774+0000] {dag.py:4180} INFO - Setting next_dagrun for dataset_with_extra_by_yield to 2025-08-30 00:00:00+00:00, run_after=2025-08-31 00:00:00+00:00
[2025-08-31T18:53:28.776+0000] {logging_mixin.py:190} INFO - [2025-08-31T18:53:28.775+0000] {dag.py:4180} INFO - Setting next_dagrun for dataset_with_extra_from_classic_operator to 2025-08-30 00:00:00+00:00, run_after=2025-08-31 00:00:00+00:00
[2025-08-31T18:53:28.799+0000] {processor.py:208} INFO - Processing /home/krishnaformeera/Sumitomo/datapipeline/venv/lib/python3.11/site-packages/airflow/example_dags/example_outlet_event_extra.py took 0.098 seconds
[2025-08-31T18:54:16.940+0000] {processor.py:186} INFO - Started process (PID=8494) to work on /home/krishnaformeera/Sumitomo/datapipeline/venv/lib/python3.11/site-packages/airflow/example_dags/example_outlet_event_extra.py
[2025-08-31T18:54:16.941+0000] {processor.py:914} INFO - Processing file /home/krishnaformeera/Sumitomo/datapipeline/venv/lib/python3.11/site-packages/airflow/example_dags/example_outlet_event_extra.py for tasks to queue
[2025-08-31T18:54:16.943+0000] {logging_mixin.py:190} INFO - [2025-08-31T18:54:16.943+0000] {dagbag.py:588} INFO - Filling up the DagBag from /home/krishnaformeera/Sumitomo/datapipeline/venv/lib/python3.11/site-packages/airflow/example_dags/example_outlet_event_extra.py
[2025-08-31T18:54:16.958+0000] {processor.py:925} INFO - DAG(s) 'dataset_with_extra_from_classic_operator', 'dataset_with_extra_by_context', 'dataset_with_extra_by_yield' retrieved from /home/krishnaformeera/Sumitomo/datapipeline/venv/lib/python3.11/site-packages/airflow/example_dags/example_outlet_event_extra.py
[2025-08-31T18:54:16.978+0000] {logging_mixin.py:190} INFO - [2025-08-31T18:54:16.977+0000] {dag.py:3239} INFO - Sync 3 DAGs
[2025-08-31T18:54:16.997+0000] {logging_mixin.py:190} INFO - [2025-08-31T18:54:16.997+0000] {dag.py:4180} INFO - Setting next_dagrun for dataset_with_extra_by_context to 2025-08-30 00:00:00+00:00, run_after=2025-08-31 00:00:00+00:00
[2025-08-31T18:54:17.000+0000] {logging_mixin.py:190} INFO - [2025-08-31T18:54:17.000+0000] {dag.py:4180} INFO - Setting next_dagrun for dataset_with_extra_by_yield to 2025-08-30 00:00:00+00:00, run_after=2025-08-31 00:00:00+00:00
[2025-08-31T18:54:17.002+0000] {logging_mixin.py:190} INFO - [2025-08-31T18:54:17.002+0000] {dag.py:4180} INFO - Setting next_dagrun for dataset_with_extra_from_classic_operator to 2025-08-30 00:00:00+00:00, run_after=2025-08-31 00:00:00+00:00
[2025-08-31T18:54:17.025+0000] {processor.py:208} INFO - Processing /home/krishnaformeera/Sumitomo/datapipeline/venv/lib/python3.11/site-packages/airflow/example_dags/example_outlet_event_extra.py took 0.093 seconds
[2025-08-31T18:55:08.670+0000] {processor.py:186} INFO - Started process (PID=8573) to work on /home/krishnaformeera/Sumitomo/datapipeline/venv/lib/python3.11/site-packages/airflow/example_dags/example_outlet_event_extra.py
[2025-08-31T18:55:08.671+0000] {processor.py:914} INFO - Processing file /home/krishnaformeera/Sumitomo/datapipeline/venv/lib/python3.11/site-packages/airflow/example_dags/example_outlet_event_extra.py for tasks to queue
[2025-08-31T18:55:08.673+0000] {logging_mixin.py:190} INFO - [2025-08-31T18:55:08.672+0000] {dagbag.py:588} INFO - Filling up the DagBag from /home/krishnaformeera/Sumitomo/datapipeline/venv/lib/python3.11/site-packages/airflow/example_dags/example_outlet_event_extra.py
[2025-08-31T18:55:08.686+0000] {processor.py:925} INFO - DAG(s) 'dataset_with_extra_from_classic_operator', 'dataset_with_extra_by_context', 'dataset_with_extra_by_yield' retrieved from /home/krishnaformeera/Sumitomo/datapipeline/venv/lib/python3.11/site-packages/airflow/example_dags/example_outlet_event_extra.py
[2025-08-31T18:55:08.709+0000] {logging_mixin.py:190} INFO - [2025-08-31T18:55:08.709+0000] {dag.py:3239} INFO - Sync 3 DAGs
[2025-08-31T18:55:08.731+0000] {logging_mixin.py:190} INFO - [2025-08-31T18:55:08.730+0000] {dag.py:4180} INFO - Setting next_dagrun for dataset_with_extra_by_context to 2025-08-30 00:00:00+00:00, run_after=2025-08-31 00:00:00+00:00
[2025-08-31T18:55:08.735+0000] {logging_mixin.py:190} INFO - [2025-08-31T18:55:08.735+0000] {dag.py:4180} INFO - Setting next_dagrun for dataset_with_extra_by_yield to 2025-08-30 00:00:00+00:00, run_after=2025-08-31 00:00:00+00:00
[2025-08-31T18:55:08.738+0000] {logging_mixin.py:190} INFO - [2025-08-31T18:55:08.737+0000] {dag.py:4180} INFO - Setting next_dagrun for dataset_with_extra_from_classic_operator to 2025-08-30 00:00:00+00:00, run_after=2025-08-31 00:00:00+00:00
[2025-08-31T18:55:08.764+0000] {processor.py:208} INFO - Processing /home/krishnaformeera/Sumitomo/datapipeline/venv/lib/python3.11/site-packages/airflow/example_dags/example_outlet_event_extra.py took 0.100 seconds
[2025-08-31T18:56:00.490+0000] {processor.py:186} INFO - Started process (PID=8625) to work on /home/krishnaformeera/Sumitomo/datapipeline/venv/lib/python3.11/site-packages/airflow/example_dags/example_outlet_event_extra.py
[2025-08-31T18:56:00.491+0000] {processor.py:914} INFO - Processing file /home/krishnaformeera/Sumitomo/datapipeline/venv/lib/python3.11/site-packages/airflow/example_dags/example_outlet_event_extra.py for tasks to queue
[2025-08-31T18:56:00.494+0000] {logging_mixin.py:190} INFO - [2025-08-31T18:56:00.493+0000] {dagbag.py:588} INFO - Filling up the DagBag from /home/krishnaformeera/Sumitomo/datapipeline/venv/lib/python3.11/site-packages/airflow/example_dags/example_outlet_event_extra.py
[2025-08-31T18:56:00.509+0000] {processor.py:925} INFO - DAG(s) 'dataset_with_extra_by_yield', 'dataset_with_extra_from_classic_operator', 'dataset_with_extra_by_context' retrieved from /home/krishnaformeera/Sumitomo/datapipeline/venv/lib/python3.11/site-packages/airflow/example_dags/example_outlet_event_extra.py
[2025-08-31T18:56:00.531+0000] {logging_mixin.py:190} INFO - [2025-08-31T18:56:00.530+0000] {dag.py:3239} INFO - Sync 3 DAGs
[2025-08-31T18:56:00.554+0000] {logging_mixin.py:190} INFO - [2025-08-31T18:56:00.554+0000] {dag.py:4180} INFO - Setting next_dagrun for dataset_with_extra_by_context to 2025-08-30 00:00:00+00:00, run_after=2025-08-31 00:00:00+00:00
[2025-08-31T18:56:00.558+0000] {logging_mixin.py:190} INFO - [2025-08-31T18:56:00.558+0000] {dag.py:4180} INFO - Setting next_dagrun for dataset_with_extra_by_yield to 2025-08-30 00:00:00+00:00, run_after=2025-08-31 00:00:00+00:00
[2025-08-31T18:56:00.560+0000] {logging_mixin.py:190} INFO - [2025-08-31T18:56:00.560+0000] {dag.py:4180} INFO - Setting next_dagrun for dataset_with_extra_from_classic_operator to 2025-08-30 00:00:00+00:00, run_after=2025-08-31 00:00:00+00:00
[2025-08-31T18:56:00.587+0000] {processor.py:208} INFO - Processing /home/krishnaformeera/Sumitomo/datapipeline/venv/lib/python3.11/site-packages/airflow/example_dags/example_outlet_event_extra.py took 0.105 seconds
[2025-08-31T18:56:54.816+0000] {processor.py:186} INFO - Started process (PID=8693) to work on /home/krishnaformeera/Sumitomo/datapipeline/venv/lib/python3.11/site-packages/airflow/example_dags/example_outlet_event_extra.py
[2025-08-31T18:56:54.818+0000] {processor.py:914} INFO - Processing file /home/krishnaformeera/Sumitomo/datapipeline/venv/lib/python3.11/site-packages/airflow/example_dags/example_outlet_event_extra.py for tasks to queue
[2025-08-31T18:56:54.820+0000] {logging_mixin.py:190} INFO - [2025-08-31T18:56:54.819+0000] {dagbag.py:588} INFO - Filling up the DagBag from /home/krishnaformeera/Sumitomo/datapipeline/venv/lib/python3.11/site-packages/airflow/example_dags/example_outlet_event_extra.py
[2025-08-31T18:56:54.834+0000] {processor.py:925} INFO - DAG(s) 'dataset_with_extra_by_context', 'dataset_with_extra_by_yield', 'dataset_with_extra_from_classic_operator' retrieved from /home/krishnaformeera/Sumitomo/datapipeline/venv/lib/python3.11/site-packages/airflow/example_dags/example_outlet_event_extra.py
[2025-08-31T18:56:54.857+0000] {logging_mixin.py:190} INFO - [2025-08-31T18:56:54.857+0000] {dag.py:3239} INFO - Sync 3 DAGs
[2025-08-31T18:56:54.880+0000] {logging_mixin.py:190} INFO - [2025-08-31T18:56:54.880+0000] {dag.py:4180} INFO - Setting next_dagrun for dataset_with_extra_by_context to 2025-08-30 00:00:00+00:00, run_after=2025-08-31 00:00:00+00:00
[2025-08-31T18:56:54.884+0000] {logging_mixin.py:190} INFO - [2025-08-31T18:56:54.884+0000] {dag.py:4180} INFO - Setting next_dagrun for dataset_with_extra_by_yield to 2025-08-30 00:00:00+00:00, run_after=2025-08-31 00:00:00+00:00
[2025-08-31T18:56:54.886+0000] {logging_mixin.py:190} INFO - [2025-08-31T18:56:54.886+0000] {dag.py:4180} INFO - Setting next_dagrun for dataset_with_extra_from_classic_operator to 2025-08-30 00:00:00+00:00, run_after=2025-08-31 00:00:00+00:00
[2025-08-31T18:56:54.912+0000] {processor.py:208} INFO - Processing /home/krishnaformeera/Sumitomo/datapipeline/venv/lib/python3.11/site-packages/airflow/example_dags/example_outlet_event_extra.py took 0.104 seconds
[2025-08-31T18:57:47.901+0000] {processor.py:186} INFO - Started process (PID=8747) to work on /home/krishnaformeera/Sumitomo/datapipeline/venv/lib/python3.11/site-packages/airflow/example_dags/example_outlet_event_extra.py
[2025-08-31T18:57:47.903+0000] {processor.py:914} INFO - Processing file /home/krishnaformeera/Sumitomo/datapipeline/venv/lib/python3.11/site-packages/airflow/example_dags/example_outlet_event_extra.py for tasks to queue
[2025-08-31T18:57:47.905+0000] {logging_mixin.py:190} INFO - [2025-08-31T18:57:47.905+0000] {dagbag.py:588} INFO - Filling up the DagBag from /home/krishnaformeera/Sumitomo/datapipeline/venv/lib/python3.11/site-packages/airflow/example_dags/example_outlet_event_extra.py
[2025-08-31T18:57:47.919+0000] {processor.py:925} INFO - DAG(s) 'dataset_with_extra_from_classic_operator', 'dataset_with_extra_by_context', 'dataset_with_extra_by_yield' retrieved from /home/krishnaformeera/Sumitomo/datapipeline/venv/lib/python3.11/site-packages/airflow/example_dags/example_outlet_event_extra.py
[2025-08-31T18:57:47.939+0000] {logging_mixin.py:190} INFO - [2025-08-31T18:57:47.939+0000] {dag.py:3239} INFO - Sync 3 DAGs
[2025-08-31T18:57:47.960+0000] {logging_mixin.py:190} INFO - [2025-08-31T18:57:47.960+0000] {dag.py:4180} INFO - Setting next_dagrun for dataset_with_extra_by_context to 2025-08-30 00:00:00+00:00, run_after=2025-08-31 00:00:00+00:00
[2025-08-31T18:57:47.964+0000] {logging_mixin.py:190} INFO - [2025-08-31T18:57:47.963+0000] {dag.py:4180} INFO - Setting next_dagrun for dataset_with_extra_by_yield to 2025-08-30 00:00:00+00:00, run_after=2025-08-31 00:00:00+00:00
[2025-08-31T18:57:47.965+0000] {logging_mixin.py:190} INFO - [2025-08-31T18:57:47.965+0000] {dag.py:4180} INFO - Setting next_dagrun for dataset_with_extra_from_classic_operator to 2025-08-30 00:00:00+00:00, run_after=2025-08-31 00:00:00+00:00
[2025-08-31T18:57:47.991+0000] {processor.py:208} INFO - Processing /home/krishnaformeera/Sumitomo/datapipeline/venv/lib/python3.11/site-packages/airflow/example_dags/example_outlet_event_extra.py took 0.098 seconds
[2025-08-31T18:58:40.404+0000] {processor.py:186} INFO - Started process (PID=8800) to work on /home/krishnaformeera/Sumitomo/datapipeline/venv/lib/python3.11/site-packages/airflow/example_dags/example_outlet_event_extra.py
[2025-08-31T18:58:40.406+0000] {processor.py:914} INFO - Processing file /home/krishnaformeera/Sumitomo/datapipeline/venv/lib/python3.11/site-packages/airflow/example_dags/example_outlet_event_extra.py for tasks to queue
[2025-08-31T18:58:40.408+0000] {logging_mixin.py:190} INFO - [2025-08-31T18:58:40.408+0000] {dagbag.py:588} INFO - Filling up the DagBag from /home/krishnaformeera/Sumitomo/datapipeline/venv/lib/python3.11/site-packages/airflow/example_dags/example_outlet_event_extra.py
[2025-08-31T18:58:40.425+0000] {processor.py:925} INFO - DAG(s) 'dataset_with_extra_by_context', 'dataset_with_extra_by_yield', 'dataset_with_extra_from_classic_operator' retrieved from /home/krishnaformeera/Sumitomo/datapipeline/venv/lib/python3.11/site-packages/airflow/example_dags/example_outlet_event_extra.py
[2025-08-31T18:58:40.449+0000] {logging_mixin.py:190} INFO - [2025-08-31T18:58:40.448+0000] {dag.py:3239} INFO - Sync 3 DAGs
[2025-08-31T18:58:40.474+0000] {logging_mixin.py:190} INFO - [2025-08-31T18:58:40.474+0000] {dag.py:4180} INFO - Setting next_dagrun for dataset_with_extra_by_context to 2025-08-30 00:00:00+00:00, run_after=2025-08-31 00:00:00+00:00
[2025-08-31T18:58:40.478+0000] {logging_mixin.py:190} INFO - [2025-08-31T18:58:40.478+0000] {dag.py:4180} INFO - Setting next_dagrun for dataset_with_extra_by_yield to 2025-08-30 00:00:00+00:00, run_after=2025-08-31 00:00:00+00:00
[2025-08-31T18:58:40.480+0000] {logging_mixin.py:190} INFO - [2025-08-31T18:58:40.480+0000] {dag.py:4180} INFO - Setting next_dagrun for dataset_with_extra_from_classic_operator to 2025-08-30 00:00:00+00:00, run_after=2025-08-31 00:00:00+00:00
[2025-08-31T18:58:40.511+0000] {processor.py:208} INFO - Processing /home/krishnaformeera/Sumitomo/datapipeline/venv/lib/python3.11/site-packages/airflow/example_dags/example_outlet_event_extra.py took 0.115 seconds
