[2025-08-31T18:31:33.570+0000] {processor.py:186} INFO - Started process (PID=5269) to work on /home/krishnaformeera/Sumitomo/datapipeline/venv/lib/python3.11/site-packages/airflow/example_dags/example_branch_day_of_week_operator.py
[2025-08-31T18:31:33.571+0000] {processor.py:914} INFO - Processing file /home/krishnaformeera/Sumitomo/datapipeline/venv/lib/python3.11/site-packages/airflow/example_dags/example_branch_day_of_week_operator.py for tasks to queue
[2025-08-31T18:31:33.573+0000] {logging_mixin.py:190} INFO - [2025-08-31T18:31:33.573+0000] {dagbag.py:588} INFO - Filling up the DagBag from /home/krishnaformeera/Sumitomo/datapipeline/venv/lib/python3.11/site-packages/airflow/example_dags/example_branch_day_of_week_operator.py
[2025-08-31T18:31:33.583+0000] {processor.py:925} INFO - DAG(s) 'example_weekday_branch_operator' retrieved from /home/krishnaformeera/Sumitomo/datapipeline/venv/lib/python3.11/site-packages/airflow/example_dags/example_branch_day_of_week_operator.py
[2025-08-31T18:31:33.673+0000] {logging_mixin.py:190} INFO - [2025-08-31T18:31:33.672+0000] {override.py:1900} INFO - Created Permission View: can edit on DAG:example_weekday_branch_operator
[2025-08-31T18:31:33.685+0000] {logging_mixin.py:190} INFO - [2025-08-31T18:31:33.685+0000] {override.py:1900} INFO - Created Permission View: can read on DAG:example_weekday_branch_operator
[2025-08-31T18:31:33.695+0000] {logging_mixin.py:190} INFO - [2025-08-31T18:31:33.694+0000] {override.py:1900} INFO - Created Permission View: can delete on DAG:example_weekday_branch_operator
[2025-08-31T18:31:33.710+0000] {logging_mixin.py:190} INFO - [2025-08-31T18:31:33.709+0000] {override.py:1900} INFO - Created Permission View: menu access on DAG Run:example_weekday_branch_operator
[2025-08-31T18:31:33.719+0000] {logging_mixin.py:190} INFO - [2025-08-31T18:31:33.718+0000] {override.py:1900} INFO - Created Permission View: can read on DAG Run:example_weekday_branch_operator
[2025-08-31T18:31:33.728+0000] {logging_mixin.py:190} INFO - [2025-08-31T18:31:33.728+0000] {override.py:1900} INFO - Created Permission View: can create on DAG Run:example_weekday_branch_operator
[2025-08-31T18:31:33.738+0000] {logging_mixin.py:190} INFO - [2025-08-31T18:31:33.738+0000] {override.py:1900} INFO - Created Permission View: can delete on DAG Run:example_weekday_branch_operator
[2025-08-31T18:31:33.738+0000] {logging_mixin.py:190} INFO - [2025-08-31T18:31:33.738+0000] {dag.py:3239} INFO - Sync 1 DAGs
[2025-08-31T18:31:33.749+0000] {logging_mixin.py:190} INFO - [2025-08-31T18:31:33.748+0000] {dag.py:3262} INFO - Creating ORM DAG for example_weekday_branch_operator
[2025-08-31T18:31:33.758+0000] {logging_mixin.py:190} INFO - [2025-08-31T18:31:33.757+0000] {dag.py:4180} INFO - Setting next_dagrun for example_weekday_branch_operator to 2025-08-30 00:00:00+00:00, run_after=2025-08-31 00:00:00+00:00
[2025-08-31T18:31:33.876+0000] {processor.py:208} INFO - Processing /home/krishnaformeera/Sumitomo/datapipeline/venv/lib/python3.11/site-packages/airflow/example_dags/example_branch_day_of_week_operator.py took 0.312 seconds
[2025-08-31T18:32:34.071+0000] {processor.py:186} INFO - Started process (PID=5329) to work on /home/krishnaformeera/Sumitomo/datapipeline/venv/lib/python3.11/site-packages/airflow/example_dags/example_branch_day_of_week_operator.py
[2025-08-31T18:32:34.072+0000] {processor.py:914} INFO - Processing file /home/krishnaformeera/Sumitomo/datapipeline/venv/lib/python3.11/site-packages/airflow/example_dags/example_branch_day_of_week_operator.py for tasks to queue
[2025-08-31T18:32:34.074+0000] {logging_mixin.py:190} INFO - [2025-08-31T18:32:34.074+0000] {dagbag.py:588} INFO - Filling up the DagBag from /home/krishnaformeera/Sumitomo/datapipeline/venv/lib/python3.11/site-packages/airflow/example_dags/example_branch_day_of_week_operator.py
[2025-08-31T18:32:34.087+0000] {processor.py:925} INFO - DAG(s) 'example_weekday_branch_operator' retrieved from /home/krishnaformeera/Sumitomo/datapipeline/venv/lib/python3.11/site-packages/airflow/example_dags/example_branch_day_of_week_operator.py
[2025-08-31T18:32:34.106+0000] {logging_mixin.py:190} INFO - [2025-08-31T18:32:34.106+0000] {dag.py:3239} INFO - Sync 1 DAGs
[2025-08-31T18:32:34.128+0000] {logging_mixin.py:190} INFO - [2025-08-31T18:32:34.127+0000] {dag.py:4180} INFO - Setting next_dagrun for example_weekday_branch_operator to 2025-08-30 00:00:00+00:00, run_after=2025-08-31 00:00:00+00:00
[2025-08-31T18:32:34.165+0000] {processor.py:208} INFO - Processing /home/krishnaformeera/Sumitomo/datapipeline/venv/lib/python3.11/site-packages/airflow/example_dags/example_branch_day_of_week_operator.py took 0.102 seconds
[2025-08-31T18:33:49.700+0000] {processor.py:186} INFO - Started process (PID=5405) to work on /home/krishnaformeera/Sumitomo/datapipeline/venv/lib/python3.11/site-packages/airflow/example_dags/example_branch_day_of_week_operator.py
[2025-08-31T18:33:49.701+0000] {processor.py:914} INFO - Processing file /home/krishnaformeera/Sumitomo/datapipeline/venv/lib/python3.11/site-packages/airflow/example_dags/example_branch_day_of_week_operator.py for tasks to queue
[2025-08-31T18:33:49.703+0000] {logging_mixin.py:190} INFO - [2025-08-31T18:33:49.702+0000] {dagbag.py:588} INFO - Filling up the DagBag from /home/krishnaformeera/Sumitomo/datapipeline/venv/lib/python3.11/site-packages/airflow/example_dags/example_branch_day_of_week_operator.py
[2025-08-31T18:33:49.713+0000] {processor.py:925} INFO - DAG(s) 'example_weekday_branch_operator' retrieved from /home/krishnaformeera/Sumitomo/datapipeline/venv/lib/python3.11/site-packages/airflow/example_dags/example_branch_day_of_week_operator.py
[2025-08-31T18:33:49.817+0000] {logging_mixin.py:190} INFO - [2025-08-31T18:33:49.816+0000] {dag.py:3239} INFO - Sync 1 DAGs
[2025-08-31T18:33:49.832+0000] {logging_mixin.py:190} INFO - [2025-08-31T18:33:49.832+0000] {dag.py:4180} INFO - Setting next_dagrun for example_weekday_branch_operator to 2025-08-30 00:00:00+00:00, run_after=2025-08-31 00:00:00+00:00
[2025-08-31T18:33:49.852+0000] {processor.py:208} INFO - Processing /home/krishnaformeera/Sumitomo/datapipeline/venv/lib/python3.11/site-packages/airflow/example_dags/example_branch_day_of_week_operator.py took 0.158 seconds
[2025-08-31T18:34:44.531+0000] {processor.py:186} INFO - Started process (PID=5462) to work on /home/krishnaformeera/Sumitomo/datapipeline/venv/lib/python3.11/site-packages/airflow/example_dags/example_branch_day_of_week_operator.py
[2025-08-31T18:34:44.532+0000] {processor.py:914} INFO - Processing file /home/krishnaformeera/Sumitomo/datapipeline/venv/lib/python3.11/site-packages/airflow/example_dags/example_branch_day_of_week_operator.py for tasks to queue
[2025-08-31T18:34:44.535+0000] {logging_mixin.py:190} INFO - [2025-08-31T18:34:44.535+0000] {dagbag.py:588} INFO - Filling up the DagBag from /home/krishnaformeera/Sumitomo/datapipeline/venv/lib/python3.11/site-packages/airflow/example_dags/example_branch_day_of_week_operator.py
[2025-08-31T18:34:44.547+0000] {processor.py:925} INFO - DAG(s) 'example_weekday_branch_operator' retrieved from /home/krishnaformeera/Sumitomo/datapipeline/venv/lib/python3.11/site-packages/airflow/example_dags/example_branch_day_of_week_operator.py
[2025-08-31T18:34:44.567+0000] {logging_mixin.py:190} INFO - [2025-08-31T18:34:44.566+0000] {dag.py:3239} INFO - Sync 1 DAGs
[2025-08-31T18:34:44.589+0000] {logging_mixin.py:190} INFO - [2025-08-31T18:34:44.589+0000] {dag.py:4180} INFO - Setting next_dagrun for example_weekday_branch_operator to 2025-08-30 00:00:00+00:00, run_after=2025-08-31 00:00:00+00:00
[2025-08-31T18:34:44.614+0000] {processor.py:208} INFO - Processing /home/krishnaformeera/Sumitomo/datapipeline/venv/lib/python3.11/site-packages/airflow/example_dags/example_branch_day_of_week_operator.py took 0.091 seconds
[2025-08-31T18:35:59.922+0000] {processor.py:186} INFO - Started process (PID=5551) to work on /home/krishnaformeera/Sumitomo/datapipeline/venv/lib/python3.11/site-packages/airflow/example_dags/example_branch_day_of_week_operator.py
[2025-08-31T18:35:59.924+0000] {processor.py:914} INFO - Processing file /home/krishnaformeera/Sumitomo/datapipeline/venv/lib/python3.11/site-packages/airflow/example_dags/example_branch_day_of_week_operator.py for tasks to queue
[2025-08-31T18:35:59.927+0000] {logging_mixin.py:190} INFO - [2025-08-31T18:35:59.927+0000] {dagbag.py:588} INFO - Filling up the DagBag from /home/krishnaformeera/Sumitomo/datapipeline/venv/lib/python3.11/site-packages/airflow/example_dags/example_branch_day_of_week_operator.py
[2025-08-31T18:35:59.937+0000] {processor.py:925} INFO - DAG(s) 'example_weekday_branch_operator' retrieved from /home/krishnaformeera/Sumitomo/datapipeline/venv/lib/python3.11/site-packages/airflow/example_dags/example_branch_day_of_week_operator.py
[2025-08-31T18:35:59.952+0000] {logging_mixin.py:190} INFO - [2025-08-31T18:35:59.952+0000] {dag.py:3239} INFO - Sync 1 DAGs
[2025-08-31T18:35:59.971+0000] {logging_mixin.py:190} INFO - [2025-08-31T18:35:59.971+0000] {dag.py:4180} INFO - Setting next_dagrun for example_weekday_branch_operator to 2025-08-30 00:00:00+00:00, run_after=2025-08-31 00:00:00+00:00
[2025-08-31T18:35:59.991+0000] {processor.py:208} INFO - Processing /home/krishnaformeera/Sumitomo/datapipeline/venv/lib/python3.11/site-packages/airflow/example_dags/example_branch_day_of_week_operator.py took 0.075 seconds
[2025-08-31T18:37:16.306+0000] {processor.py:186} INFO - Started process (PID=5643) to work on /home/krishnaformeera/Sumitomo/datapipeline/venv/lib/python3.11/site-packages/airflow/example_dags/example_branch_day_of_week_operator.py
[2025-08-31T18:37:16.307+0000] {processor.py:914} INFO - Processing file /home/krishnaformeera/Sumitomo/datapipeline/venv/lib/python3.11/site-packages/airflow/example_dags/example_branch_day_of_week_operator.py for tasks to queue
[2025-08-31T18:37:16.310+0000] {logging_mixin.py:190} INFO - [2025-08-31T18:37:16.309+0000] {dagbag.py:588} INFO - Filling up the DagBag from /home/krishnaformeera/Sumitomo/datapipeline/venv/lib/python3.11/site-packages/airflow/example_dags/example_branch_day_of_week_operator.py
[2025-08-31T18:37:16.322+0000] {processor.py:925} INFO - DAG(s) 'example_weekday_branch_operator' retrieved from /home/krishnaformeera/Sumitomo/datapipeline/venv/lib/python3.11/site-packages/airflow/example_dags/example_branch_day_of_week_operator.py
[2025-08-31T18:37:16.341+0000] {logging_mixin.py:190} INFO - [2025-08-31T18:37:16.341+0000] {dag.py:3239} INFO - Sync 1 DAGs
[2025-08-31T18:37:16.364+0000] {logging_mixin.py:190} INFO - [2025-08-31T18:37:16.363+0000] {dag.py:4180} INFO - Setting next_dagrun for example_weekday_branch_operator to 2025-08-30 00:00:00+00:00, run_after=2025-08-31 00:00:00+00:00
[2025-08-31T18:37:16.389+0000] {processor.py:208} INFO - Processing /home/krishnaformeera/Sumitomo/datapipeline/venv/lib/python3.11/site-packages/airflow/example_dags/example_branch_day_of_week_operator.py took 0.090 seconds
[2025-08-31T18:40:40.860+0000] {processor.py:186} INFO - Started process (PID=6224) to work on /home/krishnaformeera/Sumitomo/datapipeline/venv/lib/python3.11/site-packages/airflow/example_dags/example_branch_day_of_week_operator.py
[2025-08-31T18:40:40.861+0000] {processor.py:914} INFO - Processing file /home/krishnaformeera/Sumitomo/datapipeline/venv/lib/python3.11/site-packages/airflow/example_dags/example_branch_day_of_week_operator.py for tasks to queue
[2025-08-31T18:40:40.863+0000] {logging_mixin.py:190} INFO - [2025-08-31T18:40:40.863+0000] {dagbag.py:588} INFO - Filling up the DagBag from /home/krishnaformeera/Sumitomo/datapipeline/venv/lib/python3.11/site-packages/airflow/example_dags/example_branch_day_of_week_operator.py
[2025-08-31T18:40:40.873+0000] {processor.py:925} INFO - DAG(s) 'example_weekday_branch_operator' retrieved from /home/krishnaformeera/Sumitomo/datapipeline/venv/lib/python3.11/site-packages/airflow/example_dags/example_branch_day_of_week_operator.py
[2025-08-31T18:40:40.889+0000] {logging_mixin.py:190} INFO - [2025-08-31T18:40:40.889+0000] {dag.py:3239} INFO - Sync 1 DAGs
[2025-08-31T18:40:40.911+0000] {logging_mixin.py:190} INFO - [2025-08-31T18:40:40.911+0000] {dag.py:4180} INFO - Setting next_dagrun for example_weekday_branch_operator to 2025-08-30 00:00:00+00:00, run_after=2025-08-31 00:00:00+00:00
[2025-08-31T18:40:40.934+0000] {processor.py:208} INFO - Processing /home/krishnaformeera/Sumitomo/datapipeline/venv/lib/python3.11/site-packages/airflow/example_dags/example_branch_day_of_week_operator.py took 0.080 seconds
[2025-08-31T18:41:34.193+0000] {processor.py:186} INFO - Started process (PID=6426) to work on /home/krishnaformeera/Sumitomo/datapipeline/venv/lib/python3.11/site-packages/airflow/example_dags/example_branch_day_of_week_operator.py
[2025-08-31T18:41:34.194+0000] {processor.py:914} INFO - Processing file /home/krishnaformeera/Sumitomo/datapipeline/venv/lib/python3.11/site-packages/airflow/example_dags/example_branch_day_of_week_operator.py for tasks to queue
[2025-08-31T18:41:34.196+0000] {logging_mixin.py:190} INFO - [2025-08-31T18:41:34.196+0000] {dagbag.py:588} INFO - Filling up the DagBag from /home/krishnaformeera/Sumitomo/datapipeline/venv/lib/python3.11/site-packages/airflow/example_dags/example_branch_day_of_week_operator.py
[2025-08-31T18:41:34.206+0000] {processor.py:925} INFO - DAG(s) 'example_weekday_branch_operator' retrieved from /home/krishnaformeera/Sumitomo/datapipeline/venv/lib/python3.11/site-packages/airflow/example_dags/example_branch_day_of_week_operator.py
[2025-08-31T18:41:34.221+0000] {logging_mixin.py:190} INFO - [2025-08-31T18:41:34.221+0000] {dag.py:3239} INFO - Sync 1 DAGs
[2025-08-31T18:41:34.240+0000] {logging_mixin.py:190} INFO - [2025-08-31T18:41:34.240+0000] {dag.py:4180} INFO - Setting next_dagrun for example_weekday_branch_operator to 2025-08-30 00:00:00+00:00, run_after=2025-08-31 00:00:00+00:00
[2025-08-31T18:41:34.262+0000] {processor.py:208} INFO - Processing /home/krishnaformeera/Sumitomo/datapipeline/venv/lib/python3.11/site-packages/airflow/example_dags/example_branch_day_of_week_operator.py took 0.075 seconds
[2025-08-31T18:42:56.790+0000] {processor.py:186} INFO - Started process (PID=6734) to work on /home/krishnaformeera/Sumitomo/datapipeline/venv/lib/python3.11/site-packages/airflow/example_dags/example_branch_day_of_week_operator.py
[2025-08-31T18:42:56.791+0000] {processor.py:914} INFO - Processing file /home/krishnaformeera/Sumitomo/datapipeline/venv/lib/python3.11/site-packages/airflow/example_dags/example_branch_day_of_week_operator.py for tasks to queue
[2025-08-31T18:42:56.794+0000] {logging_mixin.py:190} INFO - [2025-08-31T18:42:56.793+0000] {dagbag.py:588} INFO - Filling up the DagBag from /home/krishnaformeera/Sumitomo/datapipeline/venv/lib/python3.11/site-packages/airflow/example_dags/example_branch_day_of_week_operator.py
[2025-08-31T18:42:56.805+0000] {processor.py:925} INFO - DAG(s) 'example_weekday_branch_operator' retrieved from /home/krishnaformeera/Sumitomo/datapipeline/venv/lib/python3.11/site-packages/airflow/example_dags/example_branch_day_of_week_operator.py
[2025-08-31T18:42:56.948+0000] {logging_mixin.py:190} INFO - [2025-08-31T18:42:56.947+0000] {dag.py:3239} INFO - Sync 1 DAGs
[2025-08-31T18:42:56.969+0000] {logging_mixin.py:190} INFO - [2025-08-31T18:42:56.969+0000] {dag.py:4180} INFO - Setting next_dagrun for example_weekday_branch_operator to 2025-08-30 00:00:00+00:00, run_after=2025-08-31 00:00:00+00:00
[2025-08-31T18:42:56.998+0000] {processor.py:208} INFO - Processing /home/krishnaformeera/Sumitomo/datapipeline/venv/lib/python3.11/site-packages/airflow/example_dags/example_branch_day_of_week_operator.py took 0.213 seconds
[2025-08-31T18:43:54.053+0000] {processor.py:186} INFO - Started process (PID=6973) to work on /home/krishnaformeera/Sumitomo/datapipeline/venv/lib/python3.11/site-packages/airflow/example_dags/example_branch_day_of_week_operator.py
[2025-08-31T18:43:54.054+0000] {processor.py:914} INFO - Processing file /home/krishnaformeera/Sumitomo/datapipeline/venv/lib/python3.11/site-packages/airflow/example_dags/example_branch_day_of_week_operator.py for tasks to queue
[2025-08-31T18:43:54.056+0000] {logging_mixin.py:190} INFO - [2025-08-31T18:43:54.056+0000] {dagbag.py:588} INFO - Filling up the DagBag from /home/krishnaformeera/Sumitomo/datapipeline/venv/lib/python3.11/site-packages/airflow/example_dags/example_branch_day_of_week_operator.py
[2025-08-31T18:43:54.066+0000] {processor.py:925} INFO - DAG(s) 'example_weekday_branch_operator' retrieved from /home/krishnaformeera/Sumitomo/datapipeline/venv/lib/python3.11/site-packages/airflow/example_dags/example_branch_day_of_week_operator.py
[2025-08-31T18:43:54.082+0000] {logging_mixin.py:190} INFO - [2025-08-31T18:43:54.081+0000] {dag.py:3239} INFO - Sync 1 DAGs
[2025-08-31T18:43:54.101+0000] {logging_mixin.py:190} INFO - [2025-08-31T18:43:54.101+0000] {dag.py:4180} INFO - Setting next_dagrun for example_weekday_branch_operator to 2025-08-30 00:00:00+00:00, run_after=2025-08-31 00:00:00+00:00
[2025-08-31T18:43:54.120+0000] {processor.py:208} INFO - Processing /home/krishnaformeera/Sumitomo/datapipeline/venv/lib/python3.11/site-packages/airflow/example_dags/example_branch_day_of_week_operator.py took 0.073 seconds
[2025-08-31T18:45:08.245+0000] {processor.py:186} INFO - Started process (PID=7318) to work on /home/krishnaformeera/Sumitomo/datapipeline/venv/lib/python3.11/site-packages/airflow/example_dags/example_branch_day_of_week_operator.py
[2025-08-31T18:45:08.247+0000] {processor.py:914} INFO - Processing file /home/krishnaformeera/Sumitomo/datapipeline/venv/lib/python3.11/site-packages/airflow/example_dags/example_branch_day_of_week_operator.py for tasks to queue
[2025-08-31T18:45:08.249+0000] {logging_mixin.py:190} INFO - [2025-08-31T18:45:08.249+0000] {dagbag.py:588} INFO - Filling up the DagBag from /home/krishnaformeera/Sumitomo/datapipeline/venv/lib/python3.11/site-packages/airflow/example_dags/example_branch_day_of_week_operator.py
[2025-08-31T18:45:08.260+0000] {processor.py:925} INFO - DAG(s) 'example_weekday_branch_operator' retrieved from /home/krishnaformeera/Sumitomo/datapipeline/venv/lib/python3.11/site-packages/airflow/example_dags/example_branch_day_of_week_operator.py
[2025-08-31T18:45:08.277+0000] {logging_mixin.py:190} INFO - [2025-08-31T18:45:08.276+0000] {dag.py:3239} INFO - Sync 1 DAGs
[2025-08-31T18:45:08.298+0000] {logging_mixin.py:190} INFO - [2025-08-31T18:45:08.298+0000] {dag.py:4180} INFO - Setting next_dagrun for example_weekday_branch_operator to 2025-08-30 00:00:00+00:00, run_after=2025-08-31 00:00:00+00:00
[2025-08-31T18:45:08.321+0000] {processor.py:208} INFO - Processing /home/krishnaformeera/Sumitomo/datapipeline/venv/lib/python3.11/site-packages/airflow/example_dags/example_branch_day_of_week_operator.py took 0.084 seconds
[2025-08-31T18:46:03.639+0000] {processor.py:186} INFO - Started process (PID=7608) to work on /home/krishnaformeera/Sumitomo/datapipeline/venv/lib/python3.11/site-packages/airflow/example_dags/example_branch_day_of_week_operator.py
[2025-08-31T18:46:03.642+0000] {processor.py:914} INFO - Processing file /home/krishnaformeera/Sumitomo/datapipeline/venv/lib/python3.11/site-packages/airflow/example_dags/example_branch_day_of_week_operator.py for tasks to queue
[2025-08-31T18:46:03.646+0000] {logging_mixin.py:190} INFO - [2025-08-31T18:46:03.645+0000] {dagbag.py:588} INFO - Filling up the DagBag from /home/krishnaformeera/Sumitomo/datapipeline/venv/lib/python3.11/site-packages/airflow/example_dags/example_branch_day_of_week_operator.py
[2025-08-31T18:46:03.659+0000] {processor.py:925} INFO - DAG(s) 'example_weekday_branch_operator' retrieved from /home/krishnaformeera/Sumitomo/datapipeline/venv/lib/python3.11/site-packages/airflow/example_dags/example_branch_day_of_week_operator.py
[2025-08-31T18:46:03.680+0000] {logging_mixin.py:190} INFO - [2025-08-31T18:46:03.679+0000] {dag.py:3239} INFO - Sync 1 DAGs
[2025-08-31T18:46:03.704+0000] {logging_mixin.py:190} INFO - [2025-08-31T18:46:03.704+0000] {dag.py:4180} INFO - Setting next_dagrun for example_weekday_branch_operator to 2025-08-30 00:00:00+00:00, run_after=2025-08-31 00:00:00+00:00
[2025-08-31T18:46:03.734+0000] {processor.py:208} INFO - Processing /home/krishnaformeera/Sumitomo/datapipeline/venv/lib/python3.11/site-packages/airflow/example_dags/example_branch_day_of_week_operator.py took 0.102 seconds
[2025-08-31T18:47:22.693+0000] {processor.py:186} INFO - Started process (PID=7791) to work on /home/krishnaformeera/Sumitomo/datapipeline/venv/lib/python3.11/site-packages/airflow/example_dags/example_branch_day_of_week_operator.py
[2025-08-31T18:47:22.696+0000] {processor.py:914} INFO - Processing file /home/krishnaformeera/Sumitomo/datapipeline/venv/lib/python3.11/site-packages/airflow/example_dags/example_branch_day_of_week_operator.py for tasks to queue
[2025-08-31T18:47:22.698+0000] {logging_mixin.py:190} INFO - [2025-08-31T18:47:22.698+0000] {dagbag.py:588} INFO - Filling up the DagBag from /home/krishnaformeera/Sumitomo/datapipeline/venv/lib/python3.11/site-packages/airflow/example_dags/example_branch_day_of_week_operator.py
[2025-08-31T18:47:22.711+0000] {processor.py:925} INFO - DAG(s) 'example_weekday_branch_operator' retrieved from /home/krishnaformeera/Sumitomo/datapipeline/venv/lib/python3.11/site-packages/airflow/example_dags/example_branch_day_of_week_operator.py
[2025-08-31T18:47:22.730+0000] {logging_mixin.py:190} INFO - [2025-08-31T18:47:22.730+0000] {dag.py:3239} INFO - Sync 1 DAGs
[2025-08-31T18:47:22.756+0000] {logging_mixin.py:190} INFO - [2025-08-31T18:47:22.756+0000] {dag.py:4180} INFO - Setting next_dagrun for example_weekday_branch_operator to 2025-08-30 00:00:00+00:00, run_after=2025-08-31 00:00:00+00:00
[2025-08-31T18:47:22.784+0000] {processor.py:208} INFO - Processing /home/krishnaformeera/Sumitomo/datapipeline/venv/lib/python3.11/site-packages/airflow/example_dags/example_branch_day_of_week_operator.py took 0.098 seconds
[2025-08-31T18:48:37.416+0000] {processor.py:186} INFO - Started process (PID=7869) to work on /home/krishnaformeera/Sumitomo/datapipeline/venv/lib/python3.11/site-packages/airflow/example_dags/example_branch_day_of_week_operator.py
[2025-08-31T18:48:37.417+0000] {processor.py:914} INFO - Processing file /home/krishnaformeera/Sumitomo/datapipeline/venv/lib/python3.11/site-packages/airflow/example_dags/example_branch_day_of_week_operator.py for tasks to queue
[2025-08-31T18:48:37.420+0000] {logging_mixin.py:190} INFO - [2025-08-31T18:48:37.419+0000] {dagbag.py:588} INFO - Filling up the DagBag from /home/krishnaformeera/Sumitomo/datapipeline/venv/lib/python3.11/site-packages/airflow/example_dags/example_branch_day_of_week_operator.py
[2025-08-31T18:48:37.432+0000] {processor.py:925} INFO - DAG(s) 'example_weekday_branch_operator' retrieved from /home/krishnaformeera/Sumitomo/datapipeline/venv/lib/python3.11/site-packages/airflow/example_dags/example_branch_day_of_week_operator.py
[2025-08-31T18:48:37.451+0000] {logging_mixin.py:190} INFO - [2025-08-31T18:48:37.451+0000] {dag.py:3239} INFO - Sync 1 DAGs
[2025-08-31T18:48:37.471+0000] {logging_mixin.py:190} INFO - [2025-08-31T18:48:37.471+0000] {dag.py:4180} INFO - Setting next_dagrun for example_weekday_branch_operator to 2025-08-30 00:00:00+00:00, run_after=2025-08-31 00:00:00+00:00
[2025-08-31T18:48:37.493+0000] {processor.py:208} INFO - Processing /home/krishnaformeera/Sumitomo/datapipeline/venv/lib/python3.11/site-packages/airflow/example_dags/example_branch_day_of_week_operator.py took 0.084 seconds
[2025-08-31T18:49:55.021+0000] {processor.py:186} INFO - Started process (PID=7998) to work on /home/krishnaformeera/Sumitomo/datapipeline/venv/lib/python3.11/site-packages/airflow/example_dags/example_branch_day_of_week_operator.py
[2025-08-31T18:49:55.022+0000] {processor.py:914} INFO - Processing file /home/krishnaformeera/Sumitomo/datapipeline/venv/lib/python3.11/site-packages/airflow/example_dags/example_branch_day_of_week_operator.py for tasks to queue
[2025-08-31T18:49:55.024+0000] {logging_mixin.py:190} INFO - [2025-08-31T18:49:55.024+0000] {dagbag.py:588} INFO - Filling up the DagBag from /home/krishnaformeera/Sumitomo/datapipeline/venv/lib/python3.11/site-packages/airflow/example_dags/example_branch_day_of_week_operator.py
[2025-08-31T18:49:55.036+0000] {processor.py:925} INFO - DAG(s) 'example_weekday_branch_operator' retrieved from /home/krishnaformeera/Sumitomo/datapipeline/venv/lib/python3.11/site-packages/airflow/example_dags/example_branch_day_of_week_operator.py
[2025-08-31T18:49:55.055+0000] {logging_mixin.py:190} INFO - [2025-08-31T18:49:55.055+0000] {dag.py:3239} INFO - Sync 1 DAGs
[2025-08-31T18:49:55.081+0000] {logging_mixin.py:190} INFO - [2025-08-31T18:49:55.081+0000] {dag.py:4180} INFO - Setting next_dagrun for example_weekday_branch_operator to 2025-08-30 00:00:00+00:00, run_after=2025-08-31 00:00:00+00:00
[2025-08-31T18:49:55.109+0000] {processor.py:208} INFO - Processing /home/krishnaformeera/Sumitomo/datapipeline/venv/lib/python3.11/site-packages/airflow/example_dags/example_branch_day_of_week_operator.py took 0.096 seconds
[2025-08-31T18:51:13.270+0000] {processor.py:186} INFO - Started process (PID=8127) to work on /home/krishnaformeera/Sumitomo/datapipeline/venv/lib/python3.11/site-packages/airflow/example_dags/example_branch_day_of_week_operator.py
[2025-08-31T18:51:13.271+0000] {processor.py:914} INFO - Processing file /home/krishnaformeera/Sumitomo/datapipeline/venv/lib/python3.11/site-packages/airflow/example_dags/example_branch_day_of_week_operator.py for tasks to queue
[2025-08-31T18:51:13.273+0000] {logging_mixin.py:190} INFO - [2025-08-31T18:51:13.272+0000] {dagbag.py:588} INFO - Filling up the DagBag from /home/krishnaformeera/Sumitomo/datapipeline/venv/lib/python3.11/site-packages/airflow/example_dags/example_branch_day_of_week_operator.py
[2025-08-31T18:51:13.284+0000] {processor.py:925} INFO - DAG(s) 'example_weekday_branch_operator' retrieved from /home/krishnaformeera/Sumitomo/datapipeline/venv/lib/python3.11/site-packages/airflow/example_dags/example_branch_day_of_week_operator.py
[2025-08-31T18:51:13.301+0000] {logging_mixin.py:190} INFO - [2025-08-31T18:51:13.300+0000] {dag.py:3239} INFO - Sync 1 DAGs
[2025-08-31T18:51:13.320+0000] {logging_mixin.py:190} INFO - [2025-08-31T18:51:13.320+0000] {dag.py:4180} INFO - Setting next_dagrun for example_weekday_branch_operator to 2025-08-30 00:00:00+00:00, run_after=2025-08-31 00:00:00+00:00
[2025-08-31T18:51:13.341+0000] {processor.py:208} INFO - Processing /home/krishnaformeera/Sumitomo/datapipeline/venv/lib/python3.11/site-packages/airflow/example_dags/example_branch_day_of_week_operator.py took 0.080 seconds
[2025-08-31T18:52:26.578+0000] {processor.py:186} INFO - Started process (PID=8232) to work on /home/krishnaformeera/Sumitomo/datapipeline/venv/lib/python3.11/site-packages/airflow/example_dags/example_branch_day_of_week_operator.py
[2025-08-31T18:52:26.579+0000] {processor.py:914} INFO - Processing file /home/krishnaformeera/Sumitomo/datapipeline/venv/lib/python3.11/site-packages/airflow/example_dags/example_branch_day_of_week_operator.py for tasks to queue
[2025-08-31T18:52:26.581+0000] {logging_mixin.py:190} INFO - [2025-08-31T18:52:26.581+0000] {dagbag.py:588} INFO - Filling up the DagBag from /home/krishnaformeera/Sumitomo/datapipeline/venv/lib/python3.11/site-packages/airflow/example_dags/example_branch_day_of_week_operator.py
[2025-08-31T18:52:26.591+0000] {processor.py:925} INFO - DAG(s) 'example_weekday_branch_operator' retrieved from /home/krishnaformeera/Sumitomo/datapipeline/venv/lib/python3.11/site-packages/airflow/example_dags/example_branch_day_of_week_operator.py
[2025-08-31T18:52:26.607+0000] {logging_mixin.py:190} INFO - [2025-08-31T18:52:26.607+0000] {dag.py:3239} INFO - Sync 1 DAGs
[2025-08-31T18:52:26.628+0000] {logging_mixin.py:190} INFO - [2025-08-31T18:52:26.628+0000] {dag.py:4180} INFO - Setting next_dagrun for example_weekday_branch_operator to 2025-08-30 00:00:00+00:00, run_after=2025-08-31 00:00:00+00:00
[2025-08-31T18:52:26.650+0000] {processor.py:208} INFO - Processing /home/krishnaformeera/Sumitomo/datapipeline/venv/lib/python3.11/site-packages/airflow/example_dags/example_branch_day_of_week_operator.py took 0.078 seconds
[2025-08-31T18:53:40.618+0000] {processor.py:186} INFO - Started process (PID=8455) to work on /home/krishnaformeera/Sumitomo/datapipeline/venv/lib/python3.11/site-packages/airflow/example_dags/example_branch_day_of_week_operator.py
[2025-08-31T18:53:40.619+0000] {processor.py:914} INFO - Processing file /home/krishnaformeera/Sumitomo/datapipeline/venv/lib/python3.11/site-packages/airflow/example_dags/example_branch_day_of_week_operator.py for tasks to queue
[2025-08-31T18:53:40.621+0000] {logging_mixin.py:190} INFO - [2025-08-31T18:53:40.621+0000] {dagbag.py:588} INFO - Filling up the DagBag from /home/krishnaformeera/Sumitomo/datapipeline/venv/lib/python3.11/site-packages/airflow/example_dags/example_branch_day_of_week_operator.py
[2025-08-31T18:53:40.631+0000] {processor.py:925} INFO - DAG(s) 'example_weekday_branch_operator' retrieved from /home/krishnaformeera/Sumitomo/datapipeline/venv/lib/python3.11/site-packages/airflow/example_dags/example_branch_day_of_week_operator.py
[2025-08-31T18:53:40.647+0000] {logging_mixin.py:190} INFO - [2025-08-31T18:53:40.647+0000] {dag.py:3239} INFO - Sync 1 DAGs
[2025-08-31T18:53:40.667+0000] {logging_mixin.py:190} INFO - [2025-08-31T18:53:40.666+0000] {dag.py:4180} INFO - Setting next_dagrun for example_weekday_branch_operator to 2025-08-30 00:00:00+00:00, run_after=2025-08-31 00:00:00+00:00
[2025-08-31T18:53:40.725+0000] {processor.py:208} INFO - Processing /home/krishnaformeera/Sumitomo/datapipeline/venv/lib/python3.11/site-packages/airflow/example_dags/example_branch_day_of_week_operator.py took 0.114 seconds
[2025-08-31T18:54:55.550+0000] {processor.py:186} INFO - Started process (PID=8560) to work on /home/krishnaformeera/Sumitomo/datapipeline/venv/lib/python3.11/site-packages/airflow/example_dags/example_branch_day_of_week_operator.py
[2025-08-31T18:54:55.551+0000] {processor.py:914} INFO - Processing file /home/krishnaformeera/Sumitomo/datapipeline/venv/lib/python3.11/site-packages/airflow/example_dags/example_branch_day_of_week_operator.py for tasks to queue
[2025-08-31T18:54:55.554+0000] {logging_mixin.py:190} INFO - [2025-08-31T18:54:55.553+0000] {dagbag.py:588} INFO - Filling up the DagBag from /home/krishnaformeera/Sumitomo/datapipeline/venv/lib/python3.11/site-packages/airflow/example_dags/example_branch_day_of_week_operator.py
[2025-08-31T18:54:55.564+0000] {processor.py:925} INFO - DAG(s) 'example_weekday_branch_operator' retrieved from /home/krishnaformeera/Sumitomo/datapipeline/venv/lib/python3.11/site-packages/airflow/example_dags/example_branch_day_of_week_operator.py
[2025-08-31T18:54:55.581+0000] {logging_mixin.py:190} INFO - [2025-08-31T18:54:55.580+0000] {dag.py:3239} INFO - Sync 1 DAGs
[2025-08-31T18:54:55.600+0000] {logging_mixin.py:190} INFO - [2025-08-31T18:54:55.600+0000] {dag.py:4180} INFO - Setting next_dagrun for example_weekday_branch_operator to 2025-08-30 00:00:00+00:00, run_after=2025-08-31 00:00:00+00:00
[2025-08-31T18:54:55.622+0000] {processor.py:208} INFO - Processing /home/krishnaformeera/Sumitomo/datapipeline/venv/lib/python3.11/site-packages/airflow/example_dags/example_branch_day_of_week_operator.py took 0.078 seconds
[2025-08-31T18:56:14.927+0000] {processor.py:186} INFO - Started process (PID=8654) to work on /home/krishnaformeera/Sumitomo/datapipeline/venv/lib/python3.11/site-packages/airflow/example_dags/example_branch_day_of_week_operator.py
[2025-08-31T18:56:14.928+0000] {processor.py:914} INFO - Processing file /home/krishnaformeera/Sumitomo/datapipeline/venv/lib/python3.11/site-packages/airflow/example_dags/example_branch_day_of_week_operator.py for tasks to queue
[2025-08-31T18:56:14.931+0000] {logging_mixin.py:190} INFO - [2025-08-31T18:56:14.931+0000] {dagbag.py:588} INFO - Filling up the DagBag from /home/krishnaformeera/Sumitomo/datapipeline/venv/lib/python3.11/site-packages/airflow/example_dags/example_branch_day_of_week_operator.py
[2025-08-31T18:56:14.946+0000] {processor.py:925} INFO - DAG(s) 'example_weekday_branch_operator' retrieved from /home/krishnaformeera/Sumitomo/datapipeline/venv/lib/python3.11/site-packages/airflow/example_dags/example_branch_day_of_week_operator.py
[2025-08-31T18:56:14.964+0000] {logging_mixin.py:190} INFO - [2025-08-31T18:56:14.964+0000] {dag.py:3239} INFO - Sync 1 DAGs
[2025-08-31T18:56:14.986+0000] {logging_mixin.py:190} INFO - [2025-08-31T18:56:14.985+0000] {dag.py:4180} INFO - Setting next_dagrun for example_weekday_branch_operator to 2025-08-30 00:00:00+00:00, run_after=2025-08-31 00:00:00+00:00
[2025-08-31T18:56:15.008+0000] {processor.py:208} INFO - Processing /home/krishnaformeera/Sumitomo/datapipeline/venv/lib/python3.11/site-packages/airflow/example_dags/example_branch_day_of_week_operator.py took 0.091 seconds
[2025-08-31T18:57:36.148+0000] {processor.py:186} INFO - Started process (PID=8734) to work on /home/krishnaformeera/Sumitomo/datapipeline/venv/lib/python3.11/site-packages/airflow/example_dags/example_branch_day_of_week_operator.py
[2025-08-31T18:57:36.150+0000] {processor.py:914} INFO - Processing file /home/krishnaformeera/Sumitomo/datapipeline/venv/lib/python3.11/site-packages/airflow/example_dags/example_branch_day_of_week_operator.py for tasks to queue
[2025-08-31T18:57:36.155+0000] {logging_mixin.py:190} INFO - [2025-08-31T18:57:36.154+0000] {dagbag.py:588} INFO - Filling up the DagBag from /home/krishnaformeera/Sumitomo/datapipeline/venv/lib/python3.11/site-packages/airflow/example_dags/example_branch_day_of_week_operator.py
[2025-08-31T18:57:36.176+0000] {processor.py:925} INFO - DAG(s) 'example_weekday_branch_operator' retrieved from /home/krishnaformeera/Sumitomo/datapipeline/venv/lib/python3.11/site-packages/airflow/example_dags/example_branch_day_of_week_operator.py
[2025-08-31T18:57:36.207+0000] {logging_mixin.py:190} INFO - [2025-08-31T18:57:36.206+0000] {dag.py:3239} INFO - Sync 1 DAGs
[2025-08-31T18:57:36.237+0000] {logging_mixin.py:190} INFO - [2025-08-31T18:57:36.236+0000] {dag.py:4180} INFO - Setting next_dagrun for example_weekday_branch_operator to 2025-08-30 00:00:00+00:00, run_after=2025-08-31 00:00:00+00:00
[2025-08-31T18:57:36.266+0000] {processor.py:208} INFO - Processing /home/krishnaformeera/Sumitomo/datapipeline/venv/lib/python3.11/site-packages/airflow/example_dags/example_branch_day_of_week_operator.py took 0.131 seconds
[2025-08-31T18:58:53.968+0000] {processor.py:186} INFO - Started process (PID=8814) to work on /home/krishnaformeera/Sumitomo/datapipeline/venv/lib/python3.11/site-packages/airflow/example_dags/example_branch_day_of_week_operator.py
[2025-08-31T18:58:53.970+0000] {processor.py:914} INFO - Processing file /home/krishnaformeera/Sumitomo/datapipeline/venv/lib/python3.11/site-packages/airflow/example_dags/example_branch_day_of_week_operator.py for tasks to queue
[2025-08-31T18:58:53.972+0000] {logging_mixin.py:190} INFO - [2025-08-31T18:58:53.972+0000] {dagbag.py:588} INFO - Filling up the DagBag from /home/krishnaformeera/Sumitomo/datapipeline/venv/lib/python3.11/site-packages/airflow/example_dags/example_branch_day_of_week_operator.py
[2025-08-31T18:58:53.983+0000] {processor.py:925} INFO - DAG(s) 'example_weekday_branch_operator' retrieved from /home/krishnaformeera/Sumitomo/datapipeline/venv/lib/python3.11/site-packages/airflow/example_dags/example_branch_day_of_week_operator.py
[2025-08-31T18:58:54.002+0000] {logging_mixin.py:190} INFO - [2025-08-31T18:58:54.001+0000] {dag.py:3239} INFO - Sync 1 DAGs
[2025-08-31T18:58:54.024+0000] {logging_mixin.py:190} INFO - [2025-08-31T18:58:54.024+0000] {dag.py:4180} INFO - Setting next_dagrun for example_weekday_branch_operator to 2025-08-30 00:00:00+00:00, run_after=2025-08-31 00:00:00+00:00
[2025-08-31T18:58:54.047+0000] {processor.py:208} INFO - Processing /home/krishnaformeera/Sumitomo/datapipeline/venv/lib/python3.11/site-packages/airflow/example_dags/example_branch_day_of_week_operator.py took 0.086 seconds
