[2025-08-31T18:30:09.381+0000] {processor.py:186} INFO - Started process (PID=5096) to work on /home/krishnaformeera/Sumitomo/datapipeline/venv/lib/python3.11/site-packages/airflow/example_dags/example_task_group_decorator.py
[2025-08-31T18:30:09.382+0000] {processor.py:914} INFO - Processing file /home/krishnaformeera/Sumitomo/datapipeline/venv/lib/python3.11/site-packages/airflow/example_dags/example_task_group_decorator.py for tasks to queue
[2025-08-31T18:30:09.388+0000] {logging_mixin.py:190} INFO - [2025-08-31T18:30:09.383+0000] {dagbag.py:588} INFO - Filling up the DagBag from /home/krishnaformeera/Sumitomo/datapipeline/venv/lib/python3.11/site-packages/airflow/example_dags/example_task_group_decorator.py
[2025-08-31T18:30:09.402+0000] {processor.py:925} INFO - DAG(s) 'example_task_group_decorator' retrieved from /home/krishnaformeera/Sumitomo/datapipeline/venv/lib/python3.11/site-packages/airflow/example_dags/example_task_group_decorator.py
[2025-08-31T18:30:09.631+0000] {logging_mixin.py:190} INFO - [2025-08-31T18:30:09.629+0000] {override.py:1900} INFO - Created Permission View: can delete on DAG:example_task_group_decorator
[2025-08-31T18:30:09.648+0000] {logging_mixin.py:190} INFO - [2025-08-31T18:30:09.648+0000] {override.py:1900} INFO - Created Permission View: can read on DAG:example_task_group_decorator
[2025-08-31T18:30:09.683+0000] {logging_mixin.py:190} INFO - [2025-08-31T18:30:09.682+0000] {override.py:1900} INFO - Created Permission View: can edit on DAG:example_task_group_decorator
[2025-08-31T18:30:09.739+0000] {logging_mixin.py:190} INFO - [2025-08-31T18:30:09.737+0000] {override.py:1900} INFO - Created Permission View: can delete on DAG Run:example_task_group_decorator
[2025-08-31T18:30:09.760+0000] {logging_mixin.py:190} INFO - [2025-08-31T18:30:09.759+0000] {override.py:1900} INFO - Created Permission View: can read on DAG Run:example_task_group_decorator
[2025-08-31T18:30:09.798+0000] {logging_mixin.py:190} INFO - [2025-08-31T18:30:09.796+0000] {override.py:1900} INFO - Created Permission View: can create on DAG Run:example_task_group_decorator
[2025-08-31T18:30:09.812+0000] {logging_mixin.py:190} INFO - [2025-08-31T18:30:09.811+0000] {override.py:1900} INFO - Created Permission View: menu access on DAG Run:example_task_group_decorator
[2025-08-31T18:30:09.813+0000] {logging_mixin.py:190} INFO - [2025-08-31T18:30:09.813+0000] {dag.py:3239} INFO - Sync 1 DAGs
[2025-08-31T18:30:09.827+0000] {logging_mixin.py:190} INFO - [2025-08-31T18:30:09.827+0000] {dag.py:3262} INFO - Creating ORM DAG for example_task_group_decorator
[2025-08-31T18:30:09.828+0000] {logging_mixin.py:190} INFO - [2025-08-31T18:30:09.828+0000] {dag.py:4180} INFO - Setting next_dagrun for example_task_group_decorator to None, run_after=None
[2025-08-31T18:30:09.879+0000] {processor.py:208} INFO - Processing /home/krishnaformeera/Sumitomo/datapipeline/venv/lib/python3.11/site-packages/airflow/example_dags/example_task_group_decorator.py took 0.506 seconds
[2025-08-31T18:30:49.438+0000] {processor.py:186} INFO - Started process (PID=5215) to work on /home/krishnaformeera/Sumitomo/datapipeline/venv/lib/python3.11/site-packages/airflow/example_dags/example_task_group_decorator.py
[2025-08-31T18:30:49.439+0000] {processor.py:914} INFO - Processing file /home/krishnaformeera/Sumitomo/datapipeline/venv/lib/python3.11/site-packages/airflow/example_dags/example_task_group_decorator.py for tasks to queue
[2025-08-31T18:30:49.442+0000] {logging_mixin.py:190} INFO - [2025-08-31T18:30:49.442+0000] {dagbag.py:588} INFO - Filling up the DagBag from /home/krishnaformeera/Sumitomo/datapipeline/venv/lib/python3.11/site-packages/airflow/example_dags/example_task_group_decorator.py
[2025-08-31T18:30:49.457+0000] {processor.py:925} INFO - DAG(s) 'example_task_group_decorator' retrieved from /home/krishnaformeera/Sumitomo/datapipeline/venv/lib/python3.11/site-packages/airflow/example_dags/example_task_group_decorator.py
[2025-08-31T18:30:49.482+0000] {logging_mixin.py:190} INFO - [2025-08-31T18:30:49.481+0000] {dag.py:3239} INFO - Sync 1 DAGs
[2025-08-31T18:30:49.495+0000] {logging_mixin.py:190} INFO - [2025-08-31T18:30:49.494+0000] {dag.py:4180} INFO - Setting next_dagrun for example_task_group_decorator to None, run_after=None
[2025-08-31T18:30:49.516+0000] {processor.py:208} INFO - Processing /home/krishnaformeera/Sumitomo/datapipeline/venv/lib/python3.11/site-packages/airflow/example_dags/example_task_group_decorator.py took 0.083 seconds
[2025-08-31T18:31:52.662+0000] {processor.py:186} INFO - Started process (PID=5287) to work on /home/krishnaformeera/Sumitomo/datapipeline/venv/lib/python3.11/site-packages/airflow/example_dags/example_task_group_decorator.py
[2025-08-31T18:31:52.665+0000] {processor.py:914} INFO - Processing file /home/krishnaformeera/Sumitomo/datapipeline/venv/lib/python3.11/site-packages/airflow/example_dags/example_task_group_decorator.py for tasks to queue
[2025-08-31T18:31:52.668+0000] {logging_mixin.py:190} INFO - [2025-08-31T18:31:52.668+0000] {dagbag.py:588} INFO - Filling up the DagBag from /home/krishnaformeera/Sumitomo/datapipeline/venv/lib/python3.11/site-packages/airflow/example_dags/example_task_group_decorator.py
[2025-08-31T18:31:52.685+0000] {processor.py:925} INFO - DAG(s) 'example_task_group_decorator' retrieved from /home/krishnaformeera/Sumitomo/datapipeline/venv/lib/python3.11/site-packages/airflow/example_dags/example_task_group_decorator.py
[2025-08-31T18:31:52.707+0000] {logging_mixin.py:190} INFO - [2025-08-31T18:31:52.707+0000] {dag.py:3239} INFO - Sync 1 DAGs
[2025-08-31T18:31:52.721+0000] {logging_mixin.py:190} INFO - [2025-08-31T18:31:52.720+0000] {dag.py:4180} INFO - Setting next_dagrun for example_task_group_decorator to None, run_after=None
[2025-08-31T18:31:52.745+0000] {processor.py:208} INFO - Processing /home/krishnaformeera/Sumitomo/datapipeline/venv/lib/python3.11/site-packages/airflow/example_dags/example_task_group_decorator.py took 0.090 seconds
[2025-08-31T18:32:47.256+0000] {processor.py:186} INFO - Started process (PID=5344) to work on /home/krishnaformeera/Sumitomo/datapipeline/venv/lib/python3.11/site-packages/airflow/example_dags/example_task_group_decorator.py
[2025-08-31T18:32:47.257+0000] {processor.py:914} INFO - Processing file /home/krishnaformeera/Sumitomo/datapipeline/venv/lib/python3.11/site-packages/airflow/example_dags/example_task_group_decorator.py for tasks to queue
[2025-08-31T18:32:47.260+0000] {logging_mixin.py:190} INFO - [2025-08-31T18:32:47.260+0000] {dagbag.py:588} INFO - Filling up the DagBag from /home/krishnaformeera/Sumitomo/datapipeline/venv/lib/python3.11/site-packages/airflow/example_dags/example_task_group_decorator.py
[2025-08-31T18:32:47.277+0000] {processor.py:925} INFO - DAG(s) 'example_task_group_decorator' retrieved from /home/krishnaformeera/Sumitomo/datapipeline/venv/lib/python3.11/site-packages/airflow/example_dags/example_task_group_decorator.py
[2025-08-31T18:32:47.299+0000] {logging_mixin.py:190} INFO - [2025-08-31T18:32:47.299+0000] {dag.py:3239} INFO - Sync 1 DAGs
[2025-08-31T18:32:47.312+0000] {logging_mixin.py:190} INFO - [2025-08-31T18:32:47.311+0000] {dag.py:4180} INFO - Setting next_dagrun for example_task_group_decorator to None, run_after=None
[2025-08-31T18:32:47.337+0000] {processor.py:208} INFO - Processing /home/krishnaformeera/Sumitomo/datapipeline/venv/lib/python3.11/site-packages/airflow/example_dags/example_task_group_decorator.py took 0.088 seconds
[2025-08-31T18:33:37.298+0000] {processor.py:186} INFO - Started process (PID=5394) to work on /home/krishnaformeera/Sumitomo/datapipeline/venv/lib/python3.11/site-packages/airflow/example_dags/example_task_group_decorator.py
[2025-08-31T18:33:37.300+0000] {processor.py:914} INFO - Processing file /home/krishnaformeera/Sumitomo/datapipeline/venv/lib/python3.11/site-packages/airflow/example_dags/example_task_group_decorator.py for tasks to queue
[2025-08-31T18:33:37.304+0000] {logging_mixin.py:190} INFO - [2025-08-31T18:33:37.303+0000] {dagbag.py:588} INFO - Filling up the DagBag from /home/krishnaformeera/Sumitomo/datapipeline/venv/lib/python3.11/site-packages/airflow/example_dags/example_task_group_decorator.py
[2025-08-31T18:33:37.324+0000] {processor.py:925} INFO - DAG(s) 'example_task_group_decorator' retrieved from /home/krishnaformeera/Sumitomo/datapipeline/venv/lib/python3.11/site-packages/airflow/example_dags/example_task_group_decorator.py
[2025-08-31T18:33:37.447+0000] {logging_mixin.py:190} INFO - [2025-08-31T18:33:37.447+0000] {dag.py:3239} INFO - Sync 1 DAGs
[2025-08-31T18:33:37.456+0000] {logging_mixin.py:190} INFO - [2025-08-31T18:33:37.456+0000] {dag.py:4180} INFO - Setting next_dagrun for example_task_group_decorator to None, run_after=None
[2025-08-31T18:33:37.474+0000] {processor.py:208} INFO - Processing /home/krishnaformeera/Sumitomo/datapipeline/venv/lib/python3.11/site-packages/airflow/example_dags/example_task_group_decorator.py took 0.187 seconds
[2025-08-31T18:34:33.242+0000] {processor.py:186} INFO - Started process (PID=5450) to work on /home/krishnaformeera/Sumitomo/datapipeline/venv/lib/python3.11/site-packages/airflow/example_dags/example_task_group_decorator.py
[2025-08-31T18:34:33.243+0000] {processor.py:914} INFO - Processing file /home/krishnaformeera/Sumitomo/datapipeline/venv/lib/python3.11/site-packages/airflow/example_dags/example_task_group_decorator.py for tasks to queue
[2025-08-31T18:34:33.246+0000] {logging_mixin.py:190} INFO - [2025-08-31T18:34:33.246+0000] {dagbag.py:588} INFO - Filling up the DagBag from /home/krishnaformeera/Sumitomo/datapipeline/venv/lib/python3.11/site-packages/airflow/example_dags/example_task_group_decorator.py
[2025-08-31T18:34:33.264+0000] {processor.py:925} INFO - DAG(s) 'example_task_group_decorator' retrieved from /home/krishnaformeera/Sumitomo/datapipeline/venv/lib/python3.11/site-packages/airflow/example_dags/example_task_group_decorator.py
[2025-08-31T18:34:33.292+0000] {logging_mixin.py:190} INFO - [2025-08-31T18:34:33.291+0000] {dag.py:3239} INFO - Sync 1 DAGs
[2025-08-31T18:34:33.312+0000] {logging_mixin.py:190} INFO - [2025-08-31T18:34:33.311+0000] {dag.py:4180} INFO - Setting next_dagrun for example_task_group_decorator to None, run_after=None
[2025-08-31T18:34:33.340+0000] {processor.py:208} INFO - Processing /home/krishnaformeera/Sumitomo/datapipeline/venv/lib/python3.11/site-packages/airflow/example_dags/example_task_group_decorator.py took 0.109 seconds
[2025-08-31T18:35:23.873+0000] {processor.py:186} INFO - Started process (PID=5502) to work on /home/krishnaformeera/Sumitomo/datapipeline/venv/lib/python3.11/site-packages/airflow/example_dags/example_task_group_decorator.py
[2025-08-31T18:35:23.876+0000] {processor.py:914} INFO - Processing file /home/krishnaformeera/Sumitomo/datapipeline/venv/lib/python3.11/site-packages/airflow/example_dags/example_task_group_decorator.py for tasks to queue
[2025-08-31T18:35:23.878+0000] {logging_mixin.py:190} INFO - [2025-08-31T18:35:23.878+0000] {dagbag.py:588} INFO - Filling up the DagBag from /home/krishnaformeera/Sumitomo/datapipeline/venv/lib/python3.11/site-packages/airflow/example_dags/example_task_group_decorator.py
[2025-08-31T18:35:23.894+0000] {processor.py:925} INFO - DAG(s) 'example_task_group_decorator' retrieved from /home/krishnaformeera/Sumitomo/datapipeline/venv/lib/python3.11/site-packages/airflow/example_dags/example_task_group_decorator.py
[2025-08-31T18:35:23.913+0000] {logging_mixin.py:190} INFO - [2025-08-31T18:35:23.913+0000] {dag.py:3239} INFO - Sync 1 DAGs
[2025-08-31T18:35:23.925+0000] {logging_mixin.py:190} INFO - [2025-08-31T18:35:23.925+0000] {dag.py:4180} INFO - Setting next_dagrun for example_task_group_decorator to None, run_after=None
[2025-08-31T18:35:23.946+0000] {processor.py:208} INFO - Processing /home/krishnaformeera/Sumitomo/datapipeline/venv/lib/python3.11/site-packages/airflow/example_dags/example_task_group_decorator.py took 0.079 seconds
[2025-08-31T18:36:14.260+0000] {processor.py:186} INFO - Started process (PID=5580) to work on /home/krishnaformeera/Sumitomo/datapipeline/venv/lib/python3.11/site-packages/airflow/example_dags/example_task_group_decorator.py
[2025-08-31T18:36:14.261+0000] {processor.py:914} INFO - Processing file /home/krishnaformeera/Sumitomo/datapipeline/venv/lib/python3.11/site-packages/airflow/example_dags/example_task_group_decorator.py for tasks to queue
[2025-08-31T18:36:14.264+0000] {logging_mixin.py:190} INFO - [2025-08-31T18:36:14.264+0000] {dagbag.py:588} INFO - Filling up the DagBag from /home/krishnaformeera/Sumitomo/datapipeline/venv/lib/python3.11/site-packages/airflow/example_dags/example_task_group_decorator.py
[2025-08-31T18:36:14.281+0000] {processor.py:925} INFO - DAG(s) 'example_task_group_decorator' retrieved from /home/krishnaformeera/Sumitomo/datapipeline/venv/lib/python3.11/site-packages/airflow/example_dags/example_task_group_decorator.py
[2025-08-31T18:36:14.303+0000] {logging_mixin.py:190} INFO - [2025-08-31T18:36:14.302+0000] {dag.py:3239} INFO - Sync 1 DAGs
[2025-08-31T18:36:14.316+0000] {logging_mixin.py:190} INFO - [2025-08-31T18:36:14.315+0000] {dag.py:4180} INFO - Setting next_dagrun for example_task_group_decorator to None, run_after=None
[2025-08-31T18:36:14.338+0000] {processor.py:208} INFO - Processing /home/krishnaformeera/Sumitomo/datapipeline/venv/lib/python3.11/site-packages/airflow/example_dags/example_task_group_decorator.py took 0.086 seconds
[2025-08-31T18:37:05.986+0000] {processor.py:186} INFO - Started process (PID=5632) to work on /home/krishnaformeera/Sumitomo/datapipeline/venv/lib/python3.11/site-packages/airflow/example_dags/example_task_group_decorator.py
[2025-08-31T18:37:05.987+0000] {processor.py:914} INFO - Processing file /home/krishnaformeera/Sumitomo/datapipeline/venv/lib/python3.11/site-packages/airflow/example_dags/example_task_group_decorator.py for tasks to queue
[2025-08-31T18:37:05.990+0000] {logging_mixin.py:190} INFO - [2025-08-31T18:37:05.990+0000] {dagbag.py:588} INFO - Filling up the DagBag from /home/krishnaformeera/Sumitomo/datapipeline/venv/lib/python3.11/site-packages/airflow/example_dags/example_task_group_decorator.py
[2025-08-31T18:37:06.007+0000] {processor.py:925} INFO - DAG(s) 'example_task_group_decorator' retrieved from /home/krishnaformeera/Sumitomo/datapipeline/venv/lib/python3.11/site-packages/airflow/example_dags/example_task_group_decorator.py
[2025-08-31T18:37:06.029+0000] {logging_mixin.py:190} INFO - [2025-08-31T18:37:06.029+0000] {dag.py:3239} INFO - Sync 1 DAGs
[2025-08-31T18:37:06.042+0000] {logging_mixin.py:190} INFO - [2025-08-31T18:37:06.041+0000] {dag.py:4180} INFO - Setting next_dagrun for example_task_group_decorator to None, run_after=None
[2025-08-31T18:37:06.068+0000] {processor.py:208} INFO - Processing /home/krishnaformeera/Sumitomo/datapipeline/venv/lib/python3.11/site-packages/airflow/example_dags/example_task_group_decorator.py took 0.089 seconds
[2025-08-31T18:40:03.381+0000] {processor.py:186} INFO - Started process (PID=6053) to work on /home/krishnaformeera/Sumitomo/datapipeline/venv/lib/python3.11/site-packages/airflow/example_dags/example_task_group_decorator.py
[2025-08-31T18:40:03.383+0000] {processor.py:914} INFO - Processing file /home/krishnaformeera/Sumitomo/datapipeline/venv/lib/python3.11/site-packages/airflow/example_dags/example_task_group_decorator.py for tasks to queue
[2025-08-31T18:40:03.386+0000] {logging_mixin.py:190} INFO - [2025-08-31T18:40:03.385+0000] {dagbag.py:588} INFO - Filling up the DagBag from /home/krishnaformeera/Sumitomo/datapipeline/venv/lib/python3.11/site-packages/airflow/example_dags/example_task_group_decorator.py
[2025-08-31T18:40:03.401+0000] {processor.py:925} INFO - DAG(s) 'example_task_group_decorator' retrieved from /home/krishnaformeera/Sumitomo/datapipeline/venv/lib/python3.11/site-packages/airflow/example_dags/example_task_group_decorator.py
[2025-08-31T18:40:03.426+0000] {logging_mixin.py:190} INFO - [2025-08-31T18:40:03.426+0000] {dag.py:3239} INFO - Sync 1 DAGs
[2025-08-31T18:40:03.439+0000] {logging_mixin.py:190} INFO - [2025-08-31T18:40:03.439+0000] {dag.py:4180} INFO - Setting next_dagrun for example_task_group_decorator to None, run_after=None
[2025-08-31T18:40:03.463+0000] {processor.py:208} INFO - Processing /home/krishnaformeera/Sumitomo/datapipeline/venv/lib/python3.11/site-packages/airflow/example_dags/example_task_group_decorator.py took 0.089 seconds
[2025-08-31T18:40:58.085+0000] {processor.py:186} INFO - Started process (PID=6318) to work on /home/krishnaformeera/Sumitomo/datapipeline/venv/lib/python3.11/site-packages/airflow/example_dags/example_task_group_decorator.py
[2025-08-31T18:40:58.086+0000] {processor.py:914} INFO - Processing file /home/krishnaformeera/Sumitomo/datapipeline/venv/lib/python3.11/site-packages/airflow/example_dags/example_task_group_decorator.py for tasks to queue
[2025-08-31T18:40:58.088+0000] {logging_mixin.py:190} INFO - [2025-08-31T18:40:58.088+0000] {dagbag.py:588} INFO - Filling up the DagBag from /home/krishnaformeera/Sumitomo/datapipeline/venv/lib/python3.11/site-packages/airflow/example_dags/example_task_group_decorator.py
[2025-08-31T18:40:58.104+0000] {processor.py:925} INFO - DAG(s) 'example_task_group_decorator' retrieved from /home/krishnaformeera/Sumitomo/datapipeline/venv/lib/python3.11/site-packages/airflow/example_dags/example_task_group_decorator.py
[2025-08-31T18:40:58.125+0000] {logging_mixin.py:190} INFO - [2025-08-31T18:40:58.125+0000] {dag.py:3239} INFO - Sync 1 DAGs
[2025-08-31T18:40:58.138+0000] {logging_mixin.py:190} INFO - [2025-08-31T18:40:58.138+0000] {dag.py:4180} INFO - Setting next_dagrun for example_task_group_decorator to None, run_after=None
[2025-08-31T18:40:58.161+0000] {processor.py:208} INFO - Processing /home/krishnaformeera/Sumitomo/datapipeline/venv/lib/python3.11/site-packages/airflow/example_dags/example_task_group_decorator.py took 0.082 seconds
[2025-08-31T18:41:49.709+0000] {processor.py:186} INFO - Started process (PID=6482) to work on /home/krishnaformeera/Sumitomo/datapipeline/venv/lib/python3.11/site-packages/airflow/example_dags/example_task_group_decorator.py
[2025-08-31T18:41:49.711+0000] {processor.py:914} INFO - Processing file /home/krishnaformeera/Sumitomo/datapipeline/venv/lib/python3.11/site-packages/airflow/example_dags/example_task_group_decorator.py for tasks to queue
[2025-08-31T18:41:49.713+0000] {logging_mixin.py:190} INFO - [2025-08-31T18:41:49.713+0000] {dagbag.py:588} INFO - Filling up the DagBag from /home/krishnaformeera/Sumitomo/datapipeline/venv/lib/python3.11/site-packages/airflow/example_dags/example_task_group_decorator.py
[2025-08-31T18:41:49.730+0000] {processor.py:925} INFO - DAG(s) 'example_task_group_decorator' retrieved from /home/krishnaformeera/Sumitomo/datapipeline/venv/lib/python3.11/site-packages/airflow/example_dags/example_task_group_decorator.py
[2025-08-31T18:41:49.752+0000] {logging_mixin.py:190} INFO - [2025-08-31T18:41:49.752+0000] {dag.py:3239} INFO - Sync 1 DAGs
[2025-08-31T18:41:49.764+0000] {logging_mixin.py:190} INFO - [2025-08-31T18:41:49.764+0000] {dag.py:4180} INFO - Setting next_dagrun for example_task_group_decorator to None, run_after=None
[2025-08-31T18:41:49.790+0000] {processor.py:208} INFO - Processing /home/krishnaformeera/Sumitomo/datapipeline/venv/lib/python3.11/site-packages/airflow/example_dags/example_task_group_decorator.py took 0.087 seconds
[2025-08-31T18:42:43.926+0000] {processor.py:186} INFO - Started process (PID=6676) to work on /home/krishnaformeera/Sumitomo/datapipeline/venv/lib/python3.11/site-packages/airflow/example_dags/example_task_group_decorator.py
[2025-08-31T18:42:43.927+0000] {processor.py:914} INFO - Processing file /home/krishnaformeera/Sumitomo/datapipeline/venv/lib/python3.11/site-packages/airflow/example_dags/example_task_group_decorator.py for tasks to queue
[2025-08-31T18:42:43.929+0000] {logging_mixin.py:190} INFO - [2025-08-31T18:42:43.929+0000] {dagbag.py:588} INFO - Filling up the DagBag from /home/krishnaformeera/Sumitomo/datapipeline/venv/lib/python3.11/site-packages/airflow/example_dags/example_task_group_decorator.py
[2025-08-31T18:42:43.944+0000] {processor.py:925} INFO - DAG(s) 'example_task_group_decorator' retrieved from /home/krishnaformeera/Sumitomo/datapipeline/venv/lib/python3.11/site-packages/airflow/example_dags/example_task_group_decorator.py
[2025-08-31T18:42:44.069+0000] {logging_mixin.py:190} INFO - [2025-08-31T18:42:44.068+0000] {dag.py:3239} INFO - Sync 1 DAGs
[2025-08-31T18:42:44.080+0000] {logging_mixin.py:190} INFO - [2025-08-31T18:42:44.079+0000] {dag.py:4180} INFO - Setting next_dagrun for example_task_group_decorator to None, run_after=None
[2025-08-31T18:42:44.109+0000] {processor.py:208} INFO - Processing /home/krishnaformeera/Sumitomo/datapipeline/venv/lib/python3.11/site-packages/airflow/example_dags/example_task_group_decorator.py took 0.189 seconds
[2025-08-31T18:43:43.729+0000] {processor.py:186} INFO - Started process (PID=6923) to work on /home/krishnaformeera/Sumitomo/datapipeline/venv/lib/python3.11/site-packages/airflow/example_dags/example_task_group_decorator.py
[2025-08-31T18:43:43.730+0000] {processor.py:914} INFO - Processing file /home/krishnaformeera/Sumitomo/datapipeline/venv/lib/python3.11/site-packages/airflow/example_dags/example_task_group_decorator.py for tasks to queue
[2025-08-31T18:43:43.733+0000] {logging_mixin.py:190} INFO - [2025-08-31T18:43:43.733+0000] {dagbag.py:588} INFO - Filling up the DagBag from /home/krishnaformeera/Sumitomo/datapipeline/venv/lib/python3.11/site-packages/airflow/example_dags/example_task_group_decorator.py
[2025-08-31T18:43:43.751+0000] {processor.py:925} INFO - DAG(s) 'example_task_group_decorator' retrieved from /home/krishnaformeera/Sumitomo/datapipeline/venv/lib/python3.11/site-packages/airflow/example_dags/example_task_group_decorator.py
[2025-08-31T18:43:43.771+0000] {logging_mixin.py:190} INFO - [2025-08-31T18:43:43.771+0000] {dag.py:3239} INFO - Sync 1 DAGs
[2025-08-31T18:43:43.785+0000] {logging_mixin.py:190} INFO - [2025-08-31T18:43:43.784+0000] {dag.py:4180} INFO - Setting next_dagrun for example_task_group_decorator to None, run_after=None
[2025-08-31T18:43:43.810+0000] {processor.py:208} INFO - Processing /home/krishnaformeera/Sumitomo/datapipeline/venv/lib/python3.11/site-packages/airflow/example_dags/example_task_group_decorator.py took 0.089 seconds
[2025-08-31T18:44:34.348+0000] {processor.py:186} INFO - Started process (PID=7126) to work on /home/krishnaformeera/Sumitomo/datapipeline/venv/lib/python3.11/site-packages/airflow/example_dags/example_task_group_decorator.py
[2025-08-31T18:44:34.351+0000] {processor.py:914} INFO - Processing file /home/krishnaformeera/Sumitomo/datapipeline/venv/lib/python3.11/site-packages/airflow/example_dags/example_task_group_decorator.py for tasks to queue
[2025-08-31T18:44:34.354+0000] {logging_mixin.py:190} INFO - [2025-08-31T18:44:34.354+0000] {dagbag.py:588} INFO - Filling up the DagBag from /home/krishnaformeera/Sumitomo/datapipeline/venv/lib/python3.11/site-packages/airflow/example_dags/example_task_group_decorator.py
[2025-08-31T18:44:34.372+0000] {processor.py:925} INFO - DAG(s) 'example_task_group_decorator' retrieved from /home/krishnaformeera/Sumitomo/datapipeline/venv/lib/python3.11/site-packages/airflow/example_dags/example_task_group_decorator.py
[2025-08-31T18:44:34.392+0000] {logging_mixin.py:190} INFO - [2025-08-31T18:44:34.392+0000] {dag.py:3239} INFO - Sync 1 DAGs
[2025-08-31T18:44:34.406+0000] {logging_mixin.py:190} INFO - [2025-08-31T18:44:34.405+0000] {dag.py:4180} INFO - Setting next_dagrun for example_task_group_decorator to None, run_after=None
[2025-08-31T18:44:34.429+0000] {processor.py:208} INFO - Processing /home/krishnaformeera/Sumitomo/datapipeline/venv/lib/python3.11/site-packages/airflow/example_dags/example_task_group_decorator.py took 0.088 seconds
[2025-08-31T18:45:24.882+0000] {processor.py:186} INFO - Started process (PID=7380) to work on /home/krishnaformeera/Sumitomo/datapipeline/venv/lib/python3.11/site-packages/airflow/example_dags/example_task_group_decorator.py
[2025-08-31T18:45:24.884+0000] {processor.py:914} INFO - Processing file /home/krishnaformeera/Sumitomo/datapipeline/venv/lib/python3.11/site-packages/airflow/example_dags/example_task_group_decorator.py for tasks to queue
[2025-08-31T18:45:24.887+0000] {logging_mixin.py:190} INFO - [2025-08-31T18:45:24.886+0000] {dagbag.py:588} INFO - Filling up the DagBag from /home/krishnaformeera/Sumitomo/datapipeline/venv/lib/python3.11/site-packages/airflow/example_dags/example_task_group_decorator.py
[2025-08-31T18:45:24.906+0000] {processor.py:925} INFO - DAG(s) 'example_task_group_decorator' retrieved from /home/krishnaformeera/Sumitomo/datapipeline/venv/lib/python3.11/site-packages/airflow/example_dags/example_task_group_decorator.py
[2025-08-31T18:45:24.928+0000] {logging_mixin.py:190} INFO - [2025-08-31T18:45:24.928+0000] {dag.py:3239} INFO - Sync 1 DAGs
[2025-08-31T18:45:24.940+0000] {logging_mixin.py:190} INFO - [2025-08-31T18:45:24.940+0000] {dag.py:4180} INFO - Setting next_dagrun for example_task_group_decorator to None, run_after=None
[2025-08-31T18:45:24.964+0000] {processor.py:208} INFO - Processing /home/krishnaformeera/Sumitomo/datapipeline/venv/lib/python3.11/site-packages/airflow/example_dags/example_task_group_decorator.py took 0.090 seconds
[2025-08-31T18:46:17.368+0000] {processor.py:186} INFO - Started process (PID=7636) to work on /home/krishnaformeera/Sumitomo/datapipeline/venv/lib/python3.11/site-packages/airflow/example_dags/example_task_group_decorator.py
[2025-08-31T18:46:17.371+0000] {processor.py:914} INFO - Processing file /home/krishnaformeera/Sumitomo/datapipeline/venv/lib/python3.11/site-packages/airflow/example_dags/example_task_group_decorator.py for tasks to queue
[2025-08-31T18:46:17.375+0000] {logging_mixin.py:190} INFO - [2025-08-31T18:46:17.374+0000] {dagbag.py:588} INFO - Filling up the DagBag from /home/krishnaformeera/Sumitomo/datapipeline/venv/lib/python3.11/site-packages/airflow/example_dags/example_task_group_decorator.py
[2025-08-31T18:46:17.390+0000] {processor.py:925} INFO - DAG(s) 'example_task_group_decorator' retrieved from /home/krishnaformeera/Sumitomo/datapipeline/venv/lib/python3.11/site-packages/airflow/example_dags/example_task_group_decorator.py
[2025-08-31T18:46:17.409+0000] {logging_mixin.py:190} INFO - [2025-08-31T18:46:17.408+0000] {dag.py:3239} INFO - Sync 1 DAGs
[2025-08-31T18:46:17.421+0000] {logging_mixin.py:190} INFO - [2025-08-31T18:46:17.421+0000] {dag.py:4180} INFO - Setting next_dagrun for example_task_group_decorator to None, run_after=None
[2025-08-31T18:46:17.446+0000] {processor.py:208} INFO - Processing /home/krishnaformeera/Sumitomo/datapipeline/venv/lib/python3.11/site-packages/airflow/example_dags/example_task_group_decorator.py took 0.084 seconds
[2025-08-31T18:47:10.516+0000] {processor.py:186} INFO - Started process (PID=7776) to work on /home/krishnaformeera/Sumitomo/datapipeline/venv/lib/python3.11/site-packages/airflow/example_dags/example_task_group_decorator.py
[2025-08-31T18:47:10.517+0000] {processor.py:914} INFO - Processing file /home/krishnaformeera/Sumitomo/datapipeline/venv/lib/python3.11/site-packages/airflow/example_dags/example_task_group_decorator.py for tasks to queue
[2025-08-31T18:47:10.520+0000] {logging_mixin.py:190} INFO - [2025-08-31T18:47:10.520+0000] {dagbag.py:588} INFO - Filling up the DagBag from /home/krishnaformeera/Sumitomo/datapipeline/venv/lib/python3.11/site-packages/airflow/example_dags/example_task_group_decorator.py
[2025-08-31T18:47:10.536+0000] {processor.py:925} INFO - DAG(s) 'example_task_group_decorator' retrieved from /home/krishnaformeera/Sumitomo/datapipeline/venv/lib/python3.11/site-packages/airflow/example_dags/example_task_group_decorator.py
[2025-08-31T18:47:10.556+0000] {logging_mixin.py:190} INFO - [2025-08-31T18:47:10.556+0000] {dag.py:3239} INFO - Sync 1 DAGs
[2025-08-31T18:47:10.567+0000] {logging_mixin.py:190} INFO - [2025-08-31T18:47:10.567+0000] {dag.py:4180} INFO - Setting next_dagrun for example_task_group_decorator to None, run_after=None
[2025-08-31T18:47:10.588+0000] {processor.py:208} INFO - Processing /home/krishnaformeera/Sumitomo/datapipeline/venv/lib/python3.11/site-packages/airflow/example_dags/example_task_group_decorator.py took 0.078 seconds
[2025-08-31T18:48:00.084+0000] {processor.py:186} INFO - Started process (PID=7832) to work on /home/krishnaformeera/Sumitomo/datapipeline/venv/lib/python3.11/site-packages/airflow/example_dags/example_task_group_decorator.py
[2025-08-31T18:48:00.085+0000] {processor.py:914} INFO - Processing file /home/krishnaformeera/Sumitomo/datapipeline/venv/lib/python3.11/site-packages/airflow/example_dags/example_task_group_decorator.py for tasks to queue
[2025-08-31T18:48:00.088+0000] {logging_mixin.py:190} INFO - [2025-08-31T18:48:00.088+0000] {dagbag.py:588} INFO - Filling up the DagBag from /home/krishnaformeera/Sumitomo/datapipeline/venv/lib/python3.11/site-packages/airflow/example_dags/example_task_group_decorator.py
[2025-08-31T18:48:00.104+0000] {processor.py:925} INFO - DAG(s) 'example_task_group_decorator' retrieved from /home/krishnaformeera/Sumitomo/datapipeline/venv/lib/python3.11/site-packages/airflow/example_dags/example_task_group_decorator.py
[2025-08-31T18:48:00.123+0000] {logging_mixin.py:190} INFO - [2025-08-31T18:48:00.122+0000] {dag.py:3239} INFO - Sync 1 DAGs
[2025-08-31T18:48:00.134+0000] {logging_mixin.py:190} INFO - [2025-08-31T18:48:00.134+0000] {dag.py:4180} INFO - Setting next_dagrun for example_task_group_decorator to None, run_after=None
[2025-08-31T18:48:00.158+0000] {processor.py:208} INFO - Processing /home/krishnaformeera/Sumitomo/datapipeline/venv/lib/python3.11/site-packages/airflow/example_dags/example_task_group_decorator.py took 0.082 seconds
[2025-08-31T18:48:49.712+0000] {processor.py:186} INFO - Started process (PID=7887) to work on /home/krishnaformeera/Sumitomo/datapipeline/venv/lib/python3.11/site-packages/airflow/example_dags/example_task_group_decorator.py
[2025-08-31T18:48:49.713+0000] {processor.py:914} INFO - Processing file /home/krishnaformeera/Sumitomo/datapipeline/venv/lib/python3.11/site-packages/airflow/example_dags/example_task_group_decorator.py for tasks to queue
[2025-08-31T18:48:49.716+0000] {logging_mixin.py:190} INFO - [2025-08-31T18:48:49.716+0000] {dagbag.py:588} INFO - Filling up the DagBag from /home/krishnaformeera/Sumitomo/datapipeline/venv/lib/python3.11/site-packages/airflow/example_dags/example_task_group_decorator.py
[2025-08-31T18:48:49.731+0000] {processor.py:925} INFO - DAG(s) 'example_task_group_decorator' retrieved from /home/krishnaformeera/Sumitomo/datapipeline/venv/lib/python3.11/site-packages/airflow/example_dags/example_task_group_decorator.py
[2025-08-31T18:48:49.750+0000] {logging_mixin.py:190} INFO - [2025-08-31T18:48:49.750+0000] {dag.py:3239} INFO - Sync 1 DAGs
[2025-08-31T18:48:49.761+0000] {logging_mixin.py:190} INFO - [2025-08-31T18:48:49.761+0000] {dag.py:4180} INFO - Setting next_dagrun for example_task_group_decorator to None, run_after=None
[2025-08-31T18:48:49.783+0000] {processor.py:208} INFO - Processing /home/krishnaformeera/Sumitomo/datapipeline/venv/lib/python3.11/site-packages/airflow/example_dags/example_task_group_decorator.py took 0.078 seconds
[2025-08-31T18:49:41.042+0000] {processor.py:186} INFO - Started process (PID=7951) to work on /home/krishnaformeera/Sumitomo/datapipeline/venv/lib/python3.11/site-packages/airflow/example_dags/example_task_group_decorator.py
[2025-08-31T18:49:41.044+0000] {processor.py:914} INFO - Processing file /home/krishnaformeera/Sumitomo/datapipeline/venv/lib/python3.11/site-packages/airflow/example_dags/example_task_group_decorator.py for tasks to queue
[2025-08-31T18:49:41.048+0000] {logging_mixin.py:190} INFO - [2025-08-31T18:49:41.047+0000] {dagbag.py:588} INFO - Filling up the DagBag from /home/krishnaformeera/Sumitomo/datapipeline/venv/lib/python3.11/site-packages/airflow/example_dags/example_task_group_decorator.py
[2025-08-31T18:49:41.069+0000] {processor.py:925} INFO - DAG(s) 'example_task_group_decorator' retrieved from /home/krishnaformeera/Sumitomo/datapipeline/venv/lib/python3.11/site-packages/airflow/example_dags/example_task_group_decorator.py
[2025-08-31T18:49:41.092+0000] {logging_mixin.py:190} INFO - [2025-08-31T18:49:41.092+0000] {dag.py:3239} INFO - Sync 1 DAGs
[2025-08-31T18:49:41.106+0000] {logging_mixin.py:190} INFO - [2025-08-31T18:49:41.106+0000] {dag.py:4180} INFO - Setting next_dagrun for example_task_group_decorator to None, run_after=None
[2025-08-31T18:49:41.134+0000] {processor.py:208} INFO - Processing /home/krishnaformeera/Sumitomo/datapipeline/venv/lib/python3.11/site-packages/airflow/example_dags/example_task_group_decorator.py took 0.100 seconds
[2025-08-31T18:50:34.276+0000] {processor.py:186} INFO - Started process (PID=8064) to work on /home/krishnaformeera/Sumitomo/datapipeline/venv/lib/python3.11/site-packages/airflow/example_dags/example_task_group_decorator.py
[2025-08-31T18:50:34.277+0000] {processor.py:914} INFO - Processing file /home/krishnaformeera/Sumitomo/datapipeline/venv/lib/python3.11/site-packages/airflow/example_dags/example_task_group_decorator.py for tasks to queue
[2025-08-31T18:50:34.281+0000] {logging_mixin.py:190} INFO - [2025-08-31T18:50:34.280+0000] {dagbag.py:588} INFO - Filling up the DagBag from /home/krishnaformeera/Sumitomo/datapipeline/venv/lib/python3.11/site-packages/airflow/example_dags/example_task_group_decorator.py
[2025-08-31T18:50:34.300+0000] {processor.py:925} INFO - DAG(s) 'example_task_group_decorator' retrieved from /home/krishnaformeera/Sumitomo/datapipeline/venv/lib/python3.11/site-packages/airflow/example_dags/example_task_group_decorator.py
[2025-08-31T18:50:34.324+0000] {logging_mixin.py:190} INFO - [2025-08-31T18:50:34.324+0000] {dag.py:3239} INFO - Sync 1 DAGs
[2025-08-31T18:50:34.339+0000] {logging_mixin.py:190} INFO - [2025-08-31T18:50:34.339+0000] {dag.py:4180} INFO - Setting next_dagrun for example_task_group_decorator to None, run_after=None
[2025-08-31T18:50:34.362+0000] {processor.py:208} INFO - Processing /home/krishnaformeera/Sumitomo/datapipeline/venv/lib/python3.11/site-packages/airflow/example_dags/example_task_group_decorator.py took 0.096 seconds
[2025-08-31T18:51:25.960+0000] {processor.py:186} INFO - Started process (PID=8145) to work on /home/krishnaformeera/Sumitomo/datapipeline/venv/lib/python3.11/site-packages/airflow/example_dags/example_task_group_decorator.py
[2025-08-31T18:51:25.961+0000] {processor.py:914} INFO - Processing file /home/krishnaformeera/Sumitomo/datapipeline/venv/lib/python3.11/site-packages/airflow/example_dags/example_task_group_decorator.py for tasks to queue
[2025-08-31T18:51:25.964+0000] {logging_mixin.py:190} INFO - [2025-08-31T18:51:25.963+0000] {dagbag.py:588} INFO - Filling up the DagBag from /home/krishnaformeera/Sumitomo/datapipeline/venv/lib/python3.11/site-packages/airflow/example_dags/example_task_group_decorator.py
[2025-08-31T18:51:25.979+0000] {processor.py:925} INFO - DAG(s) 'example_task_group_decorator' retrieved from /home/krishnaformeera/Sumitomo/datapipeline/venv/lib/python3.11/site-packages/airflow/example_dags/example_task_group_decorator.py
[2025-08-31T18:51:25.998+0000] {logging_mixin.py:190} INFO - [2025-08-31T18:51:25.997+0000] {dag.py:3239} INFO - Sync 1 DAGs
[2025-08-31T18:51:26.009+0000] {logging_mixin.py:190} INFO - [2025-08-31T18:51:26.009+0000] {dag.py:4180} INFO - Setting next_dagrun for example_task_group_decorator to None, run_after=None
[2025-08-31T18:51:26.034+0000] {processor.py:208} INFO - Processing /home/krishnaformeera/Sumitomo/datapipeline/venv/lib/python3.11/site-packages/airflow/example_dags/example_task_group_decorator.py took 0.081 seconds
[2025-08-31T18:52:15.791+0000] {processor.py:186} INFO - Started process (PID=8218) to work on /home/krishnaformeera/Sumitomo/datapipeline/venv/lib/python3.11/site-packages/airflow/example_dags/example_task_group_decorator.py
[2025-08-31T18:52:15.793+0000] {processor.py:914} INFO - Processing file /home/krishnaformeera/Sumitomo/datapipeline/venv/lib/python3.11/site-packages/airflow/example_dags/example_task_group_decorator.py for tasks to queue
[2025-08-31T18:52:15.797+0000] {logging_mixin.py:190} INFO - [2025-08-31T18:52:15.796+0000] {dagbag.py:588} INFO - Filling up the DagBag from /home/krishnaformeera/Sumitomo/datapipeline/venv/lib/python3.11/site-packages/airflow/example_dags/example_task_group_decorator.py
[2025-08-31T18:52:15.819+0000] {processor.py:925} INFO - DAG(s) 'example_task_group_decorator' retrieved from /home/krishnaformeera/Sumitomo/datapipeline/venv/lib/python3.11/site-packages/airflow/example_dags/example_task_group_decorator.py
[2025-08-31T18:52:15.844+0000] {logging_mixin.py:190} INFO - [2025-08-31T18:52:15.844+0000] {dag.py:3239} INFO - Sync 1 DAGs
[2025-08-31T18:52:15.860+0000] {logging_mixin.py:190} INFO - [2025-08-31T18:52:15.859+0000] {dag.py:4180} INFO - Setting next_dagrun for example_task_group_decorator to None, run_after=None
[2025-08-31T18:52:15.885+0000] {processor.py:208} INFO - Processing /home/krishnaformeera/Sumitomo/datapipeline/venv/lib/python3.11/site-packages/airflow/example_dags/example_task_group_decorator.py took 0.104 seconds
[2025-08-31T18:53:03.716+0000] {processor.py:186} INFO - Started process (PID=8275) to work on /home/krishnaformeera/Sumitomo/datapipeline/venv/lib/python3.11/site-packages/airflow/example_dags/example_task_group_decorator.py
[2025-08-31T18:53:03.717+0000] {processor.py:914} INFO - Processing file /home/krishnaformeera/Sumitomo/datapipeline/venv/lib/python3.11/site-packages/airflow/example_dags/example_task_group_decorator.py for tasks to queue
[2025-08-31T18:53:03.721+0000] {logging_mixin.py:190} INFO - [2025-08-31T18:53:03.720+0000] {dagbag.py:588} INFO - Filling up the DagBag from /home/krishnaformeera/Sumitomo/datapipeline/venv/lib/python3.11/site-packages/airflow/example_dags/example_task_group_decorator.py
[2025-08-31T18:53:03.738+0000] {processor.py:925} INFO - DAG(s) 'example_task_group_decorator' retrieved from /home/krishnaformeera/Sumitomo/datapipeline/venv/lib/python3.11/site-packages/airflow/example_dags/example_task_group_decorator.py
[2025-08-31T18:53:03.758+0000] {logging_mixin.py:190} INFO - [2025-08-31T18:53:03.758+0000] {dag.py:3239} INFO - Sync 1 DAGs
[2025-08-31T18:53:03.769+0000] {logging_mixin.py:190} INFO - [2025-08-31T18:53:03.769+0000] {dag.py:4180} INFO - Setting next_dagrun for example_task_group_decorator to None, run_after=None
[2025-08-31T18:53:03.792+0000] {processor.py:208} INFO - Processing /home/krishnaformeera/Sumitomo/datapipeline/venv/lib/python3.11/site-packages/airflow/example_dags/example_task_group_decorator.py took 0.084 seconds
[2025-08-31T18:53:54.301+0000] {processor.py:186} INFO - Started process (PID=8469) to work on /home/krishnaformeera/Sumitomo/datapipeline/venv/lib/python3.11/site-packages/airflow/example_dags/example_task_group_decorator.py
[2025-08-31T18:53:54.302+0000] {processor.py:914} INFO - Processing file /home/krishnaformeera/Sumitomo/datapipeline/venv/lib/python3.11/site-packages/airflow/example_dags/example_task_group_decorator.py for tasks to queue
[2025-08-31T18:53:54.305+0000] {logging_mixin.py:190} INFO - [2025-08-31T18:53:54.304+0000] {dagbag.py:588} INFO - Filling up the DagBag from /home/krishnaformeera/Sumitomo/datapipeline/venv/lib/python3.11/site-packages/airflow/example_dags/example_task_group_decorator.py
[2025-08-31T18:53:54.320+0000] {processor.py:925} INFO - DAG(s) 'example_task_group_decorator' retrieved from /home/krishnaformeera/Sumitomo/datapipeline/venv/lib/python3.11/site-packages/airflow/example_dags/example_task_group_decorator.py
[2025-08-31T18:53:54.339+0000] {logging_mixin.py:190} INFO - [2025-08-31T18:53:54.338+0000] {dag.py:3239} INFO - Sync 1 DAGs
[2025-08-31T18:53:54.350+0000] {logging_mixin.py:190} INFO - [2025-08-31T18:53:54.350+0000] {dag.py:4180} INFO - Setting next_dagrun for example_task_group_decorator to None, run_after=None
[2025-08-31T18:53:54.371+0000] {processor.py:208} INFO - Processing /home/krishnaformeera/Sumitomo/datapipeline/venv/lib/python3.11/site-packages/airflow/example_dags/example_task_group_decorator.py took 0.077 seconds
[2025-08-31T18:54:41.742+0000] {processor.py:186} INFO - Started process (PID=8519) to work on /home/krishnaformeera/Sumitomo/datapipeline/venv/lib/python3.11/site-packages/airflow/example_dags/example_task_group_decorator.py
[2025-08-31T18:54:41.743+0000] {processor.py:914} INFO - Processing file /home/krishnaformeera/Sumitomo/datapipeline/venv/lib/python3.11/site-packages/airflow/example_dags/example_task_group_decorator.py for tasks to queue
[2025-08-31T18:54:41.745+0000] {logging_mixin.py:190} INFO - [2025-08-31T18:54:41.745+0000] {dagbag.py:588} INFO - Filling up the DagBag from /home/krishnaformeera/Sumitomo/datapipeline/venv/lib/python3.11/site-packages/airflow/example_dags/example_task_group_decorator.py
[2025-08-31T18:54:41.760+0000] {processor.py:925} INFO - DAG(s) 'example_task_group_decorator' retrieved from /home/krishnaformeera/Sumitomo/datapipeline/venv/lib/python3.11/site-packages/airflow/example_dags/example_task_group_decorator.py
[2025-08-31T18:54:41.779+0000] {logging_mixin.py:190} INFO - [2025-08-31T18:54:41.779+0000] {dag.py:3239} INFO - Sync 1 DAGs
[2025-08-31T18:54:41.791+0000] {logging_mixin.py:190} INFO - [2025-08-31T18:54:41.791+0000] {dag.py:4180} INFO - Setting next_dagrun for example_task_group_decorator to None, run_after=None
[2025-08-31T18:54:41.814+0000] {processor.py:208} INFO - Processing /home/krishnaformeera/Sumitomo/datapipeline/venv/lib/python3.11/site-packages/airflow/example_dags/example_task_group_decorator.py took 0.079 seconds
[2025-08-31T18:55:35.588+0000] {processor.py:186} INFO - Started process (PID=8599) to work on /home/krishnaformeera/Sumitomo/datapipeline/venv/lib/python3.11/site-packages/airflow/example_dags/example_task_group_decorator.py
[2025-08-31T18:55:35.591+0000] {processor.py:914} INFO - Processing file /home/krishnaformeera/Sumitomo/datapipeline/venv/lib/python3.11/site-packages/airflow/example_dags/example_task_group_decorator.py for tasks to queue
[2025-08-31T18:55:35.599+0000] {logging_mixin.py:190} INFO - [2025-08-31T18:55:35.598+0000] {dagbag.py:588} INFO - Filling up the DagBag from /home/krishnaformeera/Sumitomo/datapipeline/venv/lib/python3.11/site-packages/airflow/example_dags/example_task_group_decorator.py
[2025-08-31T18:55:35.651+0000] {processor.py:925} INFO - DAG(s) 'example_task_group_decorator' retrieved from /home/krishnaformeera/Sumitomo/datapipeline/venv/lib/python3.11/site-packages/airflow/example_dags/example_task_group_decorator.py
[2025-08-31T18:55:35.679+0000] {logging_mixin.py:190} INFO - [2025-08-31T18:55:35.679+0000] {dag.py:3239} INFO - Sync 1 DAGs
[2025-08-31T18:55:35.694+0000] {logging_mixin.py:190} INFO - [2025-08-31T18:55:35.694+0000] {dag.py:4180} INFO - Setting next_dagrun for example_task_group_decorator to None, run_after=None
[2025-08-31T18:55:35.723+0000] {processor.py:208} INFO - Processing /home/krishnaformeera/Sumitomo/datapipeline/venv/lib/python3.11/site-packages/airflow/example_dags/example_task_group_decorator.py took 0.144 seconds
[2025-08-31T18:56:29.391+0000] {processor.py:186} INFO - Started process (PID=8668) to work on /home/krishnaformeera/Sumitomo/datapipeline/venv/lib/python3.11/site-packages/airflow/example_dags/example_task_group_decorator.py
[2025-08-31T18:56:29.392+0000] {processor.py:914} INFO - Processing file /home/krishnaformeera/Sumitomo/datapipeline/venv/lib/python3.11/site-packages/airflow/example_dags/example_task_group_decorator.py for tasks to queue
[2025-08-31T18:56:29.396+0000] {logging_mixin.py:190} INFO - [2025-08-31T18:56:29.396+0000] {dagbag.py:588} INFO - Filling up the DagBag from /home/krishnaformeera/Sumitomo/datapipeline/venv/lib/python3.11/site-packages/airflow/example_dags/example_task_group_decorator.py
[2025-08-31T18:56:29.417+0000] {processor.py:925} INFO - DAG(s) 'example_task_group_decorator' retrieved from /home/krishnaformeera/Sumitomo/datapipeline/venv/lib/python3.11/site-packages/airflow/example_dags/example_task_group_decorator.py
[2025-08-31T18:56:29.442+0000] {logging_mixin.py:190} INFO - [2025-08-31T18:56:29.441+0000] {dag.py:3239} INFO - Sync 1 DAGs
[2025-08-31T18:56:29.456+0000] {logging_mixin.py:190} INFO - [2025-08-31T18:56:29.456+0000] {dag.py:4180} INFO - Setting next_dagrun for example_task_group_decorator to None, run_after=None
[2025-08-31T18:56:29.490+0000] {processor.py:208} INFO - Processing /home/krishnaformeera/Sumitomo/datapipeline/venv/lib/python3.11/site-packages/airflow/example_dags/example_task_group_decorator.py took 0.108 seconds
[2025-08-31T18:57:22.026+0000] {processor.py:186} INFO - Started process (PID=8721) to work on /home/krishnaformeera/Sumitomo/datapipeline/venv/lib/python3.11/site-packages/airflow/example_dags/example_task_group_decorator.py
[2025-08-31T18:57:22.027+0000] {processor.py:914} INFO - Processing file /home/krishnaformeera/Sumitomo/datapipeline/venv/lib/python3.11/site-packages/airflow/example_dags/example_task_group_decorator.py for tasks to queue
[2025-08-31T18:57:22.030+0000] {logging_mixin.py:190} INFO - [2025-08-31T18:57:22.030+0000] {dagbag.py:588} INFO - Filling up the DagBag from /home/krishnaformeera/Sumitomo/datapipeline/venv/lib/python3.11/site-packages/airflow/example_dags/example_task_group_decorator.py
[2025-08-31T18:57:22.045+0000] {processor.py:925} INFO - DAG(s) 'example_task_group_decorator' retrieved from /home/krishnaformeera/Sumitomo/datapipeline/venv/lib/python3.11/site-packages/airflow/example_dags/example_task_group_decorator.py
[2025-08-31T18:57:22.065+0000] {logging_mixin.py:190} INFO - [2025-08-31T18:57:22.065+0000] {dag.py:3239} INFO - Sync 1 DAGs
[2025-08-31T18:57:22.077+0000] {logging_mixin.py:190} INFO - [2025-08-31T18:57:22.077+0000] {dag.py:4180} INFO - Setting next_dagrun for example_task_group_decorator to None, run_after=None
[2025-08-31T18:57:22.099+0000] {processor.py:208} INFO - Processing /home/krishnaformeera/Sumitomo/datapipeline/venv/lib/python3.11/site-packages/airflow/example_dags/example_task_group_decorator.py took 0.079 seconds
[2025-08-31T18:58:14.921+0000] {processor.py:186} INFO - Started process (PID=8775) to work on /home/krishnaformeera/Sumitomo/datapipeline/venv/lib/python3.11/site-packages/airflow/example_dags/example_task_group_decorator.py
[2025-08-31T18:58:14.922+0000] {processor.py:914} INFO - Processing file /home/krishnaformeera/Sumitomo/datapipeline/venv/lib/python3.11/site-packages/airflow/example_dags/example_task_group_decorator.py for tasks to queue
[2025-08-31T18:58:14.925+0000] {logging_mixin.py:190} INFO - [2025-08-31T18:58:14.924+0000] {dagbag.py:588} INFO - Filling up the DagBag from /home/krishnaformeera/Sumitomo/datapipeline/venv/lib/python3.11/site-packages/airflow/example_dags/example_task_group_decorator.py
[2025-08-31T18:58:14.940+0000] {processor.py:925} INFO - DAG(s) 'example_task_group_decorator' retrieved from /home/krishnaformeera/Sumitomo/datapipeline/venv/lib/python3.11/site-packages/airflow/example_dags/example_task_group_decorator.py
[2025-08-31T18:58:14.958+0000] {logging_mixin.py:190} INFO - [2025-08-31T18:58:14.958+0000] {dag.py:3239} INFO - Sync 1 DAGs
[2025-08-31T18:58:14.970+0000] {logging_mixin.py:190} INFO - [2025-08-31T18:58:14.970+0000] {dag.py:4180} INFO - Setting next_dagrun for example_task_group_decorator to None, run_after=None
[2025-08-31T18:58:14.992+0000] {processor.py:208} INFO - Processing /home/krishnaformeera/Sumitomo/datapipeline/venv/lib/python3.11/site-packages/airflow/example_dags/example_task_group_decorator.py took 0.078 seconds
[2025-08-31T18:59:07.455+0000] {processor.py:186} INFO - Started process (PID=8828) to work on /home/krishnaformeera/Sumitomo/datapipeline/venv/lib/python3.11/site-packages/airflow/example_dags/example_task_group_decorator.py
[2025-08-31T18:59:07.457+0000] {processor.py:914} INFO - Processing file /home/krishnaformeera/Sumitomo/datapipeline/venv/lib/python3.11/site-packages/airflow/example_dags/example_task_group_decorator.py for tasks to queue
[2025-08-31T18:59:07.460+0000] {logging_mixin.py:190} INFO - [2025-08-31T18:59:07.459+0000] {dagbag.py:588} INFO - Filling up the DagBag from /home/krishnaformeera/Sumitomo/datapipeline/venv/lib/python3.11/site-packages/airflow/example_dags/example_task_group_decorator.py
[2025-08-31T18:59:07.475+0000] {processor.py:925} INFO - DAG(s) 'example_task_group_decorator' retrieved from /home/krishnaformeera/Sumitomo/datapipeline/venv/lib/python3.11/site-packages/airflow/example_dags/example_task_group_decorator.py
[2025-08-31T18:59:07.493+0000] {logging_mixin.py:190} INFO - [2025-08-31T18:59:07.493+0000] {dag.py:3239} INFO - Sync 1 DAGs
[2025-08-31T18:59:07.504+0000] {logging_mixin.py:190} INFO - [2025-08-31T18:59:07.504+0000] {dag.py:4180} INFO - Setting next_dagrun for example_task_group_decorator to None, run_after=None
[2025-08-31T18:59:07.526+0000] {processor.py:208} INFO - Processing /home/krishnaformeera/Sumitomo/datapipeline/venv/lib/python3.11/site-packages/airflow/example_dags/example_task_group_decorator.py took 0.077 seconds
