[2025-08-31T18:30:01.607+0000] {processor.py:186} INFO - Started process (PID=5081) to work on /home/krishnaformeera/Sumitomo/datapipeline/venv/lib/python3.11/site-packages/airflow/example_dags/tutorial_objectstorage.py
[2025-08-31T18:30:01.607+0000] {processor.py:914} INFO - Processing file /home/krishnaformeera/Sumitomo/datapipeline/venv/lib/python3.11/site-packages/airflow/example_dags/tutorial_objectstorage.py for tasks to queue
[2025-08-31T18:30:01.609+0000] {logging_mixin.py:190} INFO - [2025-08-31T18:30:01.608+0000] {dagbag.py:588} INFO - Filling up the DagBag from /home/krishnaformeera/Sumitomo/datapipeline/venv/lib/python3.11/site-packages/airflow/example_dags/tutorial_objectstorage.py
[2025-08-31T18:30:01.621+0000] {processor.py:925} INFO - DAG(s) 'tutorial_objectstorage' retrieved from /home/krishnaformeera/Sumitomo/datapipeline/venv/lib/python3.11/site-packages/airflow/example_dags/tutorial_objectstorage.py
[2025-08-31T18:30:01.815+0000] {logging_mixin.py:190} INFO - [2025-08-31T18:30:01.814+0000] {override.py:1900} INFO - Created Permission View: can delete on DAG:tutorial_objectstorage
[2025-08-31T18:30:01.827+0000] {logging_mixin.py:190} INFO - [2025-08-31T18:30:01.827+0000] {override.py:1900} INFO - Created Permission View: can read on DAG:tutorial_objectstorage
[2025-08-31T18:30:01.836+0000] {logging_mixin.py:190} INFO - [2025-08-31T18:30:01.836+0000] {override.py:1900} INFO - Created Permission View: can edit on DAG:tutorial_objectstorage
[2025-08-31T18:30:01.851+0000] {logging_mixin.py:190} INFO - [2025-08-31T18:30:01.851+0000] {override.py:1900} INFO - Created Permission View: can delete on DAG Run:tutorial_objectstorage
[2025-08-31T18:30:01.860+0000] {logging_mixin.py:190} INFO - [2025-08-31T18:30:01.859+0000] {override.py:1900} INFO - Created Permission View: can read on DAG Run:tutorial_objectstorage
[2025-08-31T18:30:01.869+0000] {logging_mixin.py:190} INFO - [2025-08-31T18:30:01.868+0000] {override.py:1900} INFO - Created Permission View: can create on DAG Run:tutorial_objectstorage
[2025-08-31T18:30:01.878+0000] {logging_mixin.py:190} INFO - [2025-08-31T18:30:01.878+0000] {override.py:1900} INFO - Created Permission View: menu access on DAG Run:tutorial_objectstorage
[2025-08-31T18:30:01.878+0000] {logging_mixin.py:190} INFO - [2025-08-31T18:30:01.878+0000] {dag.py:3239} INFO - Sync 1 DAGs
[2025-08-31T18:30:01.888+0000] {logging_mixin.py:190} INFO - [2025-08-31T18:30:01.888+0000] {dag.py:3262} INFO - Creating ORM DAG for tutorial_objectstorage
[2025-08-31T18:30:01.889+0000] {logging_mixin.py:190} INFO - [2025-08-31T18:30:01.889+0000] {dag.py:4180} INFO - Setting next_dagrun for tutorial_objectstorage to None, run_after=None
[2025-08-31T18:30:01.905+0000] {processor.py:208} INFO - Processing /home/krishnaformeera/Sumitomo/datapipeline/venv/lib/python3.11/site-packages/airflow/example_dags/tutorial_objectstorage.py took 0.304 seconds
[2025-08-31T18:30:44.295+0000] {processor.py:186} INFO - Started process (PID=5209) to work on /home/krishnaformeera/Sumitomo/datapipeline/venv/lib/python3.11/site-packages/airflow/example_dags/tutorial_objectstorage.py
[2025-08-31T18:30:44.296+0000] {processor.py:914} INFO - Processing file /home/krishnaformeera/Sumitomo/datapipeline/venv/lib/python3.11/site-packages/airflow/example_dags/tutorial_objectstorage.py for tasks to queue
[2025-08-31T18:30:44.298+0000] {logging_mixin.py:190} INFO - [2025-08-31T18:30:44.298+0000] {dagbag.py:588} INFO - Filling up the DagBag from /home/krishnaformeera/Sumitomo/datapipeline/venv/lib/python3.11/site-packages/airflow/example_dags/tutorial_objectstorage.py
[2025-08-31T18:30:44.308+0000] {processor.py:925} INFO - DAG(s) 'tutorial_objectstorage' retrieved from /home/krishnaformeera/Sumitomo/datapipeline/venv/lib/python3.11/site-packages/airflow/example_dags/tutorial_objectstorage.py
[2025-08-31T18:30:44.328+0000] {logging_mixin.py:190} INFO - [2025-08-31T18:30:44.328+0000] {dag.py:3239} INFO - Sync 1 DAGs
[2025-08-31T18:30:44.341+0000] {logging_mixin.py:190} INFO - [2025-08-31T18:30:44.341+0000] {dag.py:4180} INFO - Setting next_dagrun for tutorial_objectstorage to None, run_after=None
[2025-08-31T18:30:44.363+0000] {processor.py:208} INFO - Processing /home/krishnaformeera/Sumitomo/datapipeline/venv/lib/python3.11/site-packages/airflow/example_dags/tutorial_objectstorage.py took 0.074 seconds
[2025-08-31T18:31:46.360+0000] {processor.py:186} INFO - Started process (PID=5281) to work on /home/krishnaformeera/Sumitomo/datapipeline/venv/lib/python3.11/site-packages/airflow/example_dags/tutorial_objectstorage.py
[2025-08-31T18:31:46.361+0000] {processor.py:914} INFO - Processing file /home/krishnaformeera/Sumitomo/datapipeline/venv/lib/python3.11/site-packages/airflow/example_dags/tutorial_objectstorage.py for tasks to queue
[2025-08-31T18:31:46.363+0000] {logging_mixin.py:190} INFO - [2025-08-31T18:31:46.363+0000] {dagbag.py:588} INFO - Filling up the DagBag from /home/krishnaformeera/Sumitomo/datapipeline/venv/lib/python3.11/site-packages/airflow/example_dags/tutorial_objectstorage.py
[2025-08-31T18:31:46.375+0000] {processor.py:925} INFO - DAG(s) 'tutorial_objectstorage' retrieved from /home/krishnaformeera/Sumitomo/datapipeline/venv/lib/python3.11/site-packages/airflow/example_dags/tutorial_objectstorage.py
[2025-08-31T18:31:46.393+0000] {logging_mixin.py:190} INFO - [2025-08-31T18:31:46.393+0000] {dag.py:3239} INFO - Sync 1 DAGs
[2025-08-31T18:31:46.406+0000] {logging_mixin.py:190} INFO - [2025-08-31T18:31:46.406+0000] {dag.py:4180} INFO - Setting next_dagrun for tutorial_objectstorage to None, run_after=None
[2025-08-31T18:31:46.434+0000] {processor.py:208} INFO - Processing /home/krishnaformeera/Sumitomo/datapipeline/venv/lib/python3.11/site-packages/airflow/example_dags/tutorial_objectstorage.py took 0.081 seconds
[2025-08-31T18:32:41.196+0000] {processor.py:186} INFO - Started process (PID=5338) to work on /home/krishnaformeera/Sumitomo/datapipeline/venv/lib/python3.11/site-packages/airflow/example_dags/tutorial_objectstorage.py
[2025-08-31T18:32:41.197+0000] {processor.py:914} INFO - Processing file /home/krishnaformeera/Sumitomo/datapipeline/venv/lib/python3.11/site-packages/airflow/example_dags/tutorial_objectstorage.py for tasks to queue
[2025-08-31T18:32:41.199+0000] {logging_mixin.py:190} INFO - [2025-08-31T18:32:41.199+0000] {dagbag.py:588} INFO - Filling up the DagBag from /home/krishnaformeera/Sumitomo/datapipeline/venv/lib/python3.11/site-packages/airflow/example_dags/tutorial_objectstorage.py
[2025-08-31T18:32:41.208+0000] {processor.py:925} INFO - DAG(s) 'tutorial_objectstorage' retrieved from /home/krishnaformeera/Sumitomo/datapipeline/venv/lib/python3.11/site-packages/airflow/example_dags/tutorial_objectstorage.py
[2025-08-31T18:32:41.222+0000] {logging_mixin.py:190} INFO - [2025-08-31T18:32:41.222+0000] {dag.py:3239} INFO - Sync 1 DAGs
[2025-08-31T18:32:41.235+0000] {logging_mixin.py:190} INFO - [2025-08-31T18:32:41.234+0000] {dag.py:4180} INFO - Setting next_dagrun for tutorial_objectstorage to None, run_after=None
[2025-08-31T18:32:41.260+0000] {processor.py:208} INFO - Processing /home/krishnaformeera/Sumitomo/datapipeline/venv/lib/python3.11/site-packages/airflow/example_dags/tutorial_objectstorage.py took 0.070 seconds
[2025-08-31T18:33:30.995+0000] {processor.py:186} INFO - Started process (PID=5388) to work on /home/krishnaformeera/Sumitomo/datapipeline/venv/lib/python3.11/site-packages/airflow/example_dags/tutorial_objectstorage.py
[2025-08-31T18:33:30.996+0000] {processor.py:914} INFO - Processing file /home/krishnaformeera/Sumitomo/datapipeline/venv/lib/python3.11/site-packages/airflow/example_dags/tutorial_objectstorage.py for tasks to queue
[2025-08-31T18:33:30.998+0000] {logging_mixin.py:190} INFO - [2025-08-31T18:33:30.998+0000] {dagbag.py:588} INFO - Filling up the DagBag from /home/krishnaformeera/Sumitomo/datapipeline/venv/lib/python3.11/site-packages/airflow/example_dags/tutorial_objectstorage.py
[2025-08-31T18:33:31.007+0000] {processor.py:925} INFO - DAG(s) 'tutorial_objectstorage' retrieved from /home/krishnaformeera/Sumitomo/datapipeline/venv/lib/python3.11/site-packages/airflow/example_dags/tutorial_objectstorage.py
[2025-08-31T18:33:31.111+0000] {logging_mixin.py:190} INFO - [2025-08-31T18:33:31.111+0000] {dag.py:3239} INFO - Sync 1 DAGs
[2025-08-31T18:33:31.120+0000] {logging_mixin.py:190} INFO - [2025-08-31T18:33:31.120+0000] {dag.py:4180} INFO - Setting next_dagrun for tutorial_objectstorage to None, run_after=None
[2025-08-31T18:33:31.139+0000] {processor.py:208} INFO - Processing /home/krishnaformeera/Sumitomo/datapipeline/venv/lib/python3.11/site-packages/airflow/example_dags/tutorial_objectstorage.py took 0.150 seconds
[2025-08-31T18:34:27.191+0000] {processor.py:186} INFO - Started process (PID=5444) to work on /home/krishnaformeera/Sumitomo/datapipeline/venv/lib/python3.11/site-packages/airflow/example_dags/tutorial_objectstorage.py
[2025-08-31T18:34:27.192+0000] {processor.py:914} INFO - Processing file /home/krishnaformeera/Sumitomo/datapipeline/venv/lib/python3.11/site-packages/airflow/example_dags/tutorial_objectstorage.py for tasks to queue
[2025-08-31T18:34:27.194+0000] {logging_mixin.py:190} INFO - [2025-08-31T18:34:27.194+0000] {dagbag.py:588} INFO - Filling up the DagBag from /home/krishnaformeera/Sumitomo/datapipeline/venv/lib/python3.11/site-packages/airflow/example_dags/tutorial_objectstorage.py
[2025-08-31T18:34:27.204+0000] {processor.py:925} INFO - DAG(s) 'tutorial_objectstorage' retrieved from /home/krishnaformeera/Sumitomo/datapipeline/venv/lib/python3.11/site-packages/airflow/example_dags/tutorial_objectstorage.py
[2025-08-31T18:34:27.219+0000] {logging_mixin.py:190} INFO - [2025-08-31T18:34:27.219+0000] {dag.py:3239} INFO - Sync 1 DAGs
[2025-08-31T18:34:27.232+0000] {logging_mixin.py:190} INFO - [2025-08-31T18:34:27.231+0000] {dag.py:4180} INFO - Setting next_dagrun for tutorial_objectstorage to None, run_after=None
[2025-08-31T18:34:27.253+0000] {processor.py:208} INFO - Processing /home/krishnaformeera/Sumitomo/datapipeline/venv/lib/python3.11/site-packages/airflow/example_dags/tutorial_objectstorage.py took 0.069 seconds
[2025-08-31T18:35:17.564+0000] {processor.py:186} INFO - Started process (PID=5496) to work on /home/krishnaformeera/Sumitomo/datapipeline/venv/lib/python3.11/site-packages/airflow/example_dags/tutorial_objectstorage.py
[2025-08-31T18:35:17.565+0000] {processor.py:914} INFO - Processing file /home/krishnaformeera/Sumitomo/datapipeline/venv/lib/python3.11/site-packages/airflow/example_dags/tutorial_objectstorage.py for tasks to queue
[2025-08-31T18:35:17.567+0000] {logging_mixin.py:190} INFO - [2025-08-31T18:35:17.567+0000] {dagbag.py:588} INFO - Filling up the DagBag from /home/krishnaformeera/Sumitomo/datapipeline/venv/lib/python3.11/site-packages/airflow/example_dags/tutorial_objectstorage.py
[2025-08-31T18:35:17.579+0000] {processor.py:925} INFO - DAG(s) 'tutorial_objectstorage' retrieved from /home/krishnaformeera/Sumitomo/datapipeline/venv/lib/python3.11/site-packages/airflow/example_dags/tutorial_objectstorage.py
[2025-08-31T18:35:17.597+0000] {logging_mixin.py:190} INFO - [2025-08-31T18:35:17.597+0000] {dag.py:3239} INFO - Sync 1 DAGs
[2025-08-31T18:35:17.611+0000] {logging_mixin.py:190} INFO - [2025-08-31T18:35:17.611+0000] {dag.py:4180} INFO - Setting next_dagrun for tutorial_objectstorage to None, run_after=None
[2025-08-31T18:35:17.632+0000] {processor.py:208} INFO - Processing /home/krishnaformeera/Sumitomo/datapipeline/venv/lib/python3.11/site-packages/airflow/example_dags/tutorial_objectstorage.py took 0.075 seconds
[2025-08-31T18:36:08.551+0000] {processor.py:186} INFO - Started process (PID=5559) to work on /home/krishnaformeera/Sumitomo/datapipeline/venv/lib/python3.11/site-packages/airflow/example_dags/tutorial_objectstorage.py
[2025-08-31T18:36:08.552+0000] {processor.py:914} INFO - Processing file /home/krishnaformeera/Sumitomo/datapipeline/venv/lib/python3.11/site-packages/airflow/example_dags/tutorial_objectstorage.py for tasks to queue
[2025-08-31T18:36:08.555+0000] {logging_mixin.py:190} INFO - [2025-08-31T18:36:08.554+0000] {dagbag.py:588} INFO - Filling up the DagBag from /home/krishnaformeera/Sumitomo/datapipeline/venv/lib/python3.11/site-packages/airflow/example_dags/tutorial_objectstorage.py
[2025-08-31T18:36:08.566+0000] {processor.py:925} INFO - DAG(s) 'tutorial_objectstorage' retrieved from /home/krishnaformeera/Sumitomo/datapipeline/venv/lib/python3.11/site-packages/airflow/example_dags/tutorial_objectstorage.py
[2025-08-31T18:36:08.585+0000] {logging_mixin.py:190} INFO - [2025-08-31T18:36:08.584+0000] {dag.py:3239} INFO - Sync 1 DAGs
[2025-08-31T18:36:08.598+0000] {logging_mixin.py:190} INFO - [2025-08-31T18:36:08.598+0000] {dag.py:4180} INFO - Setting next_dagrun for tutorial_objectstorage to None, run_after=None
[2025-08-31T18:36:08.625+0000] {processor.py:208} INFO - Processing /home/krishnaformeera/Sumitomo/datapipeline/venv/lib/python3.11/site-packages/airflow/example_dags/tutorial_objectstorage.py took 0.082 seconds
[2025-08-31T18:36:59.962+0000] {processor.py:186} INFO - Started process (PID=5626) to work on /home/krishnaformeera/Sumitomo/datapipeline/venv/lib/python3.11/site-packages/airflow/example_dags/tutorial_objectstorage.py
[2025-08-31T18:36:59.963+0000] {processor.py:914} INFO - Processing file /home/krishnaformeera/Sumitomo/datapipeline/venv/lib/python3.11/site-packages/airflow/example_dags/tutorial_objectstorage.py for tasks to queue
[2025-08-31T18:36:59.965+0000] {logging_mixin.py:190} INFO - [2025-08-31T18:36:59.965+0000] {dagbag.py:588} INFO - Filling up the DagBag from /home/krishnaformeera/Sumitomo/datapipeline/venv/lib/python3.11/site-packages/airflow/example_dags/tutorial_objectstorage.py
[2025-08-31T18:36:59.977+0000] {processor.py:925} INFO - DAG(s) 'tutorial_objectstorage' retrieved from /home/krishnaformeera/Sumitomo/datapipeline/venv/lib/python3.11/site-packages/airflow/example_dags/tutorial_objectstorage.py
[2025-08-31T18:36:59.995+0000] {logging_mixin.py:190} INFO - [2025-08-31T18:36:59.995+0000] {dag.py:3239} INFO - Sync 1 DAGs
[2025-08-31T18:37:00.008+0000] {logging_mixin.py:190} INFO - [2025-08-31T18:37:00.008+0000] {dag.py:4180} INFO - Setting next_dagrun for tutorial_objectstorage to None, run_after=None
[2025-08-31T18:37:00.036+0000] {processor.py:208} INFO - Processing /home/krishnaformeera/Sumitomo/datapipeline/venv/lib/python3.11/site-packages/airflow/example_dags/tutorial_objectstorage.py took 0.082 seconds
[2025-08-31T18:37:51.783+0000] {processor.py:186} INFO - Started process (PID=5690) to work on /home/krishnaformeera/Sumitomo/datapipeline/venv/lib/python3.11/site-packages/airflow/example_dags/tutorial_objectstorage.py
[2025-08-31T18:37:51.785+0000] {processor.py:914} INFO - Processing file /home/krishnaformeera/Sumitomo/datapipeline/venv/lib/python3.11/site-packages/airflow/example_dags/tutorial_objectstorage.py for tasks to queue
[2025-08-31T18:37:51.788+0000] {logging_mixin.py:190} INFO - [2025-08-31T18:37:51.788+0000] {dagbag.py:588} INFO - Filling up the DagBag from /home/krishnaformeera/Sumitomo/datapipeline/venv/lib/python3.11/site-packages/airflow/example_dags/tutorial_objectstorage.py
[2025-08-31T18:37:51.805+0000] {processor.py:925} INFO - DAG(s) 'tutorial_objectstorage' retrieved from /home/krishnaformeera/Sumitomo/datapipeline/venv/lib/python3.11/site-packages/airflow/example_dags/tutorial_objectstorage.py
[2025-08-31T18:37:51.830+0000] {logging_mixin.py:190} INFO - [2025-08-31T18:37:51.829+0000] {dag.py:3239} INFO - Sync 1 DAGs
[2025-08-31T18:37:51.851+0000] {logging_mixin.py:190} INFO - [2025-08-31T18:37:51.851+0000] {dag.py:4180} INFO - Setting next_dagrun for tutorial_objectstorage to None, run_after=None
[2025-08-31T18:37:51.888+0000] {processor.py:208} INFO - Processing /home/krishnaformeera/Sumitomo/datapipeline/venv/lib/python3.11/site-packages/airflow/example_dags/tutorial_objectstorage.py took 0.117 seconds
[2025-08-31T18:39:58.221+0000] {processor.py:186} INFO - Started process (PID=6008) to work on /home/krishnaformeera/Sumitomo/datapipeline/venv/lib/python3.11/site-packages/airflow/example_dags/tutorial_objectstorage.py
[2025-08-31T18:39:58.223+0000] {processor.py:914} INFO - Processing file /home/krishnaformeera/Sumitomo/datapipeline/venv/lib/python3.11/site-packages/airflow/example_dags/tutorial_objectstorage.py for tasks to queue
[2025-08-31T18:39:58.225+0000] {logging_mixin.py:190} INFO - [2025-08-31T18:39:58.225+0000] {dagbag.py:588} INFO - Filling up the DagBag from /home/krishnaformeera/Sumitomo/datapipeline/venv/lib/python3.11/site-packages/airflow/example_dags/tutorial_objectstorage.py
[2025-08-31T18:39:58.235+0000] {processor.py:925} INFO - DAG(s) 'tutorial_objectstorage' retrieved from /home/krishnaformeera/Sumitomo/datapipeline/venv/lib/python3.11/site-packages/airflow/example_dags/tutorial_objectstorage.py
[2025-08-31T18:39:58.256+0000] {logging_mixin.py:190} INFO - [2025-08-31T18:39:58.256+0000] {dag.py:3239} INFO - Sync 1 DAGs
[2025-08-31T18:39:58.269+0000] {logging_mixin.py:190} INFO - [2025-08-31T18:39:58.269+0000] {dag.py:4180} INFO - Setting next_dagrun for tutorial_objectstorage to None, run_after=None
[2025-08-31T18:39:58.291+0000] {processor.py:208} INFO - Processing /home/krishnaformeera/Sumitomo/datapipeline/venv/lib/python3.11/site-packages/airflow/example_dags/tutorial_objectstorage.py took 0.076 seconds
[2025-08-31T18:40:52.750+0000] {processor.py:186} INFO - Started process (PID=6310) to work on /home/krishnaformeera/Sumitomo/datapipeline/venv/lib/python3.11/site-packages/airflow/example_dags/tutorial_objectstorage.py
[2025-08-31T18:40:52.753+0000] {processor.py:914} INFO - Processing file /home/krishnaformeera/Sumitomo/datapipeline/venv/lib/python3.11/site-packages/airflow/example_dags/tutorial_objectstorage.py for tasks to queue
[2025-08-31T18:40:52.756+0000] {logging_mixin.py:190} INFO - [2025-08-31T18:40:52.755+0000] {dagbag.py:588} INFO - Filling up the DagBag from /home/krishnaformeera/Sumitomo/datapipeline/venv/lib/python3.11/site-packages/airflow/example_dags/tutorial_objectstorage.py
[2025-08-31T18:40:52.765+0000] {processor.py:925} INFO - DAG(s) 'tutorial_objectstorage' retrieved from /home/krishnaformeera/Sumitomo/datapipeline/venv/lib/python3.11/site-packages/airflow/example_dags/tutorial_objectstorage.py
[2025-08-31T18:40:52.782+0000] {logging_mixin.py:190} INFO - [2025-08-31T18:40:52.781+0000] {dag.py:3239} INFO - Sync 1 DAGs
[2025-08-31T18:40:52.793+0000] {logging_mixin.py:190} INFO - [2025-08-31T18:40:52.793+0000] {dag.py:4180} INFO - Setting next_dagrun for tutorial_objectstorage to None, run_after=None
[2025-08-31T18:40:52.815+0000] {processor.py:208} INFO - Processing /home/krishnaformeera/Sumitomo/datapipeline/venv/lib/python3.11/site-packages/airflow/example_dags/tutorial_objectstorage.py took 0.071 seconds
[2025-08-31T18:41:43.736+0000] {processor.py:186} INFO - Started process (PID=6452) to work on /home/krishnaformeera/Sumitomo/datapipeline/venv/lib/python3.11/site-packages/airflow/example_dags/tutorial_objectstorage.py
[2025-08-31T18:41:43.737+0000] {processor.py:914} INFO - Processing file /home/krishnaformeera/Sumitomo/datapipeline/venv/lib/python3.11/site-packages/airflow/example_dags/tutorial_objectstorage.py for tasks to queue
[2025-08-31T18:41:43.739+0000] {logging_mixin.py:190} INFO - [2025-08-31T18:41:43.739+0000] {dagbag.py:588} INFO - Filling up the DagBag from /home/krishnaformeera/Sumitomo/datapipeline/venv/lib/python3.11/site-packages/airflow/example_dags/tutorial_objectstorage.py
[2025-08-31T18:41:43.749+0000] {processor.py:925} INFO - DAG(s) 'tutorial_objectstorage' retrieved from /home/krishnaformeera/Sumitomo/datapipeline/venv/lib/python3.11/site-packages/airflow/example_dags/tutorial_objectstorage.py
[2025-08-31T18:41:43.765+0000] {logging_mixin.py:190} INFO - [2025-08-31T18:41:43.765+0000] {dag.py:3239} INFO - Sync 1 DAGs
[2025-08-31T18:41:43.777+0000] {logging_mixin.py:190} INFO - [2025-08-31T18:41:43.777+0000] {dag.py:4180} INFO - Setting next_dagrun for tutorial_objectstorage to None, run_after=None
[2025-08-31T18:41:43.800+0000] {processor.py:208} INFO - Processing /home/krishnaformeera/Sumitomo/datapipeline/venv/lib/python3.11/site-packages/airflow/example_dags/tutorial_objectstorage.py took 0.073 seconds
[2025-08-31T18:42:37.673+0000] {processor.py:186} INFO - Started process (PID=6632) to work on /home/krishnaformeera/Sumitomo/datapipeline/venv/lib/python3.11/site-packages/airflow/example_dags/tutorial_objectstorage.py
[2025-08-31T18:42:37.674+0000] {processor.py:914} INFO - Processing file /home/krishnaformeera/Sumitomo/datapipeline/venv/lib/python3.11/site-packages/airflow/example_dags/tutorial_objectstorage.py for tasks to queue
[2025-08-31T18:42:37.677+0000] {logging_mixin.py:190} INFO - [2025-08-31T18:42:37.676+0000] {dagbag.py:588} INFO - Filling up the DagBag from /home/krishnaformeera/Sumitomo/datapipeline/venv/lib/python3.11/site-packages/airflow/example_dags/tutorial_objectstorage.py
[2025-08-31T18:42:37.686+0000] {processor.py:925} INFO - DAG(s) 'tutorial_objectstorage' retrieved from /home/krishnaformeera/Sumitomo/datapipeline/venv/lib/python3.11/site-packages/airflow/example_dags/tutorial_objectstorage.py
[2025-08-31T18:42:37.792+0000] {logging_mixin.py:190} INFO - [2025-08-31T18:42:37.792+0000] {dag.py:3239} INFO - Sync 1 DAGs
[2025-08-31T18:42:37.801+0000] {logging_mixin.py:190} INFO - [2025-08-31T18:42:37.801+0000] {dag.py:4180} INFO - Setting next_dagrun for tutorial_objectstorage to None, run_after=None
[2025-08-31T18:42:37.820+0000] {processor.py:208} INFO - Processing /home/krishnaformeera/Sumitomo/datapipeline/venv/lib/python3.11/site-packages/airflow/example_dags/tutorial_objectstorage.py took 0.153 seconds
[2025-08-31T18:43:37.237+0000] {processor.py:186} INFO - Started process (PID=6896) to work on /home/krishnaformeera/Sumitomo/datapipeline/venv/lib/python3.11/site-packages/airflow/example_dags/tutorial_objectstorage.py
[2025-08-31T18:43:37.238+0000] {processor.py:914} INFO - Processing file /home/krishnaformeera/Sumitomo/datapipeline/venv/lib/python3.11/site-packages/airflow/example_dags/tutorial_objectstorage.py for tasks to queue
[2025-08-31T18:43:37.241+0000] {logging_mixin.py:190} INFO - [2025-08-31T18:43:37.240+0000] {dagbag.py:588} INFO - Filling up the DagBag from /home/krishnaformeera/Sumitomo/datapipeline/venv/lib/python3.11/site-packages/airflow/example_dags/tutorial_objectstorage.py
[2025-08-31T18:43:37.253+0000] {processor.py:925} INFO - DAG(s) 'tutorial_objectstorage' retrieved from /home/krishnaformeera/Sumitomo/datapipeline/venv/lib/python3.11/site-packages/airflow/example_dags/tutorial_objectstorage.py
[2025-08-31T18:43:37.270+0000] {logging_mixin.py:190} INFO - [2025-08-31T18:43:37.270+0000] {dag.py:3239} INFO - Sync 1 DAGs
[2025-08-31T18:43:37.285+0000] {logging_mixin.py:190} INFO - [2025-08-31T18:43:37.285+0000] {dag.py:4180} INFO - Setting next_dagrun for tutorial_objectstorage to None, run_after=None
[2025-08-31T18:43:37.311+0000] {processor.py:208} INFO - Processing /home/krishnaformeera/Sumitomo/datapipeline/venv/lib/python3.11/site-packages/airflow/example_dags/tutorial_objectstorage.py took 0.083 seconds
[2025-08-31T18:44:28.160+0000] {processor.py:186} INFO - Started process (PID=7102) to work on /home/krishnaformeera/Sumitomo/datapipeline/venv/lib/python3.11/site-packages/airflow/example_dags/tutorial_objectstorage.py
[2025-08-31T18:44:28.163+0000] {processor.py:914} INFO - Processing file /home/krishnaformeera/Sumitomo/datapipeline/venv/lib/python3.11/site-packages/airflow/example_dags/tutorial_objectstorage.py for tasks to queue
[2025-08-31T18:44:28.166+0000] {logging_mixin.py:190} INFO - [2025-08-31T18:44:28.165+0000] {dagbag.py:588} INFO - Filling up the DagBag from /home/krishnaformeera/Sumitomo/datapipeline/venv/lib/python3.11/site-packages/airflow/example_dags/tutorial_objectstorage.py
[2025-08-31T18:44:28.176+0000] {processor.py:925} INFO - DAG(s) 'tutorial_objectstorage' retrieved from /home/krishnaformeera/Sumitomo/datapipeline/venv/lib/python3.11/site-packages/airflow/example_dags/tutorial_objectstorage.py
[2025-08-31T18:44:28.191+0000] {logging_mixin.py:190} INFO - [2025-08-31T18:44:28.191+0000] {dag.py:3239} INFO - Sync 1 DAGs
[2025-08-31T18:44:28.203+0000] {logging_mixin.py:190} INFO - [2025-08-31T18:44:28.202+0000] {dag.py:4180} INFO - Setting next_dagrun for tutorial_objectstorage to None, run_after=None
[2025-08-31T18:44:28.222+0000] {processor.py:208} INFO - Processing /home/krishnaformeera/Sumitomo/datapipeline/venv/lib/python3.11/site-packages/airflow/example_dags/tutorial_objectstorage.py took 0.068 seconds
[2025-08-31T18:45:18.596+0000] {processor.py:186} INFO - Started process (PID=7362) to work on /home/krishnaformeera/Sumitomo/datapipeline/venv/lib/python3.11/site-packages/airflow/example_dags/tutorial_objectstorage.py
[2025-08-31T18:45:18.597+0000] {processor.py:914} INFO - Processing file /home/krishnaformeera/Sumitomo/datapipeline/venv/lib/python3.11/site-packages/airflow/example_dags/tutorial_objectstorage.py for tasks to queue
[2025-08-31T18:45:18.600+0000] {logging_mixin.py:190} INFO - [2025-08-31T18:45:18.599+0000] {dagbag.py:588} INFO - Filling up the DagBag from /home/krishnaformeera/Sumitomo/datapipeline/venv/lib/python3.11/site-packages/airflow/example_dags/tutorial_objectstorage.py
[2025-08-31T18:45:18.613+0000] {processor.py:925} INFO - DAG(s) 'tutorial_objectstorage' retrieved from /home/krishnaformeera/Sumitomo/datapipeline/venv/lib/python3.11/site-packages/airflow/example_dags/tutorial_objectstorage.py
[2025-08-31T18:45:18.630+0000] {logging_mixin.py:190} INFO - [2025-08-31T18:45:18.630+0000] {dag.py:3239} INFO - Sync 1 DAGs
[2025-08-31T18:45:18.644+0000] {logging_mixin.py:190} INFO - [2025-08-31T18:45:18.644+0000] {dag.py:4180} INFO - Setting next_dagrun for tutorial_objectstorage to None, run_after=None
[2025-08-31T18:45:18.678+0000] {processor.py:208} INFO - Processing /home/krishnaformeera/Sumitomo/datapipeline/venv/lib/python3.11/site-packages/airflow/example_dags/tutorial_objectstorage.py took 0.091 seconds
[2025-08-31T18:46:10.719+0000] {processor.py:186} INFO - Started process (PID=7630) to work on /home/krishnaformeera/Sumitomo/datapipeline/venv/lib/python3.11/site-packages/airflow/example_dags/tutorial_objectstorage.py
[2025-08-31T18:46:10.720+0000] {processor.py:914} INFO - Processing file /home/krishnaformeera/Sumitomo/datapipeline/venv/lib/python3.11/site-packages/airflow/example_dags/tutorial_objectstorage.py for tasks to queue
[2025-08-31T18:46:10.723+0000] {logging_mixin.py:190} INFO - [2025-08-31T18:46:10.722+0000] {dagbag.py:588} INFO - Filling up the DagBag from /home/krishnaformeera/Sumitomo/datapipeline/venv/lib/python3.11/site-packages/airflow/example_dags/tutorial_objectstorage.py
[2025-08-31T18:46:10.735+0000] {processor.py:925} INFO - DAG(s) 'tutorial_objectstorage' retrieved from /home/krishnaformeera/Sumitomo/datapipeline/venv/lib/python3.11/site-packages/airflow/example_dags/tutorial_objectstorage.py
[2025-08-31T18:46:10.754+0000] {logging_mixin.py:190} INFO - [2025-08-31T18:46:10.754+0000] {dag.py:3239} INFO - Sync 1 DAGs
[2025-08-31T18:46:10.769+0000] {logging_mixin.py:190} INFO - [2025-08-31T18:46:10.769+0000] {dag.py:4180} INFO - Setting next_dagrun for tutorial_objectstorage to None, run_after=None
[2025-08-31T18:46:10.801+0000] {processor.py:208} INFO - Processing /home/krishnaformeera/Sumitomo/datapipeline/venv/lib/python3.11/site-packages/airflow/example_dags/tutorial_objectstorage.py took 0.090 seconds
[2025-08-31T18:47:04.236+0000] {processor.py:186} INFO - Started process (PID=7770) to work on /home/krishnaformeera/Sumitomo/datapipeline/venv/lib/python3.11/site-packages/airflow/example_dags/tutorial_objectstorage.py
[2025-08-31T18:47:04.239+0000] {processor.py:914} INFO - Processing file /home/krishnaformeera/Sumitomo/datapipeline/venv/lib/python3.11/site-packages/airflow/example_dags/tutorial_objectstorage.py for tasks to queue
[2025-08-31T18:47:04.241+0000] {logging_mixin.py:190} INFO - [2025-08-31T18:47:04.241+0000] {dagbag.py:588} INFO - Filling up the DagBag from /home/krishnaformeera/Sumitomo/datapipeline/venv/lib/python3.11/site-packages/airflow/example_dags/tutorial_objectstorage.py
[2025-08-31T18:47:04.251+0000] {processor.py:925} INFO - DAG(s) 'tutorial_objectstorage' retrieved from /home/krishnaformeera/Sumitomo/datapipeline/venv/lib/python3.11/site-packages/airflow/example_dags/tutorial_objectstorage.py
[2025-08-31T18:47:04.267+0000] {logging_mixin.py:190} INFO - [2025-08-31T18:47:04.267+0000] {dag.py:3239} INFO - Sync 1 DAGs
[2025-08-31T18:47:04.279+0000] {logging_mixin.py:190} INFO - [2025-08-31T18:47:04.279+0000] {dag.py:4180} INFO - Setting next_dagrun for tutorial_objectstorage to None, run_after=None
[2025-08-31T18:47:04.299+0000] {processor.py:208} INFO - Processing /home/krishnaformeera/Sumitomo/datapipeline/venv/lib/python3.11/site-packages/airflow/example_dags/tutorial_objectstorage.py took 0.069 seconds
[2025-08-31T18:47:53.770+0000] {processor.py:186} INFO - Started process (PID=7826) to work on /home/krishnaformeera/Sumitomo/datapipeline/venv/lib/python3.11/site-packages/airflow/example_dags/tutorial_objectstorage.py
[2025-08-31T18:47:53.771+0000] {processor.py:914} INFO - Processing file /home/krishnaformeera/Sumitomo/datapipeline/venv/lib/python3.11/site-packages/airflow/example_dags/tutorial_objectstorage.py for tasks to queue
[2025-08-31T18:47:53.774+0000] {logging_mixin.py:190} INFO - [2025-08-31T18:47:53.773+0000] {dagbag.py:588} INFO - Filling up the DagBag from /home/krishnaformeera/Sumitomo/datapipeline/venv/lib/python3.11/site-packages/airflow/example_dags/tutorial_objectstorage.py
[2025-08-31T18:47:53.786+0000] {processor.py:925} INFO - DAG(s) 'tutorial_objectstorage' retrieved from /home/krishnaformeera/Sumitomo/datapipeline/venv/lib/python3.11/site-packages/airflow/example_dags/tutorial_objectstorage.py
[2025-08-31T18:47:53.802+0000] {logging_mixin.py:190} INFO - [2025-08-31T18:47:53.801+0000] {dag.py:3239} INFO - Sync 1 DAGs
[2025-08-31T18:47:53.814+0000] {logging_mixin.py:190} INFO - [2025-08-31T18:47:53.814+0000] {dag.py:4180} INFO - Setting next_dagrun for tutorial_objectstorage to None, run_after=None
[2025-08-31T18:47:53.836+0000] {processor.py:208} INFO - Processing /home/krishnaformeera/Sumitomo/datapipeline/venv/lib/python3.11/site-packages/airflow/example_dags/tutorial_objectstorage.py took 0.073 seconds
[2025-08-31T18:48:44.094+0000] {processor.py:186} INFO - Started process (PID=7881) to work on /home/krishnaformeera/Sumitomo/datapipeline/venv/lib/python3.11/site-packages/airflow/example_dags/tutorial_objectstorage.py
[2025-08-31T18:48:44.095+0000] {processor.py:914} INFO - Processing file /home/krishnaformeera/Sumitomo/datapipeline/venv/lib/python3.11/site-packages/airflow/example_dags/tutorial_objectstorage.py for tasks to queue
[2025-08-31T18:48:44.098+0000] {logging_mixin.py:190} INFO - [2025-08-31T18:48:44.097+0000] {dagbag.py:588} INFO - Filling up the DagBag from /home/krishnaformeera/Sumitomo/datapipeline/venv/lib/python3.11/site-packages/airflow/example_dags/tutorial_objectstorage.py
[2025-08-31T18:48:44.110+0000] {processor.py:925} INFO - DAG(s) 'tutorial_objectstorage' retrieved from /home/krishnaformeera/Sumitomo/datapipeline/venv/lib/python3.11/site-packages/airflow/example_dags/tutorial_objectstorage.py
[2025-08-31T18:48:44.130+0000] {logging_mixin.py:190} INFO - [2025-08-31T18:48:44.130+0000] {dag.py:3239} INFO - Sync 1 DAGs
[2025-08-31T18:48:44.143+0000] {logging_mixin.py:190} INFO - [2025-08-31T18:48:44.142+0000] {dag.py:4180} INFO - Setting next_dagrun for tutorial_objectstorage to None, run_after=None
[2025-08-31T18:48:44.164+0000] {processor.py:208} INFO - Processing /home/krishnaformeera/Sumitomo/datapipeline/venv/lib/python3.11/site-packages/airflow/example_dags/tutorial_objectstorage.py took 0.080 seconds
[2025-08-31T18:49:35.233+0000] {processor.py:186} INFO - Started process (PID=7942) to work on /home/krishnaformeera/Sumitomo/datapipeline/venv/lib/python3.11/site-packages/airflow/example_dags/tutorial_objectstorage.py
[2025-08-31T18:49:35.237+0000] {processor.py:914} INFO - Processing file /home/krishnaformeera/Sumitomo/datapipeline/venv/lib/python3.11/site-packages/airflow/example_dags/tutorial_objectstorage.py for tasks to queue
[2025-08-31T18:49:35.241+0000] {logging_mixin.py:190} INFO - [2025-08-31T18:49:35.240+0000] {dagbag.py:588} INFO - Filling up the DagBag from /home/krishnaformeera/Sumitomo/datapipeline/venv/lib/python3.11/site-packages/airflow/example_dags/tutorial_objectstorage.py
[2025-08-31T18:49:35.261+0000] {processor.py:925} INFO - DAG(s) 'tutorial_objectstorage' retrieved from /home/krishnaformeera/Sumitomo/datapipeline/venv/lib/python3.11/site-packages/airflow/example_dags/tutorial_objectstorage.py
[2025-08-31T18:49:35.302+0000] {logging_mixin.py:190} INFO - [2025-08-31T18:49:35.302+0000] {dag.py:3239} INFO - Sync 1 DAGs
[2025-08-31T18:49:35.324+0000] {logging_mixin.py:190} INFO - [2025-08-31T18:49:35.323+0000] {dag.py:4180} INFO - Setting next_dagrun for tutorial_objectstorage to None, run_after=None
[2025-08-31T18:49:35.353+0000] {processor.py:208} INFO - Processing /home/krishnaformeera/Sumitomo/datapipeline/venv/lib/python3.11/site-packages/airflow/example_dags/tutorial_objectstorage.py took 0.132 seconds
[2025-08-31T18:50:28.346+0000] {processor.py:186} INFO - Started process (PID=8056) to work on /home/krishnaformeera/Sumitomo/datapipeline/venv/lib/python3.11/site-packages/airflow/example_dags/tutorial_objectstorage.py
[2025-08-31T18:50:28.347+0000] {processor.py:914} INFO - Processing file /home/krishnaformeera/Sumitomo/datapipeline/venv/lib/python3.11/site-packages/airflow/example_dags/tutorial_objectstorage.py for tasks to queue
[2025-08-31T18:50:28.349+0000] {logging_mixin.py:190} INFO - [2025-08-31T18:50:28.348+0000] {dagbag.py:588} INFO - Filling up the DagBag from /home/krishnaformeera/Sumitomo/datapipeline/venv/lib/python3.11/site-packages/airflow/example_dags/tutorial_objectstorage.py
[2025-08-31T18:50:28.358+0000] {processor.py:925} INFO - DAG(s) 'tutorial_objectstorage' retrieved from /home/krishnaformeera/Sumitomo/datapipeline/venv/lib/python3.11/site-packages/airflow/example_dags/tutorial_objectstorage.py
[2025-08-31T18:50:28.372+0000] {logging_mixin.py:190} INFO - [2025-08-31T18:50:28.372+0000] {dag.py:3239} INFO - Sync 1 DAGs
[2025-08-31T18:50:28.384+0000] {logging_mixin.py:190} INFO - [2025-08-31T18:50:28.383+0000] {dag.py:4180} INFO - Setting next_dagrun for tutorial_objectstorage to None, run_after=None
[2025-08-31T18:50:28.405+0000] {processor.py:208} INFO - Processing /home/krishnaformeera/Sumitomo/datapipeline/venv/lib/python3.11/site-packages/airflow/example_dags/tutorial_objectstorage.py took 0.065 seconds
[2025-08-31T18:51:20.815+0000] {processor.py:186} INFO - Started process (PID=8137) to work on /home/krishnaformeera/Sumitomo/datapipeline/venv/lib/python3.11/site-packages/airflow/example_dags/tutorial_objectstorage.py
[2025-08-31T18:51:20.816+0000] {processor.py:914} INFO - Processing file /home/krishnaformeera/Sumitomo/datapipeline/venv/lib/python3.11/site-packages/airflow/example_dags/tutorial_objectstorage.py for tasks to queue
[2025-08-31T18:51:20.818+0000] {logging_mixin.py:190} INFO - [2025-08-31T18:51:20.817+0000] {dagbag.py:588} INFO - Filling up the DagBag from /home/krishnaformeera/Sumitomo/datapipeline/venv/lib/python3.11/site-packages/airflow/example_dags/tutorial_objectstorage.py
[2025-08-31T18:51:20.827+0000] {processor.py:925} INFO - DAG(s) 'tutorial_objectstorage' retrieved from /home/krishnaformeera/Sumitomo/datapipeline/venv/lib/python3.11/site-packages/airflow/example_dags/tutorial_objectstorage.py
[2025-08-31T18:51:20.842+0000] {logging_mixin.py:190} INFO - [2025-08-31T18:51:20.842+0000] {dag.py:3239} INFO - Sync 1 DAGs
[2025-08-31T18:51:20.854+0000] {logging_mixin.py:190} INFO - [2025-08-31T18:51:20.853+0000] {dag.py:4180} INFO - Setting next_dagrun for tutorial_objectstorage to None, run_after=None
[2025-08-31T18:51:20.875+0000] {processor.py:208} INFO - Processing /home/krishnaformeera/Sumitomo/datapipeline/venv/lib/python3.11/site-packages/airflow/example_dags/tutorial_objectstorage.py took 0.067 seconds
[2025-08-31T18:52:10.886+0000] {processor.py:186} INFO - Started process (PID=8210) to work on /home/krishnaformeera/Sumitomo/datapipeline/venv/lib/python3.11/site-packages/airflow/example_dags/tutorial_objectstorage.py
[2025-08-31T18:52:10.888+0000] {processor.py:914} INFO - Processing file /home/krishnaformeera/Sumitomo/datapipeline/venv/lib/python3.11/site-packages/airflow/example_dags/tutorial_objectstorage.py for tasks to queue
[2025-08-31T18:52:10.891+0000] {logging_mixin.py:190} INFO - [2025-08-31T18:52:10.891+0000] {dagbag.py:588} INFO - Filling up the DagBag from /home/krishnaformeera/Sumitomo/datapipeline/venv/lib/python3.11/site-packages/airflow/example_dags/tutorial_objectstorage.py
[2025-08-31T18:52:10.910+0000] {processor.py:925} INFO - DAG(s) 'tutorial_objectstorage' retrieved from /home/krishnaformeera/Sumitomo/datapipeline/venv/lib/python3.11/site-packages/airflow/example_dags/tutorial_objectstorage.py
[2025-08-31T18:52:10.936+0000] {logging_mixin.py:190} INFO - [2025-08-31T18:52:10.936+0000] {dag.py:3239} INFO - Sync 1 DAGs
[2025-08-31T18:52:10.952+0000] {logging_mixin.py:190} INFO - [2025-08-31T18:52:10.952+0000] {dag.py:4180} INFO - Setting next_dagrun for tutorial_objectstorage to None, run_after=None
[2025-08-31T18:52:10.977+0000] {processor.py:208} INFO - Processing /home/krishnaformeera/Sumitomo/datapipeline/venv/lib/python3.11/site-packages/airflow/example_dags/tutorial_objectstorage.py took 0.098 seconds
[2025-08-31T18:52:57.936+0000] {processor.py:186} INFO - Started process (PID=8269) to work on /home/krishnaformeera/Sumitomo/datapipeline/venv/lib/python3.11/site-packages/airflow/example_dags/tutorial_objectstorage.py
[2025-08-31T18:52:57.937+0000] {processor.py:914} INFO - Processing file /home/krishnaformeera/Sumitomo/datapipeline/venv/lib/python3.11/site-packages/airflow/example_dags/tutorial_objectstorage.py for tasks to queue
[2025-08-31T18:52:57.941+0000] {logging_mixin.py:190} INFO - [2025-08-31T18:52:57.940+0000] {dagbag.py:588} INFO - Filling up the DagBag from /home/krishnaformeera/Sumitomo/datapipeline/venv/lib/python3.11/site-packages/airflow/example_dags/tutorial_objectstorage.py
[2025-08-31T18:52:57.957+0000] {processor.py:925} INFO - DAG(s) 'tutorial_objectstorage' retrieved from /home/krishnaformeera/Sumitomo/datapipeline/venv/lib/python3.11/site-packages/airflow/example_dags/tutorial_objectstorage.py
[2025-08-31T18:52:57.982+0000] {logging_mixin.py:190} INFO - [2025-08-31T18:52:57.982+0000] {dag.py:3239} INFO - Sync 1 DAGs
[2025-08-31T18:52:57.998+0000] {logging_mixin.py:190} INFO - [2025-08-31T18:52:57.998+0000] {dag.py:4180} INFO - Setting next_dagrun for tutorial_objectstorage to None, run_after=None
[2025-08-31T18:52:58.024+0000] {processor.py:208} INFO - Processing /home/krishnaformeera/Sumitomo/datapipeline/venv/lib/python3.11/site-packages/airflow/example_dags/tutorial_objectstorage.py took 0.101 seconds
[2025-08-31T18:53:47.843+0000] {processor.py:186} INFO - Started process (PID=8463) to work on /home/krishnaformeera/Sumitomo/datapipeline/venv/lib/python3.11/site-packages/airflow/example_dags/tutorial_objectstorage.py
[2025-08-31T18:53:47.844+0000] {processor.py:914} INFO - Processing file /home/krishnaformeera/Sumitomo/datapipeline/venv/lib/python3.11/site-packages/airflow/example_dags/tutorial_objectstorage.py for tasks to queue
[2025-08-31T18:53:47.846+0000] {logging_mixin.py:190} INFO - [2025-08-31T18:53:47.846+0000] {dagbag.py:588} INFO - Filling up the DagBag from /home/krishnaformeera/Sumitomo/datapipeline/venv/lib/python3.11/site-packages/airflow/example_dags/tutorial_objectstorage.py
[2025-08-31T18:53:47.856+0000] {processor.py:925} INFO - DAG(s) 'tutorial_objectstorage' retrieved from /home/krishnaformeera/Sumitomo/datapipeline/venv/lib/python3.11/site-packages/airflow/example_dags/tutorial_objectstorage.py
[2025-08-31T18:53:47.872+0000] {logging_mixin.py:190} INFO - [2025-08-31T18:53:47.872+0000] {dag.py:3239} INFO - Sync 1 DAGs
[2025-08-31T18:53:47.884+0000] {logging_mixin.py:190} INFO - [2025-08-31T18:53:47.884+0000] {dag.py:4180} INFO - Setting next_dagrun for tutorial_objectstorage to None, run_after=None
[2025-08-31T18:53:47.906+0000] {processor.py:208} INFO - Processing /home/krishnaformeera/Sumitomo/datapipeline/venv/lib/python3.11/site-packages/airflow/example_dags/tutorial_objectstorage.py took 0.070 seconds
[2025-08-31T18:54:36.406+0000] {processor.py:186} INFO - Started process (PID=8513) to work on /home/krishnaformeera/Sumitomo/datapipeline/venv/lib/python3.11/site-packages/airflow/example_dags/tutorial_objectstorage.py
[2025-08-31T18:54:36.407+0000] {processor.py:914} INFO - Processing file /home/krishnaformeera/Sumitomo/datapipeline/venv/lib/python3.11/site-packages/airflow/example_dags/tutorial_objectstorage.py for tasks to queue
[2025-08-31T18:54:36.409+0000] {logging_mixin.py:190} INFO - [2025-08-31T18:54:36.409+0000] {dagbag.py:588} INFO - Filling up the DagBag from /home/krishnaformeera/Sumitomo/datapipeline/venv/lib/python3.11/site-packages/airflow/example_dags/tutorial_objectstorage.py
[2025-08-31T18:54:36.419+0000] {processor.py:925} INFO - DAG(s) 'tutorial_objectstorage' retrieved from /home/krishnaformeera/Sumitomo/datapipeline/venv/lib/python3.11/site-packages/airflow/example_dags/tutorial_objectstorage.py
[2025-08-31T18:54:36.435+0000] {logging_mixin.py:190} INFO - [2025-08-31T18:54:36.435+0000] {dag.py:3239} INFO - Sync 1 DAGs
[2025-08-31T18:54:36.449+0000] {logging_mixin.py:190} INFO - [2025-08-31T18:54:36.448+0000] {dag.py:4180} INFO - Setting next_dagrun for tutorial_objectstorage to None, run_after=None
[2025-08-31T18:54:36.471+0000] {processor.py:208} INFO - Processing /home/krishnaformeera/Sumitomo/datapipeline/venv/lib/python3.11/site-packages/airflow/example_dags/tutorial_objectstorage.py took 0.074 seconds
[2025-08-31T18:55:29.170+0000] {processor.py:186} INFO - Started process (PID=8593) to work on /home/krishnaformeera/Sumitomo/datapipeline/venv/lib/python3.11/site-packages/airflow/example_dags/tutorial_objectstorage.py
[2025-08-31T18:55:29.171+0000] {processor.py:914} INFO - Processing file /home/krishnaformeera/Sumitomo/datapipeline/venv/lib/python3.11/site-packages/airflow/example_dags/tutorial_objectstorage.py for tasks to queue
[2025-08-31T18:55:29.173+0000] {logging_mixin.py:190} INFO - [2025-08-31T18:55:29.173+0000] {dagbag.py:588} INFO - Filling up the DagBag from /home/krishnaformeera/Sumitomo/datapipeline/venv/lib/python3.11/site-packages/airflow/example_dags/tutorial_objectstorage.py
[2025-08-31T18:55:29.184+0000] {processor.py:925} INFO - DAG(s) 'tutorial_objectstorage' retrieved from /home/krishnaformeera/Sumitomo/datapipeline/venv/lib/python3.11/site-packages/airflow/example_dags/tutorial_objectstorage.py
[2025-08-31T18:55:29.198+0000] {logging_mixin.py:190} INFO - [2025-08-31T18:55:29.198+0000] {dag.py:3239} INFO - Sync 1 DAGs
[2025-08-31T18:55:29.210+0000] {logging_mixin.py:190} INFO - [2025-08-31T18:55:29.209+0000] {dag.py:4180} INFO - Setting next_dagrun for tutorial_objectstorage to None, run_after=None
[2025-08-31T18:55:29.229+0000] {processor.py:208} INFO - Processing /home/krishnaformeera/Sumitomo/datapipeline/venv/lib/python3.11/site-packages/airflow/example_dags/tutorial_objectstorage.py took 0.067 seconds
[2025-08-31T18:56:23.544+0000] {processor.py:186} INFO - Started process (PID=8662) to work on /home/krishnaformeera/Sumitomo/datapipeline/venv/lib/python3.11/site-packages/airflow/example_dags/tutorial_objectstorage.py
[2025-08-31T18:56:23.545+0000] {processor.py:914} INFO - Processing file /home/krishnaformeera/Sumitomo/datapipeline/venv/lib/python3.11/site-packages/airflow/example_dags/tutorial_objectstorage.py for tasks to queue
[2025-08-31T18:56:23.548+0000] {logging_mixin.py:190} INFO - [2025-08-31T18:56:23.547+0000] {dagbag.py:588} INFO - Filling up the DagBag from /home/krishnaformeera/Sumitomo/datapipeline/venv/lib/python3.11/site-packages/airflow/example_dags/tutorial_objectstorage.py
[2025-08-31T18:56:23.557+0000] {processor.py:925} INFO - DAG(s) 'tutorial_objectstorage' retrieved from /home/krishnaformeera/Sumitomo/datapipeline/venv/lib/python3.11/site-packages/airflow/example_dags/tutorial_objectstorage.py
[2025-08-31T18:56:23.572+0000] {logging_mixin.py:190} INFO - [2025-08-31T18:56:23.572+0000] {dag.py:3239} INFO - Sync 1 DAGs
[2025-08-31T18:56:23.583+0000] {logging_mixin.py:190} INFO - [2025-08-31T18:56:23.583+0000] {dag.py:4180} INFO - Setting next_dagrun for tutorial_objectstorage to None, run_after=None
[2025-08-31T18:56:23.606+0000] {processor.py:208} INFO - Processing /home/krishnaformeera/Sumitomo/datapipeline/venv/lib/python3.11/site-packages/airflow/example_dags/tutorial_objectstorage.py took 0.067 seconds
[2025-08-31T18:57:16.871+0000] {processor.py:186} INFO - Started process (PID=8715) to work on /home/krishnaformeera/Sumitomo/datapipeline/venv/lib/python3.11/site-packages/airflow/example_dags/tutorial_objectstorage.py
[2025-08-31T18:57:16.872+0000] {processor.py:914} INFO - Processing file /home/krishnaformeera/Sumitomo/datapipeline/venv/lib/python3.11/site-packages/airflow/example_dags/tutorial_objectstorage.py for tasks to queue
[2025-08-31T18:57:16.875+0000] {logging_mixin.py:190} INFO - [2025-08-31T18:57:16.874+0000] {dagbag.py:588} INFO - Filling up the DagBag from /home/krishnaformeera/Sumitomo/datapipeline/venv/lib/python3.11/site-packages/airflow/example_dags/tutorial_objectstorage.py
[2025-08-31T18:57:16.886+0000] {processor.py:925} INFO - DAG(s) 'tutorial_objectstorage' retrieved from /home/krishnaformeera/Sumitomo/datapipeline/venv/lib/python3.11/site-packages/airflow/example_dags/tutorial_objectstorage.py
[2025-08-31T18:57:16.904+0000] {logging_mixin.py:190} INFO - [2025-08-31T18:57:16.904+0000] {dag.py:3239} INFO - Sync 1 DAGs
[2025-08-31T18:57:16.917+0000] {logging_mixin.py:190} INFO - [2025-08-31T18:57:16.917+0000] {dag.py:4180} INFO - Setting next_dagrun for tutorial_objectstorage to None, run_after=None
[2025-08-31T18:57:16.940+0000] {processor.py:208} INFO - Processing /home/krishnaformeera/Sumitomo/datapipeline/venv/lib/python3.11/site-packages/airflow/example_dags/tutorial_objectstorage.py took 0.077 seconds
[2025-08-31T18:58:08.605+0000] {processor.py:186} INFO - Started process (PID=8768) to work on /home/krishnaformeera/Sumitomo/datapipeline/venv/lib/python3.11/site-packages/airflow/example_dags/tutorial_objectstorage.py
[2025-08-31T18:58:08.606+0000] {processor.py:914} INFO - Processing file /home/krishnaformeera/Sumitomo/datapipeline/venv/lib/python3.11/site-packages/airflow/example_dags/tutorial_objectstorage.py for tasks to queue
[2025-08-31T18:58:08.609+0000] {logging_mixin.py:190} INFO - [2025-08-31T18:58:08.608+0000] {dagbag.py:588} INFO - Filling up the DagBag from /home/krishnaformeera/Sumitomo/datapipeline/venv/lib/python3.11/site-packages/airflow/example_dags/tutorial_objectstorage.py
[2025-08-31T18:58:08.621+0000] {processor.py:925} INFO - DAG(s) 'tutorial_objectstorage' retrieved from /home/krishnaformeera/Sumitomo/datapipeline/venv/lib/python3.11/site-packages/airflow/example_dags/tutorial_objectstorage.py
[2025-08-31T18:58:08.639+0000] {logging_mixin.py:190} INFO - [2025-08-31T18:58:08.639+0000] {dag.py:3239} INFO - Sync 1 DAGs
[2025-08-31T18:58:08.653+0000] {logging_mixin.py:190} INFO - [2025-08-31T18:58:08.652+0000] {dag.py:4180} INFO - Setting next_dagrun for tutorial_objectstorage to None, run_after=None
[2025-08-31T18:58:08.681+0000] {processor.py:208} INFO - Processing /home/krishnaformeera/Sumitomo/datapipeline/venv/lib/python3.11/site-packages/airflow/example_dags/tutorial_objectstorage.py took 0.085 seconds
[2025-08-31T18:59:01.155+0000] {processor.py:186} INFO - Started process (PID=8822) to work on /home/krishnaformeera/Sumitomo/datapipeline/venv/lib/python3.11/site-packages/airflow/example_dags/tutorial_objectstorage.py
[2025-08-31T18:59:01.156+0000] {processor.py:914} INFO - Processing file /home/krishnaformeera/Sumitomo/datapipeline/venv/lib/python3.11/site-packages/airflow/example_dags/tutorial_objectstorage.py for tasks to queue
[2025-08-31T18:59:01.158+0000] {logging_mixin.py:190} INFO - [2025-08-31T18:59:01.158+0000] {dagbag.py:588} INFO - Filling up the DagBag from /home/krishnaformeera/Sumitomo/datapipeline/venv/lib/python3.11/site-packages/airflow/example_dags/tutorial_objectstorage.py
[2025-08-31T18:59:01.169+0000] {processor.py:925} INFO - DAG(s) 'tutorial_objectstorage' retrieved from /home/krishnaformeera/Sumitomo/datapipeline/venv/lib/python3.11/site-packages/airflow/example_dags/tutorial_objectstorage.py
[2025-08-31T18:59:01.185+0000] {logging_mixin.py:190} INFO - [2025-08-31T18:59:01.185+0000] {dag.py:3239} INFO - Sync 1 DAGs
[2025-08-31T18:59:01.197+0000] {logging_mixin.py:190} INFO - [2025-08-31T18:59:01.197+0000] {dag.py:4180} INFO - Setting next_dagrun for tutorial_objectstorage to None, run_after=None
[2025-08-31T18:59:01.221+0000] {processor.py:208} INFO - Processing /home/krishnaformeera/Sumitomo/datapipeline/venv/lib/python3.11/site-packages/airflow/example_dags/tutorial_objectstorage.py took 0.075 seconds
