[2025-08-31T18:30:00.059+0000] {processor.py:186} INFO - Started process (PID=5077) to work on /home/krishnaformeera/Sumitomo/datapipeline/venv/lib/python3.11/site-packages/airflow/example_dags/tutorial_dag.py
[2025-08-31T18:30:00.060+0000] {processor.py:914} INFO - Processing file /home/krishnaformeera/Sumitomo/datapipeline/venv/lib/python3.11/site-packages/airflow/example_dags/tutorial_dag.py for tasks to queue
[2025-08-31T18:30:00.061+0000] {logging_mixin.py:190} INFO - [2025-08-31T18:30:00.060+0000] {dagbag.py:588} INFO - Filling up the DagBag from /home/krishnaformeera/Sumitomo/datapipeline/venv/lib/python3.11/site-packages/airflow/example_dags/tutorial_dag.py
[2025-08-31T18:30:00.072+0000] {processor.py:925} INFO - DAG(s) 'tutorial_dag' retrieved from /home/krishnaformeera/Sumitomo/datapipeline/venv/lib/python3.11/site-packages/airflow/example_dags/tutorial_dag.py
[2025-08-31T18:30:00.319+0000] {logging_mixin.py:190} INFO - [2025-08-31T18:30:00.318+0000] {override.py:1900} INFO - Created Permission View: can delete on DAG:tutorial_dag
[2025-08-31T18:30:00.336+0000] {logging_mixin.py:190} INFO - [2025-08-31T18:30:00.335+0000] {override.py:1900} INFO - Created Permission View: can read on DAG:tutorial_dag
[2025-08-31T18:30:00.351+0000] {logging_mixin.py:190} INFO - [2025-08-31T18:30:00.350+0000] {override.py:1900} INFO - Created Permission View: can edit on DAG:tutorial_dag
[2025-08-31T18:30:00.366+0000] {logging_mixin.py:190} INFO - [2025-08-31T18:30:00.366+0000] {override.py:1900} INFO - Created Permission View: can delete on DAG Run:tutorial_dag
[2025-08-31T18:30:00.379+0000] {logging_mixin.py:190} INFO - [2025-08-31T18:30:00.379+0000] {override.py:1900} INFO - Created Permission View: can read on DAG Run:tutorial_dag
[2025-08-31T18:30:00.394+0000] {logging_mixin.py:190} INFO - [2025-08-31T18:30:00.394+0000] {override.py:1900} INFO - Created Permission View: can create on DAG Run:tutorial_dag
[2025-08-31T18:30:00.411+0000] {logging_mixin.py:190} INFO - [2025-08-31T18:30:00.411+0000] {override.py:1900} INFO - Created Permission View: menu access on DAG Run:tutorial_dag
[2025-08-31T18:30:00.411+0000] {logging_mixin.py:190} INFO - [2025-08-31T18:30:00.411+0000] {dag.py:3239} INFO - Sync 1 DAGs
[2025-08-31T18:30:00.421+0000] {logging_mixin.py:190} INFO - [2025-08-31T18:30:00.421+0000] {dag.py:3262} INFO - Creating ORM DAG for tutorial_dag
[2025-08-31T18:30:00.422+0000] {logging_mixin.py:190} INFO - [2025-08-31T18:30:00.422+0000] {dag.py:4180} INFO - Setting next_dagrun for tutorial_dag to None, run_after=None
[2025-08-31T18:30:00.466+0000] {processor.py:208} INFO - Processing /home/krishnaformeera/Sumitomo/datapipeline/venv/lib/python3.11/site-packages/airflow/example_dags/tutorial_dag.py took 0.413 seconds
[2025-08-31T18:30:43.154+0000] {processor.py:186} INFO - Started process (PID=5205) to work on /home/krishnaformeera/Sumitomo/datapipeline/venv/lib/python3.11/site-packages/airflow/example_dags/tutorial_dag.py
[2025-08-31T18:30:43.155+0000] {processor.py:914} INFO - Processing file /home/krishnaformeera/Sumitomo/datapipeline/venv/lib/python3.11/site-packages/airflow/example_dags/tutorial_dag.py for tasks to queue
[2025-08-31T18:30:43.157+0000] {logging_mixin.py:190} INFO - [2025-08-31T18:30:43.157+0000] {dagbag.py:588} INFO - Filling up the DagBag from /home/krishnaformeera/Sumitomo/datapipeline/venv/lib/python3.11/site-packages/airflow/example_dags/tutorial_dag.py
[2025-08-31T18:30:43.165+0000] {processor.py:925} INFO - DAG(s) 'tutorial_dag' retrieved from /home/krishnaformeera/Sumitomo/datapipeline/venv/lib/python3.11/site-packages/airflow/example_dags/tutorial_dag.py
[2025-08-31T18:30:43.191+0000] {logging_mixin.py:190} INFO - [2025-08-31T18:30:43.191+0000] {dag.py:3239} INFO - Sync 1 DAGs
[2025-08-31T18:30:43.208+0000] {logging_mixin.py:190} INFO - [2025-08-31T18:30:43.208+0000] {dag.py:4180} INFO - Setting next_dagrun for tutorial_dag to None, run_after=None
[2025-08-31T18:30:43.234+0000] {processor.py:208} INFO - Processing /home/krishnaformeera/Sumitomo/datapipeline/venv/lib/python3.11/site-packages/airflow/example_dags/tutorial_dag.py took 0.085 seconds
[2025-08-31T18:31:45.201+0000] {processor.py:186} INFO - Started process (PID=5280) to work on /home/krishnaformeera/Sumitomo/datapipeline/venv/lib/python3.11/site-packages/airflow/example_dags/tutorial_dag.py
[2025-08-31T18:31:45.205+0000] {processor.py:914} INFO - Processing file /home/krishnaformeera/Sumitomo/datapipeline/venv/lib/python3.11/site-packages/airflow/example_dags/tutorial_dag.py for tasks to queue
[2025-08-31T18:31:45.208+0000] {logging_mixin.py:190} INFO - [2025-08-31T18:31:45.207+0000] {dagbag.py:588} INFO - Filling up the DagBag from /home/krishnaformeera/Sumitomo/datapipeline/venv/lib/python3.11/site-packages/airflow/example_dags/tutorial_dag.py
[2025-08-31T18:31:45.218+0000] {processor.py:925} INFO - DAG(s) 'tutorial_dag' retrieved from /home/krishnaformeera/Sumitomo/datapipeline/venv/lib/python3.11/site-packages/airflow/example_dags/tutorial_dag.py
[2025-08-31T18:31:45.236+0000] {logging_mixin.py:190} INFO - [2025-08-31T18:31:45.236+0000] {dag.py:3239} INFO - Sync 1 DAGs
[2025-08-31T18:31:45.250+0000] {logging_mixin.py:190} INFO - [2025-08-31T18:31:45.249+0000] {dag.py:4180} INFO - Setting next_dagrun for tutorial_dag to None, run_after=None
[2025-08-31T18:31:45.274+0000] {processor.py:208} INFO - Processing /home/krishnaformeera/Sumitomo/datapipeline/venv/lib/python3.11/site-packages/airflow/example_dags/tutorial_dag.py took 0.079 seconds
[2025-08-31T18:32:40.052+0000] {processor.py:186} INFO - Started process (PID=5337) to work on /home/krishnaformeera/Sumitomo/datapipeline/venv/lib/python3.11/site-packages/airflow/example_dags/tutorial_dag.py
[2025-08-31T18:32:40.053+0000] {processor.py:914} INFO - Processing file /home/krishnaformeera/Sumitomo/datapipeline/venv/lib/python3.11/site-packages/airflow/example_dags/tutorial_dag.py for tasks to queue
[2025-08-31T18:32:40.056+0000] {logging_mixin.py:190} INFO - [2025-08-31T18:32:40.055+0000] {dagbag.py:588} INFO - Filling up the DagBag from /home/krishnaformeera/Sumitomo/datapipeline/venv/lib/python3.11/site-packages/airflow/example_dags/tutorial_dag.py
[2025-08-31T18:32:40.065+0000] {processor.py:925} INFO - DAG(s) 'tutorial_dag' retrieved from /home/krishnaformeera/Sumitomo/datapipeline/venv/lib/python3.11/site-packages/airflow/example_dags/tutorial_dag.py
[2025-08-31T18:32:40.083+0000] {logging_mixin.py:190} INFO - [2025-08-31T18:32:40.083+0000] {dag.py:3239} INFO - Sync 1 DAGs
[2025-08-31T18:32:40.097+0000] {logging_mixin.py:190} INFO - [2025-08-31T18:32:40.096+0000] {dag.py:4180} INFO - Setting next_dagrun for tutorial_dag to None, run_after=None
[2025-08-31T18:32:40.121+0000] {processor.py:208} INFO - Processing /home/krishnaformeera/Sumitomo/datapipeline/venv/lib/python3.11/site-packages/airflow/example_dags/tutorial_dag.py took 0.076 seconds
[2025-08-31T18:33:30.085+0000] {processor.py:186} INFO - Started process (PID=5387) to work on /home/krishnaformeera/Sumitomo/datapipeline/venv/lib/python3.11/site-packages/airflow/example_dags/tutorial_dag.py
[2025-08-31T18:33:30.087+0000] {processor.py:914} INFO - Processing file /home/krishnaformeera/Sumitomo/datapipeline/venv/lib/python3.11/site-packages/airflow/example_dags/tutorial_dag.py for tasks to queue
[2025-08-31T18:33:30.089+0000] {logging_mixin.py:190} INFO - [2025-08-31T18:33:30.088+0000] {dagbag.py:588} INFO - Filling up the DagBag from /home/krishnaformeera/Sumitomo/datapipeline/venv/lib/python3.11/site-packages/airflow/example_dags/tutorial_dag.py
[2025-08-31T18:33:30.098+0000] {processor.py:925} INFO - DAG(s) 'tutorial_dag' retrieved from /home/krishnaformeera/Sumitomo/datapipeline/venv/lib/python3.11/site-packages/airflow/example_dags/tutorial_dag.py
[2025-08-31T18:33:30.250+0000] {logging_mixin.py:190} INFO - [2025-08-31T18:33:30.250+0000] {dag.py:3239} INFO - Sync 1 DAGs
[2025-08-31T18:33:30.260+0000] {logging_mixin.py:190} INFO - [2025-08-31T18:33:30.260+0000] {dag.py:4180} INFO - Setting next_dagrun for tutorial_dag to None, run_after=None
[2025-08-31T18:33:30.285+0000] {processor.py:208} INFO - Processing /home/krishnaformeera/Sumitomo/datapipeline/venv/lib/python3.11/site-packages/airflow/example_dags/tutorial_dag.py took 0.207 seconds
[2025-08-31T18:34:26.036+0000] {processor.py:186} INFO - Started process (PID=5443) to work on /home/krishnaformeera/Sumitomo/datapipeline/venv/lib/python3.11/site-packages/airflow/example_dags/tutorial_dag.py
[2025-08-31T18:34:26.037+0000] {processor.py:914} INFO - Processing file /home/krishnaformeera/Sumitomo/datapipeline/venv/lib/python3.11/site-packages/airflow/example_dags/tutorial_dag.py for tasks to queue
[2025-08-31T18:34:26.039+0000] {logging_mixin.py:190} INFO - [2025-08-31T18:34:26.039+0000] {dagbag.py:588} INFO - Filling up the DagBag from /home/krishnaformeera/Sumitomo/datapipeline/venv/lib/python3.11/site-packages/airflow/example_dags/tutorial_dag.py
[2025-08-31T18:34:26.049+0000] {processor.py:925} INFO - DAG(s) 'tutorial_dag' retrieved from /home/krishnaformeera/Sumitomo/datapipeline/venv/lib/python3.11/site-packages/airflow/example_dags/tutorial_dag.py
[2025-08-31T18:34:26.067+0000] {logging_mixin.py:190} INFO - [2025-08-31T18:34:26.067+0000] {dag.py:3239} INFO - Sync 1 DAGs
[2025-08-31T18:34:26.081+0000] {logging_mixin.py:190} INFO - [2025-08-31T18:34:26.081+0000] {dag.py:4180} INFO - Setting next_dagrun for tutorial_dag to None, run_after=None
[2025-08-31T18:34:26.106+0000] {processor.py:208} INFO - Processing /home/krishnaformeera/Sumitomo/datapipeline/venv/lib/python3.11/site-packages/airflow/example_dags/tutorial_dag.py took 0.079 seconds
[2025-08-31T18:35:17.291+0000] {processor.py:186} INFO - Started process (PID=5495) to work on /home/krishnaformeera/Sumitomo/datapipeline/venv/lib/python3.11/site-packages/airflow/example_dags/tutorial_dag.py
[2025-08-31T18:35:17.292+0000] {processor.py:914} INFO - Processing file /home/krishnaformeera/Sumitomo/datapipeline/venv/lib/python3.11/site-packages/airflow/example_dags/tutorial_dag.py for tasks to queue
[2025-08-31T18:35:17.295+0000] {logging_mixin.py:190} INFO - [2025-08-31T18:35:17.294+0000] {dagbag.py:588} INFO - Filling up the DagBag from /home/krishnaformeera/Sumitomo/datapipeline/venv/lib/python3.11/site-packages/airflow/example_dags/tutorial_dag.py
[2025-08-31T18:35:17.304+0000] {processor.py:925} INFO - DAG(s) 'tutorial_dag' retrieved from /home/krishnaformeera/Sumitomo/datapipeline/venv/lib/python3.11/site-packages/airflow/example_dags/tutorial_dag.py
[2025-08-31T18:35:17.323+0000] {logging_mixin.py:190} INFO - [2025-08-31T18:35:17.322+0000] {dag.py:3239} INFO - Sync 1 DAGs
[2025-08-31T18:35:17.336+0000] {logging_mixin.py:190} INFO - [2025-08-31T18:35:17.335+0000] {dag.py:4180} INFO - Setting next_dagrun for tutorial_dag to None, run_after=None
[2025-08-31T18:35:17.360+0000] {processor.py:208} INFO - Processing /home/krishnaformeera/Sumitomo/datapipeline/venv/lib/python3.11/site-packages/airflow/example_dags/tutorial_dag.py took 0.076 seconds
[2025-08-31T18:36:07.404+0000] {processor.py:186} INFO - Started process (PID=5558) to work on /home/krishnaformeera/Sumitomo/datapipeline/venv/lib/python3.11/site-packages/airflow/example_dags/tutorial_dag.py
[2025-08-31T18:36:07.405+0000] {processor.py:914} INFO - Processing file /home/krishnaformeera/Sumitomo/datapipeline/venv/lib/python3.11/site-packages/airflow/example_dags/tutorial_dag.py for tasks to queue
[2025-08-31T18:36:07.408+0000] {logging_mixin.py:190} INFO - [2025-08-31T18:36:07.407+0000] {dagbag.py:588} INFO - Filling up the DagBag from /home/krishnaformeera/Sumitomo/datapipeline/venv/lib/python3.11/site-packages/airflow/example_dags/tutorial_dag.py
[2025-08-31T18:36:07.418+0000] {processor.py:925} INFO - DAG(s) 'tutorial_dag' retrieved from /home/krishnaformeera/Sumitomo/datapipeline/venv/lib/python3.11/site-packages/airflow/example_dags/tutorial_dag.py
[2025-08-31T18:36:07.443+0000] {logging_mixin.py:190} INFO - [2025-08-31T18:36:07.443+0000] {dag.py:3239} INFO - Sync 1 DAGs
[2025-08-31T18:36:07.461+0000] {logging_mixin.py:190} INFO - [2025-08-31T18:36:07.460+0000] {dag.py:4180} INFO - Setting next_dagrun for tutorial_dag to None, run_after=None
[2025-08-31T18:36:07.490+0000] {processor.py:208} INFO - Processing /home/krishnaformeera/Sumitomo/datapipeline/venv/lib/python3.11/site-packages/airflow/example_dags/tutorial_dag.py took 0.093 seconds
[2025-08-31T18:36:58.816+0000] {processor.py:186} INFO - Started process (PID=5625) to work on /home/krishnaformeera/Sumitomo/datapipeline/venv/lib/python3.11/site-packages/airflow/example_dags/tutorial_dag.py
[2025-08-31T18:36:58.818+0000] {processor.py:914} INFO - Processing file /home/krishnaformeera/Sumitomo/datapipeline/venv/lib/python3.11/site-packages/airflow/example_dags/tutorial_dag.py for tasks to queue
[2025-08-31T18:36:58.820+0000] {logging_mixin.py:190} INFO - [2025-08-31T18:36:58.820+0000] {dagbag.py:588} INFO - Filling up the DagBag from /home/krishnaformeera/Sumitomo/datapipeline/venv/lib/python3.11/site-packages/airflow/example_dags/tutorial_dag.py
[2025-08-31T18:36:58.830+0000] {processor.py:925} INFO - DAG(s) 'tutorial_dag' retrieved from /home/krishnaformeera/Sumitomo/datapipeline/venv/lib/python3.11/site-packages/airflow/example_dags/tutorial_dag.py
[2025-08-31T18:36:58.850+0000] {logging_mixin.py:190} INFO - [2025-08-31T18:36:58.850+0000] {dag.py:3239} INFO - Sync 1 DAGs
[2025-08-31T18:36:58.863+0000] {logging_mixin.py:190} INFO - [2025-08-31T18:36:58.863+0000] {dag.py:4180} INFO - Setting next_dagrun for tutorial_dag to None, run_after=None
[2025-08-31T18:36:58.889+0000] {processor.py:208} INFO - Processing /home/krishnaformeera/Sumitomo/datapipeline/venv/lib/python3.11/site-packages/airflow/example_dags/tutorial_dag.py took 0.081 seconds
[2025-08-31T18:37:50.599+0000] {processor.py:186} INFO - Started process (PID=5689) to work on /home/krishnaformeera/Sumitomo/datapipeline/venv/lib/python3.11/site-packages/airflow/example_dags/tutorial_dag.py
[2025-08-31T18:37:50.600+0000] {processor.py:914} INFO - Processing file /home/krishnaformeera/Sumitomo/datapipeline/venv/lib/python3.11/site-packages/airflow/example_dags/tutorial_dag.py for tasks to queue
[2025-08-31T18:37:50.602+0000] {logging_mixin.py:190} INFO - [2025-08-31T18:37:50.602+0000] {dagbag.py:588} INFO - Filling up the DagBag from /home/krishnaformeera/Sumitomo/datapipeline/venv/lib/python3.11/site-packages/airflow/example_dags/tutorial_dag.py
[2025-08-31T18:37:50.609+0000] {processor.py:925} INFO - DAG(s) 'tutorial_dag' retrieved from /home/krishnaformeera/Sumitomo/datapipeline/venv/lib/python3.11/site-packages/airflow/example_dags/tutorial_dag.py
[2025-08-31T18:37:50.625+0000] {logging_mixin.py:190} INFO - [2025-08-31T18:37:50.624+0000] {dag.py:3239} INFO - Sync 1 DAGs
[2025-08-31T18:37:50.636+0000] {logging_mixin.py:190} INFO - [2025-08-31T18:37:50.636+0000] {dag.py:4180} INFO - Setting next_dagrun for tutorial_dag to None, run_after=None
[2025-08-31T18:37:50.656+0000] {processor.py:208} INFO - Processing /home/krishnaformeera/Sumitomo/datapipeline/venv/lib/python3.11/site-packages/airflow/example_dags/tutorial_dag.py took 0.064 seconds
[2025-08-31T18:39:57.080+0000] {processor.py:186} INFO - Started process (PID=6007) to work on /home/krishnaformeera/Sumitomo/datapipeline/venv/lib/python3.11/site-packages/airflow/example_dags/tutorial_dag.py
[2025-08-31T18:39:57.081+0000] {processor.py:914} INFO - Processing file /home/krishnaformeera/Sumitomo/datapipeline/venv/lib/python3.11/site-packages/airflow/example_dags/tutorial_dag.py for tasks to queue
[2025-08-31T18:39:57.083+0000] {logging_mixin.py:190} INFO - [2025-08-31T18:39:57.083+0000] {dagbag.py:588} INFO - Filling up the DagBag from /home/krishnaformeera/Sumitomo/datapipeline/venv/lib/python3.11/site-packages/airflow/example_dags/tutorial_dag.py
[2025-08-31T18:39:57.091+0000] {processor.py:925} INFO - DAG(s) 'tutorial_dag' retrieved from /home/krishnaformeera/Sumitomo/datapipeline/venv/lib/python3.11/site-packages/airflow/example_dags/tutorial_dag.py
[2025-08-31T18:39:57.118+0000] {logging_mixin.py:190} INFO - [2025-08-31T18:39:57.118+0000] {dag.py:3239} INFO - Sync 1 DAGs
[2025-08-31T18:39:57.135+0000] {logging_mixin.py:190} INFO - [2025-08-31T18:39:57.135+0000] {dag.py:4180} INFO - Setting next_dagrun for tutorial_dag to None, run_after=None
[2025-08-31T18:39:57.162+0000] {processor.py:208} INFO - Processing /home/krishnaformeera/Sumitomo/datapipeline/venv/lib/python3.11/site-packages/airflow/example_dags/tutorial_dag.py took 0.088 seconds
[2025-08-31T18:40:51.595+0000] {processor.py:186} INFO - Started process (PID=6309) to work on /home/krishnaformeera/Sumitomo/datapipeline/venv/lib/python3.11/site-packages/airflow/example_dags/tutorial_dag.py
[2025-08-31T18:40:51.598+0000] {processor.py:914} INFO - Processing file /home/krishnaformeera/Sumitomo/datapipeline/venv/lib/python3.11/site-packages/airflow/example_dags/tutorial_dag.py for tasks to queue
[2025-08-31T18:40:51.601+0000] {logging_mixin.py:190} INFO - [2025-08-31T18:40:51.600+0000] {dagbag.py:588} INFO - Filling up the DagBag from /home/krishnaformeera/Sumitomo/datapipeline/venv/lib/python3.11/site-packages/airflow/example_dags/tutorial_dag.py
[2025-08-31T18:40:51.610+0000] {processor.py:925} INFO - DAG(s) 'tutorial_dag' retrieved from /home/krishnaformeera/Sumitomo/datapipeline/venv/lib/python3.11/site-packages/airflow/example_dags/tutorial_dag.py
[2025-08-31T18:40:51.629+0000] {logging_mixin.py:190} INFO - [2025-08-31T18:40:51.628+0000] {dag.py:3239} INFO - Sync 1 DAGs
[2025-08-31T18:40:51.643+0000] {logging_mixin.py:190} INFO - [2025-08-31T18:40:51.643+0000] {dag.py:4180} INFO - Setting next_dagrun for tutorial_dag to None, run_after=None
[2025-08-31T18:40:51.668+0000] {processor.py:208} INFO - Processing /home/krishnaformeera/Sumitomo/datapipeline/venv/lib/python3.11/site-packages/airflow/example_dags/tutorial_dag.py took 0.080 seconds
[2025-08-31T18:41:42.585+0000] {processor.py:186} INFO - Started process (PID=6446) to work on /home/krishnaformeera/Sumitomo/datapipeline/venv/lib/python3.11/site-packages/airflow/example_dags/tutorial_dag.py
[2025-08-31T18:41:42.586+0000] {processor.py:914} INFO - Processing file /home/krishnaformeera/Sumitomo/datapipeline/venv/lib/python3.11/site-packages/airflow/example_dags/tutorial_dag.py for tasks to queue
[2025-08-31T18:41:42.589+0000] {logging_mixin.py:190} INFO - [2025-08-31T18:41:42.589+0000] {dagbag.py:588} INFO - Filling up the DagBag from /home/krishnaformeera/Sumitomo/datapipeline/venv/lib/python3.11/site-packages/airflow/example_dags/tutorial_dag.py
[2025-08-31T18:41:42.600+0000] {processor.py:925} INFO - DAG(s) 'tutorial_dag' retrieved from /home/krishnaformeera/Sumitomo/datapipeline/venv/lib/python3.11/site-packages/airflow/example_dags/tutorial_dag.py
[2025-08-31T18:41:42.621+0000] {logging_mixin.py:190} INFO - [2025-08-31T18:41:42.620+0000] {dag.py:3239} INFO - Sync 1 DAGs
[2025-08-31T18:41:42.637+0000] {logging_mixin.py:190} INFO - [2025-08-31T18:41:42.636+0000] {dag.py:4180} INFO - Setting next_dagrun for tutorial_dag to None, run_after=None
[2025-08-31T18:41:42.661+0000] {processor.py:208} INFO - Processing /home/krishnaformeera/Sumitomo/datapipeline/venv/lib/python3.11/site-packages/airflow/example_dags/tutorial_dag.py took 0.084 seconds
[2025-08-31T18:42:36.411+0000] {processor.py:186} INFO - Started process (PID=6631) to work on /home/krishnaformeera/Sumitomo/datapipeline/venv/lib/python3.11/site-packages/airflow/example_dags/tutorial_dag.py
[2025-08-31T18:42:36.412+0000] {processor.py:914} INFO - Processing file /home/krishnaformeera/Sumitomo/datapipeline/venv/lib/python3.11/site-packages/airflow/example_dags/tutorial_dag.py for tasks to queue
[2025-08-31T18:42:36.414+0000] {logging_mixin.py:190} INFO - [2025-08-31T18:42:36.414+0000] {dagbag.py:588} INFO - Filling up the DagBag from /home/krishnaformeera/Sumitomo/datapipeline/venv/lib/python3.11/site-packages/airflow/example_dags/tutorial_dag.py
[2025-08-31T18:42:36.422+0000] {processor.py:925} INFO - DAG(s) 'tutorial_dag' retrieved from /home/krishnaformeera/Sumitomo/datapipeline/venv/lib/python3.11/site-packages/airflow/example_dags/tutorial_dag.py
[2025-08-31T18:42:36.438+0000] {logging_mixin.py:190} INFO - [2025-08-31T18:42:36.437+0000] {dag.py:3239} INFO - Sync 1 DAGs
[2025-08-31T18:42:36.551+0000] {logging_mixin.py:190} INFO - [2025-08-31T18:42:36.550+0000] {dag.py:4180} INFO - Setting next_dagrun for tutorial_dag to None, run_after=None
[2025-08-31T18:42:36.574+0000] {processor.py:208} INFO - Processing /home/krishnaformeera/Sumitomo/datapipeline/venv/lib/python3.11/site-packages/airflow/example_dags/tutorial_dag.py took 0.170 seconds
[2025-08-31T18:43:36.059+0000] {processor.py:186} INFO - Started process (PID=6887) to work on /home/krishnaformeera/Sumitomo/datapipeline/venv/lib/python3.11/site-packages/airflow/example_dags/tutorial_dag.py
[2025-08-31T18:43:36.060+0000] {processor.py:914} INFO - Processing file /home/krishnaformeera/Sumitomo/datapipeline/venv/lib/python3.11/site-packages/airflow/example_dags/tutorial_dag.py for tasks to queue
[2025-08-31T18:43:36.063+0000] {logging_mixin.py:190} INFO - [2025-08-31T18:43:36.063+0000] {dagbag.py:588} INFO - Filling up the DagBag from /home/krishnaformeera/Sumitomo/datapipeline/venv/lib/python3.11/site-packages/airflow/example_dags/tutorial_dag.py
[2025-08-31T18:43:36.074+0000] {processor.py:925} INFO - DAG(s) 'tutorial_dag' retrieved from /home/krishnaformeera/Sumitomo/datapipeline/venv/lib/python3.11/site-packages/airflow/example_dags/tutorial_dag.py
[2025-08-31T18:43:36.094+0000] {logging_mixin.py:190} INFO - [2025-08-31T18:43:36.094+0000] {dag.py:3239} INFO - Sync 1 DAGs
[2025-08-31T18:43:36.109+0000] {logging_mixin.py:190} INFO - [2025-08-31T18:43:36.109+0000] {dag.py:4180} INFO - Setting next_dagrun for tutorial_dag to None, run_after=None
[2025-08-31T18:43:36.136+0000] {processor.py:208} INFO - Processing /home/krishnaformeera/Sumitomo/datapipeline/venv/lib/python3.11/site-packages/airflow/example_dags/tutorial_dag.py took 0.086 seconds
[2025-08-31T18:44:26.903+0000] {processor.py:186} INFO - Started process (PID=7101) to work on /home/krishnaformeera/Sumitomo/datapipeline/venv/lib/python3.11/site-packages/airflow/example_dags/tutorial_dag.py
[2025-08-31T18:44:26.909+0000] {processor.py:914} INFO - Processing file /home/krishnaformeera/Sumitomo/datapipeline/venv/lib/python3.11/site-packages/airflow/example_dags/tutorial_dag.py for tasks to queue
[2025-08-31T18:44:26.912+0000] {logging_mixin.py:190} INFO - [2025-08-31T18:44:26.912+0000] {dagbag.py:588} INFO - Filling up the DagBag from /home/krishnaformeera/Sumitomo/datapipeline/venv/lib/python3.11/site-packages/airflow/example_dags/tutorial_dag.py
[2025-08-31T18:44:26.929+0000] {processor.py:925} INFO - DAG(s) 'tutorial_dag' retrieved from /home/krishnaformeera/Sumitomo/datapipeline/venv/lib/python3.11/site-packages/airflow/example_dags/tutorial_dag.py
[2025-08-31T18:44:26.955+0000] {logging_mixin.py:190} INFO - [2025-08-31T18:44:26.955+0000] {dag.py:3239} INFO - Sync 1 DAGs
[2025-08-31T18:44:26.977+0000] {logging_mixin.py:190} INFO - [2025-08-31T18:44:26.977+0000] {dag.py:4180} INFO - Setting next_dagrun for tutorial_dag to None, run_after=None
[2025-08-31T18:44:27.010+0000] {processor.py:208} INFO - Processing /home/krishnaformeera/Sumitomo/datapipeline/venv/lib/python3.11/site-packages/airflow/example_dags/tutorial_dag.py took 0.118 seconds
[2025-08-31T18:45:17.419+0000] {processor.py:186} INFO - Started process (PID=7361) to work on /home/krishnaformeera/Sumitomo/datapipeline/venv/lib/python3.11/site-packages/airflow/example_dags/tutorial_dag.py
[2025-08-31T18:45:17.420+0000] {processor.py:914} INFO - Processing file /home/krishnaformeera/Sumitomo/datapipeline/venv/lib/python3.11/site-packages/airflow/example_dags/tutorial_dag.py for tasks to queue
[2025-08-31T18:45:17.423+0000] {logging_mixin.py:190} INFO - [2025-08-31T18:45:17.422+0000] {dagbag.py:588} INFO - Filling up the DagBag from /home/krishnaformeera/Sumitomo/datapipeline/venv/lib/python3.11/site-packages/airflow/example_dags/tutorial_dag.py
[2025-08-31T18:45:17.432+0000] {processor.py:925} INFO - DAG(s) 'tutorial_dag' retrieved from /home/krishnaformeera/Sumitomo/datapipeline/venv/lib/python3.11/site-packages/airflow/example_dags/tutorial_dag.py
[2025-08-31T18:45:17.450+0000] {logging_mixin.py:190} INFO - [2025-08-31T18:45:17.450+0000] {dag.py:3239} INFO - Sync 1 DAGs
[2025-08-31T18:45:17.463+0000] {logging_mixin.py:190} INFO - [2025-08-31T18:45:17.463+0000] {dag.py:4180} INFO - Setting next_dagrun for tutorial_dag to None, run_after=None
[2025-08-31T18:45:17.497+0000] {processor.py:208} INFO - Processing /home/krishnaformeera/Sumitomo/datapipeline/venv/lib/python3.11/site-packages/airflow/example_dags/tutorial_dag.py took 0.085 seconds
[2025-08-31T18:46:10.079+0000] {processor.py:186} INFO - Started process (PID=7629) to work on /home/krishnaformeera/Sumitomo/datapipeline/venv/lib/python3.11/site-packages/airflow/example_dags/tutorial_dag.py
[2025-08-31T18:46:10.093+0000] {processor.py:914} INFO - Processing file /home/krishnaformeera/Sumitomo/datapipeline/venv/lib/python3.11/site-packages/airflow/example_dags/tutorial_dag.py for tasks to queue
[2025-08-31T18:46:10.098+0000] {logging_mixin.py:190} INFO - [2025-08-31T18:46:10.097+0000] {dagbag.py:588} INFO - Filling up the DagBag from /home/krishnaformeera/Sumitomo/datapipeline/venv/lib/python3.11/site-packages/airflow/example_dags/tutorial_dag.py
[2025-08-31T18:46:10.107+0000] {processor.py:925} INFO - DAG(s) 'tutorial_dag' retrieved from /home/krishnaformeera/Sumitomo/datapipeline/venv/lib/python3.11/site-packages/airflow/example_dags/tutorial_dag.py
[2025-08-31T18:46:10.124+0000] {logging_mixin.py:190} INFO - [2025-08-31T18:46:10.124+0000] {dag.py:3239} INFO - Sync 1 DAGs
[2025-08-31T18:46:10.137+0000] {logging_mixin.py:190} INFO - [2025-08-31T18:46:10.137+0000] {dag.py:4180} INFO - Setting next_dagrun for tutorial_dag to None, run_after=None
[2025-08-31T18:46:10.164+0000] {processor.py:208} INFO - Processing /home/krishnaformeera/Sumitomo/datapipeline/venv/lib/python3.11/site-packages/airflow/example_dags/tutorial_dag.py took 0.091 seconds
[2025-08-31T18:47:03.089+0000] {processor.py:186} INFO - Started process (PID=7769) to work on /home/krishnaformeera/Sumitomo/datapipeline/venv/lib/python3.11/site-packages/airflow/example_dags/tutorial_dag.py
[2025-08-31T18:47:03.091+0000] {processor.py:914} INFO - Processing file /home/krishnaformeera/Sumitomo/datapipeline/venv/lib/python3.11/site-packages/airflow/example_dags/tutorial_dag.py for tasks to queue
[2025-08-31T18:47:03.094+0000] {logging_mixin.py:190} INFO - [2025-08-31T18:47:03.093+0000] {dagbag.py:588} INFO - Filling up the DagBag from /home/krishnaformeera/Sumitomo/datapipeline/venv/lib/python3.11/site-packages/airflow/example_dags/tutorial_dag.py
[2025-08-31T18:47:03.102+0000] {processor.py:925} INFO - DAG(s) 'tutorial_dag' retrieved from /home/krishnaformeera/Sumitomo/datapipeline/venv/lib/python3.11/site-packages/airflow/example_dags/tutorial_dag.py
[2025-08-31T18:47:03.117+0000] {logging_mixin.py:190} INFO - [2025-08-31T18:47:03.117+0000] {dag.py:3239} INFO - Sync 1 DAGs
[2025-08-31T18:47:03.129+0000] {logging_mixin.py:190} INFO - [2025-08-31T18:47:03.129+0000] {dag.py:4180} INFO - Setting next_dagrun for tutorial_dag to None, run_after=None
[2025-08-31T18:47:03.150+0000] {processor.py:208} INFO - Processing /home/krishnaformeera/Sumitomo/datapipeline/venv/lib/python3.11/site-packages/airflow/example_dags/tutorial_dag.py took 0.067 seconds
[2025-08-31T18:47:52.613+0000] {processor.py:186} INFO - Started process (PID=7825) to work on /home/krishnaformeera/Sumitomo/datapipeline/venv/lib/python3.11/site-packages/airflow/example_dags/tutorial_dag.py
[2025-08-31T18:47:52.614+0000] {processor.py:914} INFO - Processing file /home/krishnaformeera/Sumitomo/datapipeline/venv/lib/python3.11/site-packages/airflow/example_dags/tutorial_dag.py for tasks to queue
[2025-08-31T18:47:52.616+0000] {logging_mixin.py:190} INFO - [2025-08-31T18:47:52.616+0000] {dagbag.py:588} INFO - Filling up the DagBag from /home/krishnaformeera/Sumitomo/datapipeline/venv/lib/python3.11/site-packages/airflow/example_dags/tutorial_dag.py
[2025-08-31T18:47:52.625+0000] {processor.py:925} INFO - DAG(s) 'tutorial_dag' retrieved from /home/krishnaformeera/Sumitomo/datapipeline/venv/lib/python3.11/site-packages/airflow/example_dags/tutorial_dag.py
[2025-08-31T18:47:52.641+0000] {logging_mixin.py:190} INFO - [2025-08-31T18:47:52.641+0000] {dag.py:3239} INFO - Sync 1 DAGs
[2025-08-31T18:47:52.656+0000] {logging_mixin.py:190} INFO - [2025-08-31T18:47:52.655+0000] {dag.py:4180} INFO - Setting next_dagrun for tutorial_dag to None, run_after=None
[2025-08-31T18:47:52.683+0000] {processor.py:208} INFO - Processing /home/krishnaformeera/Sumitomo/datapipeline/venv/lib/python3.11/site-packages/airflow/example_dags/tutorial_dag.py took 0.080 seconds
[2025-08-31T18:48:43.328+0000] {processor.py:186} INFO - Started process (PID=7880) to work on /home/krishnaformeera/Sumitomo/datapipeline/venv/lib/python3.11/site-packages/airflow/example_dags/tutorial_dag.py
[2025-08-31T18:48:43.329+0000] {processor.py:914} INFO - Processing file /home/krishnaformeera/Sumitomo/datapipeline/venv/lib/python3.11/site-packages/airflow/example_dags/tutorial_dag.py for tasks to queue
[2025-08-31T18:48:43.331+0000] {logging_mixin.py:190} INFO - [2025-08-31T18:48:43.331+0000] {dagbag.py:588} INFO - Filling up the DagBag from /home/krishnaformeera/Sumitomo/datapipeline/venv/lib/python3.11/site-packages/airflow/example_dags/tutorial_dag.py
[2025-08-31T18:48:43.341+0000] {processor.py:925} INFO - DAG(s) 'tutorial_dag' retrieved from /home/krishnaformeera/Sumitomo/datapipeline/venv/lib/python3.11/site-packages/airflow/example_dags/tutorial_dag.py
[2025-08-31T18:48:43.359+0000] {logging_mixin.py:190} INFO - [2025-08-31T18:48:43.359+0000] {dag.py:3239} INFO - Sync 1 DAGs
[2025-08-31T18:48:43.375+0000] {logging_mixin.py:190} INFO - [2025-08-31T18:48:43.374+0000] {dag.py:4180} INFO - Setting next_dagrun for tutorial_dag to None, run_after=None
[2025-08-31T18:48:43.399+0000] {processor.py:208} INFO - Processing /home/krishnaformeera/Sumitomo/datapipeline/venv/lib/python3.11/site-packages/airflow/example_dags/tutorial_dag.py took 0.080 seconds
[2025-08-31T18:49:34.087+0000] {processor.py:186} INFO - Started process (PID=7941) to work on /home/krishnaformeera/Sumitomo/datapipeline/venv/lib/python3.11/site-packages/airflow/example_dags/tutorial_dag.py
[2025-08-31T18:49:34.088+0000] {processor.py:914} INFO - Processing file /home/krishnaformeera/Sumitomo/datapipeline/venv/lib/python3.11/site-packages/airflow/example_dags/tutorial_dag.py for tasks to queue
[2025-08-31T18:49:34.091+0000] {logging_mixin.py:190} INFO - [2025-08-31T18:49:34.090+0000] {dagbag.py:588} INFO - Filling up the DagBag from /home/krishnaformeera/Sumitomo/datapipeline/venv/lib/python3.11/site-packages/airflow/example_dags/tutorial_dag.py
[2025-08-31T18:49:34.110+0000] {processor.py:925} INFO - DAG(s) 'tutorial_dag' retrieved from /home/krishnaformeera/Sumitomo/datapipeline/venv/lib/python3.11/site-packages/airflow/example_dags/tutorial_dag.py
[2025-08-31T18:49:34.128+0000] {logging_mixin.py:190} INFO - [2025-08-31T18:49:34.128+0000] {dag.py:3239} INFO - Sync 1 DAGs
[2025-08-31T18:49:34.140+0000] {logging_mixin.py:190} INFO - [2025-08-31T18:49:34.140+0000] {dag.py:4180} INFO - Setting next_dagrun for tutorial_dag to None, run_after=None
[2025-08-31T18:49:34.164+0000] {processor.py:208} INFO - Processing /home/krishnaformeera/Sumitomo/datapipeline/venv/lib/python3.11/site-packages/airflow/example_dags/tutorial_dag.py took 0.086 seconds
[2025-08-31T18:50:27.955+0000] {processor.py:186} INFO - Started process (PID=8055) to work on /home/krishnaformeera/Sumitomo/datapipeline/venv/lib/python3.11/site-packages/airflow/example_dags/tutorial_dag.py
[2025-08-31T18:50:27.955+0000] {processor.py:914} INFO - Processing file /home/krishnaformeera/Sumitomo/datapipeline/venv/lib/python3.11/site-packages/airflow/example_dags/tutorial_dag.py for tasks to queue
[2025-08-31T18:50:27.958+0000] {logging_mixin.py:190} INFO - [2025-08-31T18:50:27.957+0000] {dagbag.py:588} INFO - Filling up the DagBag from /home/krishnaformeera/Sumitomo/datapipeline/venv/lib/python3.11/site-packages/airflow/example_dags/tutorial_dag.py
[2025-08-31T18:50:27.967+0000] {processor.py:925} INFO - DAG(s) 'tutorial_dag' retrieved from /home/krishnaformeera/Sumitomo/datapipeline/venv/lib/python3.11/site-packages/airflow/example_dags/tutorial_dag.py
[2025-08-31T18:50:27.985+0000] {logging_mixin.py:190} INFO - [2025-08-31T18:50:27.984+0000] {dag.py:3239} INFO - Sync 1 DAGs
[2025-08-31T18:50:27.996+0000] {logging_mixin.py:190} INFO - [2025-08-31T18:50:27.996+0000] {dag.py:4180} INFO - Setting next_dagrun for tutorial_dag to None, run_after=None
[2025-08-31T18:50:28.017+0000] {processor.py:208} INFO - Processing /home/krishnaformeera/Sumitomo/datapipeline/venv/lib/python3.11/site-packages/airflow/example_dags/tutorial_dag.py took 0.069 seconds
[2025-08-31T18:51:19.652+0000] {processor.py:186} INFO - Started process (PID=8136) to work on /home/krishnaformeera/Sumitomo/datapipeline/venv/lib/python3.11/site-packages/airflow/example_dags/tutorial_dag.py
[2025-08-31T18:51:19.653+0000] {processor.py:914} INFO - Processing file /home/krishnaformeera/Sumitomo/datapipeline/venv/lib/python3.11/site-packages/airflow/example_dags/tutorial_dag.py for tasks to queue
[2025-08-31T18:51:19.655+0000] {logging_mixin.py:190} INFO - [2025-08-31T18:51:19.654+0000] {dagbag.py:588} INFO - Filling up the DagBag from /home/krishnaformeera/Sumitomo/datapipeline/venv/lib/python3.11/site-packages/airflow/example_dags/tutorial_dag.py
[2025-08-31T18:51:19.662+0000] {processor.py:925} INFO - DAG(s) 'tutorial_dag' retrieved from /home/krishnaformeera/Sumitomo/datapipeline/venv/lib/python3.11/site-packages/airflow/example_dags/tutorial_dag.py
[2025-08-31T18:51:19.677+0000] {logging_mixin.py:190} INFO - [2025-08-31T18:51:19.677+0000] {dag.py:3239} INFO - Sync 1 DAGs
[2025-08-31T18:51:19.691+0000] {logging_mixin.py:190} INFO - [2025-08-31T18:51:19.691+0000] {dag.py:4180} INFO - Setting next_dagrun for tutorial_dag to None, run_after=None
[2025-08-31T18:51:19.715+0000] {processor.py:208} INFO - Processing /home/krishnaformeera/Sumitomo/datapipeline/venv/lib/python3.11/site-packages/airflow/example_dags/tutorial_dag.py took 0.069 seconds
[2025-08-31T18:52:09.742+0000] {processor.py:186} INFO - Started process (PID=8208) to work on /home/krishnaformeera/Sumitomo/datapipeline/venv/lib/python3.11/site-packages/airflow/example_dags/tutorial_dag.py
[2025-08-31T18:52:09.744+0000] {processor.py:914} INFO - Processing file /home/krishnaformeera/Sumitomo/datapipeline/venv/lib/python3.11/site-packages/airflow/example_dags/tutorial_dag.py for tasks to queue
[2025-08-31T18:52:09.747+0000] {logging_mixin.py:190} INFO - [2025-08-31T18:52:09.747+0000] {dagbag.py:588} INFO - Filling up the DagBag from /home/krishnaformeera/Sumitomo/datapipeline/venv/lib/python3.11/site-packages/airflow/example_dags/tutorial_dag.py
[2025-08-31T18:52:09.760+0000] {processor.py:925} INFO - DAG(s) 'tutorial_dag' retrieved from /home/krishnaformeera/Sumitomo/datapipeline/venv/lib/python3.11/site-packages/airflow/example_dags/tutorial_dag.py
[2025-08-31T18:52:09.781+0000] {logging_mixin.py:190} INFO - [2025-08-31T18:52:09.781+0000] {dag.py:3239} INFO - Sync 1 DAGs
[2025-08-31T18:52:09.797+0000] {logging_mixin.py:190} INFO - [2025-08-31T18:52:09.796+0000] {dag.py:4180} INFO - Setting next_dagrun for tutorial_dag to None, run_after=None
[2025-08-31T18:52:09.825+0000] {processor.py:208} INFO - Processing /home/krishnaformeera/Sumitomo/datapipeline/venv/lib/python3.11/site-packages/airflow/example_dags/tutorial_dag.py took 0.091 seconds
[2025-08-31T18:52:57.016+0000] {processor.py:186} INFO - Started process (PID=8268) to work on /home/krishnaformeera/Sumitomo/datapipeline/venv/lib/python3.11/site-packages/airflow/example_dags/tutorial_dag.py
[2025-08-31T18:52:57.018+0000] {processor.py:914} INFO - Processing file /home/krishnaformeera/Sumitomo/datapipeline/venv/lib/python3.11/site-packages/airflow/example_dags/tutorial_dag.py for tasks to queue
[2025-08-31T18:52:57.021+0000] {logging_mixin.py:190} INFO - [2025-08-31T18:52:57.021+0000] {dagbag.py:588} INFO - Filling up the DagBag from /home/krishnaformeera/Sumitomo/datapipeline/venv/lib/python3.11/site-packages/airflow/example_dags/tutorial_dag.py
[2025-08-31T18:52:57.035+0000] {processor.py:925} INFO - DAG(s) 'tutorial_dag' retrieved from /home/krishnaformeera/Sumitomo/datapipeline/venv/lib/python3.11/site-packages/airflow/example_dags/tutorial_dag.py
[2025-08-31T18:52:57.060+0000] {logging_mixin.py:190} INFO - [2025-08-31T18:52:57.060+0000] {dag.py:3239} INFO - Sync 1 DAGs
[2025-08-31T18:52:57.076+0000] {logging_mixin.py:190} INFO - [2025-08-31T18:52:57.075+0000] {dag.py:4180} INFO - Setting next_dagrun for tutorial_dag to None, run_after=None
[2025-08-31T18:52:57.100+0000] {processor.py:208} INFO - Processing /home/krishnaformeera/Sumitomo/datapipeline/venv/lib/python3.11/site-packages/airflow/example_dags/tutorial_dag.py took 0.095 seconds
[2025-08-31T18:53:46.692+0000] {processor.py:186} INFO - Started process (PID=8462) to work on /home/krishnaformeera/Sumitomo/datapipeline/venv/lib/python3.11/site-packages/airflow/example_dags/tutorial_dag.py
[2025-08-31T18:53:46.693+0000] {processor.py:914} INFO - Processing file /home/krishnaformeera/Sumitomo/datapipeline/venv/lib/python3.11/site-packages/airflow/example_dags/tutorial_dag.py for tasks to queue
[2025-08-31T18:53:46.695+0000] {logging_mixin.py:190} INFO - [2025-08-31T18:53:46.695+0000] {dagbag.py:588} INFO - Filling up the DagBag from /home/krishnaformeera/Sumitomo/datapipeline/venv/lib/python3.11/site-packages/airflow/example_dags/tutorial_dag.py
[2025-08-31T18:53:46.703+0000] {processor.py:925} INFO - DAG(s) 'tutorial_dag' retrieved from /home/krishnaformeera/Sumitomo/datapipeline/venv/lib/python3.11/site-packages/airflow/example_dags/tutorial_dag.py
[2025-08-31T18:53:46.719+0000] {logging_mixin.py:190} INFO - [2025-08-31T18:53:46.719+0000] {dag.py:3239} INFO - Sync 1 DAGs
[2025-08-31T18:53:46.731+0000] {logging_mixin.py:190} INFO - [2025-08-31T18:53:46.731+0000] {dag.py:4180} INFO - Setting next_dagrun for tutorial_dag to None, run_after=None
[2025-08-31T18:53:46.752+0000] {processor.py:208} INFO - Processing /home/krishnaformeera/Sumitomo/datapipeline/venv/lib/python3.11/site-packages/airflow/example_dags/tutorial_dag.py took 0.068 seconds
[2025-08-31T18:54:35.243+0000] {processor.py:186} INFO - Started process (PID=8512) to work on /home/krishnaformeera/Sumitomo/datapipeline/venv/lib/python3.11/site-packages/airflow/example_dags/tutorial_dag.py
[2025-08-31T18:54:35.245+0000] {processor.py:914} INFO - Processing file /home/krishnaformeera/Sumitomo/datapipeline/venv/lib/python3.11/site-packages/airflow/example_dags/tutorial_dag.py for tasks to queue
[2025-08-31T18:54:35.247+0000] {logging_mixin.py:190} INFO - [2025-08-31T18:54:35.247+0000] {dagbag.py:588} INFO - Filling up the DagBag from /home/krishnaformeera/Sumitomo/datapipeline/venv/lib/python3.11/site-packages/airflow/example_dags/tutorial_dag.py
[2025-08-31T18:54:35.258+0000] {processor.py:925} INFO - DAG(s) 'tutorial_dag' retrieved from /home/krishnaformeera/Sumitomo/datapipeline/venv/lib/python3.11/site-packages/airflow/example_dags/tutorial_dag.py
[2025-08-31T18:54:35.275+0000] {logging_mixin.py:190} INFO - [2025-08-31T18:54:35.275+0000] {dag.py:3239} INFO - Sync 1 DAGs
[2025-08-31T18:54:35.289+0000] {logging_mixin.py:190} INFO - [2025-08-31T18:54:35.289+0000] {dag.py:4180} INFO - Setting next_dagrun for tutorial_dag to None, run_after=None
[2025-08-31T18:54:35.319+0000] {processor.py:208} INFO - Processing /home/krishnaformeera/Sumitomo/datapipeline/venv/lib/python3.11/site-packages/airflow/example_dags/tutorial_dag.py took 0.084 seconds
[2025-08-31T18:55:28.014+0000] {processor.py:186} INFO - Started process (PID=8592) to work on /home/krishnaformeera/Sumitomo/datapipeline/venv/lib/python3.11/site-packages/airflow/example_dags/tutorial_dag.py
[2025-08-31T18:55:28.015+0000] {processor.py:914} INFO - Processing file /home/krishnaformeera/Sumitomo/datapipeline/venv/lib/python3.11/site-packages/airflow/example_dags/tutorial_dag.py for tasks to queue
[2025-08-31T18:55:28.019+0000] {logging_mixin.py:190} INFO - [2025-08-31T18:55:28.018+0000] {dagbag.py:588} INFO - Filling up the DagBag from /home/krishnaformeera/Sumitomo/datapipeline/venv/lib/python3.11/site-packages/airflow/example_dags/tutorial_dag.py
[2025-08-31T18:55:28.030+0000] {processor.py:925} INFO - DAG(s) 'tutorial_dag' retrieved from /home/krishnaformeera/Sumitomo/datapipeline/venv/lib/python3.11/site-packages/airflow/example_dags/tutorial_dag.py
[2025-08-31T18:55:28.056+0000] {logging_mixin.py:190} INFO - [2025-08-31T18:55:28.056+0000] {dag.py:3239} INFO - Sync 1 DAGs
[2025-08-31T18:55:28.069+0000] {logging_mixin.py:190} INFO - [2025-08-31T18:55:28.069+0000] {dag.py:4180} INFO - Setting next_dagrun for tutorial_dag to None, run_after=None
[2025-08-31T18:55:28.099+0000] {processor.py:208} INFO - Processing /home/krishnaformeera/Sumitomo/datapipeline/venv/lib/python3.11/site-packages/airflow/example_dags/tutorial_dag.py took 0.091 seconds
[2025-08-31T18:56:22.400+0000] {processor.py:186} INFO - Started process (PID=8661) to work on /home/krishnaformeera/Sumitomo/datapipeline/venv/lib/python3.11/site-packages/airflow/example_dags/tutorial_dag.py
[2025-08-31T18:56:22.402+0000] {processor.py:914} INFO - Processing file /home/krishnaformeera/Sumitomo/datapipeline/venv/lib/python3.11/site-packages/airflow/example_dags/tutorial_dag.py for tasks to queue
[2025-08-31T18:56:22.404+0000] {logging_mixin.py:190} INFO - [2025-08-31T18:56:22.404+0000] {dagbag.py:588} INFO - Filling up the DagBag from /home/krishnaformeera/Sumitomo/datapipeline/venv/lib/python3.11/site-packages/airflow/example_dags/tutorial_dag.py
[2025-08-31T18:56:22.414+0000] {processor.py:925} INFO - DAG(s) 'tutorial_dag' retrieved from /home/krishnaformeera/Sumitomo/datapipeline/venv/lib/python3.11/site-packages/airflow/example_dags/tutorial_dag.py
[2025-08-31T18:56:22.434+0000] {logging_mixin.py:190} INFO - [2025-08-31T18:56:22.434+0000] {dag.py:3239} INFO - Sync 1 DAGs
[2025-08-31T18:56:22.449+0000] {logging_mixin.py:190} INFO - [2025-08-31T18:56:22.449+0000] {dag.py:4180} INFO - Setting next_dagrun for tutorial_dag to None, run_after=None
[2025-08-31T18:56:22.475+0000] {processor.py:208} INFO - Processing /home/krishnaformeera/Sumitomo/datapipeline/venv/lib/python3.11/site-packages/airflow/example_dags/tutorial_dag.py took 0.082 seconds
[2025-08-31T18:57:16.312+0000] {processor.py:186} INFO - Started process (PID=8714) to work on /home/krishnaformeera/Sumitomo/datapipeline/venv/lib/python3.11/site-packages/airflow/example_dags/tutorial_dag.py
[2025-08-31T18:57:16.313+0000] {processor.py:914} INFO - Processing file /home/krishnaformeera/Sumitomo/datapipeline/venv/lib/python3.11/site-packages/airflow/example_dags/tutorial_dag.py for tasks to queue
[2025-08-31T18:57:16.316+0000] {logging_mixin.py:190} INFO - [2025-08-31T18:57:16.315+0000] {dagbag.py:588} INFO - Filling up the DagBag from /home/krishnaformeera/Sumitomo/datapipeline/venv/lib/python3.11/site-packages/airflow/example_dags/tutorial_dag.py
[2025-08-31T18:57:16.326+0000] {processor.py:925} INFO - DAG(s) 'tutorial_dag' retrieved from /home/krishnaformeera/Sumitomo/datapipeline/venv/lib/python3.11/site-packages/airflow/example_dags/tutorial_dag.py
[2025-08-31T18:57:16.348+0000] {logging_mixin.py:190} INFO - [2025-08-31T18:57:16.348+0000] {dag.py:3239} INFO - Sync 1 DAGs
[2025-08-31T18:57:16.366+0000] {logging_mixin.py:190} INFO - [2025-08-31T18:57:16.366+0000] {dag.py:4180} INFO - Setting next_dagrun for tutorial_dag to None, run_after=None
[2025-08-31T18:57:16.396+0000] {processor.py:208} INFO - Processing /home/krishnaformeera/Sumitomo/datapipeline/venv/lib/python3.11/site-packages/airflow/example_dags/tutorial_dag.py took 0.091 seconds
[2025-08-31T18:58:08.214+0000] {processor.py:186} INFO - Started process (PID=8767) to work on /home/krishnaformeera/Sumitomo/datapipeline/venv/lib/python3.11/site-packages/airflow/example_dags/tutorial_dag.py
[2025-08-31T18:58:08.215+0000] {processor.py:914} INFO - Processing file /home/krishnaformeera/Sumitomo/datapipeline/venv/lib/python3.11/site-packages/airflow/example_dags/tutorial_dag.py for tasks to queue
[2025-08-31T18:58:08.217+0000] {logging_mixin.py:190} INFO - [2025-08-31T18:58:08.217+0000] {dagbag.py:588} INFO - Filling up the DagBag from /home/krishnaformeera/Sumitomo/datapipeline/venv/lib/python3.11/site-packages/airflow/example_dags/tutorial_dag.py
[2025-08-31T18:58:08.226+0000] {processor.py:925} INFO - DAG(s) 'tutorial_dag' retrieved from /home/krishnaformeera/Sumitomo/datapipeline/venv/lib/python3.11/site-packages/airflow/example_dags/tutorial_dag.py
[2025-08-31T18:58:08.244+0000] {logging_mixin.py:190} INFO - [2025-08-31T18:58:08.244+0000] {dag.py:3239} INFO - Sync 1 DAGs
[2025-08-31T18:58:08.259+0000] {logging_mixin.py:190} INFO - [2025-08-31T18:58:08.258+0000] {dag.py:4180} INFO - Setting next_dagrun for tutorial_dag to None, run_after=None
[2025-08-31T18:58:08.286+0000] {processor.py:208} INFO - Processing /home/krishnaformeera/Sumitomo/datapipeline/venv/lib/python3.11/site-packages/airflow/example_dags/tutorial_dag.py took 0.081 seconds
[2025-08-31T18:58:59.899+0000] {processor.py:186} INFO - Started process (PID=8821) to work on /home/krishnaformeera/Sumitomo/datapipeline/venv/lib/python3.11/site-packages/airflow/example_dags/tutorial_dag.py
[2025-08-31T18:58:59.902+0000] {processor.py:914} INFO - Processing file /home/krishnaformeera/Sumitomo/datapipeline/venv/lib/python3.11/site-packages/airflow/example_dags/tutorial_dag.py for tasks to queue
[2025-08-31T18:58:59.907+0000] {logging_mixin.py:190} INFO - [2025-08-31T18:58:59.906+0000] {dagbag.py:588} INFO - Filling up the DagBag from /home/krishnaformeera/Sumitomo/datapipeline/venv/lib/python3.11/site-packages/airflow/example_dags/tutorial_dag.py
[2025-08-31T18:58:59.919+0000] {processor.py:925} INFO - DAG(s) 'tutorial_dag' retrieved from /home/krishnaformeera/Sumitomo/datapipeline/venv/lib/python3.11/site-packages/airflow/example_dags/tutorial_dag.py
[2025-08-31T18:58:59.941+0000] {logging_mixin.py:190} INFO - [2025-08-31T18:58:59.941+0000] {dag.py:3239} INFO - Sync 1 DAGs
[2025-08-31T18:58:59.957+0000] {logging_mixin.py:190} INFO - [2025-08-31T18:58:59.956+0000] {dag.py:4180} INFO - Setting next_dagrun for tutorial_dag to None, run_after=None
[2025-08-31T18:58:59.983+0000] {processor.py:208} INFO - Processing /home/krishnaformeera/Sumitomo/datapipeline/venv/lib/python3.11/site-packages/airflow/example_dags/tutorial_dag.py took 0.102 seconds
