[2025-08-31T18:30:03.055+0000] {processor.py:186} INFO - Started process (PID=5082) to work on /home/krishnaformeera/Sumitomo/datapipeline/venv/lib/python3.11/site-packages/airflow/example_dags/tutorial_taskflow_api.py
[2025-08-31T18:30:03.056+0000] {processor.py:914} INFO - Processing file /home/krishnaformeera/Sumitomo/datapipeline/venv/lib/python3.11/site-packages/airflow/example_dags/tutorial_taskflow_api.py for tasks to queue
[2025-08-31T18:30:03.057+0000] {logging_mixin.py:190} INFO - [2025-08-31T18:30:03.057+0000] {dagbag.py:588} INFO - Filling up the DagBag from /home/krishnaformeera/Sumitomo/datapipeline/venv/lib/python3.11/site-packages/airflow/example_dags/tutorial_taskflow_api.py
[2025-08-31T18:30:03.068+0000] {processor.py:925} INFO - DAG(s) 'tutorial_taskflow_api' retrieved from /home/krishnaformeera/Sumitomo/datapipeline/venv/lib/python3.11/site-packages/airflow/example_dags/tutorial_taskflow_api.py
[2025-08-31T18:30:03.257+0000] {logging_mixin.py:190} INFO - [2025-08-31T18:30:03.256+0000] {override.py:1900} INFO - Created Permission View: can delete on DAG:tutorial_taskflow_api
[2025-08-31T18:30:03.269+0000] {logging_mixin.py:190} INFO - [2025-08-31T18:30:03.268+0000] {override.py:1900} INFO - Created Permission View: can read on DAG:tutorial_taskflow_api
[2025-08-31T18:30:03.278+0000] {logging_mixin.py:190} INFO - [2025-08-31T18:30:03.277+0000] {override.py:1900} INFO - Created Permission View: can edit on DAG:tutorial_taskflow_api
[2025-08-31T18:30:03.292+0000] {logging_mixin.py:190} INFO - [2025-08-31T18:30:03.292+0000] {override.py:1900} INFO - Created Permission View: can delete on DAG Run:tutorial_taskflow_api
[2025-08-31T18:30:03.301+0000] {logging_mixin.py:190} INFO - [2025-08-31T18:30:03.301+0000] {override.py:1900} INFO - Created Permission View: can read on DAG Run:tutorial_taskflow_api
[2025-08-31T18:30:03.310+0000] {logging_mixin.py:190} INFO - [2025-08-31T18:30:03.309+0000] {override.py:1900} INFO - Created Permission View: can create on DAG Run:tutorial_taskflow_api
[2025-08-31T18:30:03.319+0000] {logging_mixin.py:190} INFO - [2025-08-31T18:30:03.318+0000] {override.py:1900} INFO - Created Permission View: menu access on DAG Run:tutorial_taskflow_api
[2025-08-31T18:30:03.319+0000] {logging_mixin.py:190} INFO - [2025-08-31T18:30:03.319+0000] {dag.py:3239} INFO - Sync 1 DAGs
[2025-08-31T18:30:03.329+0000] {logging_mixin.py:190} INFO - [2025-08-31T18:30:03.329+0000] {dag.py:3262} INFO - Creating ORM DAG for tutorial_taskflow_api
[2025-08-31T18:30:03.330+0000] {logging_mixin.py:190} INFO - [2025-08-31T18:30:03.330+0000] {dag.py:4180} INFO - Setting next_dagrun for tutorial_taskflow_api to None, run_after=None
[2025-08-31T18:30:03.348+0000] {processor.py:208} INFO - Processing /home/krishnaformeera/Sumitomo/datapipeline/venv/lib/python3.11/site-packages/airflow/example_dags/tutorial_taskflow_api.py took 0.298 seconds
[2025-08-31T18:30:45.440+0000] {processor.py:186} INFO - Started process (PID=5210) to work on /home/krishnaformeera/Sumitomo/datapipeline/venv/lib/python3.11/site-packages/airflow/example_dags/tutorial_taskflow_api.py
[2025-08-31T18:30:45.441+0000] {processor.py:914} INFO - Processing file /home/krishnaformeera/Sumitomo/datapipeline/venv/lib/python3.11/site-packages/airflow/example_dags/tutorial_taskflow_api.py for tasks to queue
[2025-08-31T18:30:45.443+0000] {logging_mixin.py:190} INFO - [2025-08-31T18:30:45.443+0000] {dagbag.py:588} INFO - Filling up the DagBag from /home/krishnaformeera/Sumitomo/datapipeline/venv/lib/python3.11/site-packages/airflow/example_dags/tutorial_taskflow_api.py
[2025-08-31T18:30:45.452+0000] {processor.py:925} INFO - DAG(s) 'tutorial_taskflow_api' retrieved from /home/krishnaformeera/Sumitomo/datapipeline/venv/lib/python3.11/site-packages/airflow/example_dags/tutorial_taskflow_api.py
[2025-08-31T18:30:45.473+0000] {logging_mixin.py:190} INFO - [2025-08-31T18:30:45.473+0000] {dag.py:3239} INFO - Sync 1 DAGs
[2025-08-31T18:30:45.487+0000] {logging_mixin.py:190} INFO - [2025-08-31T18:30:45.486+0000] {dag.py:4180} INFO - Setting next_dagrun for tutorial_taskflow_api to None, run_after=None
[2025-08-31T18:30:45.508+0000] {processor.py:208} INFO - Processing /home/krishnaformeera/Sumitomo/datapipeline/venv/lib/python3.11/site-packages/airflow/example_dags/tutorial_taskflow_api.py took 0.075 seconds
[2025-08-31T18:31:47.503+0000] {processor.py:186} INFO - Started process (PID=5282) to work on /home/krishnaformeera/Sumitomo/datapipeline/venv/lib/python3.11/site-packages/airflow/example_dags/tutorial_taskflow_api.py
[2025-08-31T18:31:47.507+0000] {processor.py:914} INFO - Processing file /home/krishnaformeera/Sumitomo/datapipeline/venv/lib/python3.11/site-packages/airflow/example_dags/tutorial_taskflow_api.py for tasks to queue
[2025-08-31T18:31:47.509+0000] {logging_mixin.py:190} INFO - [2025-08-31T18:31:47.509+0000] {dagbag.py:588} INFO - Filling up the DagBag from /home/krishnaformeera/Sumitomo/datapipeline/venv/lib/python3.11/site-packages/airflow/example_dags/tutorial_taskflow_api.py
[2025-08-31T18:31:47.519+0000] {processor.py:925} INFO - DAG(s) 'tutorial_taskflow_api' retrieved from /home/krishnaformeera/Sumitomo/datapipeline/venv/lib/python3.11/site-packages/airflow/example_dags/tutorial_taskflow_api.py
[2025-08-31T18:31:47.537+0000] {logging_mixin.py:190} INFO - [2025-08-31T18:31:47.537+0000] {dag.py:3239} INFO - Sync 1 DAGs
[2025-08-31T18:31:47.550+0000] {logging_mixin.py:190} INFO - [2025-08-31T18:31:47.550+0000] {dag.py:4180} INFO - Setting next_dagrun for tutorial_taskflow_api to None, run_after=None
[2025-08-31T18:31:47.574+0000] {processor.py:208} INFO - Processing /home/krishnaformeera/Sumitomo/datapipeline/venv/lib/python3.11/site-packages/airflow/example_dags/tutorial_taskflow_api.py took 0.077 seconds
[2025-08-31T18:32:42.100+0000] {processor.py:186} INFO - Started process (PID=5339) to work on /home/krishnaformeera/Sumitomo/datapipeline/venv/lib/python3.11/site-packages/airflow/example_dags/tutorial_taskflow_api.py
[2025-08-31T18:32:42.101+0000] {processor.py:914} INFO - Processing file /home/krishnaformeera/Sumitomo/datapipeline/venv/lib/python3.11/site-packages/airflow/example_dags/tutorial_taskflow_api.py for tasks to queue
[2025-08-31T18:32:42.103+0000] {logging_mixin.py:190} INFO - [2025-08-31T18:32:42.103+0000] {dagbag.py:588} INFO - Filling up the DagBag from /home/krishnaformeera/Sumitomo/datapipeline/venv/lib/python3.11/site-packages/airflow/example_dags/tutorial_taskflow_api.py
[2025-08-31T18:32:42.113+0000] {processor.py:925} INFO - DAG(s) 'tutorial_taskflow_api' retrieved from /home/krishnaformeera/Sumitomo/datapipeline/venv/lib/python3.11/site-packages/airflow/example_dags/tutorial_taskflow_api.py
[2025-08-31T18:32:42.132+0000] {logging_mixin.py:190} INFO - [2025-08-31T18:32:42.131+0000] {dag.py:3239} INFO - Sync 1 DAGs
[2025-08-31T18:32:42.145+0000] {logging_mixin.py:190} INFO - [2025-08-31T18:32:42.145+0000] {dag.py:4180} INFO - Setting next_dagrun for tutorial_taskflow_api to None, run_after=None
[2025-08-31T18:32:42.170+0000] {processor.py:208} INFO - Processing /home/krishnaformeera/Sumitomo/datapipeline/venv/lib/python3.11/site-packages/airflow/example_dags/tutorial_taskflow_api.py took 0.077 seconds
[2025-08-31T18:33:32.244+0000] {processor.py:186} INFO - Started process (PID=5389) to work on /home/krishnaformeera/Sumitomo/datapipeline/venv/lib/python3.11/site-packages/airflow/example_dags/tutorial_taskflow_api.py
[2025-08-31T18:33:32.245+0000] {processor.py:914} INFO - Processing file /home/krishnaformeera/Sumitomo/datapipeline/venv/lib/python3.11/site-packages/airflow/example_dags/tutorial_taskflow_api.py for tasks to queue
[2025-08-31T18:33:32.248+0000] {logging_mixin.py:190} INFO - [2025-08-31T18:33:32.247+0000] {dagbag.py:588} INFO - Filling up the DagBag from /home/krishnaformeera/Sumitomo/datapipeline/venv/lib/python3.11/site-packages/airflow/example_dags/tutorial_taskflow_api.py
[2025-08-31T18:33:32.256+0000] {processor.py:925} INFO - DAG(s) 'tutorial_taskflow_api' retrieved from /home/krishnaformeera/Sumitomo/datapipeline/venv/lib/python3.11/site-packages/airflow/example_dags/tutorial_taskflow_api.py
[2025-08-31T18:33:32.359+0000] {logging_mixin.py:190} INFO - [2025-08-31T18:33:32.359+0000] {dag.py:3239} INFO - Sync 1 DAGs
[2025-08-31T18:33:32.368+0000] {logging_mixin.py:190} INFO - [2025-08-31T18:33:32.368+0000] {dag.py:4180} INFO - Setting next_dagrun for tutorial_taskflow_api to None, run_after=None
[2025-08-31T18:33:32.387+0000] {processor.py:208} INFO - Processing /home/krishnaformeera/Sumitomo/datapipeline/venv/lib/python3.11/site-packages/airflow/example_dags/tutorial_taskflow_api.py took 0.148 seconds
[2025-08-31T18:34:28.338+0000] {processor.py:186} INFO - Started process (PID=5445) to work on /home/krishnaformeera/Sumitomo/datapipeline/venv/lib/python3.11/site-packages/airflow/example_dags/tutorial_taskflow_api.py
[2025-08-31T18:34:28.340+0000] {processor.py:914} INFO - Processing file /home/krishnaformeera/Sumitomo/datapipeline/venv/lib/python3.11/site-packages/airflow/example_dags/tutorial_taskflow_api.py for tasks to queue
[2025-08-31T18:34:28.343+0000] {logging_mixin.py:190} INFO - [2025-08-31T18:34:28.342+0000] {dagbag.py:588} INFO - Filling up the DagBag from /home/krishnaformeera/Sumitomo/datapipeline/venv/lib/python3.11/site-packages/airflow/example_dags/tutorial_taskflow_api.py
[2025-08-31T18:34:28.353+0000] {processor.py:925} INFO - DAG(s) 'tutorial_taskflow_api' retrieved from /home/krishnaformeera/Sumitomo/datapipeline/venv/lib/python3.11/site-packages/airflow/example_dags/tutorial_taskflow_api.py
[2025-08-31T18:34:28.371+0000] {logging_mixin.py:190} INFO - [2025-08-31T18:34:28.371+0000] {dag.py:3239} INFO - Sync 1 DAGs
[2025-08-31T18:34:28.385+0000] {logging_mixin.py:190} INFO - [2025-08-31T18:34:28.385+0000] {dag.py:4180} INFO - Setting next_dagrun for tutorial_taskflow_api to None, run_after=None
[2025-08-31T18:34:28.410+0000] {processor.py:208} INFO - Processing /home/krishnaformeera/Sumitomo/datapipeline/venv/lib/python3.11/site-packages/airflow/example_dags/tutorial_taskflow_api.py took 0.079 seconds
[2025-08-31T18:35:18.718+0000] {processor.py:186} INFO - Started process (PID=5497) to work on /home/krishnaformeera/Sumitomo/datapipeline/venv/lib/python3.11/site-packages/airflow/example_dags/tutorial_taskflow_api.py
[2025-08-31T18:35:18.719+0000] {processor.py:914} INFO - Processing file /home/krishnaformeera/Sumitomo/datapipeline/venv/lib/python3.11/site-packages/airflow/example_dags/tutorial_taskflow_api.py for tasks to queue
[2025-08-31T18:35:18.722+0000] {logging_mixin.py:190} INFO - [2025-08-31T18:35:18.721+0000] {dagbag.py:588} INFO - Filling up the DagBag from /home/krishnaformeera/Sumitomo/datapipeline/venv/lib/python3.11/site-packages/airflow/example_dags/tutorial_taskflow_api.py
[2025-08-31T18:35:18.730+0000] {processor.py:925} INFO - DAG(s) 'tutorial_taskflow_api' retrieved from /home/krishnaformeera/Sumitomo/datapipeline/venv/lib/python3.11/site-packages/airflow/example_dags/tutorial_taskflow_api.py
[2025-08-31T18:35:18.745+0000] {logging_mixin.py:190} INFO - [2025-08-31T18:35:18.745+0000] {dag.py:3239} INFO - Sync 1 DAGs
[2025-08-31T18:35:18.757+0000] {logging_mixin.py:190} INFO - [2025-08-31T18:35:18.757+0000] {dag.py:4180} INFO - Setting next_dagrun for tutorial_taskflow_api to None, run_after=None
[2025-08-31T18:35:18.778+0000] {processor.py:208} INFO - Processing /home/krishnaformeera/Sumitomo/datapipeline/venv/lib/python3.11/site-packages/airflow/example_dags/tutorial_taskflow_api.py took 0.066 seconds
[2025-08-31T18:36:09.099+0000] {processor.py:186} INFO - Started process (PID=5560) to work on /home/krishnaformeera/Sumitomo/datapipeline/venv/lib/python3.11/site-packages/airflow/example_dags/tutorial_taskflow_api.py
[2025-08-31T18:36:09.101+0000] {processor.py:914} INFO - Processing file /home/krishnaformeera/Sumitomo/datapipeline/venv/lib/python3.11/site-packages/airflow/example_dags/tutorial_taskflow_api.py for tasks to queue
[2025-08-31T18:36:09.103+0000] {logging_mixin.py:190} INFO - [2025-08-31T18:36:09.103+0000] {dagbag.py:588} INFO - Filling up the DagBag from /home/krishnaformeera/Sumitomo/datapipeline/venv/lib/python3.11/site-packages/airflow/example_dags/tutorial_taskflow_api.py
[2025-08-31T18:36:09.114+0000] {processor.py:925} INFO - DAG(s) 'tutorial_taskflow_api' retrieved from /home/krishnaformeera/Sumitomo/datapipeline/venv/lib/python3.11/site-packages/airflow/example_dags/tutorial_taskflow_api.py
[2025-08-31T18:36:09.133+0000] {logging_mixin.py:190} INFO - [2025-08-31T18:36:09.132+0000] {dag.py:3239} INFO - Sync 1 DAGs
[2025-08-31T18:36:09.146+0000] {logging_mixin.py:190} INFO - [2025-08-31T18:36:09.146+0000] {dag.py:4180} INFO - Setting next_dagrun for tutorial_taskflow_api to None, run_after=None
[2025-08-31T18:36:09.172+0000] {processor.py:208} INFO - Processing /home/krishnaformeera/Sumitomo/datapipeline/venv/lib/python3.11/site-packages/airflow/example_dags/tutorial_taskflow_api.py took 0.080 seconds
[2025-08-31T18:37:00.826+0000] {processor.py:186} INFO - Started process (PID=5627) to work on /home/krishnaformeera/Sumitomo/datapipeline/venv/lib/python3.11/site-packages/airflow/example_dags/tutorial_taskflow_api.py
[2025-08-31T18:37:00.827+0000] {processor.py:914} INFO - Processing file /home/krishnaformeera/Sumitomo/datapipeline/venv/lib/python3.11/site-packages/airflow/example_dags/tutorial_taskflow_api.py for tasks to queue
[2025-08-31T18:37:00.830+0000] {logging_mixin.py:190} INFO - [2025-08-31T18:37:00.829+0000] {dagbag.py:588} INFO - Filling up the DagBag from /home/krishnaformeera/Sumitomo/datapipeline/venv/lib/python3.11/site-packages/airflow/example_dags/tutorial_taskflow_api.py
[2025-08-31T18:37:00.841+0000] {processor.py:925} INFO - DAG(s) 'tutorial_taskflow_api' retrieved from /home/krishnaformeera/Sumitomo/datapipeline/venv/lib/python3.11/site-packages/airflow/example_dags/tutorial_taskflow_api.py
[2025-08-31T18:37:00.860+0000] {logging_mixin.py:190} INFO - [2025-08-31T18:37:00.860+0000] {dag.py:3239} INFO - Sync 1 DAGs
[2025-08-31T18:37:00.874+0000] {logging_mixin.py:190} INFO - [2025-08-31T18:37:00.874+0000] {dag.py:4180} INFO - Setting next_dagrun for tutorial_taskflow_api to None, run_after=None
[2025-08-31T18:37:00.900+0000] {processor.py:208} INFO - Processing /home/krishnaformeera/Sumitomo/datapipeline/venv/lib/python3.11/site-packages/airflow/example_dags/tutorial_taskflow_api.py took 0.082 seconds
[2025-08-31T18:37:52.294+0000] {processor.py:186} INFO - Started process (PID=5691) to work on /home/krishnaformeera/Sumitomo/datapipeline/venv/lib/python3.11/site-packages/airflow/example_dags/tutorial_taskflow_api.py
[2025-08-31T18:37:52.295+0000] {processor.py:914} INFO - Processing file /home/krishnaformeera/Sumitomo/datapipeline/venv/lib/python3.11/site-packages/airflow/example_dags/tutorial_taskflow_api.py for tasks to queue
[2025-08-31T18:37:52.298+0000] {logging_mixin.py:190} INFO - [2025-08-31T18:37:52.298+0000] {dagbag.py:588} INFO - Filling up the DagBag from /home/krishnaformeera/Sumitomo/datapipeline/venv/lib/python3.11/site-packages/airflow/example_dags/tutorial_taskflow_api.py
[2025-08-31T18:37:52.310+0000] {processor.py:925} INFO - DAG(s) 'tutorial_taskflow_api' retrieved from /home/krishnaformeera/Sumitomo/datapipeline/venv/lib/python3.11/site-packages/airflow/example_dags/tutorial_taskflow_api.py
[2025-08-31T18:37:52.328+0000] {logging_mixin.py:190} INFO - [2025-08-31T18:37:52.328+0000] {dag.py:3239} INFO - Sync 1 DAGs
[2025-08-31T18:37:52.342+0000] {logging_mixin.py:190} INFO - [2025-08-31T18:37:52.342+0000] {dag.py:4180} INFO - Setting next_dagrun for tutorial_taskflow_api to None, run_after=None
[2025-08-31T18:37:52.368+0000] {processor.py:208} INFO - Processing /home/krishnaformeera/Sumitomo/datapipeline/venv/lib/python3.11/site-packages/airflow/example_dags/tutorial_taskflow_api.py took 0.082 seconds
[2025-08-31T18:39:59.376+0000] {processor.py:186} INFO - Started process (PID=6009) to work on /home/krishnaformeera/Sumitomo/datapipeline/venv/lib/python3.11/site-packages/airflow/example_dags/tutorial_taskflow_api.py
[2025-08-31T18:39:59.377+0000] {processor.py:914} INFO - Processing file /home/krishnaformeera/Sumitomo/datapipeline/venv/lib/python3.11/site-packages/airflow/example_dags/tutorial_taskflow_api.py for tasks to queue
[2025-08-31T18:39:59.380+0000] {logging_mixin.py:190} INFO - [2025-08-31T18:39:59.379+0000] {dagbag.py:588} INFO - Filling up the DagBag from /home/krishnaformeera/Sumitomo/datapipeline/venv/lib/python3.11/site-packages/airflow/example_dags/tutorial_taskflow_api.py
[2025-08-31T18:39:59.391+0000] {processor.py:925} INFO - DAG(s) 'tutorial_taskflow_api' retrieved from /home/krishnaformeera/Sumitomo/datapipeline/venv/lib/python3.11/site-packages/airflow/example_dags/tutorial_taskflow_api.py
[2025-08-31T18:39:59.416+0000] {logging_mixin.py:190} INFO - [2025-08-31T18:39:59.416+0000] {dag.py:3239} INFO - Sync 1 DAGs
[2025-08-31T18:39:59.431+0000] {logging_mixin.py:190} INFO - [2025-08-31T18:39:59.431+0000] {dag.py:4180} INFO - Setting next_dagrun for tutorial_taskflow_api to None, run_after=None
[2025-08-31T18:39:59.453+0000] {processor.py:208} INFO - Processing /home/krishnaformeera/Sumitomo/datapipeline/venv/lib/python3.11/site-packages/airflow/example_dags/tutorial_taskflow_api.py took 0.085 seconds
[2025-08-31T18:40:52.919+0000] {processor.py:186} INFO - Started process (PID=6312) to work on /home/krishnaformeera/Sumitomo/datapipeline/venv/lib/python3.11/site-packages/airflow/example_dags/tutorial_taskflow_api.py
[2025-08-31T18:40:52.920+0000] {processor.py:914} INFO - Processing file /home/krishnaformeera/Sumitomo/datapipeline/venv/lib/python3.11/site-packages/airflow/example_dags/tutorial_taskflow_api.py for tasks to queue
[2025-08-31T18:40:52.923+0000] {logging_mixin.py:190} INFO - [2025-08-31T18:40:52.922+0000] {dagbag.py:588} INFO - Filling up the DagBag from /home/krishnaformeera/Sumitomo/datapipeline/venv/lib/python3.11/site-packages/airflow/example_dags/tutorial_taskflow_api.py
[2025-08-31T18:40:52.931+0000] {processor.py:925} INFO - DAG(s) 'tutorial_taskflow_api' retrieved from /home/krishnaformeera/Sumitomo/datapipeline/venv/lib/python3.11/site-packages/airflow/example_dags/tutorial_taskflow_api.py
[2025-08-31T18:40:52.946+0000] {logging_mixin.py:190} INFO - [2025-08-31T18:40:52.946+0000] {dag.py:3239} INFO - Sync 1 DAGs
[2025-08-31T18:40:52.958+0000] {logging_mixin.py:190} INFO - [2025-08-31T18:40:52.957+0000] {dag.py:4180} INFO - Setting next_dagrun for tutorial_taskflow_api to None, run_after=None
[2025-08-31T18:40:52.978+0000] {processor.py:208} INFO - Processing /home/krishnaformeera/Sumitomo/datapipeline/venv/lib/python3.11/site-packages/airflow/example_dags/tutorial_taskflow_api.py took 0.065 seconds
[2025-08-31T18:41:44.547+0000] {processor.py:186} INFO - Started process (PID=6462) to work on /home/krishnaformeera/Sumitomo/datapipeline/venv/lib/python3.11/site-packages/airflow/example_dags/tutorial_taskflow_api.py
[2025-08-31T18:41:44.549+0000] {processor.py:914} INFO - Processing file /home/krishnaformeera/Sumitomo/datapipeline/venv/lib/python3.11/site-packages/airflow/example_dags/tutorial_taskflow_api.py for tasks to queue
[2025-08-31T18:41:44.552+0000] {logging_mixin.py:190} INFO - [2025-08-31T18:41:44.551+0000] {dagbag.py:588} INFO - Filling up the DagBag from /home/krishnaformeera/Sumitomo/datapipeline/venv/lib/python3.11/site-packages/airflow/example_dags/tutorial_taskflow_api.py
[2025-08-31T18:41:44.561+0000] {processor.py:925} INFO - DAG(s) 'tutorial_taskflow_api' retrieved from /home/krishnaformeera/Sumitomo/datapipeline/venv/lib/python3.11/site-packages/airflow/example_dags/tutorial_taskflow_api.py
[2025-08-31T18:41:44.578+0000] {logging_mixin.py:190} INFO - [2025-08-31T18:41:44.578+0000] {dag.py:3239} INFO - Sync 1 DAGs
[2025-08-31T18:41:44.591+0000] {logging_mixin.py:190} INFO - [2025-08-31T18:41:44.591+0000] {dag.py:4180} INFO - Setting next_dagrun for tutorial_taskflow_api to None, run_after=None
[2025-08-31T18:41:44.620+0000] {processor.py:208} INFO - Processing /home/krishnaformeera/Sumitomo/datapipeline/venv/lib/python3.11/site-packages/airflow/example_dags/tutorial_taskflow_api.py took 0.080 seconds
[2025-08-31T18:42:37.983+0000] {processor.py:186} INFO - Started process (PID=6633) to work on /home/krishnaformeera/Sumitomo/datapipeline/venv/lib/python3.11/site-packages/airflow/example_dags/tutorial_taskflow_api.py
[2025-08-31T18:42:37.984+0000] {processor.py:914} INFO - Processing file /home/krishnaformeera/Sumitomo/datapipeline/venv/lib/python3.11/site-packages/airflow/example_dags/tutorial_taskflow_api.py for tasks to queue
[2025-08-31T18:42:37.986+0000] {logging_mixin.py:190} INFO - [2025-08-31T18:42:37.986+0000] {dagbag.py:588} INFO - Filling up the DagBag from /home/krishnaformeera/Sumitomo/datapipeline/venv/lib/python3.11/site-packages/airflow/example_dags/tutorial_taskflow_api.py
[2025-08-31T18:42:37.997+0000] {processor.py:925} INFO - DAG(s) 'tutorial_taskflow_api' retrieved from /home/krishnaformeera/Sumitomo/datapipeline/venv/lib/python3.11/site-packages/airflow/example_dags/tutorial_taskflow_api.py
[2025-08-31T18:42:38.141+0000] {logging_mixin.py:190} INFO - [2025-08-31T18:42:38.141+0000] {dag.py:3239} INFO - Sync 1 DAGs
[2025-08-31T18:42:38.153+0000] {logging_mixin.py:190} INFO - [2025-08-31T18:42:38.153+0000] {dag.py:4180} INFO - Setting next_dagrun for tutorial_taskflow_api to None, run_after=None
[2025-08-31T18:42:38.182+0000] {processor.py:208} INFO - Processing /home/krishnaformeera/Sumitomo/datapipeline/venv/lib/python3.11/site-packages/airflow/example_dags/tutorial_taskflow_api.py took 0.205 seconds
[2025-08-31T18:43:38.386+0000] {processor.py:186} INFO - Started process (PID=6906) to work on /home/krishnaformeera/Sumitomo/datapipeline/venv/lib/python3.11/site-packages/airflow/example_dags/tutorial_taskflow_api.py
[2025-08-31T18:43:38.387+0000] {processor.py:914} INFO - Processing file /home/krishnaformeera/Sumitomo/datapipeline/venv/lib/python3.11/site-packages/airflow/example_dags/tutorial_taskflow_api.py for tasks to queue
[2025-08-31T18:43:38.390+0000] {logging_mixin.py:190} INFO - [2025-08-31T18:43:38.390+0000] {dagbag.py:588} INFO - Filling up the DagBag from /home/krishnaformeera/Sumitomo/datapipeline/venv/lib/python3.11/site-packages/airflow/example_dags/tutorial_taskflow_api.py
[2025-08-31T18:43:38.401+0000] {processor.py:925} INFO - DAG(s) 'tutorial_taskflow_api' retrieved from /home/krishnaformeera/Sumitomo/datapipeline/venv/lib/python3.11/site-packages/airflow/example_dags/tutorial_taskflow_api.py
[2025-08-31T18:43:38.418+0000] {logging_mixin.py:190} INFO - [2025-08-31T18:43:38.418+0000] {dag.py:3239} INFO - Sync 1 DAGs
[2025-08-31T18:43:38.433+0000] {logging_mixin.py:190} INFO - [2025-08-31T18:43:38.433+0000] {dag.py:4180} INFO - Setting next_dagrun for tutorial_taskflow_api to None, run_after=None
[2025-08-31T18:43:38.462+0000] {processor.py:208} INFO - Processing /home/krishnaformeera/Sumitomo/datapipeline/venv/lib/python3.11/site-packages/airflow/example_dags/tutorial_taskflow_api.py took 0.083 seconds
[2025-08-31T18:44:29.315+0000] {processor.py:186} INFO - Started process (PID=7105) to work on /home/krishnaformeera/Sumitomo/datapipeline/venv/lib/python3.11/site-packages/airflow/example_dags/tutorial_taskflow_api.py
[2025-08-31T18:44:29.318+0000] {processor.py:914} INFO - Processing file /home/krishnaformeera/Sumitomo/datapipeline/venv/lib/python3.11/site-packages/airflow/example_dags/tutorial_taskflow_api.py for tasks to queue
[2025-08-31T18:44:29.321+0000] {logging_mixin.py:190} INFO - [2025-08-31T18:44:29.321+0000] {dagbag.py:588} INFO - Filling up the DagBag from /home/krishnaformeera/Sumitomo/datapipeline/venv/lib/python3.11/site-packages/airflow/example_dags/tutorial_taskflow_api.py
[2025-08-31T18:44:29.334+0000] {processor.py:925} INFO - DAG(s) 'tutorial_taskflow_api' retrieved from /home/krishnaformeera/Sumitomo/datapipeline/venv/lib/python3.11/site-packages/airflow/example_dags/tutorial_taskflow_api.py
[2025-08-31T18:44:29.355+0000] {logging_mixin.py:190} INFO - [2025-08-31T18:44:29.355+0000] {dag.py:3239} INFO - Sync 1 DAGs
[2025-08-31T18:44:29.373+0000] {logging_mixin.py:190} INFO - [2025-08-31T18:44:29.372+0000] {dag.py:4180} INFO - Setting next_dagrun for tutorial_taskflow_api to None, run_after=None
[2025-08-31T18:44:29.405+0000] {processor.py:208} INFO - Processing /home/krishnaformeera/Sumitomo/datapipeline/venv/lib/python3.11/site-packages/airflow/example_dags/tutorial_taskflow_api.py took 0.099 seconds
[2025-08-31T18:45:19.742+0000] {processor.py:186} INFO - Started process (PID=7363) to work on /home/krishnaformeera/Sumitomo/datapipeline/venv/lib/python3.11/site-packages/airflow/example_dags/tutorial_taskflow_api.py
[2025-08-31T18:45:19.743+0000] {processor.py:914} INFO - Processing file /home/krishnaformeera/Sumitomo/datapipeline/venv/lib/python3.11/site-packages/airflow/example_dags/tutorial_taskflow_api.py for tasks to queue
[2025-08-31T18:45:19.745+0000] {logging_mixin.py:190} INFO - [2025-08-31T18:45:19.745+0000] {dagbag.py:588} INFO - Filling up the DagBag from /home/krishnaformeera/Sumitomo/datapipeline/venv/lib/python3.11/site-packages/airflow/example_dags/tutorial_taskflow_api.py
[2025-08-31T18:45:19.754+0000] {processor.py:925} INFO - DAG(s) 'tutorial_taskflow_api' retrieved from /home/krishnaformeera/Sumitomo/datapipeline/venv/lib/python3.11/site-packages/airflow/example_dags/tutorial_taskflow_api.py
[2025-08-31T18:45:19.773+0000] {logging_mixin.py:190} INFO - [2025-08-31T18:45:19.773+0000] {dag.py:3239} INFO - Sync 1 DAGs
[2025-08-31T18:45:19.787+0000] {logging_mixin.py:190} INFO - [2025-08-31T18:45:19.787+0000] {dag.py:4180} INFO - Setting next_dagrun for tutorial_taskflow_api to None, run_after=None
[2025-08-31T18:45:19.808+0000] {processor.py:208} INFO - Processing /home/krishnaformeera/Sumitomo/datapipeline/venv/lib/python3.11/site-packages/airflow/example_dags/tutorial_taskflow_api.py took 0.073 seconds
[2025-08-31T18:46:11.877+0000] {processor.py:186} INFO - Started process (PID=7631) to work on /home/krishnaformeera/Sumitomo/datapipeline/venv/lib/python3.11/site-packages/airflow/example_dags/tutorial_taskflow_api.py
[2025-08-31T18:46:11.879+0000] {processor.py:914} INFO - Processing file /home/krishnaformeera/Sumitomo/datapipeline/venv/lib/python3.11/site-packages/airflow/example_dags/tutorial_taskflow_api.py for tasks to queue
[2025-08-31T18:46:11.881+0000] {logging_mixin.py:190} INFO - [2025-08-31T18:46:11.881+0000] {dagbag.py:588} INFO - Filling up the DagBag from /home/krishnaformeera/Sumitomo/datapipeline/venv/lib/python3.11/site-packages/airflow/example_dags/tutorial_taskflow_api.py
[2025-08-31T18:46:11.891+0000] {processor.py:925} INFO - DAG(s) 'tutorial_taskflow_api' retrieved from /home/krishnaformeera/Sumitomo/datapipeline/venv/lib/python3.11/site-packages/airflow/example_dags/tutorial_taskflow_api.py
[2025-08-31T18:46:11.910+0000] {logging_mixin.py:190} INFO - [2025-08-31T18:46:11.909+0000] {dag.py:3239} INFO - Sync 1 DAGs
[2025-08-31T18:46:11.924+0000] {logging_mixin.py:190} INFO - [2025-08-31T18:46:11.924+0000] {dag.py:4180} INFO - Setting next_dagrun for tutorial_taskflow_api to None, run_after=None
[2025-08-31T18:46:11.947+0000] {processor.py:208} INFO - Processing /home/krishnaformeera/Sumitomo/datapipeline/venv/lib/python3.11/site-packages/airflow/example_dags/tutorial_taskflow_api.py took 0.077 seconds
[2025-08-31T18:47:05.383+0000] {processor.py:186} INFO - Started process (PID=7771) to work on /home/krishnaformeera/Sumitomo/datapipeline/venv/lib/python3.11/site-packages/airflow/example_dags/tutorial_taskflow_api.py
[2025-08-31T18:47:05.386+0000] {processor.py:914} INFO - Processing file /home/krishnaformeera/Sumitomo/datapipeline/venv/lib/python3.11/site-packages/airflow/example_dags/tutorial_taskflow_api.py for tasks to queue
[2025-08-31T18:47:05.388+0000] {logging_mixin.py:190} INFO - [2025-08-31T18:47:05.388+0000] {dagbag.py:588} INFO - Filling up the DagBag from /home/krishnaformeera/Sumitomo/datapipeline/venv/lib/python3.11/site-packages/airflow/example_dags/tutorial_taskflow_api.py
[2025-08-31T18:47:05.398+0000] {processor.py:925} INFO - DAG(s) 'tutorial_taskflow_api' retrieved from /home/krishnaformeera/Sumitomo/datapipeline/venv/lib/python3.11/site-packages/airflow/example_dags/tutorial_taskflow_api.py
[2025-08-31T18:47:05.413+0000] {logging_mixin.py:190} INFO - [2025-08-31T18:47:05.413+0000] {dag.py:3239} INFO - Sync 1 DAGs
[2025-08-31T18:47:05.425+0000] {logging_mixin.py:190} INFO - [2025-08-31T18:47:05.424+0000] {dag.py:4180} INFO - Setting next_dagrun for tutorial_taskflow_api to None, run_after=None
[2025-08-31T18:47:05.444+0000] {processor.py:208} INFO - Processing /home/krishnaformeera/Sumitomo/datapipeline/venv/lib/python3.11/site-packages/airflow/example_dags/tutorial_taskflow_api.py took 0.067 seconds
[2025-08-31T18:47:54.921+0000] {processor.py:186} INFO - Started process (PID=7827) to work on /home/krishnaformeera/Sumitomo/datapipeline/venv/lib/python3.11/site-packages/airflow/example_dags/tutorial_taskflow_api.py
[2025-08-31T18:47:54.922+0000] {processor.py:914} INFO - Processing file /home/krishnaformeera/Sumitomo/datapipeline/venv/lib/python3.11/site-packages/airflow/example_dags/tutorial_taskflow_api.py for tasks to queue
[2025-08-31T18:47:54.925+0000] {logging_mixin.py:190} INFO - [2025-08-31T18:47:54.924+0000] {dagbag.py:588} INFO - Filling up the DagBag from /home/krishnaformeera/Sumitomo/datapipeline/venv/lib/python3.11/site-packages/airflow/example_dags/tutorial_taskflow_api.py
[2025-08-31T18:47:54.934+0000] {processor.py:925} INFO - DAG(s) 'tutorial_taskflow_api' retrieved from /home/krishnaformeera/Sumitomo/datapipeline/venv/lib/python3.11/site-packages/airflow/example_dags/tutorial_taskflow_api.py
[2025-08-31T18:47:54.949+0000] {logging_mixin.py:190} INFO - [2025-08-31T18:47:54.949+0000] {dag.py:3239} INFO - Sync 1 DAGs
[2025-08-31T18:47:54.961+0000] {logging_mixin.py:190} INFO - [2025-08-31T18:47:54.960+0000] {dag.py:4180} INFO - Setting next_dagrun for tutorial_taskflow_api to None, run_after=None
[2025-08-31T18:47:54.982+0000] {processor.py:208} INFO - Processing /home/krishnaformeera/Sumitomo/datapipeline/venv/lib/python3.11/site-packages/airflow/example_dags/tutorial_taskflow_api.py took 0.067 seconds
[2025-08-31T18:48:45.252+0000] {processor.py:186} INFO - Started process (PID=7882) to work on /home/krishnaformeera/Sumitomo/datapipeline/venv/lib/python3.11/site-packages/airflow/example_dags/tutorial_taskflow_api.py
[2025-08-31T18:48:45.253+0000] {processor.py:914} INFO - Processing file /home/krishnaformeera/Sumitomo/datapipeline/venv/lib/python3.11/site-packages/airflow/example_dags/tutorial_taskflow_api.py for tasks to queue
[2025-08-31T18:48:45.256+0000] {logging_mixin.py:190} INFO - [2025-08-31T18:48:45.255+0000] {dagbag.py:588} INFO - Filling up the DagBag from /home/krishnaformeera/Sumitomo/datapipeline/venv/lib/python3.11/site-packages/airflow/example_dags/tutorial_taskflow_api.py
[2025-08-31T18:48:45.265+0000] {processor.py:925} INFO - DAG(s) 'tutorial_taskflow_api' retrieved from /home/krishnaformeera/Sumitomo/datapipeline/venv/lib/python3.11/site-packages/airflow/example_dags/tutorial_taskflow_api.py
[2025-08-31T18:48:45.281+0000] {logging_mixin.py:190} INFO - [2025-08-31T18:48:45.280+0000] {dag.py:3239} INFO - Sync 1 DAGs
[2025-08-31T18:48:45.292+0000] {logging_mixin.py:190} INFO - [2025-08-31T18:48:45.292+0000] {dag.py:4180} INFO - Setting next_dagrun for tutorial_taskflow_api to None, run_after=None
[2025-08-31T18:48:45.315+0000] {processor.py:208} INFO - Processing /home/krishnaformeera/Sumitomo/datapipeline/venv/lib/python3.11/site-packages/airflow/example_dags/tutorial_taskflow_api.py took 0.069 seconds
[2025-08-31T18:49:35.767+0000] {processor.py:186} INFO - Started process (PID=7943) to work on /home/krishnaformeera/Sumitomo/datapipeline/venv/lib/python3.11/site-packages/airflow/example_dags/tutorial_taskflow_api.py
[2025-08-31T18:49:35.770+0000] {processor.py:914} INFO - Processing file /home/krishnaformeera/Sumitomo/datapipeline/venv/lib/python3.11/site-packages/airflow/example_dags/tutorial_taskflow_api.py for tasks to queue
[2025-08-31T18:49:35.773+0000] {logging_mixin.py:190} INFO - [2025-08-31T18:49:35.773+0000] {dagbag.py:588} INFO - Filling up the DagBag from /home/krishnaformeera/Sumitomo/datapipeline/venv/lib/python3.11/site-packages/airflow/example_dags/tutorial_taskflow_api.py
[2025-08-31T18:49:35.788+0000] {processor.py:925} INFO - DAG(s) 'tutorial_taskflow_api' retrieved from /home/krishnaformeera/Sumitomo/datapipeline/venv/lib/python3.11/site-packages/airflow/example_dags/tutorial_taskflow_api.py
[2025-08-31T18:49:35.819+0000] {logging_mixin.py:190} INFO - [2025-08-31T18:49:35.818+0000] {dag.py:3239} INFO - Sync 1 DAGs
[2025-08-31T18:49:35.847+0000] {logging_mixin.py:190} INFO - [2025-08-31T18:49:35.847+0000] {dag.py:4180} INFO - Setting next_dagrun for tutorial_taskflow_api to None, run_after=None
[2025-08-31T18:49:35.889+0000] {processor.py:208} INFO - Processing /home/krishnaformeera/Sumitomo/datapipeline/venv/lib/python3.11/site-packages/airflow/example_dags/tutorial_taskflow_api.py took 0.131 seconds
[2025-08-31T18:50:29.500+0000] {processor.py:186} INFO - Started process (PID=8057) to work on /home/krishnaformeera/Sumitomo/datapipeline/venv/lib/python3.11/site-packages/airflow/example_dags/tutorial_taskflow_api.py
[2025-08-31T18:50:29.502+0000] {processor.py:914} INFO - Processing file /home/krishnaformeera/Sumitomo/datapipeline/venv/lib/python3.11/site-packages/airflow/example_dags/tutorial_taskflow_api.py for tasks to queue
[2025-08-31T18:50:29.504+0000] {logging_mixin.py:190} INFO - [2025-08-31T18:50:29.504+0000] {dagbag.py:588} INFO - Filling up the DagBag from /home/krishnaformeera/Sumitomo/datapipeline/venv/lib/python3.11/site-packages/airflow/example_dags/tutorial_taskflow_api.py
[2025-08-31T18:50:29.515+0000] {processor.py:925} INFO - DAG(s) 'tutorial_taskflow_api' retrieved from /home/krishnaformeera/Sumitomo/datapipeline/venv/lib/python3.11/site-packages/airflow/example_dags/tutorial_taskflow_api.py
[2025-08-31T18:50:29.534+0000] {logging_mixin.py:190} INFO - [2025-08-31T18:50:29.534+0000] {dag.py:3239} INFO - Sync 1 DAGs
[2025-08-31T18:50:29.547+0000] {logging_mixin.py:190} INFO - [2025-08-31T18:50:29.546+0000] {dag.py:4180} INFO - Setting next_dagrun for tutorial_taskflow_api to None, run_after=None
[2025-08-31T18:50:29.573+0000] {processor.py:208} INFO - Processing /home/krishnaformeera/Sumitomo/datapipeline/venv/lib/python3.11/site-packages/airflow/example_dags/tutorial_taskflow_api.py took 0.080 seconds
[2025-08-31T18:51:21.974+0000] {processor.py:186} INFO - Started process (PID=8138) to work on /home/krishnaformeera/Sumitomo/datapipeline/venv/lib/python3.11/site-packages/airflow/example_dags/tutorial_taskflow_api.py
[2025-08-31T18:51:21.975+0000] {processor.py:914} INFO - Processing file /home/krishnaformeera/Sumitomo/datapipeline/venv/lib/python3.11/site-packages/airflow/example_dags/tutorial_taskflow_api.py for tasks to queue
[2025-08-31T18:51:21.977+0000] {logging_mixin.py:190} INFO - [2025-08-31T18:51:21.977+0000] {dagbag.py:588} INFO - Filling up the DagBag from /home/krishnaformeera/Sumitomo/datapipeline/venv/lib/python3.11/site-packages/airflow/example_dags/tutorial_taskflow_api.py
[2025-08-31T18:51:21.988+0000] {processor.py:925} INFO - DAG(s) 'tutorial_taskflow_api' retrieved from /home/krishnaformeera/Sumitomo/datapipeline/venv/lib/python3.11/site-packages/airflow/example_dags/tutorial_taskflow_api.py
[2025-08-31T18:51:22.004+0000] {logging_mixin.py:190} INFO - [2025-08-31T18:51:22.004+0000] {dag.py:3239} INFO - Sync 1 DAGs
[2025-08-31T18:51:22.021+0000] {logging_mixin.py:190} INFO - [2025-08-31T18:51:22.020+0000] {dag.py:4180} INFO - Setting next_dagrun for tutorial_taskflow_api to None, run_after=None
[2025-08-31T18:51:22.043+0000] {processor.py:208} INFO - Processing /home/krishnaformeera/Sumitomo/datapipeline/venv/lib/python3.11/site-packages/airflow/example_dags/tutorial_taskflow_api.py took 0.077 seconds
[2025-08-31T18:52:11.443+0000] {processor.py:186} INFO - Started process (PID=8211) to work on /home/krishnaformeera/Sumitomo/datapipeline/venv/lib/python3.11/site-packages/airflow/example_dags/tutorial_taskflow_api.py
[2025-08-31T18:52:11.444+0000] {processor.py:914} INFO - Processing file /home/krishnaformeera/Sumitomo/datapipeline/venv/lib/python3.11/site-packages/airflow/example_dags/tutorial_taskflow_api.py for tasks to queue
[2025-08-31T18:52:11.446+0000] {logging_mixin.py:190} INFO - [2025-08-31T18:52:11.446+0000] {dagbag.py:588} INFO - Filling up the DagBag from /home/krishnaformeera/Sumitomo/datapipeline/venv/lib/python3.11/site-packages/airflow/example_dags/tutorial_taskflow_api.py
[2025-08-31T18:52:11.456+0000] {processor.py:925} INFO - DAG(s) 'tutorial_taskflow_api' retrieved from /home/krishnaformeera/Sumitomo/datapipeline/venv/lib/python3.11/site-packages/airflow/example_dags/tutorial_taskflow_api.py
[2025-08-31T18:52:11.474+0000] {logging_mixin.py:190} INFO - [2025-08-31T18:52:11.473+0000] {dag.py:3239} INFO - Sync 1 DAGs
[2025-08-31T18:52:11.485+0000] {logging_mixin.py:190} INFO - [2025-08-31T18:52:11.485+0000] {dag.py:4180} INFO - Setting next_dagrun for tutorial_taskflow_api to None, run_after=None
[2025-08-31T18:52:11.508+0000] {processor.py:208} INFO - Processing /home/krishnaformeera/Sumitomo/datapipeline/venv/lib/python3.11/site-packages/airflow/example_dags/tutorial_taskflow_api.py took 0.072 seconds
[2025-08-31T18:52:59.203+0000] {processor.py:186} INFO - Started process (PID=8270) to work on /home/krishnaformeera/Sumitomo/datapipeline/venv/lib/python3.11/site-packages/airflow/example_dags/tutorial_taskflow_api.py
[2025-08-31T18:52:59.204+0000] {processor.py:914} INFO - Processing file /home/krishnaformeera/Sumitomo/datapipeline/venv/lib/python3.11/site-packages/airflow/example_dags/tutorial_taskflow_api.py for tasks to queue
[2025-08-31T18:52:59.207+0000] {logging_mixin.py:190} INFO - [2025-08-31T18:52:59.206+0000] {dagbag.py:588} INFO - Filling up the DagBag from /home/krishnaformeera/Sumitomo/datapipeline/venv/lib/python3.11/site-packages/airflow/example_dags/tutorial_taskflow_api.py
[2025-08-31T18:52:59.216+0000] {processor.py:925} INFO - DAG(s) 'tutorial_taskflow_api' retrieved from /home/krishnaformeera/Sumitomo/datapipeline/venv/lib/python3.11/site-packages/airflow/example_dags/tutorial_taskflow_api.py
[2025-08-31T18:52:59.234+0000] {logging_mixin.py:190} INFO - [2025-08-31T18:52:59.233+0000] {dag.py:3239} INFO - Sync 1 DAGs
[2025-08-31T18:52:59.246+0000] {logging_mixin.py:190} INFO - [2025-08-31T18:52:59.246+0000] {dag.py:4180} INFO - Setting next_dagrun for tutorial_taskflow_api to None, run_after=None
[2025-08-31T18:52:59.273+0000] {processor.py:208} INFO - Processing /home/krishnaformeera/Sumitomo/datapipeline/venv/lib/python3.11/site-packages/airflow/example_dags/tutorial_taskflow_api.py took 0.077 seconds
[2025-08-31T18:53:48.994+0000] {processor.py:186} INFO - Started process (PID=8464) to work on /home/krishnaformeera/Sumitomo/datapipeline/venv/lib/python3.11/site-packages/airflow/example_dags/tutorial_taskflow_api.py
[2025-08-31T18:53:48.996+0000] {processor.py:914} INFO - Processing file /home/krishnaformeera/Sumitomo/datapipeline/venv/lib/python3.11/site-packages/airflow/example_dags/tutorial_taskflow_api.py for tasks to queue
[2025-08-31T18:53:49.000+0000] {logging_mixin.py:190} INFO - [2025-08-31T18:53:48.999+0000] {dagbag.py:588} INFO - Filling up the DagBag from /home/krishnaformeera/Sumitomo/datapipeline/venv/lib/python3.11/site-packages/airflow/example_dags/tutorial_taskflow_api.py
[2025-08-31T18:53:49.011+0000] {processor.py:925} INFO - DAG(s) 'tutorial_taskflow_api' retrieved from /home/krishnaformeera/Sumitomo/datapipeline/venv/lib/python3.11/site-packages/airflow/example_dags/tutorial_taskflow_api.py
[2025-08-31T18:53:49.027+0000] {logging_mixin.py:190} INFO - [2025-08-31T18:53:49.027+0000] {dag.py:3239} INFO - Sync 1 DAGs
[2025-08-31T18:53:49.040+0000] {logging_mixin.py:190} INFO - [2025-08-31T18:53:49.040+0000] {dag.py:4180} INFO - Setting next_dagrun for tutorial_taskflow_api to None, run_after=None
[2025-08-31T18:53:49.063+0000] {processor.py:208} INFO - Processing /home/krishnaformeera/Sumitomo/datapipeline/venv/lib/python3.11/site-packages/airflow/example_dags/tutorial_taskflow_api.py took 0.078 seconds
[2025-08-31T18:54:36.577+0000] {processor.py:186} INFO - Started process (PID=8514) to work on /home/krishnaformeera/Sumitomo/datapipeline/venv/lib/python3.11/site-packages/airflow/example_dags/tutorial_taskflow_api.py
[2025-08-31T18:54:36.578+0000] {processor.py:914} INFO - Processing file /home/krishnaformeera/Sumitomo/datapipeline/venv/lib/python3.11/site-packages/airflow/example_dags/tutorial_taskflow_api.py for tasks to queue
[2025-08-31T18:54:36.581+0000] {logging_mixin.py:190} INFO - [2025-08-31T18:54:36.580+0000] {dagbag.py:588} INFO - Filling up the DagBag from /home/krishnaformeera/Sumitomo/datapipeline/venv/lib/python3.11/site-packages/airflow/example_dags/tutorial_taskflow_api.py
[2025-08-31T18:54:36.592+0000] {processor.py:925} INFO - DAG(s) 'tutorial_taskflow_api' retrieved from /home/krishnaformeera/Sumitomo/datapipeline/venv/lib/python3.11/site-packages/airflow/example_dags/tutorial_taskflow_api.py
[2025-08-31T18:54:36.610+0000] {logging_mixin.py:190} INFO - [2025-08-31T18:54:36.609+0000] {dag.py:3239} INFO - Sync 1 DAGs
[2025-08-31T18:54:36.624+0000] {logging_mixin.py:190} INFO - [2025-08-31T18:54:36.624+0000] {dag.py:4180} INFO - Setting next_dagrun for tutorial_taskflow_api to None, run_after=None
[2025-08-31T18:54:36.649+0000] {processor.py:208} INFO - Processing /home/krishnaformeera/Sumitomo/datapipeline/venv/lib/python3.11/site-packages/airflow/example_dags/tutorial_taskflow_api.py took 0.081 seconds
[2025-08-31T18:55:30.314+0000] {processor.py:186} INFO - Started process (PID=8594) to work on /home/krishnaformeera/Sumitomo/datapipeline/venv/lib/python3.11/site-packages/airflow/example_dags/tutorial_taskflow_api.py
[2025-08-31T18:55:30.316+0000] {processor.py:914} INFO - Processing file /home/krishnaformeera/Sumitomo/datapipeline/venv/lib/python3.11/site-packages/airflow/example_dags/tutorial_taskflow_api.py for tasks to queue
[2025-08-31T18:55:30.318+0000] {logging_mixin.py:190} INFO - [2025-08-31T18:55:30.317+0000] {dagbag.py:588} INFO - Filling up the DagBag from /home/krishnaformeera/Sumitomo/datapipeline/venv/lib/python3.11/site-packages/airflow/example_dags/tutorial_taskflow_api.py
[2025-08-31T18:55:30.327+0000] {processor.py:925} INFO - DAG(s) 'tutorial_taskflow_api' retrieved from /home/krishnaformeera/Sumitomo/datapipeline/venv/lib/python3.11/site-packages/airflow/example_dags/tutorial_taskflow_api.py
[2025-08-31T18:55:30.343+0000] {logging_mixin.py:190} INFO - [2025-08-31T18:55:30.342+0000] {dag.py:3239} INFO - Sync 1 DAGs
[2025-08-31T18:55:30.354+0000] {logging_mixin.py:190} INFO - [2025-08-31T18:55:30.354+0000] {dag.py:4180} INFO - Setting next_dagrun for tutorial_taskflow_api to None, run_after=None
[2025-08-31T18:55:30.378+0000] {processor.py:208} INFO - Processing /home/krishnaformeera/Sumitomo/datapipeline/venv/lib/python3.11/site-packages/airflow/example_dags/tutorial_taskflow_api.py took 0.069 seconds
[2025-08-31T18:56:24.693+0000] {processor.py:186} INFO - Started process (PID=8663) to work on /home/krishnaformeera/Sumitomo/datapipeline/venv/lib/python3.11/site-packages/airflow/example_dags/tutorial_taskflow_api.py
[2025-08-31T18:56:24.694+0000] {processor.py:914} INFO - Processing file /home/krishnaformeera/Sumitomo/datapipeline/venv/lib/python3.11/site-packages/airflow/example_dags/tutorial_taskflow_api.py for tasks to queue
[2025-08-31T18:56:24.696+0000] {logging_mixin.py:190} INFO - [2025-08-31T18:56:24.696+0000] {dagbag.py:588} INFO - Filling up the DagBag from /home/krishnaformeera/Sumitomo/datapipeline/venv/lib/python3.11/site-packages/airflow/example_dags/tutorial_taskflow_api.py
[2025-08-31T18:56:24.705+0000] {processor.py:925} INFO - DAG(s) 'tutorial_taskflow_api' retrieved from /home/krishnaformeera/Sumitomo/datapipeline/venv/lib/python3.11/site-packages/airflow/example_dags/tutorial_taskflow_api.py
[2025-08-31T18:56:24.720+0000] {logging_mixin.py:190} INFO - [2025-08-31T18:56:24.720+0000] {dag.py:3239} INFO - Sync 1 DAGs
[2025-08-31T18:56:24.733+0000] {logging_mixin.py:190} INFO - [2025-08-31T18:56:24.733+0000] {dag.py:4180} INFO - Setting next_dagrun for tutorial_taskflow_api to None, run_after=None
[2025-08-31T18:56:24.755+0000] {processor.py:208} INFO - Processing /home/krishnaformeera/Sumitomo/datapipeline/venv/lib/python3.11/site-packages/airflow/example_dags/tutorial_taskflow_api.py took 0.068 seconds
[2025-08-31T18:57:17.333+0000] {processor.py:186} INFO - Started process (PID=8716) to work on /home/krishnaformeera/Sumitomo/datapipeline/venv/lib/python3.11/site-packages/airflow/example_dags/tutorial_taskflow_api.py
[2025-08-31T18:57:17.334+0000] {processor.py:914} INFO - Processing file /home/krishnaformeera/Sumitomo/datapipeline/venv/lib/python3.11/site-packages/airflow/example_dags/tutorial_taskflow_api.py for tasks to queue
[2025-08-31T18:57:17.336+0000] {logging_mixin.py:190} INFO - [2025-08-31T18:57:17.335+0000] {dagbag.py:588} INFO - Filling up the DagBag from /home/krishnaformeera/Sumitomo/datapipeline/venv/lib/python3.11/site-packages/airflow/example_dags/tutorial_taskflow_api.py
[2025-08-31T18:57:17.344+0000] {processor.py:925} INFO - DAG(s) 'tutorial_taskflow_api' retrieved from /home/krishnaformeera/Sumitomo/datapipeline/venv/lib/python3.11/site-packages/airflow/example_dags/tutorial_taskflow_api.py
[2025-08-31T18:57:17.359+0000] {logging_mixin.py:190} INFO - [2025-08-31T18:57:17.359+0000] {dag.py:3239} INFO - Sync 1 DAGs
[2025-08-31T18:57:17.371+0000] {logging_mixin.py:190} INFO - [2025-08-31T18:57:17.371+0000] {dag.py:4180} INFO - Setting next_dagrun for tutorial_taskflow_api to None, run_after=None
[2025-08-31T18:57:17.392+0000] {processor.py:208} INFO - Processing /home/krishnaformeera/Sumitomo/datapipeline/venv/lib/python3.11/site-packages/airflow/example_dags/tutorial_taskflow_api.py took 0.066 seconds
[2025-08-31T18:58:09.776+0000] {processor.py:186} INFO - Started process (PID=8770) to work on /home/krishnaformeera/Sumitomo/datapipeline/venv/lib/python3.11/site-packages/airflow/example_dags/tutorial_taskflow_api.py
[2025-08-31T18:58:09.777+0000] {processor.py:914} INFO - Processing file /home/krishnaformeera/Sumitomo/datapipeline/venv/lib/python3.11/site-packages/airflow/example_dags/tutorial_taskflow_api.py for tasks to queue
[2025-08-31T18:58:09.779+0000] {logging_mixin.py:190} INFO - [2025-08-31T18:58:09.779+0000] {dagbag.py:588} INFO - Filling up the DagBag from /home/krishnaformeera/Sumitomo/datapipeline/venv/lib/python3.11/site-packages/airflow/example_dags/tutorial_taskflow_api.py
[2025-08-31T18:58:09.790+0000] {processor.py:925} INFO - DAG(s) 'tutorial_taskflow_api' retrieved from /home/krishnaformeera/Sumitomo/datapipeline/venv/lib/python3.11/site-packages/airflow/example_dags/tutorial_taskflow_api.py
[2025-08-31T18:58:09.808+0000] {logging_mixin.py:190} INFO - [2025-08-31T18:58:09.808+0000] {dag.py:3239} INFO - Sync 1 DAGs
[2025-08-31T18:58:09.822+0000] {logging_mixin.py:190} INFO - [2025-08-31T18:58:09.822+0000] {dag.py:4180} INFO - Setting next_dagrun for tutorial_taskflow_api to None, run_after=None
[2025-08-31T18:58:09.847+0000] {processor.py:208} INFO - Processing /home/krishnaformeera/Sumitomo/datapipeline/venv/lib/python3.11/site-packages/airflow/example_dags/tutorial_taskflow_api.py took 0.079 seconds
[2025-08-31T18:59:02.309+0000] {processor.py:186} INFO - Started process (PID=8823) to work on /home/krishnaformeera/Sumitomo/datapipeline/venv/lib/python3.11/site-packages/airflow/example_dags/tutorial_taskflow_api.py
[2025-08-31T18:59:02.310+0000] {processor.py:914} INFO - Processing file /home/krishnaformeera/Sumitomo/datapipeline/venv/lib/python3.11/site-packages/airflow/example_dags/tutorial_taskflow_api.py for tasks to queue
[2025-08-31T18:59:02.313+0000] {logging_mixin.py:190} INFO - [2025-08-31T18:59:02.312+0000] {dagbag.py:588} INFO - Filling up the DagBag from /home/krishnaformeera/Sumitomo/datapipeline/venv/lib/python3.11/site-packages/airflow/example_dags/tutorial_taskflow_api.py
[2025-08-31T18:59:02.323+0000] {processor.py:925} INFO - DAG(s) 'tutorial_taskflow_api' retrieved from /home/krishnaformeera/Sumitomo/datapipeline/venv/lib/python3.11/site-packages/airflow/example_dags/tutorial_taskflow_api.py
[2025-08-31T18:59:02.340+0000] {logging_mixin.py:190} INFO - [2025-08-31T18:59:02.340+0000] {dag.py:3239} INFO - Sync 1 DAGs
[2025-08-31T18:59:02.353+0000] {logging_mixin.py:190} INFO - [2025-08-31T18:59:02.353+0000] {dag.py:4180} INFO - Setting next_dagrun for tutorial_taskflow_api to None, run_after=None
[2025-08-31T18:59:02.377+0000] {processor.py:208} INFO - Processing /home/krishnaformeera/Sumitomo/datapipeline/venv/lib/python3.11/site-packages/airflow/example_dags/tutorial_taskflow_api.py took 0.076 seconds
